
<<< setup


<<< generate

Tried aggregator 2 times.
MIP Presolve eliminated 148130 rows and 142193 columns.
MIP Presolve modified 660 coefficients.
Aggregator did 7904 substitutions.
Reduced MIP has 1970 rows, 5904 columns, and 11152 nonzeros.
Reduced MIP has 2462 binaries, 2130 generals, 0 SOSs, and 0 indicators.
Presolve time = 1,27 sec. (2960,25 ticks)
Found incumbent of value 0,000000 after 1,35 sec. (2973,26 ticks)
Probing time = 0,01 sec. (2,64 ticks)
Tried aggregator 1 time.
Reduced MIP has 1970 rows, 5904 columns, and 11152 nonzeros.
Reduced MIP has 2462 binaries, 2130 generals, 0 SOSs, and 0 indicators.
Presolve time = 0,02 sec. (8,15 ticks)
Probing time = 0,06 sec. (2,62 ticks)
Clique table members: 301.
MIP emphasis: balance optimality and feasibility.
MIP search method: dynamic search.
Parallel mode: deterministic, using up to 8 threads.
Root relaxation solution time = 0,04 sec. (54,22 ticks)

        Nodes                                         Cuts/
   Node  Left     Objective  IInf  Best Integer    Best Bound    ItCnt     Gap

*     0+    0                            0,0000    19792,1000              --- 
*     0+    0                          324,9000    19792,1000              --- 
*     0     0      integral     0     3378,8000     3378,8000     1255    0,00%
Elapsed time = 1,51 sec. (3055,95 ticks, tree = 0,00 MB, solutions = 3)

Root node processing (before b&c):
  Real time             =    1,54 sec. (3061,92 ticks)
Parallel b&c, 8 threads:
  Real time             =    0,00 sec. (0,00 ticks)
  Sync time (average)   =    0,00 sec.
  Wait time (average)   =    0,00 sec.
                          ------------
Total (root+branch&cut) =    1,54 sec. (3061,92 ticks)

<<< solve


OBJECTIVE: 3378.8

<<< post process


<<< done

