
<<< setup


<<< generate

Found incumbent of value 0.000000 after 0.02 sec. (6.84 ticks)
Tried aggregator 4 times.
MIP Presolve eliminated 169122 rows and 139863 columns.
MIP Presolve modified 215 coefficients.
Aggregator did 31016 substitutions.
Reduced MIP has 4798 rows, 14162 columns, and 40368 nonzeros.
Reduced MIP has 3663 binaries, 877 generals, 0 SOSs, and 0 indicators.
Presolve time = 1.17 sec. (618.83 ticks)
Probing time = 0.18 sec. (13.49 ticks)
Tried aggregator 1 time.
Reduced MIP has 4798 rows, 14162 columns, and 40368 nonzeros.
Reduced MIP has 3663 binaries, 877 generals, 0 SOSs, and 0 indicators.
Presolve time = 0.06 sec. (22.37 ticks)
Probing time = 0.07 sec. (12.82 ticks)
Clique table members: 338.
MIP emphasis: balance optimality and feasibility.
MIP search method: dynamic search.
Parallel mode: deterministic, using up to 8 threads.
Root relaxation solution time = 0.08 sec. (48.33 ticks)

        Nodes                                         Cuts/
   Node  Left     Objective  IInf  Best Integer    Best Bound    ItCnt     Gap

*     0+    0                            0.0000     4843.8744              --- 
      0     0     1194.0000   420        0.0000     1194.0000     2280     --- 
*     0+    0                         1194.0000     1194.0000             0.00%
*     0     0      integral     0     1194.0000     1194.0000     2280    0.00%
Elapsed time = 2.32 sec. (1065.23 ticks, tree = 0.00 MB, solutions = 2)

Root node processing (before b&c):
  Real time             =    2.34 sec. (1073.04 ticks)
Parallel b&c, 8 threads:
  Real time             =    0.00 sec. (0.00 ticks)
  Sync time (average)   =    0.00 sec.
  Wait time (average)   =    0.00 sec.
                          ------------
Total (root+branch&cut) =    2.34 sec. (1073.04 ticks)

<<< solve


OBJECTIVE: 1194
avg_utility = 1

<<< post process


<<< done

