
<<< setup


<<< generate

Found incumbent of value 0,000000 after 0,00 sec. (0,64 ticks)
Tried aggregator 2 times.
MIP Presolve eliminated 20226 rows and 9489 columns.
MIP Presolve modified 1635 coefficients.
Aggregator did 1816 substitutions.
Reduced MIP has 2042 rows, 3264 columns, and 6528 nonzeros.
Reduced MIP has 1167 binaries, 465 generals, 0 SOSs, and 0 indicators.
Presolve time = 0,02 sec. (24,74 ticks)
Probing time = 0,00 sec. (0,70 ticks)
Tried aggregator 1 time.
Reduced MIP has 2042 rows, 3264 columns, and 6528 nonzeros.
Reduced MIP has 1167 binaries, 465 generals, 0 SOSs, and 0 indicators.
Presolve time = 0,00 sec. (4,90 ticks)
Probing time = 0,00 sec. (0,70 ticks)
Clique table members: 253.
MIP emphasis: balance optimality and feasibility.
MIP search method: dynamic search.
Parallel mode: deterministic, using up to 8 threads.
Root relaxation solution time = 0,02 sec. (19,23 ticks)

        Nodes                                         Cuts/
   Node  Left     Objective  IInf  Best Integer    Best Bound    ItCnt     Gap

*     0+    0                            0,0000     1567,2000              --- 
      0     0      704,6250     4        0,0000      704,6250     1813     --- 
      0     0      703,8750     4        0,0000       Cuts: 4     1816     --- 
      0     0      703,1250     2        0,0000      Fract: 2     1817     --- 
*     0+    0                          702,8000      703,1250             0,05%

Gomory fractional cuts applied:  4

Root node processing (before b&c):
  Real time             =    0,15 sec. (171,50 ticks)
Parallel b&c, 8 threads:
  Real time             =    0,00 sec. (0,00 ticks)
  Sync time (average)   =    0,00 sec.
  Wait time (average)   =    0,00 sec.
                          ------------
Total (root+branch&cut) =    0,15 sec. (171,50 ticks)

<<< solve


OBJECTIVE: 702.8
avg_utility = 0.538132

<<< post process


<<< done

