
<<< setup


<<< generate

Found incumbent of value 0,000000 after 0,05 sec. (17,09 ticks)
Tried aggregator 4 times.
MIP Presolve eliminated 179600 rows and 393951 columns.
MIP Presolve modified 5063 coefficients.
Aggregator did 109549 substitutions.
Reduced MIP has 13540 rows, 31701 columns, and 101334 nonzeros.
Reduced MIP has 2756 binaries, 0 generals, 0 SOSs, and 0 indicators.
Presolve time = 9,30 sec. (3654,05 ticks)
Probing time = 0,02 sec. (1,30 ticks)
Tried aggregator 1 time.
Reduced MIP has 13540 rows, 31701 columns, and 101334 nonzeros.
Reduced MIP has 2756 binaries, 0 generals, 0 SOSs, and 0 indicators.
Presolve time = 0,11 sec. (47,43 ticks)
Probing time = 0,02 sec. (1,36 ticks)
MIP emphasis: balance optimality and feasibility.
MIP search method: dynamic search.
Parallel mode: deterministic, using up to 8 threads.
Root relaxation solution time = 1,11 sec. (494,44 ticks)

        Nodes                                         Cuts/
   Node  Left     Objective  IInf  Best Integer    Best Bound    ItCnt     Gap

*     0+    0                         1514,0000    28011,7128              --- 
*     0+    0                         5540,2538    28011,7128           405,60%
      0     0     6212,7199    24     5540,2538     6212,7199       25   12,14%
*     0+    0                         6212,1427     6212,7199             0,01%
*     0+    0                         6212,7199     6212,7199             0,00%
      0     0        cutoff           6212,7199     6212,7199       25    0,00%
Elapsed time = 11,16 sec. (4498,24 ticks, tree = 0,00 MB, solutions = 4)

Root node processing (before b&c):
  Real time             =   11,23 sec. (4528,21 ticks)
Parallel b&c, 8 threads:
  Real time             =    0,00 sec. (0,00 ticks)
  Sync time (average)   =    0,00 sec.
  Wait time (average)   =    0,00 sec.
                          ------------
Total (root+branch&cut) =   11,23 sec. (4528,21 ticks)

<<< solve


OBJECTIVE: 6212.72
avg_utility = 0.788616

<<< post process


<<< done

