
<<< setup


<<< generate

Found incumbent of value 0,000000 after 0,05 sec. (56,23 ticks)
Tried aggregator 2 times.
MIP Presolve eliminated 2395911 rows and 1223224 columns.
MIP Presolve modified 8212 coefficients.
Aggregator did 8197 substitutions.
Reduced MIP has 21863 rows, 34148 columns, and 88786 nonzeros.
Reduced MIP has 6830 binaries, 0 generals, 0 SOSs, and 0 indicators.
Presolve time = 0,97 sec. (1625,30 ticks)
Probing time = 0,01 sec. (1,84 ticks)
Tried aggregator 1 time.
Reduced MIP has 21863 rows, 34148 columns, and 88786 nonzeros.
Reduced MIP has 6830 binaries, 0 generals, 0 SOSs, and 0 indicators.
Presolve time = 0,06 sec. (78,41 ticks)
Probing time = 0,01 sec. (1,83 ticks)
MIP emphasis: balance optimality and feasibility.
MIP search method: dynamic search.
Parallel mode: deterministic, using up to 8 threads.
Root relaxation solution time = 0,12 sec. (178,10 ticks)

        Nodes                                         Cuts/
   Node  Left     Objective  IInf  Best Integer    Best Bound    ItCnt     Gap

*     0+    0                            0,0000    10510,1693              --- 
*     0+    0                         1503,2753    10510,1693           599,15%
      0     0     2450,0000   962     1503,2753     2450,0000     2732   62,98%
      0     0     2427,2257   415     1503,2753    Cuts: 2124     5041   61,46%
      0     0     2405,7797   411     1503,2753    Cuts: 1029     6418   60,04%
      0     0     2405,7797   410     1503,2753     Cuts: 822     7267   60,04%
*     0+    0                         1814,9531     2405,7797            32,55%
*     0+    0                         2184,3823     2405,7797            10,14%
      0     0     2405,7797   411     2184,3823     Cuts: 592     8235   10,14%
*     0+    0                         2327,4588     2405,7797             3,37%
*     0+    0                         2379,2652     2405,7797             1,11%
*     0     0      integral     0     2379,2652     2379,2652     8235    0,00%
Elapsed time = 6,80 sec. (7774,74 ticks, tree = 0,00 MB, solutions = 6)

Implied bound cuts applied:  1
Flow cuts applied:  3350
Mixed integer rounding cuts applied:  816
Gomory fractional cuts applied:  400

Root node processing (before b&c):
  Real time             =    6,89 sec. (7854,75 ticks)
Parallel b&c, 8 threads:
  Real time             =    0,00 sec. (0,00 ticks)
  Sync time (average)   =    0,00 sec.
  Wait time (average)   =    0,00 sec.
                          ------------
Total (root+branch&cut) =    6,89 sec. (7854,75 ticks)

<<< solve


OBJECTIVE: 2379.265
avg_utility = 0.971129

<<< post process


<<< done

