
<<< setup


<<< generate

Found incumbent of value 0,000000 after 0,00 sec. (0,71 ticks)
Tried aggregator 2 times.
MIP Presolve eliminated 20508 rows and 10523 columns.
MIP Presolve modified 2011 coefficients.
Aggregator did 2004 substitutions.
Reduced MIP has 2512 rows, 4016 columns, and 8032 nonzeros.
Reduced MIP has 1330 binaries, 678 generals, 0 SOSs, and 0 indicators.
Presolve time = 0,02 sec. (26,52 ticks)
Probing time = 0,00 sec. (0,79 ticks)
Tried aggregator 1 time.
Reduced MIP has 2512 rows, 4016 columns, and 8032 nonzeros.
Reduced MIP has 1330 binaries, 678 generals, 0 SOSs, and 0 indicators.
Presolve time = 0,01 sec. (5,08 ticks)
Probing time = 0,00 sec. (0,79 ticks)
Clique table members: 276.
MIP emphasis: balance optimality and feasibility.
MIP search method: dynamic search.
Parallel mode: deterministic, using up to 8 threads.
Root relaxation solution time = 0,02 sec. (29,53 ticks)

        Nodes                                         Cuts/
   Node  Left     Objective  IInf  Best Integer    Best Bound    ItCnt     Gap

*     0+    0                            0,0000     2352,0000              --- 
      0     0     1012,3250     6        0,0000     1012,3250     2385     --- 
      0     0     1011,2526     6        0,0000       Cuts: 4     2388     --- 
      0     0     1010,6250     4        0,0000       Cuts: 2     2391     --- 
*     0+    0                         1010,4000     1010,6250             0,02%

Mixed integer rounding cuts applied:  1
Lift and project cuts applied:  1
Gomory fractional cuts applied:  2

Root node processing (before b&c):
  Real time             =    0,19 sec. (236,01 ticks)
Parallel b&c, 8 threads:
  Real time             =    0,00 sec. (0,00 ticks)
  Sync time (average)   =    0,00 sec.
  Wait time (average)   =    0,00 sec.
                          ------------
Total (root+branch&cut) =    0,19 sec. (236,01 ticks)

<<< solve


OBJECTIVE: 1010.4
avg_utility = 0.51551

<<< post process


<<< done

