
<<< setup


<<< generate

Found incumbent of value 0,000000 after 0,01 sec. (16,90 ticks)
Tried aggregator 4 times.
MIP Presolve eliminated 179316 rows and 389565 columns.
MIP Presolve modified 4928 coefficients.
Aggregator did 108679 substitutions.
Reduced MIP has 12885 rows, 30477 columns, and 94540 nonzeros.
Reduced MIP has 2820 binaries, 0 generals, 0 SOSs, and 0 indicators.
Presolve time = 3,53 sec. (3258,87 ticks)
Probing time = 0,01 sec. (1,40 ticks)
Tried aggregator 1 time.
Reduced MIP has 12885 rows, 30477 columns, and 94540 nonzeros.
Reduced MIP has 2820 binaries, 0 generals, 0 SOSs, and 0 indicators.
Presolve time = 0,05 sec. (45,04 ticks)
Probing time = 0,01 sec. (1,40 ticks)
MIP emphasis: balance optimality and feasibility.
MIP search method: dynamic search.
Parallel mode: deterministic, using up to 8 threads.
Root relaxation solution time = 0,44 sec. (336,28 ticks)

        Nodes                                         Cuts/
   Node  Left     Objective  IInf  Best Integer    Best Bound    ItCnt     Gap

*     0+    0                         1581,0000    26787,0806              --- 
      0     0     6213,4068   130     1581,0000     6213,4068     2861  293,00%
*     0+    0                         6209,4482     6213,4068             0,06%

Root node processing (before b&c):
  Real time             =    4,37 sec. (3995,12 ticks)
Parallel b&c, 8 threads:
  Real time             =    0,00 sec. (0,00 ticks)
  Sync time (average)   =    0,00 sec.
  Wait time (average)   =    0,00 sec.
                          ------------
Total (root+branch&cut) =    4,37 sec. (3995,12 ticks)

<<< solve


OBJECTIVE: 6209.448
avg_utility = 0.790912

<<< post process


<<< done

