
<<< setup


<<< generate

Tried aggregator 2 times.
MIP Presolve eliminated 137004 rows and 129983 columns.
MIP Presolve modified 2512 coefficients.
Aggregator did 15510 substitutions.
Reduced MIP has 5524 rows, 10542 columns, and 20582 nonzeros.
Reduced MIP has 4166 binaries, 1356 generals, 0 SOSs, and 0 indicators.
Presolve time = 2,03 sec. (2992,87 ticks)
Found incumbent of value 0,000000 after 2,17 sec. (3010,14 ticks)
Probing time = 0,13 sec. (1,06 ticks)
Tried aggregator 1 time.
Reduced MIP has 5524 rows, 10542 columns, and 20582 nonzeros.
Reduced MIP has 4166 binaries, 1356 generals, 0 SOSs, and 0 indicators.
Presolve time = 0,02 sec. (13,22 ticks)
Probing time = 0,41 sec. (1,06 ticks)
Clique table members: 276.
MIP emphasis: balance optimality and feasibility.
MIP search method: dynamic search.
Parallel mode: deterministic, using up to 8 threads.
Root relaxation solution time = 0,05 sec. (19,75 ticks)

        Nodes                                         Cuts/
   Node  Left     Objective  IInf  Best Integer    Best Bound    ItCnt     Gap

*     0+    0                            0,0000     7025,2888              --- 
*     0     0      integral     0     1313,2068     1313,2068      544    0,00%
Elapsed time = 2,84 sec. (3063,78 ticks, tree = 0,00 MB, solutions = 2)

Root node processing (before b&c):
  Real time             =    2,88 sec. (3069,07 ticks)
Parallel b&c, 8 threads:
  Real time             =    0,00 sec. (0,00 ticks)
  Sync time (average)   =    0,00 sec.
  Wait time (average)   =    0,00 sec.
                          ------------
Total (root+branch&cut) =    2,88 sec. (3069,07 ticks)

<<< solve


OBJECTIVE: 1313.207

<<< post process


<<< done

