
<<< setup


<<< generate

Found incumbent of value 0.000000 after 0.02 sec. (7.25 ticks)
Tried aggregator 4 times.
MIP Presolve eliminated 363077 rows and 134049 columns.
Aggregator did 4829 substitutions.
Reduced MIP has 440 rows, 2195 columns, and 4390 nonzeros.
Reduced MIP has 0 binaries, 0 generals, 0 SOSs, and 0 indicators.
Presolve time = 0.51 sec. (317.53 ticks)
Tried aggregator 1 time.
MIP Presolve eliminated 423 rows and 2115 columns.
Reduced MIP has 17 rows, 80 columns, and 160 nonzeros.
Reduced MIP has 0 binaries, 0 generals, 0 SOSs, and 0 indicators.
Presolve time = 0.02 sec. (6.38 ticks)
Tried aggregator 1 time.
Reduced MIP has 17 rows, 80 columns, and 160 nonzeros.
Reduced MIP has 0 binaries, 0 generals, 0 SOSs, and 0 indicators.
Presolve time = 0.01 sec. (4.13 ticks)
MIP emphasis: balance optimality and feasibility.
MIP search method: dynamic search.
Parallel mode: deterministic, using up to 8 threads.
Root relaxation solution time = 0.00 sec. (0.07 ticks)

        Nodes                                         Cuts/
   Node  Left     Objective  IInf  Best Integer    Best Bound    ItCnt     Gap

*     0+    0                            0.0000     3115.8721              --- 
*     0     0      integral     0      623.2553      623.2553       30    0.00%
Elapsed time = 0.58 sec. (344.02 ticks, tree = 0.00 MB, solutions = 2)

Root node processing (before b&c):
  Real time             =    0.59 sec. (349.20 ticks)
Parallel b&c, 8 threads:
  Real time             =    0.00 sec. (0.00 ticks)
  Sync time (average)   =    0.00 sec.
  Wait time (average)   =    0.00 sec.
                          ------------
Total (root+branch&cut) =    0.59 sec. (349.20 ticks)

<<< solve


OBJECTIVE: 623.2553
avg_utility = 0.763793

<<< post process


<<< done

