
<<< setup


<<< generate

Tried aggregator 2 times.
MIP Presolve eliminated 154649 rows and 151107 columns.
MIP Presolve modified 1 coefficients.
Aggregator did 3080 substitutions.
Reduced MIP has 309 rows, 1848 columns, and 3388 nonzeros.
Reduced MIP has 1278 binaries, 570 generals, 0 SOSs, and 0 indicators.
Presolve time = 1,79 sec. (2947,27 ticks)
Found incumbent of value 0,000000 after 1,88 sec. (2958,49 ticks)
Probing time = 0,00 sec. (0,74 ticks)
Tried aggregator 1 time.
Reduced MIP has 309 rows, 1848 columns, and 3388 nonzeros.
Reduced MIP has 1278 binaries, 570 generals, 0 SOSs, and 0 indicators.
Presolve time = 0,01 sec. (3,09 ticks)
Probing time = 0,00 sec. (0,74 ticks)
Clique table members: 213.
MIP emphasis: balance optimality and feasibility.
MIP search method: dynamic search.
Parallel mode: deterministic, using up to 8 threads.
Root relaxation solution time = 0,07 sec. (3,57 ticks)

        Nodes                                         Cuts/
   Node  Left     Objective  IInf  Best Integer    Best Bound    ItCnt     Gap

*     0+    0                            0,0000     2451,0000              --- 
*     0+    0                          211,6000     2451,0000              --- 
      0     0      285,8500     2      211,6000      285,8500      322   35,09%
*     0+    0                          285,8000      285,8500             0,02%
*     0     0      integral     0      285,8000      285,8000      322    0,00%
Elapsed time = 2,25 sec. (2982,08 ticks, tree = 0,00 MB, solutions = 3)

Root node processing (before b&c):
  Real time             =    2,27 sec. (2988,01 ticks)
Parallel b&c, 8 threads:
  Real time             =    0,00 sec. (0,00 ticks)
  Sync time (average)   =    0,00 sec.
  Wait time (average)   =    0,00 sec.
                          ------------
Total (root+branch&cut) =    2,27 sec. (2988,01 ticks)

<<< solve


OBJECTIVE: 285.8

<<< post process


<<< done

