
<<< setup


<<< generate

Found incumbent of value 0,000000 after 0,02 sec. (18,91 ticks)
Tried aggregator 8 times.
MIP Presolve eliminated 340538 rows and 313960 columns.
MIP Presolve modified 34436 coefficients.
Aggregator did 100143 substitutions.
Reduced MIP has 61204 rows, 118218 columns, and 365232 nonzeros.
Reduced MIP has 2845 binaries, 0 generals, 0 SOSs, and 0 indicators.
Presolve time = 9,02 sec. (9328,25 ticks)
Probing time = 0,02 sec. (4,85 ticks)
Tried aggregator 1 time.
Reduced MIP has 61204 rows, 118218 columns, and 365232 nonzeros.
Reduced MIP has 2845 binaries, 0 generals, 0 SOSs, and 0 indicators.
Presolve time = 0,26 sec. (201,14 ticks)
Probing time = 0,03 sec. (5,03 ticks)
MIP emphasis: balance optimality and feasibility.
MIP search method: dynamic search.
Parallel mode: deterministic, using up to 8 threads.
Root relaxation solution time = 0,47 sec. (285,66 ticks)

        Nodes                                         Cuts/
   Node  Left     Objective  IInf  Best Integer    Best Bound    ItCnt     Gap

*     0+    0                            0,0000    32155,3632              --- 
      0     0     7863,0000  1536        0,0000     7863,0000     3623     --- 
      0     0     7735,1844  1080        0,0000    Cuts: 4549    50177     --- 
      0     0     7614,9992  1124        0,0000    Cuts: 6043    82594     --- 
      0     0     7499,5284  1150        0,0000    Cuts: 7067   112756     --- 
*     0+    0                         4221,3718     7499,5284            77,66%
*     0+    0                         5138,1278     7499,5284            45,96%
*     0+    0                         5285,4816     7499,5284            41,89%
*     0+    0                         5317,6615     7499,5284            41,03%
*     0+    0                         5321,6695     7499,5284            40,92%
      0     0     7404,9238  1069     5321,6695    Cuts: 7360   140679   39,15%
      0     0     7348,0579   702     5321,6695    Cuts: 7346   169894   38,08%
      0     0     7321,7073   517     5321,6695    Cuts: 4163   188650   37,58%
*     0+    0                         5898,8821     7321,7073            24,12%
*     0+    0                         6032,3184     7321,7073            21,37%
*     0+    0                         6033,0977     7321,7073            21,36%
      0     0     7316,1044   538     6033,0977    Cuts: 2056   201655   21,27%
      0     0     7309,5653   455     6033,0977    Cuts: 2078   213460   21,16%
      0     0     7306,6747   473     6033,0977    Cuts: 1358   227525   21,11%
*     0+    0                         6890,7442     7306,6747             6,04%
      0     0     7303,3589   453     6890,7442    Cuts: 1818   249990    5,99%
      0     0     7298,8452   424     6890,7442    Cuts: 1747   267353    5,92%
      0     0     7294,5138   416     6890,7442    Cuts: 1636   287474    5,86%
*     0+    0                         7018,8687     7294,5138             3,93%
*     0+    0                         7046,0898     7294,5138             3,53%
*     0+    0                         7059,5404     7294,5138             3,33%
*     0+    0                         7060,6749     7294,5138             3,31%
      0     0     7292,6398   442     7060,6749    Cuts: 1217   301571    3,29%
      0     0     7288,3201   366     7060,6749     Cuts: 915   318535    3,22%
      0     0     7284,9974   316     7060,6749     Cuts: 646   329782    3,18%
*     0+    0                         7067,2469     7284,9974             3,08%
*     0+    0                         7073,7598     7284,9974             2,99%
*     0+    0                         7074,3104     7284,9974             2,98%
*     0+    0                         7074,7365     7284,9974             2,97%
*     0+    0                         7090,4252     7284,9974             2,74%
      0     0     7283,3764   283     7090,4252     Cuts: 860   355806    2,72%
      0     0     7282,7437   283     7090,4252     Cuts: 405   358126    2,71%
      0     0     7282,2922   262     7090,4252     Cuts: 288   367806    2,71%
*     0+    0                         7090,7041     7282,2922             2,70%
      0     0     7281,9393   268     7090,7041     Cuts: 247   375992    2,70%
      0     2     7281,9393   268     7090,7041     7281,9393   375992    2,70%
Elapsed time = 822,49 sec. (600095,13 ticks, tree = 0,00 MB, solutions = 20)
      1     3     7254,3055   255     7090,7041     7281,9393   391206    2,70%
      2     4     7281,4160   265     7090,7041     7281,9393   398903    2,70%
      3     5     7278,7401   253     7090,7041     7281,3744   406209    2,69%
      4     6     7247,1041   254     7090,7041     7281,3744   418909    2,69%
      7     9     7246,0747   252     7090,7041     7281,3744   457903    2,69%
      9    11     7277,2355   245     7090,7041     7277,2529   466668    2,63%
     10    12     7243,3473   249     7090,7041     7277,2529   477564    2,63%
*    12+   12                         7092,8882     7277,2529             2,60%
     12    14     7246,2854   253     7092,8882     7277,2529   492085    2,60%
     14    16     7245,2560   250     7092,8882     7277,2529   508983    2,60%
     15    17     7224,1115   260     7092,8882     7277,2529   516359    2,60%
Elapsed time = 1129,73 sec. (788570,94 ticks, tree = 0,00 MB, solutions = 20)
     16    18     7219,8935   268     7092,8882     7277,2529   522820    2,60%
     17    19     7274,2933   243     7092,8882     7276,9395   535734    2,59%
     22    24     7239,1279   256     7092,8882     7276,9395   564641    2,59%
     23    25     7226,0182   260     7092,8882     7276,9395   599160    2,59%
     32    34     7242,3577   233     7092,8882     7276,9395   716065    2,59%
     36    38     7271,3867   237     7092,8882     7276,9185   748674    2,59%
     37    39     7238,0301   242     7092,8882     7276,9185   757766    2,59%
     38    40     7235,0657   237     7092,8882     7276,9185   773126    2,59%
     44    46     7262,9340   242     7092,8882     7276,9185   813226    2,59%
     57    59     7221,2289   257     7092,8882     7276,9185   933155    2,59%
Elapsed time = 1710,17 sec. (902926,70 ticks, tree = 0,00 MB, solutions = 21)
     59    61     7232,5547   245     7092,8882     7276,9185   950876    2,59%
     63    65     7190,4466   262     7092,8882     7276,9185   981595    2,59%
     67    69     7269,3565   238     7092,8882     7276,9185  1012789    2,59%
     68    70     7231,3329   249     7092,8882     7276,9185  1022583    2,59%
     78    80     7227,7892   251     7092,8882     7276,9185  1110016    2,59%
     82    84     7185,5587   288     7092,8882     7276,9185  1131242    2,59%
     84    86     7227,1959   252     7092,8882     7276,9185  1141404    2,59%
     90    92     7185,4217   268     7092,8882     7276,9185  1171820    2,59%
     92    94     7229,5012   247     7092,8882     7276,9185  1180390    2,59%
     94    96     7229,4342   246     7092,8882     7276,9185  1212140    2,59%
Elapsed time = 2066,13 sec. (977643,74 ticks, tree = 0,00 MB, solutions = 21)
    100   102     7228,8445   247     7092,8882     7276,9185  1269779    2,59%
    108   110     7200,2308   250     7092,8882     7276,9185  1334812    2,59%
    110   112     7225,0602   244     7092,8882     7276,9185  1364513    2,59%
    116   118     7224,4704   245     7092,8882     7276,9185  1419244    2,59%
    118   120     7220,2275   242     7092,8882     7276,9185  1446057    2,59%
    124   126     7219,6377   242     7092,8882     7276,9185  1496778    2,59%
    126   128     7216,2174   248     7092,8882     7276,9185  1530131    2,59%
    132   134     7215,6241   250     7092,8882     7276,9185  1577888    2,59%
    139   141     7226,0893   238     7092,8882     7276,9185  1646988    2,59%
    142   144     7257,4182   227     7092,8882     7276,9185  1668099    2,59%
Elapsed time = 2405,40 sec. (1049136,19 ticks, tree = 0,00 MB, solutions = 21)
    147   149     7259,8754   232     7092,8882     7276,9185  1688312    2,59%
    148   150     7216,9795   249     7092,8882     7276,9185  1696064    2,59%
    149   151     7228,9590   243     7092,8882     7276,9185  1722608    2,59%
    157   159     7221,2566   236     7092,8882     7276,9185  1793205    2,59%
    165   165     7224,4438   241     7092,8882     7276,9185  1861571    2,59%
    173   173     7221,1004   238     7092,8882     7276,9185  1913956    2,59%
    181   181     7196,0171   221     7092,8882     7276,9185  1960748    2,59%
    245   245     7159,7580   246     7092,8882     7276,9185  2410082    2,59%
    252   252     7172,9108   224     7092,8882     7276,9185  2483608    2,59%
    259   259     7239,9723   219     7092,8882     7276,9185  2529650    2,59%
Elapsed time = 3327,68 sec. (1207998,29 ticks, tree = 1,78 MB, solutions = 21)
    260   260     7172,3552   226     7092,8882     7276,9185  2532409    2,59%
    261   261     7192,5250   214     7092,8882     7276,9185  2537271    2,59%
    263   263     7166,9816   301     7092,8882     7276,9185  2548680    2,59%
    264   264     7166,2383   222     7092,8882     7276,9185  2619354    2,59%
    272   272     7172,6627   223     7092,8882     7276,9185  2710167    2,59%
    280   280     7172,1055   224     7092,8882     7276,9185  2751989    2,59%
    288   288     7166,5229   222     7092,8882     7276,9185  2835399    2,59%
    325   325     7155,9187   219     7092,8882     7276,9185  3106567    2,59%
    372   368     7245,8217   228     7092,8882     7276,9185  3249577    2,59%
    383   379     7210,3249   196     7092,8882     7276,9185  3270988    2,59%
Elapsed time = 4489,30 sec. (1382350,31 ticks, tree = 91,34 MB, solutions = 21)
    384   380     7156,6918   219     7092,8882     7276,9185  3305729    2,59%
    392   386        cutoff           7092,8882     7276,9185  3392268    2,59%
    396   390     7171,9171   225     7092,8882     7276,9185  3446126    2,59%
    404   398     7164,0199   220     7092,8882     7276,9185  3518129    2,59%
    412   406     7163,8924   219     7092,8882     7276,9185  3606018    2,59%
    420   412     7163,0148   214     7092,8882     7276,9185  3679127    2,59%
    428   418     7162,6367   221     7092,8882     7276,9185  3763951    2,59%
    436   424        cutoff           7092,8882     7276,9185  3859127    2,59%
    443   431     7153,9571   285     7092,8882     7276,9185  3935184    2,59%
    444   432     7159,6356   216     7092,8882     7276,9185  3967315    2,59%
Elapsed time = 5671,42 sec. (1549868,85 ticks, tree = 91,34 MB, solutions = 21)
    453   441     7236,8871   212     7092,8882     7276,9185  4113870    2,59%
    463   451     7152,6680   281     7092,8882     7276,9185  4255202    2,59%
    487   475     7187,7003   184     7092,8882     7276,9185  4478222    2,59%
    488   476     7141,0532   207     7092,8882     7276,9185  4632413    2,59%
    504   492     7135,4979   198     7092,8882     7276,9185  4948776    2,59%
    512   498     7135,1537   207     7092,8882     7276,9185  5051133    2,59%
    520   506     7130,3042   222     7092,8882     7276,9185  5130377    2,59%
    528   514     7128,8877   196     7092,8882     7276,9185  5274665    2,59%
    536   522     7117,1193   222     7092,8882     7276,9185  5331268    2,59%
    603   587     7181,5736   183     7092,8882     7276,9185  6402276    2,59%
Elapsed time = 7473,28 sec. (1821485,53 ticks, tree = 108,38 MB, solutions = 21)
    608   590     7143,6677   226     7092,8882     7276,9185  6474054    2,59%
    610   592     7224,1676   216     7092,8882     7276,9185  6510518    2,59%
    614   596     7129,8639   221     7092,8882     7276,9185  6553493    2,59%
    616   598     7143,4671   235     7092,8882     7276,9185  6578518    2,59%
    619   601     7177,7608   184     7092,8882     7276,9185  6612815    2,59%
    622   604     7124,6700   225     7092,8882     7276,9185  6676147    2,59%
    624   606     7138,7370   239     7092,8882     7276,9185  6714562    2,59%
    627   609     7175,7412   183     7092,8882     7276,9185  6756800    2,59%
    629   611     7154,5574   263     7092,8882     7276,9185  6794176    2,59%
    637   619     7149,8888   267     7092,8882     7276,9185  6919103    2,59%
Elapsed time = 8318,45 sec. (1922654,80 ticks, tree = 108,38 MB, solutions = 21)
    645   625     7153,0438   272     7092,8882     7276,9185  7057123    2,59%
    650   630     7218,6581   216     7092,8882     7276,9185  7137656    2,59%
    653   633     7150,7869   277     7092,8882     7276,9185  7177117    2,59%
    658   638     7214,0126   221     7092,8882     7276,9185  7246797    2,59%
    664   642     7137,0417   263     7092,8882     7276,9185  7306381    2,59%
    666   644     7217,8855   215     7092,8882     7276,9185  7360052    2,59%
    674   650     7217,5074   215     7092,8882     7276,9185  7481174    2,59%
    682   658     7213,7309   212     7092,8882     7276,9185  7586841    2,59%
    690   666     7213,2871   222     7092,8882     7276,9185  7695162    2,59%
    727   699     7162,1645   182     7092,8882     7272,9656  8332182    2,54%
Elapsed time = 9650,40 sec. (2104682,05 ticks, tree = 113,25 MB, solutions = 21)
    735   707     7158,7755   182     7092,8882     7272,9656  8445574    2,54%
    740   712     7135,8796   272     7092,8882     7272,9656  8495316    2,54%
    743   715     7160,8732   180     7092,8882     7272,9656  8535132    2,54%
    747   719     7132,6264   318     7092,8882     7272,9656  8596969    2,54%
    750   722     7210,9355   212     7092,8882     7272,9656  8662262    2,54%
    755   727     7130,2702   311     7092,8882     7272,9656  8712416    2,54%
    757   729     7159,7861   217     7092,8882     7272,9656  8758493    2,54%
    758   730     7206,1014   218     7092,8882     7272,9656  8770369    2,54%
    759   731     7157,7342   183     7092,8882     7272,9656  8793173    2,54%
    763   733     7129,0526   308     7092,8882     7272,9656  8857590    2,54%
Elapsed time = 10434,17 sec. (2205874,63 ticks, tree = 113,25 MB, solutions = 21)
    764   734     7132,8367   263     7092,8882     7272,9656  8886538    2,54%
    766   736     7210,9347   212     7092,8882     7272,9656  8920630    2,54%
    767   737     7149,2016   200     7092,8882     7272,9656  8978697    2,54%
    780   748     7131,0024   262     7092,8882     7272,9656  9229516    2,54%
    783   751     7157,3268   177     7092,8882     7272,9656  9260164    2,54%
    788   754     7127,9356   250     7092,8882     7272,9656  9373839    2,54%
    796   760     7126,0082   253     7092,8882     7272,9656  9561082    2,54%
    799   763     7143,7608   165     7092,8882     7272,9656  9652337    2,54%
    822   786     7143,4882   164     7092,8882     7272,9656 10045164    2,54%
    823   787     7255,0867   240     7092,8882     7272,9656 10061850    2,54%
Elapsed time = 11579,39 sec. (2417192,40 ticks, tree = 163,39 MB, solutions = 21)
    825   789     7244,7425   235     7092,8882     7272,9656 10118181    2,54%
    830   794     7143,1503   167     7092,8882     7272,9656 10177506    2,54%
    838   802     7138,6260   174     7092,8882     7272,9656 10283792    2,54%
    844   808     7166,5940   205     7092,8882     7272,9656 10371349    2,54%
    845   809     7201,6152   213     7092,8882     7272,9656 10403258    2,54%
    849   813     7238,6014   230     7092,8882     7272,9656 10474250    2,54%
    853   817     7198,7650   214     7092,8882     7272,9656 10532054    2,54%
    857   821     7236,8963   228     7092,8882     7272,9656 10591856    2,54%
    861   825     7195,3954   212     7092,8882     7272,9656 10676144    2,54%
    865   827     7236,5261   229     7092,8882     7272,9656 10745478    2,54%
Elapsed time = 12741,97 sec. (2547382,87 ticks, tree = 163,39 MB, solutions = 21)
    873   831     7232,0055   223     7092,8882     7272,9656 10844297    2,54%
    880   838     7259,1866   237     7092,8882     7272,9656 11016442    2,54%
    888   844     7254,5391   240     7092,8882     7272,9656 11158127    2,54%
    896   852     7258,3861   234     7092,8882     7272,9656 11297137    2,54%
    901   855     7140,7456   232     7092,8882     7272,9656 11399490    2,54%
    909   859        cutoff           7092,8882     7272,9656 11480237    2,54%
    912   862     7255,0636   238     7092,8882     7272,9656 11554597    2,54%
    920   868     7253,2210   237     7092,8882     7272,9656 11639957    2,54%
    921   869     7221,8394   223     7092,8882     7272,9656 11679821    2,54%
    929   877     7220,0855   220     7092,8882     7272,9656 11797686    2,54%
Elapsed time = 13843,10 sec. (2689508,67 ticks, tree = 163,39 MB, solutions = 21)
    936   884     7248,8937   234     7092,8882     7272,9656 11963075    2,54%
    937   885     7219,6184   219     7092,8882     7272,9656 11987052    2,54%
    945   893     7217,0582   213     7092,8882     7272,9656 12099196    2,54%
    952   900     7245,6898   229     7092,8882     7272,9656 12187959    2,54%
    953   901     7215,1892   221     7092,8882     7272,9656 12242098    2,54%
    989   931     7226,0658   232     7092,8882     7272,9656 12688310    2,54%
    997   937     7221,4178   238     7092,8882     7272,9656 12830577    2,54%
    998   938     7226,9261   231     7092,8882     7272,9656 12855412    2,54%
   1000   940     7212,7383   216     7092,8882     7272,9656 12930489    2,54%
