
<<< setup


<<< generate

Found incumbent of value 0.000000 after 0.02 sec. (6.35 ticks)
Tried aggregator 2 times.
MIP Presolve eliminated 238211 rows and 130151 columns.
MIP Presolve modified 3586 coefficients.
Aggregator did 3583 substitutions.
Reduced MIP has 9554 rows, 14923 columns, and 35816 nonzeros.
Reduced MIP has 2985 binaries, 0 generals, 0 SOSs, and 0 indicators.
Presolve time = 0.35 sec. (179.66 ticks)
Probing time = 0.01 sec. (0.76 ticks)
Tried aggregator 1 time.
Reduced MIP has 9554 rows, 14923 columns, and 35816 nonzeros.
Reduced MIP has 2985 binaries, 0 generals, 0 SOSs, and 0 indicators.
Presolve time = 0.05 sec. (21.77 ticks)
Probing time = 0.02 sec. (0.76 ticks)
MIP emphasis: balance optimality and feasibility.
MIP search method: dynamic search.
Parallel mode: deterministic, using up to 8 threads.
Root relaxation solution time = 0.06 sec. (39.54 ticks)

        Nodes                                         Cuts/
   Node  Left     Objective  IInf  Best Integer    Best Bound    ItCnt     Gap

*     0+    0                            0.0000     5255.0846              --- 
      0     0     1225.0000   501        0.0000     1225.0000      597     --- 
*     0+    0                         1121.5817     1225.0000             9.22%
      0     0     1217.7072   364     1121.5817     Cuts: 875     1347    8.57%
      0     0     1204.4501   360     1121.5817     Cuts: 929     2256    7.39%
*     0+    0                         1123.1326     1204.4501             7.24%
      0     0     1182.8759   359     1123.1326     Cuts: 723     3188    5.32%
*     0+    0                         1129.5091     1182.8759             4.72%
      0     0     1166.8835   303     1129.5091     Cuts: 718     4032    3.31%
      0     0     1152.1246   303     1129.5091     Cuts: 607     4551    2.00%
      0     0     1148.6432   131     1129.5091     Cuts: 607     5502    1.69%
      0     0     1137.0159    20     1129.5091     Cuts: 315     6113    0.66%

Implied bound cuts applied:  51
Flow cuts applied:  3109
Mixed integer rounding cuts applied:  1272
Gomory fractional cuts applied:  337

Root node processing (before b&c):
  Real time             =    3.79 sec. (2863.60 ticks)
Parallel b&c, 8 threads:
  Real time             =    0.00 sec. (0.00 ticks)
  Sync time (average)   =    0.00 sec.
  Wait time (average)   =    0.00 sec.
                          ------------
Total (root+branch&cut) =    3.79 sec. (2863.60 ticks)

<<< solve


OBJECTIVE: 1129.509
avg_utility = 0.922048

<<< post process


<<< done

