
<<< setup


<<< generate

Found incumbent of value 0,000000 after 0,02 sec. (19,40 ticks)
Tried aggregator 8 times.
MIP Presolve eliminated 341499 rows and 334383 columns.
MIP Presolve modified 32258 coefficients.
Aggregator did 111384 substitutions.
Reduced MIP has 53625 rows, 103114 columns, and 322474 nonzeros.
Reduced MIP has 2916 binaries, 0 generals, 0 SOSs, and 0 indicators.
Presolve time = 9,20 sec. (9365,25 ticks)
Probing time = 0,02 sec. (4,34 ticks)
Tried aggregator 1 time.
Reduced MIP has 53625 rows, 103114 columns, and 322474 nonzeros.
Reduced MIP has 2916 binaries, 0 generals, 0 SOSs, and 0 indicators.
Presolve time = 0,21 sec. (178,23 ticks)
Probing time = 0,04 sec. (4,53 ticks)
MIP emphasis: balance optimality and feasibility.
MIP search method: dynamic search.
Parallel mode: deterministic, using up to 8 threads.
Root relaxation solution time = 1,68 sec. (808,47 ticks)

        Nodes                                         Cuts/
   Node  Left     Objective  IInf  Best Integer    Best Bound    ItCnt     Gap

*     0+    0                            0,0000    30734,9530              --- 
      0     0     7900,0000  1366        0,0000     7900,0000    11442     --- 
      0     0     7704,0448  1237        0,0000    Cuts: 4363    54236     --- 
      0     0     7525,4130  1133        0,0000    Cuts: 6423    85152     --- 
      0     0     7371,9638  1275        0,0000    Cuts: 6836   112422     --- 
*     0+    0                         3435,7353     7371,9638           114,57%
*     0+    0                         4694,5824     7371,9638            57,03%
      0     0     7254,6998  1341     4694,5824    Cuts: 8181   145160   54,53%
      0     0     7148,4393   184     4694,5824    Cuts: 8983   185347   52,27%
      0     0     7139,2894   179     4694,5824     Cuts: 836   193833   52,08%
*     0+    0                         4926,9603     7139,2894            44,90%
*     0+    0                         5840,3910     7139,2894            22,24%
*     0+    0                         6138,0357     7139,2894            16,31%
      0     0     7137,6867   244     6138,0357     Cuts: 783   202294   16,29%
      0     0     7134,0907   239     6138,0357    Cuts: 1331   209048   16,23%
      0     0     7130,4210   226     6138,0357    Cuts: 1185   211918   16,17%
*     0+    0                         6269,3087     7130,4210            13,74%
*     0+    0                         6511,8132     7130,4210             9,50%
      0     0     7128,0161   202     6511,8132     Cuts: 967   215262    9,46%
      0     0     7126,1041   240     6511,8132     Cuts: 885   217947    9,43%
      0     0     7125,4979   245     6511,8132    Cuts: 1098   219763    9,42%
*     0+    0                         6522,2036     7125,4979             9,25%
      0     0     7124,1359   297     6522,2036    Cuts: 1660   221594    9,23%
*     0+    0                         6522,3508     7124,1359             9,23%
      0     0     7119,8186   209     6522,3508    Cuts: 1155   228301    9,16%
      0     0     7118,7292   238     6522,3508     Cuts: 617   230536    9,14%
      0     0     7118,1743   235     6522,3508     Cuts: 551   233218    9,14%
Heuristic still looking.
*     0+    0                         6522,6452     7118,1743             9,13%
      0     2     7118,1743   235     6522,6452     7118,1743   233218    9,13%
Elapsed time = 461,46 sec. (339985,04 ticks, tree = 0,00 MB, solutions = 11)
      1     3     7092,4605   199     6522,6452     7118,1743   267498    9,13%
      2     4     7111,4563   234     6522,6452     7118,1743   267524    9,13%
      3     5     7072,0141   186     6522,6452     7111,4563   282642    9,03%
*     4+    4                         6696,5176     7111,4563             6,20%
*     4+    4                         6825,4229     7111,4563             4,19%
*     4+    4                         6832,0353     7111,4563             4,09%
*     4+    4                         6832,6759     7111,4563             4,08%
*     4+    4                         6832,7026     7111,4563             4,08%
      4     6     7090,9847   223     6832,7026     7111,4563   346121    4,08%
*     5+    5                         6848,0439     7111,4563             3,85%
*     5+    5                         6855,2970     7111,4563             3,74%
      7     9     7086,0516   220     6855,2970     7111,4563   376321    3,74%
     10    12     7067,0584   188     6855,2970     7099,3642   397365    3,56%
     11    13     7085,9195   225     6855,2970     7099,3642   408127    3,56%
     12    14     7090,6825   236     6855,2970     7099,3642   428595    3,56%
     13    15     7080,3364   198     6855,2970     7099,3642   450781    3,56%
     17    19     7003,5934   326     6855,2970     7099,3642   502992    3,56%
Elapsed time = 940,91 sec. (560198,27 ticks, tree = 0,00 MB, solutions = 19)
     18    20     7084,3198   234     6855,2970     7099,3642   544474    3,56%
     30    32     7059,4122   200     6855,2970     7090,6804   644890    3,43%
     34    36     7038,2594   287     6855,2970     7090,6804   710205    3,43%
*    36+   36                         6862,7401     7090,6804             3,32%
     36    38     6967,2077   347     6862,7401     7090,6804   760650    3,32%
     56    58     7035,4390   145     6862,7401     7090,3184  1068724    3,32%
     58    60     7089,8608   246     6862,7401     7090,3184  1111376    3,32%
     62    62        cutoff           6862,7401     7090,3184  1172096    3,32%
     64    64     7012,4593   258     6862,7401     7090,3184  1227747    3,32%
     66    66     7010,5150   357     6862,7401     7090,3184  1306704    3,32%
     72    72     7019,4907   242     6862,7401     7090,3184  1434555    3,32%
Elapsed time = 2276,15 sec. (859891,75 ticks, tree = 0,00 MB, solutions = 21)
     81    81     7072,8059   235     6862,7401     7090,3184  1637403    3,32%
    118   112     7007,9604   242     6862,7401     7087,0881  2226413    3,27%
    126   120     7009,7904   267     6862,7401     7087,0881  2336239    3,27%
    128   122     7072,7809   257     6862,7401     7087,0881  2358573    3,27%
    131   125     6971,4252   247     6862,7401     7087,0881  2404285    3,27%
    139   133     6974,1015   194     6862,7401     7087,0881  2535635    3,27%
    142   136     6982,2730   366     6862,7401     7087,0881  2612655    3,27%
    150   144     6992,6252   259     6862,7401     7087,0881  2916234    3,27%
    152   146     7035,0126   251     6862,7401     7087,0881  3012045    3,27%
    155   149     6876,7336   325     6862,7401     7087,0881  3060078    3,27%
Elapsed time = 3397,71 sec. (1061059,65 ticks, tree = 0,00 MB, solutions = 21)
    163   157     6962,0718   194     6862,7401     7087,0881  3312628    3,27%
    179   173     6898,5651   157     6862,7401     7087,0881  3672247    3,27%
    185   179     6984,2063   324     6862,7401     7087,0881  3922588    3,27%
    193   187     7006,8021   240     6862,7401     7087,0881  4096097    3,27%
    201   195     6995,5360   244     6862,7401     7087,0881  4331650    3,27%
    209   203     7005,4173   241     6862,7401     7087,0881  4516026    3,27%
    217   211     6981,2628   325     6862,7401     7087,0881  4760657    3,27%
    263   251     7071,4051   202     6862,7401     7087,0881  6066145    3,27%
    268   256     6935,6366   201     6862,7401     7087,0881  6271564    3,27%
    270   258     6970,0469   110     6862,7401     7087,0881  6281967    3,27%
Elapsed time = 3982,28 sec. (1197986,83 ticks, tree = 3,47 MB, solutions = 21)
    274   262     7006,1751   326     6862,7401     7087,0881  6347752    3,27%
    282   268     7021,1131   239     6862,7401     7087,0881  6432537    3,27%
    290   274     6996,6753   252     6862,7401     7087,0881  6501002    3,27%
    298   282     7018,2934   246     6862,7401     7087,0881  6591552    3,27%
    306   288     7011,9237   243     6862,7401     7087,0881  6771411    3,27%
    314   296     6988,4211   327     6862,7401     7087,0881  6889802    3,27%
    322   302     6998,7568   236     6862,7401     7087,0881  7059351    3,27%
    324   304     6909,8531   223     6862,7401     7087,0881  7075719    3,27%
    348   324        cutoff           6862,7401     7087,0881  7366884    3,27%
    356   328        cutoff           6862,7401     7087,0881  7525100    3,27%
Elapsed time = 4734,12 sec. (1334101,31 ticks, tree = 3,47 MB, solutions = 21)
    364   334        cutoff           6862,7401     7087,0881  7721168    3,27%
    372   338        cutoff           6862,7401     7087,0881  7886943    3,27%
    380   344     7051,3198   156     6862,7401     7087,0881  8059418    3,27%
    388   350     7025,8566   154     6862,7401     7087,0881  8187472    3,27%
    396   358     7018,3919   164     6862,7401     7087,0881  8290097    3,27%
    404   364     7001,8367   246     6862,7401     7087,0881  8409634    3,27%
    412   371     6990,1683   250     6862,7401     7087,0881  8635675    3,27%
    536   476     6980,0938   265     6862,7401     7081,5627 11180969    3,19%
    541   481     6903,3152   139     6862,7401     7081,5627 11225149    3,19%
    543   483     6982,2296   376     6862,7401     7081,5627 11247920    3,19%
Elapsed time = 5246,54 sec. (1442187,98 ticks, tree = 37,82 MB, solutions = 21)
    551   491     6981,6175   378     6862,7401     7081,5627 11372001    3,19%
    556   496     7048,5816   216     6862,7401     7081,5627 11386923    3,19%
    564   502     7015,8750   194     6862,7401     7081,5627 11443341    3,19%
    572   508     7001,9190   201     6862,7401     7081,5627 11520605    3,19%
    588   520     7005,7215   193     6862,7401     7081,5627 11847035    3,19%
    589   521     6875,1160   337     6862,7401     7081,5627 11949712    3,19%
    597   529     6891,8314   145     6862,7401     7081,5627 12019070    3,19%
    605   535     6872,8535   360     6862,7401     7081,5627 12225845    3,19%
    613   543     6889,8594   145     6862,7401     7081,5627 12329460    3,19%
    619   549     7040,1799   123     6862,7401     7081,5627 12452393    3,19%
Elapsed time = 6028,92 sec. (1555500,51 ticks, tree = 37,82 MB, solutions = 21)
    627   555     7023,7151   190     6862,7401     7081,5627 12641854    3,19%
    635   563     7028,8932   112     6862,7401     7081,5627 12717979    3,19%
    643   571     7021,2731   135     6862,7401     7081,5627 12764017    3,19%
    651   577     7011,7367   158     6862,7401     7081,5627 12948492    3,19%
    659   585     7007,9184   171     6862,7401     7081,5627 13001724    3,19%
    667   587     7011,4602   145     6862,7401     7081,5627 13170476    3,19%
*   671+  589                         6874,4879     7081,5627             3,01%
    671   591     6898,1925   350     6874,4879     7081,5627 13229720    3,01%
    679   597     6896,7763   352     6874,4879     7081,5627 13272999    3,01%
    683   599     6891,6412   213     6874,4879     7081,5627 13394996    3,01%
    691   607     7003,0656   146     6874,4879     7081,5627 13430800    3,01%
Elapsed time = 6197,14 sec. (1598085,06 ticks, tree = 37,82 MB, solutions = 21)
    738   642     7066,6142   204     6874,4879     7081,5627 14105969    3,01%
    819   709     6908,8444   392     6874,4879     7081,5627 15015590    3,01%
    866   704     6878,8860   225     6874,4879     7080,4544 15673316    3,00%
    874   710        cutoff           6874,4879     7080,4544 15765049    3,00%
    882   714        cutoff           6874,4879     7080,4544 15897361    3,00%
    890   718        cutoff           6874,4879     7080,4544 16010227    3,00%
    895   723     7060,6255   214     6874,4879     7080,4544 16108105    3,00%
    903   731     7058,5448   211     6874,4879     7080,4544 16216302    3,00%
    911   739     7054,8394   209     6874,4879     7080,4544 16284289    3,00%
    919   747     7043,3439   219     6874,4879     7080,4544 16401843    3,00%
Elapsed time = 6732,98 sec. (1708417,53 ticks, tree = 57,29 MB, solutions = 22)
    922   750     7065,8423   249     6874,4879     7080,4544 16460675    3,00%
    927   755     7029,8735   191     6874,4879     7080,4544 16498557    3,00%
    930   758     7030,4345   250     6874,4879     7080,4544 16555026    3,00%
    938   766     7062,0139   254     6874,4879     7080,4544 16645308    3,00%
    946   774     7043,5723   265     6874,4879     7080,4544 16743647    3,00%
    954   782     7052,6120   248     6874,4879     7080,4544 16800786    3,00%
    962   788     7029,2972   242     6874,4879     7080,4544 16993049    3,00%
   1122   930     7032,3947   215     6874,4879     7080,4544 18299505    3,00%
   1270  1062     6903,5632   363     6874,4879     7074,4815 19085486    2,91%
   1276  1068     7044,0650   209     6874,4879     7074,4815 19138204    2,91%
Elapsed time = 7327,89 sec. (1833804,92 ticks, tree = 102,19 MB, solutions = 22)
   1281  1073     6941,6363   322     6874,4879     7074,4815 19244410    2,91%
   1295  1087     7002,0494   235     6874,4879     7074,4815 19335980    2,91%
   1310  1098     6892,0404   409     6874,4879     7074,4815 19452024    2,91%
   1325  1113     7029,9544   158     6874,4879     7074,4815 19611442    2,91%
   1333  1121     6992,0204   104     6874,4879     7074,4815 19765095    2,91%
   1349  1137     6981,0154   134     6874,4879     7074,4815 19893720    2,91%
   1357  1145     6967,6138   170     6874,4879     7074,4815 19970489    2,91%
   1365  1151     6952,4329   213     6874,4879     7074,4815 20081036    2,91%
   1373  1157     6943,9216   230     6874,4879     7074,4815 20234318    2,91%
   1382  1166     7022,7804   203     6874,4879     7074,4815 20356483    2,91%
Elapsed time = 7900,15 sec. (1944576,98 ticks, tree = 102,19 MB, solutions = 22)
   1398  1182     7016,4853   196     6874,4879     7074,4815 20464953    2,91%
   1413  1197     6924,0635   219     6874,4879     7074,4815 20623165    2,91%
   1429  1213     6914,8799   246     6874,4879     7074,4815 20782906    2,91%
   1438  1222     6984,7907   315     6874,4879     7074,4815 20933279    2,91%
   1454  1238     6981,8920   333     6874,4879     7074,4815 21147037    2,91%
   1462  1246     7000,5304   197     6874,4879     7074,4815 21214069    2,91%
   1478  1262     6957,3870   162     6874,4879     7074,4815 21386755    2,91%
   1527  1299     6995,4296   104     6874,4879     7074,4815 21860827    2,91%
   1734  1476     6955,3404   365     6874,4879     7074,4815 23440530    2,91%
   1759  1501     6953,6404   386     6874,4879     7072,8344 23502568    2,89%
Elapsed time = 8538,78 sec. (2059667,29 ticks, tree = 154,16 MB, solutions = 22)
   1760  1502     7038,6022   265     6874,4879     7072,8344 23516553    2,89%
   1768  1510     7028,3453   259     6874,4879     7072,8344 23573547    2,89%
   1776  1518     7021,5679   263     6874,4879     7072,8344 23719060    2,89%
   1789  1531     6978,2627   155     6874,4879     7072,8344 23824692    2,89%
   1805  1545        cutoff           6874,4879     7072,8344 23931684    2,89%
   1829  1565     6958,5323   221     6874,4879     7072,8344 24137034    2,89%
   1834  1570     7028,6228   143     6874,4879     7072,8344 24198332    2,89%
   1842  1578     7021,2949   167     6874,4879     7072,8344 24267727    2,89%
   1850  1586     7007,9474   211     6874,4879     7072,8344 24343978    2,89%
   1866  1602     6985,8809   274     6874,4879     7072,8344 24456920    2,89%
Elapsed time = 9272,43 sec. (2184490,30 ticks, tree = 154,16 MB, solutions = 22)
   1874  1610     6977,2661   285     6874,4879     7072,8344 24569773    2,89%
   1885  1619     6928,2866   269     6874,4879     7072,8344 24728577    2,89%
   1893  1625     6952,8122   134     6874,4879     7072,8344 24801777    2,89%
   1901  1633     6924,2255   251     6874,4879     7072,8344 24980844    2,89%
   1917  1649     6925,3736   236     6874,4879     7072,8344 25130279    2,89%
   1933  1665     6933,2072   239     6874,4879     7072,8344 25321565    2,89%
   2078  1784     7035,3247   158     6874,4879     7072,8344 26720601    2,89%
   2329  2021     6959,3524   296     6874,4879     7063,9469 28408161    2,76%
   2338  2030     6933,8368   347     6874,4879     7063,9469 28532391    2,76%
   2344  2036     6912,5731   293     6874,4879     7063,9469 28681984    2,76%
Elapsed time = 9977,60 sec. (2325494,43 ticks, tree = 220,29 MB, solutions = 22)
   2352  2044     6930,7552   153     6874,4879     7063,9469 28817960    2,76%
   2368  2060     6903,3305   295     6874,4879     7063,9469 29041945    2,76%
   2392  2084     6919,5301   192     6874,4879     7063,9469 29237106    2,76%
   2400  2092     6904,4018   278     6874,4879     7063,9469 29311740    2,76%
   2408  2100     6915,1391   192     6874,4879     7063,9469 29404074    2,76%
   2424  2116     6909,9112   196     6874,4879     7063,9469 29530214    2,76%
   2448  2138     6901,7268   183     6874,4879     7063,9469 29687666    2,76%
   2464  2154     6895,6235   223     6874,4879     7063,9469 29901878    2,76%
   2472  2162     6880,3541   269     6874,4879     7063,9469 30040228    2,76%
   2496  2178        cutoff           6874,4879     7063,9469 30289916    2,76%
Elapsed time = 10381,50 sec. (2398217,05 ticks, tree = 220,29 MB, solutions = 22)
   2504  2182     6885,9917   209     6874,4879     7063,9469 30346584    2,76%
   2512  2186     6884,0452   215     6874,4879     7063,9469 30419784    2,76%
   2520  2188        cutoff           6874,4879     7063,9469 30575066    2,76%
   2528  2194     6883,0492   217     6874,4879     7063,9469 30655332    2,76%
   2536  2194        cutoff           6874,4879     7063,9469 30794204    2,76%
   2560  2212        cutoff           6874,4879     7063,9469 31159276    2,76%
   2576  2224        cutoff           6874,4879     7063,9469 31478657    2,76%
   2592  2234        cutoff           6874,4879     7063,9469 31696927    2,76%
   2608  2246        cutoff           6874,4879     7063,9469 31950327    2,76%
   2624  2258        cutoff           6874,4879     7063,9469 32223191    2,76%
Elapsed time = 11130,96 sec. (2504868,44 ticks, tree = 220,29 MB, solutions = 22)
   2632  2266     7033,9209   115     6874,4879     7063,9469 32330609    2,76%
   2824  2422     7026,5341   100     6874,4879     7063,9469 34624369    2,76%
   2858  2444     7019,1806   123     6874,4879     7059,7263 35040147    2,69%
   2866  2450     7005,8027   175     6874,4879     7059,7263 35182016    2,69%
   2887  2465     6877,5271   311     6874,4879     7059,7263 35487123    2,69%
   2889  2467     6991,8951   226     6874,4879     7059,7263 35512759    2,69%
   2905  2477     6986,2714   227     6874,4879     7059,7263 35728133    2,69%
   2921  2489     6974,5827   220     6874,4879     7059,7263 35906741    2,69%
   2929  2495     6966,6003   227     6874,4879     7059,7263 36012548    2,69%
   2953  2517     6953,8230   243     6874,4879     7059,7263 36274674    2,69%
Elapsed time = 12300,37 sec. (2766672,49 ticks, tree = 268,60 MB, solutions = 22)
   2985  2541     6936,7176   249     6874,4879     7059,7263 36688938    2,69%
   3009  2555     6925,0993   268     6874,4879     7059,7263 36926425    2,69%
   3025  2567     6916,7797   284     6874,4879     7059,7263 37110246    2,69%
   3041  2581     6911,5804   261     6874,4879     7059,7263 37251438    2,69%
   3073  2609     6898,0150   342     6874,4879     7059,7263 37534618    2,69%
   3113  2639     6885,2849   366     6874,4879     7059,7263 37962441    2,69%
   3125  2649     7009,5699   283     6874,4879     7059,7263 38134929    2,69%
   3133  2655     7008,0150   264     6874,4879     7059,7263 38178136    2,69%
   3149  2667     6994,1490   280     6874,4879     7059,7263 38339357    2,69%
   3165  2679     6983,1797   289     6874,4879     7059,7263 38467930    2,69%
Elapsed time = 12787,53 sec. (2833600,13 ticks, tree = 268,60 MB, solutions = 22)
   3189  2703     6963,8640   297     6874,4879     7059,7263 38633616    2,69%
   3213  2723     6951,0471   300     6874,4879     7059,7263 38784099    2,69%
   3245  2751     6939,7508   305     6874,4879     7059,7263 39009444    2,69%
   3277  2783     6923,3624   349     6874,4879     7059,7263 39278804    2,69%
   3297  2803     6975,4264   277     6874,4879     7059,7263 39405033    2,69%
   3325  2831     6905,7863   402     6874,4879     7059,7263 39578913    2,69%
   3416  2910     7030,0703   186     6874,4879     7059,7263 40072107    2,69%
   3503  2993     7009,8802   178     6874,4879     7059,7263 40469598    2,69%

Implied bound cuts applied:  685
Flow cuts applied:  17296
Mixed integer rounding cuts applied:  15201
Flow path cuts applied:  669
Gomory fractional cuts applied:  210

Root node processing (before b&c):
  Real time             =  461,24 sec. (339821,24 ticks)
Parallel b&c, 8 threads:
  Real time             = 12642,94 sec. (2735366,87 ticks)
  Sync time (average)   = 1346,15 sec.
  Wait time (average)   = 1346,36 sec.
                          ------------
Total (root+branch&cut) = 13104,18 sec. (3075188,11 ticks)

<<< solve


OBJECTIVE: 6874.488
avg_utility = 0.870188

<<< post process


<<< done

