
<<< setup


<<< generate

Found incumbent of value 0,000000 after 0,05 sec. (55,23 ticks)
Tried aggregator 2 times.
MIP Presolve eliminated 2397803 rows and 1212463 columns.
MIP Presolve modified 4402 coefficients.
Aggregator did 4399 substitutions.
Reduced MIP has 11730 rows, 18323 columns, and 43976 nonzeros.
Reduced MIP has 3665 binaries, 0 generals, 0 SOSs, and 0 indicators.
Presolve time = 0,79 sec. (1461,31 ticks)
Probing time = 0,01 sec. (0,93 ticks)
Tried aggregator 1 time.
Reduced MIP has 11730 rows, 18323 columns, and 43976 nonzeros.
Reduced MIP has 3665 binaries, 0 generals, 0 SOSs, and 0 indicators.
Presolve time = 0,05 sec. (56,26 ticks)
Probing time = 0,01 sec. (0,93 ticks)
MIP emphasis: balance optimality and feasibility.
MIP search method: dynamic search.
Parallel mode: deterministic, using up to 8 threads.
Root relaxation solution time = 0,06 sec. (128,43 ticks)

        Nodes                                         Cuts/
   Node  Left     Objective  IInf  Best Integer    Best Bound    ItCnt     Gap

*     0+    0                            0,0000     5255,0846              --- 
*     0+    0                         1034,8123     5255,0846           407,83%
*     0     0      integral     0     1225,0000     1225,0000      733    0,00%
Elapsed time = 1,06 sec. (1791,65 ticks, tree = 0,00 MB, solutions = 3)

Root node processing (before b&c):
  Real time             =    1,12 sec. (1844,83 ticks)
Parallel b&c, 8 threads:
  Real time             =    0,00 sec. (0,00 ticks)
  Sync time (average)   =    0,00 sec.
  Wait time (average)   =    0,00 sec.
                          ------------
Total (root+branch&cut) =    1,12 sec. (1844,83 ticks)

<<< solve


OBJECTIVE: 1225
avg_utility = 1

<<< post process


<<< done

