
<<< setup


<<< generate

Tried aggregator 5 times.
MIP Presolve eliminated 212774 rows and 204089 columns.
MIP Presolve modified 20009 coefficients.
Aggregator did 46000 substitutions.
Reduced MIP has 16262 rows, 34940 columns, and 80360 nonzeros.
Reduced MIP has 4034 binaries, 2196 generals, 0 SOSs, and 0 indicators.
Presolve time = 3,84 sec. (1725,48 ticks)
Found incumbent of value 0,000000 after 4,27 sec. (1926,11 ticks)
Probing time = 0,37 sec. (2,11 ticks)
Tried aggregator 4 times.
MIP Presolve eliminated 2000 rows and 6160 columns.
MIP Presolve modified 4150 coefficients.
Aggregator did 4170 substitutions.
Reduced MIP has 10092 rows, 24610 columns, and 61700 nonzeros.
Reduced MIP has 4034 binaries, 2196 generals, 0 SOSs, and 0 indicators.
Presolve time = 1,01 sec. (393,41 ticks)
Probing time = 0,35 sec. (2,68 ticks)
Tried aggregator 1 time.
MIP Presolve modified 4160 coefficients.
Reduced MIP has 10092 rows, 24610 columns, and 61700 nonzeros.
Reduced MIP has 4034 binaries, 2196 generals, 0 SOSs, and 0 indicators.
Presolve time = 0,12 sec. (44,31 ticks)
Probing time = 0,57 sec. (2,67 ticks)
Clique table members: 524.
MIP emphasis: balance optimality and feasibility.
MIP search method: dynamic search.
Parallel mode: deterministic, using up to 8 threads.
Root relaxation solution time = 1,09 sec. (356,88 ticks)

        Nodes                                         Cuts/
   Node  Left     Objective  IInf  Best Integer    Best Bound    ItCnt     Gap

*     0+    0                            0,0000    20902,4000              --- 
      0     0     4056,0190   362        0,0000     4056,0190       37     --- 
      0     0     4013,8562   354        0,0000     Cuts: 495     2389     --- 
      0     0     3912,3679   311        0,0000     Cuts: 541     3227     --- 
      0     0     3891,8984   345        0,0000     Cuts: 330     3815     --- 
*     0+    0                         3315,9000     3891,8984            17,37%
      0     0     3884,2786   163     3315,9000     Cuts: 297     4213   17,14%
      0     0     3828,7564   113     3315,9000      Cuts: 59     4454   15,47%
      0     0     3816,7140    81     3315,9000      Cuts: 39     4588   15,10%
      0     0     3815,0013    71     3315,9000      Cuts: 13     4887   15,05%
      0     0     3814,6363    79     3315,9000       Cuts: 8     4908   15,04%
      0     0     3813,9221    64     3315,9000       Cuts: 7     5008   15,02%
      0     0     3813,3484    81     3315,9000    MIRcuts: 6     5021   15,00%
      0     0     3812,7495    74     3315,9000    MIRcuts: 3     5148   14,98%
      0     0     3811,9779    73     3315,9000      Cuts: 12     5187   14,96%
      0     0     3811,7811    71     3315,9000      Cuts: 10     5217   14,95%
*     0+    0                         3768,8000     3808,1916             1,05%

Repeating presolve.
Tried aggregator 2 times.
MIP Presolve eliminated 3660 rows and 8144 columns.
MIP Presolve modified 297 coefficients.
Aggregator did 103 substitutions.
Reduced MIP has 6329 rows, 16363 columns, and 37876 nonzeros.
Reduced MIP has 3303 binaries, 2196 generals, 0 SOSs, and 0 indicators.
Presolve time = 0,22 sec. (44,93 ticks)
Probing time = 0,38 sec. (1,64 ticks)
Tried aggregator 1 time.
MIP Presolve modified 130 coefficients.
Reduced MIP has 6329 rows, 16363 columns, and 37876 nonzeros.
Reduced MIP has 3303 binaries, 2196 generals, 0 SOSs, and 0 indicators.
Presolve time = 0,07 sec. (22,47 ticks)
Represolve time = 0,82 sec. (115,25 ticks)
Probing time = 0,31 sec. (1,64 ticks)
Clique table members: 524.
MIP emphasis: balance optimality and feasibility.
MIP search method: dynamic search.
Parallel mode: deterministic, using up to 8 threads.
Root relaxation solution time = 0,52 sec. (212,18 ticks)

        Nodes                                         Cuts/
   Node  Left     Objective  IInf  Best Integer    Best Bound    ItCnt     Gap

*     0+    0                         3768,8000     3807,8770             1,04%
      0     0     3811,7811    68     3768,8000     3807,8770     8207    1,04%
      0     0     3793,6173    38     3768,8000      Cuts: 10     8348    0,66%
      0     0     3788,5220    35     3768,8000      Cuts: 13     8406    0,52%
      0     0     3788,1835    35     3768,8000       Cuts: 4     8421    0,51%
      0     0     3787,8526    34     3768,8000       Cuts: 3     8458    0,51%
*     0+    0                         3769,7000     3787,8526             0,48%
      0     2     3787,8526    34     3769,7000     3786,9638     8458    0,46%
Elapsed time = 58,81 sec. (15030,11 ticks, tree = 0,00 MB, solutions = 4)

Implied bound cuts applied:  312
Flow cuts applied:  699
Mixed integer rounding cuts applied:  71
Lift and project cuts applied:  2
Gomory fractional cuts applied:  47

Root node processing (before b&c):
  Real time             =   58,75 sec. (15030,61 ticks)
Parallel b&c, 8 threads:
  Real time             =    0,83 sec. (190,35 ticks)
  Sync time (average)   =    0,21 sec.
  Wait time (average)   =    0,27 sec.
                          ------------
Total (root+branch&cut) =   59,59 sec. (15220,95 ticks)

<<< solve


OBJECTIVE: 3769.7

<<< post process


<<< done

