
<<< setup


<<< generate

Found incumbent of value 0,000000 after 0,01 sec. (7,83 ticks)
Tried aggregator 4 times.
MIP Presolve eliminated 91831 rows and 166763 columns.
MIP Presolve modified 5281 coefficients.
Aggregator did 48896 substitutions.
Reduced MIP has 8038 rows, 21102 columns, and 55556 nonzeros.
Reduced MIP has 7355 binaries, 3066 generals, 0 SOSs, and 0 indicators.
Presolve time = 1,58 sec. (1553,06 ticks)
Probing time = 0,10 sec. (10,55 ticks)
Tried aggregator 1 time.
Reduced MIP has 8038 rows, 21102 columns, and 55556 nonzeros.
Reduced MIP has 7355 binaries, 3066 generals, 0 SOSs, and 0 indicators.
Presolve time = 0,05 sec. (32,01 ticks)
Probing time = 0,03 sec. (9,62 ticks)
Clique table members: 833.
MIP emphasis: balance optimality and feasibility.
MIP search method: dynamic search.
Parallel mode: deterministic, using up to 8 threads.
Root relaxation solution time = 0,12 sec. (153,19 ticks)

        Nodes                                         Cuts/
   Node  Left     Objective  IInf  Best Integer    Best Bound    ItCnt     Gap

*     0+    0                         1304,0000    16075,0000              --- 
*     0+    0                         2360,4000    16075,0000           581,03%
      0     0     6241,0000  1249     2360,4000     6241,0000     4588  164,40%
*     0+    0                         4376,4000     6241,0000            42,61%
      0     0     5859,4453   637     4376,4000    Cuts: 2109    11694   33,89%
      0     0     5011,0016   443     4376,4000    Cuts: 2109    15211   14,50%
      0     0     4944,2729   260     4376,4000    Cuts: 1054    16661   12,98%
*     0+    0                         4838,4000     4944,2729             2,19%
*     0+    0                         4863,6000     4944,2729             1,66%
*     0+    0                         4864,2000     4944,2729             1,65%
      0     0     4930,9060   226     4864,2000     Cuts: 547    17739    1,37%
      0     0     4925,7221   201     4864,2000     Cuts: 322    18246    1,26%
*     0+    0                         4871,6000     4925,7221             1,11%
      0     0     4923,5955   175     4871,6000     Cuts: 277    18667    1,07%
      0     0     4922,4229   100     4871,6000     Cuts: 276    18923    1,04%
      0     0     4921,7838    30     4871,6000     Cuts: 176    19105    1,03%
      0     0     4921,7687    23     4871,6000      Cuts: 28    19146    1,03%
      0     0     4921,7687    22     4871,6000      Cuts: 31    19192    1,03%
*     0+    0                         4921,2000     4921,7687             0,01%

Implied bound cuts applied:  289
Flow cuts applied:  3166
Mixed integer rounding cuts applied:  2363
Gomory fractional cuts applied:  381

Root node processing (before b&c):
  Real time             =   22,48 sec. (13209,61 ticks)
Parallel b&c, 8 threads:
  Real time             =    0,00 sec. (0,00 ticks)
  Sync time (average)   =    0,00 sec.
  Wait time (average)   =    0,00 sec.
                          ------------
Total (root+branch&cut) =   22,48 sec. (13209,61 ticks)

<<< solve


OBJECTIVE: 4921.2
avg_utility = 0.788527

<<< post process


<<< done

