
<<< setup


<<< generate

Found incumbent of value 0,000000 after 0,02 sec. (24,41 ticks)
Tried aggregator 5 times.
MIP Presolve eliminated 185539 rows and 571509 columns.
MIP Presolve modified 6534 coefficients.
Aggregator did 168883 substitutions.
Reduced MIP has 18148 rows, 45129 columns, and 147389 nonzeros.
Reduced MIP has 3660 binaries, 0 generals, 0 SOSs, and 0 indicators.
Presolve time = 8,19 sec. (6913,93 ticks)
Probing time = 0,05 sec. (1,85 ticks)
Tried aggregator 1 time.
Reduced MIP has 18148 rows, 45129 columns, and 147389 nonzeros.
Reduced MIP has 3660 binaries, 0 generals, 0 SOSs, and 0 indicators.
Presolve time = 0,07 sec. (67,94 ticks)
Probing time = 0,05 sec. (1,93 ticks)
MIP emphasis: balance optimality and feasibility.
MIP search method: dynamic search.
Parallel mode: deterministic, using up to 8 threads.
Root relaxation solution time = 0,46 sec. (344,15 ticks)

        Nodes                                         Cuts/
   Node  Left     Objective  IInf  Best Integer    Best Bound    ItCnt     Gap

*     0+    0                         3279,0000    54085,5288              --- 
      0     0    12313,8300  1107     3279,0000    12313,8300     3944  275,54%
*     0+    0                        11765,1680    12313,8300             4,66%
      0     0    12313,8300   450    11765,1680     Cuts: 579     4494    4,66%
      0     0    12313,8300   372    11765,1680    Cuts: 1046     5617    4,66%
      0     0    12313,8300   236    11765,1680     Cuts: 777     6539    4,66%
*     0+    0                        12267,9652    12313,8300             0,37%

Implied bound cuts applied:  1
Flow cuts applied:  1712
Mixed integer rounding cuts applied:  470
Gomory fractional cuts applied:  43

Root node processing (before b&c):
  Real time             =   21,98 sec. (19818,94 ticks)
Parallel b&c, 8 threads:
  Real time             =    0,00 sec. (0,00 ticks)
  Sync time (average)   =    0,00 sec.
  Wait time (average)   =    0,00 sec.
                          ------------
Total (root+branch&cut) =   21,98 sec. (19818,94 ticks)

<<< solve


OBJECTIVE: 12267.97
avg_utility = 0.76071

<<< post process


<<< done

