
<<< setup


<<< generate

Aggregator has done 73518 substitutions...
Tried aggregator 10 times.
MIP Presolve eliminated 1170633 rows and 777576 columns.
MIP Presolve modified 42763 coefficients.
Aggregator did 76012 substitutions.
Reduced MIP has 91873 rows, 242493 columns, and 656120 nonzeros.
Reduced MIP has 39820 binaries, 3474 generals, 0 SOSs, and 0 indicators.
Presolve time = 14,47 sec. (10807,22 ticks)
Found incumbent of value 57,511640 after 15,06 sec. (11218,77 ticks)
Probing time = 0,07 sec. (23,11 ticks)
Tried aggregator 1 time.
Presolve time = 0,31 sec. (212,88 ticks)
Probing time = 0,29 sec. (23,11 ticks)
Clique table members: 1488.
MIP emphasis: balance optimality and feasibility.
MIP search method: dynamic search.
Parallel mode: deterministic, using up to 24 threads.
Root relaxation solution time = 3,37 sec. (2042,09 ticks)

        Nodes                                         Cuts/
   Node  Left     Objective  IInf  Best Integer    Best Bound    ItCnt     Gap

*     0+    0                           57,5116    24821,1589    18912     --- 
*     0+    0                           85,6687    24821,1589    18912     --- 
*     0+    0                           86,0000    24821,1589    18912     --- 
      0     0     5786,0000  1904       86,0000     5786,0000    18912     --- 
*     0+    0                         3486,0000     5786,0000    33126   65,98%
      0     0     5762,5747  1631     3486,0000    Cuts: 5629    33126   65,31%
      0     0     5752,8800  1338     3486,0000    Cuts: 5347   157306   65,03%
      0     0     5723,2041  1591     3486,0000    Cuts: 5107   177450   64,18%
*     0+    0                         3729,5772     5723,2041   177450   53,45%
*     0+    0                         4067,3246     5723,2041   177450   40,71%
*     0+    0                         4180,2047     5723,2041   177450   36,91%
*     0+    0                         4419,3936     5723,2041   177450   29,50%
*     0+    0                         4421,6775     5723,2041   177450   29,44%
      0     0     5696,6823  1559     4421,6775    Cuts: 5318   185335   28,84%
      0     0     5677,3541  1568     4421,6775    Cuts: 4570   192220   28,40%
      0     0     5648,3385  1567     4421,6775    Cuts: 4588   227458   27,74%
      0     0     5627,6011  1744     4421,6775    Cuts: 4369   262731   27,27%
      0     0     5610,4933  1599     4421,6775    Cuts: 4381   291555   26,89%
      0     0     5598,2348  1348     4421,6775    Cuts: 4022   309597   26,61%
*     0+    0                         4786,8385     5598,2348   309597   16,95%
*     0+    0                         4809,6529     5598,2348   309597   16,40%
*     0+    0                         4810,8734     5598,2348   309597   16,37%
      0     0     5587,1536  1685     4810,8734    Cuts: 3578   329936   16,14%
      0     0     5575,0094  1786     4810,8734    Cuts: 4009   344009   15,88%
      0     0     5566,4368  1271     4810,8734    Cuts: 4009   371026   15,71%
      0     0     5557,0579  1548     4810,8734    Cuts: 3166   391500   15,51%
*     0+    0                         4834,4495     5557,0579   404138   14,95%
      0     0     5548,5733  1559     4834,4495    Cuts: 3133   404138   14,77%
*     0+    0                         4835,4495     5548,5733   427164   14,75%
      0     0     5542,7927  1247     4835,4495    Cuts: 3158   427164   14,63%
      0     0     5536,7432  1354     4835,4495    Cuts: 2148   447510   14,50%
      0     0     5532,9240  1139     4835,4495    Cuts: 2034   470131   14,42%
      0     0     5529,1316  1035     4835,4495    Cuts: 1677   489539   14,35%
      0     0     5526,2280   991     4835,4495    Cuts: 1521   506209   14,29%
      0     0     5524,2550   940     4835,4495    Cuts: 1312   520984   14,24%
      0     0     5522,7068   864     4835,4495    Cuts: 1300   542107   14,21%
*     0+    0                         5225,5907     5522,7068   542107    5,69%
      0     0     5521,2110   816     5225,5907    Cuts: 1126   584327    5,66%
      0     0     5519,8214   724     5225,5907     Cuts: 944   612954    5,63%
*     0+    0                         5256,3497     5519,8214   621676    5,01%
      0     0     5519,0300   642     5256,3497     Cuts: 783   621676    5,00%
*     0+    0                         5257,9096     5519,0300   632169    4,97%
      0     0     5518,4894   731     5257,9096     Cuts: 505   632169    4,96%
      0     0     5518,3062   574     5257,9096     Cuts: 637   642190    4,95%
      0     0     5517,9737   502     5257,9096     Cuts: 410   649289    4,95%
*     0+    0                         5390,3704     5517,9737   649289    2,37%
*     0+    0                         5390,5001     5517,9737   649289    2,36%
*     0+    0                         5395,5534     5517,9737   649289    2,27%
      0     0     5517,5810   487     5395,5534     Cuts: 328   680675    2,26%
Heuristic still looking.
Heuristic still looking.
Heuristic still looking.
*     0+    0                         5397,2283     5517,5810   680675    2,23%
      0     2     5517,5810   487     5397,2283     5517,5810   680675    2,23%
Elapsed time = 4090,59 sec. (2766726,08 ticks, tree = 0,01 MB, solutions = 21)
      1     3     5517,5501   449     5397,2283     5517,5810   699465    2,23%
      2     4     5517,5420   485     5397,2283     5517,5810   712779    2,23%
      3     5     5516,9653   526     5397,2283     5517,5810   769222    2,23%
      5     7     5516,9356   521     5397,2283     5517,5810   786489    2,23%
      6     8     5516,8378   526     5397,2283     5517,5810   789875    2,23%
      7     9     5517,5297   437     5397,2283     5517,5418   793967    2,23%
      9    11     5516,6100   584     5397,2283     5517,5418   837142    2,23%
     12    14     5516,5767   611     5397,2283     5517,5418   868062    2,23%
     14    16     5516,7905   537     5397,2283     5517,5418   882259    2,23%
     17    19     5516,7705   506     5397,2283     5517,5418   895351    2,23%
Elapsed time = 4965,35 sec. (3327443,19 ticks, tree = 0,01 MB, solutions = 21)
     18    20     5517,5078   481     5397,2283     5517,5418   908089    2,23%
*    23+   23                         5433,0744     5517,5418   928979    1,55%
*    23+   23                         5433,1513     5517,5418   928979    1,55%
*    23+   23                         5433,2169     5517,5418   928979    1,55%
*    23+   23                         5433,2633     5517,5418   928979    1,55%
*    24+   24                         5433,3897     5517,5418   944890    1,55%
*    24+   24                         5433,4326     5517,5418   944890    1,55%
*    24+   24                         5433,5525     5517,5418   944890    1,55%
*    24+   24                         5437,7249     5517,5418   944890    1,47%
*    24+   24                         5437,7600     5517,5418   944890    1,47%
*    24+   24                         5437,8098     5517,5418   944890    1,47%
*    24+   24                         5437,8640     5517,5418   944890    1,47%
     24    26     5516,7714   584     5437,8640     5517,5418   944890    1,47%
     25    27     5516,5652   632     5437,8640     5517,5418   964595    1,47%
*    26+   26                         5439,7633     5517,5418   983111    1,43%
*    26+   26                         5441,1788     5517,5418   983111    1,40%
     26    28     5516,5560   596     5441,1788     5517,5418   983111    1,40%
     31    33     5516,5524   596     5441,1788     5517,5418   999627    1,40%
     32    34     5516,5390   595     5441,1788     5517,5418  1000416    1,40%
     33    35     5517,3944   559     5441,1788     5517,5418  1041231    1,40%
     47    49     5516,4991   659     5441,1788     5517,5418  1166226    1,40%
     54    56     5516,4360   610     5441,1788     5517,5418  1220678    1,40%
     55    57     5517,3034   573     5441,1788     5517,5418  1254143    1,40%
Elapsed time = 6003,75 sec. (3712993,26 ticks, tree = 0,09 MB, solutions = 35)
*    69+   69                         5455,5652     5517,5418  1299134    1,14%
*    69+   69                         5455,5744     5517,5418  1299134    1,14%
*    69+   69                         5455,5981     5517,5418  1299134    1,14%
     72    74     5516,4584   619     5455,5981     5517,5418  1334258    1,14%
     79    81     5516,7013   565     5455,5981     5517,5418  1456920    1,14%
    140   142     5516,4380   668     5455,5981     5517,5418  1653155    1,14%
    433   435     5516,3731   579     5455,5981     5517,5418  2185433    1,14%
   1809  1811     5517,2985   573     5455,5981     5517,5418  3422795    1,14%
   1814  1816     5516,6861   507     5455,5981     5517,5418  3435027    1,14%
   1820  1822     5516,4283   620     5455,5981     5517,5418  3451188    1,14%
   1822  1824     5516,5563   439     5455,5981     5517,5418  3462992    1,14%
   1824  1826     5516,3906   691     5455,5981     5517,5418  3480692    1,14%
   1841  1843     5516,4332   638     5455,5981     5517,5418  3533827    1,14%
Elapsed time = 7200,64 sec. (3946062,32 ticks, tree = 65,91 MB, solutions = 54)
   1845  1847     5516,4269   667     5455,5981     5517,5418  3544696    1,14%
   1863  1865     5516,3990   724     5455,5981     5517,5418  3568119    1,14%
   1878  1880     5516,4249   675     5455,5981     5517,5418  3606691    1,14%
   1882  1884     5517,2786   543     5455,5981     5517,5418  3608935    1,14%

Cover cuts applied:  46
Implied bound cuts applied:  178
Flow cuts applied:  27405
Mixed integer rounding cuts applied:  24146
Flow path cuts applied:  3713
Gomory fractional cuts applied:  260

Root node processing (before b&c):
  Real time             = 4073,12 sec. (2754814,12 ticks)
Parallel b&c, 24 threads:
  Real time             = 3119,04 sec. (1231277,10 ticks)
  Sync time (average)   =    0,07 sec.
  Wait time (average)   =    0,00 sec.
                          ------------
Total (root+branch&cut) = 7192,16 sec. (3986091,22 ticks)

<<< solve


OBJECTIVE: 5455.598
avg_utility = 0.942896315935006

<<< post process


<<< done

