
<<< setup


<<< generate

Found incumbent of value 0,000000 after 0,02 sec. (16,99 ticks)
Tried aggregator 4 times.
MIP Presolve eliminated 179508 rows and 391495 columns.
MIP Presolve modified 5002 coefficients.
Aggregator did 108717 substitutions.
Reduced MIP has 13526 rows, 31629 columns, and 101344 nonzeros.
Reduced MIP has 2724 binaries, 0 generals, 0 SOSs, and 0 indicators.
Presolve time = 3,94 sec. (3629,07 ticks)
Probing time = 0,01 sec. (1,30 ticks)
Tried aggregator 1 time.
Reduced MIP has 13526 rows, 31629 columns, and 101344 nonzeros.
Reduced MIP has 2724 binaries, 0 generals, 0 SOSs, and 0 indicators.
Presolve time = 0,05 sec. (47,41 ticks)
Probing time = 0,01 sec. (1,35 ticks)
MIP emphasis: balance optimality and feasibility.
MIP search method: dynamic search.
Parallel mode: deterministic, using up to 8 threads.
Root relaxation solution time = 0,21 sec. (189,23 ticks)

        Nodes                                         Cuts/
   Node  Left     Objective  IInf  Best Integer    Best Bound    ItCnt     Gap

*     0+    0                         1537,0000    19791,6000              --- 
      0     0     7863,0000  1528     1537,0000     7863,0000     3282  411,58%
*     0+    0                         5484,2830     7863,0000            43,37%
      0     0     6200,8032    47     5484,2830    Cuts: 3481    17664   13,06%
      0     0     5852,7647     8     5484,2830     Cuts: 188    30060    6,72%
      0     0     5852,4891    10     5484,2830      Cuts: 21    33492    6,71%
*     0+    0                         5824,9650     5852,4891             0,47%

Implied bound cuts applied:  133
Flow cuts applied:  2367
Mixed integer rounding cuts applied:  863
Flow path cuts applied:  1
Gomory fractional cuts applied:  216

Root node processing (before b&c):
  Real time             =   15,62 sec. (18838,14 ticks)
Parallel b&c, 8 threads:
  Real time             =    0,00 sec. (0,00 ticks)
  Sync time (average)   =    0,00 sec.
  Wait time (average)   =    0,00 sec.
                          ------------
Total (root+branch&cut) =   15,62 sec. (18838,14 ticks)

<<< solve


OBJECTIVE: 5824.965
avg_utility = 0.740807

<<< post process


<<< done

