
<<< setup


<<< generate

Found incumbent of value 0.000000 after 0.00 sec. (1.41 ticks)
Tried aggregator 2 times.
MIP Presolve eliminated 37236 rows and 26933 columns.
MIP Presolve modified 3083 coefficients.
Aggregator did 3080 substitutions.
Reduced MIP has 3390 rows, 6468 columns, and 12628 nonzeros.
Reduced MIP has 2818 binaries, 570 generals, 0 SOSs, and 0 indicators.
Presolve time = 0.09 sec. (42.37 ticks)
Probing time = 0.01 sec. (0.74 ticks)
Tried aggregator 1 time.
Reduced MIP has 3390 rows, 6468 columns, and 12628 nonzeros.
Reduced MIP has 2818 binaries, 570 generals, 0 SOSs, and 0 indicators.
Presolve time = 0.02 sec. (8.05 ticks)
Probing time = 0.12 sec. (0.74 ticks)
Clique table members: 213.
MIP emphasis: balance optimality and feasibility.
MIP search method: dynamic search.
Parallel mode: deterministic, using up to 8 threads.
Root relaxation solution time = 0.04 sec. (24.59 ticks)

        Nodes                                         Cuts/
   Node  Left     Objective  IInf  Best Integer    Best Bound    ItCnt     Gap

*     0+    0                            0.0000     3500.5298              --- 
      0     0      729.5090     2        0.0000      729.5090      675     --- 
*     0+    0                          729.4559      729.5090             0.01%

Mixed integer rounding cuts applied:  1

Root node processing (before b&c):
  Real time             =    0.55 sec. (233.43 ticks)
Parallel b&c, 8 threads:
  Real time             =    0.00 sec. (0.00 ticks)
  Sync time (average)   =    0.00 sec.
  Wait time (average)   =    0.00 sec.
                          ------------
Total (root+branch&cut) =    0.55 sec. (233.43 ticks)

<<< solve


OBJECTIVE: 729.4559
avg_utility = 0.893941

<<< post process


<<< done

