
<<< setup


<<< generate

Found incumbent of value 0,000000 after 0,02 sec. (16,99 ticks)
Tried aggregator 5 times.
MIP Presolve eliminated 179816 rows and 390747 columns.
MIP Presolve modified 5989 coefficients.
Aggregator did 107691 substitutions.
Reduced MIP has 14244 rows, 33403 columns, and 107005 nonzeros.
Reduced MIP has 2634 binaries, 0 generals, 0 SOSs, and 0 indicators.
Presolve time = 5,06 sec. (3899,40 ticks)
Probing time = 0,21 sec. (1,28 ticks)
Tried aggregator 1 time.
Reduced MIP has 14244 rows, 33403 columns, and 107005 nonzeros.
Reduced MIP has 2634 binaries, 0 generals, 0 SOSs, and 0 indicators.
Presolve time = 0,10 sec. (52,82 ticks)
Probing time = 0,04 sec. (1,28 ticks)
MIP emphasis: balance optimality and feasibility.
MIP search method: dynamic search.
Parallel mode: deterministic, using up to 24 threads.
Root relaxation solution time = 0,59 sec. (483,01 ticks)

        Nodes                                         Cuts/
   Node  Left     Objective  IInf  Best Integer    Best Bound    ItCnt     Gap

*     0+    0                         1537,0000    19096,6000              --- 
*     0+    0                         3012,9900    19096,6000           533,81%
*     0     0      integral     0     3597,0500     3597,0500       23    0,00%
Elapsed time = 6,15 sec. (4518,98 ticks, tree = 0,00 MB, solutions = 3)

Root node processing (before b&c):
  Real time             =    6,19 sec. (4545,24 ticks)
Parallel b&c, 24 threads:
  Real time             =    0,00 sec. (0,00 ticks)
  Sync time (average)   =    0,00 sec.
  Wait time (average)   =    0,00 sec.
                          ------------
Total (root+branch&cut) =    6,19 sec. (4545,24 ticks)

<<< solve


OBJECTIVE: 3597.05
avg_utility = 0.457465

<<< post process


<<< done

