
<<< setup


<<< generate

Tried aggregator 4 times.
MIP Presolve eliminated 208037 rows and 190485 columns.
MIP Presolve modified 20009 coefficients.
Aggregator did 46000 substitutions.
Reduced MIP has 20999 rows, 48544 columns, and 115456 nonzeros.
Reduced MIP has 9184 binaries, 0 generals, 0 SOSs, and 0 indicators.
Presolve time = 1,74 sec. (1410,59 ticks)
Found incumbent of value 0,000000 after 1,89 sec. (1532,29 ticks)
Probing time = 0,01 sec. (5,13 ticks)
Tried aggregator 5 times.
MIP Presolve eliminated 0 rows and 6560 columns.
MIP Presolve modified 13120 coefficients.
Aggregator did 6560 substitutions.
Reduced MIP has 14439 rows, 35424 columns, and 89216 nonzeros.
Reduced MIP has 9184 binaries, 0 generals, 0 SOSs, and 0 indicators.
Presolve time = 0,77 sec. (875,36 ticks)
Probing time = 0,03 sec. (9,59 ticks)
Clique table members: 1312.
MIP emphasis: balance optimality and feasibility.
MIP search method: dynamic search.
Parallel mode: deterministic, using up to 24 threads.
Root relaxation solution time = 0,36 sec. (464,66 ticks)

        Nodes                                         Cuts/
   Node  Left     Objective  IInf  Best Integer    Best Bound    ItCnt     Gap

*     0+    0                            0,0000     8396,8000       18     --- 
      0     0     1589,7000   161        0,0000     1589,7000       18     --- 
*     0+    0                         1572,3000     1589,7000      111    1,11%
      0     0     1589,7000   115     1572,3000      Cuts: 58      111    1,11%
      0     0     1589,7000   139     1572,3000     Cuts: 137      505    1,11%
      0     0     1589,7000   118     1572,3000      Cuts: 17      585    1,11%
*     0+    0                         1574,6000     1589,7000      585    0,96%
*     0+    0                         1576,9000     1589,7000      585    0,81%
*     0+    0                         1577,0000     1589,7000      585    0,81%
*     0+    0                         1577,2000     1589,7000      585    0,79%
      0     0     1589,7000   126     1577,2000     Cuts: 111     1218    0,79%
      0     2     1589,7000    88     1577,2000     1589,7000     1218    0,79%
Elapsed time = 25,87 sec. (27965,40 ticks, tree = 0,01 MB, solutions = 6)
      1     3     1582,1000     6     1577,2000     1589,7000     6729    0,79%
      2     4     1582,1000     8     1577,2000     1589,7000     7259    0,79%
      3     5     1588,5750   106     1577,2000     1589,7000     8740    0,79%
      7     9     1582,1000     8     1577,2000     1588,5750    12412    0,72%
      9    11     1588,4988   111     1577,2000     1588,5750    12716    0,72%
*    10+   10                         1581,0000     1588,5750    14629    0,48%
     11    11     1581,2444     6     1581,0000     1588,5750    14848    0,48%
     14    14     1582,1000     8     1581,0000     1588,5750    21717    0,48%
*    17    15      integral     0     1582,1000     1588,5750    39020    0,41%
     19    10     1588,5275   107     1582,1000     1588,5750    46160    0,41%
     21    12     1588,5275   116     1582,1000     1588,5750    61590    0,41%
Elapsed time = 31,04 sec. (33213,80 ticks, tree = 0,01 MB, solutions = 8)
     26    17     1588,5750   130     1582,1000     1588,5750    84605    0,41%
*    30+   19                         1584,8000     1588,5750    87323    0,24%
*    30+   19                         1584,9000     1588,5750    87323    0,23%
*    31+   20                         1584,9000     1588,5750    87863    0,23%
*    31+   20                         1585,0000     1588,5750    87863    0,23%
     33    24     1588,4083   115     1585,0000     1588,5750    89678    0,23%
*    45+   34                         1585,1000     1588,5750    95556    0,22%
*    45+   34                         1585,2000     1588,5750    95556    0,21%
     45    36     1588,4250   121     1585,2000     1588,5750    95556    0,21%
     50    41     1587,3000    89     1585,2000     1588,5750    99728    0,21%
     57    48     1588,5275   114     1585,2000     1588,5750   106473    0,21%
     73    64     1587,2500    86     1585,2000     1588,5750   117560    0,21%
    455   422     1588,3750   127     1585,2000     1588,5750   221263    0,21%
    475   437     1588,3488   101     1585,2000     1588,5750   226290    0,21%
    538   492     1586,9833    81     1585,2000     1588,5750   243880    0,21%
    864   707     1587,1667    88     1585,2000     1588,5750   312691    0,21%
Elapsed time = 58,10 sec. (49463,44 ticks, tree = 2,11 MB, solutions = 21)
    967   765     1587,1500    93     1585,2000     1588,5417   334566    0,21%
    979   775     1587,3000    77     1585,2000     1588,5417   338691    0,21%
   1075   855     1585,8875    44     1585,2000     1588,5417   366141    0,21%
   1616  1270     1588,3417   110     1585,2000     1588,5417   432884    0,21%
   1828  1386     1588,4250   108     1585,2000     1588,5417   444217    0,21%
   1956  1484     1587,1500    79     1585,2000     1588,5417   484578    0,21%
   2124  1614     1586,6938    65     1585,2000     1588,5417   513111    0,21%
   2197  1675     1588,3417    93     1585,2000     1588,5417   533252    0,21%
   3517  2820     1587,2500    78     1585,2000     1588,5417   621913    0,21%
   3534  2832     1587,1500    88     1585,2000     1588,5417   630793    0,21%
Elapsed time = 95,66 sec. (61602,15 ticks, tree = 34,01 MB, solutions = 21)
   3606  2888     1586,0250    44     1585,2000     1588,5417   649995    0,21%
   3640  2913     1586,2250    44     1585,2000     1588,5417   657646    0,21%
   3760  3009     1588,3250   121     1585,2000     1588,5417   684265    0,21%
   4769  3757     1585,3556    37     1585,2000     1588,5417   794713    0,21%
   5048  4002     1587,1667    82     1585,2000     1588,5417   824195    0,21%
   5064  4008     1588,3250   130     1585,2000     1588,5417   832333    0,21%
   5106  4039     1586,4583    42     1585,2000     1588,5417   850698    0,21%
   5226  4141     1585,5594    32     1585,2000     1588,5417   884246    0,21%
   5378  4241     1586,4906    49     1585,2000     1588,5417   909730    0,21%
   7051  5397     1589,7000    92     1585,2000     1588,4750  1112333    0,21%
Elapsed time = 223,94 sec. (154529,16 ticks, tree = 127,94 MB, solutions = 21)
   7053  2699     1588,5750   105     1585,2000     1588,4750  1115120    0,21%
   7054  2700     1588,5750   127     1585,2000     1588,4750  1118106    0,21%
   7055  2701     1588,5417   115     1585,2000     1588,4750  1118732    0,21%
   7056  2702     1588,5750   128     1585,2000     1588,4750  1127092    0,21%
   7059  2704     1587,4500    84     1585,2000     1588,4750  1152647    0,21%
   7061  2706     1588,5750   105     1585,2000     1588,4750  1167945    0,21%
   7066  2435     1586,3250    45     1585,2000     1588,4750  1191534    0,21%
   7067  2436     1586,6750    74     1585,2000     1588,4750  1192111    0,21%
   7070  2437     1586,3250    50     1585,2000     1588,4750  1193223    0,21%
   7076  2437     1586,3250    45     1585,2000     1588,4750  1193838    0,21%
Elapsed time = 240,51 sec. (171643,05 ticks, tree = 57,42 MB, solutions = 21)
   7079  2283     1585,5500    48     1585,2000     1588,4750  1195094    0,21%
   7092  2154     1585,5500    43     1585,2000     1588,4750  1197100    0,21%
   7105  2035     1585,5000    44     1585,2000     1588,4750  1200311    0,21%
   7113  1818     1585,5500    47     1585,2000     1588,4750  1200650    0,21%
   7134  1332     1586,2750    44     1585,2000     1588,4750  1203427    0,21%
   7150  1260     1585,5500    46     1585,2000     1588,4750  1204129    0,21%
   7160  1196     1586,2750    49     1585,2000     1588,4750  1204351    0,21%
   7192   866     1586,2750    49     1585,2000     1588,4750  1205195    0,21%
   7215   634     1586,2750    49     1585,2000     1588,4750  1206954    0,21%
   7250   401     1586,2750    49     1585,2000     1588,4750  1207941    0,21%
Elapsed time = 253,84 sec. (184659,20 ticks, tree = 8,95 MB, solutions = 21)
   7286   242     1586,2750    49     1585,2000     1588,4750  1208542    0,21%
   7316   194     1586,2750    46     1585,2000     1588,4750  1210223    0,21%
   7384   133     1586,2750    55     1585,2000     1588,4750  1213246    0,21%
   7462    70     1586,3250    46     1585,2000     1588,4750  1216648    0,21%
   7507    51     1586,2750    38     1585,2000     1588,4750  1219246    0,21%
   7606    33     1586,3250    47     1585,2000     1588,4750  1223074    0,21%
   7703    54     1586,2750    53     1585,2000     1588,4750  1226753    0,21%
   7822    25     1585,5000    43     1585,2000     1588,4750  1233396    0,21%
   7834    30     1585,5000    41     1585,2000     1588,4750  1234651    0,21%
   7871    24     1587,3500    76     1585,2000     1588,4750  1239056    0,21%
Elapsed time = 269,13 sec. (196826,87 ticks, tree = 0,01 MB, solutions = 21)
   7888    18     1587,3500    82     1585,2000     1588,4750  1240448    0,21%
   7961    55     1586,2417    45     1585,2000     1588,4750  1247584    0,21%
   8018    79     1587,4000    90     1585,2000     1588,4750  1253460    0,21%
   8167    92     1586,3250    47     1585,2000     1587,4000  1260270    0,14%
   8469   240     1586,2000    36     1585,2000     1587,4000  1276540    0,14%
   8586   254     1586,3250    39     1585,2000     1587,4000  1286840    0,14%
   8999   250     1586,2750    37     1585,2000     1587,4000  1305943    0,14%
   9306   262     1586,2250    40     1585,2000     1587,4000  1318723    0,14%
   9334   259     1586,2536    38     1585,2000     1587,4000  1321385    0,14%
   9665   292     1586,2250    41     1585,2000     1587,4000  1349095    0,14%
Elapsed time = 288,93 sec. (208421,70 ticks, tree = 0,38 MB, solutions = 21)
   9974   436     1586,2083    40     1585,2000     1587,4000  1371494    0,14%
  10228   461     1586,2036    43     1585,2000     1586,3250  1381566    0,07%
  11426   712     1586,1500    47     1585,2000     1586,2750  1449512    0,07%
  11533   770     1586,1750    38     1585,2000     1586,2750  1460695    0,07%
  12704   829     1586,1167    42     1585,2000     1586,2250  1518794    0,06%
  13060   851     1586,1167    43     1585,2000     1586,2250  1542860    0,06%
  13844   630     1586,1167    40     1585,2000     1586,2250  1571194    0,06%
  14664   118     1586,0500    38     1585,2000     1586,1500  1584490    0,06%
  14810   114     1586,0000    43     1585,2000     1586,1500  1589312    0,06%
  14831   121     1586,0000    49     1585,2000     1586,1500  1590670    0,06%
Elapsed time = 314,53 sec. (220938,83 ticks, tree = 0,13 MB, solutions = 21)
  15080    40     1585,6658    24     1585,2000     1586,0000  1594463    0,05%

Implied bound cuts applied:  2942
Flow cuts applied:  88
Mixed integer rounding cuts applied:  17
Gomory fractional cuts applied:  178

Root node processing (before b&c):
  Real time             =   22,79 sec. (25402,90 ticks)
Parallel b&c, 24 threads:
  Real time             =  290,17 sec. (194271,88 ticks)
  Sync time (average)   =    0,15 sec.
  Wait time (average)   =    0,00 sec.
                          ------------
Total (root+branch&cut) =  312,95 sec. (219674,78 ticks)

<<< solve


OBJECTIVE: 1585.2

<<< post process


<<< done

