
<<< setup


<<< generate

Found incumbent of value 0,000000 after 0,02 sec. (11,88 ticks)
Tried aggregator 4 times.
MIP Presolve eliminated 188651 rows and 276415 columns.
Aggregator did 72381 substitutions.
Reduced MIP has 1005 rows, 4965 columns, and 17995 nonzeros.
Reduced MIP has 0 binaries, 0 generals, 0 SOSs, and 0 indicators.
Presolve time = 2,01 sec. (1534,40 ticks)
Tried aggregator 1 time.
MIP Presolve eliminated 840 rows and 4200 columns.
Reduced MIP has 165 rows, 765 columns, and 2760 nonzeros.
Reduced MIP has 0 binaries, 0 generals, 0 SOSs, and 0 indicators.
Presolve time = 0,01 sec. (10,02 ticks)
Tried aggregator 1 time.
Reduced MIP has 165 rows, 765 columns, and 2760 nonzeros.
Reduced MIP has 0 binaries, 0 generals, 0 SOSs, and 0 indicators.
Presolve time = 0,01 sec. (5,28 ticks)
MIP emphasis: balance optimality and feasibility.
MIP search method: dynamic search.
Parallel mode: deterministic, using up to 24 threads.
Root relaxation solution time = 0,00 sec. (2,69 ticks)

        Nodes                                         Cuts/
   Node  Left     Objective  IInf  Best Integer    Best Bound    ItCnt     Gap

*     0+    0                          822,0000    13447,4578              --- 
*     0     0      integral     0     3138,9782     3138,9782      289    0,00%
Elapsed time = 2,07 sec. (1583,51 ticks, tree = 0,00 MB, solutions = 2)

Root node processing (before b&c):
  Real time             =    2,10 sec. (1598,51 ticks)
Parallel b&c, 24 threads:
  Real time             =    0,00 sec. (0,00 ticks)
  Sync time (average)   =    0,00 sec.
  Wait time (average)   =    0,00 sec.
                          ------------
Total (root+branch&cut) =    2,10 sec. (1598,51 ticks)

<<< solve


OBJECTIVE: 3138.978
avg_utility = 0.824961

<<< post process


<<< done

