
<<< setup


<<< generate

Found incumbent of value 0,000000 after 0,03 sec. (17,58 ticks)
Tried aggregator 5 times.
MIP Presolve eliminated 194704 rows and 420663 columns.
Aggregator did 120183 substitutions.
Reduced MIP has 1621 rows, 8035 columns, and 33885 nonzeros.
Reduced MIP has 0 binaries, 0 generals, 0 SOSs, and 0 indicators.
Presolve time = 3,81 sec. (2924,71 ticks)
Tried aggregator 1 time.
MIP Presolve eliminated 1385 rows and 6925 columns.
Reduced MIP has 236 rows, 1110 columns, and 4625 nonzeros.
Reduced MIP has 0 binaries, 0 generals, 0 SOSs, and 0 indicators.
Presolve time = 0,02 sec. (15,74 ticks)
Tried aggregator 1 time.
Reduced MIP has 236 rows, 1110 columns, and 4625 nonzeros.
Reduced MIP has 0 binaries, 0 generals, 0 SOSs, and 0 indicators.
Presolve time = 0,01 sec. (7,56 ticks)
MIP emphasis: balance optimality and feasibility.
MIP search method: dynamic search.
Parallel mode: deterministic, using up to 24 threads.
Root relaxation solution time = 0,01 sec. (3,81 ticks)

        Nodes                                         Cuts/
   Node  Left     Objective  IInf  Best Integer    Best Bound    ItCnt     Gap

*     0+    0                         1590,0000    27778,4345              --- 
*     0     0      integral     0     5368,5414     5368,5414      343    0,00%
Elapsed time = 3,91 sec. (2999,13 ticks, tree = 0,00 MB, solutions = 2)

Root node processing (before b&c):
  Real time             =    3,96 sec. (3022,47 ticks)
Parallel b&c, 24 threads:
  Real time             =    0,00 sec. (0,00 ticks)
  Sync time (average)   =    0,00 sec.
  Wait time (average)   =    0,00 sec.
                          ------------
Total (root+branch&cut) =    3,96 sec. (3022,47 ticks)

<<< solve


OBJECTIVE: 5368.541
avg_utility = 0.679562

<<< post process


<<< done

