
<<< setup


<<< generate

Found incumbent of value 0,000000 after 0,01 sec. (9,62 ticks)
Tried aggregator 2 times.
MIP Presolve eliminated 363107 rows and 202505 columns.
MIP Presolve modified 7763 coefficients.
Aggregator did 7760 substitutions.
Reduced MIP has 8539 rows, 16296 columns, and 35696 nonzeros.
Reduced MIP has 7516 binaries, 1020 generals, 0 SOSs, and 0 indicators.
Presolve time = 0,19 sec. (267,25 ticks)
Probing time = 0,01 sec. (2,11 ticks)
Tried aggregator 1 time.
Reduced MIP has 8539 rows, 16296 columns, and 35696 nonzeros.
Reduced MIP has 7516 binaries, 1020 generals, 0 SOSs, and 0 indicators.
Presolve time = 0,03 sec. (27,86 ticks)
Probing time = 0,01 sec. (2,10 ticks)
Clique table members: 606.
MIP emphasis: balance optimality and feasibility.
MIP search method: dynamic search.
Parallel mode: deterministic, using up to 8 threads.
Root relaxation solution time = 0,14 sec. (248,16 ticks)

        Nodes                                         Cuts/
   Node  Left     Objective  IInf  Best Integer    Best Bound    ItCnt     Gap

*     0+    0                            0,0000     4899,0000              --- 
      0     0     1032,3450     8        0,0000     1032,3450     5837     --- 
      0     0     1032,3450     9        0,0000       Cuts: 3     5839     --- 
      0     0     1032,3450    13        0,0000       Cuts: 3     5841     --- 
*     0+    0                         1032,0000     1032,3450             0,03%

Repeating presolve.
Tried aggregator 1 time.
MIP Presolve eliminated 3162 rows and 6397 columns.
MIP Presolve modified 1081 coefficients.
Reduced MIP has 5377 rows, 9899 columns, and 21321 nonzeros.
Reduced MIP has 4720 binaries, 581 generals, 0 SOSs, and 0 indicators.
Presolve time = 0,03 sec. (32,82 ticks)
Probing time = 0,00 sec. (1,13 ticks)
Tried aggregator 1 time.
Reduced MIP has 5377 rows, 9899 columns, and 21321 nonzeros.
Reduced MIP has 4720 binaries, 581 generals, 0 SOSs, and 0 indicators.
Presolve time = 0,02 sec. (17,81 ticks)
Represolve time = 0,07 sec. (71,57 ticks)
Probing time = 0,01 sec. (1,09 ticks)
Clique table members: 1130.
MIP emphasis: balance optimality and feasibility.
MIP search method: dynamic search.
Parallel mode: deterministic, using up to 8 threads.
Root relaxation solution time = 0,08 sec. (108,11 ticks)

        Nodes                                         Cuts/
   Node  Left     Objective  IInf  Best Integer    Best Bound    ItCnt     Gap

*     0+    0                         1032,0000     1032,3450             0,03%
      0     0     1032,3450     9     1032,0000     1032,3450     9482    0,03%
      0     0     1032,3450    10     1032,0000       Cuts: 4     9485    0,03%
      0     0     1032,3450    14     1032,0000       Cuts: 3     9488    0,03%
*     0+    0                         1032,2000     1032,3450             0,01%
*     0     0      integral     0     1032,2000     1032,2000     9488    0,00%
Elapsed time = 2,86 sec. (4077,04 ticks, tree = 0,00 MB, solutions = 3)

Flow cuts applied:  1
Mixed integer rounding cuts applied:  1
Gomory fractional cuts applied:  1

Root node processing (before b&c):
  Real time             =    2,87 sec. (4086,88 ticks)
Parallel b&c, 8 threads:
  Real time             =    0,00 sec. (0,00 ticks)
  Sync time (average)   =    0,00 sec.
  Wait time (average)   =    0,00 sec.
                          ------------
Total (root+branch&cut) =    2,87 sec. (4086,88 ticks)

<<< solve


OBJECTIVE: 1032.2
avg_utility = 0.632088

<<< post process


<<< done

