
<<< setup


<<< generate

Found incumbent of value 0.000000 after 0.02 sec. (7.99 ticks)
Tried aggregator 6 times.
MIP Presolve eliminated 346213 rows and 152086 columns.
Aggregator did 10350 substitutions.
Reduced MIP has 3107 rows, 7245 columns, and 16560 nonzeros.
Reduced MIP has 0 binaries, 0 generals, 0 SOSs, and 0 indicators.
Presolve time = 1.00 sec. (632.90 ticks)
Tried aggregator 2 times.
MIP Presolve eliminated 3033 rows and 7057 columns.
Aggregator did 15 substitutions.
Reduced MIP has 59 rows, 173 columns, and 359 nonzeros.
Reduced MIP has 0 binaries, 0 generals, 0 SOSs, and 0 indicators.
Presolve time = 0.04 sec. (14.76 ticks)
Tried aggregator 1 time.
Reduced MIP has 59 rows, 173 columns, and 359 nonzeros.
Reduced MIP has 0 binaries, 0 generals, 0 SOSs, and 0 indicators.
Presolve time = 0.01 sec. (4.65 ticks)
MIP emphasis: balance optimality and feasibility.
MIP search method: dynamic search.
Parallel mode: deterministic, using up to 8 threads.
Root relaxation solution time = 0.00 sec. (0.16 ticks)

        Nodes                                         Cuts/
   Node  Left     Objective  IInf  Best Integer    Best Bound    ItCnt     Gap

*     0+    0                            0.0000     8580.7275              --- 
*     0     0      integral     0     1726.9847     1726.9847       53    0.00%
Elapsed time = 1.08 sec. (670.32 ticks, tree = 0.00 MB, solutions = 1)

Root node processing (before b&c):
  Real time             =    1.10 sec. (676.32 ticks)
Parallel b&c, 8 threads:
  Real time             =    0.00 sec. (0.00 ticks)
  Sync time (average)   =    0.00 sec.
  Wait time (average)   =    0.00 sec.
                          ------------
Total (root+branch&cut) =    1.10 sec. (676.32 ticks)

<<< solve


OBJECTIVE: 1726.985
avg_utility = 0.704892

<<< post process


<<< done

