
<<< setup


<<< generate

Found incumbent of value 0,000000 after 0,00 sec. (3,72 ticks)
Tried aggregator 3 times.
MIP Presolve eliminated 19010 rows and 52795 columns.
MIP Presolve modified 2517 coefficients.
Aggregator did 23769 substitutions.
Reduced MIP has 13075 rows, 43437 columns, and 131663 nonzeros.
Reduced MIP has 5210 binaries, 2640 generals, 0 SOSs, and 0 indicators.
Presolve time = 0,92 sec. (1014,94 ticks)
Probing time = 0,08 sec. (23,75 ticks)
Tried aggregator 1 time.
Reduced MIP has 13075 rows, 43437 columns, and 131663 nonzeros.
Reduced MIP has 5210 binaries, 2640 generals, 0 SOSs, and 0 indicators.
Presolve time = 0,07 sec. (78,40 ticks)
Probing time = 0,08 sec. (23,74 ticks)
Clique table members: 1620.
MIP emphasis: balance optimality and feasibility.
MIP search method: dynamic search.
Parallel mode: deterministic, using up to 8 threads.
Root relaxation solution time = 0,37 sec. (468,72 ticks)

        Nodes                                         Cuts/
   Node  Left     Objective  IInf  Best Integer    Best Bound    ItCnt     Gap

*     0+    0                            0,0000    48978,0000              --- 
      0     0    11263,9019   486        0,0000    11263,9019     5151     --- 
*     0+    0                         4120,2000    11263,9019           173,38%
      0     0    10462,6771   501     4120,2000    Cuts: 1671    17259  153,94%
*     0+    0                         5246,0000    10462,6771            99,44%
      0     0     9368,6091   499     5246,0000    Cuts: 1540    28122   78,59%
      0     0     8256,4541   538     5246,0000    Cuts: 1575    30737   57,39%
*     0+    0                         5259,2000     8256,4541            56,99%
      0     0     7394,9917   631     5259,2000    Cuts: 1567    38044   40,61%
      0     0     6567,9627   421     5259,2000    Cuts: 1558    46414   24,89%
*     0+    0                         5279,2000     6567,9627            24,41%
      0     0     6076,8735   310     5279,2000    Cuts: 1276    60427   15,11%
*     0+    0                         5523,2000     6076,8735            10,02%
*     0+    0                         5537,4000     6076,8735             9,74%
      0     0     5930,2936   255     5537,4000     Cuts: 839    62182    7,10%
      0     0     5872,3409   290     5537,4000     Cuts: 688    64090    6,05%
      0     0     5863,5008   341     5537,4000     Cuts: 597    65615    5,89%
*     0+    0                         5675,6000     5863,5008             3,31%
      0     0     5861,6342   347     5675,6000     Cuts: 491    71306    3,28%
      0     0     5829,4048   298     5675,6000     Cuts: 727    73414    2,71%
      0     0     5823,6687   321     5675,6000     Cuts: 528    87631    2,61%
      0     0     5823,2446   261     5675,6000     Cuts: 725    91267    2,60%
      0     0     5823,1515   297     5675,6000     Cuts: 395   101027    2,60%
      0     0     5823,1417   299     5675,6000     Cuts: 628   138221    2,60%
*     0+    0                         5784,6000     5823,1417             0,67%
      0     2     5823,1417   299     5784,6000     5823,1417   138221    0,67%
Elapsed time = 95,84 sec. (74097,69 ticks, tree = 0,00 MB, solutions = 9)
      1     3     5784,9238   233     5784,6000     5823,1417   139319    0,67%
      2     4     5799,8899   233     5784,6000     5823,1417   155555    0,67%
      3     5     5789,8071   243     5784,6000     5797,3852   156353    0,22%
      4     6     5784,8667   227     5784,6000     5797,3852   156395    0,22%
     10     9     5786,5071   260     5784,6000     5789,3071   159801    0,08%
     11    10     5784,8667   248     5784,6000     5789,3071   163450    0,08%
     13    12     5784,8667   221     5784,6000     5789,3071   169298    0,08%
     17    12     5784,8667   226     5784,6000     5788,9415   174403    0,08%
     22    17     5784,8667   206     5784,6000     5788,9415   180368    0,08%
     23    18     5784,9238   266     5784,6000     5788,9415   184239    0,08%
Elapsed time = 117,13 sec. (89249,85 ticks, tree = 0,00 MB, solutions = 9)
    233   228     5784,8667   206     5784,6000     5788,9415   194356    0,08%
    308   303     5784,8667   193     5784,6000     5788,9415   224050    0,08%
    316   311     5784,8667   235     5784,6000     5788,9415   238563    0,08%
    337   332     5784,8667   203     5784,6000     5788,9415   252239    0,08%
    368   363     5784,8667   192     5784,6000     5788,9415   254722    0,08%
    496   491     5784,8667   172     5784,6000     5788,9415   268161    0,08%
    500   495     5784,8667   127     5784,6000     5788,9415   268921    0,08%
    655   649     5784,8667   159     5784,6000     5788,9415   284130    0,08%
    696   690     5784,8667   187     5784,6000     5788,9415   287475    0,08%
    784   778     5784,8667   166     5784,6000     5788,9415   293665    0,08%
Elapsed time = 173,76 sec. (108540,09 ticks, tree = 7,76 MB, solutions = 9)
   1345  1330     5784,8667   191     5784,6000     5788,9415   309736    0,08%
   1353  1338     5784,8667   205     5784,6000     5788,9415   329630    0,08%
   1564  1549     5784,8667   182     5784,6000     5788,9415   358833    0,08%
   1637  1622     5784,8667   195     5784,6000     5788,9415   365216    0,08%
   1653  1638     5784,8667   215     5784,6000     5788,9415   371638    0,08%
   1896  1864     5784,8857    55     5784,6000     5784,9238   427619    0,01%
   1901  1398     5784,8571    52     5784,6000     5784,8857   427642    0,00%
   1914  1171     5784,8571    55     5784,6000     5784,8571   427687    0,00%
   1923  1175     5784,8037    96     5784,6000     5784,8571   429135    0,00%
   1948  1180     5784,8000    74     5784,6000     5784,8571   430045    0,00%
Elapsed time = 222,41 sec. (140223,97 ticks, tree = 22,89 MB, solutions = 9)
   2079  1262     5784,8000    62     5784,6000     5784,8571   430673    0,00%
   2282  1379     5784,8000    45     5784,6000     5784,8571   431657    0,00%
   2364  1415     5784,8000    85     5784,6000     5784,8571   434180    0,00%
   2501  1466     5784,8000    86     5784,6000     5784,8571   436903    0,00%
   2667  1474     5784,8000    81     5784,6000     5784,8571   440574    0,00%
   2849  1517     5784,8000    74     5784,6000     5784,8571   442014    0,00%
   3073  1528     5784,8571    62     5784,6000     5784,8571   443114    0,00%
   3514  1471     5784,8413    50     5784,6000     5784,8571   445104    0,00%
   3927  1380     5784,8000   113     5784,6000     5784,8571   448336    0,00%
   4292  1582     5784,8000    81     5784,6000     5784,8571   455234    0,00%
Elapsed time = 244,98 sec. (151689,68 ticks, tree = 8,45 MB, solutions = 9)
   4411  1666     5784,8000    88     5784,6000     5784,8571   463318    0,00%
   5016  1832     5784,8286    42     5784,6000     5784,8571   469410    0,00%
   5385  2000     5784,8000    67     5784,6000     5784,8571   473513    0,00%
   5715  2227     5784,8000    98     5784,6000     5784,8571   480203    0,00%
   6095  2489     5784,8571    94     5784,6000     5784,8571   487590    0,00%
   6570  2763     5784,8000    86     5784,6000     5784,8571   493377    0,00%
   6782  2889     5784,8000   211     5784,6000     5784,8571   502356    0,00%
   7116  3157     5784,8043    83     5784,6000     5784,8571   518132    0,00%
   7633  3471     5784,8043    98     5784,6000     5784,8571   522755    0,00%
   7897  3643     5784,8043    56     5784,6000     5784,8571   530020    0,00%
Elapsed time = 272,16 sec. (162943,52 ticks, tree = 24,09 MB, solutions = 9)
   8337  3911     5784,8000    92     5784,6000     5784,8571   548284    0,00%
   8675  4076     5784,8000   105     5784,6000     5784,8571   559426    0,00%
   9043  4373     5784,8043    76     5784,6000     5784,8571   573398    0,00%
   9284  4544     5784,8043   113     5784,6000     5784,8571   578536    0,00%
   9385  4621     5784,8000   105     5784,6000     5784,8571   580148    0,00%
   9531  4746     5784,8000    79     5784,6000     5784,8571   585250    0,00%
   9954  5114     5784,8000   128     5784,6000     5784,8571   599283    0,00%
  10351  5284     5784,8000   113     5784,6000     5784,8571   608797    0,00%
  11107  5669     5784,8000   118     5784,6000     5784,8571   624319    0,00%
  11741  5937     5784,8000   144     5784,6000     5784,8571   654761    0,00%
Elapsed time = 302,20 sec. (174504,59 ticks, tree = 45,40 MB, solutions = 9)
  11774  5964     5784,8000   201     5784,6000     5784,8571   659632    0,00%
  12133  6156     5784,8000    85     5784,6000     5784,8571   664164    0,00%
  12469  6310     5784,8000   121     5784,6000     5784,8571   677554    0,00%
  12993  6539     5784,8000   180     5784,6000     5784,8571   697369    0,00%
  13442  6731     5784,8043    69     5784,6000     5784,8571   716117    0,00%
  13500  6754     5784,8000   158     5784,6000     5784,8571   718754    0,00%
  13816  6951     5784,8000    55     5784,6000     5784,8571   722795    0,00%
  14093  7104     5784,8000   126     5784,6000     5784,8571   728373    0,00%
  15372  7819     5784,8000   188     5784,6000     5784,8571   744239    0,00%
  16364  8247     5784,8043    42     5784,6000     5784,8571   751901    0,00%
Elapsed time = 336,14 sec. (186609,83 ticks, tree = 64,26 MB, solutions = 9)
  16908  8596     5784,8000    40     5784,6000     5784,8571   758722    0,00%
  17777  9136     5784,8000    61     5784,6000     5784,8571   774448    0,00%
  17887  9189     5784,8000    88     5784,6000     5784,8571   778044    0,00%
  18511  9497     5784,8000   109     5784,6000     5784,8571   788014    0,00%
  19494  9997     5784,8000    77     5784,6000     5784,8571   803829    0,00%
  19760 10173     5784,8000    43     5784,6000     5784,8571   808164    0,00%
  20622 10547     5784,8000    87     5784,6000     5784,8571   819502    0,00%
  20811 10669     5784,8000    79     5784,6000     5784,8571   826454    0,00%
  21285 10910     5784,8000    96     5784,6000     5784,8571   841447    0,00%
  21980 11154     5784,8043    82     5784,6000     5784,8571   852125    0,00%
Elapsed time = 368,64 sec. (197912,77 ticks, tree = 94,72 MB, solutions = 9)
  22352 11362     5784,8571    40     5784,6000     5784,8571   854949    0,00%
  22954 11725     5784,8000    28     5784,6000     5784,8571   865592    0,00%
  23005 11764     5784,8400    88     5784,6000     5784,8571   870621    0,00%
  23922 12302     5784,8000    44     5784,6000     5784,8571   885659    0,00%
  24090 12391     5784,8000   100     5784,6000     5784,8571   892682    0,00%
  24870 12774     5784,8000    70     5784,6000     5784,8571   905894    0,00%
  25451 13091     5784,8000   101     5784,6000     5784,8571   920097    0,00%
  25596 13209     5784,8000    38     5784,6000     5784,8571   925189    0,00%
  26570 13673     5784,8000    82     5784,6000     5784,8571   936624    0,00%
  26628 13710     5784,8000   117     5784,6000     5784,8571   941777    0,00%
Elapsed time = 400,56 sec. (208608,37 ticks, tree = 121,27 MB, solutions = 9)
  26942 13908     5784,8000    82     5784,6000     5784,8571   951953    0,00%
  27953 14522     5784,8000    56     5784,6000     5784,8571   965930    0,00%
  28121 14648     5784,8000    60     5784,6000     5784,8571   971788    0,00%
  29016 15131     5784,8000    74     5784,6000     5784,8571   985732    0,00%
  29195 15248     5784,8000    71     5784,6000     5784,8571   989681    0,00%
  29718 15657     5784,8000    76     5784,6000     5784,8571   997753    0,00%
  30605 16199     5784,8000    83     5784,6000     5784,8571  1012444    0,00%
  30901 16410     5784,8000    77     5784,6000     5784,8571  1019143    0,00%
  31396 16757     5784,8000    62     5784,6000     5784,8571  1034899    0,00%
  32364 17574     5784,8043    93     5784,6000     5784,8571  1062835    0,00%
Elapsed time = 438,58 sec. (222022,15 ticks, tree = 155,07 MB, solutions = 9)
  33559 18157     5784,8000   121     5784,6000     5784,8571  1093914    0,00%
  34487 18689     5784,8400    66     5784,6000     5784,8571  1113213    0,00%
  34494 18696     5784,8000    67     5784,6000     5784,8571  1113225    0,00%
* 34495     0      integral     0     5784,6000                1118507    0,00%

Cover cuts applied:  2
Implied bound cuts applied:  317
Flow cuts applied:  720
Mixed integer rounding cuts applied:  142
Flow path cuts applied:  1
Gomory fractional cuts applied:  156

Root node processing (before b&c):
  Real time             =   94,74 sec. (73237,00 ticks)
Parallel b&c, 8 threads:
  Real time             =  387,40 sec. (179057,54 ticks)
  Sync time (average)   =   51,76 sec.
  Wait time (average)   =   52,10 sec.
                          ------------
Total (root+branch&cut) =  482,14 sec. (252294,54 ticks)

<<< solve


OBJECTIVE: 5784.6
avg_utility = 0.354318

<<< post process


<<< done

