
<<< setup


<<< generate

Found incumbent of value 0.000000 after 0.13 sec. (44.32 ticks)
Aggregator has done 224507 substitutions...
Aggregator has done 268710 substitutions...
Tried aggregator 14 times.
MIP Presolve eliminated 130635 rows and 929318 columns.
MIP Presolve modified 53693 coefficients.
Aggregator did 300332 substitutions.
Reduced MIP has 86097 rows, 252351 columns, and 720749 nonzeros.
Reduced MIP has 34442 binaries, 16461 generals, 0 SOSs, and 0 indicators.
Presolve time = 151.52 sec. (27411.56 ticks)
Probing time = 6.09 sec. (103.65 ticks)
Tried aggregator 1 time.
Reduced MIP has 86097 rows, 252351 columns, and 720749 nonzeros.
Reduced MIP has 34442 binaries, 16461 generals, 0 SOSs, and 0 indicators.
Presolve time = 1.40 sec. (338.01 ticks)
Probing time = 1.63 sec. (84.50 ticks)
Clique table members: 3043.
MIP emphasis: balance optimality and feasibility.
MIP search method: dynamic search.
Parallel mode: deterministic, using up to 8 threads.
Root relaxation solution time = 11.00 sec. (4262.16 ticks)

        Nodes                                         Cuts/
   Node  Left     Objective  IInf  Best Integer    Best Bound    ItCnt     Gap

*     0+    0                            0.0000   121401.6338              --- 
      0     0    26723.7083  4629        0.0000    26723.7083    35044     --- 
      0     0    24973.0297  5464        0.0000    Cuts: 9895    58652     --- 
      0     0    24389.5298  5323        0.0000    Cuts: 9924    71949     --- 
      0     0    22700.6900  4420        0.0000    Cuts: 9890   109501     --- 
      0     0    21830.1195  3831        0.0000    Cuts: 8429   139744     --- 
      0     0    21084.1034  3469        0.0000    Cuts: 7367   172410     --- 
      0     0    20523.9754  3355        0.0000    Cuts: 6288   193000     --- 
      0     0    20145.7860  2526        0.0000    Cuts: 4971   209021     --- 
      0     0    19886.0130  2311        0.0000    Cuts: 3830   222989     --- 
      0     0    19699.7425  2447        0.0000    Cuts: 3207   240688     --- 
      0     0    19566.6966  1561        0.0000    Cuts: 2608   252848     --- 
      0     0    19517.0264  1271        0.0000    Cuts: 1562   264796     --- 
      0     0    19485.0966  1361        0.0000    Cuts: 1498   270815     --- 
      0     0    19467.9574   956        0.0000    Cuts: 1851   282047     --- 
      0     0    19440.7741   808        0.0000    Cuts: 1369   288532     --- 
      0     0    19424.4483   377        0.0000     Cuts: 884   296447     --- 
      0     0    19419.8677   406        0.0000     Cuts: 434   303194     --- 
      0     0    19415.0305   763        0.0000     Cuts: 392   310993     --- 
      0     0    19408.7024   703        0.0000     Cuts: 659   320754     --- 
      0     0    19405.7251   906        0.0000     Cuts: 621   328299     --- 
      0     0    19386.2858   844        0.0000     Cuts: 686   335507     --- 
      0     0    19375.8454   739        0.0000     Cuts: 772   342008     --- 
      0     0    19374.5927   816        0.0000     Cuts: 616   346078     --- 
*     0+    0                         6883.1699    19374.5927           181.48%
*     0+    0                        10529.4369    19374.5927            84.00%
*     0+    0                        11324.3526    19374.5927            71.09%
*     0+    0                        17521.9242    19374.5927            10.57%
*     0+    0                        19103.9301    19374.5927             1.42%
*     0+    0                        19147.6526    19374.5927             1.19%
      0     2    19374.5927   816    19147.6526    19374.5927   346078    1.19%
Elapsed time = 6983.32 sec. (1669835.79 ticks, tree = 0.00 MB, solutions = 7)
      1     3    19354.7905   792    19147.6526    19374.5927   351906    1.19%
      2     4    19178.9411  1089    19147.6526    19374.5927   355395    1.19%

Implied bound cuts applied:  295
Flow cuts applied:  39074
Mixed integer rounding cuts applied:  17849
Flow path cuts applied:  138
Lift and project cuts applied:  1
Gomory fractional cuts applied:  251

Root node processing (before b&c):
  Real time             = 6861.80 sec. (1656690.24 ticks)
Parallel b&c, 8 threads:
  Real time             =  338.95 sec. (75157.53 ticks)
  Sync time (average)   =  295.50 sec.
  Wait time (average)   =  295.59 sec.
                          ------------
Total (root+branch&cut) = 7200.75 sec. (1731847.77 ticks)

<<< solve


OBJECTIVE: 19147.65
avg_utility = 0.593984

<<< post process


<<< done

