
<<< setup


<<< generate

Found incumbent of value 0,000000 after 0,02 sec. (19,04 ticks)
Tried aggregator 8 times.
MIP Presolve eliminated 341697 rows and 326133 columns.
MIP Presolve modified 31301 coefficients.
Aggregator did 108735 substitutions.
Reduced MIP has 52659 rows, 101773 columns, and 317777 nonzeros.
Reduced MIP has 2820 binaries, 0 generals, 0 SOSs, and 0 indicators.
Presolve time = 10,50 sec. (9064,38 ticks)
Probing time = 0,02 sec. (4,27 ticks)
Tried aggregator 1 time.
Reduced MIP has 52659 rows, 101773 columns, and 317777 nonzeros.
Reduced MIP has 2820 binaries, 0 generals, 0 SOSs, and 0 indicators.
Presolve time = 0,24 sec. (175,73 ticks)
Probing time = 0,03 sec. (4,45 ticks)
MIP emphasis: balance optimality and feasibility.
MIP search method: dynamic search.
Parallel mode: deterministic, using up to 8 threads.
Root relaxation solution time = 1,30 sec. (624,37 ticks)

        Nodes                                         Cuts/
   Node  Left     Objective  IInf  Best Integer    Best Bound    ItCnt     Gap

*     0+    0                            0,0000    29346,2387              --- 
      0     0     7870,0000  1588        0,0000     7870,0000     9687     --- 
      0     0     7669,2086  1129        0,0000    Cuts: 4793    52761     --- 
      0     0     7499,4746  1041        0,0000    Cuts: 6277   103462     --- 
      0     0     7340,1410  1296        0,0000    Cuts: 6533   149959     --- 
*     0+    0                         3431,7528     7340,1410           113,89%
*     0+    0                         4665,5573     7340,1410            57,33%
*     0+    0                         4678,0020     7340,1410            56,91%
*     0+    0                         4679,4393     7340,1410            56,86%
      0     0     7234,8914  1371     4679,4393    Cuts: 8244   181344   54,61%
      0     0     7127,7472   231     4679,4393    Cuts: 8893   213070   52,32%
      0     0     7119,0537   363     4679,4393    Cuts: 1202   232342   52,13%
*     0+    0                         4711,7305     7119,0537            51,09%
*     0+    0                         5750,5629     7119,0537            23,80%
*     0+    0                         6024,5596     7119,0537            18,17%
*     0+    0                         6025,0992     7119,0537            18,16%
*     0+    0                         6742,7356     7119,0537             5,58%
      0     0     7114,7514   209     6742,7356    Cuts: 1925   248788    5,52%
      0     0     7112,2528   235     6742,7356     Cuts: 863   260424    5,48%
      0     0     7109,6299   193     6742,7356     Cuts: 992   276275    5,44%
*     0+    0                         6816,2229     7109,6299             4,30%
*     0+    0                         6817,3142     7109,6299             4,29%
      0     0     7107,4199   168     6817,3142     Cuts: 679   291237    4,26%
      0     0     7107,0264   187     6817,3142     Cuts: 677   336902    4,25%
      0     0     7106,7634   267     6817,3142     Cuts: 882   361857    4,25%
*     0+    0                         6818,8492     7106,7634             4,22%
Heuristic still looking.
Heuristic still looking.
      0     2     7106,7634   267     6818,8492     7106,7634   361857    4,22%
Elapsed time = 730,54 sec. (461818,30 ticks, tree = 0,00 MB, solutions = 13)
      1     3     7086,2607   250     6818,8492     7106,7634   403387    4,22%
      3     5     7064,4750   220     6818,8492     7100,7412   412155    4,13%
      4     6     7083,2126   232     6818,8492     7100,7412   422974    4,13%
*     5+    5                         6822,5052     7100,7412             4,08%
      5     7     7098,5597   277     6822,5052     7100,7412   436900    4,08%
      7     9     7097,7632   279     6822,5052     7100,7412   441135    4,08%
      9    11     7083,4566   256     6822,5052     7100,7412   454908    4,08%
     10    12     7063,6656   228     6822,5052     7097,7632   473477    4,03%
     11    13     7078,0015   235     6822,5052     7097,7632   504367    4,03%
     12    14     7073,4506   243     6822,5052     7097,7632   557456    4,03%
*    13+   13                         6823,3912     7097,7632             4,02%
     13    15     7082,2153   232     6823,3912     7097,7632   583165    4,02%
Elapsed time = 1068,28 sec. (617897,28 ticks, tree = 0,00 MB, solutions = 14)
     14    16     7010,2178   219     6823,3912     7097,7632   619134    4,02%
*    15+   15                         6823,6435     7097,7632             4,02%
     18    20     7078,4971   234     6823,6435     7097,7632   673227    4,02%
     19    21     7024,7278   187     6823,6435     7097,7632   735600    4,02%
     44    46     7078,2699   253     6823,6435     7097,7632   910949    4,02%
     49    51     7068,3234   240     6823,6435     7097,7632   926902    4,02%
     50    52     7066,4295   225     6823,6435     7097,7632   977183    4,02%
     58    60     7059,8548   224     6823,6435     7097,7632  1024814    4,02%
     60    62     7071,9219   231     6823,6435     7097,7632  1057558    4,02%
     73    75     7018,1000   184     6823,6435     7097,7632  1105326    4,02%
    103   105     6932,0021   182     6823,6435     7097,7632  1348312    4,02%
Elapsed time = 1693,23 sec. (752463,78 ticks, tree = 0,00 MB, solutions = 16)
    111   113     6926,7442   173     6823,6435     7097,7632  1417557    4,02%
    119   121     6924,1524   163     6823,6435     7097,7632  1499641    4,02%
    128   130     7049,6981   219     6823,6435     7097,7632  1554246    4,02%
    136   138     7050,9745   217     6823,6435     7097,7632  1609194    4,02%
    144   146     7042,2686   220     6823,6435     7097,7632  1658265    4,02%
    152   154     7044,6892   221     6823,6435     7097,7632  1718161    4,02%
    158   160     6998,4156   180     6823,6435     7097,7632  1747093    4,02%
    174   174     6954,1425   175     6823,6435     7097,7632  1905148    4,02%
    184   182     6988,8369   190     6823,6435     7097,7632  2061313    4,02%
    192   188     6981,3122   190     6823,6435     7097,7632  2163890    4,02%
Elapsed time = 2063,10 sec. (822502,71 ticks, tree = 0,00 MB, solutions = 16)
    200   196     6980,3423   191     6823,6435     7097,7632  2216209    4,02%
    208   204     6976,0617   184     6823,6435     7097,7632  2263910    4,02%
    240   236     6919,9655   180     6823,6435     7097,7632  2706171    4,02%
    250   244    infeasible           6823,6435     7097,7632  2860158    4,02%
    287   277     7049,7617   248     6823,6435     7097,7632  3241492    4,02%
    295   285     7046,9778   248     6823,6435     7097,7632  3380730    4,02%
    296   286     6966,4788   184     6823,6435     7097,7632  3426251    4,02%
    303   293     6991,3969   242     6823,6435     7097,7632  3535601    4,02%
    311   301     7039,8489   257     6823,6435     7097,7632  3702595    4,02%
    319   309     7037,3755   244     6823,6435     7097,7632  3804137    4,02%
Elapsed time = 2651,61 sec. (917050,94 ticks, tree = 2,34 MB, solutions = 16)
    327   317     7033,0192   246     6823,6435     7097,7632  4037638    4,02%
    335   325     6989,0479   220     6823,6435     7097,7632  4197342    4,02%
    347   337     6961,9412   207     6823,6435     7097,7632  4436528    4,02%
    356   346     6927,7705   164     6823,6435     7097,7632  4609562    4,02%
    366   356     6919,7771   122     6823,6435     7097,7632  4750900    4,02%
    368   358     6851,4029    97     6823,6435     7097,7632  4827262    4,02%
    375   361     7076,7175   276     6823,6435     7097,7632  5016997    4,02%
    376   362     6926,7648   178     6823,6435     7097,7632  5032231    4,02%
    379   365     7076,4467   274     6823,6435     7097,7632  5080855    4,02%
    381   367     6881,6483   120     6823,6435     7097,7632  5126178    4,02%
Elapsed time = 3103,21 sec. (1018636,32 ticks, tree = 4,78 MB, solutions = 16)
    395   381     7010,5392   219     6823,6435     7097,7632  5340755    4,02%
    403   389     7001,2575   228     6823,6435     7097,7632  5505531    4,02%
    423   409     6920,0821   189     6823,6435     7097,7632  5787122    4,02%
    431   417     6943,8795   167     6823,6435     7097,7632  5910138    4,02%
    439   425     6923,0972   194     6823,6435     7097,7632  6036308    4,02%
    447   433     6943,7529   163     6823,6435     7097,7632  6089543    4,02%
    455   439     6937,8523   251     6823,6435     7097,7632  6268208    4,02%
    476   450     7064,9700   228     6823,6435     7097,7632  6579527    4,02%
    523   487     7089,6966   281     6823,6435     7097,7632  7170962    4,02%
    528   492     7056,2750   223     6823,6435     7097,7632  7205497    4,02%
Elapsed time = 3351,06 sec. (1095536,39 ticks, tree = 13,83 MB, solutions = 16)
    536   498     7055,3789   232     6823,6435     7097,7632  7354952    4,02%
    544   506     7052,8638   225     6823,6435     7097,7632  7415456    4,02%
*   545+  505                         6825,4861     7097,7632             3,99%
    545   507     6915,4163    96     6825,4861     7097,7632  7424484    3,99%
    553   515     6907,2815   123     6825,4861     7097,7632  7468671    3,99%
    561   521     6909,2555   100     6825,4861     7097,7632  7604458    3,99%
    577   535     6865,4852    85     6825,4861     7097,7632  7747016    3,99%
    585   539     6885,5153    82     6825,4861     7097,7632  7886598    3,99%
    593   543     6882,5278    77     6825,4861     7097,7632  8004229    3,99%
    601   549     6879,3318   101     6825,4861     7097,7632  8040616    3,99%
    602   550     6869,1052   146     6825,4861     7097,7632  8046570    3,99%
Elapsed time = 3883,90 sec. (1179798,30 ticks, tree = 13,83 MB, solutions = 16)
    610   552     6848,5550   205     6825,4861     7097,7632  8121149    3,99%
    626   564     6861,0917   144     6825,4861     7097,7632  8317787    3,99%
    634   572     6840,1790   217     6825,4861     7097,7632  8441457    3,99%
    730   630     7088,0086   256     6825,4861     7097,7632  9499201    3,99%
    738   628        cutoff           6825,4861     7089,6966  9633206    3,87%
    742   632     7062,8857   261     6825,4861     7089,6966  9651438    3,87%
    750   640     7057,0185   260     6825,4861     7089,6966  9700440    3,87%
    755   643     7074,1781   251     6825,4861     7089,6966  9746604    3,87%
    758   646     7051,0962   232     6825,4861     7089,6966  9771088    3,87%
    763   651     7068,8166   247     6825,4861     7089,6966  9829192    3,87%
Elapsed time = 3960,15 sec. (1227387,19 ticks, tree = 17,66 MB, solutions = 18)
    766   654     7041,9351   216     6825,4861     7089,6966  9854980    3,87%
    774   662     7039,5686   214     6825,4861     7089,6966  9943850    3,87%
    782   668     7030,0917   247     6825,4861     7089,6966 10014682    3,87%
    790   674     7017,8035   251     6825,4861     7089,6966 10064552    3,87%
    793   677     7002,5177   236     6825,4861     7089,6966 10102322    3,87%
    809   691     6946,4534   218     6825,4861     7089,6966 10216348    3,87%
    815   695     6991,6949   172     6825,4861     7089,6966 10242585    3,87%
    823   699     6990,4286   173     6825,4861     7089,6966 10310891    3,87%
    831   705     6945,1607   166     6825,4861     7089,6966 10377216    3,87%
    847   719     6954,9654   165     6825,4861     7089,6966 10513241    3,87%
Elapsed time = 4227,24 sec. (1266417,16 ticks, tree = 17,66 MB, solutions = 18)
    855   725     6982,0141   178     6825,4861     7089,6966 10573071    3,87%
    863   733     6943,0490   169     6825,4861     7089,6966 10661886    3,87%
    871   739     6981,7015   179     6825,4861     7089,6966 10712406    3,87%
    879   745     6941,7673   171     6825,4861     7089,6966 10819200    3,87%
    883   749     6968,8537   226     6825,4861     7089,6966 10921217    3,87%
    891   757     6965,4071   235     6825,4861     7089,6966 10996663    3,87%
    899   765     6963,3103   227     6825,4861     7089,6966 11030559    3,87%
    915   777     6959,9676   234     6825,4861     7089,6966 11136743    3,87%
    923   785     6959,9480   228     6825,4861     7089,6966 11211020    3,87%
    935   795     6933,9573   201     6825,4861     7089,6966 11315650    3,87%
Elapsed time = 4451,85 sec. (1309878,89 ticks, tree = 17,66 MB, solutions = 18)
*   958+  810                         6830,2466     7089,6966             3,80%
*   958+  810                         6842,2478     7089,6966             3,62%
*  1034+  882                         6848,6401     7089,6966             3,52%
   1044   800     6941,5157   359     6848,6401     7089,6966 11987286    3,52%
   1049   805     6946,4207   206     6848,6401     7089,6966 12029570    3,52%
   1065   821     6947,6583   140     6848,6401     7089,6966 12119608    3,52%
   1084   840     6927,6196   384     6848,6401     7089,6966 12199274    3,52%
   1089   845     6905,0294   215     6848,6401     7089,6966 12253554    3,52%
   1121   877     6899,9134   119     6848,6401     7089,6966 12430077    3,52%
   1129   885     6935,0778   228     6848,6401     7089,6966 12484741    3,52%
   1145   901     6890,1841   133     6848,6401     7089,6966 12584545    3,52%
   1169   925     6867,7429    97     6848,6401     7089,6966 12737567    3,52%
   1185   941     6864,6515    93     6848,6401     7089,6966 12834078    3,52%
Elapsed time = 4759,01 sec. (1371257,89 ticks, tree = 23,81 MB, solutions = 21)
   1209   965     6860,5196    89     6848,6401     7089,6966 12950955    3,52%
   1228   984     6899,2756   445     6848,6401     7089,6966 13081460    3,52%
   1244  1000     6899,2431   447     6848,6401     7089,6966 13161126    3,52%
   1252  1006     6899,0763   455     6848,6401     7089,6966 13202931    3,52%
   1292  1042     6896,8497   452     6848,6401     7089,6966 13403790    3,52%
   1316  1064     6892,0688   461     6848,6401     7089,6966 13533208    3,52%
   1340  1082     6889,9402   476     6848,6401     7089,6966 13680016    3,52%
   1345  1087     7073,4315   253     6848,6401     7089,6966 13709394    3,52%
   1460  1202     6896,6867   378     6848,6401     7089,6966 14132516    3,52%
   1556  1298     6896,0311   453     6848,6401     7089,6966 14483991    3,52%
Elapsed time = 5163,61 sec. (1448011,37 ticks, tree = 37,86 MB, solutions = 21)
   1580  1322     6889,2582   507     6848,6401     7089,6966 14607686    3,52%
   1597  1339     6863,9521   465     6848,6401     7089,6966 14694591    3,52%
   1615  1357     7035,8133   225     6848,6401     7089,6966 14773740    3,52%
   1631  1373     7021,2375   261     6848,6401     7089,6966 14838716    3,52%
   1647  1389     7011,7419   255     6848,6401     7089,6966 14914431    3,52%
   1663  1405     7005,9092   262     6848,6401     7089,6966 14969438    3,52%
   1687  1429     6994,0282   313     6848,6401     7089,6966 15045742    3,52%
   1719  1461     6978,2956   334     6848,6401     7089,6966 15126202    3,52%
   1733  1475     6855,5825   471     6848,6401     7089,6966 15174515    3,52%
   1744  1486     6865,0054   529     6848,6401     7089,6966 15235371    3,52%
Elapsed time = 5330,95 sec. (1499043,01 ticks, tree = 43,12 MB, solutions = 21)
   1751  1493     6968,8047   316     6848,6401     7089,6966 15266702    3,52%
   1775  1517     6961,9425   310     6848,6401     7089,6966 15335286    3,52%
   1799  1541     6948,7856   343     6848,6401     7089,6966 15391516    3,52%
   1818  1556     7061,5563   268     6848,6401     7089,6966 15449859    3,52%
   1834  1572     7045,5385   234     6848,6401     7089,6966 15485211    3,52%
   1850  1588     7034,8575   223     6848,6401     7089,6966 15541228    3,52%
   1874  1612     7026,6830   222     6848,6401     7089,6966 15606631    3,52%
   1882  1620     7014,1033   259     6848,6401     7089,6966 15633309    3,52%
   1898  1636     7004,5946   253     6848,6401     7089,6966 15686117    3,52%
   1914  1652     6998,7579   263     6848,6401     7089,6966 15718147    3,52%
Elapsed time = 5711,13 sec. (1567184,47 ticks, tree = 43,12 MB, solutions = 21)
   1938  1674     6986,8778   305     6848,6401     7089,6966 15776606    3,52%
   1970  1700     6970,6279   296     6848,6401     7089,6966 15888272    3,52%
   1994  1724     6960,1151   319     6848,6401     7089,6966 15954029    3,52%
   2010  1740     6957,4316   321     6848,6401     7089,6966 15994428    3,52%
   2399  2119     7030,3392   222     6848,6401     7089,6966 17312226    3,52%
   2403  2123     6989,4034   183     6848,6401     7089,6966 17332807    3,52%
   2415  2135     6899,2903   328     6848,6401     7089,6966 17400293    3,52%
   2439  2159     6896,7954   337     6848,6401     7089,6966 17505240    3,52%
   2463  2183     6892,7310   345     6848,6401     7089,6966 17591500    3,52%
   2487  2207     6889,8929   364     6848,6401     7089,6966 17679130    3,52%
Elapsed time = 6248,35 sec. (1672269,59 ticks, tree = 59,68 MB, solutions = 21)
   2519  2239     6885,7243   393     6848,6401     7089,6966 17817104    3,52%
   2559  2279     6884,5226   412     6848,6401     7089,6966 18018972    3,52%
   2585  2301     7080,7537   272     6848,6401     7089,6966 18125788    3,52%
   2609  2325     7059,4253   255     6848,6401     7089,6966 18250089    3,52%
   2625  2341     7056,1977   230     6848,6401     7089,6966 18302972    3,52%
   2649  2365     7049,1389   246     6848,6401     7089,6966 18459305    3,52%
   2665  2381     7031,4413   224     6848,6401     7089,6966 18520877    3,52%
   2681  2397     7020,5046   233     6848,6401     7089,6966 18589790    3,52%
   2705  2421     7012,8152   242     6848,6401     7089,6966 18661483    3,52%
   2737  2453     6993,5429   276     6848,6401     7089,6966 18792948    3,52%
Elapsed time = 6658,87 sec. (1744496,49 ticks, tree = 59,68 MB, solutions = 21)
   2769  2485     6978,2196   264     6848,6401     7089,6966 18900267    3,52%
   2785  2501     6970,4290   289     6848,6401     7089,6966 18978104    3,52%
   2838  2550     7066,9355   269     6848,6401     7089,6966 19154663    3,52%
   2989  2701     7059,0707   273     6848,6401     7078,2124 19459752    3,35%
   3005  2715     7045,4400   239     6848,6401     7078,2124 19497440    3,35%
   3020  2728     6943,2917   239     6848,6401     7078,2124 19595570    3,35%
   3044  2752     6934,8248   251     6848,6401     7078,2124 19712877    3,35%
   3060  2768     6929,9941   241     6848,6401     7078,2124 19766117    3,35%
   3084  2792     6925,9482   232     6848,6401     7078,2124 19856116    3,35%
   3092  2800     6925,6335   237     6848,6401     7078,2124 19936318    3,35%
Elapsed time = 7348,54 sec. (1837042,31 ticks, tree = 76,59 MB, solutions = 21)
   3108  2816     6922,8933   269     6848,6401     7078,2124 20029720    3,35%
   3124  2832     6918,3057   278     6848,6401     7078,2124 20123841    3,35%
   3140  2848     6913,9436   304     6848,6401     7078,2124 20210132    3,35%
   3164  2872     6908,6251   321     6848,6401     7078,2124 20315508    3,35%
   3172  2880     6906,9741   328     6848,6401     7078,2124 20372403    3,35%
   3180  2888     6905,6070   322     6848,6401     7078,2124 20443977    3,35%
   3220  2928     6902,2030   343     6848,6401     7078,2124 20605125    3,35%
   3244  2952     6898,5502   337     6848,6401     7078,2124 20710471    3,35%
   3284  2990     6894,6421   361     6848,6401     7078,2124 20917949    3,35%
   3308  3014     6888,9500   399     6848,6401     7078,2124 21026490    3,35%
Elapsed time = 7611,44 sec. (1889182,83 ticks, tree = 76,59 MB, solutions = 21)
   3340  3046     6886,6396   402     6848,6401     7078,2124 21140197    3,35%
   3364  3070     6883,5941   428     6848,6401     7078,2124 21247402    3,35%
   3396  3102     6881,8464   439     6848,6401     7078,2124 21413069    3,35%
   3581  3283     7019,5067   188     6848,6401     7078,2124 22130076    3,35%

Implied bound cuts applied:  688
Flow cuts applied:  15213
Mixed integer rounding cuts applied:  16886
Flow path cuts applied:  23
Gomory fractional cuts applied:  157

Root node processing (before b&c):
  Real time             =  730,35 sec. (461781,34 ticks)
Parallel b&c, 8 threads:
  Real time             = 7376,07 sec. (1669552,43 ticks)
  Sync time (average)   =  881,95 sec.
  Wait time (average)   =  882,25 sec.
                          ------------
Total (root+branch&cut) = 8106,42 sec. (2131333,77 ticks)

<<< solve


OBJECTIVE: 6848.64
avg_utility = 0.870221

<<< post process


<<< done

