
<<< setup


<<< generate

Found incumbent of value 0,000000 after 0,06 sec. (66,97 ticks)
Tried aggregator 6 times.
MIP Presolve eliminated 3606465 rows and 1229537 columns.
Aggregator did 10153 substitutions.
Reduced MIP has 924 rows, 4615 columns, and 9230 nonzeros.
Reduced MIP has 0 binaries, 0 generals, 0 SOSs, and 0 indicators.
Presolve time = 1,69 sec. (3121,59 ticks)
Tried aggregator 1 time.
MIP Presolve eliminated 905 rows and 4525 columns.
Reduced MIP has 19 rows, 90 columns, and 180 nonzeros.
Reduced MIP has 0 binaries, 0 generals, 0 SOSs, and 0 indicators.
Presolve time = 0,02 sec. (45,95 ticks)
Tried aggregator 1 time.
Reduced MIP has 19 rows, 90 columns, and 180 nonzeros.
Reduced MIP has 0 binaries, 0 generals, 0 SOSs, and 0 indicators.
Presolve time = 0,03 sec. (40,51 ticks)
MIP emphasis: balance optimality and feasibility.
MIP search method: dynamic search.
Parallel mode: deterministic, using up to 8 threads.
Root relaxation solution time = 0,00 sec. (0,08 ticks)

        Nodes                                         Cuts/
   Node  Left     Objective  IInf  Best Integer    Best Bound    ItCnt     Gap

*     0+    0                            0,0000     5346,0516              --- 
*     0     0      integral     0     1092,0841     1092,0841       33    0,00%
Elapsed time = 1,84 sec. (3349,06 ticks, tree = 0,00 MB, solutions = 2)

Root node processing (before b&c):
  Real time             =    1,90 sec. (3394,30 ticks)
Parallel b&c, 8 threads:
  Real time             =    0,00 sec. (0,00 ticks)
  Sync time (average)   =    0,00 sec.
  Wait time (average)   =    0,00 sec.
                          ------------
Total (root+branch&cut) =    1,90 sec. (3394,30 ticks)

<<< solve


OBJECTIVE: 1092.084
avg_utility = 0.668759

<<< post process


<<< done

