
<<< setup


<<< generate

Found incumbent of value 0,000000 after 0,06 sec. (65,39 ticks)
Tried aggregator 6 times.
MIP Presolve eliminated 3405642 rows and 1232714 columns.
MIP Presolve modified 1131 coefficients.
Aggregator did 11281 substitutions.
Reduced MIP has 4514 rows, 10150 columns, and 22556 nonzeros.
Reduced MIP has 1128 binaries, 0 generals, 0 SOSs, and 0 indicators.
Presolve time = 1,91 sec. (3472,13 ticks)
Probing time = 0,00 sec. (0,44 ticks)
Tried aggregator 1 time.
Reduced MIP has 4514 rows, 10150 columns, and 22556 nonzeros.
Reduced MIP has 1128 binaries, 0 generals, 0 SOSs, and 0 indicators.
Presolve time = 0,03 sec. (54,00 ticks)
Probing time = 0,00 sec. (0,44 ticks)
MIP emphasis: balance optimality and feasibility.
MIP search method: dynamic search.
Parallel mode: deterministic, using up to 8 threads.
Root relaxation solution time = 0,12 sec. (165,88 ticks)

        Nodes                                         Cuts/
   Node  Left     Objective  IInf  Best Integer    Best Bound    ItCnt     Gap

*     0+    0                            0,0000     8755,6145              --- 
*     0+    0                         1790,7240     8755,6145           388,94%
      0     0     2041,0000   114     1790,7240     2041,0000     4267   13,98%
*     0+    0                         2041,0000     2041,0000             0,00%
*     0     0      integral     0     2041,0000     2041,0000     4267    0,00%
Elapsed time = 2,24 sec. (3855,80 ticks, tree = 0,00 MB, solutions = 3)

Root node processing (before b&c):
  Real time             =    2,30 sec. (3909,80 ticks)
Parallel b&c, 8 threads:
  Real time             =    0,00 sec. (0,00 ticks)
  Sync time (average)   =    0,00 sec.
  Wait time (average)   =    0,00 sec.
                          ------------
Total (root+branch&cut) =    2,30 sec. (3909,80 ticks)

<<< solve


OBJECTIVE: 2041
avg_utility = 1

<<< post process


<<< done

