
<<< setup


<<< generate

Tried aggregator 3 times.
MIP Presolve eliminated 1192782 rows and 634888 columns.
MIP Presolve modified 1172 coefficients.
Aggregator did 16289 substitutions.
Reduced MIP has 19024 rows, 49144 columns, and 140013 nonzeros.
Reduced MIP has 9202 binaries, 648 generals, 0 SOSs, and 0 indicators.
Presolve time = 1,39 sec. (1342,89 ticks)
Found incumbent of value 2,006220 after 1,56 sec. (1496,71 ticks)
Probing time = 0,01 sec. (4,61 ticks)
Tried aggregator 1 time.
Presolve time = 0,08 sec. (62,07 ticks)
Probing time = 0,02 sec. (4,61 ticks)
Clique table members: 310.
MIP emphasis: balance optimality and feasibility.
MIP search method: dynamic search.
Parallel mode: deterministic, using up to 24 threads.
Root relaxation solution time = 0,33 sec. (187,74 ticks)

        Nodes                                         Cuts/
   Node  Left     Objective  IInf  Best Integer    Best Bound    ItCnt     Gap

*     0+    0                            2,0062     3787,9508     4658     --- 
*     0+    0                            5,6750     3787,9508     4658     --- 
      0     0      883,0000   221        5,6750      883,0000     4658     --- 
*     0+    0                          883,0000      883,0000     4658    0,00%
      0     0        cutoff            883,0000      883,0000     4658    0,00%
Elapsed time = 2,34 sec. (1898,88 ticks, tree = 0,00 MB, solutions = 3)

Root node processing (before b&c):
  Real time             =    0,69 sec. (328,71 ticks)
Parallel b&c, 24 threads:
  Real time             =    0,00 sec. (0,00 ticks)
  Sync time (average)   =    0,00 sec.
  Wait time (average)   =    0,00 sec.
                          ------------
Total (root+branch&cut) =    0,69 sec. (328,71 ticks)

<<< solve


OBJECTIVE: 883
avg_utility = 1

<<< post process


<<< done

