
<<< setup


<<< generate

Presolve has eliminated 77891 rows and 103611 columns...
Tried aggregator 5 times.
MIP Presolve eliminated 210961 rows and 243691 columns.
MIP Presolve modified 17721 coefficients.
Aggregator did 38000 substitutions.
Reduced MIP has 26103 rows, 43356 columns, and 115496 nonzeros.
Reduced MIP has 9128 binaries, 2268 generals, 0 SOSs, and 0 indicators.
Presolve time = 3,33 sec. (13344,67 ticks)
Found incumbent of value 0,000000 after 3,56 sec. (13619,13 ticks)
Probing time = 0,02 sec. (2,38 ticks)
Tried aggregator 4 times.
MIP Presolve eliminated 8106 rows and 8260 columns.
MIP Presolve modified 6390 coefficients.
Aggregator did 6580 substitutions.
Reduced MIP has 11417 rows, 28516 columns, and 77272 nonzeros.
Reduced MIP has 9128 binaries, 2268 generals, 0 SOSs, and 0 indicators.
Presolve time = 0,31 sec. (419,97 ticks)
Probing time = 0,01 sec. (3,15 ticks)
Tried aggregator 1 time.
Reduced MIP has 11417 rows, 28516 columns, and 77272 nonzeros.
Reduced MIP has 9128 binaries, 2268 generals, 0 SOSs, and 0 indicators.
Presolve time = 0,04 sec. (46,45 ticks)
Probing time = 0,01 sec. (3,15 ticks)
Clique table members: 478.
MIP emphasis: balance optimality and feasibility.
MIP search method: dynamic search.
Parallel mode: deterministic, using up to 8 threads.
Root relaxation solution time = 0,22 sec. (334,35 ticks)

        Nodes                                         Cuts/
   Node  Left     Objective  IInf  Best Integer    Best Bound    ItCnt     Gap

*     0+    0                            0,0000     9798,0000              --- 
      0     0     2015,0000    55        0,0000     2015,0000     3909     --- 
*     0+    0                         1987,6000     2015,0000             1,38%
      0     0     2015,0000    44     1987,6000     Cuts: 111     4057    1,38%
      0     0     2012,4332    54     1987,6000      Cuts: 64     4139    1,25%
      0     0     2010,7990    51     1987,6000      Cuts: 16     4377    1,17%
*     0+    0                         1990,2000     2010,7990             1,04%
*     0+    0                         1991,8000     2010,7990             0,95%
      0     0     2010,4360    46     1991,8000      Cuts: 10     4391    0,94%
      0     0     2010,4259    32     1991,8000       Cuts: 8     4399    0,94%
      0     0     2009,7772    52     1991,8000       Cuts: 3     4445    0,90%
      0     0     2009,3711    48     1991,8000      Cuts: 13     4480    0,88%
      0     0     2009,1996    46     1991,8000       Cuts: 8     4524    0,87%
      0     0     2009,1996    51     1991,8000       Cuts: 4     4547    0,87%
      0     0     2009,1996    51     1991,8000    MIRcuts: 2     4566    0,87%
*     0+    0                         1993,2000     2009,1996             0,80%
      0     2     2009,1996    51     1993,2000     2009,1996     4566    0,80%
Elapsed time = 11,32 sec. (21704,04 ticks, tree = 0,00 MB, solutions = 5)
     13    11        cutoff           1993,2000     2007,3218     4985    0,71%
     30    16     2001,2564    42     1993,2000     2006,7701     6320    0,68%
     60    38     2002,7584    36     1993,2000     2006,7701     7741    0,68%
    113    71     1995,6800     2     1993,2000     2005,7768    10810    0,63%
    136    93     1997,8991    21     1993,2000     2005,7768    11891    0,63%
    157   114     1995,8365    24     1993,2000     2005,7768    12553    0,63%
*   174   122      integral     0     1995,6000     2005,7768    13372    0,51%
    211   145     2000,4334     9     1995,6000     2005,7768    14603    0,51%
    339   227     1997,3130    20     1995,6000     2004,3120    16578    0,44%
    397   269     2000,5727    28     1995,6000     2004,3120    18555    0,44%
*   593   423      integral     0     1996,4000     2004,3120    21403    0,40%
*   699+  365                         1997,4000     2003,7949             0,32%
*   735   365      integral     0     1998,4000     2003,7949    23635    0,27%
    746   374     1998,5500     2     1998,4000     2003,7949    24287    0,27%
Elapsed time = 17,67 sec. (25409,76 ticks, tree = 6,86 MB, solutions = 7)

Implied bound cuts applied:  163
Flow cuts applied:  15
Gomory fractional cuts applied:  57

Root node processing (before b&c):
  Real time             =   11,30 sec. (21705,23 ticks)
Parallel b&c, 8 threads:
  Real time             =    6,92 sec. (4054,51 ticks)
  Sync time (average)   =    0,79 sec.
  Wait time (average)   =    0,84 sec.
                          ------------
Total (root+branch&cut) =   18,21 sec. (25759,74 ticks)

<<< solve


OBJECTIVE: 1998.4
avg_utility = 0.61188

<<< post process


<<< done

