
<<< setup


<<< generate

Found incumbent of value 0.000000 after 0.02 sec. (6.77 ticks)
Tried aggregator 3 times.
MIP Presolve eliminated 341277 rows and 127397 columns.
MIP Presolve modified 258 coefficients.
Aggregator did 2551 substitutions.
Reduced MIP has 1022 rows, 2293 columns, and 5096 nonzeros.
Reduced MIP has 255 binaries, 0 generals, 0 SOSs, and 0 indicators.
Presolve time = 0.40 sec. (246.91 ticks)
Probing time = 0.00 sec. (0.11 ticks)
Tried aggregator 1 time.
Reduced MIP has 1022 rows, 2293 columns, and 5096 nonzeros.
Reduced MIP has 255 binaries, 0 generals, 0 SOSs, and 0 indicators.
Presolve time = 0.02 sec. (7.52 ticks)
Probing time = 0.00 sec. (0.11 ticks)
MIP emphasis: balance optimality and feasibility.
MIP search method: dynamic search.
Parallel mode: deterministic, using up to 8 threads.
Root relaxation solution time = 0.03 sec. (10.46 ticks)

        Nodes                                         Cuts/
   Node  Left     Objective  IInf  Best Integer    Best Bound    ItCnt     Gap

*     0+    0                            0.0000     1750.2649              --- 
      0     0      408.0000   157        0.0000      408.0000      634     --- 
*     0+    0                          404.2019      408.0000             0.94%

Root node processing (before b&c):
  Real time             =    0.52 sec. (289.18 ticks)
Parallel b&c, 8 threads:
  Real time             =    0.00 sec. (0.00 ticks)
  Sync time (average)   =    0.00 sec.
  Wait time (average)   =    0.00 sec.
                          ------------
Total (root+branch&cut) =    0.52 sec. (289.18 ticks)

<<< solve


OBJECTIVE: 404.2019
avg_utility = 0.990691

<<< post process


<<< done

