
<<< setup


<<< generate

Presolve has eliminated 85881 rows and 111601 columns...
Tried aggregator 7 times.
MIP Presolve eliminated 242317 rows and 282817 columns.
MIP Presolve modified 3539 coefficients.
Aggregator did 19424 substitutions.
Reduced MIP has 13323 rows, 22816 columns, and 54468 nonzeros.
Reduced MIP has 4120 binaries, 2268 generals, 0 SOSs, and 0 indicators.
Presolve time = 4,61 sec. (13527,43 ticks)
Found incumbent of value 0,000000 after 4,71 sec. (13570,49 ticks)
Probing time = 0,01 sec. (3,91 ticks)
Tried aggregator 2 times.
MIP Presolve eliminated 5604 rows and 4836 columns.
MIP Presolve modified 1252 coefficients.
Aggregator did 1318 substitutions.
Reduced MIP has 6401 rows, 16662 columns, and 38872 nonzeros.
Reduced MIP has 4120 binaries, 2268 generals, 0 SOSs, and 0 indicators.
Presolve time = 0,07 sec. (68,78 ticks)
Probing time = 0,04 sec. (3,69 ticks)
Clique table members: 478.
MIP emphasis: balance optimality and feasibility.
MIP search method: dynamic search.
Parallel mode: deterministic, using up to 24 threads.
Root relaxation solution time = 0,17 sec. (189,51 ticks)

        Nodes                                         Cuts/
   Node  Left     Objective  IInf  Best Integer    Best Bound    ItCnt     Gap

*     0+    0                            0,0000    14002,1874       40     --- 
      0     0     2852,3842    40        0,0000     2852,3842       40     --- 
      0     0     2849,7876    19        0,0000      Cuts: 73      306     --- 
      0     0     2844,9935    16        0,0000      Cuts: 15      344     --- 
      0     0     2844,2927    18        0,0000       Cuts: 4      378     --- 
      0     0     2844,1898    18        0,0000       Cuts: 4      411     --- 
      0     0     2844,1328    22        0,0000       Cuts: 4      524     --- 
*     0+    0                         2818,5869     2844,1328      524    0,91%
*     0+    0                         2821,0436     2844,1328      524    0,82%
*     0+    0                         2822,8028     2844,1328      524    0,76%
*     0+    0                         2827,7134     2844,1328      524    0,58%
      0     2     2844,1328    18     2827,7134     2844,1328      524    0,58%
Elapsed time = 7,65 sec. (16500,81 ticks, tree = 0,01 MB, solutions = 5)
     21    21        cutoff           2827,7134     2843,9564     1808    0,57%
*    31+   29                         2831,0763     2843,3534     1891    0,43%
     52    40     2834,9118     4     2831,0763     2843,0513     2309    0,42%
    208   158     2839,1733     2     2831,0763     2843,0513     3737    0,42%
   1995  1913     2834,0473     4     2831,0763     2843,0513     9587    0,42%
   4639  4557     2834,0473     4     2831,0763     2843,0513    12613    0,42%
*  5360+ 3517                         2838,6839     2843,0513    16492    0,15%
*  5360+ 2344                         2841,3041     2841,7912    16568    0,02%
*  5360  1561      integral     0     2841,3041     2841,3041    16568    0,00%

Implied bound cuts applied:  53
Flow cuts applied:  6
Mixed integer rounding cuts applied:  2
Gomory fractional cuts applied:  33

Root node processing (before b&c):
  Real time             =    2,47 sec. (1793,54 ticks)
Parallel b&c, 24 threads:
  Real time             =    5,61 sec. (4514,50 ticks)
  Sync time (average)   =    0,02 sec.
  Wait time (average)   =    0,00 sec.
                          ------------
Total (root+branch&cut) =    8,08 sec. (6308,04 ticks)

<<< solve


OBJECTIVE: 2841.304
avg_utility = 0.8699645214329371

<<< post process


<<< done

