
<<< setup


<<< generate

Found incumbent of value 0.000000 after 0.05 sec. (16.97 ticks)
Tried aggregator 5 times.
MIP Presolve eliminated 176858 rows and 383835 columns.
MIP Presolve modified 4430 coefficients.
Aggregator did 107213 substitutions.
Reduced MIP has 17479 rows, 40073 columns, and 128230 nonzeros.
Reduced MIP has 2929 binaries, 0 generals, 0 SOSs, and 0 indicators.
Presolve time = 9.09 sec. (3945.13 ticks)
Probing time = 0.10 sec. (1.63 ticks)
Tried aggregator 1 time.
Reduced MIP has 17479 rows, 40073 columns, and 128230 nonzeros.
Reduced MIP has 2929 binaries, 0 generals, 0 SOSs, and 0 indicators.
Presolve time = 0.15 sec. (58.84 ticks)
Probing time = 0.04 sec. (1.69 ticks)
MIP emphasis: balance optimality and feasibility.
MIP search method: dynamic search.
Parallel mode: deterministic, using up to 8 threads.
Root relaxation solution time = 1.67 sec. (554.24 ticks)

        Nodes                                         Cuts/
   Node  Left     Objective  IInf  Best Integer    Best Bound    ItCnt     Gap

*     0+    0                         1242.0000    29922.0138              --- 
      0     0     6053.6391   139     1242.0000     6053.6391     6092  387.41%
*     0+    0                         6035.7148     6053.6391             0.30%

Flow cuts applied:  305
Mixed integer rounding cuts applied:  20
Flow path cuts applied:  1
Gomory fractional cuts applied:  4

Root node processing (before b&c):
  Real time             =   12.86 sec. (5646.21 ticks)
Parallel b&c, 8 threads:
  Real time             =    0.00 sec. (0.00 ticks)
  Sync time (average)   =    0.00 sec.
  Wait time (average)   =    0.00 sec.
                          ------------
Total (root+branch&cut) =   12.86 sec. (5646.21 ticks)

<<< solve


OBJECTIVE: 6035.715
avg_utility = 0.767122

<<< post process


<<< done

