
<<< setup


<<< generate

Found incumbent of value 0.000000 after 0.02 sec. (8.02 ticks)
Tried aggregator 6 times.
MIP Presolve eliminated 366535 rows and 149857 columns.
Aggregator did 10263 substitutions.
Reduced MIP has 934 rows, 4665 columns, and 9330 nonzeros.
Reduced MIP has 0 binaries, 0 generals, 0 SOSs, and 0 indicators.
Presolve time = 0.95 sec. (633.13 ticks)
Tried aggregator 1 time.
MIP Presolve eliminated 908 rows and 4540 columns.
Reduced MIP has 26 rows, 125 columns, and 250 nonzeros.
Reduced MIP has 0 binaries, 0 generals, 0 SOSs, and 0 indicators.
Presolve time = 0.03 sec. (9.73 ticks)
Tried aggregator 1 time.
Reduced MIP has 26 rows, 125 columns, and 250 nonzeros.
Reduced MIP has 0 binaries, 0 generals, 0 SOSs, and 0 indicators.
Presolve time = 0.01 sec. (4.39 ticks)
MIP emphasis: balance optimality and feasibility.
MIP search method: dynamic search.
Parallel mode: deterministic, using up to 8 threads.
Root relaxation solution time = 0.00 sec. (0.15 ticks)

        Nodes                                         Cuts/
   Node  Left     Objective  IInf  Best Integer    Best Bound    ItCnt     Gap

*     0+    0                            0.0000     7133.0529              --- 
*     0     0      integral     0     1092.2753     1092.2753       52    0.00%
Elapsed time = 1.03 sec. (665.84 ticks, tree = 0.00 MB, solutions = 2)

Root node processing (before b&c):
  Real time             =    1.05 sec. (671.95 ticks)
Parallel b&c, 8 threads:
  Real time             =    0.00 sec. (0.00 ticks)
  Sync time (average)   =    0.00 sec.
  Wait time (average)   =    0.00 sec.
                          ------------
Total (root+branch&cut) =    1.05 sec. (671.95 ticks)

<<< solve


OBJECTIVE: 1092.275
avg_utility = 0.535167

<<< post process


<<< done

