
<<< setup


<<< generate

Found incumbent of value 0,000000 after 0,02 sec. (18,73 ticks)
Tried aggregator 8 times.
MIP Presolve eliminated 340655 rows and 310185 columns.
MIP Presolve modified 33669 coefficients.
Aggregator did 99109 substitutions.
Reduced MIP has 60379 rows, 116787 columns, and 360615 nonzeros.
Reduced MIP has 2804 binaries, 0 generals, 0 SOSs, and 0 indicators.
Presolve time = 8,91 sec. (9075,92 ticks)
Probing time = 0,02 sec. (4,79 ticks)
Tried aggregator 1 time.
Reduced MIP has 60379 rows, 116787 columns, and 360615 nonzeros.
Reduced MIP has 2804 binaries, 0 generals, 0 SOSs, and 0 indicators.
Presolve time = 0,26 sec. (198,58 ticks)
Probing time = 0,05 sec. (4,97 ticks)
MIP emphasis: balance optimality and feasibility.
MIP search method: dynamic search.
Parallel mode: deterministic, using up to 8 threads.
Root relaxation solution time = 0,27 sec. (215,55 ticks)

        Nodes                                         Cuts/
   Node  Left     Objective  IInf  Best Integer    Best Bound    ItCnt     Gap

*     0+    0                            0,0000    22290,0000              --- 
      0     0     7870,0000  1531        0,0000     7870,0000     3385     --- 
      0     0     7414,2419   964        0,0000    Cuts: 4537    56770     --- 
      0     0     7074,2250  1187        0,0000    Cuts: 5293    90500     --- 
      0     0     6755,0161  1223        0,0000    Cuts: 7271   116102     --- 
*     0+    0                         4381,0857     6755,0161            54,19%
*     0+    0                         5196,8886     6755,0161            29,98%
*     0+    0                         5203,3143     6755,0161            29,82%
*     0+    0                         5203,9714     6755,0161            29,81%
      0     0     6516,8720  1318     5203,9714    Cuts: 8120   146826   25,23%
      0     0     6295,0067   501     5203,9714    Cuts: 9398   168314   20,97%
      0     0     6271,7329   609     5203,9714    Cuts: 3312   178402   20,52%
*     0+    0                         5453,4486     6271,7329            15,00%
*     0+    0                         5507,6176     6271,7329            13,87%
*     0+    0                         5517,9643     6271,7329            13,66%
*     0+    0                         5518,9357     6271,7329            13,64%
      0     0     6252,2990   533     5518,9357    Cuts: 3163   188165   13,29%
      0     0     6240,3530   528     5518,9357    Cuts: 2361   195518   13,07%
      0     0     6231,1764   497     5518,9357    Cuts: 2024   212520   12,91%
*     0+    0                         5576,5829     6231,1764            11,74%
*     0+    0                         5595,1829     6231,1764            11,37%
      0     0     6222,8504   471     5595,1829    Cuts: 1944   241017   11,22%
      0     0     6213,1883   468     5595,1829    Cuts: 1780   252396   11,05%
      0     0     6205,2035   466     5595,1829    Cuts: 1938   269225   10,90%
*     0+    0                         5621,5186     6205,2035            10,38%
*     0+    0                         5621,9557     6205,2035            10,37%
      0     0     6198,5633   440     5621,9557    Cuts: 1965   284950   10,26%
      0     0     6193,4950   449     5621,9557    Cuts: 1274   300367   10,17%
      0     0     6189,9754   431     5621,9557     Cuts: 978   307078   10,10%
*     0+    0                         5627,7852     6189,9754             9,99%
*     0+    0                         5672,0207     6189,9754             9,13%
      0     0     6186,6920   427     5672,0207     Cuts: 804   312827    9,07%
      0     0     6184,5219   433     5672,0207     Cuts: 906   316636    9,04%
      0     0     6182,5985   434     5672,0207    Cuts: 1214   332946    9,00%
*     0+    0                         5683,2204     6182,5985             8,79%
*     0+    0                         5684,2174     6182,5985             8,77%
*     0+    0                         5684,2204     6182,5985             8,77%
*     0+    0                         5684,6675     6182,5985             8,76%
      0     0     6180,8752   431     5684,6675    Cuts: 1007   338250    8,73%
      0     0     6179,1007   421     5684,6675     Cuts: 710   341190    8,70%
      0     0     6178,2408   420     5684,6675     Cuts: 467   343034    8,68%
      0     0     6177,0434   423     5684,6675     Cuts: 870   358071    8,66%
      0     2     6177,0434   423     5684,6675     6177,0434   358071    8,66%
Elapsed time = 875,41 sec. (643599,76 ticks, tree = 0,00 MB, solutions = 19)
      1     3     6146,1493   412     5684,6675     6177,0434   373148    8,66%
      2     4     6173,6303   412     5684,6675     6177,0434   373557    8,66%
      3     5     6169,1309   411     5684,6675     6169,1793   376219    8,52%
      4     6     6142,1184   422     5684,6675     6169,1793   401643    8,52%
      7     9     6135,7108   411     5684,6675     6169,1793   422237    8,52%
      9    11     6160,6562   411     5684,6675     6167,0187   427872    8,49%
*    12+   12                         5690,6263     6167,0187             8,37%
*    12+   12                         5694,7400     6167,0187             8,29%
*    12+   12                         5694,7440     6167,0187             8,29%
     12    14     6130,0931   414     5694,7440     6167,0187   432416    8,29%
     13    15     6109,1205   414     5694,7440     6167,0187   447874    8,29%
     16    18     6105,5820   414     5694,7440     6167,0187   466061    8,29%
     18    20     6086,3976   417     5694,7440     6167,0187   484384    8,29%
Elapsed time = 1175,83 sec. (828486,42 ticks, tree = 0,00 MB, solutions = 19)
     19    21     6156,3094   408     5694,7440     6163,2955   494601    8,23%
     23    25     6103,6709   413     5694,7440     6163,2955   539828    8,23%
     24    26     6125,7576   412     5694,7440     6163,2955   571565    8,23%
     39    41     6148,5994   408     5694,7440     6160,4562   642829    8,18%
     40    42     6114,9832   405     5694,7440     6160,4562   645579    8,18%
     41    43     6087,8962   406     5694,7440     6160,4562   654809    8,18%
     44    46     6118,3507   407     5694,7440     6160,4562   672211    8,18%
     49    51     6089,3560   410     5694,7440     6160,4562   681473    8,18%
     50    52     6100,8888   405     5694,7440     6160,4562   691687    8,18%
     58    60     6097,4752   404     5694,7440     6160,4562   711799    8,18%
Elapsed time = 1500,58 sec. (896082,08 ticks, tree = 0,00 MB, solutions = 27)
     59    61     6089,3123   408     5694,7440     6160,4562   743418    8,18%
     96    98     6132,3151   404     5694,7440     6160,4562   883353    8,18%
     97    99     6096,1036   402     5694,7440     6160,4562   887413    8,18%
    101   103     6096,0253   406     5694,7440     6160,4562   898530    8,18%
    105   107     6094,5563   404     5694,7440     6160,4562   910069    8,18%
    109   111     6094,0288   407     5694,7440     6160,4562   927268    8,18%
    112   114     6121,4437   406     5694,7440     6160,4562   948746    8,18%
    116   118     6083,6159   405     5694,7440     6160,4562   979093    8,18%
    120   122     6116,1922   402     5694,7440     6160,4562   986835    8,18%
    124   126     6079,4213   403     5694,7440     6160,4562  1003831    8,18%
Elapsed time = 2031,73 sec. (996473,55 ticks, tree = 0,00 MB, solutions = 27)
    163   165     6098,5968   396     5694,7440     6160,4562  1115718    8,18%
    170   172     6049,6275   393     5694,7440     6160,4562  1133186    8,18%
    186   188     5959,9083   379     5694,7440     6160,4562  1206814    8,18%
    188   190     6090,4489   396     5694,7440     6160,4562  1213342    8,18%
    191   193     6032,6203   379     5694,7440     6160,4562  1219117    8,18%
    192   194     6079,0799   402     5694,7440     6160,4562  1246803    8,18%
    200   202     6074,8773   400     5694,7440     6160,4562  1290072    8,18%
    208   210     6069,9162   399     5694,7440     6160,4562  1313264    8,18%
    216   218     6061,7643   398     5694,7440     6160,4562  1359866    8,18%
    224   226     6064,4896   395     5694,7440     6160,4562  1390399    8,18%
Elapsed time = 2580,09 sec. (1102844,80 ticks, tree = 0,00 MB, solutions = 27)
    282   284     5930,4931   369     5694,7440     6160,4562  1619407    8,18%
    294   296     6060,2414   384     5694,7440     6160,4562  1686524    8,18%
    295   297     5998,5138   375     5694,7440     6160,4562  1704839    8,18%
    296   298     5921,8679   368     5694,7440     6160,4562  1729567    8,18%
    297   299     5966,4838   337     5694,7440     6160,4562  1754393    8,18%
    304   306     5926,8564   368     5694,7440     6160,4562  1865087    8,18%
    305   307     5960,1954   337     5694,7440     6160,4562  1889383    8,18%
    313   315     5922,6762   336     5694,7440     6160,4562  2018924    8,18%
    340   342     5907,0660   362     5694,7440     6160,4562  2279401    8,18%
    388   390     5936,3301   312     5694,7440     6160,4562  2422351    8,18%
Elapsed time = 3401,82 sec. (1258733,99 ticks, tree = 14,31 MB, solutions = 27)
    389   391     5824,4309   292     5694,7440     6160,4562  2433183    8,18%
    390   392     5891,9647   354     5694,7440     6160,4562  2450630    8,18%
    391   393     5955,1873   337     5694,7440     6160,4562  2479831    8,18%
    398   400     5890,0083   353     5694,7440     6160,4562  2529025    8,18%
    399   401     5880,5385   341     5694,7440     6160,4562  2559375    8,18%
    407   409     5949,4471   306     5694,7440     6160,4562  2602871    8,18%
    415   415     5944,9169   305     5694,7440     6160,4562  2647300    8,18%
    493   483     5719,2027   101     5694,7440     6160,4562  3059977    8,18%
    506   496     5904,6346   299     5694,7440     6160,4562  3080417    8,18%
    508   498     5867,8255   356     5694,7440     6160,4562  3088040    8,18%
Elapsed time = 4410,29 sec. (1401454,01 ticks, tree = 21,66 MB, solutions = 27)
    510   500     6004,9756   377     5694,7440     6160,4562  3134458    8,18%
    514   504     5916,4346   303     5694,7440     6160,4562  3181380    8,18%
    522   510     5905,0032   311     5694,7440     6160,4562  3226556    8,18%
    530   518     5907,3851   306     5694,7440     6160,4562  3283407    8,18%
    538   522     5901,3866   301     5694,7440     6160,4562  3380685    8,18%
    546   530     5900,9116   300     5694,7440     6160,4562  3438266    8,18%
    564   544     5974,0790   371     5694,7440     6160,4562  3611055    8,18%
    576   556     5925,2823   295     5694,7440     6160,4562  3796049    8,18%
    578   558     6119,4974   413     5694,7440     6160,4562  3819817    8,18%
*   591+  550                         5817,3917     6160,4562             5,90%
*   591+  550                         5819,5167     6160,4562             5,86%
    593   481     5900,8867   299     5819,5167     6160,4562  3941357    5,86%
Elapsed time = 5734,89 sec. (1589668,66 ticks, tree = 17,78 MB, solutions = 29)
    594   482     6151,8919   412     5819,5167     6160,4562  3962811    5,86%
    599   487     6089,8487   409     5819,5167     6160,4562  4052410    5,86%
    607   494     6114,4082   407     5819,5167     6160,4562  4133968    5,86%
    615   502     6114,0176   406     5819,5167     6160,4562  4194260    5,86%
    623   508     6112,0888   406     5819,5167     6160,4562  4239560    5,86%
    631   514     6083,1252   410     5819,5167     6160,4562  4320505    5,86%
    635   518     6150,8584   408     5819,5167     6160,4562  4345847    5,86%
    800   675     5839,4463   295     5819,5167     6150,8451  5576754    5,69%
    801   676     6086,7020   380     5819,5167     6150,8451  5585391    5,69%
    803   678     6148,0737   412     5819,5167     6150,8451  5601081    5,69%
Elapsed time = 6561,63 sec. (1761962,22 ticks, tree = 31,22 MB, solutions = 29)
    809   684     6079,3896   379     5819,5167     6150,8451  5662451    5,69%
    817   692     6081,6682   379     5819,5167     6150,8451  5707859    5,69%
    824   699     5827,6521   294     5819,5167     6150,8451  5777837    5,69%
    825   700     6064,3364   379     5819,5167     6150,8451  5784405    5,69%
    832   707     5828,4980   290     5819,5167     6150,8451  5821847    5,69%
    833   708     6079,7577   374     5819,5167     6150,8451  5828665    5,69%
    840   715     5821,0333   284     5819,5167     6150,8451  5901914    5,69%
    848   721        cutoff           5819,5167     6150,8451  5928343    5,69%
    856   727        cutoff           5819,5167     6150,8451  5960157    5,69%
    864   735     6101,9514   413     5819,5167     6150,8451  5985695    5,69%
Elapsed time = 7102,21 sec. (1847662,33 ticks, tree = 31,22 MB, solutions = 29)
    872   743     6094,7925   409     5819,5167     6150,8451  6013895    5,69%
    880   751     6092,8696   410     5819,5167     6150,8451  6038555    5,69%
    888   759     6063,9017   414     5819,5167     6150,8451  6069349    5,69%
    896   767     6089,6083   410     5819,5167     6150,8451  6096786    5,69%
    904   775     6070,3084   418     5819,5167     6150,8451  6129804    5,69%
    912   783     6085,4948   404     5819,5167     6150,8451  6159600    5,69%
    920   791     6076,7180   403     5819,5167     6150,8451  6189069    5,69%
    928   799     6076,1598   403     5819,5167     6150,8451  6220689    5,69%
    936   807     6071,9926   399     5819,5167     6150,8451  6259218    5,69%
    960   831     6055,1798   399     5819,5167     6150,8451  6365476    5,69%
Elapsed time = 7379,81 sec. (1896260,85 ticks, tree = 31,22 MB, solutions = 29)
    976   847     6044,7156   397     5819,5167     6150,8451  6433732    5,69%
    992   863     6044,2114   396     5819,5167     6150,8451  6548421    5,69%
   1006   877     5988,1989   358     5819,5167     6150,8451  6707569    5,69%
   1008   879     6040,1859   394     5819,5167     6150,8451  6714303    5,69%
   1024   895     6031,9730   393     5819,5167     6150,8451  6790683    5,69%
   1039   910     5867,9492   296     5819,5167     6150,8451  6959821    5,69%
   1099   968     6017,0058   362     5819,5167     6150,8451  7378347    5,69%
   1113   980     6002,4646   380     5819,5167     6146,7752  7543723    5,62%
   1115   982     6015,0010   363     5819,5167     6146,7752  7566369    5,62%
   1123   988     6008,2762   361     5819,5167     6146,7752  7655109    5,62%
Elapsed time = 7922,09 sec. (2016609,70 ticks, tree = 49,62 MB, solutions = 29)
   1126   991     6118,4258   412     5819,5167     6146,7752  7698230    5,62%
   1133   998     5892,7878   312     5819,5167     6146,7752  7755630    5,62%
   1134   999     6111,9345   409     5819,5167     6146,7752  7768607    5,62%
   1137  1002     5989,8538   356     5819,5167     6146,7752  7806444    5,62%
   1153  1018     5977,8989   359     5819,5167     6146,7752  7883690    5,62%
   1162  1027     5878,3695   285     5819,5167     6146,7752  7935511    5,62%
   1170  1035     5874,7068   285     5819,5167     6146,7752  7974388    5,62%
   1178  1043     5875,4248   284     5819,5167     6146,7752  8029755    5,62%
   1186  1051     5869,7711   282     5819,5167     6146,7752  8090889    5,62%
   1194  1059     5871,3711   285     5819,5167     6146,7752  8146201    5,62%
Elapsed time = 8680,74 sec. (2147320,32 ticks, tree = 49,62 MB, solutions = 29)
   1202  1067     5867,0440   284     5819,5167     6146,7752  8220154    5,62%
   1218  1083     5862,6940   283     5819,5167     6146,7752  8347147    5,62%
   1242  1101     5862,9109   282     5819,5167     6146,7752  8534493    5,62%
   1264  1119     5878,8120   297     5819,5167     6146,7752  8789352    5,62%
   1359  1199     5869,9980   338     5819,5167     6146,7752  9437923    5,62%
   1361  1201     5871,8408   296     5819,5167     6146,7752  9475447    5,62%
   1364  1202     5979,9951   379     5819,5167     6146,7752  9504158    5,62%
   1379  1217     5927,0870   368     5819,5167     6146,7752  9611319    5,62%
   1393  1229     5863,2154   293     5819,5167     6146,7752  9721698    5,62%
   1417  1251     5854,3265   293     5819,5167     6146,7752  9849960    5,62%
Elapsed time = 9063,92 sec. (2239537,00 ticks, tree = 64,02 MB, solutions = 29)
   1441  1275     5840,7886   289     5819,5167     6146,7752  9975176    5,62%
   1456  1290     6127,8314   403     5819,5167     6146,7752 10054913    5,62%
   1464  1298     6098,8633   403     5819,5167     6146,7752 10102965    5,62%
   1479  1313     5823,7207   339     5819,5167     6146,7752 10203955    5,62%
   1487  1319        cutoff           5819,5167     6146,7752 10245904    5,62%
   1503  1333        cutoff           5819,5167     6146,7752 10349155    5,62%
   1511  1339        cutoff           5819,5167     6146,7752 10393198    5,62%
   1519  1345        cutoff           5819,5167     6146,7752 10436404    5,62%
   1527  1351     6134,5123   413     5819,5167     6146,7752 10504913    5,62%
   1543  1363     6124,2357   407     5819,5167     6146,7752 10622803    5,62%
Elapsed time = 9404,08 sec. (2322899,19 ticks, tree = 64,02 MB, solutions = 29)
   1559  1379     6108,6439   401     5819,5167     6146,7752 10749972    5,62%
   1583  1399     6095,6392   401     5819,5167     6146,7752 10841857    5,62%
   1607  1423     6081,5293   398     5819,5167     6146,7752 10981946    5,62%
   1615  1431     6073,9129   396     5819,5167     6146,7752 11013501    5,62%
   1623  1439     6067,4488   397     5819,5167     6146,7752 11069477    5,62%
   1639  1455     6056,7728   394     5819,5167     6146,7752 11164761    5,62%
   1663  1479     6039,5212   387     5819,5167     6146,7752 11252598    5,62%
   1679  1495     6030,2351   386     5819,5167     6146,7752 11318261    5,62%
   1703  1519     6014,8301   383     5819,5167     6146,7752 11427489    5,62%
   1713  1529     6008,6952   384     5819,5167     6146,7752 11463213    5,62%
Elapsed time = 9653,54 sec. (2381261,53 ticks, tree = 64,02 MB, solutions = 29)
   1737  1553     6001,1930   377     5819,5167     6146,7752 11553470    5,62%
   1753  1569     5984,8408   378     5819,5167     6146,7752 11617234    5,62%
   1775  1591     5977,1923   373     5819,5167     6146,7752 11682276    5,62%
   1780  1596     5885,0668   382     5819,5167     6146,7752 11700384    5,62%
   1817  1629     6105,5355   418     5819,5167     6146,7752 11881560    5,62%
   1871  1683     5926,1232   378     5819,5167     6146,7752 12139038    5,62%
   1921  1727     5940,0082   373     5819,5167     6145,2911 12381545    5,60%
   1924  1730     5957,5255   376     5819,5167     6145,2911 12408922    5,60%
   1932  1738     5956,4089   383     5819,5167     6145,2911 12443232    5,60%
   1943  1747     5884,2729   380     5819,5167     6145,2911 12517518    5,60%
Elapsed time = 10250,43 sec. (2508421,82 ticks, tree = 83,41 MB, solutions = 29)
   1959  1759     5883,6070   379     5819,5167     6145,2911 12602940    5,60%
   1962  1762     6134,9896   406     5819,5167     6145,2911 12618417    5,60%
   1963  1763     5896,1793   381     5819,5167     6145,2911 12669089    5,60%
   1978  1778     6132,9136   406     5819,5167     6145,2911 12710069    5,60%
   1994  1794     6124,5907   409     5819,5167     6145,2911 12778260    5,60%
   2018  1818     6106,5987   399     5819,5167     6145,2911 12884370    5,60%
   2027  1827     5881,2396   388     5819,5167     6145,2911 12920818    5,60%
   2043  1843     5876,6730   378     5819,5167     6145,2911 13000418    5,60%
   2051  1851     5872,4119   379     5819,5167     6145,2911 13041247    5,60%
   2059  1859     5871,5116   386     5819,5167     6145,2911 13079141    5,60%
Elapsed time = 10688,78 sec. (2603459,26 ticks, tree = 83,41 MB, solutions = 29)
   2067  1867     5870,5375   389     5819,5167     6145,2911 13116989    5,60%
   2083  1883     5866,6478   386     5819,5167     6145,2911 13186866    5,60%
   2091  1891     5866,4182   386     5819,5167     6145,2911 13224296    5,60%
   2115  1915     5865,7642   376     5819,5167     6145,2911 13331585    5,60%
   2131  1931     5865,4808   383     5819,5167     6145,2911 13382358    5,60%
   2147  1947     5861,6129   386     5819,5167     6145,2911 13461071    5,60%
   2171  1971     5854,4866   389     5819,5167     6145,2911 13533072    5,60%
   2181  1981     5954,3960   370     5819,5167     6145,2911 13622576    5,60%
   2197  1997     5946,5615   367     5819,5167     6145,2911 13685501    5,60%
   2213  2013     5942,5339   379     5819,5167     6145,2911 13745117    5,60%
Elapsed time = 11148,05 sec. (2661408,75 ticks, tree = 83,41 MB, solutions = 29)
   2229  2029     5938,4589   374     5819,5167     6145,2911 13808053    5,60%
   2245  2045     5934,2420   375     5819,5167     6145,2911 13860797    5,60%
   2260  2060     5879,5250   394     5819,5167     6145,2911 13942889    5,60%
   2276  2076     5879,3995   392     5819,5167     6145,2911 14018560    5,60%
   2398  2198     5900,6811   375     5819,5167     6145,2911 14464525    5,60%
   2593  2387     5847,7608   418     5819,5167     6139,6640 15046459    5,50%
   2598  2392     6065,0407   385     5819,5167     6139,6640 15108639    5,50%
   2626  2416     5927,7917   366     5819,5167     6139,6640 15258102    5,50%
   2634  2424     5927,4044   366     5819,5167     6139,6640 15317930    5,50%
   2650  2440     5924,0953   366     5819,5167     6139,6640 15380556    5,50%
Elapsed time = 12407,47 sec. (2907602,73 ticks, tree = 100,01 MB, solutions = 29)
   2666  2456     5918,2915   361     5819,5167     6139,6640 15429547    5,50%
   2682  2472     5912,5465   367     5819,5167     6139,6640 15492386    5,50%
   2698  2488     5910,1101   371     5819,5167     6139,6640 15566397    5,50%
   2714  2504     5895,4930   372     5819,5167     6139,6640 15613719    5,50%
   2722  2512     5894,8903   369     5819,5167     6139,6640 15648797    5,50%
   2730  2518     5894,3663   375     5819,5167     6139,6640 15699077    5,50%
   2746  2534     5888,4286   375     5819,5167     6139,6640 15784523    5,50%
   2770  2558     5882,0159   374     5819,5167     6139,6640 15863414    5,50%
   2786  2574     5877,7307   368     5819,5167     6139,6640 15942057    5,50%
   2802  2584     5874,9331   364     5819,5167     6139,6640 16016010    5,50%
Elapsed time = 12721,56 sec. (2961288,35 ticks, tree = 100,01 MB, solutions = 29)
   2818  2600     5873,7822   380     5819,5167     6139,6640 16093226    5,50%
   2834  2616     5872,6191   383     5819,5167     6139,6640 16148732    5,50%
   2850  2632     5870,1457   391     5819,5167     6139,6640 16208246    5,50%
   2866  2648     5868,0123   389     5819,5167     6139,6640 16300034    5,50%
   2874  2656     5865,8720   392     5819,5167     6139,6640 16363594    5,50%
   2898  2680     5865,3373   392     5819,5167     6139,6640 16438808    5,50%
   2922  2704     5864,9562   385     5819,5167     6139,6640 16575827    5,50%
   2942  2724     5895,0816   356     5819,5167     6139,6640 16705135    5,50%
   2958  2740     5892,0707   365     5819,5167     6139,6640 16765398    5,50%
   2974  2756     5889,0070   362     5819,5167     6139,6640 16833846    5,50%
Elapsed time = 13101,20 sec. (3043796,29 ticks, tree = 100,01 MB, solutions = 29)
   2990  2772     5886,3107   365     5819,5167     6139,6640 16904623    5,50%
   3006  2788     5884,1501   363     5819,5167     6139,6640 16962151    5,50%
   3022  2804     5881,0176   359     5819,5167     6139,6640 17019180    5,50%
   3143  2921     5946,3655   368     5819,5167     6139,6640 17521896    5,50%
   3145  2923     5907,4461   368     5819,5167     6139,6640 17555103    5,50%
   3225  2995     5907,0572   363     5819,5167     6139,6640 17932196    5,50%
   3233  3003     5906,1908   367     5819,5167     6139,6640 17973913    5,50%
   3249  3019     5904,1530   364     5819,5167     6139,6640 18034638    5,50%
   3257  3025     5903,5073   359     5819,5167     6139,6640 18119318    5,50%
   3265  3033     5901,7426   365     5819,5167     6139,6640 18179901    5,50%
Elapsed time = 13696,92 sec. (3189583,55 ticks, tree = 119,77 MB, solutions = 29)
   3281  3049     5899,9713   374     5819,5167     6139,6640 18262936    5,50%
   3297  3065     5899,0796   377     5819,5167     6139,6640 18367211    5,50%
   3313  3081     5883,5681   380     5819,5167     6139,6640 18442585    5,50%
   3329  3097     5890,1232   380     5819,5167     6139,6640 18548449    5,50%
   3353  3121     5882,8324   380     5819,5167     6139,6640 18677462    5,50%
   3377  3145     5885,6866   384     5819,5167     6139,6640 18795218    5,50%
   3401  3169     5880,7007   387     5819,5167     6139,6640 18912630    5,50%
