
<<< setup


<<< generate

Found incumbent of value 0,000000 after 0,02 sec. (18,90 ticks)
Tried aggregator 8 times.
MIP Presolve eliminated 341266 rows and 315994 columns.
MIP Presolve modified 29828 coefficients.
Aggregator did 101628 substitutions.
Reduced MIP has 58857 rows, 114219 columns, and 352981 nonzeros.
Reduced MIP has 2703 binaries, 0 generals, 0 SOSs, and 0 indicators.
Presolve time = 11,63 sec. (9178,96 ticks)
Probing time = 0,28 sec. (4,36 ticks)
Tried aggregator 1 time.
Reduced MIP has 58857 rows, 114219 columns, and 352981 nonzeros.
Reduced MIP has 2703 binaries, 0 generals, 0 SOSs, and 0 indicators.
Presolve time = 0,38 sec. (193,35 ticks)
Probing time = 0,13 sec. (4,39 ticks)
MIP emphasis: balance optimality and feasibility.
MIP search method: dynamic search.
Parallel mode: deterministic, using up to 24 threads.
Root relaxation solution time = 0,58 sec. (313,83 ticks)

        Nodes                                         Cuts/
   Node  Left     Objective  IInf  Best Integer    Best Bound    ItCnt     Gap

*     0+    0                            0,0000    22399,0000              --- 
      0     0     7863,0000  1535        0,0000     7863,0000     3908     --- 
      0     0     7411,0744   968        0,0000    Cuts: 4578    48617     --- 
      0     0     7043,0352  1147        0,0000    Cuts: 5393    76041     --- 
      0     0     6703,9283  1257        0,0000    Cuts: 7009   101154     --- 
*     0+    0                         4009,4286     6703,9283            67,20%
*     0+    0                         5144,3114     6703,9283            30,32%
      0     0     6449,4225  1351     5144,3114    Cuts: 8149   121722   25,37%
      0     0     6224,8906   529     5144,3114    Cuts: 9265   154352   21,01%
*     0+    0                         5309,2417     6224,8906            17,25%
      0     0     6192,0276   584     5309,2417    Cuts: 2706   168259   16,63%
*     0+    0                         5442,0861     6192,0276            13,78%
*     0+    0                         5642,3500     6192,0276             9,74%
*     0+    0                         5643,1424     6192,0276             9,73%
*     0+    0                         5645,9744     6192,0276             9,67%
      0     0     6174,9467   507     5645,9744    Cuts: 2927   181981    9,37%
      0     0     6165,2686   507     5645,9744    Cuts: 1907   189671    9,20%
      0     0     6157,6567   508     5645,9744    Cuts: 1971   202403    9,06%
*     0+    0                         5662,3936     6157,6567             8,75%
      0     0     6146,9660   476     5662,3936    Cuts: 2172   219760    8,56%
      0     0     6134,6900   473     5662,3936    Cuts: 1836   231692    8,34%
      0     0     6125,0584   463     5662,3936    Cuts: 1868   244410    8,17%
*     0+    0                         5678,7631     6125,0584             7,86%
      0     0     6119,4498   463     5678,7631    Cuts: 2104   279978    7,76%
      0     0     6114,5862   453     5678,7631    Cuts: 1408   294947    7,67%
      0     0     6110,4889   437     5678,7631    Cuts: 1075   306384    7,60%
*     0+    0                         5686,8755     6110,4889             7,45%
      0     0     6107,2700   435     5686,8755     Cuts: 748   316802    7,39%
      0     0     6104,3645   421     5686,8755     Cuts: 789   346741    7,34%
      0     0     6102,2209   412     5686,8755     Cuts: 726   367522    7,30%
*     0+    0                         5689,8705     6102,2209             7,25%
*     0+    0                         5690,6331     6102,2209             7,23%
      0     0     6100,4804   404     5690,6331     Cuts: 594   396680    7,20%
      0     0     6099,3429   409     5690,6331     Cuts: 549   400608    7,18%
      0     0     6097,5049   427     5690,6331     Cuts: 436   403928    7,15%
*     0+    0                         5692,5550     6097,5049             7,11%
      0     0     6096,0387   406     5692,5550     Cuts: 545   415819    7,09%
      0     0     6094,9308   386     5692,5550     Cuts: 542   472464    7,07%
*     0+    0                         5700,7190     6094,9308             6,92%
Heuristic still looking.
*     0+    0                         5734,6733     6094,9308             6,28%
      0     2     6094,9308   386     5734,6733     6094,9308   472464    6,28%
Elapsed time = 1150,88 sec. (832086,24 ticks, tree = 0,00 MB, solutions = 16)
      1     3     6058,7349   387     5734,6733     6094,9308   474695    6,28%
      2     4     6092,1074   384     5734,6733     6094,9308   475422    6,28%
      3     5     6087,3614   385     5734,6733     6087,4074   491519    6,15%
      5     7     6034,2162   387     5734,6733     6087,4074   497705    6,15%
      6     8     6068,5558   384     5734,6733     6087,4074   505737    6,15%
      8    10     6032,2790   388     5734,6733     6087,4074   520778    6,15%
      9    11     5996,1604   384     5734,6733     6087,4074   525763    6,15%
     10    12     6084,6727   385     5734,6733     6084,7277   527429    6,10%
     11    13     6047,6954   379     5734,6733     6084,7277   539028    6,10%
     13    15     6020,3982   381     5734,6733     6084,7277   561986    6,10%
Elapsed time = 1389,37 sec. (966089,00 ticks, tree = 0,00 MB, solutions = 16)
     14    16     6029,5889   387     5734,6733     6084,7277   576189    6,10%
     17    19     6018,4519   383     5734,6733     6084,7277   599333    6,10%
     18    20     6023,7593   387     5734,6733     6084,7277   608013    6,10%
     21    23     6016,7304   380     5734,6733     6084,7277   612999    6,10%
     23    25     6082,7113   383     5734,6733     6082,9808   624519    6,07%
     29    31     6021,4612   381     5734,6733     6082,9808   649716    6,07%
     30    32     6005,5829   375     5734,6733     6082,9808   681686    6,07%
     33    35     5992,6794   381     5734,6733     6082,9808   738244    6,07%
     40    42     5988,8499   380     5734,6733     6082,9808   773033    6,07%
     46    48     5923,8543   384     5734,6733     6082,9808   791499    6,07%
Elapsed time = 1593,95 sec. (1080447,90 ticks, tree = 0,00 MB, solutions = 16)
     47    49     6080,4163   381     5734,6733     6080,5188   795377    6,03%
     56    58     6006,7694   375     5734,6733     6080,5188   822026    6,03%
     60    62     5951,9056   379     5734,6733     6080,5188   850391    6,03%
     63    65     5944,3940   385     5734,6733     6080,5188   901878    6,03%
     66    68     5939,4454   373     5734,6733     6080,5188   922334    6,03%
     82    84     5947,0499   372     5734,6733     6080,5188  1029159    6,03%
     86    88     5959,4300   381     5734,6733     6080,5188  1067347    6,03%
    190   192     6067,9260   373     5734,6733     6075,9951  1420847    5,95%
    193   195     5958,4670   365     5734,6733     6075,9951  1454037    5,95%
    212   214     5979,2278   378     5734,6733     6075,9951  1534380    5,95%
Elapsed time = 2321,39 sec. (1223503,74 ticks, tree = 0,00 MB, solutions = 16)
    213   215     5992,3711   378     5734,6733     6075,9951  1556557    5,95%
    241   243     5953,4860   364     5734,6733     6075,9951  1705120    5,95%
    265   267     5951,5939   363     5734,6733     6075,9951  1761727    5,95%
    289   291     5948,3633   365     5734,6733     6075,9951  1837570    5,95%
    430   432     5807,9921   347     5734,6733     6075,9951  2351158    5,95%
    533   535     6010,3809   364     5734,6733     6075,9951  2703904    5,95%
    540   542     5909,0721   358     5734,6733     6075,9951  2754873    5,95%
    549   551     5841,2884   356     5734,6733     6075,9951  2812374    5,95%
    556   558     5910,8678   361     5734,6733     6075,9951  2875449    5,95%
    564   566     5901,8022   359     5734,6733     6075,9951  2920372    5,95%
Elapsed time = 2965,55 sec. (1340402,67 ticks, tree = 0,00 MB, solutions = 16)
    580   582     5909,8808   364     5734,6733     6075,9951  3001260    5,95%
    584   586     5944,8192   372     5734,6733     6075,9951  3040603    5,95%
    608   610     5930,1235   370     5734,6733     6075,9951  3109509    5,95%
    632   632     5930,8665   377     5734,6733     6075,9951  3198366    5,95%
    656   652     5923,8840   368     5734,6733     6075,9951  3281849    5,95%
    700   691     5886,0288   352     5734,6733     6075,9951  3391607    5,95%
    724   713     5878,9543   349     5734,6733     6075,9951  3482582    5,95%
    728   717     5919,1673   364     5734,6733     6075,9951  3509896    5,95%
    748   737     5875,5587   349     5734,6733     6075,9951  3583341    5,95%
    752   741     5909,9181   363     5734,6733     6075,9951  3607554    5,95%
Elapsed time = 3688,00 sec. (1463999,60 ticks, tree = 0,00 MB, solutions = 16)
    776   762     5909,2834   363     5734,6733     6075,9951  3698782    5,95%
    911   881     5858,0209   349     5734,6733     6075,9951  4207847    5,95%
   1038   981     5806,6177   330     5734,6733     6075,9951  4641463    5,95%
   1136  1060     5967,2661   356     5734,6733     6075,9951  4938061    5,95%
   1139  1063     5900,5686   363     5734,6733     6075,9951  4951273    5,95%
   1140  1064     5820,4940   302     5734,6733     6075,9951  4963308    5,95%
   1142  1066     5792,2225   258     5734,6733     6075,9951  4988304    5,95%
   1163  1079     5899,7309   364     5734,6733     6075,9951  5162594    5,95%
   1169  1083     5767,3114   336     5734,6733     6075,9951  5191278    5,95%
   1187  1100     5890,7316   372     5734,6733     6075,9951  5308817    5,95%
Elapsed time = 4502,32 sec. (1621612,85 ticks, tree = 15,31 MB, solutions = 16)
   1211  1118     5829,9203   390     5734,6733     6075,9951  5503240    5,95%
   1235  1134     5886,1987   371     5734,6733     6075,9951  5669296    5,95%
   1259  1154     5878,6112   373     5734,6733     6075,9951  5834381    5,95%
   1272  1167     5747,0907   327     5734,6733     6075,9951  6104813    5,95%
   1606  1477     5833,5973   347     5734,6733     6072,7647  7770928    5,90%
   1607  1478     6044,2121   391     5734,6733     6072,7647  7782598    5,90%
   1609  1480     5880,4011   372     5734,6733     6072,7647  7802677    5,90%
   1614  1485     5941,7377   349     5734,6733     6072,7647  7830442    5,90%
   1633  1501     5877,0749   378     5734,6733     6072,7647  7946208    5,90%
   1657  1521     5852,7477   368     5734,6733     6072,7647  8137707    5,90%
Elapsed time = 6116,13 sec. (1929055,95 ticks, tree = 112,94 MB, solutions = 16)
   1681  1542     5850,3336   368     5734,6733     6072,7647  8299125    5,90%
   1703  1560     6010,0077   385     5734,6733     6072,7647  8416012    5,90%
   1715  1570     5975,6181   355     5734,6733     6072,7647  8455962    5,90%
   1727  1582     6031,9852   384     5734,6733     6072,7647  8552497    5,90%
   1742  1595     6025,5987   373     5734,6733     6072,7647  8628765    5,90%
   1751  1604     6028,1343   386     5734,6733     6072,7647  8683850    5,90%
   1775  1628     6005,6402   382     5734,6733     6072,7647  8879924    5,90%
   1799  1650     5995,7875   383     5734,6733     6072,7647  9131546    5,90%
   1823  1673     5997,4611   381     5734,6733     6072,7647  9277129    5,90%
   1847  1695     5994,0063   379     5734,6733     6072,7647  9392026    5,90%
Elapsed time = 7608,57 sec. (2204784,91 ticks, tree = 112,94 MB, solutions = 16)
   2309  2130     5985,5177   389     5734,6733     6072,7647 11866137    5,90%
   2311  2132     5791,8264   362     5734,6733     6072,7647 11887784    5,90%
   2322  2143     5793,8447   283     5734,6733     6072,7647 12035213    5,90%
   2333  2154     5983,7493   386     5734,6733     6072,7647 12154090    5,90%
   2341  2162     5874,1322   376     5734,6733     6072,7647 12221286    5,90%
   2346  2167     5785,5115   282     5734,6733     6072,7647 12286181    5,90%
   2365  2186     5826,3704   374     5734,6733     6072,7647 12459389    5,90%
   2370  2191     5785,7284   282     5734,6733     6072,7647 12532510    5,90%
   2394  2211     5785,6263   280     5734,6733     6072,7647 12727224    5,90%
   2408  2221     6020,9769   384     5734,6733     6072,7647 12819778    5,90%
Elapsed time = 8769,86 sec. (2356955,95 ticks, tree = 388,65 MB, solutions = 16)
   2411  2223     5906,2474   311     5734,6733     6072,7647 12840468    5,90%
   2429  2237     5975,7577   378     5734,6733     6072,7647 13038319    5,90%
   2459  2262     5885,9732   310     5734,6733     6072,7647 13280853    5,90%
   2477  2276     5966,9563   381     5734,6733     6072,7647 13415254    5,90%
   2480  2279     5998,9705   361     5734,6733     6072,7647 13439309    5,90%
   2504  2298     5991,3695   375     5734,6733     6072,7647 13619725    5,90%
   2514  2308     5774,5532   279     5734,6733     6072,7647 13693784    5,90%
   2523  2315     5969,1882   374     5734,6733     6072,7647 13813918    5,90%
   2547  2334     5934,8224   381     5734,6733     6072,7647 13966146    5,90%
   2571  2354     5962,6892   373     5734,6733     6072,7647 14112797    5,90%
Elapsed time = 9662,67 sec. (2638373,14 ticks, tree = 388,65 MB, solutions = 16)
   2595  2371     5953,2339   378     5734,6733     6072,7647 14264652    5,90%
   2643  2413     5956,6648   370     5734,6733     6072,7647 14659409    5,90%
   2667  2432     5950,4825   371     5734,6733     6072,7647 14943198    5,90%
   2758  2516     5967,3546   375     5734,6733     6072,7647 15894165    5,90%
   2761  2519     6030,1543   371     5734,6733     6072,7647 15923603    5,90%
   2785  2539     6022,0771   372     5734,6733     6072,7647 16169300    5,90%
   2809  2559     6019,6344   369     5734,6733     6072,7647 16369750    5,90%
   2833  2580     6013,7344   367     5734,6733     6072,7647 16557411    5,90%
   2850  2589     5974,0399   361     5734,6733     6072,7647 16668018    5,90%
   2857  2594     6007,4844   366     5734,6733     6072,7647 16729123    5,90%
Elapsed time = 10996,23 sec. (2907807,09 ticks, tree = 567,69 MB, solutions = 16)
   2865  2602     6000,4369   364     5734,6733     6072,7647 16810842    5,90%
   2881  2616     6004,2629   364     5734,6733     6072,7647 16981747    5,90%
   2898  2633     5960,3295   372     5734,6733     6072,7647 17163912    5,90%
   2913  2648     5987,3052   374     5734,6733     6072,7647 17267107    5,90%
   2929  2663     5999,2303   361     5734,6733     6072,7647 17444444    5,90%
   2939  2671     5847,0346   299     5734,6733     6072,7647 17657756    5,90%
   2950  2682     5925,4386   367     5734,6733     6072,7647 17753545    5,90%
   2953  2685     5992,5703   361     5734,6733     6072,7647 17776825    5,90%
   2963  2693     5806,2475   279     5734,6733     6072,7647 17900602    5,90%
   2974  2702     5890,5086   357     5734,6733     6072,7647 18027851    5,90%
Elapsed time = 12217,07 sec. (3078571,80 ticks, tree = 567,69 MB, solutions = 16)
   2998  2724     5884,4162   353     5734,6733     6072,7647 18178941    5,90%
   3035  2755     5795,6187   280     5734,6733     6072,7647 18459795    5,90%
   3059  2775     5790,7536   276     5734,6733     6072,7647 18644894    5,90%
   3083  2799     5786,6857   277     5734,6733     6072,7647 18811114    5,90%
   3134  2848     5868,4257   341     5734,6733     6072,7647 19253244    5,90%
   3158  2866     5867,6884   342     5734,6733     6072,7647 19409739    5,90%
   3182  2890     5851,7678   342     5734,6733     6072,7647 19630383    5,90%
   3206  2911     5863,7670   342     5734,6733     6072,7647 19823587    5,90%
   3226  2929     5937,3818   383     5734,6733     6072,7647 19970000    5,90%
   3230  2933     5857,8804   346     5734,6733     6072,7647 20037713    5,90%
Elapsed time = 13963,52 sec. (3304834,28 ticks, tree = 567,69 MB, solutions = 16)
   3254  2952     5860,3156   342     5734,6733     6072,7647 20204308    5,90%
   3278  2974     5854,0039   340     5734,6733     6072,7647 20335473    5,90%
   3302  2992     5850,4298   344     5734,6733     6072,7647 20539072    5,90%
   3326  3016     5847,8167   345     5734,6733     6072,7647 20755957    5,90%
