
<<< setup


<<< generate

Found incumbent of value 0,000000 after 0,02 sec. (17,09 ticks)
Tried aggregator 6 times.
MIP Presolve eliminated 194179 rows and 408007 columns.
Aggregator did 115994 substitutions.
Reduced MIP has 1578 rows, 7840 columns, and 25120 nonzeros.
Reduced MIP has 0 binaries, 0 generals, 0 SOSs, and 0 indicators.
Presolve time = 3,86 sec. (2982,98 ticks)
Tried aggregator 1 time.
MIP Presolve eliminated 1335 rows and 6675 columns.
Reduced MIP has 243 rows, 1165 columns, and 3715 nonzeros.
Reduced MIP has 0 binaries, 0 generals, 0 SOSs, and 0 indicators.
Presolve time = 0,02 sec. (14,48 ticks)
Tried aggregator 1 time.
Reduced MIP has 243 rows, 1165 columns, and 3715 nonzeros.
Reduced MIP has 0 binaries, 0 generals, 0 SOSs, and 0 indicators.
Presolve time = 0,01 sec. (7,24 ticks)
MIP emphasis: balance optimality and feasibility.
MIP search method: dynamic search.
Parallel mode: deterministic, using up to 24 threads.
Root relaxation solution time = 0,01 sec. (3,50 ticks)

        Nodes                                         Cuts/
   Node  Left     Objective  IInf  Best Integer    Best Bound    ItCnt     Gap

*     0+    0                         1255,0000    28281,5406              --- 
*     0     0      integral     0     5366,1062     5366,1062      301    0,00%
Elapsed time = 3,94 sec. (3053,87 ticks, tree = 0,00 MB, solutions = 2)

Root node processing (before b&c):
  Real time             =    3,97 sec. (3076,50 ticks)
Parallel b&c, 24 threads:
  Real time             =    0,00 sec. (0,00 ticks)
  Sync time (average)   =    0,00 sec.
  Wait time (average)   =    0,00 sec.
                          ------------
Total (root+branch&cut) =    3,97 sec. (3076,50 ticks)

<<< solve


OBJECTIVE: 5366.106
avg_utility = 0.684016

<<< post process


<<< done

