
<<< setup


<<< generate

Found incumbent of value 0.000000 after 0.11 sec. (38.56 ticks)
Aggregator has done 241210 substitutions...
Tried aggregator 11 times.
MIP Presolve eliminated 188473 rows and 867367 columns.
MIP Presolve modified 16085 coefficients.
Aggregator did 279568 substitutions.
Reduced MIP has 39467 rows, 121946 columns, and 349431 nonzeros.
Reduced MIP has 23631 binaries, 12292 generals, 0 SOSs, and 0 indicators.
Presolve time = 71.54 sec. (16213.65 ticks)
Probing time = 4.35 sec. (101.00 ticks)
Tried aggregator 1 time.
Reduced MIP has 39467 rows, 121946 columns, and 349431 nonzeros.
Reduced MIP has 23631 binaries, 12292 generals, 0 SOSs, and 0 indicators.
Presolve time = 0.60 sec. (171.99 ticks)
Probing time = 2.24 sec. (97.07 ticks)
Clique table members: 2532.
MIP emphasis: balance optimality and feasibility.
MIP search method: dynamic search.
Parallel mode: deterministic, using up to 8 threads.
Root relaxation solution time = 4.01 sec. (1664.85 ticks)

        Nodes                                         Cuts/
   Node  Left     Objective  IInf  Best Integer    Best Bound    ItCnt     Gap

*     0+    0                         2230.0000    87840.7867              --- 
*     0+    0                         4116.2037    87840.7867              --- 
      0     0    17807.9131  2560     4116.2037    17807.9131     9760  332.63%
*     0+    0                        13950.0291    17807.9131            27.66%
      0     0    17691.0430  2506    13950.0291    Cuts: 6075    20233   26.82%
      0     0    17519.2767  2302    13950.0291    Cuts: 6830    30126   25.59%
      0     0    17358.9651  2284    13950.0291    Cuts: 8384    47218   24.44%
*     0+    0                        14135.5126    17358.9651            22.80%
      0     0    17142.4134  1863    14135.5126    Cuts: 8098    73049   21.27%
*     0+    0                        14153.2363    17142.4134            21.12%
      0     0    16865.5766  1832    14153.2363    Cuts: 6656    91111   19.16%
*     0+    0                        14153.3581    16865.5766            19.16%
      0     0    16710.4769   856    14153.3581    Cuts: 4462   103837   18.07%
*     0+    0                        14276.7475    16710.4769            17.05%
      0     0    16606.9614   438    14276.7475    Cuts: 2367   111527   16.32%
*     0+    0                        14459.6264    16606.9614            14.85%
      0     0    16575.9870   252    14459.6264    Cuts: 1177   115515   14.64%
*     0+    0                        14465.2527    16575.9870            14.59%
      0     0    16562.7821   285    14465.2527     Cuts: 803   122015   14.50%
*     0+    0                        14471.9690    16562.7821            14.45%
      0     0    16547.9671   182    14471.9690     Cuts: 609   125060   14.34%
*     0+    0                        14660.2183    16547.9671            12.88%
      0     0    16540.6821   276    14660.2183     Cuts: 488   127096   12.83%
*     0+    0                        14663.5675    16540.6821            12.80%
      0     0    16538.1744   227    14663.5675     Cuts: 426   128843   12.78%
*     0+    0                        14676.9762    16538.1744            12.68%
      0     0    16536.9243   205    14676.9762     Cuts: 163   130884   12.67%
*     0+    0                        14910.5825    16536.9243            10.91%
      0     0    16535.5624   190    14910.5825     Cuts: 143   131903   10.90%
*     0+    0                        14912.7513    16535.5624            10.88%
      0     0    16533.8181   146    14912.7513     Cuts: 129   132599   10.87%
      0     0    16533.3926   116    14912.7513      Cuts: 98   133390   10.87%
      0     0    16533.2511   121    14912.7513      Cuts: 67   133773   10.87%
*     0+    0                        14942.1685    16533.2511            10.65%
      0     0    16533.1752    91    14942.1685      Cuts: 65   134217   10.65%
      0     0    16533.1270    64    14942.1685      Cuts: 37   134404   10.65%
      0     0    16533.0052    64    14942.1685      Cuts: 32   135149   10.65%
*     0+    0                        15107.6062    16533.0052             9.43%
      0     2    16533.0052    64    15107.6062    16533.0052   135149    9.43%
Elapsed time = 1366.84 sec. (458666.58 ticks, tree = 0.00 MB, solutions = 17)
      1     3    16532.9611    70    15107.6062    16533.0052   136774    9.43%
      2     4    16532.9852    62    15107.6062    16533.0052   136983    9.43%
      3     5    16532.9642    69    15107.6062    16532.9826   137126    9.43%
      4     6    16532.9230    61    15107.6062    16532.9826   137911    9.43%
      7     9    16532.9125    63    15107.6062    16532.9826   140112    9.43%
      9    11    16532.9183    63    15107.6062    16532.9826   140675    9.43%
     11    13    16532.9423    65    15107.6062    16532.9639   143152    9.43%
     12    14    16532.8740    83    15107.6062    16532.9639   143879    9.43%
     14    16    16532.2373    69    15107.6062    16532.9639   147229    9.43%
     15    17    16532.5019   113    15107.6062    16532.9639   150923    9.43%
Elapsed time = 1504.92 sec. (497691.38 ticks, tree = 0.00 MB, solutions = 17)
     16    18    16532.4134   110    15107.6062    16532.9639   156406    9.43%
     25    27    16532.4715   138    15107.6062    16532.9632   166440    9.43%
     30    32    16532.2991   126    15107.6062    16532.9632   173894    9.43%
     38    40    16532.1606    95    15107.6062    16532.9632   178379    9.43%
     42    44    16532.5704    57    15107.6062    16532.9632   182825    9.43%
     56    58    16531.4790    69    15107.6062    16532.9632   189795    9.43%
     62    64    16532.6082    71    15107.6062    16532.9632   193214    9.43%
     63    65    16532.4635    77    15107.6062    16532.9632   193979    9.43%
     65    67    16530.2336   109    15107.6062    16532.9632   195484    9.43%
     69    71    16532.4751    67    15107.6062    16532.9632   199467    9.43%
Elapsed time = 1762.72 sec. (531734.00 ticks, tree = 0.00 MB, solutions = 17)
     70    72    16531.6249   138    15107.6062    16532.9632   202691    9.43%
     73    75    16525.0243    69    15107.6062    16532.9632   209994    9.43%
     78    80    16530.8489    76    15107.6062    16532.9632   213046    9.43%
     79    81    16530.6156    74    15107.6062    16532.9632   214374    9.43%
     80    82    16530.7748    60    15107.6062    16532.9632   214718    9.43%
    102   104    16525.7532    71    15107.6062    16532.9632   241215    9.43%
    103   105    16525.1497   103    15107.6062    16532.9632   243357    9.43%
    107   109    16529.1349    73    15107.6062    16532.9632   245876    9.43%
    115   117    16529.0779    69    15107.6062    16532.9632   249610    9.43%
    119   121    16530.2981    78    15107.6062    16532.9632   253427    9.43%
Elapsed time = 2140.96 sec. (576654.40 ticks, tree = 0.00 MB, solutions = 17)
    134   134    16523.6887    66    15107.6062    16532.9632   266569    9.43%
    139   139    16528.0809   115    15107.6062    16532.9632   272771    9.43%
    147   147    16528.9327    77    15107.6062    16532.9632   277217    9.43%
    155   155    16527.9273    79    15107.6062    16532.9632   287648    9.43%
    163   163    16528.8594    75    15107.6062    16532.9632   297612    9.43%
    211   211    16525.2936    68    15107.6062    16532.9632   329554    9.43%
    217   217    16528.9138    68    15107.6062    16532.9632   339406    9.43%
    219   219    16525.0938    84    15107.6062    16532.9632   343293    9.43%
    224   224    16526.6661   154    15107.6062    16532.9632   356698    9.43%
    230   230    16528.1405   205    15107.6062    16532.9632   371827    9.43%
Elapsed time = 3122.93 sec. (673646.67 ticks, tree = 0.19 MB, solutions = 17)
    234   234    16529.3208    63    15107.6062    16532.9632   377593    9.43%
    245   245    16523.9831   191    15107.6062    16532.9632   398463    9.43%
    321   321    16524.3694    77    15107.6062    16532.9632   436873    9.43%
    324   324    16529.3077    71    15107.6062    16532.9632   441243    9.43%
    328   328    16527.1952    63    15107.6062    16532.9632   452547    9.43%
    332   332    16529.1906    77    15107.6062    16532.9632   459863    9.43%
    340   340    16529.2494    69    15107.6062    16532.9632   466369    9.43%
    351   351    16527.4931    70    15107.6062    16532.9632   476015    9.43%
    359   359    16528.6416    66    15107.6062    16532.9632   483943    9.43%
    372   372    16529.1805   107    15107.6062    16532.9632   499350    9.43%
Elapsed time = 3967.35 sec. (758414.03 ticks, tree = 3.89 MB, solutions = 17)
    396   396    16528.1424    74    15107.6062    16532.9632   519891    9.43%
    509   509    16524.6439    78    15107.6062    16532.9632   545262    9.43%
    510   510    16529.2662    85    15107.6062    16532.9632   546367    9.43%
    512   512    16529.2370    74    15107.6062    16532.9632   547785    9.43%
    514   514    16528.2215    69    15107.6062    16532.9632   551616    9.43%
    520   520    16528.5634    96    15107.6062    16532.9632   571555    9.43%
    558   558    16525.4715   100    15107.6062    16532.9632   615898    9.43%
    753   753    16523.6933    77    15107.6062    16532.9632   658650    9.43%
    756   756    16529.0548    71    15107.6062    16532.9632   663784    9.43%
    761   761    16522.9279    70    15107.6062    16532.9632   673304    9.43%
Elapsed time = 5185.52 sec. (862612.47 ticks, tree = 18.01 MB, solutions = 17)
    769   769    16522.8782    70    15107.6062    16532.9632   675656    9.43%
    772   772    16516.6630    64    15107.6062    16532.9632   681157    9.43%
    777   777    16522.8948    69    15107.6062    16532.9632   688131    9.43%
    785   785    16522.8114    76    15107.6062    16532.9632   699390    9.43%
    793   793    16522.7381    73    15107.6062    16532.9632   707124    9.43%
    801   801    16522.6610    70    15107.6062    16532.9632   717807    9.43%
    809   809    16522.6481    71    15107.6062    16532.9632   721220    9.43%
    817   817    16521.8668    69    15107.6062    16532.9632   733656    9.43%
    822   822    16525.3497    69    15107.6062    16532.9632   737745    9.43%
    846   846    16519.6457    65    15107.6062    16532.9632   856869    9.43%
Elapsed time = 5950.94 sec. (930377.82 ticks, tree = 18.01 MB, solutions = 17)
    952   952    16522.5626    72    15107.6062    16532.9632   879339    9.43%
    953   953    16527.3196    84    15107.6062    16532.9632   881832    9.43%
    960   960    16521.3116    68    15107.6062    16532.9632   889571    9.43%
    961   961    16527.6406    83    15107.6062    16532.9632   896359    9.43%
    969   969    16527.5701   103    15107.6062    16532.9632   909085    9.43%
    977   977    16523.9647   115    15107.6062    16532.9632   927704    9.43%
*  1095+ 1093                        15182.0248    16532.9632             8.90%
   1095  1095    16527.9003    68    15182.0248    16532.9632   999935    8.90%
   1197  1197    16520.7494    59    15182.0248    16532.9632  1002101    8.90%
   1268  1268    16509.2094    56    15182.0248    16532.9632  1003025    8.90%
   1286  1286    16522.5557    59    15182.0248    16532.9632  1003653    8.90%
Elapsed time = 7200.60 sec. (1032719.29 ticks, tree = 48.07 MB, solutions = 18)

Implied bound cuts applied:  39
Flow cuts applied:  26170
Mixed integer rounding cuts applied:  7474
Flow path cuts applied:  60
Gomory fractional cuts applied:  102

Root node processing (before b&c):
  Real time             = 1321.08 sec. (449111.65 ticks)
Parallel b&c, 8 threads:
  Real time             = 5880.05 sec. (586608.82 ticks)
  Sync time (average)   =  923.29 sec.
  Wait time (average)   =  923.66 sec.
                          ------------
Total (root+branch&cut) = 7201.13 sec. (1035720.47 ticks)

<<< solve


OBJECTIVE: 15182.02
avg_utility = 0.63417

<<< post process


<<< done

