
<<< setup


<<< generate

Found incumbent of value 0,000000 after 0,11 sec. (66,32 ticks)
Tried aggregator 8 times.
MIP Presolve eliminated 3408592 rows and 1249824 columns.
MIP Presolve modified 1721 coefficients.
Aggregator did 17181 substitutions.
Reduced MIP has 6874 rows, 15460 columns, and 34356 nonzeros.
Reduced MIP has 1718 binaries, 0 generals, 0 SOSs, and 0 indicators.
Presolve time = 6,71 sec. (4601,12 ticks)
Probing time = 0,13 sec. (0,67 ticks)
Tried aggregator 1 time.
Reduced MIP has 6874 rows, 15460 columns, and 34356 nonzeros.
Reduced MIP has 1718 binaries, 0 generals, 0 SOSs, and 0 indicators.
Presolve time = 0,10 sec. (60,79 ticks)
Probing time = 0,22 sec. (0,67 ticks)
MIP emphasis: balance optimality and feasibility.
MIP search method: dynamic search.
Parallel mode: deterministic, using up to 8 threads.
Root relaxation solution time = 0,47 sec. (165,01 ticks)

        Nodes                                         Cuts/
   Node  Left     Objective  IInf  Best Integer    Best Bound    ItCnt     Gap

*     0+    0                            0,0000    13924,6366              --- 
*     0+    0                         2107,2753    13924,6366           560,79%
      0     0     3266,0000   724     2107,2753     3266,0000     3482   54,99%
*     0+    0                         3109,9050     3266,0000             5,02%
      0     0     3266,0000   730     3109,9050    Cuts: 1648     5336    5,02%
      0     0     3190,1517   265     3109,9050    Cuts: 1659     7948    2,58%
*     0+    0                         3115,0189     3190,1517             2,41%
*     0     0      integral     0     3115,0189     3115,0189     8957    0,00%
Elapsed time = 10,37 sec. (6664,90 ticks, tree = 0,00 MB, solutions = 4)

Flow cuts applied:  2317
Mixed integer rounding cuts applied:  1117
Gomory fractional cuts applied:  399

Root node processing (before b&c):
  Real time             =   10,49 sec. (6728,80 ticks)
Parallel b&c, 8 threads:
  Real time             =    0,00 sec. (0,00 ticks)
  Sync time (average)   =    0,00 sec.
  Wait time (average)   =    0,00 sec.
                          ------------
Total (root+branch&cut) =   10,49 sec. (6728,80 ticks)

<<< solve


OBJECTIVE: 3115.019
avg_utility = 0.953772

<<< post process


<<< done

