
<<< setup


<<< generate

Found incumbent of value 0,000000 after 0,00 sec. (0,08 ticks)
Tried aggregator 2 times.
MIP Presolve eliminated 880 rows and 1651 columns.
Aggregator did 460 substitutions.
Reduced MIP has 11 rows, 50 columns, and 100 nonzeros.
Reduced MIP has 0 binaries, 0 generals, 0 SOSs, and 0 indicators.
Presolve time = 0,00 sec. (2,11 ticks)
Tried aggregator 1 time.
MIP Presolve eliminated 1 rows and 5 columns.
Reduced MIP has 10 rows, 45 columns, and 90 nonzeros.
Reduced MIP has 0 binaries, 0 generals, 0 SOSs, and 0 indicators.
Presolve time = 0,00 sec. (0,07 ticks)
MIP emphasis: balance optimality and feasibility.
MIP search method: dynamic search.
Parallel mode: deterministic, using up to 24 threads.
Root relaxation solution time = 0,00 sec. (0,01 ticks)

        Nodes                                         Cuts/
   Node  Left     Objective  IInf  Best Integer    Best Bound    ItCnt     Gap

*     0+    0                         2906,0000     8553,2000           194,33%
*     0     0      integral     0     3232,6667     3232,6667        1    0,00%
Elapsed time = 0,00 sec. (2,39 ticks, tree = 0,00 MB, solutions = 2)

Root node processing (before b&c):
  Real time             =    0,00 sec. (2,48 ticks)
Parallel b&c, 24 threads:
  Real time             =    0,00 sec. (0,00 ticks)
  Sync time (average)   =    0,00 sec.
  Wait time (average)   =    0,00 sec.
                          ------------
Total (root+branch&cut) =    0,00 sec. (2,48 ticks)

<<< solve


OBJECTIVE: 3232.667
avg_utility = 0.494821

<<< post process


<<< done

