
<<< setup


<<< generate

Found incumbent of value 0,000000 after 0,01 sec. (3,81 ticks)
Tried aggregator 3 times.
MIP Presolve eliminated 79262 rows and 64111 columns.
MIP Presolve modified 1002 coefficients.
Aggregator did 10977 substitutions.
Reduced MIP has 12597 rows, 31425 columns, and 84256 nonzeros.
Reduced MIP has 6383 binaries, 696 generals, 0 SOSs, and 0 indicators.
Presolve time = 0,44 sec. (374,56 ticks)
Probing time = 0,02 sec. (1,94 ticks)
Tried aggregator 1 time.
Reduced MIP has 12597 rows, 31425 columns, and 84256 nonzeros.
Reduced MIP has 6383 binaries, 696 generals, 0 SOSs, and 0 indicators.
Presolve time = 0,06 sec. (38,76 ticks)
Probing time = 0,02 sec. (1,91 ticks)
Clique table members: 268.
MIP emphasis: balance optimality and feasibility.
MIP search method: dynamic search.
Parallel mode: deterministic, using up to 24 threads.
Root relaxation solution time = 0,12 sec. (110,85 ticks)

        Nodes                                         Cuts/
   Node  Left     Objective  IInf  Best Integer    Best Bound    ItCnt     Gap

*     0+    0                            0,0000     3612,0663              --- 
      0     0      842,0000   314        0,0000      842,0000     3503     --- 
*     0+    0                          842,0000      842,0000             0,00%
      0     0        cutoff            842,0000      842,0000     3503    0,00%
Elapsed time = 0,88 sec. (623,01 ticks, tree = 0,00 MB, solutions = 2)

Root node processing (before b&c):
  Real time             =    0,89 sec. (627,58 ticks)
Parallel b&c, 24 threads:
  Real time             =    0,00 sec. (0,00 ticks)
  Sync time (average)   =    0,00 sec.
  Wait time (average)   =    0,00 sec.
                          ------------
Total (root+branch&cut) =    0,89 sec. (627,58 ticks)

<<< solve


OBJECTIVE: 842
avg_utility = 1

<<< post process


<<< done

