
<<< setup


<<< generate

Found incumbent of value 0,000000 after 0,09 sec. (65,61 ticks)
Aggregator has done 131785 substitutions...
Aggregator has done 152529 substitutions...
Aggregator has done 172582 substitutions...
Aggregator has done 190582 substitutions...
Aggregator has done 209573 substitutions...
Aggregator has done 229028 substitutions...
Aggregator has done 248253 substitutions...
Aggregator has done 267223 substitutions...
Aggregator has done 286088 substitutions...
Aggregator has done 305256 substitutions...
Aggregator has done 323812 substitutions...
Aggregator has done 339989 substitutions...
Aggregator has done 353203 substitutions...
Tried aggregator 28 times.
MIP Presolve eliminated 123744 rows and 986214 columns.
MIP Presolve modified 124836 coefficients.
Aggregator did 353546 substitutions.
Reduced MIP has 275435 rows, 875321 columns, and 2467588 nonzeros.
Reduced MIP has 64110 binaries, 0 generals, 0 SOSs, and 0 indicators.
Presolve time = 264,90 sec. (132433,74 ticks)
Probing time = 0,47 sec. (29,70 ticks)
Tried aggregator 1 time.
Reduced MIP has 275435 rows, 875321 columns, and 2467588 nonzeros.
Reduced MIP has 64110 binaries, 0 generals, 0 SOSs, and 0 indicators.
Presolve time = 3,00 sec. (1009,25 ticks)
Probing time = 0,55 sec. (30,11 ticks)
MIP emphasis: balance optimality and feasibility.
MIP search method: dynamic search.
Parallel mode: deterministic, using up to 24 threads.
Root relaxation solution time = 5,66 sec. (1685,23 ticks)

        Nodes                                         Cuts/
   Node  Left     Objective  IInf  Best Integer    Best Bound    ItCnt     Gap

*     0+    0                            0,0000    70401,0000              --- 
      0     0    23463,4084  5406        0,0000    23463,4084    12343     --- 
*     0+    0                        12448,2663    23463,4084            88,49%
      0     0    21536,5825  4766    12448,2663    Cuts: 9998   198921   73,01%
*     0+    0                        12914,3599    21536,5825            66,76%
      0     0    20258,5994  5000    12914,3599    Cuts: 9903   250076   56,87%
      0     0    19128,9363  4864    12914,3599    Cuts: 9953   271368   48,12%
      0     0    18189,2431  4762    12914,3599    Cuts: 9899   297510   40,85%
      0     0    17484,2705  3682    12914,3599    Cuts: 9900   332161   35,39%
*     0+    0                        13927,5970    17484,2705            25,54%
      0     0    17212,7097  3634    13927,5970    Cuts: 9634   378292   23,59%
*     0+    0                        14022,4729    17212,7097            22,75%
      0     0    17057,0409  3825    14022,4729    Cuts: 9765   468571   21,64%
*     0+    0                        14072,1060    17057,0409            21,21%
      0     0    16869,9476  3573    14072,1060    Cuts: 9574   524142   19,88%
*     0+    0                        14107,6343    16869,9476            19,58%
      0     0    16713,0070  3321    14107,6343    Cuts: 9100   579358   18,47%
      0     0    16614,3939  3005    14107,6343    Cuts: 8979   630288   17,77%
*     0+    0                        14764,6036    16614,3939            12,53%
      0     0    16513,5964  2627    14764,6036    Cuts: 9013   685689   11,85%
*     0+    0                        14822,7810    16513,5964            11,41%
      0     0    16437,6129  2575    14822,7810    Cuts: 8845   735048   10,89%
*     0+    0                        14882,3298    16437,6129            10,45%
      0     0    16349,1989  2288    14882,3298    Cuts: 8643   789779    9,86%
*     0+    0                        14919,6322    16349,1989             9,58%
      0     0    16264,0482  1914    14919,6322    Cuts: 8814   847065    9,01%
      0     0    16207,5523  1801    14919,6322    Cuts: 7842   920581    8,63%
*     0+    0                        14947,2594    16207,5523             8,43%
      0     0    16157,3861  1509    14947,2594    Cuts: 7246   963170    8,10%
*     0+    0                        14994,6062    16157,3861             7,75%
      0     0    16108,6507  1354    14994,6062    Cuts: 6495  1069662    7,43%
      0     0    16072,5658  1306    14994,6062    Cuts: 5625  1141907    7,19%
*     0+    0                        15016,4843    16072,5658             7,03%
      0     0    16042,1698  1182    15016,4843    Cuts: 5194  1225228    6,83%
      0     0    16018,7303  1104    15016,4843    Cuts: 4612  1281319    6,67%
      0     0    15998,3744   917    15016,4843    Cuts: 4683  1368585    6,54%
      0     0    15985,1918   814    15016,4843    Cuts: 3808  1429024    6,45%
*     0+    0                        15027,7921    15985,1918             6,37%
      0     0    15972,0852   752    15027,7921    Cuts: 3503  1541890    6,28%
