
<<< setup


<<< generate

Found incumbent of value 0,000000 after 0,02 sec. (8,38 ticks)
Tried aggregator 7 times.
MIP Presolve eliminated 368131 rows and 157153 columns.
Aggregator did 12771 substitutions.
Reduced MIP has 1162 rows, 5805 columns, and 11610 nonzeros.
Reduced MIP has 0 binaries, 0 generals, 0 SOSs, and 0 indicators.
Presolve time = 0,74 sec. (833,88 ticks)
Tried aggregator 1 time.
MIP Presolve eliminated 1132 rows and 5660 columns.
Reduced MIP has 30 rows, 145 columns, and 290 nonzeros.
Reduced MIP has 0 binaries, 0 generals, 0 SOSs, and 0 indicators.
Presolve time = 0,02 sec. (11,38 ticks)
Tried aggregator 1 time.
Reduced MIP has 30 rows, 145 columns, and 290 nonzeros.
Reduced MIP has 0 binaries, 0 generals, 0 SOSs, and 0 indicators.
Presolve time = 0,01 sec. (4,51 ticks)
MIP emphasis: balance optimality and feasibility.
MIP search method: dynamic search.
Parallel mode: deterministic, using up to 24 threads.
Root relaxation solution time = 0,00 sec. (0,19 ticks)

        Nodes                                         Cuts/
   Node  Left     Objective  IInf  Best Integer    Best Bound    ItCnt     Gap

*     0+    0                            0,0000     9804,0557              --- 
*     0     0      integral     0     1092,2753     1092,2753       62    0,00%
Elapsed time = 0,79 sec. (869,57 ticks, tree = 0,00 MB, solutions = 2)

Root node processing (before b&c):
  Real time             =    0,80 sec. (876,12 ticks)
Parallel b&c, 24 threads:
  Real time             =    0,00 sec. (0,00 ticks)
  Sync time (average)   =    0,00 sec.
  Wait time (average)   =    0,00 sec.
                          ------------
Total (root+branch&cut) =    0,80 sec. (876,12 ticks)

<<< solve


OBJECTIVE: 1092.275
avg_utility = 0.382182

<<< post process


<<< done

