
<<< setup


<<< generate

Tried aggregator 2 times.
MIP Presolve eliminated 136092 rows and 128501 columns.
MIP Presolve modified 2797 coefficients.
Aggregator did 15795 substitutions.
Reduced MIP has 6151 rows, 11739 columns, and 22919 nonzeros.
Reduced MIP has 4487 binaries, 1662 generals, 0 SOSs, and 0 indicators.
Presolve time = 0,95 sec. (2978,17 ticks)
Found incumbent of value 0,000000 after 0,97 sec. (2991,20 ticks)
Probing time = 0,01 sec. (2,31 ticks)
Tried aggregator 1 time.
Presolve time = 0,01 sec. (10,51 ticks)
Probing time = 0,01 sec. (2,31 ticks)
Clique table members: 282.
MIP emphasis: balance optimality and feasibility.
MIP search method: dynamic search.
Parallel mode: deterministic, using up to 24 threads.
Root relaxation solution time = 0,05 sec. (44,80 ticks)

        Nodes                                         Cuts/
   Node  Left     Objective  IInf  Best Integer    Best Bound    ItCnt     Gap

*     0+    0                            0,0000    10510,1693      860     --- 
      0     0     2004,9314     6        0,0000     2004,9314      860     --- 
      0     0     2004,9050     3        0,0000       Cuts: 2      866     --- 
      0     0     2004,9050     2        0,0000       Cuts: 2      874     --- 
*     0+    0                         2004,7152     2004,9050      874    0,01%

Cover cuts applied:  2
Gomory fractional cuts applied:  1

Root node processing (before b&c):
  Real time             =    1,37 sec. (2080,12 ticks)
Parallel b&c, 24 threads:
  Real time             =    0,00 sec. (0,00 ticks)
  Sync time (average)   =    0,00 sec.
  Wait time (average)   =    0,00 sec.
                          ------------
Total (root+branch&cut) =    1,37 sec. (2080,12 ticks)

<<< solve


OBJECTIVE: 2004.715
avg_utility = 0.818251091428573

<<< post process


<<< done

