
<<< setup


<<< generate

Found incumbent of value 0,000000 after 0,06 sec. (54,52 ticks)
Tried aggregator 2 times.
MIP Presolve eliminated 2400581 rows and 1207642 columns.
MIP Presolve modified 1700 coefficients.
Aggregator did 1698 substitutions.
Reduced MIP has 3115 rows, 4245 columns, and 11320 nonzeros.
Reduced MIP has 0 binaries, 0 generals, 0 SOSs, and 0 indicators.
Presolve time = 0,86 sec. (1431,62 ticks)
Tried aggregator 2 times.
MIP Presolve eliminated 3033 rows and 4145 columns.
Aggregator did 25 substitutions.
Reduced MIP has 57 rows, 75 columns, and 200 nonzeros.
Reduced MIP has 0 binaries, 0 generals, 0 SOSs, and 0 indicators.
Presolve time = 0,03 sec. (40,67 ticks)
Tried aggregator 1 time.
Reduced MIP has 57 rows, 75 columns, and 200 nonzeros.
Reduced MIP has 0 binaries, 0 generals, 0 SOSs, and 0 indicators.
Presolve time = 0,02 sec. (33,75 ticks)
MIP emphasis: balance optimality and feasibility.
MIP search method: dynamic search.
Parallel mode: deterministic, using up to 8 threads.
Root relaxation solution time = 0,00 sec. (0,04 ticks)

        Nodes                                         Cuts/
   Node  Left     Objective  IInf  Best Integer    Best Bound    ItCnt     Gap

*     0+    0                            0,0000      684,3487              --- 
*     0     0      integral     0      408,0000      408,0000        5    0,00%
Elapsed time = 1,00 sec. (1615,85 ticks, tree = 0,00 MB, solutions = 1)

Root node processing (before b&c):
  Real time             =    1,05 sec. (1657,58 ticks)
Parallel b&c, 8 threads:
  Real time             =    0,00 sec. (0,00 ticks)
  Sync time (average)   =    0,00 sec.
  Wait time (average)   =    0,00 sec.
                          ------------
Total (root+branch&cut) =    1,05 sec. (1657,58 ticks)

<<< solve


OBJECTIVE: 408
avg_utility = 1

<<< post process


<<< done

