
<<< setup


<<< generate

Found incumbent of value 0,000000 after 0,01 sec. (11,94 ticks)
Tried aggregator 3 times.
MIP Presolve eliminated 169577 rows and 261745 columns.
MIP Presolve modified 3365 coefficients.
Aggregator did 77467 substitutions.
Reduced MIP has 6534 rows, 20069 columns, and 61410 nonzeros.
Reduced MIP has 3910 binaries, 0 generals, 0 SOSs, and 0 indicators.
Presolve time = 1,43 sec. (1360,32 ticks)
Probing time = 0,01 sec. (1,20 ticks)
Tried aggregator 1 time.
Reduced MIP has 6534 rows, 20069 columns, and 61410 nonzeros.
Reduced MIP has 3910 binaries, 0 generals, 0 SOSs, and 0 indicators.
Presolve time = 0,03 sec. (31,17 ticks)
Probing time = 0,01 sec. (1,20 ticks)
MIP emphasis: balance optimality and feasibility.
MIP search method: dynamic search.
Parallel mode: deterministic, using up to 8 threads.
Root relaxation solution time = 0,14 sec. (196,33 ticks)

        Nodes                                         Cuts/
   Node  Left     Objective  IInf  Best Integer    Best Bound    ItCnt     Gap

*     0+    0                            0,0000     8584,0000              --- 
*     0+    0                           11,0000     8584,0000              --- 
      0     0     3418,0000  1075       11,0000     3418,0000      960     --- 
*     0+    0                         1916,0000     3418,0000            78,39%
      0     0     3418,0000   941     1916,0000    Cuts: 1124     3141   78,39%
*     0+    0                         1946,0000     3418,0000            75,64%
      0     0     3401,5267   940     1946,0000    Cuts: 1733    15285   74,80%
      0     0     3126,4384   597     1946,0000    Cuts: 1733    34641   60,66%
*     0+    0                         2085,0000     3126,4384            49,95%
      0     0     2943,5115   515     2085,0000    Cuts: 1733    45689   41,18%
      0     0     2890,5233   484     2085,0000    Cuts: 1733    51739   38,63%
      0     0     2875,6827   516     2085,0000    Cuts: 1576    68601   37,92%
*     0+    0                         2097,0000     2875,6827            37,13%
*     0+    0                         2415,0000     2875,6827            19,08%
*     0+    0                         2421,0000     2875,6827            18,78%
*     0+    0                         2434,0000     2875,6827            18,15%
*     0+    0                         2438,0000     2875,6827            17,95%
      0     0     2845,4754   503     2438,0000    Cuts: 1600    94981   16,68%
      0     0     2810,4824   499     2438,0000    Cuts: 1733   116788   15,28%
      0     0     2781,7852   403     2438,0000    Cuts: 1638   140682   14,10%
*     0+    0                         2552,0000     2781,7852             9,00%
*     0+    0                         2564,0000     2781,7852             8,49%
*     0+    0                         2565,0000     2781,7852             8,45%
      0     0     2755,3765   349     2565,0000    Cuts: 1279   160729    7,42%
      0     0     2720,5837   273     2565,0000    Cuts: 1118   178535    6,07%
      0     0     2695,6721   247     2565,0000     Cuts: 809   203640    5,09%
*     0+    0                         2601,0000     2695,6721             3,64%
*     0+    0                         2612,0000     2695,6721             3,20%
*     0+    0                         2616,0000     2695,6721             3,05%
*     0+    0                         2617,0000     2695,6721             3,01%
*     0+    0                         2624,0000     2695,6721             2,73%
      0     0     2681,9471   178     2624,0000     Cuts: 735   227850    2,21%
      0     0     2678,0420   161     2624,0000     Cuts: 588   243903    2,06%
*     0+    0                         2638,0000     2678,0420             1,52%
      0     0     2675,3118   172     2638,0000     Cuts: 539   267994    1,41%
*     0+    0                         2656,0000     2675,3118             0,73%

Implied bound cuts applied:  3531
Flow cuts applied:  7401
Mixed integer rounding cuts applied:  1400
Flow path cuts applied:  121
Gomory fractional cuts applied:  152

Root node processing (before b&c):
  Real time             =  433,49 sec. (196934,67 ticks)
Parallel b&c, 8 threads:
  Real time             =    0,00 sec. (0,00 ticks)
  Sync time (average)   =    0,00 sec.
  Wait time (average)   =    0,00 sec.
                          ------------
Total (root+branch&cut) =  433,49 sec. (196934,67 ticks)

<<< solve


OBJECTIVE: 2656
avg_utility = 0.777063

<<< post process


<<< done

