
<<< setup


<<< generate

Found incumbent of value 0.000000 after 0.02 sec. (6.54 ticks)
Tried aggregator 2 times.
MIP Presolve eliminated 237848 rows and 132208 columns.
MIP Presolve modified 4312 coefficients.
Aggregator did 4309 substitutions.
Reduced MIP has 11490 rows, 17948 columns, and 43076 nonzeros.
Reduced MIP has 3590 binaries, 0 generals, 0 SOSs, and 0 indicators.
Presolve time = 0.37 sec. (187.44 ticks)
Probing time = 0.01 sec. (0.91 ticks)
Tried aggregator 1 time.
Reduced MIP has 11490 rows, 17948 columns, and 43076 nonzeros.
Reduced MIP has 3590 binaries, 0 generals, 0 SOSs, and 0 indicators.
Presolve time = 0.06 sec. (25.52 ticks)
Probing time = 0.02 sec. (0.91 ticks)
MIP emphasis: balance optimality and feasibility.
MIP search method: dynamic search.
Parallel mode: deterministic, using up to 8 threads.
Root relaxation solution time = 0.08 sec. (47.44 ticks)

        Nodes                                         Cuts/
   Node  Left     Objective  IInf  Best Integer    Best Bound    ItCnt     Gap

*     0+    0                            0.0000     7005.3495              --- 
      0     0     1633.0000   624        0.0000     1633.0000      718     --- 
*     0+    0                         1473.9218     1633.0000            10.79%
      0     0     1619.3288   486     1473.9218    Cuts: 1122     1817    9.87%
      0     0     1595.7049   481     1473.9218    Cuts: 1173     2849    8.26%
      0     0     1569.0738   486     1473.9218     Cuts: 963     3826    6.46%
*     0+    0                         1490.2654     1569.0738             5.29%
*     0+    0                         1490.3589     1569.0738             5.28%
      0     0     1535.2490   424     1490.3589     Cuts: 974     5018    3.01%
      0     0     1521.3795   284     1490.3589     Cuts: 848     6001    2.08%
      0     0     1503.1463    68     1490.3589     Cuts: 569     6651    0.86%

Implied bound cuts applied:  1
Flow cuts applied:  3970
Mixed integer rounding cuts applied:  1323
Gomory fractional cuts applied:  352

Root node processing (before b&c):
  Real time             =    4.15 sec. (3326.23 ticks)
Parallel b&c, 8 threads:
  Real time             =    0.00 sec. (0.00 ticks)
  Sync time (average)   =    0.00 sec.
  Wait time (average)   =    0.00 sec.
                          ------------
Total (root+branch&cut) =    4.15 sec. (3326.23 ticks)

<<< solve


OBJECTIVE: 1490.359
avg_utility = 0.912651

<<< post process


<<< done

