
<<< setup


<<< generate

Tried aggregator 7 times.
MIP Presolve eliminated 224149 rows and 230369 columns.
MIP Presolve modified 20009 coefficients.
Aggregator did 46000 substitutions.
Reduced MIP has 4887 rows, 8660 columns, and 17840 nonzeros.
Reduced MIP has 1032 binaries, 228 generals, 0 SOSs, and 0 indicators.
Presolve time = 4,09 sec. (2002,33 ticks)
Found incumbent of value 0,000000 after 4,21 sec. (2035,33 ticks)
Probing time = 0,07 sec. (0,45 ticks)
Tried aggregator 2 times.
MIP Presolve eliminated 2000 rows and 2900 columns.
MIP Presolve modified 900 coefficients.
Aggregator did 900 substitutions.
Reduced MIP has 1987 rows, 4860 columns, and 12240 nonzeros.
Reduced MIP has 1032 binaries, 228 generals, 0 SOSs, and 0 indicators.
Presolve time = 0,04 sec. (32,81 ticks)
Probing time = 0,08 sec. (0,69 ticks)
Tried aggregator 1 time.
MIP Presolve modified 900 coefficients.
Reduced MIP has 1987 rows, 4860 columns, and 12240 nonzeros.
Reduced MIP has 1032 binaries, 228 generals, 0 SOSs, and 0 indicators.
Presolve time = 0,02 sec. (9,42 ticks)
Probing time = 0,19 sec. (0,68 ticks)
Clique table members: 142.
MIP emphasis: balance optimality and feasibility.
MIP search method: dynamic search.
Parallel mode: deterministic, using up to 8 threads.
Root relaxation solution time = 0,05 sec. (20,01 ticks)

        Nodes                                         Cuts/
   Node  Left     Objective  IInf  Best Integer    Best Bound    ItCnt     Gap

*     0+    0                            0,0000     2086,4000              --- 
      0     0      489,0000     9        0,0000      489,0000      631     --- 
*     0+    0                          489,0000      489,0000             0,00%
      0     0        cutoff            489,0000      489,0000      673    0,00%
Elapsed time = 11,69 sec. (2460,00 ticks, tree = 0,00 MB, solutions = 2)

Implied bound cuts applied:  9
Flow cuts applied:  2
Mixed integer rounding cuts applied:  1
Gomory fractional cuts applied:  3

Root node processing (before b&c):
  Real time             =   11,70 sec. (2470,16 ticks)
Parallel b&c, 8 threads:
  Real time             =    0,00 sec. (0,00 ticks)
  Sync time (average)   =    0,00 sec.
  Wait time (average)   =    0,00 sec.
                          ------------
Total (root+branch&cut) =   11,70 sec. (2470,16 ticks)

<<< solve


OBJECTIVE: 489

<<< post process


<<< done

