
<<< setup


<<< generate

Found incumbent of value 0,000000 after 0,03 sec. (32,37 ticks)
Aggregator has done 116847 substitutions...
Aggregator has done 145029 substitutions...
Aggregator has done 171489 substitutions...
Tried aggregator 18 times.
MIP Presolve eliminated 298744 rows and 420331 columns.
MIP Presolve modified 100565 coefficients.
Aggregator did 176213 substitutions.
Reduced MIP has 155300 rows, 395617 columns, and 1089020 nonzeros.
Reduced MIP has 21482 binaries, 9036 generals, 0 SOSs, and 0 indicators.
Presolve time = 42,45 sec. (32984,90 ticks)
Probing time = 0,10 sec. (17,29 ticks)
Tried aggregator 1 time.
Reduced MIP has 155300 rows, 395617 columns, and 1089020 nonzeros.
Reduced MIP has 21482 binaries, 9036 generals, 0 SOSs, and 0 indicators.
Presolve time = 0,86 sec. (470,19 ticks)
Probing time = 0,10 sec. (18,16 ticks)
Clique table members: 2378.
MIP emphasis: balance optimality and feasibility.
MIP search method: dynamic search.
Parallel mode: deterministic, using up to 8 threads.
Root relaxation solution time = 3,77 sec. (1872,11 ticks)

        Nodes                                         Cuts/
   Node  Left     Objective  IInf  Best Integer    Best Bound    ItCnt     Gap

*     0+    0                            0,0000    46965,0000              --- 
      0     0    15655,0000  3403        0,0000    15655,0000    21278     --- 
      0     0    14336,6357  7027        0,0000    Cuts: 9642    83594     --- 
      0     0    13431,0277  9971        0,0000    Cuts: 9507   108554     --- 
      0     0    12580,5484 12018        0,0000    Cuts: 9622   131515     --- 
*     0+    0                         3463,0000    12580,5484           263,28%
*     0+    0                         8190,4000    12580,5484            53,60%
*     0+    0                         8193,2000    12580,5484            53,55%
*     0+    0                         8195,4000    12580,5484            53,51%
*     0+    0                         8208,4000    12580,5484            53,26%
*     0+    0                         8208,6000    12580,5484            53,26%
*     0+    0                         8208,8000    12580,5484            53,26%
*     0+    0                         8210,6000    12580,5484            53,22%
      0     0    11925,0187 11792     8210,6000    Cuts: 9676   157947   45,24%
      0     0    11467,9689 10236     8210,6000    Cuts: 9521   197882   39,67%
      0     0    11270,0634 12561     8210,6000    Cuts: 9554   431641   37,26%
*     0+    0                         8655,8000    11270,0634            30,20%
*     0+    0                         8665,4000    11270,0634            30,06%
*     0+    0                         8691,8000    11270,0634            29,66%
*     0+    0                         8693,0000    11270,0634            29,65%
*     0+    0                         8693,2000    11270,0634            29,64%
      0     0    11124,4710 12643     8693,2000    Cuts: 9432   461173   27,97%
      0     0    10968,2115 10930     8693,2000    Cuts: 9300   485544   26,17%
*     0+    0                         8744,2000    10968,2115            25,43%
      0     0    10826,6606 11246     8744,2000    Cuts: 9089   517049   23,82%
*     0+    0                         8751,4000    10826,6606            23,71%
      0     0    10711,2895 11041     8751,4000    Cuts: 9113   551076   22,40%
*     0+    0                         8785,0000    10711,2895            21,93%
      0     0    10620,4528 10164     8785,0000    Cuts: 9098   569034   20,89%
      0     0    10551,0932  9754     8785,0000    Cuts: 8169   592717   20,10%
      0     0    10490,1524  9127     8785,0000    Cuts: 7393   621192   19,41%
      0     0    10442,5955  8520     8785,0000    Cuts: 5828   650763   18,87%
      0     0    10407,8385  7521     8785,0000    Cuts: 5159   694932   18,47%
*     0+    0                         8798,0000    10407,8385            18,30%
      0     0    10377,6854  6692     8798,0000    Cuts: 3945   719252   17,96%
*     0+    0                         8806,8000    10377,6854            17,84%
      0     0    10358,6512  7066     8806,8000    Cuts: 3191   746762   17,62%
      0     0    10342,4567  5833     8806,8000    Cuts: 3084   781241   17,44%
*     0+    0                         8812,0000    10342,4567            17,37%
      0     0    10332,1284  5500     8812,0000    Cuts: 2501   806208   17,25%
      0     0    10323,5584  4190     8812,0000    Cuts: 2159   822003   17,15%
*     0+    0                         8813,4000    10323,5584            17,13%
      0     0    10316,4855  3346     8813,4000    Cuts: 1716   846753   17,05%
*     0+    0                         8816,8000    10316,4855            17,01%
      0     0    10312,4788  2620     8816,8000    Cuts: 1221   865176   16,96%
      0     0    10309,2954  2592     8816,8000     Cuts: 963   886431   16,93%
      0     0    10306,9650  2739     8816,8000     Cuts: 992   904878   16,90%
      0     0    10304,2441  1976     8816,8000     Cuts: 916   930388   16,87%
      0     0    10300,8569  2314     8816,8000     Cuts: 718   947700   16,83%
*     0+    0                         8822,0000    10300,8569            16,76%
      0     0    10298,5391  1879     8822,0000     Cuts: 788   977282   16,74%
*     0+    0                         8826,8000    10298,5391            16,67%
      0     0    10297,3241  1420     8826,8000     Cuts: 640   988052   16,66%
      0     0    10297,1795  1347     8826,8000     Cuts: 400  1008311   16,66%
*     0+    0                         8831,8000    10297,1795            16,59%
      0     0    10297,0779  1386     8831,8000     Cuts: 334  1034667   16,59%
      0     2    10297,0779  1386     8831,8000    10297,0779  1034667   16,59%
Elapsed time = 8333,38 sec. (4668918,55 ticks, tree = 0,00 MB, solutions = 25)
      1     3    10230,8486  1256     8831,8000    10297,0779  1077157   16,59%
      2     4    10280,5974  1367     8831,8000    10297,0779  1088472   16,59%
      3     5    10209,8473  1588     8831,8000    10279,3374  1102733   16,39%
      4     6    10257,0097  1246     8831,8000    10279,3374  1142818   16,39%
      5     7    10250,7999  1355     8831,8000    10279,3374  1178044   16,39%
      8    10    10208,7923  1460     8831,8000    10279,3374  1228963   16,39%
     10    12    10226,0861  1258     8831,8000    10279,3374  1246998   16,39%
     11    13    10182,1338  1595     8831,8000    10222,7233  1262684   15,75%
     13    15    10186,2684  1615     8831,8000    10222,7233  1298904   15,75%
*    14+   14                         9224,4000    10222,7233            10,82%
*    14+   14                         9225,2000    10222,7233            10,81%
     14    16    10155,2558  1152     9225,2000    10222,7233  1323816   10,81%
Elapsed time = 12596,05 sec. (6196750,19 ticks, tree = 0,00 MB, solutions = 25)
*    15+   15                         9235,8000    10222,7233            10,69%
     15    17    10195,2248  1159     9235,8000    10222,7233  1349421   10,69%
*    17+   17                         9239,4000    10222,7233            10,64%
*    17+   17                         9239,6000    10222,7233            10,64%
*    17+   17                         9240,0000    10222,7233            10,64%
     28    30    10138,8210  1910     9240,0000    10217,6359  1562742   10,58%
     30    32    10160,3502  1972     9240,0000    10217,6359  1669330   10,58%
     32    34    10178,6481  1249     9240,0000    10217,6359  1729309   10,58%
     38    40    10192,8252  2241     9240,0000    10217,6359  1822638   10,58%
     49    51    10090,7463  1994     9240,0000    10217,6359  2012189   10,58%
     58    60    10125,6371  1862     9240,0000    10217,6359  2098387   10,58%
     60    62    10146,4019  1959     9240,0000    10217,6359  2146581   10,58%
     66    68    10099,2681  1800     9240,0000    10217,6359  2258012   10,58%
     68    70    10182,5343  2297     9240,0000    10217,6359  2323592   10,58%
Elapsed time = 19197,43 sec. (7304095,27 ticks, tree = 0,00 MB, solutions = 33)
     76    78    10176,5176  2338     9240,0000    10217,6359  2436175   10,58%
     82    84    10071,5048  1671     9240,0000    10217,6359  2510798   10,58%
     84    86    10139,0383  1925     9240,0000    10217,6359  2575978   10,58%
     90    92    10099,5976  1796     9240,0000    10217,6359  2703061   10,58%
    117   119    10078,4842  1619     9240,0000    10217,6359  3104907   10,58%
    118   120    10076,8351  1773     9240,0000    10217,6359  3147469   10,58%
    123   125    10025,0921  1914     9240,0000    10217,6359  3276807   10,58%
    126   128    10098,5101  1749     9240,0000    10217,6359  3309755   10,58%
    131   133     9994,7053  1631     9240,0000    10217,6359  3412834   10,58%
    139   141     9981,2866  1616     9240,0000    10217,6359  3524587   10,58%
Elapsed time = 25562,54 sec. (8269954,98 ticks, tree = 0,00 MB, solutions = 33)
    142   144    10066,6100  1627     9240,0000    10217,6359  3586404   10,58%
    147   149     9959,9010  1533     9240,0000    10217,6359  3655116   10,58%
    155   157     9964,8270  1632     9240,0000    10217,6359  3746901   10,58%
