
<<< setup


<<< generate

Found incumbent of value 0.000000 after 0.09 sec. (32.37 ticks)
Aggregator has done 255983 substitutions...
Tried aggregator 10 times.
MIP Presolve eliminated 352137 rows and 696674 columns.
MIP Presolve modified 31439 coefficients.
Aggregator did 274625 substitutions.
Reduced MIP has 3495 rows, 20862 columns, and 72722 nonzeros.
Reduced MIP has 12714 binaries, 8148 generals, 0 SOSs, and 0 indicators.
Presolve time = 37.06 sec. (11885.97 ticks)
Tried aggregator 1 time.
Reduced MIP has 3495 rows, 20862 columns, and 72722 nonzeros.
Reduced MIP has 12714 binaries, 8148 generals, 0 SOSs, and 0 indicators.
Presolve time = 0.09 sec. (42.24 ticks)
Probing time = 0.08 sec. (8.25 ticks)
Clique table members: 2119.
MIP emphasis: balance optimality and feasibility.
MIP search method: dynamic search.
Parallel mode: deterministic, using up to 8 threads.
Root relaxation solution time = 0.60 sec. (126.47 ticks)

        Nodes                                         Cuts/
   Node  Left     Objective  IInf  Best Integer    Best Bound    ItCnt     Gap

*     0+    0                         1316.0000    58207.7735              --- 
*     0+    0                         3622.1110    58207.7735              --- 
*     0+    0                         3624.7110    58207.7735              --- 
*     0+    0                         3625.6000    58207.7735              --- 
*     0+    0                         3626.0682    58207.7735              --- 
*     0+    0                         3626.2310    58207.7735              --- 
*     0+    0                         3626.2852    58207.7735              --- 
      0     0     7121.3185    32     3626.2852     7121.3185     2411   96.38%
*     0+    0                         7119.7844     7121.3185             0.02%

Root node processing (before b&c):
  Real time             =   38.66 sec. (12390.42 ticks)
Parallel b&c, 8 threads:
  Real time             =    0.00 sec. (0.00 ticks)
  Sync time (average)   =    0.00 sec.
  Wait time (average)   =    0.00 sec.
                          ------------
Total (root+branch&cut) =   38.66 sec. (12390.42 ticks)

<<< solve


OBJECTIVE: 7119.784
avg_utility = 0.454793

<<< post process


<<< done

