
<<< setup


<<< generate

Found incumbent of value 0,000000 after 0,01 sec. (4,73 ticks)
Tried aggregator 2 times.
MIP Presolve eliminated 20781 rows and 35733 columns.
MIP Presolve modified 2512 coefficients.
Aggregator did 2405 substitutions.
Reduced MIP has 38367 rows, 118535 columns, and 322897 nonzeros.
Reduced MIP has 5740 binaries, 2646 generals, 0 SOSs, and 0 indicators.
Presolve time = 0,29 sec. (195,21 ticks)
Probing time = 0,37 sec. (34,96 ticks)
Tried aggregator 1 time.
MIP Presolve eliminated 5112 rows and 13233 columns.
Reduced MIP has 33255 rows, 105302 columns, and 283663 nonzeros.
Reduced MIP has 5740 binaries, 2646 generals, 0 SOSs, and 0 indicators.
Presolve time = 0,33 sec. (163,43 ticks)
Probing time = 0,24 sec. (32,54 ticks)
Tried aggregator 1 time.
Reduced MIP has 33255 rows, 105302 columns, and 283663 nonzeros.
Reduced MIP has 5740 binaries, 2646 generals, 0 SOSs, and 0 indicators.
Presolve time = 0,22 sec. (133,34 ticks)
Probing time = 0,33 sec. (34,32 ticks)
Clique table members: 3340.
MIP emphasis: balance optimality and feasibility.
MIP search method: dynamic search.
Parallel mode: deterministic, using up to 24 threads.
Root relaxation solution time = 0,50 sec. (361,33 ticks)

        Nodes                                         Cuts/
   Node  Left     Objective  IInf  Best Integer    Best Bound    ItCnt     Gap

*     0+    0                            0,0000        4,2899              --- 
      0     0        0,9601   496        0,0000        0,9601     1635     --- 
*     0+    0                            0,2309        0,9601           315,84%
      0     0        0,9431   501        0,2309    Cuts: 1342     3121  308,48%
      0     0        0,9209   496        0,2309    Cuts: 1533     5271  298,88%
      0     0        0,8551   509        0,2309    Cuts: 1453     6681  270,36%
*     0+    0                            0,3649        0,8551           134,35%
*     0+    0                            0,3650        0,8551           134,28%
      0     0        0,7681   497        0,3650    Cuts: 1412     7811  110,44%
      0     0        0,5331   121        0,3650    Cuts: 1297     8681   46,07%
      0     0        0,4738    31        0,3650     Cuts: 277     8830   29,82%
      0     0        0,4651    30        0,3650      Cuts: 12     8849   27,42%
      0     0        0,4647    36        0,3650       Cuts: 4     8856   27,31%
      0     0        0,4644    37        0,3650       Cuts: 4     8863   27,25%
      0     0        0,4639    29        0,3650       Cuts: 3     8868   27,10%
      0     0        0,4632    25        0,3650       Cuts: 3     8873   26,90%
      0     0        0,4618    18        0,3650    MIRcuts: 1     8878   26,53%
      0     2        0,4618    18        0,3650        0,4618     8878   26,53%
Elapsed time = 17,99 sec. (13948,22 ticks, tree = 0,00 MB, solutions = 4)
*    14    14      integral     0        0,4586        0,4601     8897    0,33%
*    14    13      integral     0        0,4586        0,4601     8897    0,33%

Cover cuts applied:  5
Implied bound cuts applied:  185
Flow cuts applied:  3247
Mixed integer rounding cuts applied:  3382
Zero-half cuts applied:  2
Gomory fractional cuts applied:  248

Root node processing (before b&c):
  Real time             =   17,01 sec. (13762,02 ticks)
Parallel b&c, 24 threads:
  Real time             =    1,47 sec. (436,46 ticks)
  Sync time (average)   =    0,53 sec.
  Wait time (average)   =    0,66 sec.
                          ------------
Total (root+branch&cut) =   18,48 sec. (14198,48 ticks)

<<< solve


OBJECTIVE: 0.4586293
avg_utility = 0.458629

<<< post process


<<< done

