
<<< setup


<<< generate

Found incumbent of value 0,000000 after 0,02 sec. (7,52 ticks)
Tried aggregator 5 times.
MIP Presolve eliminated 364281 rows and 139553 columns.
Aggregator did 6721 substitutions.
Reduced MIP has 612 rows, 3055 columns, and 6110 nonzeros.
Reduced MIP has 0 binaries, 0 generals, 0 SOSs, and 0 indicators.
Presolve time = 0,38 sec. (421,39 ticks)
Tried aggregator 1 time.
MIP Presolve eliminated 592 rows and 2960 columns.
Reduced MIP has 20 rows, 95 columns, and 190 nonzeros.
Reduced MIP has 0 binaries, 0 generals, 0 SOSs, and 0 indicators.
Presolve time = 0,01 sec. (7,47 ticks)
Tried aggregator 1 time.
Reduced MIP has 20 rows, 95 columns, and 190 nonzeros.
Reduced MIP has 0 binaries, 0 generals, 0 SOSs, and 0 indicators.
Presolve time = 0,01 sec. (4,22 ticks)
MIP emphasis: balance optimality and feasibility.
MIP search method: dynamic search.
Parallel mode: deterministic, using up to 24 threads.
Root relaxation solution time = 0,00 sec. (0,09 ticks)

        Nodes                                         Cuts/
   Node  Left     Objective  IInf  Best Integer    Best Bound    ItCnt     Gap

*     0+    0                            0,0000     3006,2000              --- 
*     0     0      integral     0      306,2500      306,2500       38    0,00%
Elapsed time = 0,42 sec. (449,96 ticks, tree = 0,00 MB, solutions = 2)

Root node processing (before b&c):
  Real time             =    0,43 sec. (455,46 ticks)
Parallel b&c, 24 threads:
  Real time             =    0,00 sec. (0,00 ticks)
  Sync time (average)   =    0,00 sec.
  Wait time (average)   =    0,00 sec.
                          ------------
Total (root+branch&cut) =    0,43 sec. (455,46 ticks)

<<< solve


OBJECTIVE: 306.25
avg_utility = 0.25

<<< post process


<<< done

