
<<< setup


<<< generate

Found incumbent of value 0.000000 after 0.00 sec. (2.03 ticks)
Tried aggregator 2 times.
MIP Presolve eliminated 38520 rows and 36155 columns.
MIP Presolve modified 6273 coefficients.
Aggregator did 6260 substitutions.
Reduced MIP has 6894 rows, 13146 columns, and 31926 nonzeros.
Reduced MIP has 4696 binaries, 2190 generals, 0 SOSs, and 0 indicators.
Presolve time = 0.17 sec. (68.92 ticks)
Probing time = 0.01 sec. (1.26 ticks)
Tried aggregator 1 time.
Reduced MIP has 6894 rows, 13146 columns, and 31926 nonzeros.
Reduced MIP has 4696 binaries, 2190 generals, 0 SOSs, and 0 indicators.
Presolve time = 0.04 sec. (19.32 ticks)
Probing time = 0.01 sec. (1.25 ticks)
Clique table members: 261.
MIP emphasis: balance optimality and feasibility.
MIP search method: dynamic search.
Parallel mode: deterministic, using up to 8 threads.
Root relaxation solution time = 0.17 sec. (143.00 ticks)

        Nodes                                         Cuts/
   Node  Left     Objective  IInf  Best Integer    Best Bound    ItCnt     Gap

*     0+    0                            0.0000    14010.6991              --- 
      0     0     2317.4692     9        0.0000     2317.4692     2783     --- 
      0     0     2317.4692     8        0.0000      Fract: 1     2784     --- 
*     0+    0                         2316.6233     2317.4692             0.04%

Gomory fractional cuts applied:  1

Root node processing (before b&c):
  Real time             =    3.22 sec. (2345.44 ticks)
Parallel b&c, 8 threads:
  Real time             =    0.00 sec. (0.00 ticks)
  Sync time (average)   =    0.00 sec.
  Wait time (average)   =    0.00 sec.
                          ------------
Total (root+branch&cut) =    3.22 sec. (2345.44 ticks)

<<< solve


OBJECTIVE: 2316.623
avg_utility = 0.709315

<<< post process


<<< done

