
<<< setup


<<< generate

Aggregator has done 84184 substitutions...
Aggregator has done 113314 substitutions...
Tried aggregator 18 times.
MIP Presolve eliminated 88754 rows and 430583 columns.
MIP Presolve modified 83061 coefficients.
Aggregator did 136213 substitutions.
Reduced MIP has 155350 rows, 425365 columns, and 1185701 nonzeros.
Reduced MIP has 51230 binaries, 9036 generals, 0 SOSs, and 0 indicators.
Presolve time = 41,98 sec. (28976,56 ticks)
Found incumbent of value 173,200000 after 42,74 sec. (29545,68 ticks)
Probing time = 0,11 sec. (36,79 ticks)
Tried aggregator 1 time.
Presolve time = 0,52 sec. (351,17 ticks)
Probing time = 0,35 sec. (36,79 ticks)
Clique table members: 2378.
MIP emphasis: balance optimality and feasibility.
MIP search method: dynamic search.
Parallel mode: deterministic, using up to 24 threads.
Root relaxation solution time = 16,35 sec. (7646,24 ticks)

        Nodes                                         Cuts/
   Node  Left     Objective  IInf  Best Integer    Best Bound    ItCnt     Gap

*     0+    0                          173,2000    46965,0000    26827     --- 
*     0+    0                          651,6000    46965,0000    26827     --- 
*     0+    0                          683,6000    46965,0000    26827     --- 
*     0+    0                          701,2000    46965,0000    26827     --- 
*     0+    0                          715,6000    46965,0000    26827     --- 
*     0+    0                          730,0000    46965,0000    26827     --- 
*     0+    0                          742,0000    46965,0000    26827     --- 
*     0+    0                          750,0000    46965,0000    26827     --- 
*     0+    0                          757,2000    46965,0000    26827     --- 
*     0+    0                          764,4000    46965,0000    26827     --- 
      0     0    15655,0000  3433      764,4000    15655,0000    26827     --- 
      0     0    14442,5292  3066      764,4000    Cuts: 9617    55411     --- 
      0     0    13732,3788  3804      764,4000    Cuts: 8410    68772     --- 
      0     0    13023,9109  3963      764,4000    Cuts: 9802    80780     --- 
      0     0    12458,6611  3919      764,4000    Cuts: 9722    97746     --- 
      0     0    12051,1597  3535      764,4000    Cuts: 9809   125020     --- 
      0     0    11874,5435  4182      764,4000    Cuts: 9550   144057     --- 
      0     0    11774,6393  4418      764,4000    Cuts: 8894   158475     --- 
      0     0    11644,1608  4006      764,4000    Cuts: 8811   170915     --- 
      0     0    11535,1509  4599      764,4000    Cuts: 8000   186396     --- 
      0     0    11463,6385  4384      764,4000    Cuts: 8012   196868     --- 
      0     0    11384,8485  3909      764,4000    Cuts: 7775   208746     --- 
      0     0    11312,9496  3683      764,4000    Cuts: 6361   217785     --- 
      0     0    11239,0213  3536      764,4000    Cuts: 5535   229949     --- 
      0     0    11191,3088  2962      764,4000    Cuts: 4442   240360     --- 
*     0+    0                         9042,2000    11191,3088   291149   23,77%
      0     0    11153,1869  2632     9042,2000    Cuts: 3706   291149   23,35%
*     0+    0                         9049,8000    11153,1869   308451   23,24%
      0     0    11127,5602  2769     9049,8000    Cuts: 3135   308451   22,96%
*     0+    0                         9227,8000    11127,5602   330569   20,59%
      0     0    11102,6873  2270     9227,8000    Cuts: 3314   330569   20,32%
      0     0    11084,8467  2446     9227,8000    Cuts: 2660   346349   20,12%
*     0+    0                         9315,8000    11084,8467   363649   18,99%
      0     0    11068,0311  1721     9315,8000    Cuts: 2610   363649   18,81%
*     0+    0                         9324,2000    11068,0311   380056   18,70%
      0     0    11054,5003  1262     9324,2000    Cuts: 1720   380056   18,56%
      0     0    11044,4501   918     9324,2000    Cuts: 1547   394743   18,45%
*     0+    0                         9408,8000    11044,4501   413168   17,38%
      0     0    11038,8175  1126     9408,8000     Cuts: 899   413168   17,32%
*     0+    0                         9424,8000    11038,8175   429140   17,13%
      0     0    11031,5614   917     9424,8000     Cuts: 930   429140   17,05%
*     0+    0                         9429,8000    11031,5614   441149   16,99%
      0     0    11026,6906   669     9429,8000     Cuts: 896   441149   16,93%
*     0+    0                         9433,8000    11026,6906   461504   16,88%
      0     0    11022,1219   784     9433,8000     Cuts: 708   461504   16,84%
      0     0    11018,9258   616     9433,8000     Cuts: 663   475046   16,80%
      0     0    11017,1120   596     9433,8000     Cuts: 466   491062   16,78%
      0     0    11015,0805   539     9433,8000     Cuts: 487   518508   16,76%
      0     0    11014,3792   538     9433,8000     Cuts: 372   528379   16,75%
Heuristic still looking.
Heuristic still looking.
Heuristic still looking.
      0     2    11014,3792   538     9433,8000    11014,3792   528379   16,75%
Elapsed time = 5326,96 sec. (3116975,50 ticks, tree = 0,01 MB, solutions = 19)
      1     3    11014,3722   560     9433,8000    11014,3792   530339   16,75%
      2     4    11013,8708   510     9433,8000    11014,3792   532267   16,75%
      3     5    11013,6011   513     9433,8000    11014,3716   532479   16,75%
      4     6    11014,3702   575     9433,8000    11014,3716   532591   16,75%
      5     7    11014,3618   543     9433,8000    11014,3716   535538   16,75%
      8    10    11014,3357   536     9433,8000    11014,3716   536697   16,75%
      9    11    11012,3097   562     9433,8000    11014,3716   540979   16,75%
     10    12    11013,2094   563     9433,8000    11014,3456   542053   16,75%
     13    15    11013,5731   596     9433,8000    11014,3456   552908   16,75%
     17    19    11013,5727   610     9433,8000    11014,3456   579810   16,75%
Elapsed time = 5947,75 sec. (3354788,06 ticks, tree = 0,01 MB, solutions = 19)
     20    22    11000,5808   582     9433,8000    11014,3456   591994   16,75%
     23    25    11013,0846   475     9433,8000    11014,3304   609537   16,75%
     25    27    11008,8580   569     9433,8000    11014,3304   636140   16,75%
*    30+   30                        10988,0000    11014,3304   714879    0,24%

Implied bound cuts applied:  859
Flow cuts applied:  56516
Mixed integer rounding cuts applied:  35247
Flow path cuts applied:  8300
Gomory fractional cuts applied:  242

Root node processing (before b&c):
  Real time             = 5279,86 sec. (3086169,95 ticks)
Parallel b&c, 24 threads:
  Real time             = 1676,00 sec. (835998,13 ticks)
  Sync time (average)   =    0,07 sec.
  Wait time (average)   =    0,00 sec.
                          ------------
Total (root+branch&cut) = 6955,85 sec. (3922168,08 ticks)

<<< solve


OBJECTIVE: 10988
avg_utility = 0.7018843819865805

<<< post process


<<< done

