
<<< setup


<<< generate

Found incumbent of value 0,000000 after 0,03 sec. (28,95 ticks)
Aggregator has done 121105 substitutions...
Aggregator has done 162115 substitutions...
Tried aggregator 13 times.
MIP Presolve eliminated 339615 rows and 526899 columns.
MIP Presolve modified 45408 coefficients.
Aggregator did 171330 substitutions.
Reduced MIP has 86683 rows, 177052 columns, and 550828 nonzeros.
Reduced MIP has 3916 binaries, 0 generals, 0 SOSs, and 0 indicators.
Presolve time = 28,60 sec. (23317,40 ticks)
Probing time = 0,04 sec. (7,29 ticks)
Tried aggregator 1 time.
Reduced MIP has 86683 rows, 177052 columns, and 550828 nonzeros.
Reduced MIP has 3916 binaries, 0 generals, 0 SOSs, and 0 indicators.
Presolve time = 0,40 sec. (290,97 ticks)
Probing time = 0,05 sec. (7,59 ticks)
MIP emphasis: balance optimality and feasibility.
MIP search method: dynamic search.
Parallel mode: deterministic, using up to 8 threads.
Root relaxation solution time = 9,06 sec. (2403,38 ticks)

        Nodes                                         Cuts/
   Node  Left     Objective  IInf  Best Integer    Best Bound    ItCnt     Gap

*     0+    0                            0,0000    22058,0000              --- 
      0     0     7996,0000  2272        0,0000     7996,0000    14213     --- 
      0     0     7016,0733  2212        0,0000    Cuts: 7461   112422     --- 
      0     0     6115,4675  2315        0,0000    Cuts: 9544   190652     --- 
      0     0     5264,3649  2409        0,0000    Cuts: 9872   250210     --- 
*     0+    0                         2437,4286     5264,3649           115,98%
*     0+    0                         2873,8147     5264,3649            83,18%
      0     0     4965,3427  2167     2873,8147   Cuts: 10000   284807   72,78%
      0     0     4624,5338   641     2873,8147   Cuts: 10000   326223   60,92%
      0     0     4264,8084   646     2873,8147    Cuts: 4955   369764   48,40%
*     0+    0                         2984,8448     4264,8084            42,88%
*     0+    0                         3468,0565     4264,8084            22,97%
      0     0     4187,0490  1091     3468,0565    Cuts: 4720   389365   20,73%
      0     0     4148,9438  1730     3468,0565    Cuts: 7407   434121   19,63%
      0     0     3932,5983   153     3468,0565    Cuts: 9434   473484   13,39%
*     0+    0                         3514,0107     3932,5983            11,91%
*     0+    0                         3568,4607     3932,5983            10,20%
      0     0     3926,6506   141     3568,4607     Cuts: 668   495813   10,04%
      0     0     3926,0746   187     3568,4607    Cuts: 1068   517272   10,02%
      0     0     3925,4710   154     3568,4607    Cuts: 1202   536701   10,00%
*     0+    0                         3585,3183     3925,4710             9,49%
*     0+    0                         3586,4183     3925,4710             9,45%
      0     0     3925,1492   162     3586,4183     Cuts: 866   541549    9,44%
      0     0     3924,9659   203     3586,4183     Cuts: 360   544630    9,44%
*     0+    0                         3589,4381     3924,9659             9,35%
*     0+    0                         3589,5631     3924,9659             9,34%
*     0+    0                         3590,3917     3924,9659             9,32%
Heuristic still looking.
Heuristic still looking.
Heuristic still looking.
Heuristic still looking.
      0     2     3924,9659   203     3590,3917     3924,9659   544630    9,32%
Elapsed time = 1895,38 sec. (1328544,39 ticks, tree = 0,00 MB, solutions = 12)
      1     3     3918,7907   201     3590,3917     3924,9659   564901    9,32%
      2     4     3913,7035   203     3590,3917     3924,9659   570667    9,32%
      3     5     3900,7909   200     3590,3917     3916,2902   574781    9,08%
      4     6     3906,2045   203     3590,3917     3916,2902   591690    9,08%
      7     9     3902,8680   204     3590,3917     3916,2902   618577    9,08%
      9    11     3858,0150   105     3590,3917     3916,2902   633504    9,08%
     11    13     3895,4237   189     3590,3917     3907,4329   654009    8,83%
     12    14     3850,5165   114     3590,3917     3907,4329   664369    8,83%
     13    15     3844,4227   115     3590,3917     3907,4329   693480    8,83%
     14    16     3897,2655   204     3590,3917     3907,4329   718490    8,83%
Elapsed time = 2476,20 sec. (1640757,27 ticks, tree = 0,00 MB, solutions = 12)
     20    22     3847,2528   106     3590,3917     3907,4329   825885    8,83%
     27    29     3837,5880   104     3590,3917     3907,4329   884887    8,83%
     34    36     3835,4905   109     3590,3917     3907,4329   943073    8,83%
     66    68     3827,9278   171     3590,3917     3907,4329  1154638    8,83%
     67    69     3826,8217   111     3590,3917     3907,4329  1171499    8,83%
*    74+   74                         3592,2750     3907,4329             8,77%
*    74+   74                         3592,8345     3907,4329             8,76%
     74    76     3887,5791   192     3592,8345     3907,4329  1218158    8,76%
     75    77     3829,0949   189     3592,8345     3907,4329  1220801    8,76%
     76    78     3808,0667    85     3592,8345     3907,4329  1224622    8,76%
     85    87     3824,8891   154     3592,8345     3907,4329  1259022    8,76%
    107   109     3747,1778    71     3592,8345     3907,4329  1516278    8,76%
Elapsed time = 3857,30 sec. (1887444,06 ticks, tree = 0,00 MB, solutions = 12)
    119   121     3785,6741    80     3592,8345     3907,4329  1660103    8,76%
    122   124     3813,3809   109     3592,8345     3907,4329  1697056    8,76%
    123   125     3794,1463    79     3592,8345     3907,4329  1707609    8,76%
    124   126     3760,2561    72     3592,8345     3907,4329  1715952    8,76%
    132   134     3759,1854    71     3592,8345     3907,4329  1804282    8,76%
    140   142     3752,8428    74     3592,8345     3907,4329  1843338    8,76%
    148   150     3749,5450    69     3592,8345     3907,4329  1914506    8,76%
    156   158     3743,3468    69     3592,8345     3907,4329  1942805    8,76%
    164   166     3737,0686    63     3592,8345     3907,4329  1989060    8,76%
    172   174     3732,2319    62     3592,8345     3907,4329  2072942    8,76%
Elapsed time = 4351,51 sec. (2033355,60 ticks, tree = 0,00 MB, solutions = 14)
    178   180     3772,9274    74     3592,8345     3907,4329  2170035    8,76%
    186   188     3784,9383    77     3592,8345     3907,4329  2220984    8,76%
    189   191     3786,1914    75     3592,8345     3907,4329  2236375    8,76%
    195   197     3759,5535    68     3592,8345     3907,4329  2279324    8,76%
    234   236     3726,6905    78     3592,8345     3907,4329  2799346    8,76%
    304   306     3625,9016    46     3592,8345     3907,4329  3341722    8,76%
    305   307     3720,6801    65     3592,8345     3907,4329  3347981    8,76%
    306   308     3764,2960    68     3592,8345     3907,4329  3360652    8,76%
    314   316     3743,7376    62     3592,8345     3907,4329  3407449    8,76%
    315   317     3697,1417    54     3592,8345     3907,4329  3436681    8,76%
Elapsed time = 5670,70 sec. (2254777,06 ticks, tree = 5,46 MB, solutions = 14)
    320   322     3625,9016    49     3592,8345     3907,4329  3508573    8,76%
    328   330     3660,5894    70     3592,8345     3907,4329  3577125    8,76%
    336   338     3626,1240    42     3592,8345     3907,4329  3678491    8,76%
    344   346     3624,4683    42     3592,8345     3907,4329  3742690    8,76%
    352   354     3610,4209    35     3592,8345     3907,4329  3805355    8,76%
    357   359     3700,5829    62     3592,8345     3907,4329  3824921    8,76%
    373   375     3696,1737    72     3592,8345     3907,4329  3959323    8,76%
    391   391     3717,6788    72     3592,8345     3907,4329  4208282    8,76%
    447   443     3655,7483    59     3592,8345     3907,4329  4797311    8,76%
    448   444     3693,7661    63     3592,8345     3907,4329  4808625    8,76%
Elapsed time = 6156,23 sec. (2380559,27 ticks, tree = 12,57 MB, solutions = 14)
    449   445     3661,5294    52     3592,8345     3907,4329  4834095    8,76%
    456   452     3683,9098    59     3592,8345     3907,4329  4882419    8,76%
    464   458     3685,1330    60     3592,8345     3907,4329  5015263    8,76%
    472   466     3680,9597    59     3592,8345     3907,4329  5068828    8,76%
    473   467     3659,3486    52     3592,8345     3907,4329  5071884    8,76%
    490   482     3698,8902    82     3592,8345     3907,4329  5312047    8,76%
    624   604        cutoff           3592,8345     3907,4329  6795676    8,76%
    632   612     3609,0954    55     3592,8345     3907,4329  6882338    8,76%
    633   613     3676,9302    62     3592,8345     3907,4329  6891936    8,76%
    640   620     3595,6534    50     3592,8345     3907,4329  6938712    8,76%
Elapsed time = 7667,48 sec. (2716853,90 ticks, tree = 20,50 MB, solutions = 14)
    641   621     3657,4422    54     3592,8345     3907,4329  6955780    8,76%
    649   627     3672,1853    60     3592,8345     3907,4329  7042085    8,76%
    657   635     3664,9202    60     3592,8345     3907,4329  7088235    8,76%
    665   643     3665,1003    62     3592,8345     3907,4329  7157405    8,76%
    673   649     3664,9868    60     3592,8345     3907,4329  7200669    8,76%
    681   655     3662,7223    59     3592,8345     3907,4329  7272005    8,76%
    689   661     3648,3343    55     3592,8345     3907,4329  7351612    8,76%
    697   667     3660,3710    60     3592,8345     3907,4329  7393926    8,76%
    705   671     3650,6097    59     3592,8345     3907,4329  7467906    8,76%
    710   676     3883,1041   171     3592,8345     3907,4329  7506868    8,76%
Elapsed time = 8061,01 sec. (2773104,89 ticks, tree = 20,50 MB, solutions = 14)
    718   684     3875,6147   168     3592,8345     3907,4329  7544041    8,76%
    726   690     3869,5203   169     3592,8345     3907,4329  7588301    8,76%
    734   696     3866,4019   157     3592,8345     3907,4329  7681949    8,76%
    742   702     3858,8199   158     3592,8345     3907,4329  7808339    8,76%
    744   704     3869,9855   182     3592,8345     3907,4329  7821225    8,76%
    925   865     3723,5575    63     3592,8345     3907,4329  9708061    8,76%
    930   868     3630,0936    64     3592,8345     3907,4329  9828394    8,76%
    968   898     3861,6876   180     3592,8345     3902,7042 10247430    8,62%
    969   899     3895,1112   190     3592,8345     3902,7042 10294514    8,62%
    974   902     3754,4049    64     3592,8345     3902,7042 10375091    8,62%
Elapsed time = 9018,30 sec. (3029592,63 ticks, tree = 35,04 MB, solutions = 14)
    982   906     3725,4573    63     3592,8345     3902,7042 10699348    8,62%
*   985+  907                         3605,9083     3902,7042             8,23%
    985   909     3841,1348    97     3605,9083     3902,7042 10729095    8,23%
*   986+  908                         3605,9083     3902,7042             8,23%
   1237  1047     3607,3500    38     3605,9083     3902,7042 13968685    8,23%
   1242  1052     3886,3535   180     3605,9083     3902,7042 14022000    8,23%
   1249  1055     3812,4862   127     3605,9083     3902,7042 14103882    8,23%
   1257  1059     3813,5925   125     3605,9083     3902,7042 14170264    8,23%
   1265  1065     3804,6283   100     3605,9083     3902,7042 14233882    8,23%
   1273  1073     3799,7768    97     3605,9083     3902,7042 14293425    8,23%
   1281  1081     3795,0002    85     3605,9083     3902,7042 14350499    8,23%
   1289  1089     3789,5085    79     3605,9083     3902,7042 14406110    8,23%
Elapsed time = 10190,27 sec. (3274201,21 ticks, tree = 41,89 MB, solutions = 15)
   1297  1097     3786,5957    80     3605,9083     3902,7042 14470124    8,23%
   1305  1105     3774,4950    79     3605,9083     3902,7042 14520984    8,23%
   1313  1113     3780,2797    79     3605,9083     3902,7042 14569564    8,23%
   1321  1121     3777,1236    75     3605,9083     3902,7042 14634510    8,23%
   1329  1129     3770,8873    77     3605,9083     3902,7042 14680314    8,23%
   1337  1137     3766,0371    71     3605,9083     3902,7042 14732607    8,23%
   1345  1145     3759,7451    74     3605,9083     3902,7042 14787983    8,23%
   1353  1153     3754,7797    73     3605,9083     3902,7042 14858143    8,23%
   1361  1161     3754,7023    77     3605,9083     3902,7042 14920950    8,23%
   1377  1177     3752,4399    75     3605,9083     3902,7042 15053085    8,23%
Elapsed time = 10297,63 sec. (3312312,90 ticks, tree = 41,89 MB, solutions = 15)
   1385  1185     3741,0415    72     3605,9083     3902,7042 15089869    8,23%
   1401  1201     3736,7850    72     3605,9083     3902,7042 15208637    8,23%
   1417  1217     3731,8881    72     3605,9083     3902,7042 15316156    8,23%
   1433  1233     3727,6281    74     3605,9083     3902,7042 15437896    8,23%
   1441  1241     3719,3721    72     3605,9083     3902,7042 15497037    8,23%
   1457  1257     3715,6101    75     3605,9083     3902,7042 15621655    8,23%
   1473  1273     3711,3746    71     3605,9083     3902,7042 15720153    8,23%
   1489  1289     3703,9604    69     3605,9083     3902,7042 15859537    8,23%
   1595  1389     3869,4948   187     3605,9083     3902,7042 16816026    8,23%
   1655  1449     3649,3111    90     3605,9083     3902,7042 17276782    8,23%
Elapsed time = 10936,75 sec. (3468120,71 ticks, tree = 61,56 MB, solutions = 15)
   1670  1464     3692,4258    62     3605,9083     3902,7042 17418755    8,23%
   1686  1480     3687,0378    63     3605,9083     3902,7042 17553978    8,23%
   1702  1496     3690,1360    63     3605,9083     3902,7042 17694632    8,23%
   1718  1510     3685,9785    64     3605,9083     3902,7042 17818171    8,23%
   1734  1524     3693,5999    72     3605,9083     3902,7042 17977232    8,23%
   1957  1711     3858,0706   128     3605,9083     3902,7042 19614142    8,23%
   2103  1829     3859,5002   190     3605,9083     3895,1112 20413917    8,02%
   2104  1830     3804,4351   109     3605,9083     3895,1112 20424652    8,02%
   2106  1832     3864,6861   117     3605,9083     3895,1112 20456702    8,02%
   2107  1833     3848,4038   126     3605,9083     3895,1112 20475829    8,02%
Elapsed time = 13017,19 sec. (3889553,84 ticks, tree = 80,42 MB, solutions = 15)
   2115  1841     3840,9074   126     3605,9083     3895,1112 20542759    8,02%
   2131  1855     3823,0600    98     3605,9083     3895,1112 20703368    8,02%
   2147  1869     3809,3321    72     3605,9083     3895,1112 20811741    8,02%
   2155  1875     3803,0785    75     3605,9083     3895,1112 20880307    8,02%
   2171  1891     3791,5652    73     3605,9083     3895,1112 20980339    8,02%
   2187  1907     3780,3768    73     3605,9083     3895,1112 21074886    8,02%
   2351  2061     3854,8856   137     3605,9083     3895,1112 22047066    8,02%
   2511  2205     3846,3750   179     3605,9083     3895,1112 22959590    8,02%
   2519  2213     3836,7111   175     3605,9083     3895,1112 23033234    8,02%
   2532  2226     3731,3375    65     3605,9083     3895,1112 23110809    8,02%
Elapsed time = 13231,99 sec. (4024925,20 ticks, tree = 99,21 MB, solutions = 15)
   2540  2234     3706,1913    58     3605,9083     3895,1112 23172105    8,02%
   2556  2250     3724,6638    62     3605,9083     3895,1112 23242969    8,02%
   2564  2258     3706,1875    63     3605,9083     3895,1112 23309982    8,02%
   2580  2274     3709,6634    60     3605,9083     3895,1112 23403342    8,02%
   2596  2290     3708,0172    59     3605,9083     3895,1112 23487322    8,02%
   2607  2301     3774,3258    96     3605,9083     3895,1112 23555621    8,02%
   2628  2318     3689,0427    56     3605,9083     3895,1112 23662096    8,02%
   2634  2324     3865,1155   169     3605,9083     3895,1112 23730270    8,02%
   2642  2330     3852,3642   166     3605,9083     3895,1112 23786014    8,02%
   2646  2334     3770,3301    68     3605,9083     3895,1112 23888980    8,02%
Elapsed time = 14365,91 sec. (4171702,61 ticks, tree = 99,21 MB, solutions = 15)
   2659  2341     3705,4563    74     3605,9083     3895,1112 24040793    8,02%
   2672  2354     3878,4772   183     3605,9083     3895,1112 24125937    8,02%
   2688  2370     3861,4085   177     3605,9083     3895,1112 24229843    8,02%
   2696  2378     3852,8239   171     3605,9083     3895,1112 24286678    8,02%
   2712  2394     3834,7280   163     3605,9083     3895,1112 24389061    8,02%
   2736  2418     3819,7493   141     3605,9083     3895,1112 24511096    8,02%
   2744  2426     3812,3474    96     3605,9083     3895,1112 24561072    8,02%
   2760  2442     3801,7371    76     3605,9083     3895,1112 24694985    8,02%
   2776  2458     3789,9886    73     3605,9083     3895,1112 24793107    8,02%
   2784  2466     3785,0880    74     3605,9083     3895,1112 24871278    8,02%
Elapsed time = 14464,77 sec. (4238371,05 ticks, tree = 99,21 MB, solutions = 15)
   2808  2490     3770,2466    73     3605,9083     3895,1112 25000295    8,02%
   2824  2506     3761,2453    74     3605,9083     3895,1112 25056429    8,02%
   2840  2522     3756,7195    76     3605,9083     3895,1112 25194543    8,02%
   2864  2546     3740,4980    73     3605,9083     3895,1112 25318859    8,02%
   2880  2562     3732,3732    76     3605,9083     3895,1112 25385658    8,02%
   2904  2586     3724,4342    79     3605,9083     3895,1112 25489162    8,02%
   2936  2618     3712,7309    79     3605,9083     3895,1112 25667935    8,02%
   3071  2749        cutoff           3605,9083     3895,1112 26183562    8,02%
   3159  2825     3840,1922   151     3605,9083     3879,2352 26550152    7,58%
   3161  2827     3858,8576   157     3605,9083     3879,2352 26576098    7,58%
Elapsed time = 15124,98 sec. (4387385,60 ticks, tree = 130,64 MB, solutions = 15)
   3166  2830     3651,3513    88     3605,9083     3879,2352 26596268    7,58%
   3185  2847     3831,1978   130     3605,9083     3879,2352 26754096    7,58%
   3193  2855     3822,2345   105     3605,9083     3879,2352 26798899    7,58%
   3209  2867     3813,1225   104     3605,9083     3879,2352 26909794    7,58%
   3217  2873     3805,6037    79     3605,9083     3879,2352 27012787    7,58%
   3220  2876     3859,3145   183     3605,9083     3879,2352 27032289    7,58%
   3228  2884     3850,7307   177     3605,9083     3879,2352 27090070    7,58%
   3244  2900     3831,7276   166     3605,9083     3879,2352 27180101    7,58%
   3260  2916     3818,4887   134     3605,9083     3879,2352 27278821    7,58%
   3276  2932     3808,1788    92     3605,9083     3879,2352 27356428    7,58%
Elapsed time = 15388,84 sec. (4491311,58 ticks, tree = 130,64 MB, solutions = 15)
   3292  2948     3797,5688    79     3605,9083     3879,2352 27453656    7,58%
   3314  2966     3854,8783   119     3605,9083     3879,2352 27612446    7,58%
   3322  2974     3845,2148   117     3605,9083     3879,2352 27662543    7,58%
   3338  2990     3826,8558   105     3605,9083     3879,2352 27743797    7,58%
   3346  2998     3816,1113   105     3605,9083     3879,2352 27787760    7,58%
   3354  3006     3809,8866   111     3605,9083     3879,2352 27832182    7,58%
   3362  3014     3801,0239   107     3605,9083     3879,2352 27862541    7,58%
   3366  3018     3860,2859   162     3605,9083     3879,2352 27897058    7,58%

Implied bound cuts applied:  882
Flow cuts applied:  30561
Mixed integer rounding cuts applied:  32543
Flow path cuts applied:  23
Gomory fractional cuts applied:  271

Root node processing (before b&c):
  Real time             = 1895,02 sec. (1328315,33 ticks)
Parallel b&c, 8 threads:
  Real time             = 14516,04 sec. (3726203,46 ticks)
  Sync time (average)   = 2406,41 sec.
  Wait time (average)   = 2406,74 sec.
                          ------------
Total (root+branch&cut) = 16411,06 sec. (5054518,79 ticks)

<<< solve


OBJECTIVE: 3605.908
avg_utility = 0.450964

<<< post process


<<< done

