
<<< setup


<<< generate

Aggregator has done 103070 substitutions...
Aggregator has done 123700 substitutions...
Aggregator has done 144637 substitutions...
Aggregator has done 163701 substitutions...
Aggregator has done 183701 substitutions...
Aggregator has done 200965 substitutions...
Tried aggregator 26 times.
MIP Presolve eliminated 88306 rows and 654643 columns.
MIP Presolve modified 182869 coefficients.
Aggregator did 204306 substitutions.
Reduced MIP has 224452 rows, 623052 columns, and 1725437 nonzeros.
Reduced MIP has 60881 binaries, 17352 generals, 0 SOSs, and 0 indicators.
Presolve time = 116,52 sec. (62877,37 ticks)
Found incumbent of value 546,800000 after 117,71 sec. (63843,19 ticks)
Probing time = 0,15 sec. (48,81 ticks)
Tried aggregator 1 time.
Presolve time = 0,79 sec. (505,42 ticks)
Probing time = 0,44 sec. (48,81 ticks)
Clique table members: 3033.
MIP emphasis: balance optimality and feasibility.
MIP search method: dynamic search.
Parallel mode: deterministic, using up to 24 threads.
Root relaxation solution time = 34,77 sec. (15346,76 ticks)

        Nodes                                         Cuts/
   Node  Left     Objective  IInf  Best Integer    Best Bound    ItCnt     Gap

*     0+    0                          546,8000    96708,0000       51     --- 
*     0+    0                         2050,2000    96708,0000       51     --- 
*     0+    0                         2091,0000    96708,0000       51     --- 
*     0+    0                         2129,4000    96708,0000       51     --- 
*     0+    0                         2163,8000    96708,0000       51     --- 
*     0+    0                         2196,6000    96708,0000       51     --- 
*     0+    0                         2224,6000    96708,0000       51     --- 
*     0+    0                         2250,2000    96708,0000       51     --- 
*     0+    0                         2274,2000    96708,0000       51     --- 
*     0+    0                         2298,2000    96708,0000       51     --- 
      0     0    29945,6609  4915     2298,2000    29945,6609       51     --- 
      0     0    27716,0899  5184     2298,2000    Cuts: 9980   127212     --- 
      0     0    25633,3893  5524     2298,2000    Cuts: 9925   161403     --- 
      0     0    23309,3416  6507     2298,2000    Cuts: 9778   197992  914,24%
*     0+    0                         6194,6000    23309,3416   197992  276,28%
*     0+    0                        16618,6000    23309,3416   197992   40,26%
*     0+    0                        16746,0000    23309,3416   197992   39,19%
*     0+    0                        16748,8000    23309,3416   197992   39,17%
*     0+    0                        16749,8000    23309,3416   197992   39,16%
      0     0    21620,7842  5844    16749,8000    Cuts: 9996   245378   29,08%
      0     0    20748,8710  7347    16749,8000    Cuts: 9929   288774   23,88%
*     0+    0                        17098,6000    20748,8710   331641   21,35%
      0     0    20341,7004  6385    17098,6000    Cuts: 9900   331641   18,97%
*     0+    0                        17158,0000    20341,7004   354328   18,56%
      0     0    20078,6157  5754    17158,0000    Cuts: 9926   354328   17,02%
*     0+    0                        17169,0000    20078,6157   384303   16,95%
      0     0    19839,6043  5680    17169,0000    Cuts: 9721   384303   15,55%
*     0+    0                        17175,8000    19839,6043   414163   15,51%
      0     0    19722,8166  4691    17175,8000    Cuts: 9528   414163   14,83%
*     0+    0                        17186,2000    19722,8166   441843   14,76%
      0     0    19608,5380  4207    17186,2000    Cuts: 7595   441843   14,09%
*     0+    0                        17188,6000    19608,5380   461570   14,08%
      0     0    19531,3195  5169    17188,6000    Cuts: 6018   461570   13,63%
      0     0    19480,0347  4680    17188,6000    Cuts: 7282   481586   13,33%
      0     0    19430,3753  3632    17188,6000    Cuts: 5864   499161   13,04%
      0     0    19384,3853  2629    17188,6000    Cuts: 4657   520330   12,77%
      0     0    19352,7675  2744    17188,6000    Cuts: 3397   541812   12,59%
      0     0    19334,6414  2581    17188,6000    Cuts: 3464   557665   12,49%
*     0+    0                        17232,4000    19334,6414   567208   12,20%
      0     0    19324,5488  2810    17232,4000    Cuts: 3179   567208   12,14%
      0     0    19316,6672  2250    17232,4000    Cuts: 3405   576953   12,10%
      0     0    19310,1909  2360    17232,4000    Cuts: 3212   589775   12,06%
      0     0    19302,4260  2478    17232,4000    Cuts: 3468   609889   12,01%
      0     0    19296,3984  2580    17232,4000    Cuts: 3585   628889   11,98%

Implied bound cuts applied:  761
Flow cuts applied:  66221
Mixed integer rounding cuts applied:  43134
Flow path cuts applied:  8091
Gomory fractional cuts applied:  367

Root node processing (before b&c):
  Real time             = 7081,86 sec. (4411855,43 ticks)
Parallel b&c, 24 threads:
  Real time             =    0,00 sec. (0,00 ticks)
  Sync time (average)   =    0,00 sec.
  Wait time (average)   =    0,00 sec.
                          ------------
Total (root+branch&cut) = 7081,86 sec. (4411855,43 ticks)

<<< solve


OBJECTIVE: 17232.4
avg_utility = 0.5345700459113994

<<< post process


<<< done

