
<<< setup


<<< generate

Found incumbent of value 0,000000 after 0,05 sec. (25,58 ticks)
Aggregator has done 117825 substitutions...
Tried aggregator 11 times.
MIP Presolve eliminated 339991 rows and 457851 columns.
MIP Presolve modified 39323 coefficients.
Aggregator did 149860 substitutions.
Reduced MIP has 75617 rows, 152370 columns, and 474704 nonzeros.
Reduced MIP has 3584 binaries, 0 generals, 0 SOSs, and 0 indicators.
Presolve time = 23,12 sec. (17523,63 ticks)
Probing time = 0,24 sec. (5,80 ticks)
Tried aggregator 1 time.
Reduced MIP has 75617 rows, 152370 columns, and 474704 nonzeros.
Reduced MIP has 3584 binaries, 0 generals, 0 SOSs, and 0 indicators.
Presolve time = 0,52 sec. (252,85 ticks)
Probing time = 0,08 sec. (5,85 ticks)
MIP emphasis: balance optimality and feasibility.
MIP search method: dynamic search.
Parallel mode: deterministic, using up to 24 threads.
Root relaxation solution time = 6,17 sec. (2198,03 ticks)

        Nodes                                         Cuts/
   Node  Left     Objective  IInf  Best Integer    Best Bound    ItCnt     Gap

*     0+    0                            0,0000    45140,0000              --- 
      0     0    15525,2629  1729        0,0000    15525,2629      178     --- 
      0     0    13553,4268  1827        0,0000    Cuts: 9346    56345     --- 
      0     0    12265,6844  2079        0,0000    Cuts: 9428    78319     --- 
      0     0    11336,1976  1871        0,0000    Cuts: 9856    96258     --- 
*     0+    0                         7368,8571    11336,1976            53,84%
*     0+    0                         8924,7586    11336,1976            27,02%
      0     0    10982,2483   983     8924,7586   Cuts: 10000   115864   23,05%
      0     0    10627,6825  1070     8924,7586    Cuts: 7393   136477   19,08%
      0     0    10360,6120  1051     8924,7586    Cuts: 7860   161986   16,09%
      0     0    10185,3144   117     8924,7586    Cuts: 6667   188487   14,12%
      0     0    10179,5766   119     8924,7586    Cuts: 1240   194186   14,06%
      0     0    10177,8626   161     8924,7586     Cuts: 982   211307   14,04%
      0     0    10176,9290   198     8924,7586     Cuts: 981   216939   14,03%
      0     0    10175,9570   253     8924,7586    Cuts: 1594   221696   14,02%
Heuristic still looking.
Heuristic still looking.
      0     2    10175,9570   253     8924,7586    10175,9570   221696   14,02%
Elapsed time = 854,20 sec. (595136,76 ticks, tree = 0,00 MB, solutions = 3)
      1     3    10106,5898   253     8924,7586    10175,9570   222952   14,02%
      2     4    10135,7454   252     8924,7586    10175,9570   223692   14,02%
      3     5    10087,9071   250     8924,7586    10135,7454   228853   13,57%
      4     6    10060,2056   255     8924,7586    10135,7454   229213   13,57%
      5     7    10059,9182   254     8924,7586    10135,7454   262459   13,57%
      7     9    10016,7339   253     8924,7586    10135,7454   263851   13,57%
      8    10    10010,2237   254     8924,7586    10135,7454   267546   13,57%
      9    11    10032,0212   285     8924,7586    10135,7454   278182   13,57%
     12    14     9993,5174   288     8924,7586    10135,7454   340878   13,57%
     17    19     9925,8558   285     8924,7586    10135,7454   442296   13,57%
Elapsed time = 1033,49 sec. (724819,54 ticks, tree = 0,00 MB, solutions = 3)
     19    21    10032,7380   265     8924,7586    10135,7454   467733   13,57%
     21    23     9963,1213   290     8924,7586    10135,7454   519187   13,57%
*    24+   24                         9090,9576    10135,7454            11,49%
*    24+   24                         9092,0167    10135,7454            11,48%
*    24+   24                         9210,3948    10135,7454            10,05%
*    24+   24                         9213,9448    10135,7454            10,00%
     24    26     9861,2010   276     9213,9448    10135,7454   601444   10,00%
*    25+   25                         9216,0024    10135,7454             9,98%
*    25+   25                         9217,3583    10135,7454             9,96%
     25    27     9895,8700   278     9217,3583    10135,7454   624521    9,96%
     29    31     9893,7125   275     9217,3583    10135,7454   705716    9,96%
     35    37    10016,5568   267     9217,3583    10135,7454   714678    9,96%
     41    43     9852,7407   267     9217,3583    10135,7454   730671    9,96%
     43    45     9815,1015   249     9217,3583    10135,7454   737845    9,96%
*    44+   44                         9227,3500    10135,7454             9,84%
     44    46     9921,3397   277     9227,3500    10135,7454   746411    9,84%
     45    47     9786,5714   263     9227,3500    10135,7454   758874    9,84%
Elapsed time = 1410,04 sec. (869943,21 ticks, tree = 0,00 MB, solutions = 14)
     61    63     9668,9414   226     9227,3500    10135,7454   888099    9,84%
    129   131     9691,8211   232     9227,3500    10135,7454  1172539    9,84%
    131   133     9740,5373   149     9227,3500    10135,7454  1179040    9,84%
    132   134     9929,5934   264     9227,3500    10135,7454  1185415    9,84%
    137   139     9651,7499   193     9227,3500    10135,7454  1217292    9,84%
    148   150     9904,8500   193     9227,3500    10135,7454  1294561    9,84%
    196   194     9837,0962   202     9227,3500    10135,7454  1511071    9,84%
    201   199     9850,4766   248     9227,3500    10135,7454  1532982    9,84%
    225   223     9733,6736   248     9227,3500    10135,7454  1612087    9,84%
    229   227     9775,8442   215     9227,3500    10135,7454  1661784    9,84%
Elapsed time = 2239,05 sec. (1042615,31 ticks, tree = 0,00 MB, solutions = 22)
    340   330     9536,9096   133     9227,3500    10135,7454  2332067    9,84%
    502   458     9625,3851   119     9227,3500    10135,7454  3394241    9,84%
    520   466     9500,3706   155     9227,3500    10135,7454  3508838    9,84%
    522   468     9748,3555   211     9227,3500    10135,7454  3540915    9,84%
    527   473     9663,6070   143     9227,3500    10135,7454  3595738    9,84%
    545   487     9580,7070   133     9227,3500    10135,7454  3722200    9,84%
    546   488     9700,1699   204     9227,3500    10135,7454  3730114    9,84%
    570   508     9646,5799   187     9227,3500    10135,7454  3895159    9,84%
    594   530     9619,8132   187     9227,3500    10135,7454  3997510    9,84%
    597   533     9311,6719   104     9227,3500    10135,7454  4027922    9,84%
Elapsed time = 2903,71 sec. (1183958,72 ticks, tree = 0,00 MB, solutions = 22)
    621   552     9302,1354   105     9227,3500    10135,7454  4129048    9,84%
    640   567     9411,1772   133     9227,3500    10135,7454  4180822    9,84%
    664   588     9351,2588   121     9227,3500    10135,7454  4267664    9,84%
    688   606     9319,5591   114     9227,3500    10135,7454  4356082    9,84%
    704   618     9491,0981   100     9227,3500    10135,7454  4415184    9,84%
    735   641        cutoff           9227,3500    10135,7454  4595502    9,84%
    747   650     9886,3072   270     9227,3500    10135,7454  4664469    9,84%
    875   754    10043,6544   268     9227,3500    10081,4651  5364531    9,26%
    889   768     9260,4025   159     9227,3500    10081,4651  5456702    9,26%
    913   786        cutoff           9227,3500    10081,4651  5700420    9,26%
Elapsed time = 3694,99 sec. (1314382,26 ticks, tree = 0,00 MB, solutions = 22)
    937   806     9243,8274   152     9227,3500    10081,4651  5899524    9,26%
    948   813     9333,4462   161     9227,3500    10081,4651  5975624    9,26%
    972   829     9332,6024   163     9227,3500    10081,4651  6229131    9,26%
    996   849     9262,6691   154     9227,3500    10081,4651  6459019    9,26%
    997   850     9296,4487   197     9227,3500    10081,4651  6480142    9,26%
   1009   856     9861,4586   263     9227,3500    10081,4651  6588062    9,26%
   1033   870     9835,0135   238     9227,3500    10081,4651  6867968    9,26%
   1054   887     9723,5583   229     9227,3500    10081,4651  7226534    9,26%
   1078   901     9670,3915   222     9227,3500    10081,4651  7507495    9,26%
   1102   913     9643,2788   223     9227,3500    10081,4651  7693791    9,26%
Elapsed time = 4187,29 sec. (1406806,26 ticks, tree = 0,00 MB, solutions = 22)
   1126   927     9603,7214   222     9227,3500    10081,4651  7948648    9,26%
   1129   930     9691,3990   286     9227,3500    10081,4651  8016194    9,26%
   1153   948     9640,7144   281     9227,3500    10081,4651  8387676    9,26%
   1177   968     9613,6423   281     9227,3500    10081,4651  8630840    9,26%
   1198   985     9553,3469   132     9227,3500    10081,4651  8827238    9,26%
   1212   999     9825,1198   174     9227,3500    10081,4651  8997593    9,26%
   1381  1148     9607,2680   176     9227,3500    10081,4651 10651158    9,26%
   1569  1292     9723,4402   308     9227,3500    10081,4651 12316219    9,26%
   1669  1362    infeasible           9227,3500    10043,6544 12996218    8,85%
   1673  1366     9402,8310   314     9227,3500    10043,6544 13010326    8,85%
Elapsed time = 4946,29 sec. (1545226,11 ticks, tree = 3,62 MB, solutions = 22)
   1697  1389     9379,5034   341     9227,3500    10043,6544 13277070    8,85%
   1704  1396     9718,5596   331     9227,3500    10043,6544 13343962    8,85%
   1718  1405     9911,5455   277     9227,3500    10043,6544 13449454    8,85%
   1728  1415     9708,8957   328     9227,3500    10043,6544 13518823    8,85%
   1752  1434     9674,1033   329     9227,3500    10043,6544 13744325    8,85%
   1776  1452     9642,0569   331     9227,3500    10043,6544 13875586    8,85%
*  1799+ 1464                         9266,1833    10043,6544             8,39%
   1800  1467     9622,8060   330     9266,1833    10043,6544 14031865    8,39%
   1804  1469     9379,4158   232     9266,1833    10043,6544 14065617    8,39%
   1828  1488     9358,7311   227     9266,1833    10043,6544 14223700    8,39%
   1852  1509     9335,8000   283     9266,1833    10043,6544 14413408    8,39%
Elapsed time = 6062,41 sec. (1699161,39 ticks, tree = 3,62 MB, solutions = 22)
   1875  1530     9859,6276   233     9266,1833    10043,6544 14633520    8,39%
   1899  1554     9826,3427   233     9266,1833    10043,6544 14828034    8,39%
   1923  1578     9782,4335   379     9266,1833    10043,6544 15000340    8,39%
   1947  1599     9756,0852   361     9266,1833    10043,6544 15133703    8,39%
   1971  1620     9750,5963   363     9266,1833    10043,6544 15268600    8,39%
   1995  1640     9734,8596   360     9266,1833    10043,6544 15409479    8,39%
   1997  1642     9810,5737   136     9266,1833    10043,6544 15457509    8,39%
   2025  1668     9670,8212   244     9266,1833    10043,6544 15650596    8,39%
   2042  1685     9308,9560   247     9266,1833    10043,6544 15788187    8,39%
   2095  1738     9545,1361   288     9266,1833    10043,6544 16091671    8,39%
Elapsed time = 6360,30 sec. (1762432,46 ticks, tree = 3,62 MB, solutions = 22)
*  2120+ 1756                         9266,1833    10043,6544             8,39%
   2246  1868     9497,2704   242     9266,1833    10043,6544 17081552    8,39%
   2314  1793     9546,7120   190     9266,1833    10043,6544 17507590    8,39%
   2318  1795     9672,3656   220     9266,1833    10043,6544 17552433    8,39%
   2323  1800     9840,2607   259     9266,1833    10043,6544 17595598    8,39%
   2330  1807     9406,5951   166     9266,1833    10043,6544 17669242    8,39%
   2354  1829     9382,1648   174     9266,1833    10043,6544 17839381    8,39%
   2378  1851     9357,4942   164     9266,1833    10043,6544 18033538    8,39%
   2381  1854     9693,9691   249     9266,1833    10043,6544 18064071    8,39%
   2405  1878     9685,3341   261     9266,1833    10043,6544 18248333    8,39%
   2406  1879     9400,4310   292     9266,1833    10043,6544 18255196    8,39%
Elapsed time = 7562,91 sec. (1897158,90 ticks, tree = 9,96 MB, solutions = 23)
   2454  1919     9360,2336   277     9266,1833    10043,6544 18572478    8,39%
   2489  1944     9409,3862   193     9266,1833    10043,6544 18919926    8,39%
   2537  1982     9381,2038   254     9266,1833    10043,6544 19399460    8,39%
   2585  2028     9370,2987   231     9266,1833    10043,6544 19772291    8,39%
   2633  2076     9349,3085   241     9266,1833    10043,6544 20146338    8,39%
   2681  2116     9299,6004   223     9266,1833    10043,6544 20475867    8,39%
   2694  2129     9790,3578   252     9266,1833    10043,6544 20594047    8,39%
   2718  2153     9760,3354   242     9266,1833    10043,6544 20811177    8,39%
   2729  2164     9280,5251   212     9266,1833    10043,6544 20893349    8,39%
   2753  2188     9274,7689   230     9266,1833    10043,6544 21048532    8,39%
Elapsed time = 8493,38 sec. (2070651,56 ticks, tree = 9,96 MB, solutions = 23)
   2825  2244        cutoff           9266,1833    10043,6544 21682935    8,39%
   2873  2272     9844,1422   281     9266,1833    10043,6544 22070950    8,39%
   2921  2314     9801,9299   275     9266,1833    10043,6544 22435746    8,39%
   2969  2348     9758,8218   281     9266,1833    10043,6544 22834809    8,39%
   3017  2390     9737,9224   279     9266,1833    10043,6544 23184278    8,39%
   3065  2434     9702,3367   267     9266,1833    10043,6544 23409735    8,39%
   3113  2480     9647,9124   290     9266,1833    10043,6544 23653632    8,39%
   3137  2500     9617,6035   294     9266,1833    10043,6544 23844588    8,39%
   3155  2512     9383,2076   245     9266,1833    10043,6544 24033522    8,39%
   3203  2552     9346,3162   283     9266,1833    10043,6544 24415419    8,39%
Elapsed time = 9169,41 sec. (2149927,78 ticks, tree = 9,96 MB, solutions = 23)
   3423  2750     9855,2842   279     9266,1833    10043,6544 26072051    8,39%
   3579  2874     9586,7958   170     9266,1833    10043,6544 27515118    8,39%
   3598  2883     9808,4220   221     9266,1833    10043,6544 27690366    8,39%
   3834  3065     9674,6299   258     9266,1833    10001,5544 29803226    7,94%
   3839  3070     9443,3215   211     9266,1833    10001,5544 29853369    7,94%
   3887  3118     9370,5447   264     9266,1833    10001,5544 30264324    7,94%
   3935  3162     9378,7298   262     9266,1833    10001,5544 30637670    7,94%
   3983  3194     9332,9405   267     9266,1833    10001,5544 31138564    7,94%
   4009  3216     9907,2152   289     9266,1833    10001,5544 31427817    7,94%
   4057  3248     9862,3319   288     9266,1833    10001,5544 31895294    7,94%
Elapsed time = 9938,59 sec. (2274263,50 ticks, tree = 91,90 MB, solutions = 23)
   4082  3265     9864,2772   283     9266,1833    10001,5544 32143846    7,94%
   4130  3305     9799,1142   280     9266,1833    10001,5544 32597855    7,94%
   4154  3323     9794,2026   280     9266,1833    10001,5544 32826580    7,94%
   4202  3349     9756,4964   283     9266,1833    10001,5544 33329314    7,94%
   4250  3385     9657,9136   227     9266,1833    10001,5544 33820998    7,94%
   4298  3417     9591,3450   226     9266,1833    10001,5544 34218343    7,94%
   4314  3431     9812,1639   294     9266,1833    10001,5544 34325393    7,94%
   4338  3447     9776,4577   283     9266,1833    10001,5544 34547184    7,94%
   4386  3485     9741,5320   286     9266,1833    10001,5544 34954809    7,94%
   4390  3489     9721,1962   211     9266,1833    10001,5544 34974211    7,94%
Elapsed time = 11108,57 sec. (2426654,59 ticks, tree = 91,90 MB, solutions = 23)
   4438  3531     9715,8899   215     9266,1833    10001,5544 35233205    7,94%
   4462  3555     9609,7599   213     9266,1833    10001,5544 35385587    7,94%
   4486  3577     9697,0203   231     9266,1833    10001,5544 35562247    7,94%
   4514  3605     9396,1324   294     9266,1833    10001,5544 35733290    7,94%
   4586  3665     9328,5807   324     9266,1833    10001,5544 36244418    7,94%
   4610  3685     9326,4873   319     9266,1833    10001,5544 36414651    7,94%
   4658  3721     9287,9919   296     9266,1833    10001,5544 36760222    7,94%
   4706  3763     9266,3358   292     9266,1833    10001,5544 37153613    7,94%
   4750  3795     9344,9899   172     9266,1833    10001,5544 37481664    7,94%
   4754  3797        cutoff           9266,1833    10001,5544 37533092    7,94%
Elapsed time = 12355,83 sec. (2496679,51 ticks, tree = 91,90 MB, solutions = 23)
   4802  3841     9742,1563   261     9266,1833    10001,5544 37896468    7,94%
   4874  3889     9652,0936   245     9266,1833    10001,5544 38421087    7,94%
   4922  3929     9597,9737   230     9266,1833    10001,5544 38820653    7,94%
   4942  3947     9720,5592   285     9266,1833    10001,5544 38971733    7,94%
   4990  3987     9699,6659   284     9266,1833    10001,5544 39357606    7,94%
   5062  4041     9622,4610   253     9266,1833    10001,5544 39825379    7,94%
   5114  4081     9375,0582   191     9266,1833    10001,5544 40320387    7,94%
   5162  4121     9337,4687   186     9266,1833    10001,5544 40693549    7,94%
   5186  4141     9321,7629   190     9266,1833    10001,5544 40882292    7,94%
   5195  4144     9772,9308   237     9266,1833    10001,5544 41007935    7,94%
Elapsed time = 12549,80 sec. (2571191,59 ticks, tree = 91,90 MB, solutions = 23)
   5219  4166     9768,3520   229     9266,1833    10001,5544 41210856    7,94%
   5267  4196     9725,8072   237     9266,1833    10001,5544 41496730    7,94%
   5295  4220     9712,5389   178     9266,1833    10001,5544 41789105    7,94%
   5330  4247     9740,1962   211     9266,1833    10001,5544 42020661    7,94%
   5354  4267     9735,6091   214     9266,1833    10001,5544 42185450    7,94%
   5402  4309     9698,2270   230     9266,1833    10001,5544 42534379    7,94%
   5450  4353     9597,4838   209     9266,1833    10001,5544 42892600    7,94%
   5522  4417     9488,7211   235     9266,1833    10001,5544 43414733    7,94%
   5570  4461     9454,1714   233     9266,1833    10001,5544 43729698    7,94%
   5618  4501     9415,4758   223     9266,1833    10001,5544 44041877    7,94%
Elapsed time = 12841,84 sec. (2664842,92 ticks, tree = 91,90 MB, solutions = 23)
   5666  4547     9376,1955   221     9266,1833    10001,5544 44363790    7,94%
   5690  4563     9352,8803   210     9266,1833    10001,5544 44503632    7,94%
   5738  4593     9308,7119   192     9266,1833    10001,5544 45013974    7,94%
   5850  4683     9305,7722   280     9266,1833    10001,5544 45926841    7,94%
   5917  4738     9289,3996   310     9266,1833    10001,5544 46506922    7,94%
*  6352+ 3397                         9267,0833     9377,7055             1,19%

Implied bound cuts applied:  1524
Flow cuts applied:  28685
Mixed integer rounding cuts applied:  26720
Flow path cuts applied:  538
Gomory fractional cuts applied:  178

Root node processing (before b&c):
  Real time             =  853,01 sec. (595026,24 ticks)
Parallel b&c, 24 threads:
  Real time             = 12467,60 sec. (2440646,50 ticks)
  Sync time (average)   = 1834,76 sec.
  Wait time (average)   = 1836,26 sec.
                          ------------
Total (root+branch&cut) = 13320,61 sec. (3035672,75 ticks)

<<< solve


OBJECTIVE: 9267.083
avg_utility = 0.575309

<<< post process


<<< done

