
<<< setup


<<< generate

Found incumbent of value 0,000000 after 0,01 sec. (11,63 ticks)
Tried aggregator 3 times.
MIP Presolve eliminated 174943 rows and 260938 columns.
MIP Presolve modified 2563 coefficients.
Aggregator did 66930 substitutions.
Reduced MIP has 8690 rows, 20613 columns, and 59478 nonzeros.
Reduced MIP has 2046 binaries, 0 generals, 0 SOSs, and 0 indicators.
Presolve time = 1,41 sec. (1396,59 ticks)
Probing time = 0,00 sec. (0,93 ticks)
Tried aggregator 1 time.
Reduced MIP has 8690 rows, 20613 columns, and 59478 nonzeros.
Reduced MIP has 2046 binaries, 0 generals, 0 SOSs, and 0 indicators.
Presolve time = 0,03 sec. (32,53 ticks)
Probing time = 0,01 sec. (0,93 ticks)
MIP emphasis: balance optimality and feasibility.
MIP search method: dynamic search.
Parallel mode: deterministic, using up to 8 threads.
Root relaxation solution time = 0,14 sec. (139,87 ticks)

        Nodes                                         Cuts/
   Node  Left     Objective  IInf  Best Integer    Best Bound    ItCnt     Gap

*     0+    0                            0,0000    12850,0000              --- 
      0     0     3785,0000   933        0,0000     3785,0000     1286     --- 
*     0+    0                         2016,4617     3785,0000            87,71%
*     0+    0                         2490,8778     3785,0000            51,95%
      0     0     2703,2966     7     2490,8778    Cuts: 2272     8302    8,53%
      0     0     2702,0659     4     2490,8778      Cuts: 17     8873    8,48%
*     0     0      integral     0     2701,5750      Cuts: 15     9087    0,00%
      0     0        cutoff           2701,5750     2701,5750     9087    0,00%
Elapsed time = 5,09 sec. (4618,38 ticks, tree = 0,00 MB, solutions = 4)

Implied bound cuts applied:  168
Flow cuts applied:  1497
Mixed integer rounding cuts applied:  425
Gomory fractional cuts applied:  195

Root node processing (before b&c):
  Real time             =    5,11 sec. (4636,19 ticks)
Parallel b&c, 8 threads:
  Real time             =    0,00 sec. (0,00 ticks)
  Sync time (average)   =    0,00 sec.
  Wait time (average)   =    0,00 sec.
                          ------------
Total (root+branch&cut) =    5,11 sec. (4636,19 ticks)

<<< solve


OBJECTIVE: 2701.575
avg_utility = 0.713758

<<< post process


<<< done

