
<<< setup


<<< generate

Aggregator has done 123623 substitutions...
Aggregator has done 138450 substitutions...
Aggregator has done 152835 substitutions...
Aggregator has done 166380 substitutions...
Aggregator has done 181380 substitutions...
Aggregator has done 193961 substitutions...
Aggregator has done 206380 substitutions...
Aggregator has done 221380 substitutions...
Aggregator has done 233661 substitutions...
Aggregator has done 246380 substitutions...
Aggregator has done 261380 substitutions...
Tried aggregator 34 times.
MIP Presolve eliminated 1105803 rows and 1336608 columns.
MIP Presolve modified 310719 coefficients.
Aggregator did 271605 substitutions.
Reduced MIP has 350976 rows, 884188 columns, and 2510834 nonzeros.
Reduced MIP has 141876 binaries, 14028 generals, 0 SOSs, and 0 indicators.
Presolve time = 260,19 sec. (120184,58 ticks)
Found incumbent of value 1403,685260 after 261,85 sec. (121274,41 ticks)
Probing time = 0,34 sec. (85,82 ticks)
Tried aggregator 1 time.
Presolve time = 1,32 sec. (769,43 ticks)
Probing time = 1,44 sec. (85,82 ticks)
Clique table members: 5547.
MIP emphasis: balance optimality and feasibility.
MIP search method: dynamic search.
Parallel mode: deterministic, using up to 24 threads.
Root relaxation solution time = 114,72 sec. (46441,79 ticks)

        Nodes                                         Cuts/
   Node  Left     Objective  IInf  Best Integer    Best Bound    ItCnt     Gap

*     0+    0                         1403,6853   117186,2422       38     --- 
*     0+    0                         2061,2364   117186,2422       38     --- 
*     0+    0                         2065,2115   117186,2422       38     --- 
*     0+    0                         2069,1866   117186,2422       38     --- 
*     0+    0                         2072,1679   117186,2422       38     --- 
*     0+    0                         2075,1493   117186,2422       38     --- 
*     0+    0                         2078,1306   117186,2422       38     --- 
*     0+    0                         2080,7807   117186,2422       38     --- 
*     0+    0                         2082,7683   117186,2422       38     --- 
*     0+    0                         2084,7558   117186,2422       38     --- 
      0     0    27117,7276  6691     2084,7558    27117,7276       38     --- 
      0     0    26741,5061  6499     2084,7558   Cuts: 10000   178164     --- 
      0     0    26039,2960  7509     2084,7558   Cuts: 10000   230494     --- 
      0     0    25328,0519  7600     2084,7558   Cuts: 10000   373872     --- 
*     0+    0                         6658,6717    25328,0519   373872  280,38%
*     0+    0                        14995,2037    25328,0519   373872   68,91%
*     0+    0                        15121,9341    25328,0519   373872   67,49%
*     0+    0                        15131,3215    25328,0519   373872   67,39%
*     0+    0                        15132,2672    25328,0519   373872   67,38%
*     0+    0                        15133,2439    25328,0519   373872   67,37%
      0     0    24821,9823  7690    15133,2439   Cuts: 10000   404054   64,02%
      0     0    24213,1689  7903    15133,2439   Cuts: 10000   445455   60,00%

Implied bound cuts applied:  8
Flow cuts applied:  32982
Mixed integer rounding cuts applied:  26548
Gomory fractional cuts applied:  253

Root node processing (before b&c):
  Real time             = 6936,92 sec. (4841368,20 ticks)
Parallel b&c, 24 threads:
  Real time             =    0,00 sec. (0,00 ticks)
  Sync time (average)   =    0,00 sec.
  Wait time (average)   =    0,00 sec.
                          ------------
Total (root+branch&cut) = 6936,92 sec. (4841368,20 ticks)

<<< solve


OBJECTIVE: 15133.24
avg_utility = 0.5539863034374229

<<< post process


<<< done

