
<<< setup


<<< generate

Found incumbent of value 0,000000 after 0,07 sec. (24,41 ticks)
Tried aggregator 5 times.
MIP Presolve eliminated 185539 rows and 571509 columns.
MIP Presolve modified 6534 coefficients.
Aggregator did 168883 substitutions.
Reduced MIP has 18148 rows, 45129 columns, and 147389 nonzeros.
Reduced MIP has 3660 binaries, 0 generals, 0 SOSs, and 0 indicators.
Presolve time = 23,53 sec. (6913,93 ticks)
Probing time = 0,03 sec. (1,85 ticks)
Tried aggregator 1 time.
Reduced MIP has 18148 rows, 45129 columns, and 147389 nonzeros.
Reduced MIP has 3660 binaries, 0 generals, 0 SOSs, and 0 indicators.
Presolve time = 0,17 sec. (67,91 ticks)
Probing time = 0,03 sec. (1,93 ticks)
MIP emphasis: balance optimality and feasibility.
MIP search method: dynamic search.
Parallel mode: deterministic, using up to 8 threads.
Root relaxation solution time = 0,89 sec. (310,00 ticks)

        Nodes                                         Cuts/
   Node  Left     Objective  IInf  Best Integer    Best Bound    ItCnt     Gap

*     0+    0                         3279,0000    38104,0000              --- 
      0     0     6548,6000  1404     3279,0000     6548,6000     2091   99,71%
      0     0     6548,6000   934     3279,0000    Cuts: 1780     4480   99,71%
      0     0     6450,0948  1094     3279,0000    Cuts: 2206    20284   96,71%
      0     0     6244,0716    37     3279,0000    Cuts: 2625    56598   90,43%
      0     0     6244,0385   104     3279,0000     Cuts: 689    75563   90,43%
      0     0     6244,0109   132     3279,0000     Cuts: 386    98950   90,42%
*     0+    0                         6230,1286     6244,0109             0,22%

Implied bound cuts applied:  68
Flow cuts applied:  5435
Mixed integer rounding cuts applied:  1154
Flow path cuts applied:  23
Gomory fractional cuts applied:  66

Root node processing (before b&c):
  Real time             =  104,88 sec. (56528,39 ticks)
Parallel b&c, 8 threads:
  Real time             =    0,00 sec. (0,00 ticks)
  Sync time (average)   =    0,00 sec.
  Wait time (average)   =    0,00 sec.
                          ------------
Total (root+branch&cut) =  104,88 sec. (56528,39 ticks)

<<< solve


OBJECTIVE: 6230.129
avg_utility = 0.386317

<<< post process


<<< done

