
<<< setup


<<< generate

Found incumbent of value 0.000000 after 0.00 sec. (1.86 ticks)
Tried aggregator 2 times.
MIP Presolve eliminated 54715 rows and 35169 columns.
MIP Presolve modified 933 coefficients.
Aggregator did 6496 substitutions.
Reduced MIP has 1395 rows, 4176 columns, and 10208 nonzeros.
Reduced MIP has 2078 binaries, 1170 generals, 0 SOSs, and 0 indicators.
Presolve time = 0.12 sec. (56.00 ticks)
Probing time = 0.01 sec. (2.70 ticks)
Tried aggregator 1 time.
Reduced MIP has 1395 rows, 4176 columns, and 10208 nonzeros.
Reduced MIP has 2078 binaries, 1170 generals, 0 SOSs, and 0 indicators.
Presolve time = 0.02 sec. (7.54 ticks)
Probing time = 0.01 sec. (2.69 ticks)
Clique table members: 269.
MIP emphasis: balance optimality and feasibility.
MIP search method: dynamic search.
Parallel mode: deterministic, using up to 8 threads.
Root relaxation solution time = 0.08 sec. (77.03 ticks)

        Nodes                                         Cuts/
   Node  Left     Objective  IInf  Best Integer    Best Bound    ItCnt     Gap

*     0+    0                            0.0000     6922.1092              --- 
*     0+    0                          226.2725     6922.1092              --- 
      0     0     1092.0841     2      226.2725     1092.0841      750  382.64%
*     0+    0                         1092.0524     1092.0841             0.00%

Root node processing (before b&c):
  Real time             =    0.33 sec. (174.91 ticks)
Parallel b&c, 8 threads:
  Real time             =    0.00 sec. (0.00 ticks)
  Sync time (average)   =    0.00 sec.
  Wait time (average)   =    0.00 sec.
                          ------------
Total (root+branch&cut) =    0.33 sec. (174.91 ticks)

<<< solve


OBJECTIVE: 1092.052
avg_utility = 0.66874

<<< post process


<<< done

