
<<< setup


<<< generate

Found incumbent of value 0,000000 after 0,02 sec. (18,81 ticks)
Tried aggregator 8 times.
MIP Presolve eliminated 341125 rows and 315824 columns.
MIP Presolve modified 27063 coefficients.
Aggregator did 103489 substitutions.
Reduced MIP has 56266 rows, 109408 columns, and 347095 nonzeros.
Reduced MIP has 2832 binaries, 0 generals, 0 SOSs, and 0 indicators.
Presolve time = 12,68 sec. (9775,81 ticks)
Probing time = 0,03 sec. (4,60 ticks)
Tried aggregator 1 time.
Reduced MIP has 56266 rows, 109408 columns, and 347095 nonzeros.
Reduced MIP has 2832 binaries, 0 generals, 0 SOSs, and 0 indicators.
Presolve time = 0,27 sec. (188,58 ticks)
Probing time = 0,03 sec. (4,79 ticks)
MIP emphasis: balance optimality and feasibility.
MIP search method: dynamic search.
Parallel mode: deterministic, using up to 8 threads.
Root relaxation solution time = 0,47 sec. (189,20 ticks)

        Nodes                                         Cuts/
   Node  Left     Objective  IInf  Best Integer    Best Bound    ItCnt     Gap

*     0+    0                            0,0000    21727,0000              --- 
      0     0     7851,0000  1569        0,0000     7851,0000     3305     --- 
      0     0     7175,1272  1008        0,0000    Cuts: 4730    52526     --- 
      0     0     6684,1875  1147        0,0000    Cuts: 5529    97092     --- 
      0     0     6270,2316  1286        0,0000    Cuts: 7028   129766     --- 
*     0+    0                         3510,0229     6270,2316            78,64%
*     0+    0                         4606,9321     6270,2316            36,10%
      0     0     5964,7685  1315     4606,9321    Cuts: 8547   162482   29,47%
      0     0     5686,6444    90     4606,9321    Cuts: 9483   186348   23,44%
      0     0     5681,3129   129     4606,9321     Cuts: 990   193525   23,32%
*     0+    0                         5104,2277     5681,3129            11,31%
*     0+    0                         5145,9491     5681,3129            10,40%
      0     0     5679,6113   146     5145,9491    Cuts: 1267   207465   10,37%
      0     0     5678,3621   211     5145,9491    Cuts: 1346   213524   10,35%
      0     0     5676,4054   151     5145,9491    Cuts: 1424   224332   10,31%
      0     0     5675,4241   147     5145,9491    Cuts: 1650   243739   10,29%
      0     0     5674,9104   162     5145,9491    Cuts: 1586   254714   10,28%
      0     0     5674,2725   211     5145,9491    Cuts: 1045   261343   10,27%
*     0+    0                         5164,6472     5674,2725             9,87%
      0     2     5674,2725   211     5164,6472     5674,2725   261343    9,87%
Elapsed time = 497,80 sec. (308960,88 ticks, tree = 0,00 MB, solutions = 6)
      1     3     5614,7618   204     5164,6472     5674,2725   269506    9,87%
      2     4     5666,3891   223     5164,6472     5674,2725   283814    9,87%
      3     5     5655,2752   222     5164,6472     5659,4921   289197    9,58%
      4     6     5574,8434   185     5164,6472     5659,4921   303268    9,58%
      7     9     5563,6133   200     5164,6472     5659,4921   324768    9,58%
      9    11     5543,7743   172     5164,6472     5659,4921   340192    9,58%
     11    13     5641,1926   232     5164,6472     5652,5877   376209    9,45%
     12    14     5536,7603   185     5164,6472     5652,5877   389712    9,45%
     13    15     5558,2761   210     5164,6472     5652,5877   425018    9,45%
*    14+   14                         5181,0810     5652,5877             9,10%
     14    16     5572,8695   208     5181,0810     5652,5877   455221    9,10%
Elapsed time = 1121,46 sec. (560144,16 ticks, tree = 0,00 MB, solutions = 6)
     15    17     5558,0313   204     5181,0810     5652,5877   474008    9,10%
     23    25     5596,2213   224     5181,0810     5624,5060   560363    8,56%
     24    26     5478,3558   302     5181,0810     5624,5060   567300    8,56%
     25    27     5544,8221   167     5181,0810     5624,5060   588647    8,56%
     26    28     5544,6039   198     5181,0810     5624,5060   617136    8,56%
     27    29     5485,8464   144     5181,0810     5624,5060   657316    8,56%
*    30+   30                         5189,4486     5624,5060             8,38%
*    30+   30                         5191,6886     5624,5060             8,34%
     34    36     5500,9983   149     5191,6886     5624,5060   716551    8,34%
     54    56     5552,7510   201     5191,6886     5624,3971   868500    8,33%
     55    57     5430,9261   155     5191,6886     5624,3971   873559    8,33%
     56    58     5499,5457   198     5191,6886     5624,3971   881595    8,33%
Elapsed time = 1526,90 sec. (638585,94 ticks, tree = 0,00 MB, solutions = 12)
     58    60     5457,2464   135     5191,6886     5624,3971   898034    8,33%
     64    66     5481,2816   164     5191,6886     5624,3971   920805    8,33%
     66    68     5445,2252   166     5191,6886     5624,3971   937139    8,33%
     74    76     5431,6074   128     5191,6886     5624,3971   984028    8,33%
     82    84     5425,7466   128     5191,6886     5624,3971  1025478    8,33%
     90    92     5403,5632   133     5191,6886     5624,3971  1049663    8,33%
    157   159     5444,3347   143     5191,6886     5624,3971  1269618    8,33%
    159   161     5396,0628   143     5191,6886     5624,3971  1285588    8,33%
    167   169     5410,6582   145     5191,6886     5624,3971  1325952    8,33%
    175   177     5401,1540   144     5191,6886     5624,3971  1362754    8,33%
Elapsed time = 2325,95 sec. (764349,67 ticks, tree = 0,00 MB, solutions = 12)
    177   179     5409,9862   121     5191,6886     5624,3971  1371097    8,33%
    185   187     5399,8490   115     5191,6886     5624,3971  1398118    8,33%
    193   195     5392,6743   116     5191,6886     5624,3971  1442713    8,33%
    199   201     5380,3313   142     5191,6886     5624,3971  1498076    8,33%
    207   209     5356,4109   109     5191,6886     5624,3971  1564784    8,33%
    215   217     5346,0067   100     5191,6886     5624,3971  1582286    8,33%
    223   225     5337,9593    97     5191,6886     5624,3971  1622914    8,33%
    285   277     5313,4970   125     5191,6886     5624,3971  2184631    8,33%
    324   302     5312,5467   122     5191,6886     5624,3971  2599567    8,33%
    327   301     5563,8521   197     5191,6886     5624,3971  2606626    8,33%
Elapsed time = 2989,49 sec. (873905,15 ticks, tree = 3,10 MB, solutions = 12)
    332   305     5310,2207   123     5191,6886     5624,3971  2636950    8,33%
    335   306     5549,5545   194     5191,6886     5624,3971  2653599    8,33%
    340   311     5287,0173   131     5191,6886     5624,3971  2686739    8,33%
    343   314     5527,7050   186     5191,6886     5624,3971  2730348    8,33%
    351   321     5192,7087   394     5191,6886     5624,3971  2785080    8,33%
    359   327     5498,4172   160     5191,6886     5624,3971  2869272    8,33%
    434   382     5333,1237   108     5191,6886     5624,3971  3276758    8,33%
    454   387     5268,5154   143     5191,6886     5622,0930  3355305    8,29%
    456   389     5255,5149   106     5191,6886     5622,0930  3384478    8,29%
    459   392     5460,4369   136     5191,6886     5622,0930  3411521    8,29%
Elapsed time = 3871,46 sec. (1013283,57 ticks, tree = 15,15 MB, solutions = 12)
    467   400     5446,7752   139     5191,6886     5622,0930  3470912    8,29%
    469   402     5492,7172   160     5191,6886     5622,0930  3503089    8,29%
    477   410     5476,9173   186     5191,6886     5622,0930  3579059    8,29%
    485   418     5467,1107   153     5191,6886     5622,0930  3671862    8,29%
    491   424     5434,6574   125     5191,6886     5622,0930  3703880    8,29%
    645   554     5210,9918   113     5191,6886     5622,0930  5517127    8,29%
    647   556     5486,1104   151     5191,6886     5622,0930  5553591    8,29%
    648   557     5337,6368   117     5191,6886     5622,0930  5585184    8,29%
    655   564     5475,5271   164     5191,6886     5622,0930  5641697    8,29%
    656   565     5347,3877   130     5191,6886     5622,0930  5662849    8,29%
Elapsed time = 4547,44 sec. (1147212,09 ticks, tree = 22,44 MB, solutions = 12)
    657   564        cutoff           5191,6886     5622,0930  5720327    8,29%
    665   570        cutoff           5191,6886     5622,0930  5882477    8,29%
    673   578     5226,0477   422     5191,6886     5622,0930  5937098    8,29%
    681   584     5208,3984   423     5191,6886     5622,0930  6028382    8,29%
    689   592     5205,1069   406     5191,6886     5622,0930  6110504    8,29%
*   694+  591                         5252,3750     5622,0930             7,04%
*   694+  588                         5261,9750     5622,0930             6,84%
    694   587     5236,1644   119     5261,9750     5622,0930  6157000    6,84%
    702   593     5593,6204   214     5261,9750     5622,0930  6286422    6,84%
    899   542     5531,1520   185     5261,9750     5609,3808  8719028    6,60%
    907   548     5520,7328   188     5261,9750     5609,3808  8799709    6,60%
    912   553     5525,2034   213     5261,9750     5609,3808  8858054    6,60%
Elapsed time = 5417,67 sec. (1299339,15 ticks, tree = 14,76 MB, solutions = 14)
    920   561     5477,0717   183     5261,9750     5609,3808  9030239    6,60%
    923   564     5492,4769   129     5261,9750     5609,3808  9106498    6,60%
    931   572     5481,6529   149     5261,9750     5609,3808  9164416    6,60%
    939   580     5468,1334   114     5261,9750     5609,3808  9235388    6,60%
    947   588     5461,3219   115     5261,9750     5609,3808  9321982    6,60%
    955   594     5432,5255   115     5261,9750     5609,3808  9437984    6,60%
    963   598     5452,4736   117     5261,9750     5609,3808  9503027    6,60%
    968   597     5391,2391   220     5261,9750     5609,3808  9624617    6,60%
    971   600     5434,0068   111     5261,9750     5609,3808  9662450    6,60%
    979   606     5444,9382   134     5261,9750     5609,3808  9743258    6,60%
Elapsed time = 5846,41 sec. (1349154,96 ticks, tree = 14,76 MB, solutions = 14)
    987   614     5420,9852   100     5261,9750     5609,3808  9818420    6,60%
    995   622     5414,8200   101     5261,9750     5609,3808  9895957    6,60%
   1003   630     5394,7557   116     5261,9750     5609,3808  9960737    6,60%
   1011   638     5407,2575    95     5261,9750     5609,3808 10049849    6,60%
   1019   646     5397,9393   103     5261,9750     5609,3808 10140022    6,60%
   1027   654     5381,3380   102     5261,9750     5609,3808 10211843    6,60%
   1029   656     5446,8105   232     5261,9750     5609,3808 10282669    6,60%
   1037   662     5439,8806   238     5261,9750     5609,3808 10330928    6,60%
   1045   668     5431,0385   240     5261,9750     5609,3808 10455821    6,60%
   1053   676     5427,2058   241     5261,9750     5609,3808 10522937    6,60%
Elapsed time = 5952,31 sec. (1376756,78 ticks, tree = 14,76 MB, solutions = 14)
   1061   684     5421,0640   235     5261,9750     5609,3808 10591800    6,60%
   1069   692     5413,5030   234     5261,9750     5609,3808 10655361    6,60%
   1077   700     5405,8974   233     5261,9750     5609,3808 10732590    6,60%
   1085   708     5395,9772   242     5261,9750     5609,3808 10782211    6,60%
   1093   714     5386,1100   239     5261,9750     5609,3808 10843864    6,60%
   1101   720     5376,7803   231     5261,9750     5609,3808 10945254    6,60%
   1296   903     5361,6277   239     5261,9750     5609,3808 12147735    6,60%
   1300   907     5444,0185   161     5261,9750     5609,3808 12194948    6,60%
   1308   911     5429,3903   158     5261,9750     5609,3808 12308364    6,60%
   1319   918     5285,3600   337     5261,9750     5609,3808 12472038    6,60%
Elapsed time = 6241,04 sec. (1445407,13 ticks, tree = 27,83 MB, solutions = 14)
   1335   928        cutoff           5261,9750     5609,3808 12652778    6,60%
   1351   936        cutoff           5261,9750     5609,3808 12829820    6,60%
   1359   944     5528,3513   186     5261,9750     5609,3808 12901720    6,60%
   1375   960     5502,4614   178     5261,9750     5609,3808 13028025    6,60%
   1391   968     5472,0663   160     5261,9750     5609,3808 13140199    6,60%
   1407   984     5436,4969   158     5261,9750     5609,3808 13325340    6,60%
   1423   998     5437,8891   170     5261,9750     5609,3808 13461325    6,60%
   1447  1020     5422,7087   171     5261,9750     5609,3808 13691890    6,60%
   1463  1036     5399,4667   146     5261,9750     5609,3808 13805960    6,60%
   1479  1052     5363,5659   131     5261,9750     5609,3808 13985715    6,60%
Elapsed time = 6643,36 sec. (1519955,76 ticks, tree = 27,83 MB, solutions = 14)
   1503  1072     5332,6001   133     5261,9750     5609,3808 14216751    6,60%
   1519  1082     5327,1325   126     5261,9750     5609,3808 14413428    6,60%
   1523  1086     5530,8241   188     5261,9750     5609,3808 14443241    6,60%
   1531  1094     5502,1186   161     5261,9750     5609,3808 14572215    6,60%
   1703  1232     5494,2318   167     5261,9750     5552,6441 16039446    5,52%
   1710  1239     5456,2841   167     5261,9750     5552,6441 16128208    5,52%
   1724  1251     5466,7256   156     5261,9750     5552,6441 16317307    5,52%
   1732  1257     5445,8176   135     5261,9750     5552,6441 16397877    5,52%
   1735  1258     5438,7489    97     5261,9750     5552,6441 16463336    5,52%
   1751  1266     5403,1676    99     5261,9750     5552,6441 16677274    5,52%
Elapsed time = 7107,11 sec. (1628372,43 ticks, tree = 38,81 MB, solutions = 14)
   1767  1280     5404,4772   112     5261,9750     5552,6441 16904870    5,52%
   1783  1296     5400,9771   150     5261,9750     5552,6441 17027550    5,52%
   1807  1320     5399,4928   117     5261,9750     5552,6441 17251535    5,52%
   1823  1336     5371,4640   120     5261,9750     5552,6441 17424441    5,52%
   1829  1342     5371,4230   162     5261,9750     5552,6441 17498440    5,52%
   1852  1359     5342,1799   117     5261,9750     5552,6441 17727348    5,52%
   1868  1369     5296,0750   102     5261,9750     5552,6441 17930256    5,52%
   1900  1391     5273,1060   102     5261,9750     5552,6441 18360304    5,52%
   1908  1399     5270,1980   122     5261,9750     5552,6441 18482318    5,52%
   1932  1407     5262,8188   140     5261,9750     5552,6441 18821870    5,52%
Elapsed time = 7820,20 sec. (1736275,96 ticks, tree = 38,81 MB, solutions = 14)
   1956  1419        cutoff           5261,9750     5552,6441 19211382    5,52%
   2085  1526     5396,0746   174     5261,9750     5544,2236 20442316    5,36%
   2095  1536     5450,0689   176     5261,9750     5544,2236 20535443    5,36%
   2103  1544     5421,2442   175     5261,9750     5544,2236 20625475    5,36%
   2114  1553     5404,1072   139     5261,9750     5544,2236 20768720    5,36%
   2130  1563     5379,1362   143     5261,9750     5544,2236 20942121    5,36%
   2133  1566     5284,4127   265     5261,9750     5544,2236 20979736    5,36%
   2141  1572     5274,7097   327     5261,9750     5544,2236 21090802    5,36%
   2157  1586        cutoff           5261,9750     5544,2236 21242230    5,36%
   2165  1592        cutoff           5261,9750     5544,2236 21306368    5,36%
Elapsed time = 8242,29 sec. (1809144,25 ticks, tree = 49,67 MB, solutions = 14)
   2181  1608     5487,8718   188     5261,9750     5544,2236 21415202    5,36%
   2189  1616     5455,3284   163     5261,9750     5544,2236 21509073    5,36%
   2205  1628     5431,3171   160     5261,9750     5544,2236 21656239    5,36%
   2229  1652     5399,6651   150     5261,9750     5544,2236 21856014    5,36%
   2253  1676     5371,1628   234     5261,9750     5544,2236 22113126    5,36%
   2277  1696     5349,8280   219     5261,9750     5544,2236 22318991    5,36%
   2292  1705     5376,2678   216     5261,9750     5544,2236 22441860    5,36%
   2316  1725     5352,2663   226     5261,9750     5544,2236 22708283    5,36%
   2348  1757     5321,3581   201     5261,9750     5544,2236 22954002    5,36%
   2372  1771     5310,7809   183     5261,9750     5544,2236 23172258    5,36%
Elapsed time = 8912,67 sec. (1897833,53 ticks, tree = 49,67 MB, solutions = 14)
   2396  1789     5294,5824   177     5261,9750     5544,2236 23404624    5,36%
   2404  1797     5292,3871   160     5261,9750     5544,2236 23542118    5,36%
   2538  1927     5278,4070   284     5261,9750     5544,2236 24632100    5,36%
   2635  2010     5304,7200   225     5261,9750     5530,7492 25301899    5,11%
   2647  2014        cutoff           5261,9750     5530,7492 25445576    5,11%
   2655  2022     5494,5427   183     5261,9750     5530,7492 25513893    5,11%
   2671  2038     5464,3140   177     5261,9750     5530,7492 25630427    5,11%
   2687  2054     5434,6534   290     5261,9750     5530,7492 25753540    5,11%
   2711  2070     5418,6512   172     5261,9750     5530,7492 25904437    5,11%
   2727  2080     5391,3429   171     5261,9750     5530,7492 26045034    5,11%
Elapsed time = 9251,97 sec. (1993689,61 ticks, tree = 64,34 MB, solutions = 14)
   2743  2094     5364,1923   173     5261,9750     5530,7492 26169375    5,11%
   2759  2106     5345,2179   160     5261,9750     5530,7492 26289386    5,11%
   2775  2122     5325,5724   158     5261,9750     5530,7492 26422709    5,11%
   2799  2142     5307,8614   151     5261,9750     5530,7492 26590462    5,11%
   2823  2166     5290,7455   148     5261,9750     5530,7492 26764791    5,11%
   2839  2180        cutoff           5261,9750     5530,7492 26889384    5,11%
   2847  2188     5280,3173   242     5261,9750     5530,7492 26948302    5,11%
   2863  2202     5271,8374   227     5261,9750     5530,7492 27047326    5,11%
   2887  2222     5499,2702   199     5261,9750     5530,7492 27236767    5,11%
   2911  2246     5477,7162   197     5261,9750     5530,7492 27372431    5,11%
Elapsed time = 9625,97 sec. (2059681,54 ticks, tree = 64,34 MB, solutions = 14)
   2951  2286     5423,6260   194     5261,9750     5530,7492 27602939    5,11%
   2967  2302     5406,0396   241     5261,9750     5530,7492 27688061    5,11%
   2991  2322     5383,6670   237     5261,9750     5530,7492 27874621    5,11%
   3015  2344     5358,4670   255     5261,9750     5530,7492 28026818    5,11%
   3039  2368     5343,2107   246     5261,9750     5530,7492 28195234    5,11%
   3063  2392     5333,6169   212     5261,9750     5530,7492 28309966    5,11%
   3079  2408     5322,8087   219     5261,9750     5530,7492 28433273    5,11%
   3103  2426     5311,8689   211     5261,9750     5530,7492 28602821    5,11%
   3127  2448     5298,7221   223     5261,9750     5530,7492 28746043    5,11%
   3140  2461     5336,2911   128     5261,9750     5530,7492 28821086    5,11%
Elapsed time = 10015,29 sec. (2120966,49 ticks, tree = 64,34 MB, solutions = 14)
   3156  2477     5305,2955   116     5261,9750     5530,7492 28939572    5,11%
   3172  2493     5278,4914   138     5261,9750     5530,7492 29030544    5,11%
   3188  2509     5288,3210   160     5261,9750     5530,7492 29133854    5,11%
   3299  2616     5380,8785   176     5261,9750     5530,7492 29709905    5,11%

Implied bound cuts applied:  599
Flow cuts applied:  17123
Mixed integer rounding cuts applied:  20888
Flow path cuts applied:  52
Gomory fractional cuts applied:  155

Root node processing (before b&c):
  Real time             =  497,57 sec. (308827,87 ticks)
Parallel b&c, 8 threads:
  Real time             = 10377,37 sec. (2166938,22 ticks)
  Sync time (average)   = 1130,85 sec.
  Wait time (average)   = 1131,14 sec.
                          ------------
Total (root+branch&cut) = 10874,94 sec. (2475766,09 ticks)

<<< solve


OBJECTIVE: 5261.975
avg_utility = 0.67023

<<< post process


<<< done

