
<<< setup


<<< generate

Found incumbent of value 0,000000 after 0,01 sec. (15,82 ticks)
Aggregator has done 71306 substitutions...
Tried aggregator 12 times.
MIP Presolve eliminated 66241 rows and 235678 columns.
MIP Presolve modified 49536 coefficients.
Aggregator did 72620 substitutions.
Reduced MIP has 82205 rows, 203431 columns, and 569726 nonzeros.
Reduced MIP has 32830 binaries, 6378 generals, 0 SOSs, and 0 indicators.
Presolve time = 11,13 sec. (10545,84 ticks)
Probing time = 0,06 sec. (10,03 ticks)
Tried aggregator 1 time.
Reduced MIP has 82205 rows, 203431 columns, and 569726 nonzeros.
Reduced MIP has 32830 binaries, 6378 generals, 0 SOSs, and 0 indicators.
Presolve time = 0,39 sec. (250,85 ticks)
Probing time = 0,07 sec. (10,70 ticks)
Clique table members: 1733.
MIP emphasis: balance optimality and feasibility.
MIP search method: dynamic search.
Parallel mode: deterministic, using up to 8 threads.
Root relaxation solution time = 3,22 sec. (4197,39 ticks)

        Nodes                                         Cuts/
   Node  Left     Objective  IInf  Best Integer    Best Bound    ItCnt     Gap

*     0+    0                            0,0000    47132,7468              --- 
      0     0    10913,0891  2237        0,0000    10913,0891     6430     --- 
      0     0    10734,3826  2004        0,0000    Cuts: 6885    25114     --- 
      0     0    10484,3024  2601        0,0000    Cuts: 5744    36720     --- 
      0     0    10279,4573  2718        0,0000    Cuts: 6563    49790     --- 
*     0+    0                         3366,4839    10279,4573           205,35%
*     0+    0                         4798,3915    10279,4573           114,23%
*     0+    0                         5685,6717    10279,4573            80,80%
*     0+    0                         7124,7103    10279,4573            44,28%
      0     0    10139,8465  2535     7124,7103    Cuts: 6337    57571   42,32%
      0     0    10047,8718  1998     7124,7103    Cuts: 6055    67224   41,03%
      0     0     9996,5023  1974     7124,7103    Cuts: 5725    79197   40,31%
      0     0     9957,0920  2480     7124,7103    Cuts: 5275    87432   39,75%
      0     0     9923,7542  1824     7124,7103    Cuts: 4655    94919   39,29%
      0     0     9897,5972  1534     7124,7103    Cuts: 4420   102120   38,92%
      0     0     9876,2756  1371     7124,7103    Cuts: 3461   106617   38,62%
      0     0     9863,0285  1145     7124,7103    Cuts: 2603   112696   38,43%
      0     0     9854,3277   875     7124,7103    Cuts: 2124   115631   38,31%
      0     0     9850,4954   765     7124,7103    Cuts: 1528   117648   38,26%
      0     0     9847,1683   706     7124,7103    Cuts: 1421   119992   38,21%
      0     0     9845,6248   684     7124,7103    Cuts: 1314   121729   38,19%
      0     0     9843,5991   615     7124,7103    Cuts: 1082   123957   38,16%
      0     0     9842,1033   439     7124,7103    Cuts: 1184   126609   38,14%
      0     0     9840,8346   344     7124,7103     Cuts: 785   129483   38,12%
      0     0     9840,1325   350     7124,7103     Cuts: 456   129997   38,11%
      0     0     9839,7122   261     7124,7103     Cuts: 466   130495   38,11%
      0     0     9839,3335   247     7124,7103     Cuts: 326   131135   38,10%
Heuristic still looking.
Heuristic still looking.
Heuristic still looking.
      0     2     9839,3335   247     7124,7103     9839,3335   131135   38,10%
Elapsed time = 957,27 sec. (435743,75 ticks, tree = 0,00 MB, solutions = 5)
      1     3     9839,2029   282     7124,7103     9839,3335   139783   38,10%
      2     4     9839,2804   265     7124,7103     9839,3335   140776   38,10%
      3     5     9838,8010   264     7124,7103     9839,2804   140836   38,10%
      4     6     9839,0275   233     7124,7103     9839,2804   154137   38,10%
      5     7     9834,3760   255     7124,7103     9839,2804   176687   38,10%
      8    10     9834,1652   252     7124,7103     9839,2804   178136   38,10%
      9    11     9834,3224   262     7124,7103     9839,2804   178155   38,10%
     10    12     9838,8544   226     7124,7103     9839,1483   181423   38,10%
     12    14     9834,0632   262     7124,7103     9839,1483   190820   38,10%
     13    15     9838,2274   330     7124,7103     9839,1483   193001   38,10%
Elapsed time = 1504,08 sec. (624380,84 ticks, tree = 0,00 MB, solutions = 5)
     42    44     9837,2460   272     7124,7103     9839,1351   223923   38,10%
     45    47     9818,9169   208     7124,7103     9839,1351   232165   38,10%
     47    49     9838,8459   229     7124,7103     9839,1351   247877   38,10%
     57    59     9833,1339   292     7124,7103     9839,1351   278540   38,10%
    340   342     9832,7776   241     7124,7103     9839,1351   291038   38,10%
    342   344     9833,0429   272     7124,7103     9839,1351   301709   38,10%
    348   350     9832,7742   233     7124,7103     9839,1351   302713   38,10%
    387   389     9817,1380   215     7124,7103     9839,1351   305857   38,10%
    502   504     9832,7766   232     7124,7103     9839,1351   316103   38,10%
    512   514     9817,9093   279     7124,7103     9839,1351   319204   38,10%
Elapsed time = 2508,24 sec. (758597,05 ticks, tree = 404,69 MB, solutions = 5)
    528   530     9832,5079   212     7124,7103     9839,1351   328324   38,10%
   1084  1086     9829,1073   232     7124,7103     9839,1351   358668   38,10%
   1229  1231     9832,1978   229     7124,7103     9839,1351   392862   38,10%
   1231  1233     9817,4098   215     7124,7103     9839,1351   402808   38,10%
   1395  1397     9834,5698   216     7124,7103     9839,1351   437699   38,10%
   1450  1452     9815,7212   249     7124,7103     9839,1351   443857   38,10%
   1458  1460     9800,1287   335     7124,7103     9839,1351   480094   38,10%
   1894  1896     9815,7190   254     7124,7103     9839,1351   520667   38,10%
   1902  1904     9814,4816   245     7124,7103     9839,1351   523871   38,10%
   1909  1911     9827,3104   281     7124,7103     9839,1351   526579   38,10%
Elapsed time = 4379,72 sec. (1023982,60 ticks, tree = 2334,27 MB, solutions = 5)
Nodefile size = 284,65 MB (147,84 MB after compression)
   1916  1918     9829,1843   241     7124,7103     9839,1351   535524   38,10%
   1932  1934     9814,1157   235     7124,7103     9839,1351   547170   38,10%
   2178  2180     9830,9673   232     7124,7103     9839,1351   560484   38,10%
   2186  2188     9826,6683   210     7124,7103     9839,1351   570593   38,10%
   2194  2196     9826,6550   225     7124,7103     9839,1351   577421   38,10%
   2196  2198     9810,8153   196     7124,7103     9839,1351   584597   38,10%
   2784  2786     9830,4773   231     7124,7103     9839,1351   623598   38,10%
   2856  2858     9826,6200   208     7124,7103     9839,1351   626191   38,10%
   2858  2860     9810,8088   216     7124,7103     9839,1351   628108   38,10%
   2866  2868     9808,2825   188     7124,7103     9839,1351   633909   38,10%
Elapsed time = 5611,17 sec. (1148179,95 ticks, tree = 3657,40 MB, solutions = 5)
Nodefile size = 1609,91 MB (801,15 MB after compression)
   2890  2892     9808,2822   201     7124,7103     9839,1351   645059   38,10%
   2898  2900     9808,2822   209     7124,7103     9839,1351   658271   38,10%
   2942  2944     9823,9402   190     7124,7103     9839,1351   710443   38,10%
   3207  3209     9823,9402   190     7124,7103     9839,1351   733194   38,10%
   3213  3215     9833,8326   220     7124,7103     9839,1351   733580   38,10%
   3214  3216     9830,2592   220     7124,7103     9839,1351   734220   38,10%
   3222  3224     9830,2577   208     7124,7103     9839,1351   734824   38,10%
   3228  3230     9823,2143   185     7124,7103     9839,1351   735723   38,10%
   3229  3231     9833,8085   204     7124,7103     9839,1351   740909   38,10%
   3237  3239     9833,5156   207     7124,7103     9839,1351   746418   38,10%
Elapsed time = 7033,57 sec. (1255308,18 ticks, tree = 4138,34 MB, solutions = 5)
Nodefile size = 2090,49 MB (1055,65 MB after compression)
   3245  3247     9833,7574   218     7124,7103     9839,1351   750403   38,10%
   3290  3292     9830,7192   205     7124,7103     9839,1351   765701   38,10%
   3314  3316     9830,7169   213     7124,7103     9839,1351   773662   38,10%
   3330  3332     9830,7174   222     7124,7103     9839,1351   775611   38,10%
   3346  3348     9830,7174   218     7124,7103     9839,1351   777357   38,10%
   3388  3390     9828,4782   225     7124,7103     9839,1351   792881   38,10%
   3436  3438     9809,2097   241     7124,7103     9839,1351   817521   38,10%
*  3516+ 2344                         9790,3082     9839,1351             0,50%

Implied bound cuts applied:  719
Flow cuts applied:  29855
Mixed integer rounding cuts applied:  20001
Flow path cuts applied:  4059
Lift and project cuts applied:  2
Gomory fractional cuts applied:  374

Root node processing (before b&c):
  Real time             =  956,75 sec. (435502,71 ticks)
Parallel b&c, 8 threads:
  Real time             = 7238,70 sec. (1111332,78 ticks)
  Sync time (average)   = 1329,87 sec.
  Wait time (average)   = 1364,68 sec.
                          ------------
Total (root+branch&cut) = 8195,45 sec. (1546835,49 ticks)

<<< solve


OBJECTIVE: 9790.308
avg_utility = 0.891081

<<< post process


<<< done

