
<<< setup


<<< generate

Found incumbent of value 0,000000 after 0,00 sec. (0,38 ticks)
Tried aggregator 2 times.
MIP Presolve eliminated 16641 rows and 7639 columns.
MIP Presolve modified 183 coefficients.
Aggregator did 273 substitutions.
All rows and columns eliminated.
Presolve time = 0,01 sec. (9,22 ticks)

Root node processing (before b&c):
  Real time             =    0,01 sec. (9,95 ticks)
Parallel b&c, 8 threads:
  Real time             =    0,00 sec. (0,00 ticks)
  Sync time (average)   =    0,00 sec.
  Wait time (average)   =    0,00 sec.
                          ------------
Total (root+branch&cut) =    0,01 sec. (9,95 ticks)

<<< solve


OBJECTIVE: 155.381
avg_utility = 0.953258

<<< post process


<<< done

