
<<< setup


<<< generate

Tried aggregator 2 times.
MIP Presolve eliminated 148130 rows and 142193 columns.
MIP Presolve modified 658 coefficients.
Aggregator did 7904 substitutions.
Reduced MIP has 1970 rows, 5904 columns, and 11152 nonzeros.
Reduced MIP has 2462 binaries, 2130 generals, 0 SOSs, and 0 indicators.
Presolve time = 1,07 sec. (2959,21 ticks)
Found incumbent of value 0,000000 after 1,10 sec. (2972,31 ticks)
Probing time = 0,01 sec. (2,64 ticks)
Tried aggregator 1 time.
Reduced MIP has 1970 rows, 5904 columns, and 11152 nonzeros.
Reduced MIP has 2462 binaries, 2130 generals, 0 SOSs, and 0 indicators.
Presolve time = 0,01 sec. (8,17 ticks)
Probing time = 0,01 sec. (2,62 ticks)
Clique table members: 301.
MIP emphasis: balance optimality and feasibility.
MIP search method: dynamic search.
Parallel mode: deterministic, using up to 8 threads.
Root relaxation solution time = 0,01 sec. (6,74 ticks)

        Nodes                                         Cuts/
   Node  Left     Objective  IInf  Best Integer    Best Bound    ItCnt     Gap

*     0+    0                            0,0000    20368,1000              --- 
*     0+    0                          493,4000    20368,1000              --- 
      0     0     3511,3333     2      493,4000     3511,3333       10  611,66%
*     0+    0                         3511,0000     3511,3333             0,01%

Root node processing (before b&c):
  Real time             =    1,22 sec. (3056,94 ticks)
Parallel b&c, 8 threads:
  Real time             =    0,00 sec. (0,00 ticks)
  Sync time (average)   =    0,00 sec.
  Wait time (average)   =    0,00 sec.
                          ------------
Total (root+branch&cut) =    1,22 sec. (3056,94 ticks)

<<< solve


OBJECTIVE: 3511

<<< post process


<<< done

