
<<< setup


<<< generate

Found incumbent of value 0.000000 after 0.11 sec. (38.56 ticks)
Aggregator has done 241210 substitutions...
Tried aggregator 11 times.
MIP Presolve eliminated 188473 rows and 867367 columns.
MIP Presolve modified 16085 coefficients.
Aggregator did 279568 substitutions.
Reduced MIP has 39467 rows, 121946 columns, and 349431 nonzeros.
Reduced MIP has 23631 binaries, 12292 generals, 0 SOSs, and 0 indicators.
Presolve time = 71.86 sec. (16213.65 ticks)
Probing time = 4.37 sec. (101.00 ticks)
Tried aggregator 1 time.
Reduced MIP has 39467 rows, 121946 columns, and 349431 nonzeros.
Reduced MIP has 23631 binaries, 12292 generals, 0 SOSs, and 0 indicators.
Presolve time = 0.62 sec. (171.99 ticks)
Probing time = 1.98 sec. (97.07 ticks)
Clique table members: 2532.
MIP emphasis: balance optimality and feasibility.
MIP search method: dynamic search.
Parallel mode: deterministic, using up to 8 threads.
Root relaxation solution time = 4.14 sec. (2044.31 ticks)

        Nodes                                         Cuts/
   Node  Left     Objective  IInf  Best Integer    Best Bound    ItCnt     Gap

*     0+    0                         2230.0000    87840.7867              --- 
*     0+    0                         4116.2037    87840.7867              --- 
      0     0    17807.9131  1510     4116.2037    17807.9131     9760  332.63%
*     0+    0                        16917.0948    17807.9131             5.27%
      0     0    17799.3168  1359    16917.0948    Cuts: 3243    14162    5.21%
      0     0    17769.9944  1399    16917.0948    Cuts: 3017    20319    5.04%
      0     0    17753.3520  1039    16917.0948    Cuts: 3101    28779    4.94%
      0     0    17744.1490   842    16917.0948    Cuts: 1895    36588    4.89%
      0     0    17737.4506   651    16917.0948    Cuts: 1608    39724    4.85%
      0     0    17734.3338   603    16917.0948    Cuts: 1161    42692    4.83%
      0     0    17732.6243   451    16917.0948    Cuts: 1036    44858    4.82%
      0     0    17731.7521   364    16917.0948     Cuts: 800    46622    4.82%
      0     0    17730.8653   313    16917.0948     Cuts: 533    48089    4.81%
      0     0    17730.5537   269    16917.0948     Cuts: 541    48935    4.81%
      0     0    17730.3940   239    16917.0948     Cuts: 335    49519    4.81%
      0     0    17730.2548   191    16917.0948     Cuts: 304    50091    4.81%
      0     0    17730.1661   154    16917.0948     Cuts: 194    50503    4.81%
      0     0    17730.0970   131    16917.0948     Cuts: 173    50807    4.81%
      0     0    17730.0426   124    16917.0948      Cuts: 81    50947    4.81%
Advanced basis not built.
      0     0    17730.0376   114    16917.0948      Cuts: 51    51031    4.81%
Heuristic still looking.
*     0+    0                        17083.2751    17730.0376             3.79%
      0     2    17730.0376   114    17083.2751    17730.0376    51031    3.79%
Elapsed time = 255.59 sec. (75949.26 ticks, tree = 0.00 MB, solutions = 4)
      5     7    17730.0376   112    17083.2751    17730.0376    51037    3.79%
     34    36    17730.0376   112    17083.2751    17730.0376    51069    3.79%
    117   119    17730.0376   112    17083.2751    17730.0376    51152    3.79%
    205   207    17730.0376   112    17083.2751    17730.0376    51240    3.79%
    293   295    17730.0374   117    17083.2751    17730.0376    51332    3.79%
    354   356    17730.0374   117    17083.2751    17730.0376    51457    3.79%
    405   407    17730.0376   112    17083.2751    17730.0376    51604    3.79%
    460   462    17730.0376   112    17083.2751    17730.0376    51771    3.79%
    513   515    17730.0375   113    17083.2751    17730.0376    51934    3.79%
    749   751    17730.0375   113    17083.2751    17730.0376    52306    3.79%
Elapsed time = 281.36 sec. (79209.20 ticks, tree = 17.38 MB, solutions = 4)
   1013  1015    17730.0375   111    17083.2751    17730.0376    52648    3.79%
   1341  1343    17730.0375   111    17083.2751    17730.0376    53008    3.79%
   1577  1579    17730.0373   109    17083.2751    17730.0376    53611    3.79%
   1595  1597    17730.0368   114    17083.2751    17730.0376    54793    3.79%
   1596  1598    17730.0368   114    17083.2751    17730.0376    54893    3.79%
*  1603+ 1069                        17725.7300    17729.9135             0.02%

Implied bound cuts applied:  2
Flow cuts applied:  11408
Mixed integer rounding cuts applied:  2622
Flow path cuts applied:  2
Lift and project cuts applied:  5
Gomory fractional cuts applied:  70

Root node processing (before b&c):
  Real time             =  248.08 sec. (74576.75 ticks)
Parallel b&c, 8 threads:
  Real time             =  297.67 sec. (68874.35 ticks)
  Sync time (average)   =   22.12 sec.
  Wait time (average)   =   22.70 sec.
                          ------------
Total (root+branch&cut) =  545.75 sec. (143451.10 ticks)

<<< solve


OBJECTIVE: 17725.73
avg_utility = 0.740423

<<< post process


<<< done

