
<<< setup


<<< generate

Found incumbent of value 0,000000 after 0,01 sec. (5,80 ticks)
Tried aggregator 2 times.
MIP Presolve eliminated 239264 rows and 124184 columns.
MIP Presolve modified 1480 coefficients.
Aggregator did 1477 substitutions.
Reduced MIP has 3938 rows, 6148 columns, and 14756 nonzeros.
Reduced MIP has 1230 binaries, 0 generals, 0 SOSs, and 0 indicators.
Presolve time = 0,14 sec. (160,98 ticks)
Probing time = 0,00 sec. (0,31 ticks)
Tried aggregator 1 time.
Reduced MIP has 3938 rows, 6148 columns, and 14756 nonzeros.
Reduced MIP has 1230 binaries, 0 generals, 0 SOSs, and 0 indicators.
Presolve time = 0,02 sec. (11,21 ticks)
Probing time = 0,01 sec. (0,31 ticks)
MIP emphasis: balance optimality and feasibility.
MIP search method: dynamic search.
Parallel mode: deterministic, using up to 24 threads.
Root relaxation solution time = 0,02 sec. (15,25 ticks)

        Nodes                                         Cuts/
   Node  Left     Objective  IInf  Best Integer    Best Bound    ItCnt     Gap

*     0+    0                            0,0000     1224,0000              --- 
      0     0      408,0000   148        0,0000      408,0000      246     --- 
*     0+    0                          397,5000      408,0000             2,64%
*     0+    0                          400,3000      408,0000             1,92%
      0     0      408,0000    10      400,3000      Cuts: 33      267    1,92%
      0     0      408,0000    10      400,3000      Cuts: 30      286    1,92%
      0     0      408,0000    10      400,3000      Cuts: 20      306    1,92%
*     0+    0                          402,4000      408,0000             1,39%
      0     2      408,0000    10      402,4000      408,0000      306    1,39%
Elapsed time = 1,36 sec. (1528,86 ticks, tree = 0,00 MB, solutions = 4)
*     4+    4                          403,1000      408,0000             1,22%
*    35+   35                          403,8000      408,0000             1,04%
     35    37      408,0000    26      403,8000      408,0000     1890    1,04%
    762   764      408,0000    13      403,8000      408,0000    17506    1,04%
   1988  1968      408,0000    21      403,8000      408,0000    42839    1,04%
   4189  4075      405,5150    13      403,8000      408,0000    70052    1,04%
   5513  5330        cutoff            403,8000      408,0000    89308    1,04%
   5802  5572      407,0966     8      403,8000      408,0000    93737    1,04%
   5803  5573      406,1783    14      403,8000      408,0000    93894    1,04%
   5813  5580      406,6195    11      403,8000      408,0000    94675    1,04%
   5822  5589      408,0000    13      403,8000      408,0000    95069    1,04%
   5826  5589      408,0000    10      403,8000      408,0000    95979    1,04%
Elapsed time = 6,39 sec. (6049,28 ticks, tree = 13,39 MB, solutions = 10)
   5853  5600      408,0000    10      403,8000      408,0000    96110    1,04%
   6357  5883      408,0000    10      403,8000      408,0000   100119    1,04%
  10507  8241      407,5824     8      403,8000      408,0000   129775    1,04%
  13144  9782      406,5430     7      403,8000      408,0000   174991    1,04%
  20444 14464      406,2971     7      403,8000      408,0000   229373    1,04%
* 23851 17809      integral     0      403,8000      408,0000   255886    1,04%
* 23851 17807      integral     0      403,8000      408,0000   255886    1,04%
  26946 20739      406,7913     8      403,8000      408,0000   273880    1,04%
  38120 31910      405,4441     6      403,8000      408,0000   343548    1,04%
  51272 45060      406,3076     7      403,8000      408,0000   417727    1,04%
  55481 49266      405,2449     6      403,8000      408,0000   442570    1,04%
Elapsed time = 41,86 sec. (29869,84 ticks, tree = 115,11 MB, solutions = 12)
  56114 49899      406,5089     9      403,8000      408,0000   447203    1,04%
  68306 61908      406,7956     8      403,8000      408,0000   522604    1,04%
  79876 73457      404,7579     8      403,8000      408,0000   584813    1,04%
  92422 85963      405,5333     7      403,8000      408,0000   652152    1,04%
 104697 98183      406,1941     8      403,8000      408,0000   720138    1,04%
 117085 110532      405,4714     6      403,8000      408,0000   788894    1,04%
 129989 123410      405,5360     7      403,8000      408,0000   861581    1,04%
 141802 135183      405,8513     7      403,8000      408,0000   927982    1,04%
 155345 148710      405,4807     6      403,8000      408,0000  1000361    1,04%
 167696 160940      404,6824     8      403,8000      407,9900  1071616    1,04%
Elapsed time = 60,87 sec. (39441,89 ticks, tree = 364,26 MB, solutions = 12)
 179796 172940      406,6530     7      403,8000      407,8486  1139632    1,00%
 192103 185199      405,7383     7      403,8000      407,8486  1208407    1,00%
 205008 198057      404,9868     6      403,8000      407,8486  1279076    1,00%
 216508 209411      405,6479     6      403,8000      407,8486  1344054    1,00%
 229995 222627      406,6530     7      403,8000      407,8486  1420241    1,00%
 242547 235040      405,5034     7      403,8000      407,8486  1483359    1,00%
 245342 237830      404,1708     5      403,8000      407,8458  1498614    1,00%

Implied bound cuts applied:  120
Flow cuts applied:  43
Mixed integer rounding cuts applied:  13
Gomory fractional cuts applied:  21

Root node processing (before b&c):
  Real time             =    1,32 sec. (1535,99 ticks)
Parallel b&c, 24 threads:
  Real time             =   72,28 sec. (44673,69 ticks)
  Sync time (average)   =    8,82 sec.
  Wait time (average)   =    9,81 sec.
                          ------------
Total (root+branch&cut) =   73,60 sec. (46209,68 ticks)

<<< solve


OBJECTIVE: 403.8
avg_utility = 0.989706

<<< post process


<<< done

