
<<< setup


<<< generate

Aggregator has done 110245 substitutions...
Tried aggregator 12 times.
MIP Presolve eliminated 304628 rows and 250993 columns.
MIP Presolve modified 46001 coefficients.
Aggregator did 125145 substitutions.
Reduced MIP has 96768 rows, 244503 columns, and 673270 nonzeros.
Reduced MIP has 15037 binaries, 4392 generals, 0 SOSs, and 0 indicators.
Presolve time = 16,62 sec. (14310,57 ticks)
Found incumbent of value 55,800000 after 17,14 sec. (14718,17 ticks)
Probing time = 0,08 sec. (20,13 ticks)
Tried aggregator 1 time.
Presolve time = 0,32 sec. (200,06 ticks)
Probing time = 0,16 sec. (20,13 ticks)
Clique table members: 1604.
MIP emphasis: balance optimality and feasibility.
MIP search method: dynamic search.
Parallel mode: deterministic, using up to 24 threads.
Root relaxation solution time = 0,44 sec. (380,13 ticks)

        Nodes                                         Cuts/
   Node  Left     Objective  IInf  Best Integer    Best Bound    ItCnt     Gap

*     0+    0                           55,8000    22347,0000     6773     --- 
      0     0     7449,0000  2194       55,8000     7449,0000     6773     --- 
*     0+    0                         3608,4000     7449,0000    81332  106,43%
      0     0     7129,4811  2669     3608,4000    Cuts: 6619    81332   97,58%
      0     0     6961,9297  3986     3608,4000    Cuts: 7037   105639   92,94%
      0     0     6720,5607  5030     3608,4000    Cuts: 6820   117346   86,25%
*     0+    0                         3781,8000     6720,5607   117346   77,71%
*     0+    0                         4740,4000     6720,5607   117346   41,77%
*     0+    0                         4759,8000     6720,5607   117346   41,19%
      0     0     6507,8846  5340     4759,8000    Cuts: 6933   131866   36,73%
*     0+    0                         4808,4000     6507,8846   191297   35,34%
      0     0     6392,8214  6091     4808,4000    Cuts: 6823   191297   32,95%
      0     0     6283,0704  5764     4808,4000    Cuts: 6818   203626   30,67%
      0     0     6197,8605  5878     4808,4000    Cuts: 6912   239847   28,90%
*     0+    0                         4855,2000     6197,8605   273353   27,65%
      0     0     6127,8122  6003     4855,2000    Cuts: 7066   273353   26,21%
*     0+    0                         4901,8000     6127,8122   295897   25,01%
      0     0     6077,7687  6222     4901,8000    Cuts: 6397   295897   23,99%
*     0+    0                         4989,4000     6077,7687   328173   21,81%
      0     0     6030,9088  6165     4989,4000    Cuts: 6399   328173   20,87%
      0     0     5988,2502  6440     4989,4000    Cuts: 5990   369443   20,02%
*     0+    0                         5021,4000     5988,2502   402752   19,25%
      0     0     5953,2192  5949     5021,4000    Cuts: 5694   402752   18,56%
*     0+    0                         5034,0000     5953,2192   426642   18,26%
      0     0     5925,6600  6261     5034,0000    Cuts: 5151   426642   17,71%
*     0+    0                         5037,0000     5925,6600   461837   17,64%
      0     0     5895,7208  5706     5037,0000    Cuts: 4619   461837   17,05%
*     0+    0                         5076,8000     5895,7208   487567   16,13%
      0     0     5872,5738  5682     5076,8000    Cuts: 3947   487567   15,67%
*     0+    0                         5162,6000     5872,5738   487567   13,75%
*     0+    0                         5163,0000     5872,5738   487567   13,74%
      0     0     5852,8310  5653     5163,0000    Cuts: 3716   519968   13,36%
*     0+    0                         5173,4000     5852,8310   540463   13,13%
      0     0     5837,5418  5183     5173,4000    Cuts: 3229   540463   12,84%
*     0+    0                         5174,4000     5837,5418   564514   12,82%
      0     0     5824,2844  4942     5174,4000    Cuts: 2778   564514   12,56%
      0     0     5813,3233  4787     5174,4000    Cuts: 2271   595877   12,35%
      0     0     5805,4868  4304     5174,4000    Cuts: 2051   622925   12,20%
      0     0     5798,9959  3988     5174,4000    Cuts: 1628   642196   12,07%
      0     0     5793,4466  3823     5174,4000    Cuts: 1363   666193   11,96%
      0     0     5788,9623  3796     5174,4000    Cuts: 1358   684061   11,88%
      0     0     5785,6373  3447     5174,4000    Cuts: 1151   700260   11,81%
      0     0     5783,2970  3445     5174,4000     Cuts: 948   716064   11,77%
      0     0     5781,9015  3439     5174,4000     Cuts: 825   725491   11,74%
      0     0     5780,8882  3329     5174,4000     Cuts: 803   739337   11,72%
      0     0     5780,2267  3172     5174,4000     Cuts: 653   752047   11,71%
      0     0     5779,7894  3049     5174,4000     Cuts: 495   765478   11,70%
      0     0     5779,5265  2996     5174,4000     Cuts: 367   782527   11,69%
*     0+    0                         5238,4000     5779,5265   782527   10,33%
      0     0     5779,3823  2944     5238,4000     Cuts: 327   791158   10,33%
      0     0     5779,2580  2978     5238,4000     Cuts: 224   796437   10,32%
Heuristic still looking.
Heuristic still looking.
Heuristic still looking.
      0     2     5779,2580  2978     5238,4000     5779,2580   796437   10,32%
Elapsed time = 3756,55 sec. (2323792,65 ticks, tree = 0,01 MB, solutions = 18)
      1     3     5770,9739  3399     5238,4000     5779,2580   840460   10,32%
      2     4     5778,4032  3085     5238,4000     5779,2580   844220   10,32%
      3     5     5776,8682  3133     5238,4000     5776,9396   844782   10,28%
      4     6     5756,7766  3383     5238,4000     5776,9396   873575   10,28%
*     5+    5                         5239,4000     5776,9396   889175   10,26%
      7     9     5748,3665  3425     5239,4000     5776,9396   893806   10,26%
      9    11     5748,3876  3396     5239,4000     5776,9396   896003   10,26%
     11    13     5770,8262  3196     5239,4000     5774,1688   898850   10,21%
     12    14     5734,2357  3572     5239,4000     5774,1688   901288   10,21%
     14    16     5734,4976  3421     5239,4000     5774,1688   919279   10,21%
     15    17     5740,1379  3575     5239,4000     5774,1688   934429   10,21%
Elapsed time = 4287,21 sec. (2655813,25 ticks, tree = 0,01 MB, solutions = 19)
     16    18     5742,5348  3619     5239,4000     5774,1688   951797   10,21%
     21    23     5735,7200  3607     5239,4000     5774,1688   968902   10,21%
     25    27     5721,6304  3488     5239,4000     5774,1688   975993   10,21%
     27    29     5762,1259  3203     5239,4000     5770,5384   982378   10,14%
     28    30     5744,1931  3535     5239,4000     5770,5384   983317   10,14%
     29    31     5726,6178  4020     5239,4000     5770,5384   985091   10,14%
     34    36     5704,9905  3216     5239,4000     5770,5384   989398   10,14%
     36    38     5694,7145  3974     5239,4000     5770,5384   994588   10,14%
     37    39     5704,1609  3995     5239,4000     5770,5384  1003438   10,14%
     38    40     5690,2109  3844     5239,4000     5770,5384  1010829   10,14%
Elapsed time = 4480,86 sec. (2755498,71 ticks, tree = 0,01 MB, solutions = 19)
     39    41     5699,6624  3963     5239,4000     5770,5384  1017487   10,14%
     46    48     5692,4737  3977     5239,4000     5770,5384  1044055   10,14%
     47    49     5686,4059  3478     5239,4000     5770,5384  1054833   10,14%
     52    54     5687,5958  3850     5239,4000     5770,5384  1070419   10,14%
     53    55     5757,0354  3448     5239,4000     5768,9950  1073982   10,11%
     59    61     5729,4782  3412     5239,4000     5768,9950  1091001   10,11%
     60    62     5689,2941  3348     5239,4000     5768,9950  1115094   10,11%
     66    68     5683,4250  3688     5239,4000     5768,9950  1165520   10,11%
     68    70     5685,5759  3786     5239,4000     5768,9950  1191040   10,11%
*    73+   73                         5240,4000     5768,9950  1275383   10,09%
     82    84     5688,8104  2953     5240,4000     5768,9950  1582080   10,09%
Elapsed time = 5935,57 sec. (3199936,72 ticks, tree = 3,75 MB, solutions = 19)
    154   156     5700,1195  2978     5240,4000     5768,9950  1905427   10,09%
    155   157     5731,4762  3460     5240,4000     5768,9950  1921856   10,09%
    159   161     5680,6050  3118     5240,4000     5768,9950  1942443   10,09%
    161   163     5683,2411  3184     5240,4000     5768,9950  1978870   10,09%
    162   164     5658,5860  3047     5240,4000     5768,9950  1994121   10,09%
    174   176     5666,6388  3662     5240,4000     5768,9950  2119933   10,09%
    179   181     5729,6527  3514     5240,4000     5768,9950  2193323   10,09%
    198   200     5668,9702  3376     5240,4000     5768,9950  2391717   10,09%
    329   331     5676,4442  4058     5240,4000     5768,9950  2697460   10,09%
    350   352     5681,7190  3397     5240,4000     5768,9950  2725127   10,09%
Elapsed time = 7200,74 sec. (3392233,67 ticks, tree = 2,19 MB, solutions = 20)
    355   357     5682,3993  3393     5240,4000     5768,9950  2730919   10,09%

Implied bound cuts applied:  72
Flow cuts applied:  29850
Mixed integer rounding cuts applied:  23126
Flow path cuts applied:  324
Gomory fractional cuts applied:  224

Root node processing (before b&c):
  Real time             = 3736,53 sec. (2308331,49 ticks)
Parallel b&c, 24 threads:
  Real time             = 3446,75 sec. (1085535,43 ticks)
  Sync time (average)   =    0,05 sec.
  Wait time (average)   =    0,00 sec.
                          ------------
Total (root+branch&cut) = 7183,28 sec. (3393866,92 ticks)

<<< solve


OBJECTIVE: 5240.4
avg_utility = 0.7035038260169144

<<< post process


<<< done

