
<<< setup


<<< generate

Found incumbent of value 0,000000 after 0,00 sec. (0,56 ticks)
Tried aggregator 2 times.
MIP Presolve eliminated 13226 rows and 10081 columns.
MIP Presolve modified 1633 coefficients.
Aggregator did 816 substitutions.
Reduced MIP has 2042 rows, 3672 columns, and 6936 nonzeros.
Reduced MIP has 1575 binaries, 465 generals, 0 SOSs, and 0 indicators.
Presolve time = 0,01 sec. (16,39 ticks)
Probing time = 0,00 sec. (0,77 ticks)
Tried aggregator 1 time.
Reduced MIP has 2042 rows, 3672 columns, and 6936 nonzeros.
Reduced MIP has 1575 binaries, 465 generals, 0 SOSs, and 0 indicators.
Presolve time = 0,01 sec. (4,43 ticks)
Probing time = 0,00 sec. (0,77 ticks)
Clique table members: 253.
MIP emphasis: balance optimality and feasibility.
MIP search method: dynamic search.
Parallel mode: deterministic, using up to 8 threads.
Root relaxation solution time = 0,01 sec. (7,97 ticks)

        Nodes                                         Cuts/
   Node  Left     Objective  IInf  Best Integer    Best Bound    ItCnt     Gap

*     0+    0                            0,0000     1567,2000              --- 
      0     0      720,6250     2        0,0000      720,6250      429     --- 
*     0+    0                          720,4000      720,6250             0,03%

Root node processing (before b&c):
  Real time             =    0,07 sec. (73,93 ticks)
Parallel b&c, 8 threads:
  Real time             =    0,00 sec. (0,00 ticks)
  Sync time (average)   =    0,00 sec.
  Wait time (average)   =    0,00 sec.
                          ------------
Total (root+branch&cut) =    0,07 sec. (73,93 ticks)

<<< solve


OBJECTIVE: 720.4
avg_utility = 0.551608

<<< post process


<<< done

