
<<< setup


<<< generate

Tried aggregator 5 times.
MIP Presolve eliminated 214789 rows and 206099 columns.
MIP Presolve modified 20009 coefficients.
Aggregator did 46000 substitutions.
Reduced MIP has 14247 rows, 32930 columns, and 78320 nonzeros.
Reduced MIP has 6230 binaries, 0 generals, 0 SOSs, and 0 indicators.
Presolve time = 1,95 sec. (1660,72 ticks)
Found incumbent of value 0,000000 after 2,05 sec. (1743,27 ticks)
Probing time = 0,01 sec. (3,48 ticks)
Tried aggregator 4 times.
MIP Presolve eliminated 0 rows and 4450 columns.
MIP Presolve modified 8900 coefficients.
Aggregator did 4450 substitutions.
Reduced MIP has 9797 rows, 24030 columns, and 60520 nonzeros.
Reduced MIP has 6230 binaries, 0 generals, 0 SOSs, and 0 indicators.
Presolve time = 0,40 sec. (445,47 ticks)
Probing time = 0,02 sec. (6,63 ticks)
Clique table members: 890.
MIP emphasis: balance optimality and feasibility.
MIP search method: dynamic search.
Parallel mode: deterministic, using up to 24 threads.
Root relaxation solution time = 0,21 sec. (273,33 ticks)

        Nodes                                         Cuts/
   Node  Left     Objective  IInf  Best Integer    Best Bound    ItCnt     Gap

*     0+    0                            0,0000     5696,0000       11     --- 
      0     0     1120,2250   159        0,0000     1120,2250       11     --- 
*     0+    0                         1103,9000     1120,2250      788    1,48%
      0     0     1120,2250   147     1103,9000      Cuts: 49      788    1,48%
      0     0     1120,2250   154     1103,9000     Cuts: 155     1197    1,48%
      0     0     1120,2250   125     1103,9000      Cuts: 43     1353    1,48%
*     0+    0                         1114,1000     1120,2250     1353    0,55%
*     0+    0                         1114,2000     1120,2250     1353    0,54%
*     0+    0                         1115,4000     1120,2250     1353    0,43%
      0     0     1120,2250   148     1115,4000     Cuts: 117     1735    0,43%
      0     2     1120,2250   103     1115,4000     1120,2250     1735    0,43%
Elapsed time = 18,39 sec. (15410,94 ticks, tree = 0,01 MB, solutions = 5)
      2     2     1119,1000   113     1115,4000     1120,2250     3768    0,43%
      4     4     1119,1000   110     1115,4000     1120,2250     7518    0,43%
      6     6     1119,0667   111     1115,4000     1119,1000    16881    0,33%
     11    11     1116,9000    77     1115,4000     1119,1000    34603    0,33%
     12    12     1116,7625    85     1115,4000     1119,0667    34748    0,33%
*    15+   13                         1115,5000     1119,0667    36165    0,32%
     15    15     1119,0167   119     1115,5000     1119,0667    36165    0,32%
     22    22     1117,0208    75     1115,5000     1119,0667    42634    0,32%
     27    27     1118,9525   113     1115,5000     1119,0667    44345    0,32%
     38    38     1117,6942    80     1115,5000     1119,0667    47291    0,32%
    121   111     1115,8656    25     1115,5000     1119,0667    78457    0,32%
Elapsed time = 31,92 sec. (20784,75 ticks, tree = 0,01 MB, solutions = 8)
*   353+  317                         1115,6000     1119,0667   101863    0,31%
    353   319     1117,8250    93     1115,6000     1119,0667   101863    0,31%
*   354+  318                         1115,7000     1119,0667   101902    0,30%
*   358+  322                         1115,7000     1119,0667   103786    0,30%
    772   609     1117,6863    86     1115,7000     1119,0667   144509    0,30%
   1558  1300     1116,2550    46     1115,7000     1119,0667   224709    0,30%
   1813  1508     1116,8896    68     1115,7000     1119,0667   259231    0,30%
   2577  2077     1117,4490    66     1115,7000     1119,0667   329343    0,30%
   3843  3103     1117,7250    87     1115,7000     1119,0025   450538    0,30%
   4083  3289     1116,5083    41     1115,7000     1119,0025   486989    0,30%
   4515  3607     1116,0363    37     1115,7000     1119,0025   533572    0,30%
   5717  4284     1116,3833    38     1115,7000     1118,7167   653772    0,27%
   7458  5310     1117,9250   111     1115,7000     1118,7167   828976    0,27%
Elapsed time = 87,86 sec. (35350,11 ticks, tree = 12,09 MB, solutions = 15)
   7792  5527     1115,8917    18     1115,7000     1118,7167   896328    0,27%
   8082  5725     1116,4167    38     1115,7000     1118,7167   940736    0,27%
   8586  6099     1117,2375    75     1115,7000     1118,7167  1009863    0,27%
   9645  6738     1115,9125    42     1115,7000     1118,7167  1141223    0,27%
  10122  7030     1120,2250    97     1115,7000     1117,6750  1198831    0,18%
  10125  3516     1119,1000   132     1115,7000     1117,6750  1201045    0,18%
  10126  3516     1119,1000   136     1115,7000     1117,6750  1202586    0,18%
  10129  3517     1117,2000    78     1115,7000     1117,6750  1210192    0,18%
  10132  3014     1117,9750    88     1115,7000     1117,6750  1230913    0,18%
  10136  2679     1116,8500    47     1115,7000     1117,6750  1238317    0,18%
Elapsed time = 138,51 sec. (75925,49 ticks, tree = 23,70 MB, solutions = 15)
  10141  2008     1116,8500    48     1115,7000     1117,6750  1252230    0,18%
  10142  2007     1116,8500    56     1115,7000     1117,6750  1252441    0,18%
  10144  2007     1116,8500    44     1115,7000     1117,6750  1252607    0,18%
  10146  2007     1116,8500    45     1115,7000     1117,6750  1253132    0,18%
  10151  1718     1116,8000    46     1115,7000     1117,6750  1254660    0,18%
  10153  1717     1116,8000    44     1115,7000     1117,6750  1255097    0,18%
  10155  1716     1116,8000    46     1115,7000     1117,6750  1256028    0,18%
  10158  1714     1116,8000    35     1115,7000     1117,6750  1256689    0,18%
  10160  1713     1116,8500    45     1115,7000     1117,6750  1257048    0,18%
  10174  1368     1116,8500    38     1115,7000     1117,6750  1259668    0,18%
Elapsed time = 150,49 sec. (88989,47 ticks, tree = 12,04 MB, solutions = 15)
  10188  1238     1116,5500    37     1115,7000     1117,6750  1260275    0,18%
  10202   580     1116,8000    42     1115,7000     1117,6750  1261071    0,18%
  10207   578     1116,8000    42     1115,7000     1117,6750  1261374    0,18%
  10211   578     1116,8500    44     1115,7000     1117,6750  1261554    0,18%
  10228   313     1116,8500    45     1115,7000     1117,6750  1262296    0,18%
  10237   233     1116,8000    33     1115,7000     1117,6750  1262569    0,18%
  10244   173     1116,8000    44     1115,7000     1117,6750  1262840    0,18%
  10256   126     1116,8000    39     1115,7000     1117,6750  1263580    0,18%
  10260   126     1116,8000    32     1115,7000     1117,6750  1263752    0,18%
  10265   110     1116,8500    38     1115,7000     1117,6750  1263956    0,18%
Elapsed time = 161,07 sec. (99643,10 ticks, tree = 0,92 MB, solutions = 15)
  10278    81     1116,8000    43     1115,7000     1117,6750  1264350    0,18%
  10299    37     1116,6750    32     1115,7000     1117,6750  1264965    0,18%
  10322    14     1116,8500    30     1115,7000     1117,6750  1265494    0,18%
  10327     6     1117,9750    91     1115,7000     1117,6750  1265952    0,18%
  10331     8     1116,8500    47     1115,7000     1117,2000  1267761    0,13%
  10344     2     1116,0750    41     1115,7000     1117,2000  1269759    0,13%
  10346     3     1116,0750    40     1115,7000     1116,0750  1270629    0,03%

Implied bound cuts applied:  3212
Flow cuts applied:  82
Mixed integer rounding cuts applied:  21
Gomory fractional cuts applied:  166

Root node processing (before b&c):
  Real time             =   15,47 sec. (13132,93 ticks)
Parallel b&c, 24 threads:
  Real time             =  150,94 sec. (92086,41 ticks)
  Sync time (average)   =    0,16 sec.
  Wait time (average)   =    0,00 sec.
                          ------------
Total (root+branch&cut) =  166,41 sec. (105219,34 ticks)

<<< solve


OBJECTIVE: 1115.7

<<< post process


<<< done

