
<<< setup


<<< generate

Found incumbent of value 0.000000 after 0.00 sec. (1.41 ticks)
Tried aggregator 2 times.
MIP Presolve eliminated 37248 rows and 26933 columns.
MIP Presolve modified 3091 coefficients.
Aggregator did 3080 substitutions.
Reduced MIP has 3396 rows, 6468 columns, and 15708 nonzeros.
Reduced MIP has 2818 binaries, 570 generals, 0 SOSs, and 0 indicators.
Presolve time = 0.10 sec. (45.26 ticks)
Probing time = 0.01 sec. (0.80 ticks)
Tried aggregator 1 time.
Reduced MIP has 3396 rows, 6468 columns, and 15708 nonzeros.
Reduced MIP has 2818 binaries, 570 generals, 0 SOSs, and 0 indicators.
Presolve time = 0.02 sec. (10.17 ticks)
Probing time = 0.02 sec. (0.80 ticks)
Clique table members: 213.
MIP emphasis: balance optimality and feasibility.
MIP search method: dynamic search.
Parallel mode: deterministic, using up to 8 threads.
Root relaxation solution time = 0.06 sec. (49.17 ticks)

        Nodes                                         Cuts/
   Node  Left     Objective  IInf  Best Integer    Best Bound    ItCnt     Gap

*     0+    0                            0.0000     3500.5298              --- 
*     0     0      integral     0      623.2553      623.2553     1014    0.00%
Elapsed time = 0.24 sec. (121.12 ticks, tree = 0.00 MB, solutions = 2)

Root node processing (before b&c):
  Real time             =    0.25 sec. (122.50 ticks)
Parallel b&c, 8 threads:
  Real time             =    0.00 sec. (0.00 ticks)
  Sync time (average)   =    0.00 sec.
  Wait time (average)   =    0.00 sec.
                          ------------
Total (root+branch&cut) =    0.25 sec. (122.50 ticks)

<<< solve


OBJECTIVE: 623.2553
avg_utility = 0.763793

<<< post process


<<< done

