
<<< setup


<<< generate

Found incumbent of value 0,000000 after 0,02 sec. (13,65 ticks)
Tried aggregator 11 times.
MIP Presolve eliminated 67733 rows and 205754 columns.
MIP Presolve modified 37113 coefficients.
Aggregator did 62579 substitutions.
Reduced MIP has 69390 rows, 170148 columns, and 479104 nonzeros.
Reduced MIP has 29046 binaries, 5184 generals, 0 SOSs, and 0 indicators.
Presolve time = 9,72 sec. (7779,61 ticks)
Probing time = 0,36 sec. (6,80 ticks)
Tried aggregator 1 time.
Reduced MIP has 69390 rows, 170148 columns, and 479104 nonzeros.
Reduced MIP has 29046 binaries, 5184 generals, 0 SOSs, and 0 indicators.
Presolve time = 0,41 sec. (211,46 ticks)
Probing time = 0,28 sec. (6,71 ticks)
Clique table members: 1487.
MIP emphasis: balance optimality and feasibility.
MIP search method: dynamic search.
Parallel mode: deterministic, using up to 24 threads.
Root relaxation solution time = 7,08 sec. (3514,35 ticks)

        Nodes                                         Cuts/
   Node  Left     Objective  IInf  Best Integer    Best Bound    ItCnt     Gap

*     0+    0                            0,0000    37130,5931              --- 
*     0+    0                          856,0270    37130,5931              --- 
*     0+    0                          858,0795    37130,5931              --- 
*     0+    0                          859,5395    37130,5931              --- 
*     0+    0                          860,8074    37130,5931              --- 
*     0+    0                          861,9440    37130,5931              --- 
*     0+    0                          862,8838    37130,5931              --- 
*     0+    0                          863,6607    37130,5931              --- 
*     0+    0                          864,4377    37130,5931              --- 
*     0+    0                          864,9670    37130,5931              --- 
      0     0     8689,1651  1976      864,9670     8689,1651     3044  904,57%
*     0+    0                         4052,8606     8689,1651           114,40%
      0     0     8497,0649  1626     4052,8606    Cuts: 5925    19580  109,66%
      0     0     8358,2575  2262     4052,8606    Cuts: 4687    27034  106,23%
      0     0     8225,8246  2119     4052,8606    Cuts: 5595    34440  102,96%
      0     0     8112,9634  2043     4052,8606    Cuts: 5357    49692  100,18%
      0     0     8073,2057  1891     4052,8606    Cuts: 5117    58342   99,20%
      0     0     8036,8022  1867     4052,8606    Cuts: 5006    66292   98,30%
      0     0     7996,9453  2392     4052,8606    Cuts: 4688    77032   97,32%
      0     0     7975,9911  2230     4052,8606    Cuts: 4616    88031   96,80%
*     0+    0                         5438,5272     7975,9911            46,66%
      0     0     7953,1938  2197     5438,5272    Cuts: 4173   101172   46,24%
*     0+    0                         5448,0684     7953,1938            45,98%
      0     0     7936,8136  1807     5448,0684    Cuts: 3593   114724   45,68%
      0     0     7926,9328  1407     5448,0684    Cuts: 2924   123828   45,50%
      0     0     7916,9727  1290     5448,0684    Cuts: 2340   137396   45,32%
      0     0     7910,7100  1041     5448,0684    Cuts: 2117   149023   45,20%
      0     0     7907,3231   734     5448,0684    Cuts: 1760   156059   45,14%
      0     0     7904,7912   592     5448,0684    Cuts: 1378   166337   45,09%
*     0+    0                         6063,1365     7904,7912            30,37%
      0     0     7902,4332   526     6063,1365     Cuts: 941   174163   30,34%
      0     0     7900,5361   450     6063,1365     Cuts: 758   183532   30,30%
      0     0     7899,0074   438     6063,1365     Cuts: 584   189679   30,28%
      0     0     7897,4957   325     6063,1365     Cuts: 547   195457   30,25%
      0     0     7896,4308   309     6063,1365     Cuts: 368   208501   30,24%
      0     0     7895,8894   353     6063,1365     Cuts: 306   215548   30,23%
Heuristic still looking.
Heuristic still looking.
      0     2     7895,8894   353     6063,1365     7895,8894   215548   30,23%
Elapsed time = 975,30 sec. (615112,79 ticks, tree = 0,00 MB, solutions = 13)
      1     3     7895,8696   316     6063,1365     7895,8894   215761   30,23%
      2     4     7895,6691   256     6063,1365     7895,8664   224091   30,23%
      6     8     7895,5855   285     6063,1365     7895,6675   230100   30,22%
      8    10     7886,7044   476     6063,1365     7895,6675   231599   30,22%
     10    12     7895,5697   264     6063,1365     7895,6675   245499   30,22%
     14    16     7895,5586   276     6063,1365     7895,5855   246986   30,22%
     17    19     7875,3310   322     6063,1365     7895,5855   251561   30,22%
     18    20     7886,6214   420     6063,1365     7895,5855   254664   30,22%
     20    22     7875,9676   463     6063,1365     7895,5855   262605   30,22%
     24    26     7875,3089   355     6063,1365     7895,5855   268066   30,22%
Elapsed time = 1220,67 sec. (737614,50 ticks, tree = 0,00 MB, solutions = 13)
     25    27     7895,4302   287     6063,1365     7895,5855   271716   30,22%
     27    29     7885,6848   291     6063,1365     7895,5855   278174   30,22%
     32    34     7886,5899   452     6063,1365     7895,5855   287188   30,22%
     33    35     7886,5007   450     6063,1365     7895,5855   287791   30,22%
     37    39     7875,9211   501     6063,1365     7895,5855   298942   30,22%
     39    41     7886,4867   467     6063,1365     7895,5855   313702   30,22%
     43    45     7876,1315   313     6063,1365     7895,5855   331133   30,22%
     44    46     7875,2030   413     6063,1365     7895,5855   337113   30,22%
     45    47     7885,8898   332     6063,1365     7895,5855   341257   30,22%
     47    49     7895,3244   266     6063,1365     7895,5855   343305   30,22%
Elapsed time = 1442,59 sec. (814785,79 ticks, tree = 0,00 MB, solutions = 13)
     49    51     7885,2937   345     6063,1365     7895,5855   345964   30,22%
     54    56     7885,5862   315     6063,1365     7895,5855   361269   30,22%
     63    65     7876,1694   277     6063,1365     7895,5855   413107   30,22%
     67    69     7874,7769   510     6063,1365     7895,5855   490746   30,22%
    104   106     7873,7750   281     6063,1365     7895,5855   583740   30,22%
    880   882     7882,2247   300     6063,1365     7895,5855   655577   30,22%
    882   884     7885,1025   267     6063,1365     7895,5855   656047   30,22%
    884   886     7872,1703   283     6063,1365     7895,5855   656860   30,22%
    890   892     7873,7097   270     6063,1365     7895,5855   663022   30,22%
    898   900     7858,3183   633     6063,1365     7895,5855   683410   30,22%
Elapsed time = 1960,51 sec. (902575,71 ticks, tree = 0,00 MB, solutions = 13)
    901   903     7886,8406   296     6063,1365     7895,5855   684167   30,22%
   1532  1534     7889,5262   247     6063,1365     7895,5855   846127   30,22%
   1536  1538     7884,1858   236     6063,1365     7895,5855   846624   30,22%
   1543  1545     7872,9952   284     6063,1365     7895,5855   856323   30,22%
   1554  1556     7858,1479   277     6063,1365     7895,5855   869470   30,22%
   1567  1569     7874,5038   272     6063,1365     7895,5855   883383   30,22%
   1602  1604     7858,1479   277     6063,1365     7895,5855   935142   30,22%
   1611  1613     7883,7275   257     6063,1365     7895,5855   944886   30,22%
   4172  4174     7881,7292   183     6063,1365     7895,5855  1140644   30,22%
   4175  4177     7883,6937   225     6063,1365     7895,5855  1141398   30,22%
Elapsed time = 2631,31 sec. (1073361,85 ticks, tree = 2075,14 MB, solutions = 13)
Nodefile size = 28,04 MB (14,76 MB after compression)
   4190  4192     7872,6528   276     6063,1365     7895,5855  1146534   30,22%
   4194  4196     7888,7138   304     6063,1365     7895,5855  1151234   30,22%
   4218  4220     7889,3238   246     6063,1365     7895,5855  1188255   30,22%
   4238  4240     7868,5890   292     6063,1365     7895,5855  1225298   30,22%
   4262  4264     7868,1661   259     6063,1365     7895,5855  1259492   30,22%
   4266  4268     7884,9907   225     6063,1365     7895,5855  1272495   30,22%
   4286  4288     7868,1158   247     6063,1365     7895,5855  1287561   30,22%
   4289  4291     7884,7949   246     6063,1365     7895,5855  1287782   30,22%
   4354  4356     7867,6635   212     6063,1365     7895,5855  1349700   30,22%
   4382  4384     7880,1779   257     6063,1365     7895,5855  1374566   30,22%
Elapsed time = 3209,60 sec. (1173789,04 ticks, tree = 2075,14 MB, solutions = 13)
Nodefile size = 28,04 MB (14,76 MB after compression)
   4405  4407     7873,6382   257     6063,1365     7895,5855  1415968   30,22%
   6417  6419     7884,7638   225     6063,1365     7895,5855  1516144   30,22%
   6419  6421     7868,3043   251     6063,1365     7895,5855  1516695   30,22%
   6429  6431     7870,8455   209     6063,1365     7895,5855  1520716   30,22%
   6432  6434     7863,3735   232     6063,1365     7895,5855  1526770   30,22%
   6456  6458     7863,0591   215     6063,1365     7895,5855  1557173   30,22%
   6512  6514     7884,4708   271     6063,1365     7895,5855  1595075   30,22%
   6525  6527     7870,1916   196     6063,1365     7895,5855  1604047   30,22%
   6549  6551     7870,0940   244     6063,1365     7895,5855  1613665   30,22%
   6560  6562     7883,4795   258     6063,1365     7895,5855  1621842   30,22%
Elapsed time = 3834,38 sec. (1281438,43 ticks, tree = 3820,71 MB, solutions = 13)
Nodefile size = 1665,63 MB (963,93 MB after compression)
   6584  6586     7884,0881   267     6063,1365     7895,5855  1637023   30,22%
   6597  6599     7870,0492   235     6063,1365     7895,5855  1657069   30,22%
   6722  6724     7856,9682   181     6063,1365     7895,5855  1734385   30,22%
*  7992+ 5328                         7857,0661     7895,5855             0,49%

Implied bound cuts applied:  639
Flow cuts applied:  25867
Mixed integer rounding cuts applied:  17878
Flow path cuts applied:  3579
Gomory fractional cuts applied:  308

Root node processing (before b&c):
  Real time             =  973,84 sec. (614887,73 ticks)
Parallel b&c, 24 threads:
  Real time             = 3251,06 sec. (845614,06 ticks)
  Sync time (average)   =  924,33 sec.
  Wait time (average)   = 1049,79 sec.
                          ------------
Total (root+branch&cut) = 4224,90 sec. (1460501,79 ticks)

<<< solve


OBJECTIVE: 7857.066
avg_utility = 0.903838

<<< post process


<<< done

