
<<< setup


<<< generate

Found incumbent of value 0,000000 after 0,03 sec. (16,99 ticks)
Tried aggregator 5 times.
MIP Presolve eliminated 179592 rows and 389667 columns.
MIP Presolve modified 6025 coefficients.
Aggregator did 107075 substitutions.
Reduced MIP has 15084 rows, 35099 columns, and 112406 nonzeros.
Reduced MIP has 2785 binaries, 0 generals, 0 SOSs, and 0 indicators.
Presolve time = 5,24 sec. (3918,66 ticks)
Probing time = 0,20 sec. (1,34 ticks)
Tried aggregator 1 time.
Reduced MIP has 15084 rows, 35099 columns, and 112406 nonzeros.
Reduced MIP has 2785 binaries, 0 generals, 0 SOSs, and 0 indicators.
Presolve time = 0,07 sec. (51,92 ticks)
Probing time = 0,05 sec. (1,35 ticks)
MIP emphasis: balance optimality and feasibility.
MIP search method: dynamic search.
Parallel mode: deterministic, using up to 24 threads.
Root relaxation solution time = 0,78 sec. (420,42 ticks)

        Nodes                                         Cuts/
   Node  Left     Objective  IInf  Best Integer    Best Bound    ItCnt     Gap

*     0+    0                         1255,0000    28281,5406              --- 
*     0+    0                         5366,1062    28281,5406           427,04%
      0     0     6151,8769     9     5366,1062     6151,8769     4293   14,64%
*     0+    0                         6151,2839     6151,8769             0,01%
*     0+    0                         6151,4717     6151,8769             0,01%

Root node processing (before b&c):
  Real time             =    6,86 sec. (4812,90 ticks)
Parallel b&c, 24 threads:
  Real time             =    0,00 sec. (0,00 ticks)
  Sync time (average)   =    0,00 sec.
  Wait time (average)   =    0,00 sec.
                          ------------
Total (root+branch&cut) =    6,86 sec. (4812,90 ticks)

<<< solve


OBJECTIVE: 6151.472
avg_utility = 0.784126

<<< post process


<<< done

