
<<< setup


<<< generate

Found incumbent of value 0.000000 after 0.02 sec. (7.44 ticks)
Tried aggregator 2 times.
MIP Presolve eliminated 236154 rows and 141847 columns.
MIP Presolve modified 7726 coefficients.
Aggregator did 7711 substitutions.
Reduced MIP has 20567 rows, 32123 columns, and 83521 nonzeros.
Reduced MIP has 6425 binaries, 0 generals, 0 SOSs, and 0 indicators.
Presolve time = 0.55 sec. (243.81 ticks)
Probing time = 0.02 sec. (1.73 ticks)
Tried aggregator 1 time.
Reduced MIP has 20567 rows, 32123 columns, and 83521 nonzeros.
Reduced MIP has 6425 binaries, 0 generals, 0 SOSs, and 0 indicators.
Presolve time = 0.11 sec. (45.46 ticks)
Probing time = 0.03 sec. (1.73 ticks)
MIP emphasis: balance optimality and feasibility.
MIP search method: dynamic search.
Parallel mode: deterministic, using up to 8 threads.
Root relaxation solution time = 0.18 sec. (92.78 ticks)

        Nodes                                         Cuts/
   Node  Left     Objective  IInf  Best Integer    Best Bound    ItCnt     Gap

*     0+    0                            0.0000    14010.6991              --- 
      0     0     3266.0000  1258        0.0000     3266.0000     2571     --- 
*     0+    0                         1882.3206     3266.0000            73.51%
      0     0     3182.9728  1110     1882.3206    Cuts: 2716     5813   69.10%
*     0+    0                         2391.2753     3182.9728            33.11%
      0     0     3102.1007  1048     2391.2753    Cuts: 2421     9798   29.73%
      0     0     3016.8534   934     2391.2753    Cuts: 2094    13734   26.16%
*     0+    0                         2752.9270     3016.8534             9.59%
*     0+    0                         2756.2701     3016.8534             9.45%
      0     0     2959.3834   586     2756.2701    Cuts: 1866    16655    7.37%
      0     0     2883.4001   412     2756.2701    Cuts: 1164    19058    4.61%
      0     0     2872.0995   410     2756.2701     Cuts: 814    19793    4.20%
*     0+    0                         2757.1132     2872.0995             4.17%
      0     0     2867.4243   442     2757.1132     Cuts: 808    21086    4.00%
      0     0     2826.0672    44     2757.1132     Cuts: 878    22117    2.50%
      0     0     2823.2355    14     2757.1132      Cuts: 86    22378    2.40%
      0     0     2822.9665     6     2757.1132      Cuts: 30    22430    2.39%
*     0     0      integral     0     2822.8840       Cuts: 9    22451    0.00%
      0     0        cutoff           2822.8840     2822.8840    22451    0.00%
Elapsed time = 14.95 sec. (9561.36 ticks, tree = 0.00 MB, solutions = 7)

Implied bound cuts applied:  26
Flow cuts applied:  9712
Mixed integer rounding cuts applied:  2748
Gomory fractional cuts applied:  400

Root node processing (before b&c):
  Real time             =   14.98 sec. (9574.39 ticks)
Parallel b&c, 8 threads:
  Real time             =    0.00 sec. (0.00 ticks)
  Sync time (average)   =    0.00 sec.
  Wait time (average)   =    0.00 sec.
                          ------------
Total (root+branch&cut) =   14.98 sec. (9574.39 ticks)

<<< solve


OBJECTIVE: 2822.884
avg_utility = 0.864325

<<< post process


<<< done

