
<<< setup


<<< generate

Tried aggregator 9 times.
MIP Presolve eliminated 202127 rows and 736664 columns.
MIP Presolve modified 18 coefficients.
Aggregator did 234635 substitutions.
Reduced MIP has 3495 rows, 20862 columns, and 72722 nonzeros.
Reduced MIP has 12714 binaries, 8148 generals, 0 SOSs, and 0 indicators.
Presolve time = 10,23 sec. (8087,68 ticks)
Found incumbent of value 1316,000000 after 10,30 sec. (8175,27 ticks)
Probing time = 0,01 sec. (5,99 ticks)
Tried aggregator 1 time.
Presolve time = 0,05 sec. (39,34 ticks)
Probing time = 0,01 sec. (5,99 ticks)
Clique table members: 2119.
MIP emphasis: balance optimality and feasibility.
MIP search method: dynamic search.
Parallel mode: deterministic, using up to 24 threads.
Root relaxation solution time = 0,39 sec. (106,89 ticks)

        Nodes                                         Cuts/
   Node  Left     Objective  IInf  Best Integer    Best Bound    ItCnt     Gap

*     0+    0                         1316,0000    40418,6000     2064     --- 
*     0+    0                         2740,6000    40418,6000     2064     --- 
*     0+    0                         2748,4000    40418,6000     2064     --- 
*     0+    0                         2751,2000    40418,6000     2064     --- 
*     0+    0                         2752,8000    40418,6000     2064     --- 
*     0+    0                         2753,4000    40418,6000     2064     --- 
      0     0     4035,7300    30     2753,4000     4035,7300     2064   46,57%
*     0+    0                         4032,8000     4035,7300     2064    0,07%

Root node processing (before b&c):
  Real time             =    0,72 sec. (287,61 ticks)
Parallel b&c, 24 threads:
  Real time             =    0,00 sec. (0,00 ticks)
  Sync time (average)   =    0,00 sec.
  Wait time (average)   =    0,00 sec.
                          ------------
Total (root+branch&cut) =    0,72 sec. (287,61 ticks)

<<< solve


OBJECTIVE: 4032.8
avg_utility = 0.2576045991695938

<<< post process


<<< done

