
<<< setup


<<< generate

Found incumbent of value 0.000000 after 0.05 sec. (18.81 ticks)
Aggregator has done 109810 substitutions...
Tried aggregator 11 times.
MIP Presolve eliminated 301057 rows and 225946 columns.
MIP Presolve modified 23183 coefficients.
Aggregator did 111899 substitutions.
Reduced MIP has 87924 rows, 190876 columns, and 553028 nonzeros.
Reduced MIP has 6570 binaries, 0 generals, 0 SOSs, and 0 indicators.
Presolve time = 24.43 sec. (10845.64 ticks)
Probing time = 0.13 sec. (7.76 ticks)
Tried aggregator 1 time.
Reduced MIP has 87924 rows, 190876 columns, and 553028 nonzeros.
Reduced MIP has 6570 binaries, 0 generals, 0 SOSs, and 0 indicators.
Presolve time = 1.04 sec. (298.66 ticks)
Probing time = 0.19 sec. (8.16 ticks)
MIP emphasis: balance optimality and feasibility.
MIP search method: dynamic search.
Parallel mode: deterministic, using up to 8 threads.
Root relaxation solution time = 2.52 sec. (556.79 ticks)

        Nodes                                         Cuts/
   Node  Left     Objective  IInf  Best Integer    Best Bound    ItCnt     Gap

*     0+    0                            0.0000    23553.0000              --- 
      0     0     7801.5007  1569        0.0000     7801.5007     5617     --- 
*     0+    0                         3961.2983     7801.5007            96.94%
      0     0     7011.4678  1521     3961.2983    Cuts: 5526    27934   77.00%
      0     0     6366.3835  1466     3961.2983    Cuts: 7249    66599   60.71%
      0     0     5815.8027  1438     3961.2983    Cuts: 8370   130253   46.82%
*     0+    0                         4037.8000     5815.8027            44.03%
*     0+    0                         4142.6000     5815.8027            40.39%
*     0+    0                         4325.9000     5815.8027            34.44%
      0     0     5454.4166  1401     4325.9000    Cuts: 9845   159377   26.09%
*     0+    0                         4326.0750     5454.4166            26.08%
      0     0     5190.8901  1014     4326.0750    Cuts: 9948   182603   19.99%
      0     0     5185.8514   471     4326.0750    Cuts: 3141   254818   19.87%
*     0+    0                         4424.2000     5185.8514            17.22%
*     0+    0                         4549.7071     5185.8514            13.98%
*     0+    0                         4667.3750     5185.8514            11.11%
*     0+    0                         4688.1000     5185.8514            10.62%
      0     0     5183.9829   411     4688.1000    Cuts: 2233   271077   10.58%
      0     0     5183.0956   481     4688.1000    Cuts: 1931   300531   10.56%
*     0+    0                         4699.3000     5183.0956            10.30%
      0     0     5181.8850   418     4699.3000    Cuts: 2662   372081   10.27%
*     0+    0                         4716.6607     5181.8850             9.86%
*     0+    0                         4722.8821     5181.8850             9.72%
      0     0     5180.6453   376     4722.8821    Cuts: 1886   394741    9.69%
      0     0     5177.7415   420     4722.8821    Cuts: 2587   417450    9.63%
      0     0     5171.6233   453     4722.8821    Cuts: 2598   435459    9.50%
      0     0     5164.1481   416     4722.8821    Cuts: 2721   457086    9.34%
      0     0     5163.5767   333     4722.8821    Cuts: 1608   505730    9.33%
      0     0     5162.1418   381     4722.8821    Cuts: 1319   559426    9.30%
*     0+    0                         4723.6179     5162.1418             9.28%
*     0+    0                         4726.4740     5162.1418             9.22%
      0     0     5159.6401   320     4726.4740    Cuts: 1401   624767    9.16%
*     0+    0                         4731.6500     5159.6401             9.05%
      0     0     5159.3680   331     4731.6500    Cuts: 1188   655956    9.04%
      0     0     5158.8174   284     4731.6500    Cuts: 1183   682463    9.03%
      0     0     5158.4415   173     4731.6500    Cuts: 1120   760222    9.02%
      0     0     5155.4552   112     4731.6500    Cuts: 1048   804778    8.96%
      0     0     5153.2584   137     4731.6500     Cuts: 575   815863    8.91%
      0     0     5147.4608   139     4731.6500     Cuts: 781   847347    8.79%
      0     0     5144.7192   156     4731.6500     Cuts: 860   861407    8.73%
      0     0     5143.2820   201     4731.6500    Cuts: 1044   894811    8.70%
      0     0     5140.5258   140     4731.6500    Cuts: 1497   927555    8.64%
      0     0     5138.2822   114     4731.6500     Cuts: 734   966423    8.59%
      0     0     5137.5839   100     4731.6500     Cuts: 467   968762    8.58%
Heuristic still looking.
Heuristic still looking.
      0     2     5137.5839   100     4731.6500     5137.5839   968762    8.58%
Elapsed time = 9514.68 sec. (2533885.96 ticks, tree = 0.00 MB, solutions = 16)
      1     3     5123.3816   118     4731.6500     5137.5839  1026705    8.58%
      2     4     5050.9461   366     4731.6500     5137.5839  1044013    8.58%
      3     5     5091.7211   296     4731.6500     5123.3628  1058557    8.28%
      4     6     5036.4054   355     4731.6500     5123.3628  1062837    8.28%
      7     9     4964.8904   371     4731.6500     5123.3628  1082277    8.28%
      8    10     4958.0968   408     4731.6500     5123.3628  1105945    8.28%
     10    10        cutoff           4731.6500     5123.3628  1112969    8.28%
     11    11     4886.5818   408     4731.6500     5123.3628  1115164    8.28%
     12    12     4897.0885   364     4731.6500     5123.3628  1132926    8.28%
     13    13     5024.0440   319     4731.6500     5079.7711  1137926    7.36%
Elapsed time = 12062.02 sec. (3147519.59 ticks, tree = 0.13 MB, solutions = 16)
     14    14     4962.7598   480     4731.6500     5079.7711  1169621    7.36%
     19    17     4906.1284   352     4731.6500     5079.7711  1208424    7.36%
     20    18     4868.2202   644     4731.6500     5079.7711  1261805    7.36%
     26    24     4998.5225   381     4731.6500     5061.3671  1313122    6.97%
     27    25     4887.5536   488     4731.6500     5061.3671  1326915    6.97%
     30    28     4964.0243   456     4731.6500     5061.3671  1351712    6.97%
     34    28     5045.4519   471     4731.6500     5061.3671  1370923    6.97%
