
<<< setup


<<< generate

Found incumbent of value 0,000000 after 0,02 sec. (7,44 ticks)
Tried aggregator 2 times.
MIP Presolve eliminated 236132 rows and 141932 columns.
MIP Presolve modified 7744 coefficients.
Aggregator did 7741 substitutions.
Reduced MIP has 20642 rows, 32248 columns, and 77396 nonzeros.
Reduced MIP has 6450 binaries, 0 generals, 0 SOSs, and 0 indicators.
Presolve time = 0,25 sec. (227,99 ticks)
Probing time = 0,01 sec. (1,63 ticks)
Tried aggregator 1 time.
Reduced MIP has 20642 rows, 32248 columns, and 77396 nonzeros.
Reduced MIP has 6450 binaries, 0 generals, 0 SOSs, and 0 indicators.
Presolve time = 0,07 sec. (43,28 ticks)
Probing time = 0,02 sec. (1,63 ticks)
MIP emphasis: balance optimality and feasibility.
MIP search method: dynamic search.
Parallel mode: deterministic, using up to 24 threads.
Root relaxation solution time = 0,12 sec. (85,86 ticks)

        Nodes                                         Cuts/
   Node  Left     Objective  IInf  Best Integer    Best Bound    ItCnt     Gap

*     0+    0                            0,0000    14010,6991              --- 
      0     0     3266,0000  1202        0,0000     3266,0000     1290     --- 
*     0+    0                         2182,2640     3266,0000            49,66%
      0     0     3204,8704  1079     2182,2640    Cuts: 2604     3501   46,86%
      0     0     3126,5181  1054     2182,2640    Cuts: 2357     5039   43,27%
*     0+    0                         2768,8129     3126,5181            12,92%
      0     0     3037,6011   991     2768,8129    Cuts: 2108     7502    9,71%
*     0+    0                         2768,9111     3037,6011             9,70%
      0     0     2971,0065   611     2768,9111    Cuts: 1983     9636    7,30%
      0     0     2893,8517   337     2768,9111    Cuts: 1223    11287    4,51%
      0     0     2878,6049   308     2768,9111     Cuts: 674    11701    3,96%
      0     0     2873,3201   400     2768,9111     Cuts: 617    12072    3,77%
*     0+    0                         2791,5416     2873,3201             2,93%
      0     0     2861,8058   215     2791,5416     Cuts: 802    12599    2,52%
      0     0     2840,3612    15     2791,5416     Cuts: 426    13057    1,75%
      0     0     2838,2391     9     2791,5416      Cuts: 45    13085    1,67%
      0     0     2838,2391     9     2791,5416      Cuts: 28    13101    1,67%
      0     0     2838,2391     9     2791,5416      Cuts: 28    13117    1,67%
      0     2     2838,2391     9     2791,5416     2838,2391    13117    1,67%
Elapsed time = 16,46 sec. (19312,44 ticks, tree = 0,00 MB, solutions = 5)
      4     6     2835,3434    38     2791,5416     2838,2391    13295    1,67%
     14    16     2838,2391     9     2791,5416     2838,2391    13499    1,67%
     22    24     2835,1752    38     2791,5416     2838,2391    13932    1,67%
     32    34     2835,2951    38     2791,5416     2838,2391    14200    1,67%
     33    35     2835,2288    40     2791,5416     2838,2391    14205    1,67%
     56    58     2834,2172    38     2791,5416     2838,2391    14496    1,67%
    114   116     2835,3792    38     2791,5416     2838,2391    15573    1,67%
    165   167     2833,1465    38     2791,5416     2838,2391    16129    1,67%
    181   183     2835,3626    36     2791,5416     2838,2391    16280    1,67%
    595   597     2835,3557    38     2791,5416     2838,2391    19854    1,67%
Elapsed time = 27,89 sec. (28872,59 ticks, tree = 0,00 MB, solutions = 5)
*   740+  740                         2823,8557     2838,2391             0,51%
*   757+  756                         2824,0026     2838,2391             0,50%

Cover cuts applied:  19
Implied bound cuts applied:  36
Flow cuts applied:  9755
Mixed integer rounding cuts applied:  2706
Gomory fractional cuts applied:  400

Root node processing (before b&c):
  Real time             =   16,17 sec. (19264,87 ticks)
Parallel b&c, 24 threads:
  Real time             =   12,93 sec. (9961,95 ticks)
  Sync time (average)   =    6,77 sec.
  Wait time (average)   =    6,99 sec.
                          ------------
Total (root+branch&cut) =   29,10 sec. (29226,82 ticks)

<<< solve


OBJECTIVE: 2824.003
avg_utility = 0.864667

<<< post process


<<< done

