
<<< setup


<<< generate

Found incumbent of value 0,000000 after 0,06 sec. (67,02 ticks)
Tried aggregator 6 times.
MIP Presolve eliminated 3606647 rows and 1230369 columns.
Aggregator did 10439 substitutions.
Reduced MIP has 950 rows, 4745 columns, and 9490 nonzeros.
Reduced MIP has 0 binaries, 0 generals, 0 SOSs, and 0 indicators.
Presolve time = 1,72 sec. (3138,90 ticks)
Tried aggregator 1 time.
MIP Presolve eliminated 929 rows and 4645 columns.
Reduced MIP has 21 rows, 100 columns, and 200 nonzeros.
Reduced MIP has 0 binaries, 0 generals, 0 SOSs, and 0 indicators.
Presolve time = 0,03 sec. (46,16 ticks)
Tried aggregator 1 time.
Reduced MIP has 21 rows, 100 columns, and 200 nonzeros.
Reduced MIP has 0 binaries, 0 generals, 0 SOSs, and 0 indicators.
Presolve time = 0,03 sec. (40,53 ticks)
MIP emphasis: balance optimality and feasibility.
MIP search method: dynamic search.
Parallel mode: deterministic, using up to 8 threads.
Root relaxation solution time = 0,00 sec. (0,09 ticks)

        Nodes                                         Cuts/
   Node  Left     Objective  IInf  Best Integer    Best Bound    ItCnt     Gap

*     0+    0                            0,0000     5249,1446              --- 
*     0     0      integral     0     1092,0841     1092,0841       37    0,00%
Elapsed time = 1,87 sec. (3366,75 ticks, tree = 0,00 MB, solutions = 2)

Root node processing (before b&c):
  Real time             =    1,93 sec. (3412,04 ticks)
Parallel b&c, 8 threads:
  Real time             =    0,00 sec. (0,00 ticks)
  Sync time (average)   =    0,00 sec.
  Wait time (average)   =    0,00 sec.
                          ------------
Total (root+branch&cut) =    1,93 sec. (3412,04 ticks)

<<< solve


OBJECTIVE: 1092.084
avg_utility = 0.668759

<<< post process


<<< done

