
<<< setup


<<< generate

Found incumbent of value 0,000000 after 0,02 sec. (16,82 ticks)
Tried aggregator 4 times.
MIP Presolve eliminated 179323 rows and 387317 columns.
MIP Presolve modified 4973 coefficients.
Aggregator did 107464 substitutions.
Reduced MIP has 13356 rows, 31300 columns, and 100386 nonzeros.
Reduced MIP has 2804 binaries, 0 generals, 0 SOSs, and 0 indicators.
Presolve time = 3,88 sec. (3592,23 ticks)
Probing time = 0,01 sec. (1,29 ticks)
Tried aggregator 1 time.
Reduced MIP has 13356 rows, 31300 columns, and 100386 nonzeros.
Reduced MIP has 2804 binaries, 0 generals, 0 SOSs, and 0 indicators.
Presolve time = 0,05 sec. (46,96 ticks)
Probing time = 0,01 sec. (1,35 ticks)
MIP emphasis: balance optimality and feasibility.
MIP search method: dynamic search.
Parallel mode: deterministic, using up to 8 threads.
Root relaxation solution time = 0,27 sec. (200,60 ticks)

        Nodes                                         Cuts/
   Node  Left     Objective  IInf  Best Integer    Best Bound    ItCnt     Gap

*     0+    0                         1593,0000    27839,8356              --- 
      0     0     7870,0000  1521     1593,0000     7870,0000     3849  394,04%
*     0+    0                         6969,2114     7870,0000            12,93%
      0     0     7306,1202    46     6969,2114    Cuts: 3439    18673    4,83%
      0     0     7182,2276     6     6969,2114     Cuts: 174    25970    3,06%
      0     0     7182,2105     7     6969,2114     Cuts: 246    27381    3,06%
*     0+    0                         7181,8433     7182,2105             0,01%

Implied bound cuts applied:  130
Flow cuts applied:  2211
Mixed integer rounding cuts applied:  981
Flow path cuts applied:  223
Gomory fractional cuts applied:  222

Root node processing (before b&c):
  Real time             =   13,06 sec. (16309,65 ticks)
Parallel b&c, 8 threads:
  Real time             =    0,00 sec. (0,00 ticks)
  Sync time (average)   =    0,00 sec.
  Wait time (average)   =    0,00 sec.
                          ------------
Total (root+branch&cut) =   13,06 sec. (16309,65 ticks)

<<< solve


OBJECTIVE: 7181.843
avg_utility = 0.91256

<<< post process


<<< done

