
<<< setup


<<< generate

Found incumbent of value 0,000000 after 0,02 sec. (11,30 ticks)
Tried aggregator 6 times.
MIP Presolve eliminated 113370 rows and 226610 columns.
MIP Presolve modified 15250 coefficients.
Aggregator did 54476 substitutions.
Reduced MIP has 34251 rows, 72675 columns, and 229005 nonzeros.
Reduced MIP has 9948 binaries, 0 generals, 0 SOSs, and 0 indicators.
Presolve time = 4,46 sec. (3372,36 ticks)
Probing time = 0,34 sec. (2,87 ticks)
Tried aggregator 1 time.
Reduced MIP has 34251 rows, 72675 columns, and 229005 nonzeros.
Reduced MIP has 9948 binaries, 0 generals, 0 SOSs, and 0 indicators.
Presolve time = 0,17 sec. (113,97 ticks)
Probing time = 0,08 sec. (2,90 ticks)
MIP emphasis: balance optimality and feasibility.
MIP search method: dynamic search.
Parallel mode: deterministic, using up to 24 threads.
Root relaxation solution time = 1,38 sec. (984,57 ticks)

        Nodes                                         Cuts/
   Node  Left     Objective  IInf  Best Integer    Best Bound    ItCnt     Gap

*     0+    0                            0,0000    12315,0000              --- 
*     0+    0                         2005,1000    12315,0000           514,18%
      0     0     3805,0000   996     2005,1000     3805,0000     2892   89,77%
*     0+    0                         2645,9814     3805,0000            43,80%
      0     0     3533,3534   610     2645,9814    Cuts: 3018    13720   33,54%
      0     0     3438,1862   657     2645,9814    Cuts: 1861    30105   29,94%
      0     0     3299,5937   557     2645,9814    Cuts: 1991    45056   24,70%
*     0+    0                         2963,2414     3299,5937            11,35%
*     0+    0                         2965,7843     3299,5937            11,26%
*     0+    0                         2966,8743     3299,5937            11,21%
      0     0     3188,3793   644     2966,8743    Cuts: 1633    58073    7,47%
      0     0     3117,1994   505     2966,8743    Cuts: 1805    71507    5,07%
      0     0     3089,8370   361     2966,8743    Cuts: 1417    82148    4,14%
*     0+    0                         3027,3536     3089,8370             2,06%
*     0+    0                         3034,1954     3089,8370             1,83%
*     0+    0                         3036,1686     3089,8370             1,77%
*     0+    0                         3036,2750     3089,8370             1,76%
*     0+    0                         3036,6486     3089,8370             1,75%
      0     0     3066,5184   239     3036,6486    Cuts: 1077    98254    0,98%

Implied bound cuts applied:  289
Flow cuts applied:  9589
Mixed integer rounding cuts applied:  1802
Flow path cuts applied:  181
Gomory fractional cuts applied:  208

Root node processing (before b&c):
  Real time             =   97,77 sec. (85714,27 ticks)
Parallel b&c, 24 threads:
  Real time             =    0,00 sec. (0,00 ticks)
  Sync time (average)   =    0,00 sec.
  Wait time (average)   =    0,00 sec.
                          ------------
Total (root+branch&cut) =   97,77 sec. (85714,27 ticks)

<<< solve


OBJECTIVE: 3036.649
avg_utility = 0.798068

<<< post process


<<< done

