
<<< setup


<<< generate

Aggregator has done 75630 substitutions...
Aggregator has done 104821 substitutions...
Tried aggregator 15 times.
MIP Presolve eliminated 1157466 rows and 882996 columns.
MIP Presolve modified 90110 coefficients.
Aggregator did 115030 substitutions.
Reduced MIP has 142194 rows, 370695 columns, and 1050701 nonzeros.
Reduced MIP has 59669 binaries, 5832 generals, 0 SOSs, and 0 indicators.
Presolve time = 32,07 sec. (24174,17 ticks)
Found incumbent of value 154,478940 after 32,86 sec. (24783,00 ticks)
Probing time = 0,12 sec. (36,26 ticks)
Tried aggregator 1 time.
Presolve time = 0,50 sec. (329,12 ticks)
Probing time = 0,33 sec. (36,26 ticks)
Clique table members: 2231.
MIP emphasis: balance optimality and feasibility.
MIP search method: dynamic search.
Parallel mode: deterministic, using up to 24 threads.
Root relaxation solution time = 10,23 sec. (5563,69 ticks)

        Nodes                                         Cuts/
   Node  Left     Objective  IInf  Best Integer    Best Bound    ItCnt     Gap

*     0+    0                          154,4789    42036,3871    27218     --- 
*     0+    0                          222,3872    42036,3871    27218     --- 
*     0+    0                          227,3561    42036,3871    27218     --- 
*     0+    0                          230,0062    42036,3871    27218     --- 
*     0+    0                          231,0000    42036,3871    27218     --- 
      0     0     9799,0000  2847      231,0000     9799,0000    27218     --- 
*     0+    0                         4634,0000     9799,0000    53660  111,46%
      0     0     9636,0227  2637     4634,0000    Cuts: 8446    53660  107,94%
      0     0     9544,9836  3049     4634,0000    Cuts: 7104   121610  105,98%
      0     0     9434,0683  2944     4634,0000    Cuts: 8800   150268  103,58%
*     0+    0                         5262,4020     9434,0683   150268   79,27%
*     0+    0                         6385,0583     9434,0683   150268   47,75%
*     0+    0                         6413,5676     9434,0683   150268   47,10%
*     0+    0                         6414,5676     9434,0683   150268   47,07%
*     0+    0                         6414,7960     9434,0683   150268   47,07%
      0     0     9314,1751  2873     6414,7960    Cuts: 8413   161700   45,20%
*     0+    0                         6745,1701     9314,1751   201717   38,09%
      0     0     9266,6673  2894     6745,1701    Cuts: 7328   201717   37,38%
*     0+    0                         6752,0307     9266,6673   237492   37,24%
      0     0     9209,2239  2740     6752,0307    Cuts: 8257   237492   36,39%
*     0+    0                         6754,7057     9209,2239   269005   36,34%
      0     0     9164,5135  2771     6754,7057    Cuts: 7613   269005   35,68%
      0     0     9136,2954  2928     6754,7057    Cuts: 6853   305666   35,26%
      0     0     9105,4496  3338     6754,7057    Cuts: 6972   340102   34,80%
      0     0     9070,3451  2866     6754,7057    Cuts: 7084   369767   34,28%
      0     0     9048,3338  2767     6754,7057    Cuts: 5666   392565   33,96%
*     0+    0                         6850,7804     9048,3338   424970   32,08%
      0     0     9025,3102  2789     6850,7804    Cuts: 5367   424970   31,74%
*     0+    0                         6879,8569     9025,3102   715695   31,18%
      0     0     9004,6877  2808     6879,8569    Cuts: 5084   715695   30,88%
      0     0     8986,3053  2513     6879,8569    Cuts: 4877   743546   30,62%
*     0+    0                         6927,8874     8986,3053   774577   29,71%
      0     0     8972,0074  2300     6927,8874    Cuts: 3955   774577   29,51%
*     0+    0                         8174,4806     8972,0074   774577    9,76%
      0     0     8963,4619  2238     8174,4806    Cuts: 3551   798415    9,65%
*     0+    0                         8179,0564     8963,4619   826651    9,59%
      0     0     8957,0712  2020     8179,0564    Cuts: 3052   826651    9,51%
      0     0     8951,1429  1955     8179,0564    Cuts: 2381   876308    9,44%
      0     0     8945,8794  1844     8179,0564    Cuts: 2023   907068    9,38%
*     0+    0                         8179,1106     8945,8794   946695    9,37%
      0     0     8941,0660  1677     8179,1106    Cuts: 1689   946695    9,32%
*     0+    0                         8179,6172     8941,0660   971343    9,31%
      0     0     8937,5673  1441     8179,6172    Cuts: 1403   971343    9,27%
      0     0     8935,5371  1319     8179,6172     Cuts: 988   983849    9,24%
*     0+    0                         8179,6829     8935,5371  1001968    9,24%
      0     0     8934,1412  1283     8179,6829     Cuts: 812  1001968    9,22%
*     0+    0                         8180,0696     8934,1412  1016593    9,22%
      0     0     8932,9916  1185     8180,0696     Cuts: 757  1016593    9,20%
*     0+    0                         8559,8387     8932,9916  1016593    4,36%
      0     0     8932,5011  1030     8559,8387     Cuts: 664  1028371    4,35%
      0     0     8932,1796  1137     8559,8387     Cuts: 462  1042424    4,35%
      0     0     8931,7746  1115     8559,8387     Cuts: 470  1054237    4,35%
*     0+    0                         8630,9673     8931,7746  1054237    3,49%
Heuristic still looking.

Implied bound cuts applied:  450
Flow cuts applied:  46240
Mixed integer rounding cuts applied:  34755
Flow path cuts applied:  5914
Gomory fractional cuts applied:  208

Root node processing (before b&c):
  Real time             = 7166,98 sec. (4150987,82 ticks)
Parallel b&c, 24 threads:
  Real time             =    0,00 sec. (0,00 ticks)
  Sync time (average)   =    0,00 sec.
  Wait time (average)   =    0,00 sec.
                          ------------
Total (root+branch&cut) = 7166,98 sec. (4150987,82 ticks)

<<< solve


OBJECTIVE: 8630.967
avg_utility = 0.8808008316154684

<<< post process


<<< done

