
<<< setup


<<< generate

Found incumbent of value 0.000000 after 0.02 sec. (7.80 ticks)
Tried aggregator 8 times.
MIP Presolve eliminated 24382 rows and 118727 columns.
MIP Presolve modified 33057 coefficients.
Aggregator did 36939 substitutions.
Reduced MIP has 41502 rows, 95375 columns, and 262456 nonzeros.
Reduced MIP has 13578 binaries, 7644 generals, 0 SOSs, and 0 indicators.
Presolve time = 6.23 sec. (3577.38 ticks)
Probing time = 0.35 sec. (26.64 ticks)
Tried aggregator 1 time.
Reduced MIP has 41502 rows, 95375 columns, and 262456 nonzeros.
Reduced MIP has 13578 binaries, 7644 generals, 0 SOSs, and 0 indicators.
Presolve time = 0.42 sec. (131.49 ticks)
Probing time = 0.26 sec. (25.83 ticks)
Clique table members: 685.
MIP emphasis: balance optimality and feasibility.
MIP search method: dynamic search.
Parallel mode: deterministic, using up to 8 threads.
Root relaxation solution time = 5.54 sec. (2015.72 ticks)

        Nodes                                         Cuts/
   Node  Left     Objective  IInf  Best Integer    Best Bound    ItCnt     Gap

*     0+    0                            0.0000    48052.0000              --- 
      0     0    14239.8822  1244        0.0000    14239.8822    11895     --- 
*     0+    0                         8413.8000    14239.8822            69.24%
      0     0    13578.6571  1468     8413.8000    Cuts: 3743    17022   61.39%
      0     0    12787.5991  1525     8413.8000    Cuts: 4245    21931   51.98%
      0     0    11851.7775  1338     8413.8000    Cuts: 4169    28548   40.86%
      0     0    11258.6040  1831     8413.8000    Cuts: 3780    35948   33.81%
      0     0    10796.2884  1963     8413.8000    Cuts: 3991    43509   28.32%
      0     0    10553.0473  1414     8413.8000    Cuts: 3565    48409   25.43%
      0     0    10436.2832  1149     8413.8000    Cuts: 3349    51698   24.04%
      0     0    10303.4042  1112     8413.8000    Cuts: 2692    55516   22.46%
      0     0    10247.6678   753     8413.8000    Cuts: 2261    58527   21.80%
      0     0    10231.6834   474     8413.8000    Cuts: 1100    59566   21.61%
      0     0    10216.7737   292     8413.8000     Cuts: 633    61662   21.43%
      0     0    10211.6429   183     8413.8000     Cuts: 372    62232   21.37%
      0     0    10208.0906   253     8413.8000     Cuts: 251    62647   21.33%
      0     0    10207.2572   318     8413.8000     Cuts: 437    63047   21.32%
      0     0    10205.2479   433     8413.8000     Cuts: 624    63540   21.29%
      0     0    10203.4567   328     8413.8000     Cuts: 553    63925   21.27%
      0     0    10202.5990   222     8413.8000     Cuts: 442    64176   21.26%
      0     0    10200.2816   179     8413.8000     Cuts: 296    64444   21.23%
      0     0    10198.3153   145     8413.8000     Cuts: 187    64558   21.21%
      0     0    10197.4368   155     8413.8000     Cuts: 139    64720   21.20%
Heuristic still looking.
Heuristic still looking.
Heuristic still looking.
*     0+    0                         8634.2000    10197.4368            18.11%
      0     2    10197.4368   155     8634.2000    10197.4368    64720   18.11%
Elapsed time = 353.81 sec. (120188.72 ticks, tree = 0.00 MB, solutions = 3)
      1     3    10196.0989    97     8634.2000    10197.4368    68598   18.11%
      2     4    10153.0406   102     8634.2000    10196.0962    69749   18.09%
      4     6    10195.8636   105     8634.2000    10196.0962    71405   18.09%
      6     8    10161.4640    94     8634.2000    10195.8615    72085   18.09%
      7     9    10184.5009   103     8634.2000    10195.8615    74275   18.09%
      8    10    10152.8971    85     8634.2000    10195.8615    77020   18.09%
     11    13    10152.3225    88     8634.2000    10195.8615    82287   18.09%
     13    15    10151.8665    78     8634.2000    10195.8615    83127   18.09%
     15    17    10194.7184    93     8634.2000    10195.8375    84812   18.09%
     17    19    10151.1369    84     8634.2000    10195.8375    89187   18.09%
Elapsed time = 533.06 sec. (157982.44 ticks, tree = 0.00 MB, solutions = 3)
     56    58    10193.0978    82     8634.2000    10194.7076   102280   18.07%
     58    60    10151.1361    77     8634.2000    10194.7076   112420   18.07%
    139   141    10181.6627    63     8634.2000    10194.7076   144649   18.07%
    140   142    10151.1262    56     8634.2000    10194.7076   148953   18.07%
    152   154    10148.8401    88     8634.2000    10194.7076   161289   18.07%
    154   156    10191.9785    95     8634.2000    10194.7076   163062   18.07%
    166   168    10148.6640    57     8634.2000    10194.7076   168537   18.07%
    184   186    10150.6555    50     8634.2000    10194.7076   173733   18.07%
    185   187    10051.1569    69     8634.2000    10194.7076   175403   18.07%
    193   195    10052.4498    53     8634.2000    10194.7076   178217   18.07%
Elapsed time = 934.55 sec. (198612.95 ticks, tree = 0.00 MB, solutions = 3)
    201   203    10048.2877    73     8634.2000    10194.7076   182047   18.07%
    209   211    10052.0554    82     8634.2000    10194.7076   185591   18.07%
    218   220    10023.7181    97     8634.2000    10194.7076   194477   18.07%
    249   251    10181.0430    59     8634.2000    10194.7076   201218   18.07%
    324   326    10181.0516    58     8634.2000    10194.7076   205816   18.07%
    332   334    10180.7697    44     8634.2000    10194.7076   208113   18.07%
    341   343    10150.1225    77     8634.2000    10194.7076   212836   18.07%
    349   351    10141.8443    82     8634.2000    10194.7076   216971   18.07%
    365   367    10149.8924    72     8634.2000    10194.7076   218898   18.07%
    389   391    10149.8269    69     8634.2000    10194.7076   220826   18.07%
Elapsed time = 1259.36 sec. (236825.95 ticks, tree = 14.00 MB, solutions = 3)
    398   400    10048.5855    62     8634.2000    10194.7076   225070   18.07%
   1387  1389    10048.2199    56     8634.2000    10194.7076   248940   18.07%
   1514  1516    10038.6832    24     8634.2000    10194.7076   268526   18.07%
   1703  1705    10139.7466    61     8634.2000    10194.7076   279689   18.07%
   1711  1713    10140.4181    59     8634.2000    10194.7076   281914   18.07%
   1727  1729    10140.3907    56     8634.2000    10194.7076   284550   18.07%
   1729  1731    10047.0256    67     8634.2000    10194.7076   286011   18.07%
   1737  1739     9987.1928    44     8634.2000    10194.7076   287693   18.07%
   1753  1755    10046.7051    67     8634.2000    10194.7076   288737   18.07%
   1761  1763     9986.8258    36     8634.2000    10194.7076   292503   18.07%
Elapsed time = 1748.84 sec. (310569.48 ticks, tree = 914.61 MB, solutions = 3)
   2196  2198    10185.4415    45     8634.2000    10194.7076   317486   18.07%
   2208  2210     9986.7651    31     8634.2000    10194.7076   319394   18.07%
   2245  2247    10180.5230    35     8634.2000    10194.7076   326322   18.07%
   2261  2263    10180.5230    54     8634.2000    10194.7076   330540   18.07%
   2285  2287    10180.5230    29     8634.2000    10194.7076   335829   18.07%
   2714  2716    10140.2042    50     8634.2000    10194.7076   357964   18.07%
   2871  2873    10180.5230    33     8634.2000    10194.7076   364802   18.07%
   2927  2929    10180.1411    18     8634.2000    10194.7076   369076   18.07%
   2938  2940     9986.3430    35     8634.2000    10194.7076   369786   18.07%
*  3587+ 2392                        10185.2000    10194.7076             0.09%

Implied bound cuts applied:  1089
Flow cuts applied:  17984
Mixed integer rounding cuts applied:  10257
Flow path cuts applied:  1573
Lift and project cuts applied:  1
Gomory fractional cuts applied:  326

Root node processing (before b&c):
  Real time             =  349.91 sec. (119565.48 ticks)
Parallel b&c, 8 threads:
  Real time             = 2117.72 sec. (292513.12 ticks)
  Sync time (average)   =  547.49 sec.
  Wait time (average)   =  566.76 sec.
                          ------------
Total (root+branch&cut) = 2467.63 sec. (412078.60 ticks)

<<< solve


OBJECTIVE: 10185.2
avg_utility = 0.625012

<<< post process


<<< done

