
<<< setup


<<< generate

Found incumbent of value 0,000000 after 0,05 sec. (54,53 ticks)
Tried aggregator 2 times.
MIP Presolve eliminated 2400593 rows and 1207804 columns.
MIP Presolve modified 1736 coefficients.
Aggregator did 1734 substitutions.
Reduced MIP has 3181 rows, 4335 columns, and 11560 nonzeros.
Reduced MIP has 0 binaries, 0 generals, 0 SOSs, and 0 indicators.
Presolve time = 0,80 sec. (1432,05 ticks)
Tried aggregator 2 times.
MIP Presolve eliminated 3082 rows and 4210 columns.
Aggregator did 20 substitutions.
Reduced MIP has 79 rows, 105 columns, and 280 nonzeros.
Reduced MIP has 0 binaries, 0 generals, 0 SOSs, and 0 indicators.
Presolve time = 0,03 sec. (40,83 ticks)
Tried aggregator 1 time.
Reduced MIP has 79 rows, 105 columns, and 280 nonzeros.
Reduced MIP has 0 binaries, 0 generals, 0 SOSs, and 0 indicators.
Presolve time = 0,02 sec. (33,79 ticks)
MIP emphasis: balance optimality and feasibility.
MIP search method: dynamic search.
Parallel mode: deterministic, using up to 8 threads.
Root relaxation solution time = 0,00 sec. (0,06 ticks)

        Nodes                                         Cuts/
   Node  Left     Objective  IInf  Best Integer    Best Bound    ItCnt     Gap

*     0+    0                            0,0000      704,0879              --- 
*     0     0      integral     0      408,0000      408,0000        7    0,00%
Elapsed time = 0,93 sec. (1616,56 ticks, tree = 0,00 MB, solutions = 1)

Root node processing (before b&c):
  Real time             =    0,97 sec. (1658,31 ticks)
Parallel b&c, 8 threads:
  Real time             =    0,00 sec. (0,00 ticks)
  Sync time (average)   =    0,00 sec.
  Wait time (average)   =    0,00 sec.
                          ------------
Total (root+branch&cut) =    0,97 sec. (1658,31 ticks)

<<< solve


OBJECTIVE: 408
avg_utility = 1

<<< post process


<<< done

