
<<< setup


<<< generate

Found incumbent of value 0,000000 after 0,02 sec. (23,87 ticks)
Tried aggregator 5 times.
MIP Presolve eliminated 183218 rows and 549996 columns.
MIP Presolve modified 6326 coefficients.
Aggregator did 156716 substitutions.
Reduced MIP has 27410 rows, 60089 columns, and 191014 nonzeros.
Reduced MIP has 3640 binaries, 0 generals, 0 SOSs, and 0 indicators.
Presolve time = 10,02 sec. (6863,91 ticks)
Probing time = 0,05 sec. (2,41 ticks)
Tried aggregator 1 time.
Reduced MIP has 27410 rows, 60089 columns, and 191014 nonzeros.
Reduced MIP has 3640 binaries, 0 generals, 0 SOSs, and 0 indicators.
Presolve time = 0,11 sec. (87,28 ticks)
Probing time = 0,02 sec. (2,49 ticks)
MIP emphasis: balance optimality and feasibility.
MIP search method: dynamic search.
Parallel mode: deterministic, using up to 8 threads.
Root relaxation solution time = 1,30 sec. (686,81 ticks)

        Nodes                                         Cuts/
   Node  Left     Objective  IInf  Best Integer    Best Bound    ItCnt     Gap

*     0+    0                         3747,0000    38601,6000           930,20%
      0     0     6922,4000  1495     3747,0000     6922,4000     4088   84,75%
*     0+    0                         6307,9571     6922,4000             9,74%
      0     0     6922,4000   866     6307,9571    Cuts: 1734     6313    9,74%
      0     0     6815,0268   953     6307,9571    Cuts: 2090    27695    8,04%
      0     0     6634,7173   143     6307,9571    Cuts: 2484    60293    5,18%
*     0+    0                         6596,4143     6634,7173             0,58%

Flow cuts applied:  4862
Mixed integer rounding cuts applied:  932
Flow path cuts applied:  44
Gomory fractional cuts applied:  141

Root node processing (before b&c):
  Real time             =   60,25 sec. (51509,71 ticks)
Parallel b&c, 8 threads:
  Real time             =    0,00 sec. (0,00 ticks)
  Sync time (average)   =    0,00 sec.
  Wait time (average)   =    0,00 sec.
                          ------------
Total (root+branch&cut) =   60,25 sec. (51509,71 ticks)

<<< solve


OBJECTIVE: 6596.414
avg_utility = 0.409105

<<< post process


<<< done

