
<<< setup


<<< generate

Tried aggregator 7 times.
MIP Presolve eliminated 221799 rows and 229469 columns.
MIP Presolve modified 9 coefficients.
Aggregator did 46000 substitutions.
Reduced MIP has 7237 rows, 9560 columns, and 23440 nonzeros.
Reduced MIP has 1260 binaries, 0 generals, 0 SOSs, and 0 indicators.
Presolve time = 2,05 sec. (1926,29 ticks)
Found incumbent of value 0,000000 after 2,10 sec. (1959,43 ticks)
Probing time = 0,00 sec. (0,76 ticks)
Tried aggregator 2 times.
MIP Presolve eliminated 3450 rows and 2900 columns.
MIP Presolve modified 900 coefficients.
Aggregator did 1800 substitutions.
Reduced MIP has 1987 rows, 4860 columns, and 12240 nonzeros.
Reduced MIP has 1260 binaries, 0 generals, 0 SOSs, and 0 indicators.
Presolve time = 0,03 sec. (30,93 ticks)
Probing time = 0,00 sec. (1,65 ticks)
Clique table members: 180.
MIP emphasis: balance optimality and feasibility.
MIP search method: dynamic search.
Parallel mode: deterministic, using up to 24 threads.
Root relaxation solution time = 0,02 sec. (15,01 ticks)

        Nodes                                         Cuts/
   Node  Left     Objective  IInf  Best Integer    Best Bound    ItCnt     Gap

*     0+    0                            0,0000     1152,0000      518     --- 
*     0+    0                          270,0000     1152,0000      518  326,67%
      0     0        cutoff            270,0000      270,0000      518    0,00%

Root node processing (before b&c):
  Real time             =    0,04 sec. (33,55 ticks)
Parallel b&c, 24 threads:
  Real time             =    0,00 sec. (0,00 ticks)
  Sync time (average)   =    0,00 sec.
  Wait time (average)   =    0,00 sec.
                          ------------
Total (root+branch&cut) =    0,04 sec. (33,55 ticks)

<<< solve


OBJECTIVE: 270

<<< post process


<<< done

