
<<< setup


<<< generate

Found incumbent of value 0.000000 after 0.00 sec. (2.03 ticks)
Tried aggregator 2 times.
MIP Presolve eliminated 38520 rows and 36155 columns.
MIP Presolve modified 6271 coefficients.
Aggregator did 6260 substitutions.
Reduced MIP has 6894 rows, 13146 columns, and 31926 nonzeros.
Reduced MIP has 4696 binaries, 2190 generals, 0 SOSs, and 0 indicators.
Presolve time = 0.17 sec. (68.54 ticks)
Probing time = 0.01 sec. (1.26 ticks)
Tried aggregator 1 time.
Reduced MIP has 6894 rows, 13146 columns, and 31926 nonzeros.
Reduced MIP has 4696 binaries, 2190 generals, 0 SOSs, and 0 indicators.
Presolve time = 0.04 sec. (19.32 ticks)
Probing time = 0.14 sec. (1.25 ticks)
Clique table members: 261.
MIP emphasis: balance optimality and feasibility.
MIP search method: dynamic search.
Parallel mode: deterministic, using up to 8 threads.
Root relaxation solution time = 0.31 sec. (221.36 ticks)

        Nodes                                         Cuts/
   Node  Left     Objective  IInf  Best Integer    Best Bound    ItCnt     Gap

*     0+    0                            0.0000    14010.6991              --- 
      0     0     2426.0757    10        0.0000     2426.0757     4628     --- 
      0     0     2426.0757    16        0.0000    MIRcuts: 1     4629     --- 
*     0+    0                         2425.8360     2426.0757             0.01%

Mixed integer rounding cuts applied:  1

Root node processing (before b&c):
  Real time             =    2.46 sec. (2065.07 ticks)
Parallel b&c, 8 threads:
  Real time             =    0.00 sec. (0.00 ticks)
  Sync time (average)   =    0.00 sec.
  Wait time (average)   =    0.00 sec.
                          ------------
Total (root+branch&cut) =    2.46 sec. (2065.07 ticks)

<<< solve


OBJECTIVE: 2425.836
avg_utility = 0.742754

<<< post process


<<< done

