
<<< setup


<<< generate

Found incumbent of value 0,000000 after 0,02 sec. (17,58 ticks)
Tried aggregator 5 times.
MIP Presolve eliminated 194706 rows and 420663 columns.
Aggregator did 120183 substitutions.
Reduced MIP has 1619 rows, 8035 columns, and 28945 nonzeros.
Reduced MIP has 0 binaries, 0 generals, 0 SOSs, and 0 indicators.
Presolve time = 2,10 sec. (2147,58 ticks)
Tried aggregator 1 time.
MIP Presolve eliminated 1385 rows and 6925 columns.
Reduced MIP has 234 rows, 1110 columns, and 4005 nonzeros.
Reduced MIP has 0 binaries, 0 generals, 0 SOSs, and 0 indicators.
Presolve time = 0,01 sec. (15,24 ticks)
Tried aggregator 1 time.
Reduced MIP has 234 rows, 1110 columns, and 4005 nonzeros.
Reduced MIP has 0 binaries, 0 generals, 0 SOSs, and 0 indicators.
Presolve time = 0,00 sec. (7,42 ticks)
MIP emphasis: balance optimality and feasibility.
MIP search method: dynamic search.
Parallel mode: deterministic, using up to 8 threads.
Root relaxation solution time = 0,00 sec. (3,17 ticks)

        Nodes                                         Cuts/
   Node  Left     Objective  IInf  Best Integer    Best Bound    ItCnt     Gap

*     0+    0                         1590,0000    19708,0000              --- 
*     0     0      integral     0     3055,5333     3055,5333      294    0,00%
Elapsed time = 2,16 sec. (2220,42 ticks, tree = 0,00 MB, solutions = 2)

Root node processing (before b&c):
  Real time             =    2,18 sec. (2243,73 ticks)
Parallel b&c, 8 threads:
  Real time             =    0,00 sec. (0,00 ticks)
  Sync time (average)   =    0,00 sec.
  Wait time (average)   =    0,00 sec.
                          ------------
Total (root+branch&cut) =    2,18 sec. (2243,73 ticks)

<<< solve


OBJECTIVE: 3055.533
avg_utility = 0.386776

<<< post process


<<< done

