
<<< setup


<<< generate

Found incumbent of value 0,000000 after 0,07 sec. (67,38 ticks)
Tried aggregator 7 times.
MIP Presolve eliminated 3608271 rows and 1237793 columns.
Aggregator did 12991 substitutions.
Reduced MIP has 1182 rows, 5905 columns, and 11810 nonzeros.
Reduced MIP has 0 binaries, 0 generals, 0 SOSs, and 0 indicators.
Presolve time = 2,10 sec. (3603,75 ticks)
Tried aggregator 1 time.
MIP Presolve eliminated 1159 rows and 5795 columns.
Reduced MIP has 23 rows, 110 columns, and 220 nonzeros.
Reduced MIP has 0 binaries, 0 generals, 0 SOSs, and 0 indicators.
Presolve time = 0,03 sec. (48,11 ticks)
Tried aggregator 1 time.
Reduced MIP has 23 rows, 110 columns, and 220 nonzeros.
Reduced MIP has 0 binaries, 0 generals, 0 SOSs, and 0 indicators.
Presolve time = 0,03 sec. (40,64 ticks)
MIP emphasis: balance optimality and feasibility.
MIP search method: dynamic search.
Parallel mode: deterministic, using up to 8 threads.
Root relaxation solution time = 0,00 sec. (0,12 ticks)

        Nodes                                         Cuts/
   Node  Left     Objective  IInf  Best Integer    Best Bound    ItCnt     Gap

*     0+    0                            0,0000     6183,4887              --- 
*     0     0      integral     0     1092,2753     1092,2753       46    0,00%
Elapsed time = 2,26 sec. (3834,89 ticks, tree = 0,00 MB, solutions = 2)

Root node processing (before b&c):
  Real time             =    2,32 sec. (3880,61 ticks)
Parallel b&c, 8 threads:
  Real time             =    0,00 sec. (0,00 ticks)
  Sync time (average)   =    0,00 sec.
  Wait time (average)   =    0,00 sec.
                          ------------
Total (root+branch&cut) =    2,32 sec. (3880,61 ticks)

<<< solve


OBJECTIVE: 1092.275
avg_utility = 0.535167

<<< post process


<<< done

