
<<< setup


<<< generate

Tried aggregator 2 times.
MIP Presolve eliminated 137607 rows and 130966 columns.
MIP Presolve modified 2331 coefficients.
Aggregator did 15320 substitutions.
Reduced MIP has 5111 rows, 9744 columns, and 21344 nonzeros.
Reduced MIP has 3934 binaries, 1170 generals, 0 SOSs, and 0 indicators.
Presolve time = 0,95 sec. (2985,39 ticks)
Found incumbent of value 0,000000 after 0,98 sec. (2997,34 ticks)
Probing time = 0,01 sec. (2,20 ticks)
Tried aggregator 1 time.
Presolve time = 0,01 sec. (10,37 ticks)
Probing time = 0,01 sec. (2,20 ticks)
Clique table members: 269.
MIP emphasis: balance optimality and feasibility.
MIP search method: dynamic search.
Parallel mode: deterministic, using up to 24 threads.
Root relaxation solution time = 0,05 sec. (38,31 ticks)

        Nodes                                         Cuts/
   Node  Left     Objective  IInf  Best Integer    Best Bound    ItCnt     Gap

*     0+    0                            0,0000     7005,3495      724     --- 
*     0     0      integral     0     1368,2284     1368,2284      724    0,00%
Elapsed time = 1,10 sec. (3069,63 ticks, tree = 0,00 MB, solutions = 2)

Root node processing (before b&c):
  Real time             =    0,10 sec. (56,94 ticks)
Parallel b&c, 24 threads:
  Real time             =    0,00 sec. (0,00 ticks)
  Sync time (average)   =    0,00 sec.
  Wait time (average)   =    0,00 sec.
                          ------------
Total (root+branch&cut) =    0,10 sec. (56,94 ticks)

<<< solve


OBJECTIVE: 1368.228
avg_utility = 0.8378618481322631

<<< post process


<<< done

