
<<< setup


<<< generate

Found incumbent of value 0,000000 after 0,06 sec. (65,39 ticks)
Tried aggregator 6 times.
MIP Presolve eliminated 3406771 rows and 1234969 columns.
Aggregator did 11280 substitutions.
Reduced MIP has 3386 rows, 7896 columns, and 18048 nonzeros.
Reduced MIP has 0 binaries, 0 generals, 0 SOSs, and 0 indicators.
Presolve time = 1,74 sec. (3106,13 ticks)
Tried aggregator 2 times.
MIP Presolve eliminated 3328 rows and 7748 columns.
Aggregator did 13 substitutions.
Reduced MIP has 45 rows, 135 columns, and 277 nonzeros.
Reduced MIP has 0 binaries, 0 generals, 0 SOSs, and 0 indicators.
Presolve time = 0,04 sec. (53,61 ticks)
Tried aggregator 1 time.
Reduced MIP has 45 rows, 135 columns, and 277 nonzeros.
Reduced MIP has 0 binaries, 0 generals, 0 SOSs, and 0 indicators.
Presolve time = 0,03 sec. (42,15 ticks)
MIP emphasis: balance optimality and feasibility.
MIP search method: dynamic search.
Parallel mode: deterministic, using up to 8 threads.
Root relaxation solution time = 0,00 sec. (0,12 ticks)

        Nodes                                         Cuts/
   Node  Left     Objective  IInf  Best Integer    Best Bound    ItCnt     Gap

*     0+    0                            0,0000     6386,1351              --- 
*     0     0      integral     0     1453,4700     1453,4700       43    0,00%
Elapsed time = 1,90 sec. (3331,74 ticks, tree = 0,00 MB, solutions = 1)

Root node processing (before b&c):
  Real time             =    1,94 sec. (3374,99 ticks)
Parallel b&c, 8 threads:
  Real time             =    0,00 sec. (0,00 ticks)
  Sync time (average)   =    0,00 sec.
  Wait time (average)   =    0,00 sec.
                          ------------
Total (root+branch&cut) =    1,94 sec. (3374,99 ticks)

<<< solve


OBJECTIVE: 1453.47
avg_utility = 0.712136

<<< post process


<<< done

