
<<< setup


<<< generate

Found incumbent of value 0,000000 after 0,02 sec. (23,94 ticks)
Aggregator has done 102788 substitutions...
Tried aggregator 11 times.
MIP Presolve eliminated 110608 rows and 482085 columns.
MIP Presolve modified 42561 coefficients.
Aggregator did 135403 substitutions.
Reduced MIP has 76619 rows, 168033 columns, and 524347 nonzeros.
Reduced MIP has 18300 binaries, 0 generals, 0 SOSs, and 0 indicators.
Presolve time = 21,01 sec. (17631,89 ticks)
Probing time = 0,04 sec. (7,29 ticks)
Tried aggregator 1 time.
Reduced MIP has 76619 rows, 168033 columns, and 524347 nonzeros.
Reduced MIP has 18300 binaries, 0 generals, 0 SOSs, and 0 indicators.
Presolve time = 0,38 sec. (276,87 ticks)
Probing time = 0,05 sec. (7,71 ticks)
MIP emphasis: balance optimality and feasibility.
MIP search method: dynamic search.
Parallel mode: deterministic, using up to 8 threads.
Root relaxation solution time = 12,66 sec. (5111,72 ticks)

        Nodes                                         Cuts/
   Node  Left     Objective  IInf  Best Integer    Best Bound    ItCnt     Gap

*     0+    0                            0,0000    43067,0000              --- 
      0     0    14229,1546  2049        0,0000    14229,1546       45     --- 
      0     0    13914,1591  1865        0,0000    Cuts: 6250    12174     --- 
      0     0    13183,3893  2186        0,0000    Cuts: 5861    54247     --- 
      0     0    11950,4505  2133        0,0000    Cuts: 6513    67951     --- 
*     0+    0                         9032,4971    11950,4505            32,31%
*     0+    0                         9043,6971    11950,4505            32,14%
*     0+    0                         9197,5691    11950,4505            29,93%
*     0+    0                         9198,3691    11950,4505            29,92%
*     0+    0                         9199,0983    11950,4505            29,91%
*     0+    0                         9199,2000    11950,4505            29,91%
      0     0    11226,9248  1593     9199,2000    Cuts: 5996    97230   22,04%
      0     0    10511,1894   968     9199,2000    Cuts: 4603   112545   14,26%
      0     0    10476,7987   653     9199,2000    Cuts: 2112   117783   13,89%
*     0+    0                        10198,8196    10476,7987             2,73%
*     0+    0                        10201,5420    10476,7987             2,70%
*     0+    0                        10215,3886    10476,7987             2,56%
*     0+    0                        10217,6714    10476,7987             2,54%
      0     0    10475,5605   899    10217,6714    Cuts: 1377   135644    2,52%
      0     0    10415,6496   698    10217,6714    Cuts: 2637   157163    1,94%
      0     0    10328,8113   136    10217,6714    Cuts: 2144   192389    1,09%
*     0+    0                        10299,1443    10328,8113             0,29%

Implied bound cuts applied:  2859
Flow cuts applied:  27727
Mixed integer rounding cuts applied:  5642
Flow path cuts applied:  36
Gomory fractional cuts applied:  373

Root node processing (before b&c):
  Real time             =  550,87 sec. (440235,84 ticks)
Parallel b&c, 8 threads:
  Real time             =    0,00 sec. (0,00 ticks)
  Sync time (average)   =    0,00 sec.
  Wait time (average)   =    0,00 sec.
                          ------------
Total (root+branch&cut) =  550,87 sec. (440235,84 ticks)

<<< solve


OBJECTIVE: 10299.14
avg_utility = 0.638627

<<< post process


<<< done

