
<<< setup


<<< generate

Found incumbent of value 0,000000 after 0,02 sec. (16,42 ticks)
Tried aggregator 8 times.
MIP Presolve eliminated 111160 rows and 324496 columns.
MIP Presolve modified 23891 coefficients.
Aggregator did 83489 substitutions.
Reduced MIP has 56291 rows, 120736 columns, and 383911 nonzeros.
Reduced MIP has 14160 binaries, 0 generals, 0 SOSs, and 0 indicators.
Presolve time = 11,62 sec. (8791,20 ticks)
Probing time = 0,03 sec. (5,32 ticks)
Tried aggregator 1 time.
Reduced MIP has 56291 rows, 120736 columns, and 383911 nonzeros.
Reduced MIP has 14160 binaries, 0 generals, 0 SOSs, and 0 indicators.
Presolve time = 0,30 sec. (204,82 ticks)
Probing time = 0,03 sec. (5,64 ticks)
MIP emphasis: balance optimality and feasibility.
MIP search method: dynamic search.
Parallel mode: deterministic, using up to 8 threads.
Root relaxation solution time = 5,29 sec. (2660,85 ticks)

        Nodes                                         Cuts/
   Node  Left     Objective  IInf  Best Integer    Best Bound    ItCnt     Gap

*     0+    0                            0,0000    21727,0000              --- 
*     0+    0                         3058,4750    21727,0000           610,39%
      0     0     7768,8085  1206     3058,4750     7768,8085    17431  154,01%
*     0+    0                         4524,6429     7768,8085            71,70%
      0     0     7195,7764  1414     4524,6429    Cuts: 3778    41132   59,04%
      0     0     6622,6402  1284     4524,6429    Cuts: 4511    56039   46,37%
      0     0     6237,7347  1211     4524,6429    Cuts: 3667    69796   37,86%
*     0+    0                         5307,0221     6237,7347            17,54%
*     0+    0                         5311,6221     6237,7347            17,44%
*     0+    0                         5311,7150     6237,7347            17,43%
      0     0     5889,6771  1170     5311,7150    Cuts: 3323    85171   10,88%
      0     0     5649,1967   202     5311,7150    Cuts: 3112   156164    6,35%
*     0+    0                         5366,4050     5649,1967             5,27%
      0     0     5597,6173    46     5366,4050     Cuts: 635   165853    4,31%
*     0+    0                         5580,3050     5597,6173             0,31%

Implied bound cuts applied:  896
Flow cuts applied:  14463
Mixed integer rounding cuts applied:  2717
Flow path cuts applied:  183
Lift and project cuts applied:  2
Gomory fractional cuts applied:  393

Root node processing (before b&c):
  Real time             =  329,28 sec. (225310,04 ticks)
Parallel b&c, 8 threads:
  Real time             =    0,00 sec. (0,00 ticks)
  Sync time (average)   =    0,00 sec.
  Wait time (average)   =    0,00 sec.
                          ------------
Total (root+branch&cut) =  329,28 sec. (225310,04 ticks)

<<< solve


OBJECTIVE: 5580.305
avg_utility = 0.710776

<<< post process


<<< done

