
<<< setup


<<< generate

Found incumbent of value 0,000000 after 0,02 sec. (16,53 ticks)
Tried aggregator 8 times.
MIP Presolve eliminated 110573 rows and 322580 columns.
MIP Presolve modified 31594 coefficients.
Aggregator did 80143 substitutions.
Reduced MIP has 61229 rows, 129598 columns, and 402217 nonzeros.
Reduced MIP has 14225 binaries, 0 generals, 0 SOSs, and 0 indicators.
Presolve time = 8,65 sec. (8365,05 ticks)
Probing time = 0,03 sec. (5,58 ticks)
Tried aggregator 1 time.
Reduced MIP has 61229 rows, 129598 columns, and 402217 nonzeros.
Reduced MIP has 14225 binaries, 0 generals, 0 SOSs, and 0 indicators.
Presolve time = 0,28 sec. (217,08 ticks)
Probing time = 0,03 sec. (5,88 ticks)
MIP emphasis: balance optimality and feasibility.
MIP search method: dynamic search.
Parallel mode: deterministic, using up to 8 threads.
Root relaxation solution time = 1,71 sec. (1534,29 ticks)

        Nodes                                         Cuts/
   Node  Left     Objective  IInf  Best Integer    Best Bound    ItCnt     Gap

*     0+    0                            0,0000    32155,3632              --- 
      0     0     7863,0000  1538        0,0000     7863,0000     4907     --- 
*     0+    0                         4476,9949     7863,0000            75,63%
      0     0     7695,9786  1226     4476,9949    Cuts: 4613    45553   71,90%
      0     0     7586,2328  1207     4476,9949    Cuts: 3693    79919   69,45%
      0     0     7478,6132  1004     4476,9949    Cuts: 3672   116990   67,05%
*     0+    0                         6131,4518     7478,6132            21,97%
*     0+    0                         6224,2131     7478,6132            20,15%
*     0+    0                         6278,3212     7478,6132            19,12%
*     0+    0                         6282,0021     7478,6132            19,05%
*     0+    0                         6285,1250     7478,6132            18,99%
*     0+    0                         6285,2666     7478,6132            18,99%
*     0+    0                         6285,8954     7478,6132            18,97%
      0     0     7384,5001   945     6285,8954    Cuts: 3261   139984   17,48%
      0     0     7361,4471   795     6285,8954    Cuts: 2869   158849   17,11%
      0     0     7333,3969   417     6285,8954    Cuts: 3251   175499   16,66%
*     0+    0                         6968,4066     7333,3969             5,24%
*     0+    0                         6969,0493     7333,3969             5,23%
*     0+    0                         6970,5444     7333,3969             5,21%
      0     0     7321,2607   345     6970,5444    Cuts: 1703   186814    5,03%
      0     0     7311,6452   212     6970,5444    Cuts: 1271   210188    4,89%
      0     0     7309,8257   172     6970,5444     Cuts: 749   235953    4,87%
*     0+    0                         7226,5361     7309,8257             1,15%
*     0+    0                         7227,5647     7309,8257             1,14%
      0     0     7308,7421   142     7227,5647     Cuts: 566   250011    1,12%
      0     0     7307,8915   164     7227,5647     Cuts: 377   273965    1,11%
      0     0     7307,7271   122     7227,5647     Cuts: 448   289980    1,11%
*     0+    0                         7233,2970     7307,7271             1,03%
*     0+    0                         7258,6813     7307,7271             0,68%

Implied bound cuts applied:  446
Flow cuts applied:  17209
Mixed integer rounding cuts applied:  4946
Flow path cuts applied:  931
Lift and project cuts applied:  1
Gomory fractional cuts applied:  317

Root node processing (before b&c):
  Real time             =  512,62 sec. (384501,04 ticks)
Parallel b&c, 8 threads:
  Real time             =    0,00 sec. (0,00 ticks)
  Sync time (average)   =    0,00 sec.
  Wait time (average)   =    0,00 sec.
                          ------------
Total (root+branch&cut) =  512,62 sec. (384501,04 ticks)

<<< solve


OBJECTIVE: 7258.681
avg_utility = 0.923144

<<< post process


<<< done

