
<<< setup


<<< generate

Found incumbent of value 0,000000 after 0,01 sec. (7,43 ticks)
Tried aggregator 2 times.
MIP Presolve eliminated 236147 rows and 141847 columns.
MIP Presolve modified 7714 coefficients.
Aggregator did 7711 substitutions.
Reduced MIP has 20562 rows, 32123 columns, and 77096 nonzeros.
Reduced MIP has 6425 binaries, 0 generals, 0 SOSs, and 0 indicators.
Presolve time = 0,25 sec. (227,68 ticks)
Probing time = 0,01 sec. (1,62 ticks)
Tried aggregator 1 time.
Reduced MIP has 20562 rows, 32123 columns, and 77096 nonzeros.
Reduced MIP has 6425 binaries, 0 generals, 0 SOSs, and 0 indicators.
Presolve time = 0,07 sec. (43,12 ticks)
Probing time = 0,02 sec. (1,62 ticks)
MIP emphasis: balance optimality and feasibility.
MIP search method: dynamic search.
Parallel mode: deterministic, using up to 24 threads.
Root relaxation solution time = 0,11 sec. (85,51 ticks)

        Nodes                                         Cuts/
   Node  Left     Objective  IInf  Best Integer    Best Bound    ItCnt     Gap

*     0+    0                            0,0000     9798,0000              --- 
      0     0     3266,0000  1197        0,0000     3266,0000     1285     --- 
*     0+    0                         1986,9680     3266,0000            64,37%
      0     0     3042,3304  1074     1986,9680    Cuts: 2594     3541   53,11%
      0     0     2796,2520  1049     1986,9680    Cuts: 2345     4977   40,73%
*     0+    0                         1996,7000     2796,2520            40,04%
      0     0     2570,2361  1069     1996,7000    Cuts: 2098     6830   28,72%
      0     0     2376,3680   476     1996,7000    Cuts: 2139     9208   19,01%
*     0+    0                         2040,4500     2376,3680            16,46%
      0     0     2258,0068   503     2040,4500     Cuts: 951    10594   10,66%
      0     0     2230,8243   590     2040,4500    Cuts: 1007    11137    9,33%
*     0+    0                         2046,1429     2230,8243             9,03%
      0     0     2171,8465   209     2046,1429    Cuts: 1181    12244    6,14%
      0     0     2134,2091    28     2046,1429     Cuts: 421    12743    4,30%
*     0+    0                         2089,9500     2134,2091             2,12%
*     0     0      integral     0     2126,0000      Cuts: 78    13080    0,00%
      0     0        cutoff           2126,0000     2126,0000    13080    0,00%
Elapsed time = 12,29 sec. (16225,64 ticks, tree = 0,00 MB, solutions = 7)

Implied bound cuts applied:  26
Flow cuts applied:  9707
Mixed integer rounding cuts applied:  2675
Gomory fractional cuts applied:  398

Root node processing (before b&c):
  Real time             =   12,32 sec. (16238,66 ticks)
Parallel b&c, 24 threads:
  Real time             =    0,00 sec. (0,00 ticks)
  Sync time (average)   =    0,00 sec.
  Wait time (average)   =    0,00 sec.
                          ------------
Total (root+branch&cut) =   12,32 sec. (16238,66 ticks)

<<< solve


OBJECTIVE: 2126
avg_utility = 0.650949

<<< post process


<<< done

