
<<< setup


<<< generate

Tried aggregator 2 times.
MIP Presolve eliminated 139580 rows and 117033 columns.
MIP Presolve modified 459 coefficients.
Aggregator did 17455 substitutions.
Reduced MIP has 1003 rows, 1547 columns, and 3367 nonzeros.
Reduced MIP has 493 binaries, 144 generals, 0 SOSs, and 0 indicators.
Presolve time = 0,54 sec. (190,66 ticks)
Found incumbent of value 0,000000 after 0,58 sec. (201,16 ticks)
Probing time = 0,00 sec. (0,63 ticks)
Tried aggregator 1 time.
Reduced MIP has 1003 rows, 1547 columns, and 3367 nonzeros.
Reduced MIP has 493 binaries, 144 generals, 0 SOSs, and 0 indicators.
Presolve time = 0,01 sec. (3,60 ticks)
Probing time = 0,00 sec. (0,63 ticks)
Clique table members: 67.
MIP emphasis: balance optimality and feasibility.
MIP search method: dynamic search.
Parallel mode: deterministic, using up to 8 threads.
Root relaxation solution time = 0,03 sec. (3,25 ticks)

        Nodes                                         Cuts/
   Node  Left     Objective  IInf  Best Integer    Best Bound    ItCnt     Gap

*     0+    0                            0,0000      584,2460              --- 
*     0     0      integral     0      163,0000      163,0000      152    0,00%
Elapsed time = 0,64 sec. (218,10 ticks, tree = 0,00 MB, solutions = 2)

Root node processing (before b&c):
  Real time             =    0,65 sec. (222,93 ticks)
Parallel b&c, 8 threads:
  Real time             =    0,00 sec. (0,00 ticks)
  Sync time (average)   =    0,00 sec.
  Wait time (average)   =    0,00 sec.
                          ------------
Total (root+branch&cut) =    0,65 sec. (222,93 ticks)

<<< solve


OBJECTIVE: 163

<<< post process


<<< done

