
<<< setup


<<< generate

Found incumbent of value 0,000000 after 0,00 sec. (0,76 ticks)
Tried aggregator 2 times.
MIP Presolve eliminated 18506 rows and 13513 columns.
MIP Presolve modified 1256 coefficients.
Aggregator did 1878 substitutions.
Reduced MIP has 1880 rows, 3756 columns, and 6886 nonzeros.
Reduced MIP has 1409 binaries, 1095 generals, 0 SOSs, and 0 indicators.
Presolve time = 0,02 sec. (21,71 ticks)
Probing time = 0,00 sec. (1,81 ticks)
Tried aggregator 1 time.
Reduced MIP has 1880 rows, 3756 columns, and 6886 nonzeros.
Reduced MIP has 1409 binaries, 1095 generals, 0 SOSs, and 0 indicators.
Presolve time = 0,00 sec. (4,39 ticks)
Probing time = 0,00 sec. (1,81 ticks)
Clique table members: 261.
MIP emphasis: balance optimality and feasibility.
MIP search method: dynamic search.
Parallel mode: deterministic, using up to 8 threads.
Root relaxation solution time = 0,01 sec. (16,02 ticks)

        Nodes                                         Cuts/
   Node  Left     Objective  IInf  Best Integer    Best Bound    ItCnt     Gap

*     0+    0                            0,0000     5077,1048              --- 
*     0+    0                          140,0000     5077,1048              --- 
      0     0     2207,2516     2      140,0000     2207,2516      901     --- 
      0     0     2207,2516     4      140,0000    MIRcuts: 1      902     --- 
      0     0     2207,2516     4      140,0000    MIRcuts: 1      903     --- 
*     0+    0                         2206,2930     2207,2516             0,04%
*     0+    0                         2206,9618     2207,2516             0,01%

Mixed integer rounding cuts applied:  1

Root node processing (before b&c):
  Real time             =    0,16 sec. (145,24 ticks)
Parallel b&c, 8 threads:
  Real time             =    0,00 sec. (0,00 ticks)
  Sync time (average)   =    0,00 sec.
  Wait time (average)   =    0,00 sec.
                          ------------
Total (root+branch&cut) =    0,16 sec. (145,24 ticks)

<<< solve


OBJECTIVE: 2206.962
avg_utility = 0.675738

<<< post process


<<< done

