
<<< setup


<<< generate

Found incumbent of value 0,000000 after 0,02 sec. (24,46 ticks)
Tried aggregator 2 times.
MIP Presolve eliminated 530433 rows and 695051 columns.
MIP Presolve modified 2933 coefficients.
Aggregator did 21284 substitutions.
Reduced MIP has 6783 rows, 14490 columns, and 30944 nonzeros.
Reduced MIP has 6984 binaries, 1710 generals, 0 SOSs, and 0 indicators.
Presolve time = 0,68 sec. (635,83 ticks)
Probing time = 0,01 sec. (6,11 ticks)
Tried aggregator 1 time.
Reduced MIP has 6783 rows, 14490 columns, and 30944 nonzeros.
Reduced MIP has 6984 binaries, 1710 generals, 0 SOSs, and 0 indicators.
Presolve time = 0,03 sec. (29,83 ticks)
Probing time = 0,01 sec. (6,11 ticks)
Clique table members: 1577.
MIP emphasis: balance optimality and feasibility.
MIP search method: dynamic search.
Parallel mode: deterministic, using up to 8 threads.
Root relaxation solution time = 0,03 sec. (36,51 ticks)

        Nodes                                         Cuts/
   Node  Left     Objective  IInf  Best Integer    Best Bound    ItCnt     Gap

*     0+    0                            0,0000     7236,0000              --- 
*     0+    0                          302,8000     7236,0000              --- 
      0     0      983,4500    34      302,8000      983,4500     1095  224,79%
*     0+    0                          528,8000      983,4500            85,98%
      0     0      970,8417    25      528,8000      Cuts: 30     1191   83,59%
      0     0      968,4000     1      528,8000      Cuts: 12     1231   83,13%
*     0     0      integral     0      968,4000       Cuts: 6     1240    0,00%
      0     0        cutoff            968,4000      968,4000     1240    0,00%
Elapsed time = 1,00 sec. (951,40 ticks, tree = 0,00 MB, solutions = 4)

Clique cuts applied:  5
Cover cuts applied:  10
Implied bound cuts applied:  2
Mixed integer rounding cuts applied:  1
Zero-half cuts applied:  9
Gomory fractional cuts applied:  11

Root node processing (before b&c):
  Real time             =    1,03 sec. (987,84 ticks)
Parallel b&c, 8 threads:
  Real time             =    0,00 sec. (0,00 ticks)
  Sync time (average)   =    0,00 sec.
  Wait time (average)   =    0,00 sec.
                          ------------
Total (root+branch&cut) =    1,03 sec. (987,84 ticks)

<<< solve


OBJECTIVE: 968.4
avg_utility = 0.401493

<<< post process


<<< done

