
<<< setup


<<< generate

Presolve has eliminated 75147 rows and 98587 columns...
Tried aggregator 4 times.
MIP Presolve eliminated 203187 rows and 224667 columns.
MIP Presolve modified 13459 coefficients.
Aggregator did 38000 substitutions.
Reduced MIP has 33849 rows, 62352 columns, and 162752 nonzeros.
Reduced MIP has 14432 binaries, 0 generals, 0 SOSs, and 0 indicators.
Presolve time = 4,44 sec. (12998,12 ticks)
Found incumbent of value 0,000000 after 4,94 sec. (13504,05 ticks)
Probing time = 0,39 sec. (165,37 ticks)
Tried aggregator 5 times.
MIP Presolve eliminated 6280 rows and 8560 columns.
MIP Presolve modified 6560 coefficients.
Aggregator did 13120 substitutions.
Reduced MIP has 14449 rows, 40672 columns, and 106272 nonzeros.
Reduced MIP has 14432 binaries, 0 generals, 0 SOSs, and 0 indicators.
Presolve time = 0,77 sec. (810,31 ticks)
Probing time = 0,02 sec. (10,98 ticks)
Clique table members: 1316.
MIP emphasis: balance optimality and feasibility.
MIP search method: dynamic search.
Parallel mode: deterministic, using up to 24 threads.
Root relaxation solution time = 0,57 sec. (519,51 ticks)

        Nodes                                         Cuts/
   Node  Left     Objective  IInf  Best Integer    Best Bound    ItCnt     Gap

*     0+    0                            0,0000     8396,8000       20     --- 
      0     0     1588,0500    38        0,0000     1588,0500       20     --- 
*     0+    0                         1577,0000     1588,0500       20    0,70%
      0     2     1588,0500     2     1577,0000     1588,0500       20    0,70%
Elapsed time = 13,14 sec. (21797,31 ticks, tree = 0,01 MB, solutions = 2)
      2     4     1585,4222    32     1577,0000     1588,0500     5831    0,70%
*     4+    4                         1585,9000     1588,0500    10072    0,14%
      4     4     1584,0000    28     1585,9000     1588,0500    10072    0,14%
*     5+    3                         1586,6000     1588,0500    10097    0,09%
      9     7     1588,0500     7     1586,6000     1588,0500    10300    0,09%
     14    12     1588,0500    38     1586,6000     1588,0500    13928    0,09%
     20    16     1588,0500    34     1586,6000     1588,0500    23131    0,09%
*    23+   13                         1587,0000     1588,0500    32896    0,07%
*    23+   13                         1587,3000     1588,0500    32896    0,05%
     27    19     1588,0500    38     1587,3000     1588,0500    34557    0,05%
     32    24     1588,0500    38     1587,3000     1588,0500    41521    0,05%
*    35+   25                         1588,0000     1588,0500    46618    0,00%
     35    26     1588,0500    38     1588,0000     1588,0500    48202    0,00%

Implied bound cuts applied:  181

Root node processing (before b&c):
  Real time             =    6,32 sec. (6011,82 ticks)
Parallel b&c, 24 threads:
  Real time             =    5,29 sec. (3892,88 ticks)
  Sync time (average)   =    0,02 sec.
  Wait time (average)   =    0,00 sec.
                          ------------
Total (root+branch&cut) =   11,61 sec. (9904,70 ticks)

<<< solve


OBJECTIVE: 1588

<<< post process


<<< done

