
<<< setup


<<< generate

Tried aggregator 2 times.
MIP Presolve eliminated 248283 rows and 146911 columns.
MIP Presolve modified 10349 coefficients.
Aggregator did 10350 substitutions.
Reduced MIP has 1036 rows, 6210 columns, and 11385 nonzeros.
Reduced MIP has 4746 binaries, 1464 generals, 0 SOSs, and 0 indicators.
Presolve time = 0,14 sec. (158,44 ticks)
Found incumbent of value 0,000000 after 0,16 sec. (171,76 ticks)
Probing time = 0,00 sec. (1,71 ticks)
Tried aggregator 1 time.
Presolve time = 0,01 sec. (9,48 ticks)
Probing time = 0,00 sec. (1,71 ticks)
Clique table members: 791.
MIP emphasis: balance optimality and feasibility.
MIP search method: dynamic search.
Parallel mode: deterministic, using up to 24 threads.
Root relaxation solution time = 0,02 sec. (5,96 ticks)

        Nodes                                         Cuts/
   Node  Left     Objective  IInf  Best Integer    Best Bound    ItCnt     Gap

*     0+    0                            0,0000    10366,6109        1     --- 
*     0+    0                          261,8112    10366,6109        1     --- 
      0     0     1092,2753     2      261,8112     1092,2753        1  317,20%
*     0+    0                         1092,0524     1092,2753        1    0,02%

Repeating presolve.
Tried aggregator 2 times.
MIP Presolve eliminated 1 rows and 5175 columns.
MIP Presolve modified 2 coefficients.
Aggregator did 1035 substitutions.
All rows and columns eliminated.
Presolve time = 0,01 sec. (7,06 ticks)
Represolve time = 0,02 sec. (14,68 ticks)

<<< solve


OBJECTIVE: 1092.052
avg_utility = 0.4457356816326522

<<< post process


<<< done

