
<<< setup


<<< generate

Found incumbent of value 0,000000 after 0,01 sec. (6,83 ticks)
Tried aggregator 2 times.
MIP Presolve eliminated 237308 rows and 135268 columns.
MIP Presolve modified 5392 coefficients.
Aggregator did 5389 substitutions.
Reduced MIP has 14370 rows, 22448 columns, and 53876 nonzeros.
Reduced MIP has 4490 binaries, 0 generals, 0 SOSs, and 0 indicators.
Presolve time = 0,20 sec. (199,72 ticks)
Probing time = 0,01 sec. (1,13 ticks)
Tried aggregator 1 time.
Reduced MIP has 14370 rows, 22448 columns, and 53876 nonzeros.
Reduced MIP has 4490 binaries, 0 generals, 0 SOSs, and 0 indicators.
Presolve time = 0,05 sec. (31,10 ticks)
Probing time = 0,02 sec. (1,13 ticks)
MIP emphasis: balance optimality and feasibility.
MIP search method: dynamic search.
Parallel mode: deterministic, using up to 24 threads.
Root relaxation solution time = 0,08 sec. (59,51 ticks)

        Nodes                                         Cuts/
   Node  Left     Objective  IInf  Best Integer    Best Bound    ItCnt     Gap

*     0+    0                            0,0000     8755,6145              --- 
      0     0     2041,0000   805        0,0000     2041,0000      898     --- 
*     0+    0                         1774,1038     2041,0000            15,04%
      0     0     2007,5292   668     1774,1038    Cuts: 1810     2303   13,16%
      0     0     1969,2930   662     1774,1038    Cuts: 1523     3670   11,00%
      0     0     1927,2031   604     1774,1038    Cuts: 1325     4962    8,63%
*     0+    0                         1799,0907     1927,2031             7,12%
      0     0     1886,1895   587     1799,0907    Cuts: 1208     5715    4,84%
      0     0     1852,5668    91     1799,0907    Cuts: 1176     7219    2,97%
      0     0     1843,2117    56     1799,0907     Cuts: 183     7425    2,45%
      0     0     1838,2109     6     1799,0907     Cuts: 114     7701    2,17%
      0     0     1838,0871     2     1799,0907      Cuts: 14     7720    2,17%
      0     0     1838,0871     2     1799,0907       Cuts: 2     7721    2,17%
*     0+    0                         1838,0342     1838,0871             0,00%

Cover cuts applied:  1
Implied bound cuts applied:  5
Flow cuts applied:  5253
Mixed integer rounding cuts applied:  1703
Gomory fractional cuts applied:  388

Root node processing (before b&c):
  Real time             =    5,93 sec. (6696,30 ticks)
Parallel b&c, 24 threads:
  Real time             =    0,00 sec. (0,00 ticks)
  Sync time (average)   =    0,00 sec.
  Wait time (average)   =    0,00 sec.
                          ------------
Total (root+branch&cut) =    5,93 sec. (6696,30 ticks)

<<< solve


OBJECTIVE: 1838.034
avg_utility = 0.900556

<<< post process


<<< done

