
<<< setup


<<< generate

Found incumbent of value 0.000000 after 0.05 sec. (18.88 ticks)
Tried aggregator 8 times.
MIP Presolve eliminated 338626 rows and 304445 columns.
MIP Presolve modified 19898 coefficients.
Aggregator did 99930 substitutions.
Reduced MIP has 62994 rows, 126746 columns, and 393978 nonzeros.
Reduced MIP has 2953 binaries, 0 generals, 0 SOSs, and 0 indicators.
Presolve time = 22.47 sec. (9392.99 ticks)
Probing time = 0.07 sec. (5.20 ticks)
Tried aggregator 1 time.
Reduced MIP has 62994 rows, 126746 columns, and 393978 nonzeros.
Reduced MIP has 2953 binaries, 0 generals, 0 SOSs, and 0 indicators.
Presolve time = 0.63 sec. (191.01 ticks)
Probing time = 0.09 sec. (5.40 ticks)
MIP emphasis: balance optimality and feasibility.
MIP search method: dynamic search.
Parallel mode: deterministic, using up to 8 threads.
Root relaxation solution time = 9.02 sec. (1860.63 ticks)

        Nodes                                         Cuts/
   Node  Left     Objective  IInf  Best Integer    Best Bound    ItCnt     Gap

*     0+    0                            0.0000    26883.6000              --- 
      0     0     6695.5000  1296        0.0000     6695.5000    19914     --- 
      0     0     6309.3030  1024        0.0000    Cuts: 4242    47629     --- 
      0     0     5942.1249  1079        0.0000    Cuts: 5806    76469     --- 
      0     0     5619.0140  1227        0.0000    Cuts: 6803    87985     --- 
*     0+    0                         3566.9450     5619.0140            57.53%
*     0+    0                         4283.9589     5619.0140            31.16%
*     0+    0                         4284.9589     5619.0140            31.13%
      0     0     5323.3629  1167     4284.9589    Cuts: 7993   126854   24.23%
*     0+    0                         4329.9250     5323.3629            22.94%
      0     0     5113.7425   615     4329.9250    Cuts: 8726   162877   18.10%
*     0+    0                         4330.1750     5113.7425            18.10%
      0     0     5077.9203   556     4330.1750    Cuts: 3139   170960   17.27%
*     0+    0                         4560.8095     5077.9203            11.34%
*     0+    0                         4587.6595     5077.9203            10.69%
*     0+    0                         4588.2829     5077.9203            10.67%
*     0+    0                         4588.5810     5077.9203            10.66%
      0     0     5061.5701   587     4588.5810    Cuts: 2484   191693   10.31%
      0     0     5050.0482   627     4588.5810    Cuts: 2606   199680   10.06%
      0     0     5036.7936   613     4588.5810    Cuts: 2340   209468    9.77%
*     0+    0                         4616.7917     5036.7936             9.10%
*     0+    0                         4619.0807     5036.7936             9.04%
*     0+    0                         4619.9917     5036.7936             9.02%
      0     0     5028.9739   626     4619.9917    Cuts: 2633   226948    8.85%
      0     0     5019.8254   536     4619.9917    Cuts: 1820   245803    8.65%
      0     0     5009.7841   440     4619.9917    Cuts: 1405   252254    8.44%
*     0+    0                         4630.9740     5009.7841             8.18%
*     0+    0                         4633.6482     5009.7841             8.12%
      0     0     5002.8863   425     4633.6482     Cuts: 937   256890    7.97%
      0     0     4997.0712   352     4633.6482     Cuts: 933   269005    7.84%
      0     0     4994.5477   368     4633.6482     Cuts: 758   270759    7.79%
*     0+    0                         4638.9853     4994.5477             7.66%
      0     0     4992.8384   372     4638.9853    Cuts: 1390   317427    7.63%
      0     0     4991.3613   392     4638.9853     Cuts: 800   331801    7.60%
      0     0     4989.1770   365     4638.9853    Cuts: 1706   342670    7.55%
*     0+    0                         4642.6040     4989.1770             7.47%
      0     0     4987.6403   299     4642.6040     Cuts: 645   345227    7.43%
*     0+    0                         4660.0083     4987.6403             7.03%
      0     0     4985.0211   308     4660.0083     Cuts: 426   373831    6.97%
      0     0     4983.6735   273     4660.0083     Cuts: 616   388853    6.95%
*     0+    0                         4660.9119     4983.6735             6.92%
*     0+    0                         4661.5500     4983.6735             6.91%
      0     0     4983.1318   286     4661.5500     Cuts: 563   391619    6.90%
      0     0     4982.8195   283     4661.5500     Cuts: 376   420496    6.89%
Heuristic still looking.
Heuristic still looking.
*     0+    0                         4661.8583     4982.8195             6.88%
      0     2     4982.8195   283     4661.8583     4982.8195   420496    6.88%
Elapsed time = 3128.24 sec. (905010.76 ticks, tree = 0.00 MB, solutions = 21)
      1     3     4937.2858   282     4661.8583     4982.8195   421511    6.88%
      4     6     4914.2390   287     4661.8583     4977.5195   422141    6.77%
      9    11     4876.5984   303     4661.8583     4977.5195   429004    6.77%
     10    12     4964.2132   271     4661.8583     4969.1022   431045    6.59%
     13    15     4915.7412   273     4661.8583     4969.1022   435717    6.59%
*    14+   14                         4661.8917     4969.1022             6.59%
     14    16     4872.0250   293     4661.8917     4969.1022   443671    6.59%
     23    25     4961.2945   278     4661.8917     4969.1022   461628    6.59%
     25    27     4906.2492   273     4661.8917     4969.1022   462779    6.59%
     29    31     4883.8575   301     4661.8917     4969.1022   469685    6.59%
     72    74     4928.5825   269     4661.8917     4969.1022   491205    6.59%
Elapsed time = 3694.80 sec. (1028534.70 ticks, tree = 0.00 MB, solutions = 22)
     75    77     4849.2322   285     4661.8917     4969.1022   492363    6.59%
     91    93     4861.3687   278     4661.8917     4969.1022   502588    6.59%
     99   101     4866.7135   283     4661.8917     4969.1022   505308    6.59%
    112   114     4906.4542   279     4661.8917     4969.1022   520758    6.59%
    178   176     4914.0076   278     4661.8917     4969.1022   562871    6.59%
    186   183     4912.8397   279     4661.8917     4969.1022   574678    6.59%
    194   191     4900.9914   274     4661.8917     4969.1022   589339    6.59%
    311   302     4899.3746   272     4661.8917     4969.1022   653269    6.59%
    390   373     4893.2643   272     4661.8917     4969.1022   719498    6.59%
    397   380     4746.7865   248     4661.8917     4969.1022   758753    6.59%
Elapsed time = 5134.79 sec. (1204070.60 ticks, tree = 127.53 MB, solutions = 22)
    401   384     4797.3452   260     4661.8917     4969.1022   783418    6.59%
    426   409     4760.4192   241     4661.8917     4969.1022   826225    6.59%
    458   439     4699.2901   236     4661.8917     4969.1022   853075    6.59%
    480   457     4871.1280   269     4661.8917     4955.8443   870691    6.31%
    488   465     4871.4437   268     4661.8917     4955.8443   894966    6.31%
    490   467     4701.8412   235     4661.8917     4955.8443   898837    6.31%
    552   525     4821.1251   263     4661.8917     4955.8443  1028559    6.31%
    555   528     4756.0367   247     4661.8917     4955.8443  1061818    6.31%
    560   533     4809.0250   262     4661.8917     4955.8443  1095009    6.31%
    564   537     4727.2937   240     4661.8917     4955.8443  1108390    6.31%
Elapsed time = 6343.41 sec. (1312503.96 ticks, tree = 217.41 MB, solutions = 22)
    570   543     4743.6866   246     4661.8917     4955.8443  1116350    6.31%
    715   661     4814.1205   264     4661.8917     4955.8443  1206728    6.31%
    723   667     4808.8072   261     4661.8917     4955.8443  1227766    6.31%
    731   671     4802.6560   261     4661.8917     4955.8443  1243847    6.31%
    770   710     4691.8493   229     4661.8917     4955.8443  1298081    6.31%
    776   716     4690.8335   245     4661.8917     4955.8443  1330965    6.31%
    902   841     4794.5266   260     4661.8917     4955.8443  1401641    6.31%
    905   842     4716.6483   243     4661.8917     4955.8443  1416007    6.31%
    914   846     4677.9094   232     4661.8917     4955.8443  1442193    6.31%
    930   860     4677.3697   231     4661.8917     4955.8443  1462610    6.31%
Elapsed time = 7658.06 sec. (1446901.86 ticks, tree = 416.08 MB, solutions = 22)
    934   864     4764.6173   252     4661.8917     4955.8443  1476049    6.31%
    942   870     4756.1829   250     4661.8917     4955.8443  1482695    6.31%
    950   874     4749.7171   251     4661.8917     4955.8443  1505293    6.31%
    980   898     4914.2311   276     4661.8917     4955.8443  1565306    6.31%
   1159  1062     4748.2582   250     4661.8917     4950.1419  1646157    6.18%
   1163  1066     4874.9832   286     4661.8917     4950.1419  1671643    6.18%
   1171  1074     4864.5832   283     4661.8917     4950.1419  1709463    6.18%
   1182  1085     4878.4807   268     4661.8917     4950.1419  1757736    6.18%
   1186  1089     4897.6326   268     4661.8917     4950.1419  1770764    6.18%
   1187  1090     4846.6982   281     4661.8917     4950.1419  1776831    6.18%
Elapsed time = 8667.94 sec. (1540342.82 ticks, tree = 631.12 MB, solutions = 22)
   1190  1093     4849.0954   260     4661.8917     4950.1419  1793088    6.18%
   1208  1111     4880.9144   267     4661.8917     4950.1419  1859353    6.18%
   1277  1180     4717.3994   237     4661.8917     4950.1419  1925890    6.18%
   1285  1188     4710.3232   237     4661.8917     4950.1419  1957149    6.18%
   1286  1189     4733.3050   260     4661.8917     4950.1419  1957445    6.18%
   1297  1200     4821.0391   277     4661.8917     4950.1419  2002967    6.18%
   1299  1202     4695.9939   269     4661.8917     4950.1419  2023719    6.18%
   1307  1210     4695.6539   268     4661.8917     4950.1419  2028662    6.18%
   1309  1212     4704.8220   237     4661.8917     4950.1419  2042013    6.18%
   1321  1220     4806.3039   277     4661.8917     4950.1419  2089239    6.18%
Elapsed time = 9997.57 sec. (1652266.28 ticks, tree = 667.46 MB, solutions = 22)
   1323  1222     4691.7778   264     4661.8917     4950.1419  2099322    6.18%
   1325  1224     4690.8036   236     4661.8917     4950.1419  2114346    6.18%
   1337  1236     4686.6185   259     4661.8917     4950.1419  2172989    6.18%
   1382  1279     4694.5982   258     4661.8917     4950.1419  2244197    6.18%
   1390  1287     4694.1488   263     4661.8917     4950.1419  2292290    6.18%
   1398  1295     4693.8516   265     4661.8917     4950.1419  2380700    6.18%
   1406  1303     4693.8338   264     4661.8917     4950.1419  2461946    6.18%
   1414  1311     4693.6621   263     4661.8917     4950.1419  2512294    6.18%
   1422  1319     4692.8056   264     4661.8917     4950.1419  2565881    6.18%
   1430  1327     4692.3560   265     4661.8917     4950.1419  2602934    6.18%
Elapsed time = 11676.59 sec. (1785412.50 ticks, tree = 758.14 MB, solutions = 22)
   1473  1367     4814.8532   277     4661.8917     4950.1419  2796402    6.18%
   1481  1375     4829.3236   272     4661.8917     4950.1419  2857721    6.18%
   1489  1383     4823.6759   273     4661.8917     4950.1419  2901870    6.18%
   1491  1385     4735.4607   268     4661.8917     4950.1419  2905465    6.18%
   1497  1391     4817.9486   272     4661.8917     4950.1419  2918333    6.18%
   1499  1393     4731.5805   265     4661.8917     4950.1419  2941659    6.18%
   1507  1401     4730.2166   265     4661.8917     4950.1419  2979349    6.18%
   1515  1409     4729.1656   265     4661.8917     4950.1419  2995521    6.18%
   1529  1423     4773.0736   262     4661.8917     4950.1419  3037042    6.18%
   1530  1424     4689.5400   257     4661.8917     4950.1419  3092200    6.18%
Elapsed time = 13233.12 sec. (1929481.30 ticks, tree = 765.53 MB, solutions = 22)
   1654  1548     4847.0252   268     4661.8917     4950.1419  3356979    6.18%
   1655  1549     4761.7517   260     4661.8917     4950.1419  3361986    6.18%
   1656  1550     4689.1804   258     4661.8917     4950.1419  3373515    6.18%
   1664  1558     4688.6304   257     4661.8917     4950.1419  3409809    6.18%
   1669  1563     4674.9120   263     4661.8917     4950.1419  3436216    6.18%
   1680  1574     4688.2304   254     4661.8917     4950.1419  3500035    6.18%
   1685  1579     4674.4613   269     4661.8917     4950.1419  3517987    6.18%
   1688  1582     4687.3869   257     4661.8917     4950.1419  3533413    6.18%
   1696  1588     4687.3287   257     4661.8917     4950.1419  3544625    6.18%
