
<<< setup


<<< generate

Found incumbent of value 0,000000 after 0,05 sec. (16,99 ticks)
Tried aggregator 4 times.
MIP Presolve eliminated 179401 rows and 391155 columns.
MIP Presolve modified 5038 coefficients.
Aggregator did 108574 substitutions.
Reduced MIP has 13776 rows, 32112 columns, and 102811 nonzeros.
Reduced MIP has 2824 binaries, 0 generals, 0 SOSs, and 0 indicators.
Presolve time = 9,33 sec. (3633,95 ticks)
Probing time = 0,03 sec. (1,32 ticks)
Tried aggregator 1 time.
Reduced MIP has 13776 rows, 32112 columns, and 102811 nonzeros.
Reduced MIP has 2824 binaries, 0 generals, 0 SOSs, and 0 indicators.
Presolve time = 0,11 sec. (48,09 ticks)
Probing time = 0,03 sec. (1,38 ticks)
MIP emphasis: balance optimality and feasibility.
MIP search method: dynamic search.
Parallel mode: deterministic, using up to 8 threads.
Root relaxation solution time = 0,41 sec. (196,99 ticks)

        Nodes                                         Cuts/
   Node  Left     Objective  IInf  Best Integer    Best Bound    ItCnt     Gap

*     0+    0                         1255,0000    20562,0000              --- 
      0     0     7845,0000  1533     1255,0000     7845,0000     3854  525,10%
*     0+    0                         5437,5812     7845,0000            44,27%
      0     0     6163,7592    51     5437,5812    Cuts: 3544    18969   13,35%
      0     0     5773,9444     2     5437,5812     Cuts: 440    27293    6,19%
*     0     0      integral     0     5774,0200     Cuts: 242    28203   -0,00%
      0     0        cutoff           5774,0200     5773,9444    28203   -0,00%
Elapsed time = 26,08 sec. (15817,77 ticks, tree = 0,00 MB, solutions = 3)

Implied bound cuts applied:  168
Flow cuts applied:  2445
Mixed integer rounding cuts applied:  836
Flow path cuts applied:  459
Gomory fractional cuts applied:  220

Root node processing (before b&c):
  Real time             =   26,15 sec. (15844,02 ticks)
Parallel b&c, 8 threads:
  Real time             =    0,00 sec. (0,00 ticks)
  Sync time (average)   =    0,00 sec.
  Wait time (average)   =    0,00 sec.
                          ------------
Total (root+branch&cut) =   26,15 sec. (15844,02 ticks)

<<< solve


OBJECTIVE: 5774.02
avg_utility = 0.736013

<<< post process


<<< done

