
<<< setup


<<< generate

Found incumbent of value 0,000000 after 0,14 sec. (48,71 ticks)
Tried aggregator 5 times.
MIP Presolve eliminated 1714447 rows and 998220 columns.
Aggregator did 116267 substitutions.
Reduced MIP has 30517 rows, 62954 columns, and 192832 nonzeros.
Reduced MIP has 7433 binaries, 3187 generals, 0 SOSs, and 0 indicators.
Presolve time = 13,49 sec. (5390,61 ticks)
Probing time = 1,97 sec. (59,35 ticks)
Tried aggregator 1 time.
Reduced MIP has 30517 rows, 62954 columns, and 192832 nonzeros.
Reduced MIP has 7433 binaries, 3187 generals, 0 SOSs, and 0 indicators.
Presolve time = 0,35 sec. (112,09 ticks)
Probing time = 0,77 sec. (57,91 ticks)
Clique table members: 1416.
MIP emphasis: balance optimality and feasibility.
MIP search method: dynamic search.
Parallel mode: deterministic, using up to 8 threads.
Root relaxation solution time = 1,49 sec. (418,26 ticks)

        Nodes                                         Cuts/
   Node  Left     Objective  IInf  Best Integer    Best Bound    ItCnt     Gap

*     0+    0                            0,0000    23598,3564              --- 
      0     0     5436,7154     4        0,0000     5436,7154     3794     --- 
*     0+    0                         5436,3901     5436,7154             0,01%
*     0+    0                         5436,5776     5436,7154             0,00%

Root node processing (before b&c):
  Real time             =   20,16 sec. (6663,28 ticks)
Parallel b&c, 8 threads:
  Real time             =    0,00 sec. (0,00 ticks)
  Sync time (average)   =    0,00 sec.
  Wait time (average)   =    0,00 sec.
                          ------------
Total (root+branch&cut) =   20,16 sec. (6663,28 ticks)

<<< solve


OBJECTIVE: 5436.578
avg_utility = 0.804346

<<< post process


<<< done

