
<<< setup


<<< generate

Tried aggregator 2 times.
MIP Presolve eliminated 154649 rows and 151107 columns.
MIP Presolve modified 1 coefficients.
Aggregator did 3080 substitutions.
Reduced MIP has 309 rows, 1848 columns, and 3388 nonzeros.
Reduced MIP has 1278 binaries, 570 generals, 0 SOSs, and 0 indicators.
Presolve time = 0,89 sec. (2941,04 ticks)
Found incumbent of value 0,000000 after 0,91 sec. (2949,31 ticks)
Probing time = 0,00 sec. (0,54 ticks)
Tried aggregator 1 time.
Presolve time = 0,00 sec. (2,88 ticks)
Probing time = 0,00 sec. (0,54 ticks)
Clique table members: 213.
MIP emphasis: balance optimality and feasibility.
MIP search method: dynamic search.
Parallel mode: deterministic, using up to 24 threads.
Root relaxation solution time = 0,00 sec. (5,37 ticks)

        Nodes                                         Cuts/
   Node  Left     Objective  IInf  Best Integer    Best Bound    ItCnt     Gap

*     0+    0                            0,0000     3500,5298      345     --- 
*     0+    0                          425,5549     3500,5298      345  722,58%
*     0     0      integral     0      623,2553      623,2553      345    0,00%
Elapsed time = 0,95 sec. (2972,21 ticks, tree = 0,00 MB, solutions = 3)

Root node processing (before b&c):
  Real time             =    0,03 sec. (18,38 ticks)
Parallel b&c, 24 threads:
  Real time             =    0,00 sec. (0,00 ticks)
  Sync time (average)   =    0,00 sec.
  Wait time (average)   =    0,00 sec.
                          ------------
Total (root+branch&cut) =    0,03 sec. (18,38 ticks)

<<< solve


OBJECTIVE: 623.2553
avg_utility = 0.7637933124999967

<<< post process


<<< done

