
<<< setup


<<< generate

Found incumbent of value 0,000000 after 0,02 sec. (15,61 ticks)
Aggregator has done 72035 substitutions...
Tried aggregator 12 times.
MIP Presolve eliminated 65963 rows and 232490 columns.
MIP Presolve modified 44580 coefficients.
Aggregator did 72035 substitutions.
Reduced MIP has 81010 rows, 200148 columns, and 560871 nonzeros.
Reduced MIP has 32334 binaries, 6588 generals, 0 SOSs, and 0 indicators.
Presolve time = 10,51 sec. (10082,59 ticks)
Probing time = 0,06 sec. (9,85 ticks)
Tried aggregator 1 time.
Reduced MIP has 81010 rows, 200148 columns, and 560871 nonzeros.
Reduced MIP has 32334 binaries, 6588 generals, 0 SOSs, and 0 indicators.
Presolve time = 0,38 sec. (246,00 ticks)
Probing time = 0,06 sec. (10,51 ticks)
Clique table members: 1649.
MIP emphasis: balance optimality and feasibility.
MIP search method: dynamic search.
Parallel mode: deterministic, using up to 8 threads.
Root relaxation solution time = 5,01 sec. (4386,47 ticks)

        Nodes                                         Cuts/
   Node  Left     Objective  IInf  Best Integer    Best Bound    ItCnt     Gap

*     0+    0                            0,0000    46867,2967              --- 
*     0+    0                          999,8228    46867,2967              --- 
*     0+    0                         1001,4307    46867,2967              --- 
*     0+    0                         1002,8690    46867,2967              --- 
*     0+    0                         1004,2225    46867,2967              --- 
*     0+    0                         1005,5759    46867,2967              --- 
*     0+    0                         1006,9293    46867,2967              --- 
*     0+    0                         1008,0859    46867,2967              --- 
*     0+    0                         1009,2424    46867,2967              --- 
*     0+    0                         1010,1459    46867,2967              --- 
      0     0    10933,9690  2284     1010,1459    10933,9690     4840  982,41%
*     0+    0                         4875,9231    10933,9690           124,24%
      0     0    10679,3420  1997     4875,9231    Cuts: 6929    20907  119,02%
      0     0    10465,3842  2439     4875,9231    Cuts: 5790    31579  114,63%
      0     0    10253,0879  2616     4875,9231    Cuts: 6462    39591  110,28%
      0     0    10107,2535  2517     4875,9231    Cuts: 6274    47126  107,29%
      0     0    10013,5975  2342     4875,9231    Cuts: 6255    65460  105,37%
      0     0     9958,4132  2628     4875,9231    Cuts: 5788    75925  104,24%
      0     0     9918,4932  2630     4875,9231    Cuts: 5459    83138  103,42%
*     0+    0                         6425,6816     9918,4932            54,36%
      0     0     9887,2585  2004     6425,6816    Cuts: 4732    91157   53,87%
*     0+    0                         6425,7358     9887,2585            53,87%
      0     0     9863,3885  1840     6425,7358    Cuts: 4276    97599   53,50%
      0     0     9843,6913  1445     6425,7358    Cuts: 3265   101628   53,19%
*     0+    0                         6579,8877     9843,6913            49,60%
      0     0     9828,0489  1411     6579,8877    Cuts: 2635   107516   49,36%
      0     0     9817,5064  1228     6579,8877    Cuts: 2329   111501   49,20%
      0     0     9812,9554   981     6579,8877    Cuts: 1852   114737   49,14%
      0     0     9809,9065   766     6579,8877    Cuts: 1610   116340   49,09%
      0     0     9807,5768   707     6579,8877    Cuts: 1321   118493   49,05%
      0     0     9805,4867   684     6579,8877     Cuts: 905   120221   49,02%
      0     0     9804,1758   541     6579,8877    Cuts: 1039   121622   49,00%
      0     0     9803,3940   501     6579,8877     Cuts: 746   122779   48,99%
      0     0     9802,3917   583     6579,8877     Cuts: 662   123928   48,98%
*     0+    0                         6582,4713     9802,3917            48,92%
      0     0     9801,6359   424     6582,4713     Cuts: 778   124986   48,91%
      0     0     9801,1433   352     6582,4713     Cuts: 464   125955   48,90%
      0     0     9800,9085   287     6582,4713     Cuts: 356   126635   48,89%
      0     0     9800,6905   266     6582,4713     Cuts: 273   127122   48,89%
Heuristic still looking.
*     0+    0                         6647,4939     9800,6905            47,43%
      0     2     9800,6905   266     6647,4939     9800,6905   127122   47,43%
Elapsed time = 685,94 sec. (441155,75 ticks, tree = 0,00 MB, solutions = 15)
      1     3     9800,6731   273     6647,4939     9800,6905   127182   47,43%
      2     4     9800,6378   268     6647,4939     9800,6905   127185   47,43%
      3     5     9800,4092   267     6647,4939     9800,6728   145223   47,43%
      4     6     9800,6378   266     6647,4939     9800,6728   145224   47,43%
      6     8     9799,9867   263     6647,4939     9800,6728   161063   47,43%
      7     9     9800,6192   266     6647,4939     9800,6728   169080   47,43%
      9    11     9800,5436   247     6647,4939     9800,6728   170460   47,43%
     11    13     9799,9736   288     6647,4939     9800,6181   176020   47,43%
     12    14     9800,4784   262     6647,4939     9800,6181   185114   47,43%
     14    16     9796,8552   302     6647,4939     9800,6181   197682   47,43%
Elapsed time = 1081,92 sec. (568724,82 ticks, tree = 0,00 MB, solutions = 15)
     18    20     9799,3672   263     6647,4939     9800,6181   222463   47,43%
     36    38     9795,7303   336     6647,4939     9800,6181   253241   47,43%
     43    45     9799,8905   264     6647,4939     9800,6181   279460   47,43%
    204   206     9799,2509   286     6647,4939     9800,6181   341914   47,43%
    288   290     9799,2145   240     6647,4939     9800,6181   458996   47,43%
    296   298     9799,2145   241     6647,4939     9800,6181   485027   47,43%
    301   303     9799,3815   231     6647,4939     9800,6181   498141   47,43%
    305   307     9796,4892   292     6647,4939     9800,6181   519177   47,43%
    360   362     9796,6866   238     6647,4939     9800,6181   567434   47,43%
    410   412     9800,0048   228     6647,4939     9800,6181   584013   47,43%
Elapsed time = 2697,61 sec. (891174,20 ticks, tree = 24,00 MB, solutions = 15)
    426   428     9799,6201   225     6647,4939     9800,6181   620817   47,43%
    432   434     9799,8426   240     6647,4939     9800,6181   640650   47,43%
    447   449     9799,5273   206     6647,4939     9800,6181   664520   47,43%
    533   535     9799,4960   174     6647,4939     9800,6181   735950   47,43%
    541   543     9799,4003   199     6647,4939     9800,6181   759599   47,43%
    549   551     9799,4920   179     6647,4939     9800,6181   777702   47,43%
    557   559     9799,4879   182     6647,4939     9800,6181   803518   47,43%
    565   567     9799,4887   196     6647,4939     9800,6181   826401   47,43%
    639   641     9799,4792   185     6647,4939     9800,6181   953151   47,43%
    644   646     9791,0231   294     6647,4939     9800,6181   968794   47,43%
Elapsed time = 3990,84 sec. (1089514,64 ticks, tree = 43,00 MB, solutions = 15)
    645   647     9799,8379   238     6647,4939     9800,6181   968962   47,43%
    664   666     9799,1759   233     6647,4939     9800,6181  1030778   47,43%
    671   673     9798,7088   177     6647,4939     9800,6181  1047931   47,43%
    704   706     9799,4582   194     6647,4939     9800,6181  1097739   47,43%
    707   709     9798,5246   219     6647,4939     9800,6181  1098093   47,43%
    708   710     9795,3241   219     6647,4939     9800,6181  1109854   47,43%
    714   716     9799,4632   195     6647,4939     9800,6181  1122314   47,43%
    749   751     9799,0937   217     6647,4939     9800,6181  1176705   47,43%
    752   754     9798,5377   245     6647,4939     9800,6181  1209238   47,43%
    760   762     9790,4692   237     6647,4939     9800,6181  1224276   47,43%
Elapsed time = 5392,42 sec. (1309428,01 ticks, tree = 46,65 MB, solutions = 15)
    845   847     9795,2632   229     6647,4939     9800,6181  1292474   47,43%
    846   848     9799,0668   186     6647,4939     9800,6181  1296607   47,43%
    849   851     9797,1949   242     6647,4939     9800,6181  1303707   47,43%
    854   856     9799,0611   212     6647,4939     9800,6181  1312468   47,43%
    857   859     9796,9906   228     6647,4939     9800,6181  1325009   47,43%
    862   864     9799,0537   225     6647,4939     9800,6181  1364693   47,43%
    863   865     9798,7082   175     6647,4939     9800,6181  1364695   47,43%
    871   873     9798,7082   178     6647,4939     9800,6181  1370306   47,43%
    974   976     9799,4608   196     6647,4939     9800,6181  1506390   47,43%
    992   994     9799,0540   183     6647,4939     9800,6181  1542978   47,43%
Elapsed time = 6469,35 sec. (1454321,23 ticks, tree = 55,61 MB, solutions = 15)
   1008  1010     9799,4608   198     6647,4939     9800,6181  1564987   47,43%
   1018  1020     9793,4571   232     6647,4939     9800,6181  1575634   47,43%
   1026  1028     9795,0978   230     6647,4939     9800,6181  1587429   47,43%
   1029  1031     9792,6946   270     6647,4939     9800,6181  1619252   47,43%
   1045  1047     9792,5299   264     6647,4939     9800,6181  1645732   47,43%
   1053  1055     9792,5876   267     6647,4939     9800,6181  1655252   47,43%
   1061  1063     9792,5292   271     6647,4939     9800,6181  1661226   47,43%
   1077  1079     9792,5291   258     6647,4939     9800,6181  1684929   47,43%
   1085  1087     9792,5291   253     6647,4939     9800,6181  1691800   47,43%
   1125  1127     9795,0969   215     6647,4939     9800,6181  1732180   47,43%
Elapsed time = 7657,90 sec. (1604790,74 ticks, tree = 65,75 MB, solutions = 15)
   1236  1238     9796,9801   218     6647,4939     9800,6181  1832220   47,43%
   1244  1246     9798,5057   217     6647,4939     9800,6181  1840497   47,43%
   1291  1293     9798,5034   206     6647,4939     9800,6181  1863839   47,43%
   1295  1297     9792,5288   259     6647,4939     9800,6181  1867461   47,43%
   1299  1301     9798,5034   212     6647,4939     9800,6181  1872940   47,43%
   1315  1317     9798,5003   215     6647,4939     9800,6181  1891835   47,43%
   1317  1319     9799,0532   183     6647,4939     9800,6181  1894183   47,43%
   1325  1327     9799,0517   212     6647,4939     9800,6181  1923937   47,43%
   1333  1335     9799,0532   184     6647,4939     9800,6181  1941547   47,43%
   1349  1351     9797,6983   225     6647,4939     9800,6181  2019603   47,43%
Elapsed time = 9045,20 sec. (1794320,12 ticks, tree = 83,46 MB, solutions = 15)
   1391  1391     9799,4015   194     6647,4939     9800,6181  2122667   47,43%
   1483  1483     9799,0310   269     6647,4939     9800,6181  2236111   47,43%
   1488  1488     9791,8937   247     6647,4939     9800,6181  2245738   47,43%
   1491  1491     9798,4128   187     6647,4939     9800,6181  2255384   47,43%
   1499  1499     9798,3277   199     6647,4939     9800,6181  2275675   47,43%
   1507  1507     9798,1532   267     6647,4939     9800,6181  2309989   47,43%
   1515  1515     9798,0948   268     6647,4939     9800,6181  2348538   47,43%
   1523  1523     9798,1480   198     6647,4939     9800,6181  2357646   47,43%
   1534  1534     9798,2746   229     6647,4939     9800,6181  2367020   47,43%
   1547  1547     9798,1474   193     6647,4939     9800,6181  2379435   47,43%
Elapsed time = 10646,53 sec. (1987646,62 ticks, tree = 95,08 MB, solutions = 15)
   1557  1557     9798,2768   204     6647,4939     9800,6181  2395497   47,43%
   1602  1602     9794,7717   285     6647,4939     9800,6181  2487890   47,43%
   1718  1718     9798,9271   246     6647,4939     9800,6181  2558799   47,43%
*  1723+ 1721                         9729,3590     9800,6181             0,73%
   1723  1722     9791,8825   246     9729,3590     9800,6181  2584183    0,73%
   1724  1723     9794,7302   231     9729,3590     9800,6181  2584218    0,73%

Implied bound cuts applied:  760
Flow cuts applied:  30739
Mixed integer rounding cuts applied:  20083
Flow path cuts applied:  3855
Lift and project cuts applied:  1
Gomory fractional cuts applied:  358

Root node processing (before b&c):
  Real time             =  685,52 sec. (440936,20 ticks)
Parallel b&c, 8 threads:
  Real time             = 10342,56 sec. (1691471,87 ticks)
  Sync time (average)   = 1400,77 sec.
  Wait time (average)   = 1401,03 sec.
                          ------------
Total (root+branch&cut) = 11028,09 sec. (2132408,06 ticks)

<<< solve


OBJECTIVE: 9729.359
avg_utility = 0.88731

<<< post process


<<< done

