
<<< setup


<<< generate

Found incumbent of value 0.000000 after 0.07 sec. (23.25 ticks)
Tried aggregator 7 times.
MIP Presolve eliminated 93291 rows and 517046 columns.
MIP Presolve modified 5020 coefficients.
Aggregator did 171497 substitutions.
Reduced MIP has 26869 rows, 81618 columns, and 230096 nonzeros.
Reduced MIP has 12759 binaries, 8377 generals, 0 SOSs, and 0 indicators.
Presolve time = 26.42 sec. (7239.78 ticks)
Probing time = 2.53 sec. (67.53 ticks)
Tried aggregator 1 time.
Reduced MIP has 26869 rows, 81618 columns, and 230096 nonzeros.
Reduced MIP has 12759 binaries, 8377 generals, 0 SOSs, and 0 indicators.
Presolve time = 0.39 sec. (119.57 ticks)
Probing time = 1.37 sec. (63.44 ticks)
Clique table members: 1380.
MIP emphasis: balance optimality and feasibility.
MIP search method: dynamic search.
Parallel mode: deterministic, using up to 8 threads.
Root relaxation solution time = 1.60 sec. (641.29 ticks)

        Nodes                                         Cuts/
   Node  Left     Objective  IInf  Best Integer    Best Bound    ItCnt     Gap

*     0+    0                         1303.5537    61558.3794              --- 
*     0+    0                         4154.4712    61558.3794              --- 
*     0+    0                         4158.0687    61558.3794              --- 
      0     0    16133.0000  2813     4158.0687    16133.0000     2714  287.99%
*     0+    0                        11571.5005    16133.0000            39.42%
      0     0    14706.7642   933    11571.5005    Cuts: 6814    23309   27.09%
      0     0    13304.2107   325    11571.5005    Cuts: 2704    29038   14.97%
      0     0    13240.9480   559    11571.5005     Cuts: 505    32868   14.43%
*     0+    0                        12926.1420    13240.9480             2.44%
*     0+    0                        12944.8743    13240.9480             2.29%
*     0+    0                        12947.0137    13240.9480             2.27%
      0     0    13205.5967   509    12947.0137     Cuts: 672    35638    2.00%
      0     0    13192.0130   505    12947.0137     Cuts: 620    37759    1.89%
      0     0    13169.9993   346    12947.0137     Cuts: 714    39058    1.72%
      0     0    13156.4699   336    12947.0137     Cuts: 413    40201    1.62%
      0     0    13144.3171   306    12947.0137     Cuts: 406    41293    1.52%
      0     0    13128.8890   180    12947.0137     Cuts: 359    42356    1.40%
      0     0    13122.1525   134    12947.0137     Cuts: 242    43452    1.35%
      0     0    13120.0750   112    12947.0137     Cuts: 133    43811    1.34%
      0     0    13119.9795   107    12947.0137      Cuts: 57    44149    1.34%
*     0+    0                        13095.3103    13119.9795             0.19%

Implied bound cuts applied:  572
Flow cuts applied:  6401
Mixed integer rounding cuts applied:  4383
Gomory fractional cuts applied:  328

Root node processing (before b&c):
  Real time             =  132.50 sec. (49308.98 ticks)
Parallel b&c, 8 threads:
  Real time             =    0.00 sec. (0.00 ticks)
  Sync time (average)   =    0.00 sec.
  Wait time (average)   =    0.00 sec.
                          ------------
Total (root+branch&cut) =  132.50 sec. (49308.98 ticks)

<<< solve


OBJECTIVE: 13095.31
avg_utility = 0.81171

<<< post process


<<< done

