
<<< setup


<<< generate

Found incumbent of value 0,000000 after 0,02 sec. (24,03 ticks)
Tried aggregator 5 times.
MIP Presolve eliminated 185312 rows and 562521 columns.
MIP Presolve modified 6559 coefficients.
Aggregator did 165779 substitutions.
Reduced MIP has 17861 rows, 44261 columns, and 144384 nonzeros.
Reduced MIP has 3600 binaries, 0 generals, 0 SOSs, and 0 indicators.
Presolve time = 7,79 sec. (6686,95 ticks)
Probing time = 0,01 sec. (1,82 ticks)
Tried aggregator 1 time.
Reduced MIP has 17861 rows, 44261 columns, and 144384 nonzeros.
Reduced MIP has 3600 binaries, 0 generals, 0 SOSs, and 0 indicators.
Presolve time = 0,07 sec. (66,52 ticks)
Probing time = 0,01 sec. (1,89 ticks)
MIP emphasis: balance optimality and feasibility.
MIP search method: dynamic search.
Parallel mode: deterministic, using up to 8 threads.
Root relaxation solution time = 0,47 sec. (386,32 ticks)

        Nodes                                         Cuts/
   Node  Left     Objective  IInf  Best Integer    Best Bound    ItCnt     Gap

*     0+    0                         3609,0000    38074,4000           954,98%
*     0+    0                         5208,0167    38074,4000           631,07%
      0     0     6809,8000  1459     5208,0167     6809,8000     2860   30,76%
      0     0     6799,4205  1110     5208,0167    Cuts: 1903    18120   30,56%
      0     0     6519,5702   747     5208,0167    Cuts: 2606    36750   25,18%
      0     0     6302,3623   225     5208,0167    Cuts: 2161    45251   21,01%
      0     0     6299,6635   147     5208,0167    Cuts: 1508    46475   20,96%
      0     0     6283,5004    12     5208,0167    Cuts: 1302    51197   20,65%
      0     0     6281,2563    10     5208,0167     Cuts: 687    51850   20,61%
*     0+    0                         6267,6500     6281,2563             0,22%

Implied bound cuts applied:  153
Flow cuts applied:  6133
Mixed integer rounding cuts applied:  1228
Flow path cuts applied:  734
Gomory fractional cuts applied:  85

Root node processing (before b&c):
  Real time             =   31,88 sec. (37418,26 ticks)
Parallel b&c, 8 threads:
  Real time             =    0,00 sec. (0,00 ticks)
  Sync time (average)   =    0,00 sec.
  Wait time (average)   =    0,00 sec.
                          ------------
Total (root+branch&cut) =   31,88 sec. (37418,26 ticks)

<<< solve


OBJECTIVE: 6267.65
avg_utility = 0.388981

<<< post process


<<< done

