
<<< setup


<<< generate

Found incumbent of value 0,000000 after 0,01 sec. (13,69 ticks)
Tried aggregator 6 times.
MIP Presolve eliminated 343727 rows and 215940 columns.
MIP Presolve modified 15787 coefficients.
Aggregator did 74770 substitutions.
Reduced MIP has 33540 rows, 63051 columns, and 197386 nonzeros.
Reduced MIP has 1962 binaries, 0 generals, 0 SOSs, and 0 indicators.
Presolve time = 4,67 sec. (4086,93 ticks)
Probing time = 0,36 sec. (2,47 ticks)
Tried aggregator 1 time.
Reduced MIP has 33540 rows, 63051 columns, and 197386 nonzeros.
Reduced MIP has 1962 binaries, 0 generals, 0 SOSs, and 0 indicators.
Presolve time = 0,14 sec. (102,56 ticks)
Probing time = 0,06 sec. (2,49 ticks)
MIP emphasis: balance optimality and feasibility.
MIP search method: dynamic search.
Parallel mode: deterministic, using up to 24 threads.
Root relaxation solution time = 0,18 sec. (111,94 ticks)

        Nodes                                         Cuts/
   Node  Left     Objective  IInf  Best Integer    Best Bound    ItCnt     Gap

*     0+    0                            0,0000    16495,4156              --- 
      0     0     3805,0000   986        0,0000     3805,0000     2039     --- 
*     0+    0                         2431,5582     3805,0000            56,48%
      0     0     3747,6421   443     2431,5582    Cuts: 2979    34112   54,13%
      0     0     3718,8742   675     2431,5582    Cuts: 2646    61192   52,94%
      0     0     3673,5118   612     2431,5582    Cuts: 3683    76030   51,08%
*     0+    0                         2495,9352     3673,5118            47,18%
*     0+    0                         2822,0343     3673,5118            30,17%
*     0+    0                         2829,3272     3673,5118            29,84%
      0     0     3629,4300   488     2829,3272    Cuts: 3951   101818   28,28%
      0     0     3600,2752   398     2829,3272    Cuts: 2733   120846   27,25%
      0     0     3597,8839   490     2829,3272    Cuts: 2368   137443   27,16%
*     0+    0                         2963,9655     3597,8839            21,39%
*     0+    0                         3012,3894     3597,8839            19,44%
      0     0     3592,8387   174     3012,3894    Cuts: 2938   157165   19,27%
      0     0     3591,6116   225     3012,3894     Cuts: 971   165460   19,23%
      0     0     3590,8746   177     3012,3894    Cuts: 1100   172954   19,20%
*     0+    0                         3258,3307     3590,8746            10,21%
      0     0     3590,0834   163     3258,3307     Cuts: 809   182504   10,18%
      0     0     3589,1334   180     3258,3307     Cuts: 803   189735   10,15%
      0     0     3588,2653   154     3258,3307     Cuts: 743   201265   10,13%
*     0+    0                         3270,6152     3588,2653             9,71%
*     0+    0                         3288,6319     3588,2653             9,11%
*     0+    0                         3294,2444     3588,2653             8,93%
*     0+    0                         3438,8723     3588,2653             4,34%
      0     0     3587,8988   146     3438,8723     Cuts: 856   207940    4,33%
      0     0     3587,5197   151     3438,8723     Cuts: 513   211625    4,32%
*     0+    0                         3482,4833     3587,5197             3,02%
Heuristic still looking.
      0     2     3587,5197   151     3482,4833     3587,5197   211625    3,02%
Elapsed time = 239,90 sec. (199103,82 ticks, tree = 0,00 MB, solutions = 13)
      1     3     3585,9986   157     3482,4833     3587,5197   229477    3,02%
      2     4     3579,7804   147     3482,4833     3587,5197   233158    3,02%
      3     5     3581,2053   143     3482,4833     3585,6123   236023    2,96%
*     5+    3                         3518,0729     3585,6123             1,92%
*     5+    3                         3528,3910     3585,6123             1,62%
*     5+    3                         3532,0979     3585,6123             1,52%
*     5+    3                         3532,5498     3585,6123             1,50%
      5     5     3572,0881   141     3532,5498     3585,6123   248421    1,50%
      6     6     3570,4015   146     3532,5498     3585,6123   249256    1,50%
      7     7     3566,3032   140     3532,5498     3585,6123   254499    1,50%
      8     8     3579,3984   157     3532,5498     3585,0470   255190    1,49%
      9     9     3583,4243   159     3532,5498     3585,0470   257013    1,49%
     11    11     3568,5351   154     3532,5498     3585,0470   266235    1,49%
     13    13     3575,8089   141     3532,5498     3585,0470   278240    1,49%
Elapsed time = 315,20 sec. (261387,34 ticks, tree = 0,00 MB, solutions = 17)
     14    14     3571,6727   150     3532,5498     3582,2558   283824    1,41%
*    18+   16                         3534,5153     3582,2558             1,35%
     18    18     3563,6691   131     3534,5153     3582,2558   311596    1,35%
     20    20     3571,1717   164     3534,5153     3582,2558   322488    1,35%
     25    25     3559,0524   125     3534,5153     3582,2558   366377    1,35%
     27    27     3573,9850   164     3534,5153     3582,2558   371295    1,35%
*    33+   31                         3534,5587     3582,2558             1,35%
*    33+   31                         3535,4186     3582,2558             1,32%
     33    33     3567,0855   135     3535,4186     3582,2558   390134    1,32%
*    35+   31                         3535,9460     3582,2558             1,31%
     35    33     3565,2296   162     3535,9460     3582,2558   406524    1,31%
     37    35     3573,7069   150     3535,9460     3582,2558   411746    1,31%
     40    38     3556,6977   117     3535,9460     3582,2558   425475    1,31%
     44    42     3564,2854   120     3535,9460     3582,2558   440680    1,31%
Elapsed time = 395,94 sec. (318797,71 ticks, tree = 0,67 MB, solutions = 21)
     45    43     3566,7554   140     3535,9460     3582,2558   445400    1,31%
     53    49     3565,9239   143     3535,9460     3582,2558   453944    1,31%
     61    57     3564,0773   143     3535,9460     3582,2558   467973    1,31%
     69    65     3565,3853   140     3535,9460     3582,2558   478132    1,31%
     73    69     3544,5513    92     3535,9460     3582,2558   493513    1,31%
     75    71     3549,5557    83     3535,9460     3582,2558   503103    1,31%
     81    77     3543,5803    97     3535,9460     3582,2558   525173    1,31%
     89    85     3541,8727    88     3535,9460     3582,2558   539453    1,31%
     91    87     3538,1421    68     3535,9460     3582,2558   547762    1,31%
    116   111     3537,5192    75     3535,9460     3582,2558   599800    1,31%
Elapsed time = 456,69 sec. (350036,33 ticks, tree = 2,46 MB, solutions = 21)
    117   112     3558,2296   124     3535,9460     3582,2558   602540    1,31%
    125   120     3557,9303   101     3535,9460     3582,2558   620198    1,31%
    130   119     3537,3760    69     3535,9460     3582,2558   648234    1,31%
    132   121     3562,1253   115     3535,9460     3582,2558   673064    1,31%
    140   125     3550,8813    98     3535,9460     3582,2558   727473    1,31%
    213   170     3565,9402    95     3535,9460     3582,2558  1013043    1,31%
    225   174     3560,6357    87     3535,9460     3582,2558  1065187    1,31%
    228   175     3550,6161    75     3535,9460     3582,2558  1085155    1,31%
    235   182     3549,9836    93     3535,9460     3582,2558  1111912    1,31%
    240   187     3565,9491   123     3535,9460     3582,2558  1139103    1,31%
Elapsed time = 671,74 sec. (420984,15 ticks, tree = 28,63 MB, solutions = 21)
    260   205     3565,7700   118     3535,9460     3582,2558  1187891    1,31%
    265   210     3547,7742    84     3535,9460     3582,2558  1219709    1,31%
    275   218     3547,7415    83     3535,9460     3582,2558  1257375    1,31%
    344   283     3563,6539    99     3535,9460     3582,2558  1428345    1,31%
    346   285     3554,5859    74     3535,9460     3582,2558  1431503    1,31%
    348   287     3542,1866    87     3535,9460     3582,2558  1436701    1,31%
    350   289     3546,7564    65     3535,9460     3582,2558  1453480    1,31%
    361   300     3550,7628    79     3535,9460     3582,2558  1482802    1,31%
    366   305     3551,5078    74     3535,9460     3582,2558  1519362    1,31%
    424   354     3542,9792    71     3535,9460     3582,2558  1717963    1,31%
Elapsed time = 773,00 sec. (480390,37 ticks, tree = 43,39 MB, solutions = 21)
    522   427     3566,3311   100     3535,9460     3582,2558  2093542    1,31%
    523   426        cutoff           3535,9460     3581,0563  2105478    1,28%
    531   432     3543,1184    69     3535,9460     3581,0563  2223813    1,28%
    532   433     3576,0983   169     3535,9460     3581,0563  2247875    1,28%
    537   438     3566,8773   132     3535,9460     3581,0563  2311717    1,28%
    539   440     3565,0195   116     3535,9460     3581,0563  2378032    1,28%
    547   448     3564,8660   113     3535,9460     3581,0563  2454486    1,28%
    555   456     3562,6026   114     3535,9460     3581,0563  2532908    1,28%
    563   460     3562,6349   115     3535,9460     3581,0563  2588333    1,28%
    579   470     3558,1555    99     3535,9460     3581,0563  2776133    1,28%
Elapsed time = 873,13 sec. (520432,14 ticks, tree = 58,24 MB, solutions = 21)
    595   484     3554,9493    90     3535,9460     3581,0563  2919598    1,28%
    597   484     3563,6525   120     3535,9460     3581,0563  2927038    1,28%
    613   496     3559,2354   108     3535,9460     3581,0563  3058423    1,28%
    622   503     3566,4370   102     3535,9460     3581,0563  3127910    1,28%
*   662+  517                         3536,3784     3581,0563             1,26%
    682   531     3552,2856    92     3536,3784     3575,6409  3420152    1,11%
    683   532     3564,1808   112     3536,3784     3575,6409  3436946    1,11%
    685   534     3569,3176   154     3536,3784     3575,6409  3478680    1,11%
    686   535     3556,6825   128     3536,3784     3575,6409  3499824    1,11%
    695   544     3555,5276   136     3536,3784     3575,6409  3608856    1,11%
    704   553     3553,3666   124     3536,3784     3575,6409  3687950    1,11%
Elapsed time = 995,82 sec. (571465,13 ticks, tree = 98,05 MB, solutions = 22)
    713   560     3551,0626   119     3536,3784     3575,6409  3725511    1,11%
    722   567     3548,7489   104     3536,3784     3575,6409  3792555    1,11%
    747   592     3543,7449    83     3536,3784     3575,6409  3894752    1,11%
    762   607     3552,6481   103     3536,3784     3575,6409  3936433    1,11%
    771   616     3539,9334    87     3536,3784     3575,6409  3955221    1,11%
    826   661     3541,1495    83     3536,3784     3575,6409  4135663    1,11%
    872   707     3540,8991    83     3536,3784     3575,6409  4282704    1,11%
    880   711        cutoff           3536,3784     3575,6409  4345934    1,11%
    887   714        cutoff           3536,3784     3575,6409  4365487    1,11%
    912   733     3569,7006   170     3536,3784     3575,6409  4488950    1,11%
Elapsed time = 1100,17 sec. (612647,43 ticks, tree = 113,20 MB, solutions = 22)
    932   749     3561,7130   144     3536,3784     3575,6409  4563748    1,11%
   1054   863     3536,8566    75     3536,3784     3575,6409  4853162    1,11%
   1056   865     3548,8713    91     3536,3784     3573,7465  4859926    1,06%
   1059   868     3560,6362    98     3536,3784     3573,7465  4872601    1,06%
   1061   870     3558,3275    86     3536,3784     3573,7465  4880374    1,06%
   1065   874     3554,1550    79     3536,3784     3573,7465  4894348    1,06%
   1067   876     3552,1222    78     3536,3784     3573,7465  4904521    1,06%
   1071   880     3550,2831    80     3536,3784     3573,7465  4920150    1,06%
   1072   881     3538,2940    76     3536,3784     3573,7465  4923666    1,06%
   1078   887     3537,4281    79     3536,3784     3573,7465  4941041    1,06%
Elapsed time = 1178,82 sec. (659051,65 ticks, tree = 137,57 MB, solutions = 22)
   1084   889        cutoff           3536,3784     3573,7465  4966010    1,06%
   1086   891     3542,1596   136     3536,3784     3573,7465  4980185    1,06%
   1092   897     3538,1091    76     3536,3784     3573,7465  4995497    1,06%
   1095   898        cutoff           3536,3784     3573,7465  5003463    1,06%
   1096   897        cutoff           3536,3784     3573,7465  5020428    1,06%
   1097   898     3567,5916   153     3536,3784     3573,7465  5039934    1,06%

Implied bound cuts applied:  896
Flow cuts applied:  10051
Mixed integer rounding cuts applied:  5992
Flow path cuts applied:  90
Gomory fractional cuts applied:  94

Root node processing (before b&c):
  Real time             =  239,40 sec. (199059,85 ticks)
Parallel b&c, 24 threads:
  Real time             =  939,65 sec. (509082,80 ticks)
  Sync time (average)   =  734,66 sec.
  Wait time (average)   =  735,55 sec.
                          ------------
Total (root+branch&cut) = 1179,05 sec. (708142,66 ticks)

<<< solve


OBJECTIVE: 3536.378
avg_utility = 0.929403

<<< post process


<<< done

