
<<< setup


<<< generate

Presolve has eliminated 75137 rows and 98577 columns...
Tried aggregator 4 times.
MIP Presolve eliminated 203197 rows and 224677 columns.
MIP Presolve modified 13443 coefficients.
Aggregator did 38000 substitutions.
Reduced MIP has 33839 rows, 62352 columns, and 156192 nonzeros.
Reduced MIP has 14432 binaries, 0 generals, 0 SOSs, and 0 indicators.
Presolve time = 4,49 sec. (12999,35 ticks)
Found incumbent of value 0,000000 after 4,97 sec. (13504,35 ticks)
Probing time = 0,04 sec. (9,96 ticks)
Tried aggregator 5 times.
MIP Presolve eliminated 6280 rows and 8560 columns.
MIP Presolve modified 6560 coefficients.
Aggregator did 13120 substitutions.
Reduced MIP has 14439 rows, 40672 columns, and 99712 nonzeros.
Reduced MIP has 14432 binaries, 0 generals, 0 SOSs, and 0 indicators.
Presolve time = 0,77 sec. (804,06 ticks)
Probing time = 0,03 sec. (10,94 ticks)
Clique table members: 1312.
MIP emphasis: balance optimality and feasibility.
MIP search method: dynamic search.
Parallel mode: deterministic, using up to 24 threads.
Root relaxation solution time = 0,43 sec. (480,08 ticks)

        Nodes                                         Cuts/
   Node  Left     Objective  IInf  Best Integer    Best Bound    ItCnt     Gap

*     0+    0                            0,0000     8396,8000       17     --- 
      0     0     1590,8500    76        0,0000     1590,8500       17     --- 
*     0+    0                         1581,7000     1590,8500      134    0,58%
      0     0     1590,8500    54     1581,7000     Cuts: 136      134    0,58%
      0     0     1590,8500    23     1581,7000      Cuts: 89      301    0,58%
      0     0     1590,8500    18     1581,7000      Cuts: 20      377    0,58%
*     0+    0                         1590,7000     1590,8500      377    0,01%

Cover cuts applied:  1
Implied bound cuts applied:  132
Flow cuts applied:  1
Gomory fractional cuts applied:  97

Root node processing (before b&c):
  Real time             =    2,22 sec. (2444,25 ticks)
Parallel b&c, 24 threads:
  Real time             =    0,00 sec. (0,00 ticks)
  Sync time (average)   =    0,00 sec.
  Wait time (average)   =    0,00 sec.
                          ------------
Total (root+branch&cut) =    2,22 sec. (2444,25 ticks)

<<< solve


OBJECTIVE: 1590.7

<<< post process


<<< done

