
<<< setup


<<< generate

Found incumbent of value 0,000000 after 0,05 sec. (30,56 ticks)
Tried aggregator 9 times.
MIP Presolve eliminated 202127 rows and 740141 columns.
Aggregator did 234635 substitutions.
Reduced MIP has 3495 rows, 17385 columns, and 69245 nonzeros.
Reduced MIP has 0 binaries, 0 generals, 0 SOSs, and 0 indicators.
Presolve time = 10,03 sec. (8118,37 ticks)
Tried aggregator 1 time.
MIP Presolve eliminated 2783 rows and 13915 columns.
Reduced MIP has 712 rows, 3470 columns, and 13980 nonzeros.
Reduced MIP has 0 binaries, 0 generals, 0 SOSs, and 0 indicators.
Presolve time = 0,04 sec. (30,80 ticks)
Tried aggregator 1 time.
Reduced MIP has 712 rows, 3470 columns, and 13980 nonzeros.
Reduced MIP has 0 binaries, 0 generals, 0 SOSs, and 0 indicators.
Presolve time = 0,02 sec. (14,53 ticks)
MIP emphasis: balance optimality and feasibility.
MIP search method: dynamic search.
Parallel mode: deterministic, using up to 24 threads.
Root relaxation solution time = 0,02 sec. (10,38 ticks)

        Nodes                                         Cuts/
   Node  Left     Objective  IInf  Best Integer    Best Bound    ItCnt     Gap

*     0+    0                         1316,0000    58208,9470              --- 
*     0     0      integral     0     7121,3185     7121,3185      574    0,00%
Elapsed time = 10,21 sec. (8259,38 ticks, tree = 0,00 MB, solutions = 2)

Root node processing (before b&c):
  Real time             =   10,27 sec. (8301,65 ticks)
Parallel b&c, 24 threads:
  Real time             =    0,00 sec. (0,00 ticks)
  Sync time (average)   =    0,00 sec.
  Wait time (average)   =    0,00 sec.
                          ------------
Total (root+branch&cut) =   10,27 sec. (8301,65 ticks)

<<< solve


OBJECTIVE: 7121.319
avg_utility = 0.454891

<<< post process


<<< done

