
<<< setup


<<< generate

Found incumbent of value 0,000000 after 0,01 sec. (4,72 ticks)
Tried aggregator 2 times.
MIP Presolve eliminated 20780 rows and 35661 columns.
MIP Presolve modified 2512 coefficients.
Aggregator did 2400 substitutions.
Reduced MIP has 38300 rows, 118300 columns, and 322260 nonzeros.
Reduced MIP has 5782 binaries, 2598 generals, 0 SOSs, and 0 indicators.
Presolve time = 0,30 sec. (194,85 ticks)
Probing time = 0,44 sec. (34,83 ticks)
Tried aggregator 1 time.
MIP Presolve eliminated 5068 rows and 13121 columns.
Reduced MIP has 33232 rows, 105179 columns, and 283362 nonzeros.
Reduced MIP has 5782 binaries, 2598 generals, 0 SOSs, and 0 indicators.
Presolve time = 0,33 sec. (163,03 ticks)
Probing time = 0,24 sec. (32,58 ticks)
Tried aggregator 1 time.
MIP Presolve eliminated 33 rows and 84 columns.
Reduced MIP has 33199 rows, 105095 columns, and 283110 nonzeros.
Reduced MIP has 5782 binaries, 2598 generals, 0 SOSs, and 0 indicators.
Presolve time = 0,26 sec. (144,75 ticks)
Probing time = 0,31 sec. (34,15 ticks)
Clique table members: 3347.
MIP emphasis: balance optimality and feasibility.
MIP search method: dynamic search.
Parallel mode: deterministic, using up to 24 threads.
Root relaxation solution time = 0,53 sec. (353,08 ticks)

        Nodes                                         Cuts/
   Node  Left     Objective  IInf  Best Integer    Best Bound    ItCnt     Gap

*     0+    0                            0,0000        4,2899              --- 
      0     0        0,9620   495        0,0000        0,9620     1907     --- 
*     0+    0                            0,2177        0,9620           341,96%
      0     0        0,9420   493        0,2177    Cuts: 1469     4149  332,78%
      0     0        0,9167   496        0,2177    Cuts: 1523     5499  321,13%
      0     0        0,8459   505        0,2177    Cuts: 1436     7385  288,64%
*     0+    0                            0,4129        0,8459           104,86%
*     0+    0                            0,4154        0,8459           103,64%
      0     0        0,7607   486        0,4154    Cuts: 1402     8681   83,11%
      0     0        0,5102    77        0,4154    Cuts: 1263     9437   22,83%
      0     0        0,4580    16        0,4154     Cuts: 177     9537   10,25%
      0     0        0,4554    11        0,4154      Cuts: 12     9547    9,62%
      0     0        0,4546    16        0,4154       Cuts: 5     9551    9,43%
      0     0        0,4545    13        0,4154       Cuts: 2     9553    9,40%
      0     0        0,4544    20        0,4154       Cuts: 2     9556    9,39%
      0     0        0,4544    17        0,4154     Covers: 1     9557    9,39%
*     0+    0                            0,4544        0,4544            -0,00%
*     0     0      integral     0        0,4544        0,4544     9557   -0,00%
Elapsed time = 14,11 sec. (11597,00 ticks, tree = 0,00 MB, solutions = 5)

Cover cuts applied:  7
Implied bound cuts applied:  172
Flow cuts applied:  3245
Mixed integer rounding cuts applied:  3379
Gomory fractional cuts applied:  267

Root node processing (before b&c):
  Real time             =   14,13 sec. (11606,28 ticks)
Parallel b&c, 24 threads:
  Real time             =    0,00 sec. (0,00 ticks)
  Sync time (average)   =    0,00 sec.
  Wait time (average)   =    0,00 sec.
                          ------------
Total (root+branch&cut) =   14,13 sec. (11606,28 ticks)

<<< solve


OBJECTIVE: 0.4544372
avg_utility = 0.454437

<<< post process


<<< done

