
<<< setup


<<< generate

Tried aggregator 2 times.
MIP Presolve eliminated 37859 rows and 31457 columns.
MIP Presolve modified 4643 coefficients.
Aggregator did 4640 substitutions.
Reduced MIP has 5107 rows, 9744 columns, and 21344 nonzeros.
Reduced MIP has 3934 binaries, 1170 generals, 0 SOSs, and 0 indicators.
Presolve time = 0,06 sec. (49,79 ticks)
Found incumbent of value 0,000000 after 0,06 sec. (58,69 ticks)
Probing time = 0,00 sec. (2,23 ticks)
Tried aggregator 1 time.
Presolve time = 0,01 sec. (10,15 ticks)
Probing time = 0,01 sec. (2,23 ticks)
Clique table members: 269.
MIP emphasis: balance optimality and feasibility.
MIP search method: dynamic search.
Parallel mode: deterministic, using up to 24 threads.
Root relaxation solution time = 0,12 sec. (115,05 ticks)

        Nodes                                         Cuts/
   Node  Left     Objective  IInf  Best Integer    Best Bound    ItCnt     Gap

*     0+    0                            0,0000     4899,0000     2651     --- 
      0     0      561,0732    10        0,0000      561,0732     2651     --- 
      0     0      561,0732    14        0,0000     Covers: 1     2652     --- 
      0     0      561,0732    18        0,0000     Covers: 1     2653     --- 
*     0+    0                          496,6000      561,0732     2653   12,98%
*     0+    0                          559,0000      561,0732     2653    0,37%
*     0+    0                          559,2000      561,0732     2653    0,33%

Cover cuts applied:  2

Root node processing (before b&c):
  Real time             =    1,16 sec. (1208,82 ticks)
Parallel b&c, 24 threads:
  Real time             =    0,00 sec. (0,00 ticks)
  Sync time (average)   =    0,00 sec.
  Wait time (average)   =    0,00 sec.
                          ------------
Total (root+branch&cut) =    1,16 sec. (1208,82 ticks)

<<< solve


OBJECTIVE: 559.2
avg_utility = 0.3424372320881847

<<< post process


<<< done

