
<<< setup


<<< generate

Tried aggregator 2 times.
MIP Presolve eliminated 243857 rows and 140561 columns.
MIP Presolve modified 12848 coefficients.
Aggregator did 6425 substitutions.
Reduced MIP has 14137 rows, 26985 columns, and 52685 nonzeros.
Reduced MIP has 12197 binaries, 1938 generals, 0 SOSs, and 0 indicators.
Presolve time = 0,20 sec. (190,62 ticks)
Found incumbent of value 0,000000 after 0,22 sec. (218,27 ticks)
Probing time = 0,02 sec. (7,07 ticks)
Tried aggregator 1 time.
Presolve time = 0,03 sec. (25,51 ticks)
Probing time = 0,09 sec. (7,07 ticks)
Clique table members: 962.
MIP emphasis: balance optimality and feasibility.
MIP search method: dynamic search.
Parallel mode: deterministic, using up to 24 threads.
Root relaxation solution time = 0,17 sec. (172,09 ticks)

        Nodes                                         Cuts/
   Node  Left     Objective  IInf  Best Integer    Best Bound    ItCnt     Gap

*     0+    0                            0,0000    14010,6991       24     --- 
      0     0     2844,6488     6        0,0000     2844,6488       24     --- 
      0     0     2844,6488     8        0,0000       Cuts: 3       27     --- 
      0     0     2844,6488    12        0,0000     Covers: 1       28     --- 
*     0+    0                         2844,2144     2844,6488       28    0,02%
      0     2     2844,6488    12     2844,2144     2844,6488       28    0,02%
Elapsed time = 2,61 sec. (2737,59 ticks, tree = 0,01 MB, solutions = 2)
     12    14     2844,6080     8     2844,2144     2844,6452      316    0,02%
     48    50     2844,4331     8     2844,2144     2844,6452     1086    0,02%
    170   160     2844,5493     8     2844,2144     2844,6452     3056    0,02%
    566   540     2844,2610     6     2844,2144     2844,6452     6969    0,02%
   1482  1418     2844,5954    10     2844,2144     2844,6452     9476    0,02%
   2428  2362     2844,3608    10     2844,2144     2844,6452    10719    0,02%
   2518  2452     2844,4706     8     2844,2144     2844,6452    10809    0,02%
   3470  3400     2844,3541    16     2844,2144     2844,6452    12321    0,02%
   4551  4473     2844,3548    16     2844,2144     2844,6452    14082    0,02%
*  6484+ 6400                         2844,3598     2844,6452    17325    0,01%
   6484  6402     2844,5341     4     2844,3598     2844,6452    17325    0,01%
Elapsed time = 10,39 sec. (7517,51 ticks, tree = 68,11 MB, solutions = 3)
*  6485+ 6401                         2844,4864     2844,6452    17326    0,01%
*  6485+ 6400                         2844,4864     2844,6452    17327    0,01%

Cover cuts applied:  20
Flow cuts applied:  1
Gomory fractional cuts applied:  1

Root node processing (before b&c):
  Real time             =    2,10 sec. (2456,87 ticks)
Parallel b&c, 24 threads:
  Real time             =    8,60 sec. (5475,52 ticks)
  Sync time (average)   =    0,03 sec.
  Wait time (average)   =    0,00 sec.
                          ------------
Total (root+branch&cut) =   10,70 sec. (7932,38 ticks)

<<< solve


OBJECTIVE: 2844.486
avg_utility = 0.8709388744641774

<<< post process


<<< done

