
<<< setup


<<< generate

Found incumbent of value 0,000000 after 0,04 sec. (23,19 ticks)
Aggregator has done 102179 substitutions...
Tried aggregator 11 times.
MIP Presolve eliminated 110026 rows and 463515 columns.
MIP Presolve modified 39416 coefficients.
Aggregator did 129860 substitutions.
Reduced MIP has 75642 rows, 166706 columns, and 521296 nonzeros.
Reduced MIP has 17920 binaries, 0 generals, 0 SOSs, and 0 indicators.
Presolve time = 21,88 sec. (16738,75 ticks)
Probing time = 0,27 sec. (6,40 ticks)
Tried aggregator 1 time.
Reduced MIP has 75642 rows, 166706 columns, and 521296 nonzeros.
Reduced MIP has 17920 binaries, 0 generals, 0 SOSs, and 0 indicators.
Presolve time = 0,54 sec. (273,91 ticks)
Probing time = 0,09 sec. (6,48 ticks)
MIP emphasis: balance optimality and feasibility.
MIP search method: dynamic search.
Parallel mode: deterministic, using up to 24 threads.
Root relaxation solution time = 7,41 sec. (4526,58 ticks)

        Nodes                                         Cuts/
   Node  Left     Objective  IInf  Best Integer    Best Bound    ItCnt     Gap

*     0+    0                            0,0000    45140,0000              --- 
      0     0    14559,9696  1905        0,0000    14559,9696      105     --- 
*     0+    0                         7994,5726    14559,9696            82,12%
      0     0    14096,2086  1893     7994,5726    Cuts: 5850    14593   76,32%
      0     0    13242,8094  2158     7994,5726    Cuts: 5881    30762   65,65%
      0     0    12042,3692  2110     7994,5726    Cuts: 6504    43330   50,63%
*     0+    0                         9567,5714    12042,3692            25,87%
*     0+    0                         9654,1714    12042,3692            24,74%
*     0+    0                         9681,1143    12042,3692            24,39%
      0     0    11314,9447  1438     9681,1143    Cuts: 5790    72207   16,88%
      0     0    10694,7639   942     9681,1143    Cuts: 4170    83942   10,47%
      0     0    10667,0000   665     9681,1143    Cuts: 2097    88083   10,18%
*     0+    0                        10419,1071    10667,0000             2,38%
*     0+    0                        10420,4000    10667,0000             2,37%
*     0+    0                        10433,0408    10667,0000             2,24%
      0     0    10666,1428   749    10433,0408    Cuts: 1371   107159    2,23%
      0     0    10602,3291   478    10433,0408    Cuts: 2054   127635    1,62%
      0     0    10565,8032   366    10433,0408    Cuts: 1550   156750    1,27%
*     0+    0                        10474,8857    10565,8032             0,87%

Implied bound cuts applied:  2241
Flow cuts applied:  25972
Mixed integer rounding cuts applied:  5815
Flow path cuts applied:  54
Gomory fractional cuts applied:  340

Root node processing (before b&c):
  Real time             =  432,88 sec. (355363,94 ticks)
Parallel b&c, 24 threads:
  Real time             =    0,00 sec. (0,00 ticks)
  Sync time (average)   =    0,00 sec.
  Wait time (average)   =    0,00 sec.
                          ------------
Total (root+branch&cut) =  432,88 sec. (355363,94 ticks)

<<< solve


OBJECTIVE: 10474.89
avg_utility = 0.650291

<<< post process


<<< done

