
<<< setup


<<< generate

Tried aggregator 2 times.
MIP Presolve eliminated 136999 rows and 129978 columns.
MIP Presolve modified 2523 coefficients.
Aggregator did 15510 substitutions.
Reduced MIP has 5529 rows, 10542 columns, and 23092 nonzeros.
Reduced MIP has 4166 binaries, 1356 generals, 0 SOSs, and 0 indicators.
Presolve time = 0,95 sec. (2981,89 ticks)
Found incumbent of value 0,000000 after 0,97 sec. (2994,36 ticks)
Probing time = 0,01 sec. (2,29 ticks)
Tried aggregator 1 time.
Presolve time = 0,01 sec. (10,25 ticks)
Probing time = 0,03 sec. (2,29 ticks)
Clique table members: 276.
MIP emphasis: balance optimality and feasibility.
MIP search method: dynamic search.
Parallel mode: deterministic, using up to 24 threads.
Root relaxation solution time = 0,04 sec. (22,37 ticks)

        Nodes                                         Cuts/
   Node  Left     Objective  IInf  Best Integer    Best Bound    ItCnt     Gap

*     0+    0                            0,0000     5880,0000      550     --- 
      0     0     1069,1500     2        0,0000     1069,1500      550     --- 
*     0+    0                         1058,8000     1069,1500      550    0,98%
*     0+    0                         1069,0000     1069,1500      550    0,01%
      0     0        cutoff           1069,0000     1069,1500      550    0,01%
Elapsed time = 2,29 sec. (4763,25 ticks, tree = 0,00 MB, solutions = 3)

Root node processing (before b&c):
  Real time             =    1,30 sec. (1754,01 ticks)
Parallel b&c, 24 threads:
  Real time             =    0,00 sec. (0,00 ticks)
  Sync time (average)   =    0,00 sec.
  Wait time (average)   =    0,00 sec.
                          ------------
Total (root+branch&cut) =    1,30 sec. (1754,01 ticks)

<<< solve


OBJECTIVE: 1069
avg_utility = 0.5454081632653127

<<< post process


<<< done

