
<<< setup


<<< generate

Found incumbent of value 0,000000 after 0,06 sec. (65,71 ticks)
Tried aggregator 7 times.
MIP Presolve eliminated 3406652 rows and 1238572 columns.
MIP Presolve modified 1333 coefficients.
Aggregator did 13301 substitutions.
Reduced MIP has 5322 rows, 11968 columns, and 26596 nonzeros.
Reduced MIP has 1330 binaries, 0 generals, 0 SOSs, and 0 indicators.
Presolve time = 2,20 sec. (3943,25 ticks)
Probing time = 0,00 sec. (0,52 ticks)
Tried aggregator 1 time.
Reduced MIP has 5322 rows, 11968 columns, and 26596 nonzeros.
Reduced MIP has 1330 binaries, 0 generals, 0 SOSs, and 0 indicators.
Presolve time = 0,03 sec. (56,29 ticks)
Probing time = 0,00 sec. (0,52 ticks)
MIP emphasis: balance optimality and feasibility.
MIP search method: dynamic search.
Parallel mode: deterministic, using up to 8 threads.
Root relaxation solution time = 0,12 sec. (139,79 ticks)

        Nodes                                         Cuts/
   Node  Left     Objective  IInf  Best Integer    Best Bound    ItCnt     Gap

*     0+    0                            0,0000    10510,1693              --- 
*     0+    0                         2002,4127    10510,1693           424,88%
      0     0     2450,0000   333     2002,4127     2450,0000     2179   22,35%
*     0+    0                         2408,5119     2450,0000             1,72%
*     0+    0                         2409,0698     2450,0000             1,70%
      0     0     2450,0000   337     2409,0698     Cuts: 866     2896    1,70%
      0     0     2450,0000   334     2409,0698     Cuts: 873     3596    1,70%
      0     0     2450,0000   327     2409,0698     Cuts: 668     4279    1,70%
*     0+    0                         2409,9067     2450,0000             1,66%
      0     0        cutoff           2409,9067     2409,9067     5665    0,00%
Elapsed time = 3,32 sec. (5338,63 ticks, tree = 0,00 MB, solutions = 5)

Implied bound cuts applied:  1
Flow cuts applied:  1814
Mixed integer rounding cuts applied:  844
Gomory fractional cuts applied:  400

Root node processing (before b&c):
  Real time             =    3,40 sec. (5409,97 ticks)
Parallel b&c, 8 threads:
  Real time             =    0,00 sec. (0,00 ticks)
  Sync time (average)   =    0,00 sec.
  Wait time (average)   =    0,00 sec.
                          ------------
Total (root+branch&cut) =    3,40 sec. (5409,97 ticks)

<<< solve


OBJECTIVE: 2409.907
avg_utility = 0.983635

<<< post process


<<< done

