
<<< setup


<<< generate

Found incumbent of value 0.000000 after 0.13 sec. (44.79 ticks)
Aggregator has done 267107 substitutions...
Tried aggregator 12 times.
MIP Presolve eliminated 192998 rows and 1008246 columns.
MIP Presolve modified 23901 coefficients.
Aggregator did 320512 substitutions.
Reduced MIP has 53494 rows, 153243 columns, and 436119 nonzeros.
Reduced MIP has 25287 binaries, 15867 generals, 0 SOSs, and 0 indicators.
Presolve time = 94.56 sec. (19996.30 ticks)
Probing time = 5.50 sec. (122.67 ticks)
Tried aggregator 1 time.
Reduced MIP has 53494 rows, 153243 columns, and 436119 nonzeros.
Reduced MIP has 25287 binaries, 15867 generals, 0 SOSs, and 0 indicators.
Presolve time = 0.80 sec. (213.66 ticks)
Probing time = 3.01 sec. (119.90 ticks)
Clique table members: 2738.
MIP emphasis: balance optimality and feasibility.
MIP search method: dynamic search.
Parallel mode: deterministic, using up to 8 threads.
Root relaxation solution time = 9.57 sec. (3318.91 ticks)

        Nodes                                         Cuts/
   Node  Left     Objective  IInf  Best Integer    Best Bound    ItCnt     Gap

*     0+    0                         2734.0000   116448.6789              --- 
*     0+    0                         4919.7550   116448.6789              --- 
      0     0    23643.6905  2359     4919.7550    23643.6905    12802  380.59%
      0     0    23616.2631  1926     4919.7550    Cuts: 5260    19762  380.03%
      0     0    23552.2146  1854     4919.7550    Cuts: 4884    30939  378.73%
      0     0    23518.1290  1363     4919.7550    Cuts: 4239    42533  378.03%
      0     0    23496.7127  1257     4919.7550    Cuts: 3226    51876  377.60%
      0     0    23484.0763  1056     4919.7550    Cuts: 2937    60705  377.34%
      0     0    23475.7795   883     4919.7550    Cuts: 2245    64737  377.17%
      0     0    23471.9234   806     4919.7550    Cuts: 1713    66986  377.10%
      0     0    23469.1974   550     4919.7550    Cuts: 1497    69337  377.04%
*     0+    0                         4988.7331    23469.1974           370.44%
      0     0    23467.2194   528     4988.7331    Cuts: 1128    72901  370.40%
      0     0    23466.0165   416     4988.7331     Cuts: 868    74439  370.38%
      0     0    23465.0700   346     4988.7331     Cuts: 639    76734  370.36%
      0     0    23464.7414   224     4988.7331     Cuts: 489    77561  370.35%
      0     0    23464.6333   202     4988.7331     Cuts: 321    78344  370.35%
*     0+    0                         5023.6389    23464.6333           367.08%
      0     0    23464.5771   186     5023.6389     Cuts: 246    78737  367.08%
      0     0    23464.5091   176     5023.6389     Cuts: 172    79811  367.08%
      0     0    23464.4732   145     5023.6389     Cuts: 164    80341  367.08%
      0     0    23464.4647   138     5023.6389     Cuts: 103    80619  367.08%
Heuristic still looking.
Heuristic still looking.
*     0+    0                        21843.1638    23464.4647             7.42%
      0     2    23464.4647   138    21843.1638    23464.4647    80619    7.42%
Elapsed time = 454.14 sec. (127231.45 ticks, tree = 0.00 MB, solutions = 5)
      3     5    23464.4647   138    21843.1638    23464.4647    80622    7.42%
      5     7    23464.4634   135    21843.1638    23464.4647    81009    7.42%
      6     8    23464.4633   154    21843.1638    23464.4647    81726    7.42%
      9    11    23464.4634   135    21843.1638    23464.4647    82445    7.42%
     10    12    23464.4634   140    21843.1638    23464.4647    82825    7.42%
     41    43    23464.4633   157    21843.1638    23464.4647    82919    7.42%
     55    57    23464.4631   153    21843.1638    23464.4647    82980    7.42%
    125   127    23464.4631   153    21843.1638    23464.4647    83088    7.42%
    163   165    23464.4634   135    21843.1638    23464.4647    83156    7.42%
    181   183    23464.4633   142    21843.1638    23464.4647    83184    7.42%
Elapsed time = 511.69 sec. (142366.24 ticks, tree = 0.00 MB, solutions = 5)
    268   270    23464.4626   157    21843.1638    23464.4647    83562    7.42%
    378   380    23464.4626   145    21843.1638    23464.4647    84573    7.42%
    550   552    23464.4633   157    21843.1638    23464.4647    85044    7.42%
    689   691    23464.4633   157    21843.1638    23464.4647    85350    7.42%
    859   861    23464.4633   155    21843.1638    23464.4647    85740    7.42%
    954   956    23464.4633   133    21843.1638    23464.4647    86310    7.42%
   1051  1053    23464.4631   140    21843.1638    23464.4647    86747    7.42%
   1223  1225    23464.4631   141    21843.1638    23464.4647    87411    7.42%
   1262  1264    23464.4631   131    21843.1638    23464.4647    87947    7.42%
   1378  1380    23464.4631   134    21843.1638    23464.4647    89102    7.42%
Elapsed time = 593.18 sec. (153772.03 ticks, tree = 54.06 MB, solutions = 5)
   1392  1394    23464.4630   149    21843.1638    23464.4647    89229    7.42%
   1473  1475    23464.4624   148    21843.1638    23464.4647    90336    7.42%
   1545  1547    23464.4624   146    21843.1638    23464.4647    90709    7.42%
   1721  1723    23464.4631   131    21843.1638    23464.4647    91183    7.42%
*  1729+ 1153                        23448.8102    23464.4631             0.07%

Implied bound cuts applied:  3
Flow cuts applied:  18136
Mixed integer rounding cuts applied:  4559
Flow path cuts applied:  11
Lift and project cuts applied:  3
Gomory fractional cuts applied:  82

Root node processing (before b&c):
  Real time             =  433.36 sec. (123964.00 ticks)
Parallel b&c, 8 threads:
  Real time             =  643.08 sec. (134168.49 ticks)
  Sync time (average)   =   89.43 sec.
  Wait time (average)   =   89.91 sec.
                          ------------
Total (root+branch&cut) = 1076.44 sec. (258132.50 ticks)

<<< solve


OBJECTIVE: 23448.81
avg_utility = 0.727411

<<< post process


<<< done

