
<<< setup


<<< generate

Found incumbent of value 0.000000 after 0.05 sec. (19.11 ticks)
Aggregator has done 80245 substitutions...
Tried aggregator 12 times.
MIP Presolve eliminated 94638 rows and 268981 columns.
MIP Presolve modified 35833 coefficients.
Aggregator did 85145 substitutions.
Reduced MIP has 96818 rows, 266515 columns, and 744810 nonzeros.
Reduced MIP has 37049 binaries, 4392 generals, 0 SOSs, and 0 indicators.
Presolve time = 38.93 sec. (11833.45 ticks)
Probing time = 0.23 sec. (12.38 ticks)
Tried aggregator 1 time.
Reduced MIP has 96818 rows, 266515 columns, and 744810 nonzeros.
Reduced MIP has 37049 binaries, 4392 generals, 0 SOSs, and 0 indicators.
Presolve time = 1.31 sec. (319.70 ticks)
Probing time = 0.25 sec. (13.19 ticks)
Clique table members: 1604.
MIP emphasis: balance optimality and feasibility.
MIP search method: dynamic search.
Parallel mode: deterministic, using up to 8 threads.
Root relaxation solution time = 4.91 sec. (2701.56 ticks)

        Nodes                                         Cuts/
   Node  Left     Objective  IInf  Best Integer    Best Bound    ItCnt     Gap

*     0+    0                            0.0000    31955.2044              --- 
      0     0     7449.0000  2193        0.0000     7449.0000     6266     --- 
      0     0     7366.0261  1729        0.0000    Cuts: 6616    69660     --- 
      0     0     7326.3836  1893        0.0000    Cuts: 5674   123561     --- 
      0     0     7265.2731  2256        0.0000    Cuts: 6683   144061     --- 
*     0+    0                         1699.0780     7265.2731           327.60%
*     0+    0                         4374.5019     7265.2731            66.08%
*     0+    0                         5221.6638     7265.2731            39.14%
      0     0     7210.9423  2191     5221.6638    Cuts: 6521   193925   38.10%
      0     0     7159.6677  2040     5221.6638    Cuts: 6157   226762   37.11%
      0     0     7144.9676  2273     5221.6638    Cuts: 5235   273937   36.83%
      0     0     7123.7608  2386     5221.6638    Cuts: 5546   330640   36.43%
      0     0     7097.8110  2071     5221.6638    Cuts: 6064   355075   35.93%
      0     0     7079.7990  2008     5221.6638    Cuts: 5000   402798   35.59%
*     0+    0                         5734.4909     7079.7990            23.46%
*     0+    0                         5792.7542     7079.7990            22.22%
*     0+    0                         6147.1425     7079.7990            15.17%
      0     0     7063.6410  2233     6147.1425    Cuts: 5570   429112   14.91%
      0     0     7047.3590  1707     6147.1425    Cuts: 5136   464196   14.64%
      0     0     7034.5751  1866     6147.1425    Cuts: 3957   484400   14.44%
      0     0     7026.3891  1840     6147.1425    Cuts: 3856   504669   14.30%
*     0+    0                         6195.2792     7026.3891            13.42%
      0     0     7019.9206  1775     6195.2792    Cuts: 3504   528519   13.31%
      0     0     7014.3744  1492     6195.2792    Cuts: 3273   563602   13.22%
*     0+    0                         6426.6674     7014.3744             9.14%
*     0+    0                         6488.6845     7014.3744             8.10%
*     0+    0                         6662.9202     7014.3744             5.27%
      0     0     7009.9116  1720     6662.9202    Cuts: 2622   587983    5.21%
      0     0     7005.4394  1303     6662.9202    Cuts: 2824   598228    5.14%

Implied bound cuts applied:  339
Flow cuts applied:  34121
Mixed integer rounding cuts applied:  25188
Flow path cuts applied:  4182
Gomory fractional cuts applied:  175

Root node processing (before b&c):
  Real time             = 7200.80 sec. (1651797.91 ticks)
Parallel b&c, 8 threads:
  Real time             =    0.00 sec. (0.00 ticks)
  Sync time (average)   =    0.00 sec.
  Wait time (average)   =    0.00 sec.
                          ------------
Total (root+branch&cut) = 7200.80 sec. (1651797.91 ticks)

<<< solve


OBJECTIVE: 6662.92
avg_utility = 0.894472

<<< post process


<<< done

