
<<< setup


<<< generate

Presolve has eliminated 85137 rows and 108577 columns...
Tried aggregator 7 times.
MIP Presolve eliminated 245600 rows and 283477 columns.
Aggregator did 18560 substitutions.
Reduced MIP has 10876 rows, 22992 columns, and 51232 nonzeros.
Reduced MIP has 7872 binaries, 0 generals, 0 SOSs, and 0 indicators.
Presolve time = 5,00 sec. (13656,87 ticks)
Found incumbent of value 0,000000 after 5,06 sec. (13683,81 ticks)
Probing time = 0,02 sec. (8,00 ticks)
Tried aggregator 1 time.
MIP Presolve eliminated 3002 rows and 2000 columns.
Reduced MIP has 7874 rows, 20992 columns, and 40672 nonzeros.
Reduced MIP has 7872 binaries, 0 generals, 0 SOSs, and 0 indicators.
Presolve time = 0,03 sec. (25,76 ticks)
Probing time = 0,03 sec. (6,48 ticks)
Clique table members: 1312.
MIP emphasis: balance optimality and feasibility.
MIP search method: dynamic search.
Parallel mode: deterministic, using up to 24 threads.
Root relaxation solution time = 0,12 sec. (169,42 ticks)

        Nodes                                         Cuts/
   Node  Left     Objective  IInf  Best Integer    Best Bound    ItCnt     Gap

*     0+    0                            0,0000     8396,8000        8     --- 
      0     0     1582,1000     4        0,0000     1582,1000        8     --- 
*     0+    0                         1582,1000     1582,1000        8    0,00%
      0     0        cutoff           1582,1000     1582,1000        8    0,00%
Elapsed time = 5,66 sec. (14986,48 ticks, tree = 0,00 MB, solutions = 2)

Root node processing (before b&c):
  Real time             =    0,34 sec. (241,07 ticks)
Parallel b&c, 24 threads:
  Real time             =    0,00 sec. (0,00 ticks)
  Sync time (average)   =    0,00 sec.
  Wait time (average)   =    0,00 sec.
                          ------------
Total (root+branch&cut) =    0,34 sec. (241,07 ticks)

<<< solve


OBJECTIVE: 1582.1

<<< post process


<<< done

