
<<< setup


<<< generate

Found incumbent of value 0.000000 after 0.02 sec. (8.75 ticks)
Tried aggregator 5 times.
MIP Presolve eliminated 331071 rows and 109146 columns.
MIP Presolve modified 52 coefficients.
Aggregator did 73444 substitutions.
Reduced MIP has 421 rows, 2451 columns, and 7576 nonzeros.
Reduced MIP has 1698 binaries, 753 generals, 0 SOSs, and 0 indicators.
Presolve time = 3.59 sec. (3109.84 ticks)
Probing time = 0.00 sec. (1.26 ticks)
Tried aggregator 1 time.
Reduced MIP has 421 rows, 2451 columns, and 7576 nonzeros.
Reduced MIP has 1698 binaries, 753 generals, 0 SOSs, and 0 indicators.
Presolve time = 0.02 sec. (7.29 ticks)
Probing time = 0.00 sec. (1.26 ticks)
Clique table members: 283.
MIP emphasis: balance optimality and feasibility.
MIP search method: dynamic search.
Parallel mode: deterministic, using up to 8 threads.
Root relaxation solution time = 0.03 sec. (15.72 ticks)

        Nodes                                         Cuts/
   Node  Left     Objective  IInf  Best Integer    Best Bound    ItCnt     Gap

*     0+    0                            0.0000     4350.3946              --- 
*     0     0      integral     0     1123.8089     1123.8089      918    0.00%
Elapsed time = 3.69 sec. (3161.74 ticks, tree = 0.00 MB, solutions = 2)

Root node processing (before b&c):
  Real time             =    3.71 sec. (3169.73 ticks)
Parallel b&c, 8 threads:
  Real time             =    0.00 sec. (0.00 ticks)
  Sync time (average)   =    0.00 sec.
  Wait time (average)   =    0.00 sec.
                          ------------
Total (root+branch&cut) =    3.71 sec. (3169.73 ticks)

<<< solve


OBJECTIVE: 1123.809
avg_utility = 0.941214

<<< post process


<<< done

