
<<< setup


<<< generate

Found incumbent of value 0,000000 after 0,04 sec. (23,19 ticks)
Aggregator has done 102179 substitutions...
Tried aggregator 11 times.
MIP Presolve eliminated 109991 rows and 463515 columns.
MIP Presolve modified 39367 coefficients.
Aggregator did 129860 substitutions.
Reduced MIP has 75617 rows, 166706 columns, and 503376 nonzeros.
Reduced MIP has 17920 binaries, 0 generals, 0 SOSs, and 0 indicators.
Presolve time = 23,42 sec. (16603,32 ticks)
Probing time = 0,17 sec. (6,26 ticks)
Tried aggregator 1 time.
Reduced MIP has 75617 rows, 166706 columns, and 503376 nonzeros.
Reduced MIP has 17920 binaries, 0 generals, 0 SOSs, and 0 indicators.
Presolve time = 0,54 sec. (266,54 ticks)
Probing time = 0,12 sec. (6,33 ticks)
MIP emphasis: balance optimality and feasibility.
MIP search method: dynamic search.
Parallel mode: deterministic, using up to 24 threads.
Root relaxation solution time = 2,79 sec. (1746,38 ticks)

        Nodes                                         Cuts/
   Node  Left     Objective  IInf  Best Integer    Best Bound    ItCnt     Gap

*     0+    0                            0,0000    45140,0000              --- 
      0     0    16108,0000  2337        0,0000    16108,0000     5237     --- 
*     0+    0                         9903,6286    16108,0000            62,65%
      0     0    14938,2570  1686     9903,6286    Cuts: 7084    67651   50,84%
      0     0    13854,0824  1840     9903,6286    Cuts: 5172   134037   39,89%
      0     0    12844,4857  2046     9903,6286    Cuts: 5394   170896   29,69%
*     0+    0                        10185,0069    12844,4857            26,11%
*     0+    0                        10287,0069    12844,4857            24,86%
*     0+    0                        10343,8011    12844,4857            24,18%
*     0+    0                        10349,0011    12844,4857            24,11%
*     0+    0                        10355,4011    12844,4857            24,04%
*     0+    0                        10357,0011    12844,4857            24,02%
      0     0    11994,7530  1659    10357,0011    Cuts: 5853   190209   15,81%
      0     0    11502,4662   570    10357,0011    Cuts: 4239   219096   11,06%
      0     0    11466,8930  1495    10357,0011    Cuts: 1436   224356   10,72%
*     0+    0                        10774,6929    11466,8930             6,42%
*     0+    0                        10788,6929    11466,8930             6,29%
*     0+    0                        10804,7357    11466,8930             6,13%
*     0+    0                        10806,8536    11466,8930             6,11%
*     0+    0                        10808,2536    11466,8930             6,09%
*     0+    0                        10808,3393    11466,8930             6,09%
*     0+    0                        10809,6429    11466,8930             6,08%
*     0+    0                        10809,7000    11466,8930             6,08%
*     0+    0                        10809,8429    11466,8930             6,08%
*     0+    0                        10809,9071    11466,8930             6,08%
      0     0    11240,2393   657    10809,9071    Cuts: 3706   275381    3,98%
      0     0    11097,5377    60    10809,9071    Cuts: 2015   352066    2,66%
      0     0    11087,3903    57    10809,9071     Cuts: 217   380817    2,57%
*     0+    0                        10920,9119    11087,3903             1,52%
*     0+    0                        10950,5858    11087,3903             1,25%
*     0+    0                        11002,0946    11087,3903             0,78%

Cover cuts applied:  1
Implied bound cuts applied:  1302
Flow cuts applied:  26847
Mixed integer rounding cuts applied:  5919
Flow path cuts applied:  57
Gomory fractional cuts applied:  294

Root node processing (before b&c):
  Real time             =  756,62 sec. (693421,06 ticks)
Parallel b&c, 24 threads:
  Real time             =    0,00 sec. (0,00 ticks)
  Sync time (average)   =    0,00 sec.
  Wait time (average)   =    0,00 sec.
                          ------------
Total (root+branch&cut) =  756,62 sec. (693421,06 ticks)

<<< solve


OBJECTIVE: 11002.09
avg_utility = 0.683021

<<< post process


<<< done

