
<<< setup


<<< generate

Found incumbent of value 0,000000 after 0,02 sec. (7,97 ticks)
Tried aggregator 6 times.
MIP Presolve eliminated 366276 rows and 148673 columns.
Aggregator did 9856 substitutions.
Reduced MIP has 897 rows, 4480 columns, and 8960 nonzeros.
Reduced MIP has 0 binaries, 0 generals, 0 SOSs, and 0 indicators.
Presolve time = 0,54 sec. (609,29 ticks)
Tried aggregator 1 time.
MIP Presolve eliminated 873 rows and 4365 columns.
Reduced MIP has 24 rows, 115 columns, and 230 nonzeros.
Reduced MIP has 0 binaries, 0 generals, 0 SOSs, and 0 indicators.
Presolve time = 0,01 sec. (9,43 ticks)
Tried aggregator 1 time.
Reduced MIP has 24 rows, 115 columns, and 230 nonzeros.
Reduced MIP has 0 binaries, 0 generals, 0 SOSs, and 0 indicators.
Presolve time = 0,01 sec. (4,36 ticks)
MIP emphasis: balance optimality and feasibility.
MIP search method: dynamic search.
Parallel mode: deterministic, using up to 24 threads.
Root relaxation solution time = 0,00 sec. (0,14 ticks)

        Nodes                                         Cuts/
   Node  Left     Objective  IInf  Best Integer    Best Bound    ItCnt     Gap

*     0+    0                            0,0000     7287,4262              --- 
*     0     0      integral     0     1092,2753     1092,2753       48    0,00%
Elapsed time = 0,59 sec. (641,46 ticks, tree = 0,00 MB, solutions = 2)

Root node processing (before b&c):
  Real time             =    0,60 sec. (647,51 ticks)
Parallel b&c, 24 threads:
  Real time             =    0,00 sec. (0,00 ticks)
  Sync time (average)   =    0,00 sec.
  Wait time (average)   =    0,00 sec.
                          ------------
Total (root+branch&cut) =    0,60 sec. (647,51 ticks)

<<< solve


OBJECTIVE: 1092.275
avg_utility = 0.535167

<<< post process


<<< done

