
<<< setup


<<< generate

Presolve has eliminated 85669 rows and 111219 columns...
Tried aggregator 7 times.
MIP Presolve eliminated 246334 rows and 284769 columns.
MIP Presolve modified 3951 coefficients.
Aggregator did 19560 substitutions.
Reduced MIP has 9142 rows, 20700 columns, and 44760 nonzeros.
Reduced MIP has 4034 binaries, 2196 generals, 0 SOSs, and 0 indicators.
Presolve time = 7,57 sec. (13574,09 ticks)
Found incumbent of value 0,000000 after 7,71 sec. (13626,81 ticks)
Probing time = 0,21 sec. (1,76 ticks)
Tried aggregator 2 times.
MIP Presolve eliminated 2000 rows and 2847 columns.
MIP Presolve modified 843 coefficients.
Aggregator did 857 substitutions.
Reduced MIP has 6285 rows, 16996 columns, and 39352 nonzeros.
Reduced MIP has 4034 binaries, 2196 generals, 0 SOSs, and 0 indicators.
Presolve time = 0,16 sec. (71,75 ticks)
Probing time = 0,09 sec. (1,82 ticks)
Tried aggregator 1 time.
MIP Presolve modified 847 coefficients.
Reduced MIP has 6285 rows, 16996 columns, and 39352 nonzeros.
Reduced MIP has 4034 binaries, 2196 generals, 0 SOSs, and 0 indicators.
Presolve time = 0,04 sec. (27,20 ticks)
Probing time = 0,24 sec. (1,82 ticks)
Clique table members: 524.
MIP emphasis: balance optimality and feasibility.
MIP search method: dynamic search.
Parallel mode: deterministic, using up to 8 threads.
Root relaxation solution time = 0,25 sec. (157,25 ticks)

        Nodes                                         Cuts/
   Node  Left     Objective  IInf  Best Integer    Best Bound    ItCnt     Gap

*     0+    0                            0,0000    20902,4000              --- 
      0     0     4082,2140    59        0,0000     4082,2140     2978     --- 
      0     0     3993,2400    15        0,0000     Cuts: 194     3798     --- 
      0     0     3990,6333    15        0,0000       Cuts: 8     3861     --- 
      0     0     3988,8835    13        0,0000       Cuts: 4     3872     --- 
*     0+    0                         3939,1000     3988,8835             1,26%
*     0+    0                         3965,8000     3988,8835             0,58%
*     0+    0                         3966,1000     3988,8835             0,57%
*     0+    0                         3966,8000     3988,8835             0,56%
*     0+    0                         3967,1000     3988,8835             0,55%
      0     0     3988,8835    16     3967,1000       Cuts: 2     3874    0,55%
      0     0     3988,8835    20     3967,1000       Cuts: 3     3907    0,55%
      0     2     3988,8835    12     3967,1000     3988,8835     3907    0,55%
Elapsed time = 78,31 sec. (17388,40 ticks, tree = 0,00 MB, solutions = 6)
*    13+   13                         3974,6000     3987,9600             0,34%
     13    14     3975,6800     8     3974,6000     3987,9600     4050    0,34%
     96    84     3984,3500     4     3974,6000     3987,9600     4221    0,34%
    636   624     3984,3500     4     3974,6000     3987,9600     6377    0,34%
    799   787     3984,3500     4     3974,6000     3987,9600     6624    0,34%
   1539  1527     3984,3094     4     3974,6000     3987,9600     7786    0,34%
*  1603+ 1060                         3984,1000     3987,9600             0,10%
   1603  1061     3987,9887    23     3984,1000     3987,9600    11338    0,10%
   1606  1063     3984,8276    15     3984,1000     3984,8276    11410    0,02%

Implied bound cuts applied:  53
Flow cuts applied:  60
Mixed integer rounding cuts applied:  11
Lift and project cuts applied:  2
Gomory fractional cuts applied:  46

Root node processing (before b&c):
  Real time             =   78,30 sec. (17396,65 ticks)
Parallel b&c, 8 threads:
  Real time             =    7,82 sec. (4809,01 ticks)
  Sync time (average)   =    1,42 sec.
  Wait time (average)   =    1,60 sec.
                          ------------
Total (root+branch&cut) =   86,12 sec. (22205,67 ticks)

<<< solve


OBJECTIVE: 3984.1

<<< post process


<<< done

