
<<< setup


<<< generate

Found incumbent of value 0.000000 after 0.02 sec. (7.39 ticks)
Tried aggregator 2 times.
MIP Presolve eliminated 236235 rows and 141388 columns.
MIP Presolve modified 7564 coefficients.
Aggregator did 7549 substitutions.
Reduced MIP has 20135 rows, 31448 columns, and 81766 nonzeros.
Reduced MIP has 6290 binaries, 0 generals, 0 SOSs, and 0 indicators.
Presolve time = 0.55 sec. (242.05 ticks)
Probing time = 0.02 sec. (1.69 ticks)
Tried aggregator 1 time.
Reduced MIP has 20135 rows, 31448 columns, and 81766 nonzeros.
Reduced MIP has 6290 binaries, 0 generals, 0 SOSs, and 0 indicators.
Presolve time = 0.11 sec. (44.59 ticks)
Probing time = 0.03 sec. (1.69 ticks)
MIP emphasis: balance optimality and feasibility.
MIP search method: dynamic search.
Parallel mode: deterministic, using up to 8 threads.
Root relaxation solution time = 0.15 sec. (90.55 ticks)

        Nodes                                         Cuts/
   Node  Left     Objective  IInf  Best Integer    Best Bound    ItCnt     Gap

*     0+    0                            0.0000    14010.6991              --- 
      0     0     3266.0000  1231        0.0000     3266.0000     2517     --- 
*     0+    0                         1878.9587     3266.0000            73.82%
      0     0     3184.2018  1087     1878.9587    Cuts: 2662     5823   69.47%
*     0+    0                         2397.2753     3184.2018            32.83%
      0     0     3103.5934  1022     2397.2753    Cuts: 2373     9456   29.46%
      0     0     3021.8822   905     2397.2753    Cuts: 2045    13209   26.05%
*     0+    0                         2760.9530     3021.8822             9.45%
      0     0     2963.7837   589     2760.9530    Cuts: 1808    15861    7.35%
      0     0     2887.6174   399     2760.9530    Cuts: 1170    18454    4.59%
      0     0     2877.5172   411     2760.9530     Cuts: 796    19558    4.22%
*     0+    0                         2817.7560     2877.5172             2.12%
*     0+    0                         2820.0389     2877.5172             2.04%
*     0+    0                         2822.8058     2877.5172             1.94%
      0     0     2872.7240   418     2822.8058     Cuts: 809    20709    1.77%
      0     0     2832.6338    53     2822.8058     Cuts: 827    21816    0.35%

Implied bound cuts applied:  1
Flow cuts applied:  9452
Mixed integer rounding cuts applied:  2636
Gomory fractional cuts applied:  400

Root node processing (before b&c):
  Real time             =   14.39 sec. (8665.49 ticks)
Parallel b&c, 8 threads:
  Real time             =    0.00 sec. (0.00 ticks)
  Sync time (average)   =    0.00 sec.
  Wait time (average)   =    0.00 sec.
                          ------------
Total (root+branch&cut) =   14.39 sec. (8665.49 ticks)

<<< solve


OBJECTIVE: 2822.806
avg_utility = 0.864301

<<< post process


<<< done

