
<<< setup


<<< generate

Found incumbent of value 0,000000 after 0,05 sec. (56,76 ticks)
Tried aggregator 2 times.
MIP Presolve eliminated 2394903 rows and 1228936 columns.
MIP Presolve modified 10228 coefficients.
Aggregator did 10213 substitutions.
Reduced MIP has 27239 rows, 42548 columns, and 110626 nonzeros.
Reduced MIP has 8510 binaries, 0 generals, 0 SOSs, and 0 indicators.
Presolve time = 1,01 sec. (1648,78 ticks)
Probing time = 0,02 sec. (1,91 ticks)
Tried aggregator 1 time.
Reduced MIP has 27239 rows, 42548 columns, and 110626 nonzeros.
Reduced MIP has 8510 binaries, 0 generals, 0 SOSs, and 0 indicators.
Presolve time = 0,07 sec. (89,42 ticks)
Probing time = 0,01 sec. (2,03 ticks)
MIP emphasis: balance optimality and feasibility.
MIP search method: dynamic search.
Parallel mode: deterministic, using up to 8 threads.
Root relaxation solution time = 0,14 sec. (223,14 ticks)

        Nodes                                         Cuts/
   Node  Left     Objective  IInf  Best Integer    Best Bound    ItCnt     Gap

*     0+    0                            0,0000    14010,6991              --- 
*     0+    0                         1504,2753    14010,6991           831,39%
      0     0     3266,0000  1301     1504,2753     3266,0000     3404  117,11%
*     0+    0                         2188,1502     3266,0000            49,26%
      0     0     3224,7232   754     2188,1502    Cuts: 2802     6605   47,37%
      0     0     3203,5490   744     2188,1502    Cuts: 1707     8465   46,40%
      0     0     3178,4882   473     2188,1502    Cuts: 1488    10835   45,26%
*     0+    0                         2913,0932     3178,4882             9,11%
*     0+    0                         2913,5761     3178,4882             9,09%
*     0+    0                         2914,4562     3178,4882             9,06%
      0     0     3154,9828   331     2914,4562     Cuts: 944    12429    8,25%
      0     0     3154,9828   331     2914,4562 Flowcuts: 662    13115    8,25%
      0     0     3154,9828   336     2914,4562 Flowcuts: 662    13866    8,25%
*     0+    0                         3115,5566     3154,9828             1,27%
*     0+    0                         3125,3768     3154,9828             0,95%

Implied bound cuts applied:  1
Flow cuts applied:  6174
Mixed integer rounding cuts applied:  1690
Gomory fractional cuts applied:  400

Root node processing (before b&c):
  Real time             =   13,96 sec. (12913,32 ticks)
Parallel b&c, 8 threads:
  Real time             =    0,00 sec. (0,00 ticks)
  Sync time (average)   =    0,00 sec.
  Wait time (average)   =    0,00 sec.
                          ------------
Total (root+branch&cut) =   13,96 sec. (12913,32 ticks)

<<< solve


OBJECTIVE: 3125.377
avg_utility = 0.956943

<<< post process


<<< done

