
<<< setup


<<< generate

Found incumbent of value 0,000000 after 0,06 sec. (64,44 ticks)
Tried aggregator 4 times.
MIP Presolve eliminated 3403147 rows and 1216245 columns.
Aggregator did 5240 substitutions.
Reduced MIP has 1574 rows, 3668 columns, and 8384 nonzeros.
Reduced MIP has 0 binaries, 0 generals, 0 SOSs, and 0 indicators.
Presolve time = 1,28 sec. (2251,84 ticks)
Tried aggregator 2 times.
MIP Presolve eliminated 1541 rows and 3585 columns.
Aggregator did 8 substitutions.
Reduced MIP has 25 rows, 75 columns, and 152 nonzeros.
Reduced MIP has 0 binaries, 0 generals, 0 SOSs, and 0 indicators.
Presolve time = 0,02 sec. (46,69 ticks)
Tried aggregator 1 time.
Reduced MIP has 25 rows, 75 columns, and 152 nonzeros.
Reduced MIP has 0 binaries, 0 generals, 0 SOSs, and 0 indicators.
Presolve time = 0,03 sec. (41,81 ticks)
MIP emphasis: balance optimality and feasibility.
MIP search method: dynamic search.
Parallel mode: deterministic, using up to 8 threads.
Root relaxation solution time = 0,00 sec. (0,05 ticks)

        Nodes                                         Cuts/
   Node  Left     Objective  IInf  Best Integer    Best Bound    ItCnt     Gap

*     0+    0                            0,0000     2838,9384              --- 
*     0     0      integral     0      634,2635      634,2635       22    0,00%
Elapsed time = 1,42 sec. (2466,96 ticks, tree = 0,00 MB, solutions = 1)

Root node processing (before b&c):
  Real time             =    1,46 sec. (2509,11 ticks)
Parallel b&c, 8 threads:
  Real time             =    0,00 sec. (0,00 ticks)
  Sync time (average)   =    0,00 sec.
  Wait time (average)   =    0,00 sec.
                          ------------
Total (root+branch&cut) =    1,46 sec. (2509,11 ticks)

<<< solve


OBJECTIVE: 634.2635
avg_utility = 0.777284

<<< post process


<<< done

