
<<< setup


<<< generate

Found incumbent of value 0,000000 after 0,01 sec. (4,74 ticks)
Tried aggregator 2 times.
MIP Presolve eliminated 20782 rows and 35805 columns.
MIP Presolve modified 2512 coefficients.
Aggregator did 2410 substitutions.
Reduced MIP has 38434 rows, 118770 columns, and 323534 nonzeros.
Reduced MIP has 5620 binaries, 2772 generals, 0 SOSs, and 0 indicators.
Presolve time = 0,29 sec. (195,50 ticks)
Probing time = 0,42 sec. (35,20 ticks)
Tried aggregator 1 time.
MIP Presolve eliminated 5168 rows and 13378 columns.
Reduced MIP has 33266 rows, 105392 columns, and 283870 nonzeros.
Reduced MIP has 5620 binaries, 2772 generals, 0 SOSs, and 0 indicators.
Presolve time = 0,33 sec. (163,58 ticks)
Probing time = 0,30 sec. (32,86 ticks)
Tried aggregator 1 time.
Reduced MIP has 33266 rows, 105392 columns, and 283870 nonzeros.
Reduced MIP has 5620 binaries, 2772 generals, 0 SOSs, and 0 indicators.
Presolve time = 0,22 sec. (133,56 ticks)
Probing time = 0,30 sec. (34,63 ticks)
Clique table members: 3320.
MIP emphasis: balance optimality and feasibility.
MIP search method: dynamic search.
Parallel mode: deterministic, using up to 24 threads.
Root relaxation solution time = 0,64 sec. (395,13 ticks)

        Nodes                                         Cuts/
   Node  Left     Objective  IInf  Best Integer    Best Bound    ItCnt     Gap

*     0+    0                            0,0000        4,2899              --- 
      0     0        0,9438   497        0,0000        0,9438     1633     --- 
*     0+    0                            0,2395        0,9438           294,02%
      0     0        0,9186   497        0,2395    Cuts: 1666     3619  283,52%
      0     0        0,8897   514        0,2395    Cuts: 1640     5903  271,46%
      0     0        0,8634   580        0,2395    Cuts: 1450    17836  260,49%
*     0+    0                            0,4784        0,8634            80,49%
*     0+    0                            0,4814        0,8634            79,35%
*     0+    0                            0,4836        0,8634            78,53%
*     0+    0                            0,4974        0,8634            73,60%
      0     0        0,8195   521        0,4974    Cuts: 1432   122044   64,76%
      0     0        0,8133   562        0,4974    Cuts: 1449   151330   63,52%
      0     0        0,8027   637        0,4974    Cuts: 1557   224260   61,38%
*     0+    0                            0,5794        0,8027            38,53%
      0     0        0,7951   665        0,5794    Cuts: 1427   280204   37,24%
      0     0        0,7930   722        0,5794    Cuts: 1241   366934   36,87%
*     0+    0                            0,5837        0,7930            35,87%
      0     0        0,7894   627        0,5837    Cuts: 1501   460369   35,24%
*     0+    0                            0,6125        0,7894            28,87%
*     0+    0                            0,6465        0,7894            22,10%
      0     0        0,7855   667        0,6465    Cuts: 1334   560281   21,51%
      0     0        0,7821   623        0,6465    Cuts: 1506   735788   20,98%
      0     0        cutoff              0,6465                 749408    0,00%
Elapsed time = 512,90 sec. (401366,04 ticks, tree = 0,00 MB, solutions = 10)

Cover cuts applied:  6
Implied bound cuts applied:  221
Flow cuts applied:  6114
Mixed integer rounding cuts applied:  4349
Flow path cuts applied:  10
Zero-half cuts applied:  4
Gomory fractional cuts applied:  367

Root node processing (before b&c):
  Real time             =  512,92 sec. (401380,61 ticks)
Parallel b&c, 24 threads:
  Real time             =    0,00 sec. (0,00 ticks)
  Sync time (average)   =    0,00 sec.
  Wait time (average)   =    0,00 sec.
                          ------------
Total (root+branch&cut) =  512,92 sec. (401380,61 ticks)

<<< solve


OBJECTIVE: 0.646486
avg_utility = 0.646486

<<< post process


<<< done

