
<<< setup


<<< generate

Found incumbent of value 0,000000 after 0,01 sec. (2,44 ticks)
Tried aggregator 3 times.
MIP Presolve eliminated 57109 rows and 42989 columns.
MIP Presolve modified 619 coefficients.
Aggregator did 6965 substitutions.
Reduced MIP has 7003 rows, 15927 columns, and 43081 nonzeros.
Reduced MIP has 4259 binaries, 492 generals, 0 SOSs, and 0 indicators.
Presolve time = 0,22 sec. (213,11 ticks)
Probing time = 0,01 sec. (1,16 ticks)
Tried aggregator 1 time.
Reduced MIP has 7003 rows, 15927 columns, and 43081 nonzeros.
Reduced MIP has 4259 binaries, 492 generals, 0 SOSs, and 0 indicators.
Presolve time = 0,03 sec. (20,58 ticks)
Probing time = 0,01 sec. (1,15 ticks)
Clique table members: 209.
MIP emphasis: balance optimality and feasibility.
MIP search method: dynamic search.
Parallel mode: deterministic, using up to 8 threads.
Root relaxation solution time = 0,10 sec. (82,23 ticks)

        Nodes                                         Cuts/
   Node  Left     Objective  IInf  Best Integer    Best Bound    ItCnt     Gap

*     0+    0                            0,0000     1894,0000              --- 
      0     0      638,0000   216        0,0000      638,0000     2131     --- 
*     0+    0                          638,0000      638,0000             0,00%
      0     0        cutoff            638,0000      638,0000     2131    0,00%
Elapsed time = 0,48 sec. (368,71 ticks, tree = 0,00 MB, solutions = 2)

Root node processing (before b&c):
  Real time             =    0,48 sec. (371,53 ticks)
Parallel b&c, 8 threads:
  Real time             =    0,00 sec. (0,00 ticks)
  Sync time (average)   =    0,00 sec.
  Wait time (average)   =    0,00 sec.
                          ------------
Total (root+branch&cut) =    0,48 sec. (371,53 ticks)

<<< solve


OBJECTIVE: 638
avg_utility = 1

<<< post process


<<< done

