
<<< setup


<<< generate

Tried aggregator 2 times.
MIP Presolve eliminated 140262 rows and 135291 columns.
MIP Presolve modified 1495 coefficients.
Aggregator did 14485 substitutions.
Reduced MIP has 3274 rows, 6237 columns, and 13662 nonzeros.
Reduced MIP has 2637 binaries, 630 generals, 0 SOSs, and 0 indicators.
Presolve time = 0,83 sec. (2991,43 ticks)
Found incumbent of value 0,000000 after 0,86 sec. (3006,41 ticks)
Probing time = 0,01 sec. (0,71 ticks)
Tried aggregator 1 time.
Reduced MIP has 3274 rows, 6237 columns, and 13662 nonzeros.
Reduced MIP has 2637 binaries, 630 generals, 0 SOSs, and 0 indicators.
Presolve time = 0,01 sec. (9,50 ticks)
Probing time = 0,01 sec. (0,71 ticks)
Clique table members: 192.
MIP emphasis: balance optimality and feasibility.
MIP search method: dynamic search.
Parallel mode: deterministic, using up to 8 threads.
Root relaxation solution time = 0,02 sec. (22,61 ticks)

        Nodes                                         Cuts/
   Node  Left     Objective  IInf  Best Integer    Best Bound    ItCnt     Gap

*     0+    0                            0,0000     5228,8000              --- 
      0     0     1068,1500     2        0,0000     1068,1500      541     --- 
*     0+    0                         1066,9000     1068,1500             0,12%
*     0+    0                         1068,1000     1068,1500             0,00%
      0     0        cutoff           1068,1000     1068,1500      541    0,00%
Elapsed time = 1,10 sec. (3377,64 ticks, tree = 0,00 MB, solutions = 3)

Root node processing (before b&c):
  Real time             =    1,11 sec. (3383,74 ticks)
Parallel b&c, 8 threads:
  Real time             =    0,00 sec. (0,00 ticks)
  Sync time (average)   =    0,00 sec.
  Wait time (average)   =    0,00 sec.
                          ------------
Total (root+branch&cut) =    1,11 sec. (3383,74 ticks)

<<< solve


OBJECTIVE: 1068.1

<<< post process


<<< done

