
<<< setup


<<< generate

Found incumbent of value 0.000000 after 0.00 sec. (2.03 ticks)
Tried aggregator 2 times.
MIP Presolve eliminated 38520 rows and 36155 columns.
MIP Presolve modified 6269 coefficients.
Aggregator did 6260 substitutions.
Reduced MIP has 6894 rows, 13146 columns, and 31926 nonzeros.
Reduced MIP has 4696 binaries, 2190 generals, 0 SOSs, and 0 indicators.
Presolve time = 0.17 sec. (68.71 ticks)
Probing time = 0.01 sec. (4.16 ticks)
Tried aggregator 1 time.
Reduced MIP has 6894 rows, 13146 columns, and 31926 nonzeros.
Reduced MIP has 4696 binaries, 2190 generals, 0 SOSs, and 0 indicators.
Presolve time = 0.04 sec. (19.32 ticks)
Probing time = 0.02 sec. (4.14 ticks)
Clique table members: 261.
MIP emphasis: balance optimality and feasibility.
MIP search method: dynamic search.
Parallel mode: deterministic, using up to 8 threads.
Root relaxation solution time = 0.14 sec. (116.69 ticks)

        Nodes                                         Cuts/
   Node  Left     Objective  IInf  Best Integer    Best Bound    ItCnt     Gap

*     0+    0                            0.0000    13807.2492              --- 
      0     0     2182.1460     3        0.0000     2182.1460     1617     --- 
*     0+    0                         2181.8095     2182.1460             0.02%

Root node processing (before b&c):
  Real time             =    0.92 sec. (585.51 ticks)
Parallel b&c, 8 threads:
  Real time             =    0.00 sec. (0.00 ticks)
  Sync time (average)   =    0.00 sec.
  Wait time (average)   =    0.00 sec.
                          ------------
Total (root+branch&cut) =    0.92 sec. (585.51 ticks)

<<< solve


OBJECTIVE: 2181.809
avg_utility = 0.668037

<<< post process


<<< done

