
<<< setup


<<< generate

Found incumbent of value 0.000000 after 0.05 sec. (16.42 ticks)
Tried aggregator 8 times.
MIP Presolve eliminated 110715 rows and 320924 columns.
MIP Presolve modified 29084 coefficients.
Aggregator did 79907 substitutions.
Reduced MIP has 60258 rows, 127890 columns, and 383262 nonzeros.
Reduced MIP has 13988 binaries, 0 generals, 0 SOSs, and 0 indicators.
Presolve time = 19.80 sec. (8108.97 ticks)
Probing time = 0.08 sec. (5.35 ticks)
Tried aggregator 1 time.
Reduced MIP has 60258 rows, 127890 columns, and 383262 nonzeros.
Reduced MIP has 13988 binaries, 0 generals, 0 SOSs, and 0 indicators.
Presolve time = 0.65 sec. (208.49 ticks)
Probing time = 0.11 sec. (5.63 ticks)
MIP emphasis: balance optimality and feasibility.
MIP search method: dynamic search.
Parallel mode: deterministic, using up to 8 threads.
Root relaxation solution time = 5.24 sec. (1991.67 ticks)

        Nodes                                         Cuts/
   Node  Left     Objective  IInf  Best Integer    Best Bound    ItCnt     Gap

*     0+    0                            0.0000    31030.5016              --- 
      0     0     7851.0000  1485        0.0000     7851.0000     5302     --- 
*     0+    0                         5717.3027     7851.0000            37.32%
      0     0     7779.0160   909     5717.3027    Cuts: 4415    67783   36.06%
      0     0     7713.8319  1116     5717.3027    Cuts: 3101   100416   34.92%
      0     0     7644.3326  1174     5717.3027    Cuts: 3795   133842   33.71%
*     0+    0                         6169.7987     7644.3326            23.90%
*     0+    0                         6180.8043     7644.3326            23.68%
*     0+    0                         6194.4998     7644.3326            23.41%
*     0+    0                         6195.6512     7644.3326            23.38%
*     0+    0                         6196.8223     7644.3326            23.36%
*     0+    0                         6197.6752     7644.3326            23.34%
      0     0     7531.3240   939     6197.6752    Cuts: 4101   155768   21.52%
      0     0     7502.0598  1041     6197.6752    Cuts: 2872   164319   21.05%
      0     0     7446.1387   514     6197.6752    Cuts: 3942   186496   20.14%
*     0+    0                         6891.9205     7446.1387             8.04%
*     0+    0                         6923.0907     7446.1387             7.56%
*     0+    0                         6956.5949     7446.1387             7.04%
*     0+    0                         6965.0047     7446.1387             6.91%
*     0+    0                         6970.3288     7446.1387             6.83%
*     0+    0                         6971.4914     7446.1387             6.81%
*     0+    0                         6972.2490     7446.1387             6.80%
*     0+    0                         6972.7916     7446.1387             6.79%
      0     0     7428.8261   484     6972.7916    Cuts: 2176   194072    6.54%
      0     0     7414.4067   378     6972.7916    Cuts: 2365   220088    6.33%
      0     0     7408.4993   341     6972.7916    Cuts: 1538   244607    6.25%
*     0+    0                         7229.2880     7408.4993             2.48%
*     0+    0                         7262.7930     7408.4993             2.01%
*     0+    0                         7274.6991     7408.4993             1.84%
      0     0     7403.8307   307     7274.6991    Cuts: 1022   282481    1.78%
      0     0     7399.4277   264     7274.6991     Cuts: 976   304638    1.71%
      0     0     7398.2350   185     7274.6991     Cuts: 937   325521    1.70%
*     0+    0                         7326.6252     7398.2350             0.98%

Cover cuts applied:  3
Implied bound cuts applied:  389
Flow cuts applied:  18785
Mixed integer rounding cuts applied:  5490
Flow path cuts applied:  1260
Gomory fractional cuts applied:  299

Root node processing (before b&c):
  Real time             = 1463.61 sec. (518213.77 ticks)
Parallel b&c, 8 threads:
  Real time             =    0.00 sec. (0.00 ticks)
  Sync time (average)   =    0.00 sec.
  Wait time (average)   =    0.00 sec.
                          ------------
Total (root+branch&cut) = 1463.61 sec. (518213.77 ticks)

<<< solve


OBJECTIVE: 7326.625
avg_utility = 0.933209

<<< post process


<<< done

