
<<< setup


<<< generate

Found incumbent of value 0,000000 after 0,05 sec. (55,57 ticks)
Tried aggregator 2 times.
MIP Presolve eliminated 2397162 rows and 1216135 columns.
MIP Presolve modified 5710 coefficients.
Aggregator did 5695 substitutions.
Reduced MIP has 15191 rows, 23723 columns, and 61681 nonzeros.
Reduced MIP has 4745 binaries, 0 generals, 0 SOSs, and 0 indicators.
Presolve time = 0,93 sec. (1596,12 ticks)
Probing time = 0,01 sec. (1,28 ticks)
Tried aggregator 1 time.
Reduced MIP has 15191 rows, 23723 columns, and 61681 nonzeros.
Reduced MIP has 4745 binaries, 0 generals, 0 SOSs, and 0 indicators.
Presolve time = 0,06 sec. (64,73 ticks)
Probing time = 0,01 sec. (1,28 ticks)
MIP emphasis: balance optimality and feasibility.
MIP search method: dynamic search.
Parallel mode: deterministic, using up to 8 threads.
Root relaxation solution time = 0,07 sec. (120,91 ticks)

        Nodes                                         Cuts/
   Node  Left     Objective  IInf  Best Integer    Best Bound    ItCnt     Gap

*     0+    0                            0,0000     7005,3495              --- 
      0     0     1633,0000   542        0,0000     1633,0000     1898     --- 
*     0+    0                         1533,2082     1633,0000             6,51%
      0     0     1633,0000   408     1533,2082    Cuts: 1284     3011    6,51%
*     0     0      integral     0     1611,4053    Cuts: 1013     4738    0,00%
      0     0        cutoff           1611,4053     1611,4053     4738    0,00%
Elapsed time = 1,97 sec. (3058,11 ticks, tree = 0,00 MB, solutions = 3)

Flow cuts applied:  1827
Mixed integer rounding cuts applied:  71
Gomory fractional cuts applied:  399

Root node processing (before b&c):
  Real time             =    2,03 sec. (3111,80 ticks)
Parallel b&c, 8 threads:
  Real time             =    0,00 sec. (0,00 ticks)
  Sync time (average)   =    0,00 sec.
  Wait time (average)   =    0,00 sec.
                          ------------
Total (root+branch&cut) =    2,03 sec. (3111,80 ticks)

<<< solve


OBJECTIVE: 1611.405
avg_utility = 0.986776

<<< post process


<<< done

