
<<< setup


<<< generate

Presolve has eliminated 325601 rows and 575739 columns...
Tried aggregator 4 times.
MIP Presolve eliminated 613796 rows and 835939 columns.
MIP Presolve modified 7935 coefficients.
Aggregator did 67870 substitutions.
Reduced MIP has 17472 rows, 33316 columns, and 88846 nonzeros.
Reduced MIP has 13522 binaries, 3924 generals, 0 SOSs, and 0 indicators.
Presolve time = 12,40 sec. (70149,67 ticks)
Found incumbent of value 0,000000 after 12,51 sec. (70226,53 ticks)
Probing time = 0,01 sec. (3,96 ticks)
Tried aggregator 2 times.
Aggregator did 10 substitutions.
Reduced MIP has 17462 rows, 33306 columns, and 88826 nonzeros.
Reduced MIP has 13522 binaries, 3924 generals, 0 SOSs, and 0 indicators.
Presolve time = 0,08 sec. (80,64 ticks)
Probing time = 0,02 sec. (3,95 ticks)
Clique table members: 932.
MIP emphasis: balance optimality and feasibility.
MIP search method: dynamic search.
Parallel mode: deterministic, using up to 8 threads.
Root relaxation solution time = 0,33 sec. (538,46 ticks)

        Nodes                                         Cuts/
   Node  Left     Objective  IInf  Best Integer    Best Bound    ItCnt     Gap

*     0+    0                            0,0000    18975,0000              --- 
      0     0     3537,8900    18        0,0000     3537,8900       42     --- 
      0     0     3537,8157    27        0,0000       Cuts: 9       54     --- 
      0     0     3537,7732    37        0,0000       Cuts: 5       58     --- 
      0     0     3537,6100    33        0,0000       Cuts: 6       71     --- 
      0     0     3537,6000    39        0,0000       Cuts: 5       76     --- 
*     0+    0                         3529,0000     3537,6000             0,24%
*     0+    0                         3530,2000     3537,6000             0,21%
*     0+    0                         3533,6000     3537,6000             0,11%
*     0+    0                         3535,4000     3537,6000             0,06%

Repeating presolve.
Tried aggregator 2 times.
MIP Presolve eliminated 6121 rows and 12297 columns.
MIP Presolve modified 31 coefficients.
Aggregator did 6120 substitutions.
Reduced MIP has 5221 rows, 14889 columns, and 39692 nonzeros.
Reduced MIP has 7413 binaries, 3834 generals, 0 SOSs, and 0 indicators.
Presolve time = 0,07 sec. (73,84 ticks)
Probing time = 0,01 sec. (1,82 ticks)
Tried aggregator 1 time.
Reduced MIP has 5221 rows, 14889 columns, and 39692 nonzeros.
Reduced MIP has 7413 binaries, 3834 generals, 0 SOSs, and 0 indicators.
Presolve time = 0,03 sec. (31,81 ticks)
Represolve time = 0,22 sec. (218,78 ticks)
Probing time = 0,01 sec. (1,82 ticks)
Clique table members: 939.
MIP emphasis: balance optimality and feasibility.
MIP search method: dynamic search.
Parallel mode: deterministic, using up to 8 threads.
Root relaxation solution time = 0,07 sec. (107,64 ticks)

        Nodes                                         Cuts/
   Node  Left     Objective  IInf  Best Integer    Best Bound    ItCnt     Gap

*     0+    0                         3535,4000     3537,6000             0,06%
      0     0     3537,6000    31     3535,4000     3537,6000     1724    0,06%
      0     0     3537,5056    48     3535,4000       Cuts: 8     1736    0,06%
      0     0     3537,3950    36     3535,4000       Cuts: 7     1763    0,06%
      0     0     3537,3902    40     3535,4000       Cuts: 5     1769    0,06%
*     0+    0                         3536,0000     3537,3902             0,04%
      0     0     3537,3833    33     3536,0000       Cuts: 4     1779    0,04%
      0     0     3537,3733    28     3536,0000       Cuts: 7     1788    0,04%
      0     0     3537,3333    37     3536,0000       Cuts: 5     1799    0,04%
*     0+    0                         3536,2000     3537,3333             0,03%
      0     2     3537,3333    30     3536,2000     3537,3333     1799    0,03%
Elapsed time = 16,20 sec. (74889,36 ticks, tree = 0,00 MB, solutions = 7)
*     4+    4                         3536,4000     3537,3093             0,03%
     21    23     3536,6000     7     3536,4000     3537,2733     1939    0,02%
    222   139     3536,9500    32     3536,4000     3537,2333     2810    0,02%
    719   432     3536,6000     4     3536,4000     3537,0778     4572    0,02%
   1186   613     3536,8514    35     3536,4000     3536,9967     6546    0,02%
*  1575+  669                         3536,6000     3536,9019             0,01%

Cover cuts applied:  135
Mixed integer rounding cuts applied:  9
Zero-half cuts applied:  6
Lift and project cuts applied:  1

Root node processing (before b&c):
  Real time             =   16,24 sec. (74954,74 ticks)
Parallel b&c, 8 threads:
  Real time             =    2,27 sec. (1249,86 ticks)
  Sync time (average)   =    0,38 sec.
  Wait time (average)   =    0,45 sec.
                          ------------
Total (root+branch&cut) =   18,52 sec. (76204,60 ticks)

<<< solve


OBJECTIVE: 3536.6
avg_utility = 0.559146

<<< post process


<<< done

