
<<< setup


<<< generate

Found incumbent of value 0,000000 after 0,09 sec. (102,58 ticks)
Aggregator has done 10118 substitutions...
Aggregator has done 20957 substitutions...
Aggregator has done 32118 substitutions...
Aggregator has done 43638 substitutions...
Aggregator has done 55518 substitutions...
Aggregator has done 67838 substitutions...
Aggregator has done 80598 substitutions...
Aggregator has done 93877 substitutions...
Aggregator has done 107758 substitutions...
Aggregator has done 122318 substitutions...
Aggregator has done 137678 substitutions...
Aggregator has done 153998 substitutions...
Aggregator has done 171478 substitutions...
Aggregator has done 190358 substitutions...
Aggregator has done 211078 substitutions...
Aggregator has done 234318 substitutions...
Aggregator has done 261318 substitutions...
Aggregator has done 294878 substitutions...
Aggregator has done 345398 substitutions...
Tried aggregator 2 times.
MIP Presolve eliminated 6998439 rows and 810943 columns.
MIP Presolve modified 3132 coefficients.
Aggregator did 403127 substitutions.
Reduced MIP has 8338 rows, 10939 columns, and 29172 nonzeros.
Reduced MIP has 521 binaries, 0 generals, 0 SOSs, and 0 indicators.
Presolve time = 74,36 sec. (195664,32 ticks)
Probing time = 0,00 sec. (0,54 ticks)
Tried aggregator 1 time.
Reduced MIP has 8338 rows, 10939 columns, and 29172 nonzeros.
Reduced MIP has 521 binaries, 0 generals, 0 SOSs, and 0 indicators.
Presolve time = 0,06 sec. (91,33 ticks)
Probing time = 0,01 sec. (0,54 ticks)
MIP emphasis: balance optimality and feasibility.
MIP search method: dynamic search.
Parallel mode: deterministic, using up to 8 threads.
Root relaxation solution time = 0,03 sec. (54,32 ticks)

        Nodes                                         Cuts/
   Node  Left     Objective  IInf  Best Integer    Best Bound    ItCnt     Gap

*     0+    0                            0,0000     3500,5298              --- 
*     0+    0                          757,7740     3500,5298           361,95%
      0     0      816,0000   111      757,7740      816,0000     1042    7,68%
*     0+    0                          816,0000      816,0000             0,00%
      0     0        cutoff            816,0000      816,0000     1042    0,00%
Elapsed time = 74,67 sec. (196045,77 ticks, tree = 0,00 MB, solutions = 3)

Root node processing (before b&c):
  Real time             =   74,74 sec. (196100,37 ticks)
Parallel b&c, 8 threads:
  Real time             =    0,00 sec. (0,00 ticks)
  Sync time (average)   =    0,00 sec.
  Wait time (average)   =    0,00 sec.
                          ------------
Total (root+branch&cut) =   74,74 sec. (196100,37 ticks)

<<< solve


OBJECTIVE: 816
avg_utility = 1

<<< post process


<<< done

