
<<< setup


<<< generate

Found incumbent of value 0.000000 after 0.05 sec. (18.90 ticks)
Tried aggregator 8 times.
MIP Presolve eliminated 342231 rows and 327238 columns.
MIP Presolve modified 31170 coefficients.
Aggregator did 111380 substitutions.
Reduced MIP has 48140 rows, 93223 columns, and 286707 nonzeros.
Reduced MIP has 2720 binaries, 0 generals, 0 SOSs, and 0 indicators.
Presolve time = 18.31 sec. (8332.67 ticks)
Probing time = 0.06 sec. (3.91 ticks)
Tried aggregator 1 time.
Reduced MIP has 48140 rows, 93223 columns, and 286707 nonzeros.
Reduced MIP has 2720 binaries, 0 generals, 0 SOSs, and 0 indicators.
Presolve time = 0.44 sec. (160.78 ticks)
Probing time = 0.08 sec. (4.09 ticks)
MIP emphasis: balance optimality and feasibility.
MIP search method: dynamic search.
Parallel mode: deterministic, using up to 8 threads.
Root relaxation solution time = 1.05 sec. (341.24 ticks)

        Nodes                                         Cuts/
   Node  Left     Objective  IInf  Best Integer    Best Bound    ItCnt     Gap

*     0+    0                            0.0000    30276.8502              --- 
      0     0     7863.0000  1562        0.0000     7863.0000     3967     --- 
      0     0     7665.0845  1055        0.0000    Cuts: 4725    44349     --- 
      0     0     7495.2194  1083        0.0000    Cuts: 5923    82464     --- 
      0     0     7339.3625  1230        0.0000    Cuts: 6967   116255     --- 
*     0+    0                         3417.3629     7339.3625           114.77%
*     0+    0                         4700.9932     7339.3625            56.12%
*     0+    0                         4712.3538     7339.3625            55.75%
      0     0     7237.0314  1355     4712.3538    Cuts: 7920   149060   53.58%
      0     0     7125.4638   123     4712.3538    Cuts: 8427   178061   51.21%
      0     0     7120.3907   158     4712.3538     Cuts: 522   184500   51.10%
*     0+    0                         4730.2273     7120.3907            50.53%
*     0+    0                         5768.0376     7120.3907            23.45%
*     0+    0                         6123.9259     7120.3907            16.27%
*     0+    0                         6133.4666     7120.3907            16.09%
*     0+    0                         6766.3909     7120.3907             5.23%
      0     0     7118.9997   281     6766.3909     Cuts: 867   195592    5.21%
      0     0     7116.8743   245     6766.3909    Cuts: 1301   200940    5.18%
      0     0     7112.8102   203     6766.3909    Cuts: 1203   204669    5.12%
      0     0     7111.3611   244     6766.3909    Cuts: 1031   209553    5.10%
      0     0     7108.3284   195     6766.3909    Cuts: 1244   218225    5.05%
      0     0     7106.1770   256     6766.3909    Cuts: 1043   224144    5.02%
      0     0     7104.9741   222     6766.3909    Cuts: 1176   231740    5.00%
      0     0     7103.5845   270     6766.3909    Cuts: 1187   237980    4.98%
      0     0     7099.7717   200     6766.3909    Cuts: 1196   250184    4.93%
*     0+    0                         6811.6247     7099.7717             4.23%
      0     0     7095.1852   160     6811.6247    Cuts: 1205   256996    4.16%
      0     0     7092.9644   193     6811.6247     Cuts: 399   263387    4.13%
      0     0     7091.7434   215     6811.6247     Cuts: 524   274157    4.11%
      0     0     7088.4411   100     6811.6247     Cuts: 811   277472    4.06%
      0     0     7087.6492   134     6811.6247     Cuts: 320   296422    4.05%
Heuristic still looking.
Heuristic still looking.
*     0+    0                         6811.8513     7087.6492             4.05%
      0     2     7087.6492   134     6811.8513     7087.6492   296422    4.05%
Elapsed time = 1530.42 sec. (487345.57 ticks, tree = 0.00 MB, solutions = 11)
      1     3     7076.9477   130     6811.8513     7087.6492   315764    4.05%
      2     4     7077.6177   129     6811.8513     7087.6492   329810    4.05%
      3     5     7063.2820   129     6811.8513     7076.9109   333465    3.89%
*     4+    4                         6819.4108     7076.9109             3.78%
      4     6     7068.4148   131     6819.4108     7076.9109   373907    3.78%
      7     9     7063.1206   124     6819.4108     7076.9109   399571    3.78%
      9    11     7057.3524   131     6819.4108     7068.5342   437330    3.65%
     10    12     7057.4245   126     6819.4108     7068.5342   485212    3.65%
     12    14     7047.0063   128     6819.4108     7068.5342   579408    3.65%
     15    17     7035.1939   125     6819.4108     7068.5342   688223    3.65%
     17    19     7038.7946   127     6819.4108     7068.5342   742975    3.65%
Elapsed time = 2412.27 sec. (719294.22 ticks, tree = 0.00 MB, solutions = 13)
     18    20     7042.1437   129     6819.4108     7068.5342   763576    3.65%
*    22+   22                         6819.9758     7068.5342             3.64%
     22    24     7051.1001   125     6819.9758     7068.5342   814252    3.64%
*    23+   23                         6828.8027     7068.5342             3.51%
     23    25     7037.2301   134     6828.8027     7068.5342   851125    3.51%
     25    27     7050.3831   124     6828.8027     7068.5342   879670    3.51%
     34    36     7010.2992   125     6828.8027     7068.5342   963838    3.51%
     35    37     6997.9843   122     6828.8027     7068.5342   974633    3.51%
     36    38     7022.4204   115     6828.8027     7068.5342  1001130    3.51%
*    42+   42                         6828.8947     7068.5342             3.51%
*    42+   42                         6829.0629     7068.5342             3.51%
     42    44     7046.2923   129     6829.0629     7068.5342  1043163    3.51%
     47    49     7021.5105   113     6829.0629     7068.5342  1160859    3.51%
     55    57     7017.2101   122     6829.0629     7068.5342  1236095    3.51%
Elapsed time = 3424.65 sec. (859777.01 ticks, tree = 0.00 MB, solutions = 15)
    130   130     6907.6552    70     6829.0629     7068.5342  2307040    3.51%
    131   131     6950.6799    93     6829.0629     7068.5342  2355890    3.51%
    139   139     6949.7541    93     6829.0629     7068.5342  2476263    3.51%
    142   142     6997.2238   104     6829.0629     7068.5342  2513333    3.51%
    147   147     6893.8555   176     6829.0629     7068.5342  2583359    3.51%
    175   169     6894.8514    73     6829.0629     7068.5342  2837572    3.51%
    176   170     6933.8177    87     6829.0629     7068.5342  2855548    3.51%
    179   173     6941.9232   191     6829.0629     7068.5342  2897620    3.51%
    187   179     6972.3886   103     6829.0629     7068.5342  3024219    3.51%
    189   181     7043.0061   137     6829.0629     7068.5342  3053762    3.51%
Elapsed time = 4824.64 sec. (1014765.47 ticks, tree = 0.00 MB, solutions = 17)
    197   187     7029.8519   136     6829.0629     7068.5342  3151826    3.51%
    205   193     7031.8427   135     6829.0629     7068.5342  3233301    3.51%
    208   196     6923.3314    77     6829.0629     7068.5342  3255665    3.51%
    215   201     6889.1721    80     6829.0629     7068.5342  3333661    3.51%
    223   207     6887.1027    73     6829.0629     7068.5342  3418506    3.51%
    231   215     6880.8712    71     6829.0629     7068.5342  3505823    3.51%
    247   227     6874.1118    81     6829.0629     7068.5342  3662516    3.51%
    259   235     6953.8353    67     6829.0629     7068.5342  3751444    3.51%
    392   354     6834.3871    96     6829.0629     7068.5342  5131641    3.51%
    394   356     6945.4651   126     6829.0629     7068.5342  5146892    3.51%
Elapsed time = 5901.10 sec. (1124656.26 ticks, tree = 22.77 MB, solutions = 17)
    399   361     7030.8219   126     6829.0629     7068.5342  5202762    3.51%
    403   363     6972.6289   129     6829.0629     7068.5342  5247669    3.51%
    407   367     7022.5558   111     6829.0629     7068.5342  5300334    3.51%
    411   369     6966.7741   117     6829.0629     7068.5342  5373017    3.51%
    416   374     7031.4160   140     6829.0629     7068.5342  5420826    3.51%
    424   382     7023.0652   137     6829.0629     7068.5342  5503122    3.51%
    432   390     7024.9896   145     6829.0629     7068.5342  5597721    3.51%
    440   394     7015.4854   136     6829.0629     7068.5342  5722654    3.51%
    448   402     7016.6864   149     6829.0629     7068.5342  5858523    3.51%
    456   408     7007.7813   125     6829.0629     7068.5342  6030160    3.51%
Elapsed time = 6414.01 sec. (1177855.55 ticks, tree = 22.77 MB, solutions = 17)
    464   416     7001.9893   125     6829.0629     7068.5342  6138220    3.51%
    472   422     6986.1660   123     6829.0629     7068.5342  6232395    3.51%
    488   438     6974.9025   149     6829.0629     7068.5342  6339376    3.51%
    496   444        cutoff           6829.0629     7068.5342  6435861    3.51%
    504   450     6969.5614   137     6829.0629     7068.5342  6615886    3.51%
    512   458     6965.7747   149     6829.0629     7068.5342  6684087    3.51%
    520   466     6957.3068   133     6829.0629     7068.5342  6774804    3.51%
    528   474     6945.1518   118     6829.0629     7068.5342  6881307    3.51%
    544   486     6937.3925   117     6829.0629     7068.5342  7073812    3.51%
    560   494     6935.6308   118     6829.0629     7068.5342  7221789    3.51%
Elapsed time = 6643.98 sec. (1205726.81 ticks, tree = 22.77 MB, solutions = 17)
    568   502     6926.3649   114     6829.0629     7068.5342  7293793    3.51%
    584   510     6891.2822    73     6829.0629     7068.5342  7500073    3.51%
    640   540        cutoff           6829.0629     7068.5342  8291830    3.51%
    651   545     7045.0377   130     6829.0629     7068.5342  8430737    3.51%
    666   550     7037.6460   132     6829.0629     7068.5342  8690167    3.51%
    679   555     6888.5113    72     6829.0629     7057.1235  8888733    3.34%
    680   556     6958.6924    97     6829.0629     7057.1235  8903574    3.34%
    682   558     7037.1244   125     6829.0629     7057.1235  8926761    3.34%
    690   566     7030.0799   125     6829.0629     7057.1235  9010817    3.34%
    698   574     7023.9543   120     6829.0629     7057.1235  9093141    3.34%
Elapsed time = 7241.00 sec. (1270596.30 ticks, tree = 34.95 MB, solutions = 17)
*   701+  575                         6831.0198     7057.1235             3.31%
    706   582     7013.0166   113     6831.0198     7057.1235  9165790    3.31%
    713   589     6987.0076   119     6831.0198     7057.1235  9254845    3.31%
    721   597     6985.5131   116     6831.0198     7057.1235  9337213    3.31%
    729   605     6982.0379   117     6831.0198     7057.1235  9413197    3.31%
*   730+  604                         6831.0198     7057.1235             3.31%
    730   606     6995.8936   102     6831.0198     7057.1235  9418032    3.31%
    738   614     6995.2403    96     6831.0198     7057.1235  9514578    3.31%
    746   622     6991.7414    99     6831.0198     7057.1235  9585955    3.31%
    754   630     6983.4677   101     6831.0198     7057.1235  9662822    3.31%
    762   638     6976.0527    98     6831.0198     7057.1235  9720739    3.31%
    770   646     6973.8081   105     6831.0198     7057.1235  9800596    3.31%
Elapsed time = 7674.77 sec. (1315697.30 ticks, tree = 34.95 MB, solutions = 17)
    778   654     6969.7767   118     6831.0198     7057.1235  9891425    3.31%
    786   662     6966.2973   111     6831.0198     7057.1235  9956782    3.31%
    794   670     6963.3232   118     6831.0198     7057.1235 10033781    3.31%
    802   678     6955.1078   116     6831.0198     7057.1235 10120959    3.31%
    872   740     7025.5179   133     6831.0198     7057.1235 10947855    3.31%
    927   790     7021.9600   143     6831.0198     7057.1235 11342377    3.31%
    934   793        cutoff           6831.0198     7057.1235 11429214    3.31%
    935   794     6993.8957   118     6831.0198     7057.1235 11454992    3.31%
    943   798     6983.8309   105     6831.0198     7057.1235 11570099    3.31%
    944   799     7037.3034   133     6831.0198     7057.1235 11586120    3.31%
Elapsed time = 8369.29 sec. (1378069.61 ticks, tree = 48.42 MB, solutions = 18)
    952   805     7027.2231   124     6831.0198     7057.1235 11656833    3.31%
    960   811     7019.3877   119     6831.0198     7057.1235 11744042    3.31%
    968   819     7005.4363   118     6831.0198     7057.1235 11924518    3.31%
    976   827     6993.5427   124     6831.0198     7057.1235 12013848    3.31%
    984   835     6985.8294   112     6831.0198     7057.1235 12096043    3.31%
    992   843     6977.1136   118     6831.0198     7057.1235 12165102    3.31%
   1000   851     6971.3778   114     6831.0198     7057.1235 12275823    3.31%
   1008   857     6969.5785   112     6831.0198     7057.1235 12366619    3.31%
   1016   865     6966.1386   103     6831.0198     7057.1235 12420493    3.31%
   1032   879     6959.1315   121     6831.0198     7057.1235 12585960    3.31%
Elapsed time = 8751.97 sec. (1417875.36 ticks, tree = 48.42 MB, solutions = 18)
   1048   893     6949.9641   119     6831.0198     7057.1235 12742074    3.31%
   1064   907     6940.3157   120     6831.0198     7057.1235 12855103    3.31%
   1385  1174     7043.6957   142     6831.0198     7057.1235 14974368    3.31%
   1408  1197     6938.7007   102     6831.0198     7046.2518 15066273    3.15%
   1413  1202     6859.4368   158     6831.0198     7046.2518 15099763    3.15%
   1461  1250     6841.2437   165     6831.0198     7046.2518 15493659    3.15%
   1493  1282     6837.5444   181     6831.0198     7046.2518 15701334    3.15%
   1533  1322     6834.0723   195     6831.0198     7046.2518 15944561    3.15%
   1581  1370     6834.0562   196     6831.0198     7046.2518 16275050    3.15%
   1593  1382     6927.0569   121     6831.0198     7046.2518 16345692    3.15%
Elapsed time = 9652.89 sec. (1526001.44 ticks, tree = 60.76 MB, solutions = 18)
   1617  1406     6917.2644   134     6831.0198     7046.2518 16474712    3.15%
   1649  1438     6903.4323   142     6831.0198     7046.2518 16635853    3.15%
   1673  1462     6888.5828   139     6831.0198     7046.2518 16786155    3.15%
   1698  1483     7038.2460   140     6831.0198     7046.2518 16889954    3.15%
   1810  1591     7041.7526   140     6831.0198     7046.2518 17375141    3.15%
   1919  1688     7035.3942   141     6831.0198     7046.2518 17777839    3.15%
   1923  1692     7021.7989   126     6831.0198     7044.8916 17800011    3.13%
   1924  1693     6946.7049   188     6831.0198     7044.8916 17827536    3.13%
   1933  1702     6850.1823   220     6831.0198     7044.8916 17883271    3.13%
   1964  1733     6928.7269   181     6831.0198     7044.8916 18119850    3.13%
Elapsed time = 10746.40 sec. (1660825.99 ticks, tree = 80.36 MB, solutions = 18)
   1983  1752     6977.7886   125     6831.0198     7044.8916 18267244    3.13%
   1995  1764     6958.6056   135     6831.0198     7044.8916 18353827    3.13%
   2011  1780     6952.5202   141     6831.0198     7044.8916 18477948    3.13%
   2031  1800     6927.4851    78     6831.0198     7044.8916 18628861    3.13%
   2047  1816     6920.1725    73     6831.0198     7044.8916 18795649    3.13%
   2063  1832     6907.3468    94     6831.0198     7044.8916 18939117    3.13%
   2076  1845     6879.4620   169     6831.0198     7044.8916 19035636    3.13%
   2108  1877     6868.2487   170     6831.0198     7044.8916 19259766    3.13%
   2135  1900     6864.3555   165     6831.0198     7044.8916 19438577    3.13%
   2147  1912     6897.7259   128     6831.0198     7044.8916 19565606    3.13%
Elapsed time = 11199.23 sec. (1711123.12 ticks, tree = 80.36 MB, solutions = 18)
   2171  1932     6889.5600   136     6831.0198     7044.8916 19712520    3.13%
   2187  1948     6881.1594   148     6831.0198     7044.8916 19843305    3.13%
   2210  1965     7018.0059   144     6831.0198     7044.8916 20041258    3.13%
   2328  2073     6882.6086    87     6831.0198     7043.0658 20836743    3.10%
   2329  2074     7039.0450   143     6831.0198     7043.0658 20844568    3.10%
   2337  2082     7032.5433   151     6831.0198     7043.0658 20924550    3.10%
   2345  2088     7022.3811   135     6831.0198     7043.0658 20997154    3.10%
   2353  2094     7009.9726   130     6831.0198     7043.0658 21099158    3.10%
   2361  2098     6999.2322   125     6831.0198     7043.0658 21178413    3.10%
   2369  2104     6991.1092   110     6831.0198     7043.0658 21255295    3.10%
Elapsed time = 12068.40 sec. (1832268.45 ticks, tree = 98.68 MB, solutions = 18)
   2377  2112     6983.0873   109     6831.0198     7043.0658 21353362    3.10%
   2401  2136     6976.0890   106     6831.0198     7043.0658 21559842    3.10%
   2417  2152     6969.3547   120     6831.0198     7043.0658 21713643    3.10%
   2433  2168     6958.2882   109     6831.0198     7043.0658 21861534    3.10%
   2449  2184     6949.8620   109     6831.0198     7043.0658 22017734    3.10%
   2457  2192     6946.6838   119     6831.0198     7043.0658 22146006    3.10%
   2473  2208     6936.7743   118     6831.0198     7043.0658 22316368    3.10%
   2489  2224     6935.9387   104     6831.0198     7043.0658 22475581    3.10%
   2513  2248     6928.1963   110     6831.0198     7043.0658 22677787    3.10%
   2545  2280     6918.2215   122     6831.0198     7043.0658 22943446    3.10%
Elapsed time = 12514.11 sec. (1875637.21 ticks, tree = 98.68 MB, solutions = 18)
   2561  2296     6910.9097   118     6831.0198     7043.0658 23071668    3.10%
   2583  2314     6861.3851    51     6831.0198     7043.0658 23333216    3.10%
   2598  2325     6897.9909   153     6831.0198     7043.0658 23460220    3.10%
   2622  2343     6883.9220   152     6831.0198     7043.0658 23720971    3.10%
   2651  2362     7031.2721   134     6831.0198     7043.0658 24028654    3.10%
   2695  2400     7023.4112   138     6831.0198     7043.0658 24247464    3.10%
   2703  2408     7019.1276   139     6831.0198     7043.0658 24315897    3.10%
   2711  2414     7014.2702   137     6831.0198     7043.0658 24422785    3.10%
   2719  2422     7003.3575   143     6831.0198     7043.0658 24507897    3.10%
   2740  2443     6970.1846   101     6831.0198     7043.0658 24725344    3.10%
Elapsed time = 12967.72 sec. (1943038.43 ticks, tree = 111.87 MB, solutions = 18)
   2743  2446     6969.1448   132     6831.0198     7043.0658 24781390    3.10%
   2767  2468     6951.3814   128     6831.0198     7043.0658 25037146    3.10%
   2783  2484     6943.0954   130     6831.0198     7043.0658 25167142    3.10%
   2787  2488     6919.4312    90     6831.0198     7043.0658 25259776    3.10%
   2803  2502     6904.9763    93     6831.0198     7043.0658 25392004    3.10%
   2811  2510     6900.5622   100     6831.0198     7043.0658 25472239    3.10%
   2835  2530     6895.2234   112     6831.0198     7043.0658 25683761    3.10%
   2841  2536     6907.3006    59     6831.0198     7043.0658 25788462    3.10%
   2865  2556     6898.0590    70     6831.0198     7043.0658 25990732    3.10%
   2870  2561     7029.9722   138     6831.0198     7043.0658 26035049    3.10%
Elapsed time = 13498.80 sec. (1995087.87 ticks, tree = 111.87 MB, solutions = 18)
   2878  2569     7018.3081   143     6831.0198     7043.0658 26089961    3.10%
   2894  2583     7007.2371   139     6831.0198     7043.0658 26194393    3.10%
   2902  2589     6998.0514   142     6831.0198     7043.0658 26254527    3.10%
   2918  2603     6990.7082   137     6831.0198     7043.0658 26445522    3.10%
   2926  2611     6976.6612   136     6831.0198     7043.0658 26513433    3.10%
   2942  2625     6962.7944   127     6831.0198     7043.0658 26631222    3.10%
   2950  2633     6959.3370   125     6831.0198     7043.0658 26696199    3.10%
   2966  2647     6952.1801   120     6831.0198     7043.0658 26850186    3.10%
   2982  2663     6946.1971   114     6831.0198     7043.0658 26975988    3.10%
   2998  2679     6935.5736   101     6831.0198     7043.0658 27084921    3.10%
Elapsed time = 13923.24 sec. (2047407.73 ticks, tree = 111.87 MB, solutions = 18)
   3022  2699     6923.6150   107     6831.0198     7043.0658 27281446    3.10%
   3027  2704     7017.1937   136     6831.0198     7043.0658 27312828    3.10%
   3223  2884     7028.3825   141     6831.0198     7043.0658 28432659    3.10%
   3230  2891     7022.4144   141     6831.0198     7043.0658 28517863    3.10%
   3246  2907     6997.0400   188     6831.0198     7043.0658 28665666    3.10%
   3262  2923     6994.0350   119     6831.0198     7043.0658 28854702    3.10%
   3278  2939     6970.4530   102     6831.0198     7043.0658 28973637    3.10%
   3294  2955     6958.6285   109     6831.0198     7043.0658 29116799    3.10%
   3310  2971     6946.4529    98     6831.0198     7043.0658 29246623    3.10%
   3326  2987     6930.2950   114     6831.0198     7043.0658 29387924    3.10%
Elapsed time = 14741.81 sec. (2137376.37 ticks, tree = 128.27 MB, solutions = 18)
   3342  3003     6929.2556   113     6831.0198     7043.0658 29501026    3.10%
   3358  3019     6917.6312   134     6831.0198     7043.0658 29663251    3.10%
   3382  3043     6912.0918   139     6831.0198     7043.0658 29840752    3.10%
   3385  3046     6899.3076   136     6831.0198     7043.0658 29856192    3.10%
   3401  3062     6894.1241   137     6831.0198     7043.0658 29958532    3.10%
   3433  3094     6879.8198   135     6831.0198     7043.0658 30179725    3.10%
   3449  3108     6867.7002   171     6831.0198     7043.0658 30335815    3.10%
   3481  3128     6860.0062   183     6831.0198     7043.0658 30635137    3.10%
   3510  3149     6855.6971    95     6831.0198     7043.0658 30920988    3.10%

Implied bound cuts applied:  552
Flow cuts applied:  17525
Mixed integer rounding cuts applied:  15694
Flow path cuts applied:  37
Gomory fractional cuts applied:  164

Root node processing (before b&c):
  Real time             = 1529.96 sec. (487244.18 ticks)
Parallel b&c, 8 threads:
  Real time             = 15123.66 sec. (1956548.14 ticks)
  Sync time (average)   = 2064.56 sec.
  Wait time (average)   = 2065.14 sec.
                          ------------
Total (root+branch&cut) = 16653.62 sec. (2443792.32 ticks)

<<< solve


OBJECTIVE: 6831.02
avg_utility = 0.868755

<<< post process


<<< done

