
<<< setup


<<< generate

Presolve has eliminated 83137 rows and 106577 columns...
Tried aggregator 7 times.
MIP Presolve eliminated 243285 rows and 276229 columns.
MIP Presolve modified 4003 coefficients.
Aggregator did 21248 substitutions.
Reduced MIP has 10503 rows, 27552 columns, and 62976 nonzeros.
Reduced MIP has 9184 binaries, 0 generals, 0 SOSs, and 0 indicators.
Presolve time = 5,00 sec. (13527,65 ticks)
Found incumbent of value 0,000000 after 5,07 sec. (13568,11 ticks)
Probing time = 0,02 sec. (7,61 ticks)
Tried aggregator 2 times.
MIP Presolve eliminated 0 rows and 1312 columns.
MIP Presolve modified 2624 coefficients.
Aggregator did 1312 substitutions.
Reduced MIP has 9191 rows, 24928 columns, and 57728 nonzeros.
Reduced MIP has 9184 binaries, 0 generals, 0 SOSs, and 0 indicators.
Presolve time = 0,15 sec. (132,54 ticks)
Probing time = 0,02 sec. (7,05 ticks)
Clique table members: 1312.
MIP emphasis: balance optimality and feasibility.
MIP search method: dynamic search.
Parallel mode: deterministic, using up to 24 threads.
Root relaxation solution time = 0,16 sec. (203,67 ticks)

        Nodes                                         Cuts/
   Node  Left     Objective  IInf  Best Integer    Best Bound    ItCnt     Gap

*     0+    0                            0,0000     8396,8000       13     --- 
      0     0     1589,8500    27        0,0000     1589,8500       13     --- 
*     0+    0                         1589,8000     1589,8500       13    0,00%
      0     0        cutoff           1589,8000     1589,8500       13    0,00%
Elapsed time = 7,31 sec. (16343,78 ticks, tree = 0,00 MB, solutions = 2)

Root node processing (before b&c):
  Real time             =    2,05 sec. (2629,22 ticks)
Parallel b&c, 24 threads:
  Real time             =    0,00 sec. (0,00 ticks)
  Sync time (average)   =    0,00 sec.
  Wait time (average)   =    0,00 sec.
                          ------------
Total (root+branch&cut) =    2,05 sec. (2629,22 ticks)

<<< solve


OBJECTIVE: 1589.8

<<< post process


<<< done

