
<<< setup


<<< generate

Found incumbent of value 0,000000 after 0,07 sec. (26,32 ticks)
Aggregator has done 101224 substitutions...
Tried aggregator 11 times.
MIP Presolve eliminated 337571 rows and 439500 columns.
MIP Presolve modified 42441 coefficients.
Aggregator did 129964 substitutions.
Reduced MIP has 105035 rows, 216057 columns, and 655034 nonzeros.
Reduced MIP has 3696 binaries, 0 generals, 0 SOSs, and 0 indicators.
Presolve time = 76,52 sec. (18090,34 ticks)
Probing time = 0,13 sec. (8,55 ticks)
Tried aggregator 1 time.
MIP Presolve modified 45 coefficients.
Reduced MIP has 105035 rows, 216057 columns, and 655034 nonzeros.
Reduced MIP has 3696 binaries, 0 generals, 0 SOSs, and 0 indicators.
Presolve time = 1,28 sec. (376,20 ticks)
Probing time = 0,18 sec. (8,83 ticks)
MIP emphasis: balance optimality and feasibility.
MIP search method: dynamic search.
Parallel mode: deterministic, using up to 8 threads.
Root relaxation solution time = 46,62 sec. (7371,24 ticks)

        Nodes                                         Cuts/
   Node  Left     Objective  IInf  Best Integer    Best Bound    ItCnt     Gap

*     0+    0                            0,0000    48381,0000              --- 
*     0+    0                         4908,7667    48381,0000           885,60%
      0     0    15332,1869  1790     4908,7667    15332,1869      139  212,34%
      0     0    13198,1417  1957     4908,7667    Cuts: 9612    39891  168,87%
      0     0    11841,8033  2283     4908,7667    Cuts: 9505    65501  141,24%
      0     0    11028,3330  1968     4908,7667    Cuts: 9975   127654  124,67%
*     0+    0                         7097,1476    11028,3330            55,39%
*     0+    0                         8939,7905    11028,3330            23,36%
      0     0    10728,0182  1263     8939,7905   Cuts: 10000   145014   20,00%
      0     0    10296,1260  1657     8939,7905    Cuts: 9485   185505   15,17%
      0     0     9932,0259  1081     8939,7905    Cuts: 9963   209541   11,10%
*     0+    0                         8974,2043     9932,0259            10,67%
      0     0     9778,1658   485     8974,2043    Cuts: 7211   223437    8,96%
      0     0     9747,4836   265     8974,2043    Cuts: 1994   232322    8,62%
      0     0     9723,3178   248     8974,2043    Cuts: 1165   236570    8,35%
      0     0     9711,4438   271     8974,2043    Cuts: 1289   242475    8,22%
      0     0     9705,2130   232     8974,2043    Cuts: 1249   246718    8,15%
      0     0     9695,7796   168     8974,2043    Cuts: 1036   251626    8,04%
*     0+    0                         8997,0583     9695,7796             7,77%
      0     0     9690,6927   197     8997,0583     Cuts: 702   255186    7,71%
      0     0     9687,2116    99     8997,0583     Cuts: 637   260734    7,67%
      0     0     9685,5644   111     8997,0583     Cuts: 243   264218    7,65%
*     0+    0                         9008,9667     9685,5644             7,51%
      0     0     9683,5901   125     9008,9667     Cuts: 370   268167    7,49%
      0     0     9682,4503    96     9008,9667     Cuts: 380   269446    7,48%
      0     0     9681,4474   126     9008,9667     Cuts: 255   272717    7,46%
*     0+    0                         9014,7833     9681,4474             7,40%
      0     0     9680,5863   106     9014,7833     Cuts: 786   274355    7,39%
*     0+    0                         9016,8833     9680,5863             7,36%
      0     0     9679,8225    83     9016,8833     Cuts: 286   277791    7,35%
      0     0     9679,1592   106     9016,8833     Cuts: 586   280508    7,34%
Heuristic still looking.
Heuristic still looking.
Heuristic still looking.
      0     2     9679,1592   106     9016,8833     9679,1592   280508    7,34%
Elapsed time = 4397,60 sec. (1169691,63 ticks, tree = 0,00 MB, solutions = 8)
      1     3     9437,1297   103     9016,8833     9679,1592   291025    7,34%
      2     4     9666,2064   105     9016,8833     9679,1592   294233    7,34%
      3     5     9643,6610   105     9016,8833     9659,0896   310374    7,12%
      4     6     9419,5614   107     9016,8833     9659,0896   322834    7,12%
*     5+    5                         9027,9778     9659,0896             6,99%
      5     7     9383,8794   113     9027,9778     9659,0896   331358    6,99%
      8    10     9375,2803   108     9027,9778     9659,0896   360815    6,99%
      9    11     9617,5798   103     9027,9778     9642,0879   365379    6,80%
     10    12     9369,0463   106     9027,9778     9642,0879   371149    6,80%
     11    13     9332,1257   122     9027,9778     9642,0879   381172    6,80%
*    12+   12                         9028,0333     9642,0879             6,80%
     12    14     9392,4078   116     9028,0333     9642,0879   399913    6,80%
Elapsed time = 5861,19 sec. (1526166,89 ticks, tree = 0,00 MB, solutions = 9)
*    13+   13                         9028,2833     9642,0879             6,80%
     14    16     9382,4784   111     9028,2833     9642,0879   410660    6,80%
     16    18     9298,0427   105     9028,2833     9642,0879   426425    6,80%
     17    19     9535,6651   120     9028,2833     9642,0879   440325    6,80%
     18    20     9343,8218   116     9028,2833     9642,0879   451022    6,80%
     23    25     9257,8282   116     9028,2833     9642,0879   506321    6,80%
     25    27     9299,5720   119     9028,2833     9642,0879   522739    6,80%
     31    33     9505,5738    88     9028,2833     9642,0879   602217    6,80%
     38    40     9265,7968   104     9028,2833     9642,0879   718499    6,80%
     46    48     9230,2968   103     9028,2833     9642,0879   806103    6,80%
     49    51     9264,1271    97     9028,2833     9642,0879   841383    6,80%
Elapsed time = 8777,17 sec. (1747957,10 ticks, tree = 0,00 MB, solutions = 11)
     54    56     9209,5914   100     9028,2833     9642,0879   887163    6,80%
     71    73     9462,9445    72     9028,2833     9642,0879  1022420    6,80%
     72    74     9169,5528    77     9028,2833     9642,0879  1024141    6,80%
     80    78     9143,6764    77     9028,2833     9642,0879  1054917    6,80%
     81    79     9217,3535    69     9028,2833     9642,0879  1055562    6,80%
     89    85     9168,9360    68     9028,2833     9642,0879  1095079    6,80%
     97    93     9190,4324    69     9028,2833     9642,0879  1153609    6,80%
    105   101     9195,3582    69     9028,2833     9642,0879  1236645    6,80%
    113   105     9195,2912    69     9028,2833     9642,0879  1342163    6,80%
    127   113     9067,1951    53     9028,2833     9642,0879  1528090    6,80%
Elapsed time = 12802,88 sec. (2062307,03 ticks, tree = 0,00 MB, solutions = 11)
    168   141     9296,4145    60     9028,2833     9642,0879  2032950    6,80%
    169   141     9061,4996    65     9028,2833     9642,0879  2056856    6,80%
    177   143        cutoff           9028,2833     9642,0879  2145619    6,80%
    185   151     9046,0341    65     9028,2833     9642,0879  2278425    6,80%
    193   159     9030,9449    51     9028,2833     9642,0879  2413560    6,80%
    201   165     9029,9143    60     9028,2833     9642,0879  2567792    6,80%
    209   169        cutoff           9028,2833     9642,0879  2774482    6,80%
    217   169     9029,8934    58     9028,2833     9642,0879  2956965    6,80%
    219   171     9544,6452    78     9028,2833     9642,0879  2995024    6,80%
    225   175        cutoff           9028,2833     9642,0879  3078266    6,80%
Elapsed time = 15893,27 sec. (2282229,66 ticks, tree = 0,00 MB, solutions = 11)
    227   177     9471,6033    80     9028,2833     9642,0879  3105556    6,80%
    235   183     9543,5355    77     9028,2833     9642,0879  3209984    6,80%
    243   191     9531,3885    76     9028,2833     9642,0879  3336499    6,80%
    248   196     9569,5348    82     9028,2833     9642,0879  3461675    6,80%
    309   243     9574,9065    84     9028,2833     9642,0879  4589872    6,80%
    320   246     9214,9823    44     9028,2833     9589,0689  4738257    6,21%
    321   247     9547,1861    83     9028,2833     9589,0689  4750723    6,21%
    322   248     9544,2696    83     9028,2833     9589,0689  4772742    6,21%
    326   250     9112,4689    45     9028,2833     9589,0689  4859175    6,21%
    329   253     9554,6362    80     9028,2833     9589,0689  4912361    6,21%
Elapsed time = 17272,90 sec. (2435729,25 ticks, tree = 1,82 MB, solutions = 11)
    330   254     9522,7532    84     9028,2833     9589,0689  4955712    6,21%
    337   261     9505,3111    83     9028,2833     9589,0689  5097702    6,21%
    345   267     9532,1026    78     9028,2833     9589,0689  5249608    6,21%
    353   275     9459,1138    80     9028,2833     9589,0689  5423980    6,21%
    361   279     9530,9328    77     9028,2833     9589,0689  5656644    6,21%
    369   287     9501,7558    76     9028,2833     9589,0689  5803253    6,21%
    371   289     9333,2581    61     9028,2833     9589,0689  5831559    6,21%
    379   294     9339,1327    50     9028,2833     9589,0689  6063066    6,21%
    387   300     9317,9609    50     9028,2833     9589,0689  6223437    6,21%
    461   348     9363,8394    89     9028,2833     9589,0689  7938532    6,21%
Elapsed time = 19704,38 sec. (2652411,71 ticks, tree = 1,82 MB, solutions = 11)
    469   356     9403,9755    72     9028,2833     9558,4672  8053302    5,87%
    470   357     9355,4954    54     9028,2833     9558,4672  8061342    5,87%
    477   364     9372,8488    71     9028,2833     9558,4672  8147835    5,87%
    485   370     9362,6104    68     9028,2833     9558,4672  8340536    5,87%
    493   378     9323,6843    72     9028,2833     9558,4672  8510497    5,87%
    501   386     9331,7169    69     9028,2833     9558,4672  8638874    5,87%
    669   524     9303,0461    69     9028,2833     9558,4672 11895369    5,87%
    677   530     9293,4367    57     9028,2833     9558,4672 12053991    5,87%
    681   534     9191,2859    85     9028,2833     9558,4672 12156134    5,87%
    684   537     9390,2503    78     9028,2833     9558,4672 12189202    5,87%
Elapsed time = 24334,66 sec. (2999659,03 ticks, tree = 22,21 MB, solutions = 11)
    687   540     9398,2414    70     9028,2833     9558,4672 12235854    5,87%
    695   546     9376,7748    52     9028,2833     9558,4672 12414591    5,87%
    703   554     9356,2476    51     9028,2833     9558,4672 12511760    5,87%
    708   559     9300,5939    75     9028,2833     9558,4672 12599827    5,87%
    716   565     9284,6731    74     9028,2833     9558,4672 12786150    5,87%
    724   571     9268,4737    73     9028,2833     9558,4672 12890513    5,87%
    732   577     9247,1699    66     9028,2833     9558,4672 13015226    5,87%
    740   585     9227,0973    56     9028,2833     9558,4672 13147179    5,87%
    748   593     9208,1002    60     9028,2833     9558,4672 13231453    5,87%
    756   601     9189,1171    59     9028,2833     9558,4672 13350426    5,87%
Elapsed time = 26634,31 sec. (3162995,13 ticks, tree = 22,21 MB, solutions = 11)
    764   609     9173,5806    63     9028,2833     9558,4672 13476173    5,87%
    772   617     9158,4124    62     9028,2833     9558,4672 13626859    5,87%
    780   623     9141,2780    59     9028,2833     9558,4672 13721208    5,87%
    788   629     9132,3966    67     9028,2833     9558,4672 13835244    5,87%
    796   637     9116,2087    68     9028,2833     9558,4672 13964685    5,87%
    801   642     9378,7441    74     9028,2833     9558,4672 14023384    5,87%
    804   645     9098,4869    69     9028,2833     9558,4672 14095160    5,87%
    809   650     9355,4714    73     9028,2833     9558,4672 14184688    5,87%
    817   656     9324,5647    73     9028,2833     9558,4672 14334206    5,87%
    825   662     9308,5119    71     9028,2833     9558,4672 14506768    5,87%
Elapsed time = 26847,82 sec. (3212191,48 ticks, tree = 22,21 MB, solutions = 11)
    833   666     9300,2281    71     9028,2833     9558,4672 14681747    5,87%
    841   672     9285,3982    70     9028,2833     9558,4672 14839647    5,87%
    858   679     9470,9758    81     9028,2833     9558,4672 15093754    5,87%
    904   717     9299,1420    55     9028,2833     9531,7825 15899694    5,58%
    906   717     9507,5325    79     9028,2833     9531,7825 15905597    5,58%
    907   718     9413,7041    79     9028,2833     9531,7825 15912259    5,58%
    909   720     9243,8901    51     9028,2833     9531,7825 15947163    5,58%
    917   726     9212,4355    52     9028,2833     9531,7825 16037741    5,58%
    925   734     9207,9637    51     9028,2833     9531,7825 16108521    5,58%
    927   736     9422,0790    84     9028,2833     9531,7825 16135027    5,58%
Elapsed time = 28056,97 sec. (3323289,15 ticks, tree = 33,31 MB, solutions = 11)
    931   740     9350,8332    74     9028,2833     9531,7825 16199392    5,58%
    939   748     9319,6142    74     9028,2833     9531,7825 16301569    5,58%
    947   756     9302,7539    73     9028,2833     9531,7825 16426919    5,58%
    953   762     9403,1740    77     9028,2833     9531,7825 16494933    5,58%
    961   770     9394,2002    76     9028,2833     9531,7825 16600423    5,58%
