
<<< setup


<<< generate

Aggregator has done 217006 substitutions...
Tried aggregator 8 times.
MIP Presolve eliminated 180568 rows and 677603 columns.
MIP Presolve modified 10750 coefficients.
Aggregator did 217828 substitutions.
Reduced MIP has 31861 rows, 96730 columns, and 276882 nonzeros.
Reduced MIP has 20074 binaries, 8190 generals, 0 SOSs, and 0 indicators.
Presolve time = 14,89 sec. (10458,32 ticks)
Found incumbent of value 1215,400000 after 15,05 sec. (10600,36 ticks)
Probing time = 0,21 sec. (54,24 ticks)
Tried aggregator 1 time.
Presolve time = 0,14 sec. (99,42 ticks)
Probing time = 0,44 sec. (54,24 ticks)
Clique table members: 2119.
MIP emphasis: balance optimality and feasibility.
MIP search method: dynamic search.
Parallel mode: deterministic, using up to 24 threads.
Root relaxation solution time = 2,12 sec. (1225,97 ticks)

        Nodes                                         Cuts/
   Node  Left     Objective  IInf  Best Integer    Best Bound    ItCnt     Gap

*     0+    0                         1215,4000    42296,6000    14341     --- 
*     0+    0                         2829,2000    42296,6000    14341     --- 
*     0+    0                         2834,8000    42296,6000    14341     --- 
*     0+    0                         2836,8000    42296,6000    14341     --- 
      0     0    15655,0000  3289     2836,8000    15655,0000    14341  451,85%
      0     0    13413,3714  1855     2836,8000    Cuts: 7702    40616  372,83%
      0     0    11170,9028   829     2836,8000    Cuts: 5475    47555  293,79%
      0     0    11105,3341  1006     2836,8000    Cuts: 1764    52043  291,47%
*     0+    0                         2904,0000    11105,3341    56041  282,42%
      0     0    11055,4006  1267     2904,0000    Cuts: 1650    56041  280,70%
*     0+    0                         3239,6000    11055,4006    59119  241,26%
      0     0    11018,1423   950     3239,6000    Cuts: 1732    59119  240,11%
*     0+    0                         3336,2000    11018,1423    62463  230,26%
      0     0    10996,1357   714     3336,2000    Cuts: 1359    62463  229,60%
      0     0    10981,9871   607     3336,2000    Cuts: 1179    64807  229,18%
*     0+    0                         3398,6000    10981,9871    67347  223,13%
      0     0    10974,1591   487     3398,6000     Cuts: 840    67347  222,90%
*     0+    0                         3401,8000    10974,1591    68424  222,60%
      0     0    10967,6523   393     3401,8000     Cuts: 664    68424  222,41%
*     0+    0                         5962,4000    10967,6523    70662   83,95%
      0     0    10952,7674   147     5962,4000     Cuts: 551    70662   83,70%
      0     0    10950,8933   156     5962,4000     Cuts: 145    71451   83,67%
      0     0    10950,7314   126     5962,4000     Cuts: 104    72735   83,66%
      0     0    10950,6699   148     5962,4000      Cuts: 81    72917   83,66%
      0     0    10950,6063   230     5962,4000     Cuts: 123    74016   83,66%
Heuristic still looking.
Heuristic still looking.
Heuristic still looking.
*     0+    0                         6259,2000    10950,6063    74016   74,95%
      0     2    10950,6063   230     6259,2000    10950,6063    74016   74,95%
Elapsed time = 137,74 sec. (121706,77 ticks, tree = 0,01 MB, solutions = 11)
      1     3    10950,3478   237     6259,2000    10950,6063    74222   74,95%
      2     4    10950,3120   201     6259,2000    10950,6063    74925   74,95%
      3     5    10950,2627   203     6259,2000    10950,3379    75632   74,95%
      4     6    10950,3119   239     6259,2000    10950,3379    75802   74,95%
      5     7    10949,3630   215     6259,2000    10950,3379    76946   74,95%
      9    11    10945,8998   234     6259,2000    10950,3379    79582   74,95%
     10    12    10950,1846   197     6259,2000    10950,2563    79697   74,95%
     13    15    10948,0735   188     6259,2000    10950,2563    82062   74,95%
     16    18    10948,0056   193     6259,2000    10950,2563    84833   74,95%
     19    21    10947,9866   173     6259,2000    10950,2563    85639   74,95%
Elapsed time = 151,67 sec. (134839,58 ticks, tree = 0,01 MB, solutions = 11)
     24    26    10947,7672   239     6259,2000    10950,2227    86948   74,95%
     26    28    10944,5695   249     6259,2000    10950,2227    88817   74,95%
     31    33    10943,2053   288     6259,2000    10950,2227    91802   74,95%
     45    47    10944,5428   233     6259,2000    10950,2227    96357   74,95%
     75    77    10943,9640   240     6259,2000    10950,2227   111095   74,95%
     96    98    10942,4987   226     6259,2000    10950,2227   121331   74,95%
    117   119    10941,0926   229     6259,2000    10950,2227   127983   74,95%
    151   153    10941,8972   143     6259,2000    10950,2227   136634   74,95%
    170   172    10939,1644   173     6259,2000    10950,2227   141756   74,95%
    246   248    10945,4291    47     6259,2000    10950,2227   161375   74,95%
Elapsed time = 204,48 sec. (155278,98 ticks, tree = 0,27 MB, solutions = 11)
    268   270    10944,8175   230     6259,2000    10950,2227   166893   74,95%
    292   294    10944,6719   201     6259,2000    10950,2227   169638   74,95%
    340   342    10935,9536   245     6259,2000    10950,2227   181572   74,95%
    406   408    10934,9801   254     6259,2000    10950,2227   191192   74,95%
    496   498    10743,9505   349     6259,2000    10950,2227   204349   74,95%
   1249  1251    10926,2469   151     6259,2000    10950,2227   215160   74,95%
   1280  1282    10942,7982   169     6259,2000    10950,2227   223152   74,95%
   1295  1297    10938,5511    36     6259,2000    10950,2227   224535   74,95%
   1310  1312    10941,1840    24     6259,2000    10950,2227   230625   74,95%
   1424  1426    10933,1186    24     6259,2000    10950,2227   247515   74,95%
Elapsed time = 273,72 sec. (169461,68 ticks, tree = 100,89 MB, solutions = 11)
   1551  1553    10911,7917    30     6259,2000    10950,2227   270642   74,95%
   1634  1636    10943,8143    66     6259,2000    10950,2227   275841   74,95%
   2721  2723    10869,8784    33     6259,2000    10950,2227   289678   74,95%
   2790  2792    10935,5080    70     6259,2000    10950,2227   302192   74,95%
   2819  2821    10725,1629   163     6259,2000    10950,2227   308790   74,95%
   3054  3056    10934,0426    45     6259,2000    10950,2227   326436   74,95%
   3303  3305    10901,2000   100     6259,2000    10950,2227   338775   74,95%
*  6621+ 4414                        10919,4000    10950,2227   437649    0,28%

Implied bound cuts applied:  491
Flow cuts applied:  10813
Mixed integer rounding cuts applied:  7262
Gomory fractional cuts applied:  360

Root node processing (before b&c):
  Real time             =  116,61 sec. (107857,34 ticks)
Parallel b&c, 24 threads:
  Real time             =  227,89 sec. (103384,25 ticks)
  Sync time (average)   =    0,04 sec.
  Wait time (average)   =    0,00 sec.
                          ------------
Total (root+branch&cut) =  344,50 sec. (211241,59 ticks)

<<< solve


OBJECTIVE: 10919.4
avg_utility = 0.6975023954008231

<<< post process


<<< done

