
<<< setup


<<< generate

Found incumbent of value 0,000000 after 0,01 sec. (15,82 ticks)
Aggregator has done 71306 substitutions...
Tried aggregator 12 times.
MIP Presolve eliminated 66241 rows and 235678 columns.
MIP Presolve modified 49536 coefficients.
Aggregator did 72620 substitutions.
Reduced MIP has 82205 rows, 203431 columns, and 569726 nonzeros.
Reduced MIP has 32830 binaries, 6378 generals, 0 SOSs, and 0 indicators.
Presolve time = 11,13 sec. (10545,84 ticks)
Probing time = 0,06 sec. (10,03 ticks)
Tried aggregator 1 time.
Reduced MIP has 82205 rows, 203431 columns, and 569726 nonzeros.
Reduced MIP has 32830 binaries, 6378 generals, 0 SOSs, and 0 indicators.
Presolve time = 0,39 sec. (250,85 ticks)
Probing time = 0,07 sec. (10,70 ticks)
Clique table members: 1733.
MIP emphasis: balance optimality and feasibility.
MIP search method: dynamic search.
Parallel mode: deterministic, using up to 8 threads.
Root relaxation solution time = 3,22 sec. (4197,39 ticks)

        Nodes                                         Cuts/
   Node  Left     Objective  IInf  Best Integer    Best Bound    ItCnt     Gap

*     0+    0                            0,0000    47132,7468              --- 
      0     0    10913,0891  2237        0,0000    10913,0891     6430     --- 
      0     0    10734,3826  2004        0,0000    Cuts: 6885    25114     --- 
      0     0    10484,3024  2601        0,0000    Cuts: 5744    36720     --- 
      0     0    10279,4573  2718        0,0000    Cuts: 6563    49790     --- 
*     0+    0                         3366,4839    10279,4573           205,35%
*     0+    0                         4798,3915    10279,4573           114,23%
*     0+    0                         5685,6717    10279,4573            80,80%
*     0+    0                         7124,7103    10279,4573            44,28%
      0     0    10139,8465  2535     7124,7103    Cuts: 6337    57571   42,32%
      0     0    10047,8718  1998     7124,7103    Cuts: 6055    67224   41,03%
