
<<< setup


<<< generate

Found incumbent of value 0,000000 after 0,05 sec. (54,89 ticks)
Tried aggregator 2 times.
MIP Presolve eliminated 2398445 rows and 1208825 columns.
MIP Presolve modified 3118 coefficients.
Aggregator did 3115 substitutions.
Reduced MIP has 8306 rows, 12973 columns, and 31136 nonzeros.
Reduced MIP has 2595 binaries, 0 generals, 0 SOSs, and 0 indicators.
Presolve time = 0,78 sec. (1447,16 ticks)
Probing time = 0,00 sec. (0,66 ticks)
Tried aggregator 1 time.
Reduced MIP has 8306 rows, 12973 columns, and 31136 nonzeros.
Reduced MIP has 2595 binaries, 0 generals, 0 SOSs, and 0 indicators.
Presolve time = 0,04 sec. (49,63 ticks)
Probing time = 0,01 sec. (0,66 ticks)
MIP emphasis: balance optimality and feasibility.
MIP search method: dynamic search.
Parallel mode: deterministic, using up to 8 threads.
Root relaxation solution time = 0,05 sec. (72,05 ticks)

        Nodes                                         Cuts/
   Node  Left     Objective  IInf  Best Integer    Best Bound    ItCnt     Gap

*     0+    0                            0,0000     3500,5298              --- 
*     0+    0                          760,8426     3500,5298           360,09%
*     0     0      integral     0      816,0000      816,0000      519    0,00%
Elapsed time = 1,01 sec. (1707,28 ticks, tree = 0,00 MB, solutions = 3)

Root node processing (before b&c):
  Real time             =    1,07 sec. (1759,97 ticks)
Parallel b&c, 8 threads:
  Real time             =    0,00 sec. (0,00 ticks)
  Sync time (average)   =    0,00 sec.
  Wait time (average)   =    0,00 sec.
                          ------------
Total (root+branch&cut) =    1,07 sec. (1759,97 ticks)

<<< solve


OBJECTIVE: 816
avg_utility = 1

<<< post process


<<< done

