
<<< setup


<<< generate

Aggregator has done 114106 substitutions...
Aggregator has done 144702 substitutions...
Tried aggregator 16 times.
MIP Presolve eliminated 299456 rows and 358145 columns.
MIP Presolve modified 81080 coefficients.
Aggregator did 158797 substitutions.
Reduced MIP has 134886 rows, 342259 columns, and 943015 nonzeros.
Reduced MIP has 19364 binaries, 7416 generals, 0 SOSs, and 0 indicators.
Presolve time = 32,29 sec. (25370,09 ticks)
Found incumbent of value 93,000000 after 32,99 sec. (25902,19 ticks)
Probing time = 0,07 sec. (26,71 ticks)
Tried aggregator 1 time.
Presolve time = 0,41 sec. (277,83 ticks)
Probing time = 0,22 sec. (26,71 ticks)
Clique table members: 2094.
MIP emphasis: balance optimality and feasibility.
MIP search method: dynamic search.
Parallel mode: deterministic, using up to 24 threads.
Root relaxation solution time = 1,03 sec. (567,71 ticks)

        Nodes                                         Cuts/
   Node  Left     Objective  IInf  Best Integer    Best Bound    ItCnt     Gap

*     0+    0                           93,0000    37125,0000     9629     --- 
      0     0    12375,0000  3062       93,0000    12375,0000     9629     --- 
      0     0    11472,9668  5628       93,0000    Cuts: 9175    47799     --- 
      0     0    10877,0945  7000       93,0000    Cuts: 9644    66954     --- 
      0     0    10339,7066  9155       93,0000    Cuts: 9782    82833     --- 
      0     0     9849,3218 10774       93,0000    Cuts: 9701   105694     --- 
      0     0     9504,2135  7736       93,0000    Cuts: 9683   128089     --- 
      0     0     9345,9948  9988       93,0000    Cuts: 9604   160056     --- 
      0     0     9220,0405  9733       93,0000    Cuts: 9520   183193     --- 
*     0+    0                         4309,8000     9220,0405   214541  113,93%
      0     0     9098,5942  8671     4309,8000    Cuts: 9567   214541  111,11%
*     0+    0                         5262,8000     9098,5942   243786   72,89%
      0     0     9024,1018  9981     5262,8000    Cuts: 9538   243786   71,47%
*     0+    0                         5963,4000     9024,1018   266087   51,32%
      0     0     8928,5639  9852     5963,4000    Cuts: 9561   266087   49,72%
      0     0     8845,7405  9779     5963,4000    Cuts: 8741   283047   48,33%
      0     0     8774,8190  9205     5963,4000    Cuts: 7378   306518   47,14%
      0     0     8716,4871  8809     5963,4000    Cuts: 6545   337667   46,17%
*     0+    0                         6560,0000     8716,4871   374121   32,87%
      0     0     8667,8906  8318     6560,0000    Cuts: 5540   374121   32,13%
*     0+    0                         6564,0000     8667,8906   404729   32,05%
      0     0     8626,4997  7846     6564,0000    Cuts: 4916   404729   31,42%
*     0+    0                         6584,4000     8626,4997   439740   31,01%
      0     0     8587,9727  7455     6584,4000    Cuts: 4322   439740   30,43%
*     0+    0                         6610,8000     8587,9727   472506   29,91%
      0     0     8559,1002  6209     6610,8000    Cuts: 3866   472506   29,47%
*     0+    0                         6626,0000     8559,1002   493482   29,17%
      0     0     8539,1914  4959     6626,0000    Cuts: 3140   493482   28,87%
*     0+    0                         6885,6000     8539,1914   531021   24,02%
      0     0     8525,5570  4652     6885,6000    Cuts: 2375   531021   23,82%
*     0+    0                         6947,4000     8525,5570   559204   22,72%
      0     0     8512,7028  3906     6947,4000    Cuts: 2103   559204   22,53%
*     0+    0                         6949,6000     8512,7028   591859   22,49%
      0     0     8503,2009  3020     6949,6000    Cuts: 1676   591859   22,36%
*     0+    0                         6965,0000     8503,2009   624199   22,08%
      0     0     8498,9819  2827     6965,0000    Cuts: 1271   624199   22,02%
*     0+    0                         6979,6000     8498,9819   639092   21,77%
      0     0     8495,8210  2551     6979,6000    Cuts: 1084   639092   21,72%
*     0+    0                         7073,4000     8495,8210   670111   20,11%
      0     0     8494,0470  2206     7073,4000    Cuts: 1022   670111   20,08%
*     0+    0                         7100,8000     8494,0470   704717   19,62%
      0     0     8492,6786  2086     7100,8000     Cuts: 866   704717   19,60%
*     0+    0                         7112,8000     8492,6786   740303   19,40%
      0     0     8491,6321  2202     7112,8000     Cuts: 761   740303   19,39%
*     0+    0                         7113,4000     8491,6321   773628   19,38%
      0     0     8490,8056  2443     7113,4000     Cuts: 841   773628   19,36%
      0     2     8490,8056  2443     7113,4000     8490,8056   773628   19,36%
Elapsed time = 5560,74 sec. (3303981,64 ticks, tree = 0,01 MB, solutions = 18)
      1     3     8482,3755  2439     7113,4000     8490,8056   779558   19,36%
      2     4     8421,0948  2335     7113,4000     8490,8056   782573   19,36%
      3     5     8381,2172  2269     7113,4000     8478,7755   783466   19,19%
      4     6     8450,0333  2275     7113,4000     8478,7755   790500   19,19%
      5     7     8466,6502  2438     7113,4000     8478,7755   814686   19,19%
      7     9     8434,5869  2437     7113,4000     8478,7755   816926   19,19%
      8    10     8457,8094  2349     7113,4000     8478,7755   817456   19,19%
      9    11     8374,4764  2267     7113,4000     8450,8598   820198   18,80%
     10    12     8433,2676  2133     7113,4000     8450,8598   824054   18,80%
     11    13     8431,6924  2100     7113,4000     8450,8598   843532   18,80%
Elapsed time = 6230,87 sec. (3639172,36 ticks, tree = 4,95 MB, solutions = 18)
     12    14     8407,4212  2198     7113,4000     8450,8598   861526   18,80%
     14    16     8385,7767  2173     7113,4000     8450,8598   884067   18,80%
     15    17     8389,3399  2273     7113,4000     8450,8598   903523   18,80%

Implied bound cuts applied:  71
Flow cuts applied:  41577
Mixed integer rounding cuts applied:  28910
Flow path cuts applied:  814
Gomory fractional cuts applied:  219

Root node processing (before b&c):
  Real time             = 5523,96 sec. (3276919,73 ticks)
Parallel b&c, 24 threads:
  Real time             = 1643,24 sec. (740603,18 ticks)
  Sync time (average)   =    0,04 sec.
  Wait time (average)   =    0,00 sec.
                          ------------
Total (root+branch&cut) = 7167,20 sec. (4017522,90 ticks)

<<< solve


OBJECTIVE: 7113.4
avg_utility = 0.5748202020202032

<<< post process


<<< done

