
<<< setup


<<< generate

Found incumbent of value 0,000000 after 0,01 sec. (7,66 ticks)
Tried aggregator 2 times.
MIP Presolve eliminated 366211 rows and 140177 columns.
MIP Presolve modified 1 coefficients.
Aggregator did 7760 substitutions.
Reduced MIP has 777 rows, 4656 columns, and 8536 nonzeros.
Reduced MIP has 3636 binaries, 1020 generals, 0 SOSs, and 0 indicators.
Presolve time = 0,17 sec. (197,58 ticks)
Probing time = 0,00 sec. (2,68 ticks)
Tried aggregator 1 time.
Reduced MIP has 777 rows, 4656 columns, and 8536 nonzeros.
Reduced MIP has 3636 binaries, 1020 generals, 0 SOSs, and 0 indicators.
Presolve time = 0,01 sec. (8,60 ticks)
Probing time = 0,00 sec. (2,68 ticks)
Clique table members: 606.
MIP emphasis: balance optimality and feasibility.
MIP search method: dynamic search.
Parallel mode: deterministic, using up to 24 threads.
Root relaxation solution time = 0,07 sec. (89,01 ticks)

        Nodes                                         Cuts/
   Node  Left     Objective  IInf  Best Integer    Best Bound    ItCnt     Gap

*     0+    0                            0,0000     6989,3495              --- 
*     0+    0                          318,2757     6989,3495              --- 
      0     0     1092,0841     2      318,2757     1092,0841      777  243,13%
*     0+    0                         1092,0524     1092,0841             0,00%

Root node processing (before b&c):
  Real time             =    0,31 sec. (333,67 ticks)
Parallel b&c, 24 threads:
  Real time             =    0,00 sec. (0,00 ticks)
  Sync time (average)   =    0,00 sec.
  Wait time (average)   =    0,00 sec.
                          ------------
Total (root+branch&cut) =    0,31 sec. (333,67 ticks)

<<< solve


OBJECTIVE: 1092.052
avg_utility = 0.66874

<<< post process


<<< done

