
<<< setup


<<< generate

Found incumbent of value 0,000000 after 0,01 sec. (11,63 ticks)
Tried aggregator 3 times.
MIP Presolve eliminated 175220 rows and 261640 columns.
MIP Presolve modified 3033 coefficients.
Aggregator did 66785 substitutions.
Reduced MIP has 8558 rows, 20056 columns, and 62812 nonzeros.
Reduced MIP has 1918 binaries, 0 generals, 0 SOSs, and 0 indicators.
Presolve time = 1,76 sec. (1754,56 ticks)
Probing time = 0,00 sec. (0,93 ticks)
Tried aggregator 1 time.
Reduced MIP has 8558 rows, 20056 columns, and 62812 nonzeros.
Reduced MIP has 1918 binaries, 0 generals, 0 SOSs, and 0 indicators.
Presolve time = 0,03 sec. (33,09 ticks)
Probing time = 0,01 sec. (0,93 ticks)
MIP emphasis: balance optimality and feasibility.
MIP search method: dynamic search.
Parallel mode: deterministic, using up to 8 threads.
Root relaxation solution time = 0,14 sec. (139,65 ticks)

        Nodes                                         Cuts/
   Node  Left     Objective  IInf  Best Integer    Best Bound    ItCnt     Gap

*     0+    0                          787,0000     9915,0000              --- 
      0     0     3785,0000   896      787,0000     3785,0000      637  380,94%
*     0+    0                         3021,4750     3785,0000            25,27%
*     0+    0                         3098,5194     3785,0000            22,16%
      0     0     3389,8287    62     3098,5194    Cuts: 2239    10208    9,40%
*     0+    0                         3105,3133     3389,8287             9,16%
      0     0     3235,1056    15     3105,3133     Cuts: 334    18112    4,18%
*     0+    0                         3229,5750     3235,1056             0,17%

Implied bound cuts applied:  112
Flow cuts applied:  1683
Mixed integer rounding cuts applied:  364
Flow path cuts applied:  90
Gomory fractional cuts applied:  212

Root node processing (before b&c):
  Real time             =    9,54 sec. (8511,21 ticks)
Parallel b&c, 8 threads:
  Real time             =    0,00 sec. (0,00 ticks)
  Sync time (average)   =    0,00 sec.
  Wait time (average)   =    0,00 sec.
                          ------------
Total (root+branch&cut) =    9,54 sec. (8511,21 ticks)

<<< solve


OBJECTIVE: 3229.575
avg_utility = 0.853256

<<< post process


<<< done

