
<<< setup


<<< generate

Found incumbent of value 0,000000 after 0,09 sec. (104,18 ticks)
Aggregator has done 16161 substitutions...
Aggregator has done 27001 substitutions...
Aggregator has done 38161 substitutions...
Aggregator has done 49641 substitutions...
Aggregator has done 61521 substitutions...
Aggregator has done 73801 substitutions...
Aggregator has done 86561 substitutions...
Aggregator has done 99840 substitutions...
Aggregator has done 113720 substitutions...
Aggregator has done 128281 substitutions...
Aggregator has done 143641 substitutions...
Aggregator has done 159961 substitutions...
Aggregator has done 177401 substitutions...
Aggregator has done 196281 substitutions...
Aggregator has done 217001 substitutions...
Aggregator has done 240241 substitutions...
Aggregator has done 267241 substitutions...
Aggregator has done 300721 substitutions...
Aggregator has done 351041 substitutions...
Tried aggregator 2 times.
MIP Presolve eliminated 6995403 rows and 832195 columns.
MIP Presolve modified 9204 coefficients.
Aggregator did 409199 substitutions.
Reduced MIP has 24530 rows, 32191 columns, and 85844 nonzeros.
Reduced MIP has 1533 binaries, 0 generals, 0 SOSs, and 0 indicators.
Presolve time = 74,55 sec. (195743,81 ticks)
Probing time = 0,01 sec. (1,57 ticks)
Tried aggregator 1 time.
Reduced MIP has 24530 rows, 32191 columns, and 85844 nonzeros.
Reduced MIP has 1533 binaries, 0 generals, 0 SOSs, and 0 indicators.
Presolve time = 0,10 sec. (120,37 ticks)
Probing time = 0,01 sec. (1,57 ticks)
MIP emphasis: balance optimality and feasibility.
MIP search method: dynamic search.
Parallel mode: deterministic, using up to 8 threads.
Root relaxation solution time = 0,10 sec. (173,83 ticks)

        Nodes                                         Cuts/
   Node  Left     Objective  IInf  Best Integer    Best Bound    ItCnt     Gap

*     0+    0                            0,0000    12260,4342              --- 
*     0+    0                         1505,2753    12260,4342           714,50%
      0     0     2858,0000  1131     1505,2753     2858,0000     3066   89,87%
*     0+    0                         1997,3692     2858,0000            43,09%
      0     0     2825,9983   995     1997,3692    Cuts: 2462     5708   41,49%
      0     0     2801,3536  1230     1997,3692    Cuts: 3377     9747   40,25%
*     0+    0                         2518,6569     2801,3536            11,22%
      0     0     2759,7691  1456     2518,6569    Cuts: 3091    13966    9,57%
      0     0     2756,7758  1316     2518,6569    Cuts: 3818    16828    9,45%
      0     0     2740,5896  1296     2518,6569    Cuts: 2922    19583    8,81%
*     0+    0                         2521,6400     2740,5896             8,68%
      0     0     2724,1668  1295     2521,6400    Cuts: 2272    21192    8,03%
*     0+    0                         2521,9900     2724,1668             8,02%
*     0+    0                         2522,2829     2724,1668             8,00%
      0     0     2718,7868  1170     2522,2829    Cuts: 1728    23028    7,79%
      0     0     2712,1093  1172     2522,2829     Cuts: 817    23635    7,53%
      0     0     2710,2285  1178     2522,2829     Cuts: 810    25082    7,45%
*     0+    0                         2522,8820     2710,2285             7,43%
      0     0     2708,4083  1096     2522,8820     Cuts: 743    26157    7,35%
      0     0     2705,0873  1155     2522,8820     Cuts: 422    27861    7,12%
      0     0     2700,7323  1114     2522,8820     Cuts: 950    28822    7,05%
*     0+    0                         2525,9016     2700,7323             6,92%
      0     0     2696,6711  1065     2525,9016     Cuts: 869    29417    6,76%
      0     0     2693,8925  1035     2525,9016     Cuts: 416    31584    6,64%
*     0+    0                         2527,1801     2693,6655             6,59%
      0     0     2692,9651  1033     2527,1801     Cuts: 354    32151    6,48%
*     0+    0                         2528,8847     2690,8870             6,41%
      0     0     2690,3669   998     2528,8847     Cuts: 333    32329    6,39%
*     0+    0                         2534,8509     2690,3669             6,14%
      0     2     2690,3669   998     2534,8509     2690,3669    32329    6,14%
Elapsed time = 112,21 sec. (220067,21 ticks, tree = 0,00 MB, solutions = 12)
      5     7     2668,6680  1010     2534,8509     2690,3240    32655    6,13%
     12    14     2632,3993  1114     2534,8509     2690,3025    35252    6,13%
     16    18     2579,9141  1224     2534,8509     2690,3025    37191    6,13%
     20    22     2652,0799  1045     2534,8509     2690,2267    38562    6,13%
     23    25     2580,4636  1224     2534,8509     2690,2267    41689    6,13%
     24    26     2630,5392  1117     2534,8509     2690,2267    45120    6,13%
     40    40     2579,6484  1181     2534,8509     2690,2255    50594    6,13%
     60    58     2580,4176  1181     2534,8509     2690,2255    64397    6,13%
    133   131     2689,9668   987     2534,8509     2690,0955    66688    6,12%
    157   153     2646,7377  1036     2534,8509     2690,0955    81403    6,12%
Elapsed time = 123,19 sec. (225935,46 ticks, tree = 0,00 MB, solutions = 12)
    200   188     2676,5639   883     2534,8509     2689,9731   117474    6,12%
    214   196     2667,1625   928     2534,8509     2689,9731   126046    6,12%
    348   286        cutoff           2534,8509     2689,9731   154733    6,12%
    475   365     2688,5391   962     2534,8509     2689,9731   179590    6,12%
    690   548        cutoff           2534,8509     2689,9731   231682    6,12%
    736   590     2582,2687  1179     2534,8509     2689,9731   257633    6,12%
    848   700     2660,2784   880     2534,8509     2689,9731   264399    6,12%
   1050   897     2547,1628   566     2534,8509     2689,9731   275323    6,12%
   1079   920     2645,6383   946     2534,8509     2689,9731   294364    6,12%
   1373  1188     2624,8877   746     2534,8509     2689,9731   315500    6,12%
Elapsed time = 171,94 sec. (246021,84 ticks, tree = 43,79 MB, solutions = 12)
   1405  1210     2651,4099   976     2534,8509     2689,9731   335757    6,12%
   1420  1221     2646,3961   931     2534,8509     2689,9731   346314    6,12%
   1599  1320     2678,4586   902     2534,8509     2689,9731   383444    6,12%
   1614  1331     2599,1577   628     2534,8509     2689,9731   396999    6,12%
   1630  1339     2599,1260   628     2534,8509     2689,9731   426098    6,12%
   1859  1507     2651,8498   968     2534,8509     2689,9731   458243    6,12%
   1875  1519     2624,3580   741     2534,8509     2689,9731   480463    6,12%
   2081  1699     2624,4168   741     2534,8509     2689,9731   581907    6,12%
   2082  1700     2598,9995   628     2534,8509     2689,9731   594148    6,12%
   2306  1902     2624,5343   741     2534,8509     2689,9731   682272    6,12%
Elapsed time = 230,93 sec. (267635,02 ticks, tree = 104,22 MB, solutions = 12)
   2322  1910     2624,5931   741     2534,8509     2689,9731   714597    6,12%
   2323  1911     2598,9362   628     2534,8509     2689,9731   727219    6,12%
   2515  1969     2664,5505   669     2534,8509     2689,9731   831208    6,12%
   2763  2165     2683,6324   915     2534,8509     2689,9731   934825    6,12%
   2765  2167     2642,8324  1185     2534,8509     2689,9731   945292    6,12%
   3139  2485     2625,1219   741     2534,8509     2689,9731  1137027    6,12%
   3155  2495     2625,0863   741     2534,8509     2689,9731  1167070    6,12%
   3171  2505     2625,0465   740     2534,8509     2689,9731  1196457    6,12%
   3187  2515     2625,0068   739     2534,8509     2689,9731  1226970    6,12%
   3203  2525     2624,9670   738     2534,8509     2689,9731  1254477    6,12%
Elapsed time = 303,74 sec. (293260,01 ticks, tree = 179,99 MB, solutions = 12)

Implied bound cuts applied:  1
Flow cuts applied:  6622
Mixed integer rounding cuts applied:  10522
Gomory fractional cuts applied:  1057

Root node processing (before b&c):
  Real time             =  112,23 sec. (220146,52 ticks)
Parallel b&c, 8 threads:
  Real time             =  235,32 sec. (96218,12 ticks)
  Sync time (average)   =   27,36 sec.
  Wait time (average)   =   27,46 sec.
                          ------------
Total (root+branch&cut) =  347,56 sec. (316364,64 ticks)

<<< solve


OBJECTIVE: 2534.851
avg_utility = 0.886932

<<< post process


<<< done

