
<<< setup


<<< generate

Found incumbent of value 0.000000 after 0.02 sec. (7.30 ticks)
Tried aggregator 4 times.
MIP Presolve eliminated 342987 rows and 137315 columns.
MIP Presolve modified 600 coefficients.
Aggregator did 5971 substitutions.
Reduced MIP has 2390 rows, 5371 columns, and 11936 nonzeros.
Reduced MIP has 597 binaries, 0 generals, 0 SOSs, and 0 indicators.
Presolve time = 0.62 sec. (382.74 ticks)
Probing time = 0.00 sec. (0.21 ticks)
Tried aggregator 1 time.
Reduced MIP has 2390 rows, 5371 columns, and 11936 nonzeros.
Reduced MIP has 597 binaries, 0 generals, 0 SOSs, and 0 indicators.
Presolve time = 0.03 sec. (10.40 ticks)
Probing time = 0.01 sec. (0.21 ticks)
MIP emphasis: balance optimality and feasibility.
MIP search method: dynamic search.
Parallel mode: deterministic, using up to 8 threads.
Root relaxation solution time = 0.07 sec. (45.49 ticks)

        Nodes                                         Cuts/
   Node  Left     Objective  IInf  Best Integer    Best Bound    ItCnt     Gap

*     0+    0                            0.0000     5255.0846              --- 
*     0+    0                          900.5724     5255.0846           483.53%
      0     0     1225.0000   501      900.5724     1225.0000     1891   36.02%
*     0+    0                         1121.5817     1225.0000             9.22%
      0     0     1205.6187   267     1121.5817     Cuts: 697     2875    7.49%
      0     0     1143.5680    22     1121.5817     Cuts: 697     4281    1.96%
*     0     0      integral     0     1133.0192      Cuts: 63     4363    0.00%
      0     0        cutoff           1133.0192     1133.0192     4363    0.00%
Elapsed time = 1.40 sec. (950.22 ticks, tree = 0.00 MB, solutions = 4)

Flow cuts applied:  930
Mixed integer rounding cuts applied:  196
Gomory fractional cuts applied:  331

Root node processing (before b&c):
  Real time             =    1.43 sec. (957.69 ticks)
Parallel b&c, 8 threads:
  Real time             =    0.00 sec. (0.00 ticks)
  Sync time (average)   =    0.00 sec.
  Wait time (average)   =    0.00 sec.
                          ------------
Total (root+branch&cut) =    1.43 sec. (957.69 ticks)

<<< solve


OBJECTIVE: 1133.019
avg_utility = 0.924914

<<< post process


<<< done

