
<<< setup


<<< generate

Tried aggregator 2 times.
MIP Presolve eliminated 6016 rows and 13253 columns.
Aggregator did 1582 substitutions.
Reduced MIP has 2066 rows, 3656 columns, and 10597 nonzeros.
Reduced MIP has 0 binaries, 330 generals, 0 SOSs, and 0 indicators.
Presolve time = 0.06 sec. (26.03 ticks)
Found incumbent of value 0.000000 after 0.08 sec. (32.97 ticks)
Tried aggregator 3 times.
MIP Presolve eliminated 519 rows and 1901 columns.
MIP Presolve modified 18 coefficients.
Aggregator did 1491 substitutions.
Reduced MIP has 56 rows, 264 columns, and 839 nonzeros.
Reduced MIP has 0 binaries, 264 generals, 0 SOSs, and 0 indicators.
Presolve time = 0.02 sec. (9.42 ticks)
Tried aggregator 1 time.
Reduced MIP has 56 rows, 264 columns, and 839 nonzeros.
Reduced MIP has 0 binaries, 264 generals, 0 SOSs, and 0 indicators.
Presolve time = 0.00 sec. (0.39 ticks)
MIP emphasis: balance optimality and feasibility.
MIP search method: dynamic search.
Parallel mode: deterministic, using up to 8 threads.
Root relaxation solution time = 0.00 sec. (0.48 ticks)

        Nodes                                         Cuts/
   Node  Left     Objective  IInf  Best Integer    Best Bound    ItCnt     Gap

*     0+    0                         2052.0000    14983.6000           630.19%
*     0+    0                         2746.6000    14983.6000           445.53%
      0     0     3409.5417    14     2746.6000     3409.5417       57   24.14%
*     0+    0                         3409.2000     3409.5417             0.01%
      0     0     3409.5229    26     3409.2000      Cuts: 10       64    0.01%

Zero-half cuts applied:  2
Gomory fractional cuts applied:  6

Root node processing (before b&c):
  Real time             =    0.12 sec. (46.86 ticks)
Parallel b&c, 8 threads:
  Real time             =    0.00 sec. (0.00 ticks)
  Sync time (average)   =    0.00 sec.
  Wait time (average)   =    0.00 sec.
                          ------------
Total (root+branch&cut) =    0.12 sec. (46.86 ticks)

<<< solve


OBJECTIVE: 3409.2
avg_utility = 0.417334

<<< post process


<<< done

