
<<< setup


<<< generate

Found incumbent of value 0.000000 after 0.00 sec. (0.03 ticks)
Tried aggregator 2 times.
MIP Presolve eliminated 240 rows and 321 columns.
MIP Presolve modified 70 coefficients.
Aggregator did 67 substitutions.
Reduced MIP has 183 rows, 273 columns, and 711 nonzeros.
Reduced MIP has 55 binaries, 0 generals, 0 SOSs, and 0 indicators.
Presolve time = 0.03 sec. (0.98 ticks)
Probing time = 0.00 sec. (0.03 ticks)
Tried aggregator 1 time.
Reduced MIP has 183 rows, 273 columns, and 711 nonzeros.
Reduced MIP has 55 binaries, 0 generals, 0 SOSs, and 0 indicators.
Presolve time = 0.00 sec. (0.39 ticks)
Probing time = 0.00 sec. (0.03 ticks)
MIP emphasis: balance optimality and feasibility.
MIP search method: dynamic search.
Parallel mode: deterministic, using up to 2 threads.
Root relaxation solution time = 0.04 sec. (0.46 ticks)

        Nodes                                         Cuts/
   Node  Left     Objective  IInf  Best Integer    Best Bound    ItCnt     Gap

*     0+    0                            0.0000     7005.3495              --- 
      0     0     1604.8059    10        0.0000     1604.8059       41     --- 
*     0+    0                         1424.4875     1604.8059            12.66%
      0     0     1584.1990    10     1424.4875      Cuts: 32      114   11.21%
*     0+    0                         1478.7412     1584.1990             7.13%
      0     0     1570.8439     9     1478.7412      Cuts: 29      156    6.23%
      0     0     1564.5872    10     1478.7412      Cuts: 20      206    5.81%
*     0+    0                         1553.3779     1564.5872             0.72%

Implied bound cuts applied:  2
Flow cuts applied:  17
Mixed integer rounding cuts applied:  37
Lift and project cuts applied:  3
Gomory fractional cuts applied:  12

Root node processing (before b&c):
  Real time             =    0.14 sec. (8.45 ticks)
Parallel b&c, 2 threads:
  Real time             =    0.00 sec. (0.00 ticks)
  Sync time (average)   =    0.00 sec.
  Wait time (average)   =    0.00 sec.
                          ------------
Total (root+branch&cut) =    0.14 sec. (8.45 ticks)

<<< solve


OBJECTIVE: 1553.378
avg_utility = 0.951242

<<< post process


<<< done

