
<<< setup


<<< generate

Found incumbent of value 0,000000 after 0,03 sec. (17,49 ticks)
Tried aggregator 4 times.
MIP Presolve eliminated 180076 rows and 403114 columns.
MIP Presolve modified 5184 coefficients.
Aggregator did 112463 substitutions.
Reduced MIP has 13969 rows, 33304 columns, and 107848 nonzeros.
Reduced MIP has 2916 binaries, 0 generals, 0 SOSs, and 0 indicators.
Presolve time = 5,49 sec. (3941,76 ticks)
Probing time = 0,14 sec. (1,28 ticks)
Tried aggregator 1 time.
Reduced MIP has 13969 rows, 33304 columns, and 107848 nonzeros.
Reduced MIP has 2916 binaries, 0 generals, 0 SOSs, and 0 indicators.
Presolve time = 0,08 sec. (49,67 ticks)
Probing time = 0,09 sec. (1,29 ticks)
MIP emphasis: balance optimality and feasibility.
MIP search method: dynamic search.
Parallel mode: deterministic, using up to 24 threads.
Root relaxation solution time = 0,65 sec. (442,97 ticks)

        Nodes                                         Cuts/
   Node  Left     Objective  IInf  Best Integer    Best Bound    ItCnt     Gap

*     0+    0                         1590,0000    27778,4345              --- 
*     0+    0                         5426,9054    27778,4345           411,87%
      0     0     6237,8607   115     5426,9054     6237,8607       26   14,94%
*     0+    0                         6232,5302     6237,8607             0,09%

Root node processing (before b&c):
  Real time             =    7,17 sec. (4938,53 ticks)
Parallel b&c, 24 threads:
  Real time             =    0,00 sec. (0,00 ticks)
  Sync time (average)   =    0,00 sec.
  Wait time (average)   =    0,00 sec.
                          ------------
Total (root+branch&cut) =    7,17 sec. (4938,53 ticks)

<<< solve


OBJECTIVE: 6232.53
avg_utility = 0.788928

<<< post process


<<< done

