
<<< setup


<<< generate

Presolve has eliminated 77891 rows and 103611 columns...
Tried aggregator 5 times.
MIP Presolve eliminated 210961 rows and 243691 columns.
MIP Presolve modified 17725 coefficients.
Aggregator did 38000 substitutions.
Reduced MIP has 26103 rows, 43356 columns, and 115496 nonzeros.
Reduced MIP has 9128 binaries, 2268 generals, 0 SOSs, and 0 indicators.
Presolve time = 3,34 sec. (13344,89 ticks)
Found incumbent of value 0,000000 after 3,56 sec. (13619,42 ticks)
Probing time = 0,02 sec. (2,38 ticks)
Tried aggregator 4 times.
MIP Presolve eliminated 8106 rows and 8260 columns.
MIP Presolve modified 6390 coefficients.
Aggregator did 6580 substitutions.
Reduced MIP has 11417 rows, 28516 columns, and 77272 nonzeros.
Reduced MIP has 9128 binaries, 2268 generals, 0 SOSs, and 0 indicators.
Presolve time = 0,31 sec. (420,03 ticks)
Probing time = 0,01 sec. (3,15 ticks)
Tried aggregator 1 time.
Reduced MIP has 11417 rows, 28516 columns, and 77272 nonzeros.
Reduced MIP has 9128 binaries, 2268 generals, 0 SOSs, and 0 indicators.
Presolve time = 0,04 sec. (46,45 ticks)
Probing time = 0,01 sec. (3,15 ticks)
Clique table members: 478.
MIP emphasis: balance optimality and feasibility.
MIP search method: dynamic search.
Parallel mode: deterministic, using up to 8 threads.
Root relaxation solution time = 0,29 sec. (341,76 ticks)

        Nodes                                         Cuts/
   Node  Left     Objective  IInf  Best Integer    Best Bound    ItCnt     Gap

*     0+    0                            0,0000     9798,0000              --- 
      0     0     2150,0000    73        0,0000     2150,0000       39     --- 
*     0+    0                         2150,0000     2150,0000             0,00%
      0     0        cutoff           2150,0000     2150,0000       39    0,00%
Elapsed time = 5,70 sec. (16454,38 ticks, tree = 0,00 MB, solutions = 2)

Root node processing (before b&c):
  Real time             =    5,72 sec. (16465,48 ticks)
Parallel b&c, 8 threads:
  Real time             =    0,00 sec. (0,00 ticks)
  Sync time (average)   =    0,00 sec.
  Wait time (average)   =    0,00 sec.
                          ------------
Total (root+branch&cut) =    5,72 sec. (16465,48 ticks)

<<< solve


OBJECTIVE: 2150
avg_utility = 0.658298

<<< post process


<<< done

