
<<< setup


<<< generate

Tried aggregator 2 times.
MIP Presolve eliminated 37859 rows and 31457 columns.
MIP Presolve modified 4625 coefficients.
Aggregator did 4640 substitutions.
Reduced MIP has 5107 rows, 9744 columns, and 21344 nonzeros.
Reduced MIP has 3934 binaries, 1170 generals, 0 SOSs, and 0 indicators.
Presolve time = 0,06 sec. (50,31 ticks)
Found incumbent of value 0,000000 after 0,06 sec. (59,21 ticks)
Probing time = 0,00 sec. (2,22 ticks)
Tried aggregator 1 time.
Presolve time = 0,01 sec. (10,14 ticks)
Probing time = 0,00 sec. (2,22 ticks)
Clique table members: 269.
MIP emphasis: balance optimality and feasibility.
MIP search method: dynamic search.
Parallel mode: deterministic, using up to 24 threads.
Root relaxation solution time = 0,09 sec. (94,27 ticks)

        Nodes                                         Cuts/
   Node  Left     Objective  IInf  Best Integer    Best Bound    ItCnt     Gap

*     0+    0                            0,0000     5657,5920     2073     --- 
      0     0      109,2275     2        0,0000      109,2275     2073     --- 
*     0+    0                          109,0046      109,2275     2073    0,20%

Root node processing (before b&c):
  Real time             =    0,26 sec. (275,33 ticks)
Parallel b&c, 24 threads:
  Real time             =    0,00 sec. (0,00 ticks)
  Sync time (average)   =    0,00 sec.
  Wait time (average)   =    0,00 sec.
                          ------------
Total (root+branch&cut) =    0,26 sec. (275,33 ticks)

<<< solve


OBJECTIVE: 109.0046
avg_utility = 0.0667511451316595

<<< post process


<<< done

