
<<< setup


<<< generate

Found incumbent of value 0.000000 after 0.03 sec. (10.55 ticks)
Tried aggregator 2 times.
MIP Presolve eliminated 699303 rows and 84895 columns.
MIP Presolve modified 1404 coefficients.
Aggregator did 41399 substitutions.
Reduced MIP has 3730 rows, 4891 columns, and 13044 nonzeros.
Reduced MIP has 233 binaries, 0 generals, 0 SOSs, and 0 indicators.
Presolve time = 2.67 sec. (2413.83 ticks)
Probing time = 0.00 sec. (0.24 ticks)
Tried aggregator 1 time.
Reduced MIP has 3730 rows, 4891 columns, and 13044 nonzeros.
Reduced MIP has 233 binaries, 0 generals, 0 SOSs, and 0 indicators.
Presolve time = 0.03 sec. (15.08 ticks)
Probing time = 0.01 sec. (0.24 ticks)
MIP emphasis: balance optimality and feasibility.
MIP search method: dynamic search.
Parallel mode: deterministic, using up to 8 threads.
Root relaxation solution time = 0.02 sec. (10.15 ticks)

        Nodes                                         Cuts/
   Node  Left     Objective  IInf  Best Integer    Best Bound    ItCnt     Gap

*     0+    0                            0.0000     1750.2649              --- 
      0     0      408.0000   194        0.0000      408.0000      466     --- 
*     0+    0                          394.5271      408.0000             3.41%
      0     0      408.0000    58      394.5271     Cuts: 171      626    3.41%
      0     0      408.0000    61      394.5271     Cuts: 173      801    3.41%
*     0+    0                          396.9288      408.0000             2.79%
      0     0      408.0000    70      396.9288     Cuts: 168      974    2.79%
*     0+    0                          397.7452      408.0000             2.58%
      0     2      408.0000    56      397.7452      408.0000      974    2.58%
Elapsed time = 3.85 sec. (3257.14 ticks, tree = 0.00 MB, solutions = 4)
      8    10      405.7003    56      397.7452      408.0000     2539    2.58%
    140   142      404.8911    60      397.7452      408.0000     8833    2.58%
    534   459      403.1969    43      397.7452      408.0000    16925    2.58%
   1392  1128      405.0158    57      397.7452      405.3779    28434    1.92%
   2047  1707      404.7859    54      397.7452      405.0564    38819    1.84%
   3103  2562      402.1768    52      397.7452      405.0558    52479    1.84%

Implied bound cuts applied:  118
Flow cuts applied:  434
Mixed integer rounding cuts applied:  581
Gomory fractional cuts applied:  231

Root node processing (before b&c):
  Real time             =    3.84 sec. (3260.23 ticks)
Parallel b&c, 8 threads:
  Real time             =    3.17 sec. (2158.17 ticks)
  Sync time (average)   =    0.68 sec.
  Wait time (average)   =    0.73 sec.
                          ------------
Total (root+branch&cut) =    7.01 sec. (5418.40 ticks)

<<< solve


OBJECTIVE: 397.7452
avg_utility = 0.974866

<<< post process


<<< done

