
<<< setup


<<< generate

Found incumbent of value 0,000000 after 0,00 sec. (0,60 ticks)
Tried aggregator 2 times.
MIP Presolve eliminated 17634 rows and 10897 columns.
MIP Presolve modified 820 coefficients.
Aggregator did 1224 substitutions.
Reduced MIP has 1226 rows, 2448 columns, and 4488 nonzeros.
Reduced MIP has 1167 binaries, 465 generals, 0 SOSs, and 0 indicators.
Presolve time = 0,02 sec. (18,07 ticks)
Probing time = 0,00 sec. (1,61 ticks)
Tried aggregator 1 time.
Reduced MIP has 1226 rows, 2448 columns, and 4488 nonzeros.
Reduced MIP has 1167 binaries, 465 generals, 0 SOSs, and 0 indicators.
Presolve time = 0,00 sec. (3,68 ticks)
Probing time = 0,00 sec. (1,61 ticks)
Clique table members: 253.
MIP emphasis: balance optimality and feasibility.
MIP search method: dynamic search.
Parallel mode: deterministic, using up to 8 threads.
Root relaxation solution time = 0,01 sec. (13,43 ticks)

        Nodes                                         Cuts/
   Node  Left     Objective  IInf  Best Integer    Best Bound    ItCnt     Gap

*     0+    0                            0,0000     1545,2000              --- 
*     0+    0                          140,0000     1545,2000              --- 
      0     0      358,8750     2      140,0000      358,8750      715  156,34%
*     0+    0                          358,8000      358,8750             0,02%
*     0     0      integral     0      358,8000      358,8750      715    0,02%
Elapsed time = 0,08 sec. (59,32 ticks, tree = 0,00 MB, solutions = 3)

Root node processing (before b&c):
  Real time             =    0,08 sec. (59,96 ticks)
Parallel b&c, 8 threads:
  Real time             =    0,00 sec. (0,00 ticks)
  Sync time (average)   =    0,00 sec.
  Wait time (average)   =    0,00 sec.
                          ------------
Total (root+branch&cut) =    0,08 sec. (59,96 ticks)

<<< solve


OBJECTIVE: 358.8
avg_utility = 0.274732

<<< post process


<<< done

