
<<< setup


<<< generate

Found incumbent of value 0,000000 after 0,06 sec. (66,29 ticks)
Tried aggregator 8 times.
MIP Presolve eliminated 3410215 rows and 1252763 columns.
Aggregator did 17020 substitutions.
Reduced MIP has 5108 rows, 11914 columns, and 27232 nonzeros.
Reduced MIP has 0 binaries, 0 generals, 0 SOSs, and 0 indicators.
Presolve time = 2,32 sec. (4122,55 ticks)
Tried aggregator 2 times.
MIP Presolve eliminated 5040 rows and 11739 columns.
Aggregator did 17 substitutions.
Reduced MIP has 51 rows, 158 columns, and 321 nonzeros.
Reduced MIP has 0 binaries, 0 generals, 0 SOSs, and 0 indicators.
Presolve time = 0,05 sec. (61,80 ticks)
Tried aggregator 1 time.
Reduced MIP has 51 rows, 158 columns, and 321 nonzeros.
Reduced MIP has 0 binaries, 0 generals, 0 SOSs, and 0 indicators.
Presolve time = 0,03 sec. (42,44 ticks)
MIP emphasis: balance optimality and feasibility.
MIP search method: dynamic search.
Parallel mode: deterministic, using up to 8 threads.
Root relaxation solution time = 0,00 sec. (0,15 ticks)

        Nodes                                         Cuts/
   Node  Left     Objective  IInf  Best Integer    Best Bound    ItCnt     Gap

*     0+    0                            0,0000     8526,0651              --- 
*     0     0      integral     0     2272,6765     2272,6765       50    0,00%
Elapsed time = 2,49 sec. (4359,67 ticks, tree = 0,00 MB, solutions = 1)

Root node processing (before b&c):
  Real time             =    2,54 sec. (4403,96 ticks)
Parallel b&c, 8 threads:
  Real time             =    0,00 sec. (0,00 ticks)
  Sync time (average)   =    0,00 sec.
  Wait time (average)   =    0,00 sec.
                          ------------
Total (root+branch&cut) =    2,54 sec. (4403,96 ticks)

<<< solve


OBJECTIVE: 2272.677
avg_utility = 0.695859

<<< post process


<<< done

