
<<< setup


<<< generate

Found incumbent of value 0,000000 after 0,05 sec. (54,90 ticks)
Tried aggregator 2 times.
MIP Presolve eliminated 2398430 rows and 1208910 columns.
MIP Presolve modified 3148 coefficients.
Aggregator did 3145 substitutions.
Reduced MIP has 8386 rows, 13098 columns, and 31436 nonzeros.
Reduced MIP has 2620 binaries, 0 generals, 0 SOSs, and 0 indicators.
Presolve time = 0,78 sec. (1447,49 ticks)
Probing time = 0,00 sec. (0,66 ticks)
Tried aggregator 1 time.
Reduced MIP has 8386 rows, 13098 columns, and 31436 nonzeros.
Reduced MIP has 2620 binaries, 0 generals, 0 SOSs, and 0 indicators.
Presolve time = 0,04 sec. (49,78 ticks)
Probing time = 0,00 sec. (0,66 ticks)
MIP emphasis: balance optimality and feasibility.
MIP search method: dynamic search.
Parallel mode: deterministic, using up to 8 threads.
Root relaxation solution time = 0,04 sec. (73,19 ticks)

        Nodes                                         Cuts/
   Node  Left     Objective  IInf  Best Integer    Best Bound    ItCnt     Gap

*     0+    0                            0,0000     3500,5298              --- 
*     0+    0                          758,6109     3500,5298           361,44%
*     0     0      integral     0      816,0000      816,0000      524    0,00%
Elapsed time = 1,00 sec. (1709,08 ticks, tree = 0,00 MB, solutions = 3)

Root node processing (before b&c):
  Real time             =    1,06 sec. (1761,78 ticks)
Parallel b&c, 8 threads:
  Real time             =    0,00 sec. (0,00 ticks)
  Sync time (average)   =    0,00 sec.
  Wait time (average)   =    0,00 sec.
                          ------------
Total (root+branch&cut) =    1,06 sec. (1761,78 ticks)

<<< solve


OBJECTIVE: 816
avg_utility = 1

<<< post process


<<< done

