
<<< setup


<<< generate

Found incumbent of value 0,000000 after 0,02 sec. (26,32 ticks)
Aggregator has done 118163 substitutions...
Tried aggregator 11 times.
MIP Presolve eliminated 340573 rows and 476725 columns.
MIP Presolve modified 42468 coefficients.
Aggregator did 155403 substitutions.
Reduced MIP has 76594 rows, 153393 columns, and 476767 nonzeros.
Reduced MIP has 3660 binaries, 0 generals, 0 SOSs, and 0 indicators.
Presolve time = 21,44 sec. (18468,41 ticks)
Probing time = 0,03 sec. (6,35 ticks)
Tried aggregator 1 time.
Reduced MIP has 76594 rows, 153393 columns, and 476767 nonzeros.
Reduced MIP has 3660 binaries, 0 generals, 0 SOSs, and 0 indicators.
Presolve time = 0,33 sec. (255,25 ticks)
Probing time = 0,04 sec. (6,61 ticks)
MIP emphasis: balance optimality and feasibility.
MIP search method: dynamic search.
Parallel mode: deterministic, using up to 8 threads.
Root relaxation solution time = 9,64 sec. (3758,38 ticks)

        Nodes                                         Cuts/
   Node  Left     Objective  IInf  Best Integer    Best Bound    ItCnt     Gap

*     0+    0                            0,0000    43067,0000              --- 
      0     0    15350,3931  1827        0,0000    15350,3931     1405     --- 
      0     0    13208,9555  1917        0,0000    Cuts: 9625    44789     --- 
      0     0    11846,6489  2172        0,0000    Cuts: 9584    85279     --- 
      0     0    10916,7232  1845        0,0000    Cuts: 9990   117063     --- 
*     0+    0                         6832,2143    10916,7232            59,78%
*     0+    0                         8514,0240    10916,7232            28,22%
*     0+    0                         8731,6229    10916,7232            25,03%
*     0+    0                         8731,7326    10916,7232            25,02%
      0     0    10535,4479   915     8731,7326   Cuts: 10000   135115   20,66%
      0     0    10327,3852  1597     8731,7326    Cuts: 7027   166847   18,27%
*     0+    0                         9009,6333    10327,3852            14,63%
      0     0     9973,5333   535     9009,6333    Cuts: 9693   194050   10,70%
*     0+    0                         9035,7833     9973,5333            10,38%
      0     0     9867,4054   167     9035,7833    Cuts: 3480   205546    9,20%
      0     0     9852,3464   210     9035,7833     Cuts: 805   225213    9,04%
      0     0     9837,2029   260     9035,7833    Cuts: 1098   245154    8,87%
      0     0     9831,7014   305     9035,7833    Cuts: 1574   258475    8,81%
      0     0     9822,8191   338     9035,7833    Cuts: 1800   291464    8,71%
      0     0     9807,9773   238     9035,7833    Cuts: 1621   304849    8,55%
      0     0     9802,3303   183     9035,7833    Cuts: 1153   309985    8,48%
      0     0     9800,2149   192     9035,7833     Cuts: 946   314401    8,46%
      0     0     9798,2044   189     9035,7833    Cuts: 1046   331420    8,44%
      0     0     9796,2352   227     9035,7833     Cuts: 744   343456    8,42%
      0     0     9795,0532   202     9035,7833     Cuts: 790   350424    8,40%
      0     0     9794,3680   232     9035,7833     Cuts: 352   362026    8,40%
      0     0     9793,4987   216     9035,7833     Cuts: 494   381284    8,39%
Heuristic still looking.
Heuristic still looking.
*     0+    0                         9039,0833     9793,4987             8,35%
      0     2     9793,4987   216     9039,0833     9793,4987   381284    8,35%
Elapsed time = 1133,40 sec. (789417,15 ticks, tree = 0,00 MB, solutions = 8)
      1     3     9548,7816    95     9039,0833     9793,4987   393894    8,35%
      2     4     9777,4517   211     9039,0833     9793,4987   412256    8,35%
      3     5     9496,1893    61     9039,0833     9773,2438   416749    8,12%
      4     6     9771,8096   201     9039,0833     9773,2438   436481    8,12%
      5     7     9713,9838   155     9039,0833     9773,2438   447445    8,12%
      6     8     9742,2101   199     9039,0833     9773,2438   475100    8,12%
      8    10     9726,7439   161     9039,0833     9773,2438   493697    8,12%
      9    11     9471,6879    57     9039,0833     9742,1844   494938    7,78%
     12    14     9579,4074   142     9039,0833     9742,1844   515594    7,78%
     15    17     9578,9139   142     9039,0833     9742,1844   529085    7,78%
Elapsed time = 1430,38 sec. (969901,77 ticks, tree = 0,00 MB, solutions = 8)
     17    19     9546,0811    90     9039,0833     9742,1844   540404    7,78%
     19    21     9430,8272    51     9039,0833     9742,1844   548488    7,78%
     24    26     9507,4062   171     9039,0833     9742,1844   560139    7,78%
     46    48     9418,7292    49     9039,0833     9742,1844   704671    7,78%
     47    49     9626,6717   127     9039,0833     9742,1844   712549    7,78%
     51    53     9452,0832    57     9039,0833     9742,1844   760591    7,78%
     58    60     9277,5403    53     9039,0833     9742,1844   809057    7,78%
     59    61     9411,5339    55     9039,0833     9742,1844   815865    7,78%
     67    69     9392,4986    55     9039,0833     9742,1844   892788    7,78%
    108   110     9287,4677    45     9039,0833     9742,1844  1201000    7,78%
Elapsed time = 1966,28 sec. (1114584,64 ticks, tree = 0,00 MB, solutions = 8)
    114   116     9256,6172   192     9039,0833     9742,1844  1266088    7,78%
    115   117     9281,9838    43     9039,0833     9742,1844  1292658    7,78%
    118   120     9292,9507    48     9039,0833     9742,1844  1389109    7,78%
    126   128     9339,2507    61     9039,0833     9742,1844  1535068    7,78%
    129   131     9184,1035    45     9039,0833     9742,1844  1559683    7,78%
    140   142     9520,0258    57     9039,0833     9742,1844  1842943    7,78%
    160   160     9092,7366   182     9039,0833     9742,1844  2263986    7,78%
    169   169     9218,3956    42     9039,0833     9742,1844  2460056    7,78%
    233   225     9162,0546    34     9039,0833     9742,1844  3040436    7,78%
    235   227     9260,2342    48     9039,0833     9742,1844  3042435    7,78%
Elapsed time = 2529,68 sec. (1283290,43 ticks, tree = 1,18 MB, solutions = 8)
    237   229     9083,6755    45     9039,0833     9742,1844  3046922    7,78%
    246   234     9451,8482   115     9039,0833     9742,1844  3059519    7,78%
    262   241     9408,5322   113     9039,0833     9742,1844  3078404    7,78%
    263   242     9507,5088   140     9039,0833     9742,1844  3095818    7,78%
    271   246     9473,5568   150     9039,0833     9742,1844  3111293    7,78%
    362   309     9052,7873    69     9039,0833     9742,1844  3258229    7,78%
    374   317     9442,3891    49     9039,0833     9742,1844  3272579    7,78%
    377   316     9583,0480    94     9039,0833     9742,1844  3273222    7,78%
    378   317     9316,7363    71     9039,0833     9742,1844  3275021    7,78%
    379   318     9282,6868    73     9039,0833     9742,1844  3283315    7,78%
Elapsed time = 3181,37 sec. (1391091,40 ticks, tree = 4,74 MB, solutions = 8)
    380   319     9455,9488   155     9039,0833     9742,1844  3294352    7,78%
    387   324     9273,8789    72     9039,0833     9742,1844  3302357    7,78%
    388   325     9450,2602   146     9039,0833     9742,1844  3314435    7,78%
    396   331     9404,9831   138     9039,0833     9742,1844  3351521    7,78%
    404   339     9403,8713   153     9039,0833     9742,1844  3369242    7,78%
    525   430     9282,6559    32     9039,0833     9667,3200  3538386    6,95%
    530   434     9057,4032    32     9039,0833     9667,3200  3541231    6,95%
    531   435     9410,9671   156     9039,0833     9667,3200  3563622    6,95%
    533   437     9255,7275    31     9039,0833     9667,3200  3567854    6,95%
    539   443     9380,6834   149     9039,0833     9667,3200  3582426    6,95%
Elapsed time = 3896,74 sec. (1523798,47 ticks, tree = 9,49 MB, solutions = 8)
    547   449     9380,1013   149     9039,0833     9667,3200  3592193    6,95%
    555   455     9329,2559   149     9039,0833     9667,3200  3606931    6,95%
    563   461     9344,0111   110     9039,0833     9667,3200  3637438    6,95%
    670   560     9194,6247    30     9039,0833     9667,3200  3829755    6,95%
    671   561     9427,4644   104     9039,0833     9667,3200  3831606    6,95%
    673   563     9161,4451    41     9039,0833     9667,3200  3835542    6,95%
    676   566     9320,3070   106     9039,0833     9667,3200  3850515    6,95%
    684   573     9306,6107   107     9039,0833     9667,3200  3882494    6,95%
    692   577     9311,7252    95     9039,0833     9667,3200  3903835    6,95%
    700   583     9289,8879    82     9039,0833     9667,3200  3920437    6,95%
Elapsed time = 4795,78 sec. (1704985,86 ticks, tree = 15,37 MB, solutions = 8)
    708   591     9284,0051    76     9039,0833     9667,3200  3950855    6,95%
    724   605     9214,0982    80     9039,0833     9667,3200  3986432    6,95%
    732   611     9224,0051    74     9039,0833     9667,3200  4004947    6,95%
    740   619     9227,1138    72     9039,0833     9667,3200  4021039    6,95%
    748   627     9224,9048    87     9039,0833     9667,3200  4054200    6,95%
    845   690     9536,0834   139     9039,0833     9667,3200  4187146    6,95%
    851   696     9196,0026    43     9039,0833     9667,3200  4204861    6,95%
    853   698     9512,4544   137     9039,0833     9667,3200  4206734    6,95%
    857   702     9187,0862    63     9039,0833     9667,3200  4211148    6,95%
    859   704     9179,5522    43     9039,0833     9667,3200  4219692    6,95%
Elapsed time = 5204,21 sec. (1786002,63 ticks, tree = 22,67 MB, solutions = 8)
    867   712     9155,6758    42     9039,0833     9667,3200  4244227    6,95%
    875   720     9113,7682    40     9039,0833     9667,3200  4273099    6,95%
    883   728     9117,1109    42     9039,0833     9667,3200  4289336    6,95%
    891   736     9076,7864    39     9039,0833     9667,3200  4298751    6,95%
    899   744     9087,3015    39     9039,0833     9667,3200  4310850    6,95%
    907   751     9063,3961    42     9039,0833     9667,3200  4332686    6,95%
    915   759     9050,5525    38     9039,0833     9667,3200  4352757    6,95%
    939   771     9583,9332   138     9039,0833     9667,3200  4396321    6,95%
   1029   853     9112,9699   147     9039,0833     9660,6975  4554900    6,88%
   1031   855     9107,2090   140     9039,0833     9660,6975  4563236    6,88%
Elapsed time = 5997,78 sec. (1934345,47 ticks, tree = 31,56 MB, solutions = 8)
   1035   859     9560,6988   167     9039,0833     9660,6975  4587369    6,88%
   1038   862     9149,4858   101     9039,0833     9660,6975  4592822    6,88%
   1042   866     9249,7782    39     9039,0833     9660,6975  4599641    6,88%
   1043   867     9530,3915   167     9039,0833     9660,6975  4605628    6,88%
   1051   875     9515,4650   167     9039,0833     9660,6975  4622997    6,88%
   1059   883     9488,2392   164     9039,0833     9660,6975  4638024    6,88%
   1067   891     9462,2310   158     9039,0833     9660,6975  4659858    6,88%
   1075   898     9422,6755   147     9039,0833     9660,6975  4687547    6,88%
   1083   903     9404,3295   148     9039,0833     9660,6975  4694729    6,88%
   1206  1006     9461,0714    98     9039,0833     9660,6975  4885021    6,88%
Elapsed time = 6857,38 sec. (2069124,65 ticks, tree = 31,56 MB, solutions = 8)
   1212  1010     9219,3280   149     9039,0833     9660,6975  4903582    6,88%
   1213  1011     9298,7344    84     9039,0833     9618,8223  4904199    6,41%
   1215  1013     9266,1606    58     9039,0833     9618,8223  4909854    6,41%
   1216  1014     9240,8213   149     9039,0833     9618,8223  4917605    6,41%
   1224  1020     9224,2386   147     9039,0833     9618,8223  4928891    6,41%
   1227  1023     9357,3265   147     9039,0833     9618,8223  4948327    6,41%
   1235  1030     9320,3216   144     9039,0833     9618,8223  4973711    6,41%
   1243  1038     9310,4400   142     9039,0833     9618,8223  5002995    6,41%
   1251  1044     9270,1627   157     9039,0833     9618,8223  5032473    6,41%
   1259  1050     9254,6212   158     9039,0833     9618,8223  5061003    6,41%
Elapsed time = 7639,81 sec. (2202176,72 ticks, tree = 38,65 MB, solutions = 8)
   1267  1058     9252,2398   155     9039,0833     9618,8223  5076447    6,41%
   1275  1066     9247,9127   154     9039,0833     9618,8223  5101837    6,41%
   1283  1074     9231,8055   150     9039,0833     9618,8223  5115011    6,41%
   1291  1082     9215,2403   145     9039,0833     9618,8223  5140105    6,41%
   1299  1090     9207,2569   155     9039,0833     9618,8223  5165533    6,41%
   1334  1121     9134,7648   101     9039,0833     9618,8223  5242718    6,41%
   1429  1206     9352,6754    46     9039,0833     9603,4150  5432428    6,24%
   1432  1209     9048,9253   136     9039,0833     9603,4150  5443599    6,24%
   1435  1212     9199,4754   153     9039,0833     9603,4150  5455138    6,24%
   1443  1218     9139,3230   150     9039,0833     9603,4150  5493273    6,24%
Elapsed time = 8301,63 sec. (2311392,84 ticks, tree = 47,48 MB, solutions = 8)
   1444  1219     9058,8743   143     9039,0833     9603,4150  5509776    6,24%
   1468  1231     9580,2106   128     9039,0833     9603,4150  5569695    6,24%
   1476  1237     9539,2082   125     9039,0833     9603,4150  5598145    6,24%
   1484  1241     9520,1884   127     9039,0833     9603,4150  5615340    6,24%
   1492  1247     9474,7938    89     9039,0833     9603,4150  5669016    6,24%
   1500  1253     9448,6105    44     9039,0833     9603,4150  5693889    6,24%
   1508  1261     9394,4592    43     9039,0833     9603,4150  5733637    6,24%
   1516  1269     9417,8707    43     9039,0833     9603,4150  5776087    6,24%
   1524  1276     9403,3381    42     9039,0833     9603,4150  5811004    6,24%
   1630  1368     9345,4774   144     9039,0833     9603,4150  6047642    6,24%
Elapsed time = 9380,36 sec. (2494929,64 ticks, tree = 47,48 MB, solutions = 8)
   1654  1385     9312,4137   145     9039,0833     9581,9921  6080154    6,01%
   1659  1390     9360,1120   108     9039,0833     9581,9921  6100694    6,01%
   1667  1398     9230,4825   110     9039,0833     9581,9921  6135334    6,01%
   1675  1406     9337,5991   107     9039,0833     9581,9921  6157363    6,01%
   1683  1414     9313,5701   110     9039,0833     9581,9921  6187792    6,01%
   1691  1422     9328,6947    91     9039,0833     9581,9921  6218318    6,01%
   1699  1430     9322,5412    74     9039,0833     9581,9921  6259134    6,01%
   1715  1446     9253,3814    71     9039,0833     9581,9921  6336075    6,01%
   1723  1454     9276,3743    53     9039,0833     9581,9921  6378556    6,01%
   1746  1477     9264,5484   120     9039,0833     9581,9921  6440558    6,01%
Elapsed time = 10922,54 sec. (2767597,22 ticks, tree = 55,27 MB, solutions = 8)
   1876  1582     9276,0641    42     9039,0833     9573,0484  6791145    5,91%
   1877  1583     9450,2998   166     9039,0833     9573,0484  6809558    5,91%
   1885  1591     9406,8751   159     9039,0833     9573,0484  6904764    5,91%
   1893  1599     9388,5349   155     9039,0833     9573,0484  6982410    5,91%
   1901  1607     9367,1116   153     9039,0833     9573,0484  7048174    5,91%
   1917  1623     9318,5490   151     9039,0833     9573,0484  7228248    5,91%
   1925  1631     9298,8681   152     9039,0833     9573,0484  7307668    5,91%
   1930  1636     9172,7677   129     9039,0833     9573,0484  7353309    5,91%
   1938  1643     9150,1275   130     9039,0833     9573,0484  7434415    5,91%
   1946  1651     9142,6338   132     9039,0833     9573,0484  7489950    5,91%
Elapsed time = 11866,31 sec. (2925954,65 ticks, tree = 64,32 MB, solutions = 8)
   1962  1664     9119,4652   133     9039,0833     9573,0484  7592264    5,91%
   1970  1667     9113,2879   133     9039,0833     9573,0484  7636945    5,91%
   1978  1674     9090,2233   132     9039,0833     9573,0484  7693474    5,91%
   1994  1688     9073,0504   132     9039,0833     9573,0484  7780091    5,91%
   2002  1696     9072,7192   131     9039,0833     9573,0484  7798563    5,91%
   2010  1701     9066,6750   132     9039,0833     9573,0484  7831812    5,91%
   2018  1707     9056,6919   142     9039,0833     9573,0484  7861917    5,91%
   2032  1715     9345,3449    93     9039,0833     9573,0484  7958101    5,91%
   2077  1756     9316,5812   115     9039,0833     9573,0484  8285242    5,91%
   2118  1794     9430,4192   138     9039,0833     9573,0484  8586078    5,91%
Elapsed time = 12990,87 sec. (3174901,90 ticks, tree = 73,67 MB, solutions = 8)
   2124  1798     9049,0521   146     9039,0833     9573,0484  8647278    5,91%
   2134  1805     9378,4754   133     9039,0833     9573,0484  8680578    5,91%
   2140  1809     9461,6035    56     9039,0833     9573,0484  8708861    5,91%
   2148  1817     9396,5703    45     9039,0833     9573,0484  8754267    5,91%
   2156  1824     9374,5318    40     9039,0833     9573,0484  8833756    5,91%
   2164  1830     9350,5568    37     9039,0833     9573,0484  8878255    5,91%
   2172  1838     9326,3063    36     9039,0833     9573,0484  8967791    5,91%
   2180  1846     9294,6189    34     9039,0833     9573,0484  9011067    5,91%
   2182  1848     9192,3173    81     9039,0833     9573,0484  9027076    5,91%
   2190  1856     9167,7611    75     9039,0833     9573,0484  9089199    5,91%
Elapsed time = 14247,18 sec. (3361461,30 ticks, tree = 73,67 MB, solutions = 8)
   2206  1868     9120,1696    70     9039,0833     9573,0484  9174242    5,91%
   2214  1875     9104,6233    70     9039,0833     9573,0484  9227049    5,91%
   2222  1883     9102,2623    89     9039,0833     9573,0484  9293184    5,91%
   2230  1891     9085,9662    89     9039,0833     9573,0484  9330446    5,91%
   2238  1897     9063,2051    90     9039,0833     9573,0484  9409595    5,91%
   2242  1900     9369,0175   121     9039,0833     9573,0484  9435143    5,91%
   2260  1913     9485,1148   146     9039,0833     9573,0484  9523051    5,91%
   2350  1982     9467,0714   141     9039,0833     9556,0547  9817762    5,72%
   2351  1983     9207,0164   154     9039,0833     9556,0547  9831866    5,72%
   2359  1991     9184,0799   145     9039,0833     9556,0547  9864006    5,72%
Elapsed time = 15317,84 sec. (3558115,61 ticks, tree = 81,77 MB, solutions = 8)
   2367  1997     9165,9682   144     9039,0833     9556,0547  9900754    5,72%
   2374  2004     9397,8367   119     9039,0833     9556,0547  9956854    5,72%
   2382  2012     9373,3627   118     9039,0833     9556,0547  9985326    5,72%
   2383  2013     9103,6067   143     9039,0833     9556,0547  9997140    5,72%
   2388  2018     9344,9434   102     9039,0833     9556,0547 10038912    5,72%
   2390  2020     9328,4813    95     9039,0833     9556,0547 10051760    5,72%
   2398  2026     9289,0155   100     9039,0833     9556,0547 10074457    5,72%
   2406  2031     9299,6371    98     9039,0833     9556,0547 10130647    5,72%
   2414  2035     9275,3684    96     9039,0833     9556,0547 10179291    5,72%
   2422  2041     9263,4625    95     9039,0833     9556,0547 10243266    5,72%
Elapsed time = 16041,33 sec. (3687262,10 ticks, tree = 81,77 MB, solutions = 8)
   2430  2047     9266,0267   113     9039,0833     9556,0547 10289804    5,72%
   2438  2055     9184,2467    95     9039,0833     9556,0547 10332778    5,72%
   2454  2069     9126,2655   115     9039,0833     9556,0547 10415240    5,72%
   2462  2077     9123,1018   142     9039,0833     9556,0547 10450374    5,72%
   2470  2085     9097,5637    47     9039,0833     9556,0547 10508032    5,72%
   2479  2094     9373,4519   125     9039,0833     9556,0547 10540007    5,72%
   2487  2102     9349,7983   127     9039,0833     9556,0547 10618919    5,72%
   2571  2169     9477,7162   154     9039,0833     9556,0547 11060960    5,72%
   2609  2200     9346,4034   151     9039,0833     9553,8255 11104092    5,69%
   2611  2202     9394,9223   129     9039,0833     9553,8255 11117626    5,69%
Elapsed time = 17558,31 sec. (3978230,80 ticks, tree = 194,76 MB, solutions = 8)
   2617  2208     9336,8054   150     9039,0833     9553,8255 11148237    5,69%
   2622  2211     9147,5893    48     9039,0833     9553,8255 11161641    5,69%
   2625  2214     9329,2845   147     9039,0833     9553,8255 11183844    5,69%
   2627  2216     9344,5209   129     9039,0833     9553,8255 11186642    5,69%
   2635  2223     9334,9757   108     9039,0833     9553,8255 11215464    5,69%
   2643  2229     9331,3224   149     9039,0833     9553,8255 11236578    5,69%
   2651  2235     9321,5086   158     9039,0833     9553,8255 11261275    5,69%
   2659  2241     9300,3072   159     9039,0833     9553,8255 11278878    5,69%
   2667  2249     9290,5526   158     9039,0833     9553,8255 11331784    5,69%
   2671  2253     9315,6444   128     9039,0833     9553,8255 11362292    5,69%
Elapsed time = 18705,50 sec. (4158556,04 ticks, tree = 194,76 MB, solutions = 8)
   2679  2261     9291,6945   129     9039,0833     9553,8255 11410516    5,69%
   2687  2267     9288,2923   151     9039,0833     9553,8255 11445867    5,69%
   2695  2275     9278,6888   150     9039,0833     9553,8255 11521388    5,69%
   2703  2281     9268,9466   148     9039,0833     9553,8255 11602911    5,69%
   2719  2294     9191,6658   160     9039,0833     9553,8255 11734724    5,69%
   2727  2300     9169,6433   156     9039,0833     9553,8255 11767194    5,69%
   2735  2308     9150,0263   157     9039,0833     9553,8255 11843672    5,69%
   2743  2316     9134,3890   145     9039,0833     9553,8255 12019996    5,69%
   2751  2324     9126,8299   152     9039,0833     9553,8255 12096732    5,69%
   2759  2332     9121,3073   158     9039,0833     9553,8255 12155316    5,69%
Elapsed time = 19811,39 sec. (4344044,64 ticks, tree = 194,76 MB, solutions = 8)
   2767  2340     9111,8750   157     9039,0833     9553,8255 12220308    5,69%
   2775  2348     9094,4318   161     9039,0833     9553,8255 12344259    5,69%
   2783  2356     9088,2528   160     9039,0833     9553,8255 12414608    5,69%
   2791  2362     9065,2845   157     9039,0833     9553,8255 12484100    5,69%
   2906  2449     9311,8956    77     9039,0833     9553,8255 13262094    5,69%
   2907  2450     9089,8346    33     9039,0833     9543,2411 13273050    5,58%
   2914  2456     9042,8136   158     9039,0833     9543,2411 13360030    5,58%
   2918  2460     9409,3238   170     9039,0833     9543,2411 13380989    5,58%
   2923  2463     9068,9465    38     9039,0833     9543,2411 13444746    5,58%
   2926  2466     9451,9770   143     9039,0833     9543,2411 13472441    5,58%
Elapsed time = 20658,02 sec. (4473796,64 ticks, tree = 316,45 MB, solutions = 8)
   2934  2474     9428,6383   140     9039,0833     9543,2411 13514696    5,58%
   2937  2477     9132,6077   139     9039,0833     9543,2411 13540668    5,58%
   2945  2484     9110,1350   140     9039,0833     9543,2411 13580940    5,58%
   2953  2491     9092,6916   149     9039,0833     9543,2411 13636647    5,58%
   2961  2497     9086,5195   146     9039,0833     9543,2411 13689886    5,58%
   2969  2502     9063,2982   149     9039,0833     9543,2411 13732966    5,58%
   2970  2503     9429,5784   157     9039,0833     9543,2411 13755773    5,58%
   2978  2509     9420,4429   115     9039,0833     9543,2411 13822318    5,58%
   2986  2517     9396,6761   113     9039,0833     9543,2411 13911575    5,58%
   3002  2529     9362,6608   112     9039,0833     9543,2411 13993961    5,58%
Elapsed time = 22020,80 sec. (4664046,52 ticks, tree = 316,45 MB, solutions = 8)
   3010  2535     9360,8180   109     9039,0833     9543,2411 14045440    5,58%
   3018  2543     9355,1005    84     9039,0833     9543,2411 14136303    5,58%
   3026  2551     9351,6626   137     9039,0833     9543,2411 14180033    5,58%
   3033  2558     9444,0939   104     9039,0833     9543,2411 14273553    5,58%
   3034  2559     9325,7481    46     9039,0833     9543,2411 14299102    5,58%
   3042  2567     9301,2841    45     9039,0833     9543,2411 14344064    5,58%
   3049  2572     9371,1259   114     9039,0833     9543,2411 14399198    5,58%
   3057  2579     9347,7601   107     9039,0833     9543,2411 14448049    5,58%
   3065  2585     9324,2733   102     9039,0833     9543,2411 14475706    5,58%
   3072  2592     9074,4235    59     9039,0833     9543,2411 14545349    5,58%
Elapsed time = 23387,58 sec. (4809439,73 ticks, tree = 316,45 MB, solutions = 8)
   3073  2593     9318,2444    95     9039,0833     9543,2411 14550955    5,58%
   3080  2600     9068,2638    58     9039,0833     9543,2411 14620592    5,58%
   3081  2601     9293,7585    96     9039,0833     9543,2411 14626231    5,58%
   3083  2603     9164,2861   151     9039,0833     9543,2411 14647720    5,58%
   3091  2610     9146,1983   150     9039,0833     9543,2411 14696229    5,58%
   3097  2616     9235,2495    83     9039,0833     9543,2411 14723991    5,58%
   3099  2618     9131,8499   112     9039,0833     9543,2411 14744665    5,58%
   3105  2622     9194,9965    93     9039,0833     9543,2411 14785070    5,58%
   3106  2623     9184,2978    46     9039,0833     9543,2411 14812461    5,58%
   3114  2629     9229,4673    62     9039,0833     9543,2411 14855259    5,58%
Elapsed time = 23496,82 sec. (4894144,40 ticks, tree = 316,45 MB, solutions = 8)
   3122  2637     9239,7137    54     9039,0833     9543,2411 14888987    5,58%
   3173  2675     9480,8167   154     9039,0833     9543,2411 15159361    5,58%
   3245  2734     9222,1860    60     9039,0833     9535,0749 15274854    5,49%
   3248  2737     9391,3813   153     9039,0833     9535,0749 15307661    5,49%
   3253  2740     9207,6939   101     9039,0833     9535,0749 15365144    5,49%
   3254  2741     9308,4017   168     9039,0833     9535,0749 15365461    5,49%
   3262  2747     9285,9030   159     9039,0833     9535,0749 15404796    5,49%
   3264  2749     9343,6496   152     9039,0833     9535,0749 15426873    5,49%
   3272  2755     9343,3992   152     9039,0833     9535,0749 15473571    5,49%
   3275  2758     9156,4542    53     9039,0833     9535,0749 15525497    5,49%
Elapsed time = 24351,00 sec. (5025158,89 ticks, tree = 330,89 MB, solutions = 8)
   3283  2766     9133,8843    52     9039,0833     9535,0749 15619188    5,49%
   3291  2773     9142,7516    57     9039,0833     9535,0749 15660939    5,49%
   3299  2779     9098,0712    44     9039,0833     9535,0749 15686595    5,49%
   3305  2785     9269,4227    46     9039,0833     9535,0749 15757499    5,49%
   3315  2795     9080,0534    41     9039,0833     9535,0749 15812610    5,49%
   3328  2806     9231,6440   144     9039,0833     9535,0749 15904867    5,49%
   3329  2807     9263,1375    41     9039,0833     9535,0749 15912768    5,49%
   3336  2814     9214,6755   143     9039,0833     9535,0749 15960026    5,49%
   3344  2818     9169,7792   127     9039,0833     9535,0749 16001486    5,49%
   3352  2826     9160,5362   122     9039,0833     9535,0749 16027215    5,49%
Elapsed time = 25812,62 sec. (5192015,12 ticks, tree = 330,89 MB, solutions = 8)
   3360  2830     9158,8351   126     9039,0833     9535,0749 16076032    5,49%
   3368  2834     9068,6316   119     9039,0833     9535,0749 16125229    5,49%
   3376  2838     9140,4591   133     9039,0833     9535,0749 16162062    5,49%
   3384  2846     9091,3724   119     9039,0833     9535,0749 16247183    5,49%
   3386  2848     9239,8813   148     9039,0833     9535,0749 16266494    5,49%
   3392  2852     9062,9882   125     9039,0833     9535,0749 16290891    5,49%
   3394  2854     9220,0713   148     9039,0833     9535,0749 16306765    5,49%
   3402  2858     9179,7872   158     9039,0833     9535,0749 16360928    5,49%
   3408  2863     9058,1367   107     9039,0833     9535,0749 16417420    5,49%
   3420  2871     9041,5616    81     9039,0833     9535,0749 16648338    5,49%
Elapsed time = 26389,73 sec. (5399927,69 ticks, tree = 330,89 MB, solutions = 8)
   3428  2879     9057,7524    83     9039,0833     9535,0749 16755441    5,49%
   3436  2887     9051,7602    92     9039,0833     9535,0749 16845620    5,49%
   3448  2896     9436,4743   116     9039,0833     9535,0749 16910048    5,49%
   3456  2900     9402,4589   115     9039,0833     9535,0749 16927801    5,49%
   3464  2908     9379,1101   108     9039,0833     9535,0749 16980344    5,49%
   3480  2924     9349,4511    94     9039,0833     9535,0749 17069855    5,49%

Implied bound cuts applied:  2204
Flow cuts applied:  32786
Mixed integer rounding cuts applied:  26103
Flow path cuts applied:  69
Gomory fractional cuts applied:  181

Root node processing (before b&c):
  Real time             = 1133,06 sec. (789239,35 ticks)
Parallel b&c, 8 threads:
  Real time             = 26167,76 sec. (4979144,17 ticks)
  Sync time (average)   = 2155,26 sec.
  Wait time (average)   = 2155,63 sec.
                          ------------
Total (root+branch&cut) = 27300,82 sec. (5768383,51 ticks)

<<< solve


OBJECTIVE: 9039.083
avg_utility = 0.560494

<<< post process


<<< done

