
<<< setup


<<< generate

Found incumbent of value 0,000000 after 0,00 sec. (0,64 ticks)
Tried aggregator 2 times.
MIP Presolve eliminated 17858 rows and 11569 columns.
MIP Presolve modified 932 coefficients.
Aggregator did 1392 substitutions.
Reduced MIP has 1394 rows, 2784 columns, and 5104 nonzeros.
Reduced MIP has 1271 binaries, 585 generals, 0 SOSs, and 0 indicators.
Presolve time = 0,02 sec. (19,29 ticks)
Probing time = 0,00 sec. (1,65 ticks)
Tried aggregator 1 time.
Reduced MIP has 1394 rows, 2784 columns, and 5104 nonzeros.
Reduced MIP has 1271 binaries, 585 generals, 0 SOSs, and 0 indicators.
Presolve time = 0,00 sec. (4,06 ticks)
Probing time = 0,00 sec. (1,65 ticks)
Clique table members: 269.
MIP emphasis: balance optimality and feasibility.
MIP search method: dynamic search.
Parallel mode: deterministic, using up to 8 threads.
Root relaxation solution time = 0,01 sec. (12,65 ticks)

        Nodes                                         Cuts/
   Node  Left     Objective  IInf  Best Integer    Best Bound    ItCnt     Gap

*     0+    0                            0,0000     2655,0524              --- 
*     0+    0                          140,0000     2655,0524              --- 
      0     0     1129,5159     2      140,0000     1129,5159      667  706,80%
*     0+    0                         1129,4848     1129,5159             0,00%

Root node processing (before b&c):
  Real time             =    0,08 sec. (68,80 ticks)
Parallel b&c, 8 threads:
  Real time             =    0,00 sec. (0,00 ticks)
  Sync time (average)   =    0,00 sec.
  Wait time (average)   =    0,00 sec.
                          ------------
Total (root+branch&cut) =    0,08 sec. (68,80 ticks)

<<< solve


OBJECTIVE: 1129.485
avg_utility = 0.691662

<<< post process


<<< done

