
<<< setup


<<< generate

Presolve has eliminated 107221 rows and 174319 columns...
Tried aggregator 2 times.
MIP Presolve eliminated 260345 rows and 305005 columns.
MIP Presolve modified 893 coefficients.
Aggregator did 12012 substitutions.
Reduced MIP has 2679 rows, 8012 columns, and 16030 nonzeros.
Reduced MIP has 4034 binaries, 2196 generals, 0 SOSs, and 0 indicators.
Presolve time = 3,42 sec. (11987,26 ticks)
Found incumbent of value 0,000000 after 3,54 sec. (12012,48 ticks)
Probing time = 0,00 sec. (0,88 ticks)
Tried aggregator 2 times.
MIP Presolve eliminated 1 rows and 0 columns.
MIP Presolve modified 1 coefficients.
Aggregator did 2 substitutions.
Reduced MIP has 2676 rows, 8010 columns, and 16024 nonzeros.
Reduced MIP has 4034 binaries, 2196 generals, 0 SOSs, and 0 indicators.
Presolve time = 0,02 sec. (17,59 ticks)
Probing time = 0,01 sec. (0,90 ticks)
Clique table members: 524.
MIP emphasis: balance optimality and feasibility.
MIP search method: dynamic search.
Parallel mode: deterministic, using up to 8 threads.
Root relaxation solution time = 0,02 sec. (19,85 ticks)

        Nodes                                         Cuts/
   Node  Left     Objective  IInf  Best Integer    Best Bound    ItCnt     Gap

*     0+    0                            0,0000    20824,0000              --- 
*     0+    0                         1205,8000    20824,0000              --- 
      0     0     3905,7000     4     1205,8000     3905,7000      905  223,91%
*     0+    0                         3904,6000     3905,7000             0,03%
*     0+    0                         3905,6000     3905,7000             0,00%

Root node processing (before b&c):
  Real time             =    3,84 sec. (12327,58 ticks)
Parallel b&c, 8 threads:
  Real time             =    0,00 sec. (0,00 ticks)
  Sync time (average)   =    0,00 sec.
  Wait time (average)   =    0,00 sec.
                          ------------
Total (root+branch&cut) =    3,84 sec. (12327,58 ticks)

<<< solve


OBJECTIVE: 3905.6

<<< post process


<<< done

