
<<< setup


<<< generate

Tried aggregator 2 times.
MIP Presolve eliminated 157036 rows and 154579 columns.
MIP Presolve modified 1 coefficients.
Aggregator did 910 substitutions.
Reduced MIP has 92 rows, 546 columns, and 1001 nonzeros.
Reduced MIP has 402 binaries, 144 generals, 0 SOSs, and 0 indicators.
Presolve time = 0,88 sec. (2939,06 ticks)
Found incumbent of value 0,000000 after 0,90 sec. (2944,83 ticks)
Probing time = 0,00 sec. (0,17 ticks)
Tried aggregator 1 time.
Presolve time = 0,00 sec. (1,71 ticks)
Probing time = 0,00 sec. (0,17 ticks)
Clique table members: 67.
MIP emphasis: balance optimality and feasibility.
MIP search method: dynamic search.
Parallel mode: deterministic, using up to 24 threads.
Root relaxation solution time = 0,00 sec. (2,02 ticks)

        Nodes                                         Cuts/
   Node  Left     Objective  IInf  Best Integer    Best Bound    ItCnt     Gap

*     0+    0                            0,0000      667,2178      254     --- 
*     0+    0                          155,6420      667,2178      254  328,69%
      0     0      157,2296     2      155,6420      157,2296      254    1,02%
*     0+    0                          157,1938      157,2296      254    0,02%

Repeating presolve.
Tried aggregator 1 time.
MIP Presolve eliminated 0 rows and 273 columns.
MIP Presolve modified 276 coefficients.
Reduced MIP has 92 rows, 273 columns, and 455 nonzeros.
Reduced MIP has 201 binaries, 72 generals, 0 SOSs, and 0 indicators.
Presolve time = 0,00 sec. (2,44 ticks)
Probing time = 0,00 sec. (0,05 ticks)
Tried aggregator 1 time.
Presolve time = 0,00 sec. (1,48 ticks)
Represolve time = 0,03 sec. (14,23 ticks)
Probing time = 0,00 sec. (0,05 ticks)
Clique table members: 67.
MIP emphasis: balance optimality and feasibility.
MIP search method: dynamic search.
Parallel mode: deterministic, using up to 24 threads.
Root relaxation solution time = 0,00 sec. (0,17 ticks)

        Nodes                                         Cuts/
   Node  Left     Objective  IInf  Best Integer    Best Bound    ItCnt     Gap

*     0+    0                          157,1938      157,2296      254    0,02%
      0     0        cutoff            157,1938                    254    0,00%

Root node processing (before b&c):
  Real time             =    0,09 sec. (40,40 ticks)
Parallel b&c, 24 threads:
  Real time             =    0,00 sec. (0,00 ticks)
  Sync time (average)   =    0,00 sec.
  Wait time (average)   =    0,00 sec.
                          ------------
Total (root+branch&cut) =    0,09 sec. (40,40 ticks)

<<< solve


OBJECTIVE: 157.1938
avg_utility = 0.964378883435583

<<< post process


<<< done

