
<<< setup


<<< generate

Tried aggregator 2 times.
MIP Presolve eliminated 150468 rows and 145683 columns.
MIP Presolve modified 466 coefficients.
Aggregator did 6176 substitutions.
Reduced MIP has 1394 rows, 4176 columns, and 7888 nonzeros.
Reduced MIP has 2078 binaries, 1170 generals, 0 SOSs, and 0 indicators.
Presolve time = 0,92 sec. (2953,92 ticks)
Found incumbent of value 0,000000 after 0,94 sec. (2961,75 ticks)
Probing time = 0,01 sec. (11,77 ticks)
Tried aggregator 1 time.
Presolve time = 0,01 sec. (5,66 ticks)
Probing time = 0,00 sec. (0,67 ticks)
Clique table members: 269.
MIP emphasis: balance optimality and feasibility.
MIP search method: dynamic search.
Parallel mode: deterministic, using up to 24 threads.
Root relaxation solution time = 0,03 sec. (13,80 ticks)

        Nodes                                         Cuts/
   Node  Left     Objective  IInf  Best Integer    Best Bound    ItCnt     Gap

*     0+    0                            0,0000     6992,1092      497     --- 
*     0+    0                          410,2984     6992,1092      497     --- 
*     0     0      integral     0     1356,7283     1356,7283      497    0,00%
Elapsed time = 1,02 sec. (3007,46 ticks, tree = 0,00 MB, solutions = 3)

Root node processing (before b&c):
  Real time             =    0,06 sec. (26,88 ticks)
Parallel b&c, 24 threads:
  Real time             =    0,00 sec. (0,00 ticks)
  Sync time (average)   =    0,00 sec.
  Wait time (average)   =    0,00 sec.
                          ------------
Total (root+branch&cut) =    0,06 sec. (26,88 ticks)

<<< solve


OBJECTIVE: 1356.728
avg_utility = 0.8308195505205096

<<< post process


<<< done

