
<<< setup


<<< generate

Presolve has eliminated 81929 rows and 111029 columns...
Tried aggregator 7 times.
MIP Presolve eliminated 232149 rows and 277649 columns.
MIP Presolve modified 3 coefficients.
Aggregator did 38000 substitutions.
Reduced MIP has 4887 rows, 9380 columns, and 19280 nonzeros.
Reduced MIP has 1980 binaries, 0 generals, 0 SOSs, and 0 indicators.
Presolve time = 4,98 sec. (13576,84 ticks)
Found incumbent of value 0,000000 after 5,03 sec. (13606,97 ticks)
Probing time = 0,00 sec. (1,13 ticks)
Tried aggregator 2 times.
MIP Presolve eliminated 2000 rows and 2880 columns.
MIP Presolve modified 1740 coefficients.
Aggregator did 880 substitutions.
Reduced MIP has 2007 rows, 5620 columns, and 13760 nonzeros.
Reduced MIP has 1980 binaries, 0 generals, 0 SOSs, and 0 indicators.
Presolve time = 0,04 sec. (35,77 ticks)
Probing time = 0,01 sec. (1,83 ticks)
Clique table members: 180.
MIP emphasis: balance optimality and feasibility.
MIP search method: dynamic search.
Parallel mode: deterministic, using up to 24 threads.
Root relaxation solution time = 0,04 sec. (44,23 ticks)

        Nodes                                         Cuts/
   Node  Left     Objective  IInf  Best Integer    Best Bound    ItCnt     Gap

*     0+    0                            0,0000     1152,0000      748     --- 
*     0+    0                          270,0000     1152,0000      748  326,67%
      0     0        cutoff            270,0000      270,0000      748    0,00%

Root node processing (before b&c):
  Real time             =    0,10 sec. (66,75 ticks)
Parallel b&c, 24 threads:
  Real time             =    0,00 sec. (0,00 ticks)
  Sync time (average)   =    0,00 sec.
  Wait time (average)   =    0,00 sec.
                          ------------
Total (root+branch&cut) =    0,10 sec. (66,75 ticks)

<<< solve


OBJECTIVE: 270

<<< post process


<<< done

