
<<< setup


<<< generate

Presolve has eliminated 75364 rows and 193235 columns...
Aggregator has done 114632 substitutions...
Tried aggregator 13 times.
MIP Presolve eliminated 351064 rows and 513530 columns.
MIP Presolve modified 12521 coefficients.
Aggregator did 137572 substitutions.
Reduced MIP has 109113 rows, 284119 columns, and 791380 nonzeros.
Reduced MIP has 26805 binaries, 4698 generals, 0 SOSs, and 0 indicators.
Presolve time = 32,92 sec. (101103,82 ticks)
Found incumbent of value 356,800000 after 33,72 sec. (101731,11 ticks)
Probing time = 0,08 sec. (11,70 ticks)
Tried aggregator 2 times.
MIP Presolve eliminated 23228 rows and 56915 columns.
MIP Presolve modified 5756 coefficients.
Aggregator did 1466 substitutions.
Reduced MIP has 84419 rows, 225738 columns, and 627146 nonzeros.
Reduced MIP has 26805 binaries, 4698 generals, 0 SOSs, and 0 indicators.
Presolve time = 1,42 sec. (1418,16 ticks)
Probing time = 0,06 sec. (9,47 ticks)
Tried aggregator 2 times.
MIP Presolve eliminated 5 rows and 18 columns.
MIP Presolve modified 3 coefficients.
Aggregator did 1 substitutions.
Reduced MIP has 84413 rows, 225719 columns, and 627095 nonzeros.
Reduced MIP has 26805 binaries, 4698 generals, 0 SOSs, and 0 indicators.
Presolve time = 0,64 sec. (523,04 ticks)
Probing time = 0,06 sec. (10,19 ticks)
Clique table members: 743.
MIP emphasis: balance optimality and feasibility.
MIP search method: dynamic search.
Parallel mode: deterministic, using up to 8 threads.
Root relaxation solution time = 4,06 sec. (3268,96 ticks)

        Nodes                                         Cuts/
   Node  Left     Objective  IInf  Best Integer    Best Bound    ItCnt     Gap

*     0+    0                          356,8000    24180,0000              --- 
*     0+    0                          797,6000    24180,0000              --- 
*     0+    0                          923,2000    24180,0000              --- 
*     0+    0                          991,2000    24180,0000              --- 
*     0+    0                         1040,0000    24180,0000              --- 
*     0+    0                         1080,8000    24180,0000              --- 
*     0+    0                         1116,0000    24180,0000              --- 
*     0+    0                         1141,6000    24180,0000              --- 
*     0+    0                         1164,8000    24180,0000              --- 
*     0+    0                         1186,4000    24180,0000              --- 
      0     0     8060,0000  1212     1186,4000     8060,0000    15428  579,37%
*     0+    0                         3914,0000     8060,0000           105,93%
      0     0     7312,5912  1132     3914,0000    Cuts: 3872    29211   86,83%
      0     0     6713,3019  1188     3914,0000    Cuts: 3640    35990   71,52%
      0     0     6181,5227  1172     3914,0000    Cuts: 3608   130596   57,93%
*     0+    0                         4425,2000     6181,5227            39,69%
*     0+    0                         4425,6000     6181,5227            39,68%
*     0+    0                         4549,0000     6181,5227            35,89%
      0     0     5719,2453  1194     4549,0000    Cuts: 3491   159833   25,73%
*     0+    0                         4670,2000     5719,2453            22,46%
      0     0     5313,0688   873     4670,2000    Cuts: 3616   183810   13,77%
*     0+    0                         4681,8000     5313,0688            13,48%
      0     0     5303,4360   865     4681,8000    Cuts: 2490   206677   13,28%
*     0+    0                         5005,6000     5303,4360             5,95%
*     0+    0                         5043,0000     5303,4360             5,16%
      0     0     5299,6552   848     5043,0000    Cuts: 2034   222568    5,09%
*     0+    0                         5058,0000     5299,6552             4,78%
      0     0     5299,1347   781     5058,0000    Cuts: 2029   294988    4,77%
*     0+    0                         5062,6000     5299,1347             4,67%
      0     0     5293,8963   676     5062,6000    Cuts: 2008   315749    4,57%
*     0+    0                         5155,6000     5293,8963             2,68%
*     0+    0                         5158,4000     5293,8963             2,63%
*     0+    0                         5158,6000     5293,8963             2,62%
*     0+    0                         5159,0000     5293,8963             2,61%
      0     0     5268,1207   537     5159,0000    Cuts: 1632   336463    2,12%
      0     0     5263,5311   498     5159,0000    Cuts: 1338   357517    2,03%
      0     0     5256,4837   428     5159,0000    Cuts: 1093   365194    1,89%
*     0+    0                         5212,2000     5256,4837             0,85%
      0     0     5246,7221   423     5212,2000     Cuts: 742   394382    0,66%
      0     0     5246,4061   356     5212,2000     Cuts: 807   404436    0,66%
      0     0     5246,3901   338     5212,2000     Cuts: 562   410367    0,66%
*     0+    0                         5229,2000     5246,3901             0,33%
*     0+    0                         5230,6000     5246,3901             0,30%
      0     0     5246,2568   376     5230,6000     Cuts: 422   419456    0,30%
      0     0     5246,1042   393     5230,6000     Cuts: 498   516903    0,30%
*     0+    0                         5234,0000     5246,1042             0,23%
*     0+    0                         5234,4000     5246,1042             0,22%
*     0+    0                         5235,4000     5246,1042             0,20%
      0     2     5246,1042   393     5235,4000     5246,1042   516903    0,20%
Elapsed time = 1134,07 sec. (881613,56 ticks, tree = 0,00 MB, solutions = 30)
      1     3     5244,3872   400     5235,4000     5246,1042   521653    0,20%
      2     4     5245,1792   360     5235,4000     5246,1042   521721    0,20%
      3     5     5241,8472   342     5235,4000     5244,9858   522300    0,18%
*     4+    4                         5235,6000     5244,9858             0,18%
*     4+    4                         5235,8000     5244,9858             0,18%
      4     6     5241,0521   461     5235,8000     5244,9858   528499    0,18%
      5     7     5243,9163   398     5235,8000     5244,9858   528514    0,18%
      8    10     5242,7052   415     5235,8000     5244,9858   559095    0,18%
     10    12     5243,2052   375     5235,8000     5244,9858   559110    0,18%
     12    14     5240,7262   555     5235,8000     5244,0972   585340    0,16%
     16    18     5237,5472   419     5235,8000     5244,0972   627317    0,16%
    132   128     5236,3043   441     5235,8000     5244,0972   663514    0,16%
Elapsed time = 1801,44 sec. (1205027,09 ticks, tree = 0,00 MB, solutions = 33)
    133   129     5242,8762   393     5235,8000     5244,0972   680882    0,16%
    137   131     5236,7471   536     5235,8000     5244,0972   719072    0,16%
    551   534     5241,8971   333     5235,8000     5244,0972   764020    0,16%
    553   534     5238,4543   425     5235,8000     5244,0972   791651    0,16%
    557   538     5237,3471   544     5235,8000     5244,0972   826090    0,16%
    861   818     5239,1970   445     5235,8000     5244,0972   901231    0,16%
    870   825     5241,7971   402     5235,8000     5244,0972   924370    0,16%
    885   832     5236,3471   507     5235,8000     5244,0972   979470    0,16%
   1083  1015     5239,1971   382     5235,8000     5244,0972  1014840    0,16%
   1090  1018     5241,4829   557     5235,8000     5244,0972  1061441    0,16%
Elapsed time = 2819,84 sec. (1537470,24 ticks, tree = 169,84 MB, solutions = 33)
   1281  1137     5241,8374   334     5235,8000     5244,0972  1093689    0,16%
   1625  1472     5238,8971   466     5235,8000     5244,0972  1129140    0,16%
   1641  1488     5240,4433   540     5235,8000     5244,0972  1190487    0,16%
   1656  1503     5238,6904   595     5235,8000     5244,0972  1286069    0,16%
   2045  1794     5238,6788   515     5235,8000     5244,0972  1376138    0,16%
   2049  1798     5239,3410   625     5235,8000     5244,0972  1453417    0,16%
   2076  1813     5240,5400   564     5235,8000     5244,0972  1625618    0,16%
   2419  2048     5241,1866   442     5235,8000     5244,0972  1641120    0,16%
   2421  2048     5236,0000   348     5235,8000     5244,0972  1641838    0,16%
   2426  2051     5238,6788   519     5235,8000     5244,0972  1652390    0,16%
Elapsed time = 3894,63 sec. (1968169,37 ticks, tree = 229,84 MB, solutions = 33)
   2432  2054     5236,4526   592     5235,8000     5244,0972  1684090    0,16%
   2434  2056     5238,6788   541     5235,8000     5244,0972  1700172    0,16%
   2443  2059     5243,5248   514     5235,8000     5244,0972  1729682    0,16%
   2462  2075     5238,5855   647     5235,8000     5244,0972  1762521    0,16%
   2467  2080     5243,4971   509     5235,8000     5244,0972  1819582    0,16%
   2502  2103     5236,8614   408     5235,8000     5244,0972  1884257    0,16%
*  3464+ 1989                         5236,6000     5244,0972             0,14%
*  3464+ 1325                         5239,2000     5244,0972             0,09%
   3464  1326     5244,5968   294     5239,2000     5244,0972  2261304    0,09%
   3465  1327     5243,8468   254     5239,2000     5244,0972  2261381    0,09%
   3466  1327     5243,0611   245     5239,2000     5243,8198  2261729    0,09%
   3467  1328     5242,7121   284     5239,2000     5243,8198  2275595    0,09%
Elapsed time = 5020,16 sec. (2668445,85 ticks, tree = 167,36 MB, solutions = 35)
   3468  1329     5241,9264   271     5239,2000     5243,8198  2275682    0,09%
   3469  1329     5242,3663   260     5239,2000     5242,9925  2277436    0,07%
   3470  1329     5241,2851   262     5239,2000     5242,9925  2296951    0,07%
   3471  1328     5239,9560   287     5239,2000     5242,9925  2307473    0,07%
   3474  1106     5242,3614   260     5239,2000     5242,8165  2312016    0,07%
   3475  1105     5241,2553   317     5239,2000     5242,8165  2362330    0,07%
   3481   885     5241,4163   360     5239,2000     5242,8165  2392402    0,07%
   3482   885     5242,2640   218     5239,2000     5242,8165  2398849    0,07%
   3483   886     5241,2448   301     5239,2000     5242,8165  2405782    0,07%
   3484   886     5241,4122   268     5239,2000     5242,8165  2420954    0,07%
Elapsed time = 5282,05 sec. (2822616,20 ticks, tree = 110,94 MB, solutions = 35)
   3485   886     5241,4122   287     5239,2000     5242,8165  2436975    0,07%
   3487   888     5241,4122   281     5239,2000     5242,8165  2439398    0,07%
   3489   890     5241,1185   249     5239,2000     5242,8165  2469588    0,07%
   3493   889     5239,6563   245     5239,2000     5242,8165  2510587    0,07%
   3494   889     5241,4163   360     5239,2000     5242,8165  2517382    0,07%
*  3495+  596                         5239,6000     5242,8165             0,06%
   3503   556     5240,4000   198     5239,6000     5242,3131  2624139    0,05%
   3507   521     5240,6500   254     5239,6000     5242,3131  2628150    0,05%
   3512   522     5241,0947   187     5239,6000     5242,3131  2638018    0,05%
   3521   452     5241,4122   287     5239,6000     5242,3131  2645475    0,05%
   3527   386        cutoff           5239,6000     5242,3131  2669249    0,05%
Elapsed time = 6707,06 sec. (3400521,89 ticks, tree = 46,56 MB, solutions = 36)
   3537   355     5241,3950   366     5239,6000     5242,3131  2696144    0,05%
   3538   355     5240,3500   331     5239,6000     5242,3131  2696590    0,05%
   3544   342     5240,3500   233     5239,6000     5242,3131  2703498    0,05%
   3545   342     5240,3500   330     5239,6000     5242,3131  2704436    0,05%
   3554   335     5240,3500   307     5239,6000     5242,3131  2713312    0,05%
   3557   335     5240,8062   274     5239,6000     5242,3131  2715481    0,05%
   3567   313     5240,3500   340     5239,6000     5242,3131  2723937    0,05%
   3570   314     5240,3500   268     5239,6000     5242,3131  2726673    0,05%
   3578   293     5240,3500   280     5239,6000     5242,3131  2732206    0,05%
   3593   273     5240,3500   344     5239,6000     5242,3131  2741097    0,05%
Elapsed time = 7280,54 sec. (3553450,08 ticks, tree = 28,34 MB, solutions = 36)
   3598   256     5240,3357   339     5239,6000     5242,3131  2751066    0,05%
   3626   257     5240,3500   267     5239,6000     5242,0357  2774577    0,05%
   3634   256     5240,3500   267     5239,6000     5242,0357  2789531    0,05%
   3641   251     5240,3357   323     5239,6000     5242,0357  2794105    0,05%
   3645   252     5241,2127   184     5239,6000     5242,0357  2800921    0,05%
   3671   265     5240,3500   241     5239,6000     5241,7923  2822233    0,04%
   3679   268     5240,3500   245     5239,6000     5241,7923  2840264    0,04%
   3681   268     5240,3500   316     5239,6000     5241,7923  2841479    0,04%
   3685   268     5240,3500   322     5239,6000     5241,7923  2845584    0,04%
   3698   268     5240,3300   332     5239,6000     5241,7923  2857083    0,04%
Elapsed time = 7941,22 sec. (3757095,88 ticks, tree = 18,35 MB, solutions = 36)
   3703   270     5240,2000   302     5239,6000     5241,7923  2859670    0,04%
   3709   272     5240,2000   448     5239,6000     5241,7923  2863997    0,04%
   3722   281     5240,3500   287     5239,6000     5241,7923  2879323    0,04%
   3728   284     5240,3500   282     5239,6000     5241,7923  2909400    0,04%
   3736   287     5240,3500   286     5239,6000     5241,7923  2914695    0,04%
   3742   291     5240,2000   286     5239,6000     5241,7923  2918035    0,04%
   3743   292     5240,2786   321     5239,6000     5241,7923  2918782    0,04%
   3776   310     5240,3250   307     5239,6000     5241,7923  2942833    0,04%
   3780   311     5240,2000   322     5239,6000     5241,7923  2944404    0,04%
   3795   318     5240,3500   373     5239,6000     5241,7923  2953786    0,04%
Elapsed time = 8355,45 sec. (3885470,37 ticks, tree = 12,53 MB, solutions = 36)
   3823   334     5240,3000   318     5239,6000     5241,7923  2972962    0,04%
   3854   351     5240,3000   314     5239,6000     5241,7923  2989353    0,04%
   3858   352     5240,2000   368     5239,6000     5241,7923  2991474    0,04%
   3860   353     5240,3500   363     5239,6000     5241,7923  2992711    0,04%
   3866   357     5240,2000   332     5239,6000     5241,7923  2996762    0,04%
   3877   364     5240,2500   353     5239,6000     5241,7923  3008006    0,04%
   3887   370     5240,2500   318     5239,6000     5241,7923  3024553    0,04%
   3890   372     5240,3250   303     5239,6000     5241,7923  3026007    0,04%
   3891   372     5240,2000   318     5239,6000     5241,7923  3026648    0,04%
   3909   379     5240,3000   301     5239,6000     5241,7923  3036319    0,04%
Elapsed time = 9016,23 sec. (4080973,34 ticks, tree = 11,99 MB, solutions = 36)
   3913   380     5240,2500   339     5239,6000     5241,7923  3038207    0,04%
   3933   390     5240,3250   333     5239,6000     5241,7923  3047705    0,04%
   3964   406     5240,1500   296     5239,6000     5241,7923  3063387    0,04%
   3977   414     5240,3500   344     5239,6000     5241,7923  3071695    0,04%
   3993   422     5240,3250   323     5239,6000     5241,7923  3081404    0,04%
   4009   431     5240,3500   364     5239,6000     5241,7923  3089601    0,04%
   4012   433     5240,4500   253     5239,6000     5241,7923  3091374    0,04%
   4065   486     5240,2786   318     5239,6000     5241,7923  3119363    0,04%
   4069   490     5240,3500   345     5239,6000     5241,7923  3121007    0,04%
   4080   501     5240,2500   278     5239,6000     5241,7923  3126517    0,04%
Elapsed time = 9784,44 sec. (4266006,54 ticks, tree = 17,10 MB, solutions = 36)
   4092   513     5240,0786   334     5239,6000     5241,7923  3132793    0,04%
   4111   530     5240,2500   279     5239,6000     5241,7923  3141796    0,04%
   4120   539     5240,1500   301     5239,6000     5241,7923  3150906    0,04%
   4139   555     5240,1318   354     5239,6000     5241,7923  3167828    0,04%
   4141   557     5240,0750   349     5239,6000     5241,7923  3169068    0,04%
   4142   558     5240,4500   276     5239,6000     5241,7923  3169641    0,04%
   4143   559     5240,2786   357     5239,6000     5241,7923  3170168    0,04%
   4165   581     5240,0750   371     5239,6000     5241,7923  3182027    0,04%
   4166   582     5240,4500   342     5239,6000     5241,7923  3182666    0,04%
   4189   605     5240,2786   331     5239,6000     5241,7923  3203851    0,04%
Elapsed time = 10613,07 sec. (4463437,28 ticks, tree = 24,26 MB, solutions = 36)
   4196   610     5240,4500   304     5239,6000     5241,7923  3206755    0,04%
   4224   637     5239,8000   345     5239,6000     5241,7923  3221053    0,04%
   4237   650     5240,2786   349     5239,6000     5241,7923  3228403    0,04%
   4242   655     5239,9000   302     5239,6000     5241,7923  3231192    0,04%
   4255   667     5239,9000   323     5239,6000     5241,7923  3243363    0,04%
   4264   676     5239,9000   289     5239,6000     5241,7923  3251696    0,04%
   4276   686     5240,2500   351     5239,6000     5241,7923  3257521    0,04%
   4326   734     5239,9000   290     5239,6000     5241,7923  3283474    0,04%
   4336   744     5240,1167   292     5239,6000     5241,7923  3288836    0,04%
   4343   751     5240,4500   247     5239,6000     5241,7923  3292130    0,04%
Elapsed time = 11129,93 sec. (4592248,97 ticks, tree = 32,42 MB, solutions = 36)
   4354   762     5239,9000   466     5239,6000     5241,7923  3308247    0,04%
   4402   810     5240,4500   310     5239,6000     5241,7923  3334223    0,04%
   4421   829     5239,9000   439     5239,6000     5241,7923  3345889    0,04%
   4461   863     5240,2500   313     5239,6000     5241,7923  3369743    0,04%
   4462   864     5240,2500   332     5239,6000     5241,7923  3370292    0,04%
   4469   869     5239,9000   390     5239,6000     5241,7923  3375103    0,04%
   4487   883     5240,2500   296     5239,6000     5241,7923  3384408    0,04%
   4490   886     5239,8773   310     5239,6000     5241,7923  3385818    0,04%
   4495   890     5240,2500   321     5239,6000     5241,7923  3388277    0,04%
   4496   891     5239,9000   400     5239,6000     5241,7923  3388995    0,04%
Elapsed time = 11782,87 sec. (4787323,85 ticks, tree = 41,94 MB, solutions = 36)
   4519   902     5239,8773   303     5239,6000     5241,7923  3406169    0,04%
   4558   932     5240,2500   283     5239,6000     5241,7923  3427565    0,04%
   4559   933     5240,2500   343     5239,6000     5241,7923  3428214    0,04%
   4563   935     5239,9000   365     5239,6000     5241,7923  3430997    0,04%
   4608   980     5240,4500   341     5239,6000     5241,7923  3456404    0,04%
   4621   993     5239,9500   281     5239,6000     5241,7923  3464738    0,04%
   4632  1004     5239,8773   429     5239,6000     5241,7923  3471805    0,04%
   4655  1027     5240,2500   315     5239,6000     5241,7923  3487098    0,04%
   4663  1033     5240,2500   285     5239,6000     5241,7923  3491986    0,04%
   4688  1056     5239,8773   400     5239,6000     5241,7923  3505368    0,04%
Elapsed time = 12470,58 sec. (4970540,12 ticks, tree = 50,87 MB, solutions = 36)
   4697  1062     5240,2500   312     5239,6000     5241,7923  3509978    0,04%
   4712  1075     5239,8000   362     5239,6000     5241,7923  3516550    0,04%
   4722  1085     5239,9500   297     5239,6000     5241,7923  3521792    0,04%
   4735  1097     5240,2500   331     5239,6000     5241,7923  3528680    0,04%
   4766  1119     5239,9500   297     5239,6000     5241,7923  3547785    0,04%
   4768  1121     5240,2500   332     5239,6000     5241,7923  3548945    0,04%
   4807  1153     5240,2500   287     5239,6000     5241,7923  3567311    0,04%
   4856  1198     5240,2500   321     5239,6000     5241,7923  3592469    0,04%
   4859  1199     5240,4500   231     5239,6000     5241,7923  3593989    0,04%
   4864  1203     5239,9000   366     5239,6000     5241,7923  3597508    0,04%
Elapsed time = 13384,13 sec. (5201038,74 ticks, tree = 61,47 MB, solutions = 36)
   4904  1239     5240,4500   286     5239,6000     5241,7923  3623002    0,04%
   4914  1247     5240,0000   303     5239,6000     5241,7923  3627488    0,04%
   4919  1252     5239,9000   379     5239,6000     5241,7923  3630533    0,04%
   4950  1282     5239,9000   341     5239,6000     5241,7923  3649363    0,04%
   4957  1287     5240,4500   247     5239,6000     5241,7923  3652818    0,04%
   5010  1331     5240,4500   278     5239,6000     5241,7923  3687918    0,04%
   5065  1380     5240,4500   277     5239,6000     5241,7923  3720022    0,04%
   5119  1419     5239,8000   394     5239,6000     5241,7923  3751887    0,04%
   5128  1427     5239,9000   341     5239,6000     5241,7923  3757484    0,04%
   5157  1447     5239,9500   282     5239,6000     5241,7923  3775357    0,04%
Elapsed time = 14506,90 sec. (5491783,84 ticks, tree = 77,03 MB, solutions = 36)
   5189  1471     5239,8000   391     5239,6000     5241,7923  3794277    0,04%
   5193  1475     5240,4500   308     5239,6000     5241,7923  3795994    0,04%
   5210  1489     5239,8773   376     5239,6000     5241,7923  3804258    0,04%
   5223  1501     5239,8000   359     5239,6000     5241,7923  3811486    0,04%
   5274  1550     5239,9000   338     5239,6000     5241,7923  3851135    0,04%
   5302  1573     5239,8773   307     5239,6000     5241,7923  3866765    0,04%
   5317  1585     5239,8000   349     5239,6000     5241,7923  3875036    0,04%
   5333  1598     5240,2500   353     5239,6000     5241,7923  3885055    0,04%
   5372  1631     5240,2500   279     5239,6000     5241,7923  3909254    0,04%
   5374  1632     5239,8000   353     5239,6000     5241,7923  3910621    0,04%
Elapsed time = 15463,63 sec. (5764556,97 ticks, tree = 87,93 MB, solutions = 36)
   5411  1667     5240,2500   315     5239,6000     5241,7923  3930480    0,04%
   5423  1676     5240,2500   285     5239,6000     5241,7923  3937169    0,04%
   5443  1696     5239,9500   316     5239,6000     5241,7923  3949608    0,04%
   5450  1702     5240,2500   303     5239,6000     5241,7923  3952998    0,04%
   5463  1712     5239,8000   366     5239,6000     5241,7923  3959315    0,04%
   5477  1726     5239,8773   325     5239,6000     5241,7923  3966859    0,04%
   5495  1744     5239,8773   348     5239,6000     5241,7923  3976499    0,04%
   5519  1759     5240,4500   282     5239,6000     5241,7923  3986704    0,04%
   5566  1777     5240,2500   325     5239,6000     5241,7923  4012733    0,04%
   5568  1778     5239,8773   352     5239,6000     5241,7923  4013823    0,04%
Elapsed time = 16073,33 sec. (5905394,99 ticks, tree = 97,10 MB, solutions = 36)
   5580  1784     5239,9000   356     5239,6000     5241,7923  4022299    0,04%
   5594  1791     5240,5500   210     5239,6000     5241,7923  4036799    0,04%
   5615  1808     5239,8773   438     5239,6000     5241,7923  4056139    0,04%
   5674  1867     5239,8000   352     5239,6000     5241,7923  4094868    0,04%
   5678  1871     5240,5433   237     5239,6000     5241,7923  4096635    0,04%
   5702  1895     5239,8773   365     5239,6000     5241,7923  4112830    0,04%
   5710  1903     5240,4500   295     5239,6000     5241,7923  4118107    0,04%
   5717  1910     5239,9000   354     5239,6000     5241,7923  4122359    0,04%
   5731  1921     5239,8000   325     5239,6000     5241,7923  4130562    0,04%
   5732  1922     5239,9500   328     5239,6000     5241,7923  4131178    0,04%
Elapsed time = 16829,44 sec. (6107679,29 ticks, tree = 105,95 MB, solutions = 36)
   5740  1930     5240,5000   223     5239,6000     5241,7923  4136172    0,04%
   5755  1945     5239,9000   364     5239,6000     5241,7923  4144139    0,04%
   5794  1983     5239,8000   293     5239,6000     5241,7923  4165855    0,04%
   5807  1996     5239,9000   398     5239,6000     5241,7923  4172840    0,04%
   5844  2032     5240,2500   275     5239,6000     5241,7923  4197687    0,04%
   5847  2035     5240,4500   240     5239,6000     5241,7923  4198865    0,04%
   5865  2053     5239,8000   306     5239,6000     5241,7923  4209109    0,04%
   5873  2059     5239,8773   352     5239,6000     5241,7923  4213655    0,04%
   5891  2072     5239,8000   291     5239,6000     5241,7923  4224070    0,04%
   5895  2076     5240,4500   247     5239,6000     5241,7923  4225838    0,04%
Elapsed time = 17569,12 sec. (6285659,21 ticks, tree = 114,90 MB, solutions = 36)
   5904  2082     5240,1250   306     5239,6000     5241,7923  4232048    0,04%
   5925  2087     5239,9000   385     5239,6000     5241,7923  4248872    0,04%
   5962  2119     5240,0000   235     5239,6000     5241,7923  4270946    0,04%
   5963  2120     5239,8773   359     5239,6000     5241,7923  4271518    0,04%
   5991  2147     5239,8000   320     5239,6000     5241,7923  4288130    0,04%
   6003  2158     5239,8000   347     5239,6000     5241,7923  4294338    0,04%
   6023  2177     5240,0000   261     5239,6000     5241,7923  4304029    0,04%
   6025  2179     5240,4500   267     5239,6000     5241,7923  4305419    0,04%
   6050  2202     5240,2500   295     5239,6000     5241,7923  4320329    0,04%
   6057  2208     5239,8000   306     5239,6000     5241,7923  4323674    0,04%
Elapsed time = 18217,67 sec. (6452135,86 ticks, tree = 123,11 MB, solutions = 36)
   6116  2262     5239,9000   385     5239,6000     5241,7923  4350170    0,04%
   6134  2280     5240,0000   283     5239,6000     5241,7923  4360306    0,04%
   6149  2295     5239,8773   332     5239,6000     5241,7923  4366723    0,04%
   6156  2302     5240,0000   349     5239,6000     5241,7923  4370789    0,04%
   6161  2307     5239,8000   300     5239,6000     5241,7923  4373505    0,04%
   6186  2331     5239,8500   378     5239,6000     5241,7923  4387252    0,04%
   6230  2375     5239,8000   348     5239,6000     5241,7923  4410853    0,04%
   6241  2386     5239,8773   316     5239,6000     5241,7923  4416131    0,04%
   6251  2396     5239,9000   396     5239,6000     5241,7923  4421715    0,04%
   6264  2409     5239,8000   348     5239,6000     5241,7923  4427673    0,04%
Elapsed time = 18946,00 sec. (6601344,20 ticks, tree = 135,49 MB, solutions = 36)
   6276  2421     5240,4500   302     5239,6000     5241,7923  4433602    0,04%
   6284  2429     5240,0000   293     5239,6000     5241,7923  4439194    0,04%
   6295  2440     5239,8773   330     5239,6000     5241,7923  4445047    0,04%
   6321  2463     5239,8773   368     5239,6000     5241,7923  4460594    0,04%
   6362  2499     5239,8000   295     5239,6000     5241,7923  4484817    0,04%
   6376  2511     5239,8000   338     5239,6000     5241,7923  4493923    0,04%
   6393  2527     5239,8000   353     5239,6000     5241,7923  4502539    0,04%
   6422  2552     5239,8606   297     5239,6000     5241,7923  4518942    0,04%
   6433  2561     5239,8000   349     5239,6000     5241,7923  4524828    0,04%
   6447  2573     5240,2500   279     5239,6000     5241,7923  4531504    0,04%
Elapsed time = 19813,36 sec. (6799553,37 ticks, tree = 145,92 MB, solutions = 36)
   6466  2589     5240,2500   337     5239,6000     5241,7923  4565271    0,04%
   6539  2650     5239,8000   368     5239,6000     5241,7923  4596591    0,04%
   6566  2673     5239,8606   310     5239,6000     5241,7923  4610756    0,04%
   6571  2677     5240,2500   340     5239,6000     5241,7923  4612321    0,04%
   6574  2679     5239,8558   286     5239,6000     5241,7923  4613920    0,04%
   6635  2738     5240,4500   246     5239,6000     5241,7923  4640595    0,04%
   6645  2747     5240,4500   285     5239,6000     5241,7923  4645452    0,04%
   6647  2748     5239,8000   405     5239,6000     5241,7923  4646486    0,04%
   6659  2758     5239,8000   400     5239,6000     5241,7923  4652297    0,04%
   6675  2773     5239,8000   350     5239,6000     5241,7923  4661109    0,04%
Elapsed time = 20683,65 sec. (6989598,37 ticks, tree = 159,85 MB, solutions = 36)
   6679  2777     5239,8545   327     5239,6000     5241,7923  4664331    0,04%
   6685  2782     5240,0000   265     5239,6000     5241,7923  4668008    0,04%
   6716  2791     5240,8744   136     5239,6000     5241,7923  4695659    0,04%
   6717  2792     5239,8523   310     5239,6000     5241,7923  4696558    0,04%
   6725  2800     5239,8523   323     5239,6000     5241,7923  4701996    0,04%
   6745  2812        cutoff           5239,6000     5241,7923  4717011    0,04%
   6763  2830     5240,4500   268     5239,6000     5241,7923  4728763    0,04%
   6771  2837     5240,3500   314     5239,6000     5241,7923  4738053    0,04%
   6792  2857     5239,8523   310     5239,6000     5241,7923  4747753    0,04%
   6798  2863     5240,2500   273     5239,6000     5241,7923  4751447    0,04%
Elapsed time = 21463,98 sec. (7280766,58 ticks, tree = 165,37 MB, solutions = 36)
   6800  2865     5239,8523   313     5239,6000     5241,7923  4752720    0,04%
   6831  2895     5240,3500   307     5239,6000     5241,7923  4769979    0,04%
   6873  2937     5240,0000   246     5239,6000     5241,7923  4790039    0,04%
   6880  2944     5240,2500   270     5239,6000     5241,7923  4794421    0,04%
   6897  2961     5239,8523   305     5239,6000     5241,7923  4800691    0,04%
   6916  2980     5239,8523   319     5239,6000     5241,7923  4809227    0,04%
   6920  2984     5239,8000   300     5239,6000     5241,7923  4811302    0,04%
   6945  3008     5240,0000   282     5239,6000     5241,7923  4828421    0,04%
   6969  3032     5240,2500   313     5239,6000     5241,7923  4838056    0,04%
   6990  3051     5240,2500   305     5239,6000     5241,7923  4850089    0,04%
Elapsed time = 22227,15 sec. (7447299,75 ticks, tree = 176,83 MB, solutions = 36)
   6993  3053     5240,4500   221     5239,6000     5241,7923  4851741    0,04%
   6996  3056     5239,8000   329     5239,6000     5241,7923  4853654    0,04%
   7043  3102     5240,2500   304     5239,6000     5241,7923  4881713    0,04%
   7062  3121     5239,8273   326     5239,6000     5241,7923  4893556    0,04%
   7084  3143     5240,2500   336     5239,6000     5241,7923  4905406    0,04%
   7116  3175     5239,8273   317     5239,6000     5241,7923  4923522    0,04%
   7119  3178     5239,8000   361     5239,6000     5241,7923  4924732    0,04%
   7189  3248     5240,2500   328     5239,6000     5241,7923  4951690    0,04%
   7193  3252     5239,8000   357     5239,6000     5241,7923  4954125    0,04%
   7278  3294        cutoff           5239,6000     5241,7923  4993159    0,04%
Elapsed time = 22769,41 sec. (7640010,68 ticks, tree = 190,69 MB, solutions = 36)
   7287  3299     5240,5500   169     5239,6000     5241,7923  5004173    0,04%
   7290  3302     5239,8000   352     5239,6000     5241,7923  5007263    0,04%
   7291  3303     5239,8000   340     5239,6000     5241,7923  5007872    0,04%
   7317  3327     5240,5500   217     5239,6000     5241,7923  5021071    0,04%
   7331  3340     5240,2500   304     5239,6000     5241,7923  5029843    0,04%
   7340  3348     5240,2500   324     5239,6000     5241,7923  5034766    0,04%
   7346  3354     5239,8000   310     5239,6000     5241,7923  5038778    0,04%
   7384  3392     5240,4500   252     5239,6000     5241,7923  5050586    0,04%
   7398  3403     5239,8000   340     5239,6000     5241,7923  5057426    0,04%
   7405  3410     5240,4500   264     5239,6000     5241,7923  5060578    0,04%
Elapsed time = 23476,27 sec. (7794882,92 ticks, tree = 200,78 MB, solutions = 36)
   7427  3428     5239,8000   277     5239,6000     5241,7923  5070123    0,04%
   7444  3445     5240,5500   225     5239,6000     5241,7923  5076606    0,04%
   7455  3456     5240,4500   283     5239,6000     5241,7923  5082090    0,04%
   7467  3467     5240,2500   302     5239,6000     5241,7923  5088233    0,04%
   7473  3472     5239,8000   347     5239,6000     5241,7923  5091618    0,04%
   7499  3495     5240,5250   242     5239,6000     5241,7923  5108627    0,04%
   7506  3500     5240,2500   294     5239,6000     5241,7923  5111789    0,04%
   7510  3503     5240,2500   334     5239,6000     5241,7923  5113512    0,04%
   7520  3511     5239,8000   309     5239,6000     5241,7923  5118412    0,04%
   7572  3543     5240,2500   308     5239,6000     5241,7923  5163604    0,04%
Elapsed time = 23958,32 sec. (7913009,27 ticks, tree = 208,52 MB, solutions = 36)
   7580  3550     5240,2500   264     5239,6000     5241,7923  5166863    0,04%
   7596  3563     5239,8000   252     5239,6000     5241,7923  5174889    0,04%
   7607  3574     5240,4000   262     5239,6000     5241,7923  5180562    0,04%
   7645  3603        cutoff           5239,6000     5241,7923  5204672    0,04%
   7655  3613     5240,2500   331     5239,6000     5241,7923  5209217    0,04%
   7664  3619     5240,5500   157     5239,6000     5241,7923  5228043    0,04%
   7716  3662     5240,7830   146     5239,6000     5241,7923  5261208    0,04%
   7723  3669     5239,8000   332     5239,6000     5241,7923  5264501    0,04%
   7749  3691     5240,3500   298     5239,6000     5241,7923  5280975    0,04%
   7836  3777     5240,4500   283     5239,6000     5241,7923  5311793    0,04%
Elapsed time = 24830,29 sec. (8186226,76 ticks, tree = 223,70 MB, solutions = 36)
   7848  3788     5240,2500   303     5239,6000     5241,7923  5319082    0,04%
   7849  3788     5239,8000   318     5239,6000     5241,7923  5319945    0,04%
   7868  3807     5240,2500   314     5239,6000     5241,7923  5329192    0,04%
   7906  3837     5240,4333   237     5239,6000     5241,7923  5346536    0,04%
   7927  3856     5240,2500   310     5239,6000     5241,7923  5356114    0,04%
   7928  3856     5239,8000   333     5239,6000     5241,7923  5356845    0,04%
   7940  3866     5240,3500   224     5239,6000     5241,7923  5361981    0,04%
   7942  3868     5240,2500   319     5239,6000     5241,7923  5363512    0,04%
   8041  3938     5240,2500   297     5239,6000     5241,7923  5423634    0,04%
   8044  3941     5240,3500   234     5239,6000     5241,7923  5425150    0,04%
Elapsed time = 25220,77 sec. (8286957,34 ticks, tree = 233,89 MB, solutions = 36)
   8049  3946     5240,4333   291     5239,6000     5241,7923  5427284    0,04%
   8106  3999     5240,4000   263     5239,6000     5241,7923  5453458    0,04%
   8116  4008     5239,8000   347     5239,6000     5241,7923  5457728    0,04%
   8140  4028     5240,2500   309     5239,6000     5241,7923  5471176    0,04%
   8186  4066     5240,2500   308     5239,6000     5241,7923  5491756    0,04%
   8187  4067     5240,2500   391     5239,6000     5241,7923  5492596    0,04%
   8210  4089     5240,3500   333     5239,6000     5241,7923  5503849    0,04%
   8257  4129     5240,2500   319     5239,6000     5241,7923  5520549    0,04%
   8267  4139     5240,2500   324     5239,6000     5241,7923  5525064    0,04%
   8271  4141     5240,2500   330     5239,6000     5241,7923  5527127    0,04%
Elapsed time = 25816,63 sec. (8431979,39 ticks, tree = 246,56 MB, solutions = 36)
   8304  4172     5240,0500   300     5239,6000     5241,7923  5558096    0,04%
   8315  4181     5240,5500   242     5239,6000     5241,7923  5561677    0,04%
   8389  4242     5240,8579   117     5239,6000     5241,7923  5588457    0,04%
   8392  4245     5240,4000   282     5239,6000     5241,7923  5606208    0,04%
   8409  4262     5240,0136   209     5239,6000     5241,7923  5633533    0,04%
   8411  4264     5240,2500   293     5239,6000     5241,7923  5634711    0,04%
   8470  4323     5240,4000   290     5239,6000     5241,7923  5665216    0,04%
