
<<< setup


<<< generate

Found incumbent of value 0,000000 after 0,00 sec. (0,53 ticks)
Tried aggregator 2 times.
MIP Presolve eliminated 17234 rows and 9697 columns.
MIP Presolve modified 620 coefficients.
Aggregator did 924 substitutions.
Reduced MIP has 926 rows, 1848 columns, and 3388 nonzeros.
Reduced MIP has 947 binaries, 285 generals, 0 SOSs, and 0 indicators.
Presolve time = 0,01 sec. (15,82 ticks)
Probing time = 0,00 sec. (0,43 ticks)
Tried aggregator 1 time.
Reduced MIP has 926 rows, 1848 columns, and 3388 nonzeros.
Reduced MIP has 947 binaries, 285 generals, 0 SOSs, and 0 indicators.
Presolve time = 0,00 sec. (2,97 ticks)
Probing time = 0,00 sec. (0,43 ticks)
Clique table members: 213.
MIP emphasis: balance optimality and feasibility.
MIP search method: dynamic search.
Parallel mode: deterministic, using up to 8 threads.
Root relaxation solution time = 0,01 sec. (7,35 ticks)

        Nodes                                         Cuts/
   Node  Left     Objective  IInf  Best Integer    Best Bound    ItCnt     Gap

*     0+    0                            0,0000     1361,6918              --- 
*     0+    0                          140,0000     1361,6918           872,64%
      0     0      590,4533     2      140,0000      590,4533      470  321,75%
*     0+    0                          590,4119      590,4533             0,01%

Root node processing (before b&c):
  Real time             =    0,04 sec. (38,75 ticks)
Parallel b&c, 8 threads:
  Real time             =    0,00 sec. (0,00 ticks)
  Sync time (average)   =    0,00 sec.
  Wait time (average)   =    0,00 sec.
                          ------------
Total (root+branch&cut) =    0,04 sec. (38,75 ticks)

<<< solve


OBJECTIVE: 590.4119
avg_utility = 0.723544

<<< post process


<<< done

