
<<< setup


<<< generate

Found incumbent of value 0.000000 after 0.08 sec. (29.98 ticks)
Aggregator has done 83668 substitutions...
Aggregator has done 112110 substitutions...
Tried aggregator 18 times.
MIP Presolve eliminated 88754 rows and 430583 columns.
MIP Presolve modified 83061 coefficients.
Aggregator did 136213 substitutions.
Reduced MIP has 155350 rows, 425365 columns, and 1185701 nonzeros.
Reduced MIP has 51230 binaries, 9036 generals, 0 SOSs, and 0 indicators.
Presolve time = 151.80 sec. (29405.01 ticks)
Probing time = 0.33 sec. (19.17 ticks)
Tried aggregator 1 time.
Reduced MIP has 155350 rows, 425365 columns, and 1185701 nonzeros.
Reduced MIP has 51230 binaries, 9036 generals, 0 SOSs, and 0 indicators.
Presolve time = 2.29 sec. (507.26 ticks)
Probing time = 0.45 sec. (20.36 ticks)
Clique table members: 2378.
MIP emphasis: balance optimality and feasibility.
MIP search method: dynamic search.
Parallel mode: deterministic, using up to 8 threads.
Root relaxation solution time = 10.47 sec. (5920.61 ticks)

        Nodes                                         Cuts/
   Node  Left     Objective  IInf  Best Integer    Best Bound    ItCnt     Gap

*     0+    0                            0.0000    67157.8366              --- 
      0     0    15655.0000  3473        0.0000    15655.0000     5569     --- 
      0     0    15322.3135  3015        0.0000    Cuts: 9627    40109     --- 
      0     0    15096.6575  3866        0.0000    Cuts: 8341    55976     --- 
      0     0    14847.8778  4099        0.0000    Cuts: 9804    69051     --- 
      0     0    14642.5080  3934        0.0000    Cuts: 9893    82528     --- 
      0     0    14488.2306  3204        0.0000    Cuts: 9741   112242     --- 
      0     0    14405.1945  3932        0.0000    Cuts: 9686   139065     --- 
      0     0    14359.1268  4375        0.0000    Cuts: 8780   174944     --- 
      0     0    14287.4688  3630        0.0000    Cuts: 9173   197093     --- 
      0     0    14238.8416  3882        0.0000    Cuts: 8586   219296     --- 
*     0+    0                         9062.1950    14238.8416            57.12%
      0     0    14191.7089  4184     9062.1950    Cuts: 8122   252558   56.60%
*     0+    0                         9228.6941    14191.7089            53.78%
      0     0    14151.6044  3775     9228.6941    Cuts: 7260   282697   53.34%
*     0+    0                         9439.6224    14151.6044            49.92%
      0     0    14101.2583  3475     9439.6224    Cuts: 6264   314849   49.38%
*     0+    0                         9446.7547    14101.2583            49.27%
      0     0    14070.0402  3535     9446.7547    Cuts: 6282   354060   48.94%

Implied bound cuts applied:  905
Flow cuts applied:  52125
Mixed integer rounding cuts applied:  31072
Flow path cuts applied:  7187
Lift and project cuts applied:  1
Gomory fractional cuts applied:  211

Root node processing (before b&c):
  Real time             = 7201.33 sec. (1584814.09 ticks)
Parallel b&c, 8 threads:
  Real time             =    0.00 sec. (0.00 ticks)
  Sync time (average)   =    0.00 sec.
  Wait time (average)   =    0.00 sec.
                          ------------
Total (root+branch&cut) = 7201.33 sec. (1584814.09 ticks)

<<< solve


OBJECTIVE: 9446.755
avg_utility = 0.603434

<<< post process


<<< done

