
<<< setup


<<< generate

Found incumbent of value 0.000000 after 0.02 sec. (8.19 ticks)
Tried aggregator 6 times.
MIP Presolve eliminated 345812 rows and 153700 columns.
MIP Presolve modified 1165 coefficients.
Aggregator did 11621 substitutions.
Reduced MIP has 4650 rows, 10456 columns, and 23236 nonzeros.
Reduced MIP has 1162 binaries, 0 generals, 0 SOSs, and 0 indicators.
Presolve time = 1.20 sec. (754.51 ticks)
Probing time = 0.01 sec. (0.46 ticks)
Tried aggregator 1 time.
Reduced MIP has 4650 rows, 10456 columns, and 23236 nonzeros.
Reduced MIP has 1162 binaries, 0 generals, 0 SOSs, and 0 indicators.
Presolve time = 0.04 sec. (16.63 ticks)
Probing time = 0.01 sec. (0.46 ticks)
MIP emphasis: balance optimality and feasibility.
MIP search method: dynamic search.
Parallel mode: deterministic, using up to 8 threads.
Root relaxation solution time = 0.15 sec. (120.61 ticks)

        Nodes                                         Cuts/
   Node  Left     Objective  IInf  Best Integer    Best Bound    ItCnt     Gap

*     0+    0                            0.0000    12189.5035              --- 
*     0+    0                         1194.2753    12189.5035           920.66%
      0     0     2858.0000  1055     1194.2753     2858.0000     4271  139.31%
*     0+    0                         2420.2143     2858.0000            18.09%
      0     0     2688.0237   311     2420.2143    Cuts: 1262     7459   11.07%
*     0     0      integral     0     2453.0285     Cuts: 852     8792    0.00%
      0     0        cutoff           2453.0285     2453.0285     8792    0.00%
Elapsed time = 2.46 sec. (1752.39 ticks, tree = 0.00 MB, solutions = 4)

Implied bound cuts applied:  17
Flow cuts applied:  989
Mixed integer rounding cuts applied:  813
Gomory fractional cuts applied:  295

Root node processing (before b&c):
  Real time             =    2.49 sec. (1761.31 ticks)
Parallel b&c, 8 threads:
  Real time             =    0.00 sec. (0.00 ticks)
  Sync time (average)   =    0.00 sec.
  Wait time (average)   =    0.00 sec.
                          ------------
Total (root+branch&cut) =    2.49 sec. (1761.31 ticks)

<<< solve


OBJECTIVE: 2453.029
avg_utility = 0.858302

<<< post process


<<< done

