
<<< setup


<<< generate

Tried aggregator 2 times.
MIP Presolve eliminated 150012 rows and 144999 columns.
MIP Presolve modified 507 coefficients.
Aggregator did 6518 substitutions.
Reduced MIP has 1508 rows, 4518 columns, and 8534 nonzeros.
Reduced MIP has 2158 binaries, 1356 generals, 0 SOSs, and 0 indicators.
Presolve time = 2,04 sec. (2964,82 ticks)
Found incumbent of value 0,000000 after 2,12 sec. (2976,90 ticks)
Probing time = 0,02 sec. (1,97 ticks)
Tried aggregator 1 time.
Reduced MIP has 1508 rows, 4518 columns, and 8534 nonzeros.
Reduced MIP has 2158 binaries, 1356 generals, 0 SOSs, and 0 indicators.
Presolve time = 0,03 sec. (6,52 ticks)
Probing time = 0,00 sec. (1,96 ticks)
Clique table members: 276.
MIP emphasis: balance optimality and feasibility.
MIP search method: dynamic search.
Parallel mode: deterministic, using up to 8 threads.
Root relaxation solution time = 0,08 sec. (25,42 ticks)

        Nodes                                         Cuts/
   Node  Left     Objective  IInf  Best Integer    Best Bound    ItCnt     Gap

*     0+    0                            0,0000     6847,4910              --- 
*     0+    0                          200,0241     6847,4910              --- 
      0     0      800,7398     6      200,0241      800,7398      834  300,32%
*     0+    0                          800,7398      800,7398             0,00%
      0     0        cutoff            800,7398      800,7398      834    0,00%
Elapsed time = 2,34 sec. (3033,54 ticks, tree = 0,00 MB, solutions = 3)

Root node processing (before b&c):
  Real time             =    2,39 sec. (3039,53 ticks)
Parallel b&c, 8 threads:
  Real time             =    0,00 sec. (0,00 ticks)
  Sync time (average)   =    0,00 sec.
  Wait time (average)   =    0,00 sec.
                          ------------
Total (root+branch&cut) =    2,39 sec. (3039,53 ticks)

<<< solve


OBJECTIVE: 800.7398

<<< post process


<<< done

