
<<< setup


<<< generate

Found incumbent of value 0,000000 after 0,01 sec. (4,29 ticks)
Tried aggregator 2 times.
MIP Presolve eliminated 20743 rows and 32221 columns.
MIP Presolve modified 317 coefficients.
Aggregator did 2160 substitutions.
Reduced MIP has 35073 rows, 107004 columns, and 291647 nonzeros.
Reduced MIP has 6119 binaries, 1968 generals, 0 SOSs, and 0 indicators.
Presolve time = 0,26 sec. (177,79 ticks)
Probing time = 0,35 sec. (31,30 ticks)
Tried aggregator 1 time.
MIP Presolve eliminated 4315 rows and 11161 columns.
Reduced MIP has 30758 rows, 95843 columns, and 258573 nonzeros.
Reduced MIP has 6119 binaries, 1968 generals, 0 SOSs, and 0 indicators.
Presolve time = 0,30 sec. (148,51 ticks)
Probing time = 0,21 sec. (29,36 ticks)
Tried aggregator 1 time.
MIP Presolve eliminated 33 rows and 84 columns.
Reduced MIP has 30725 rows, 95759 columns, and 258321 nonzeros.
Reduced MIP has 6119 binaries, 1968 generals, 0 SOSs, and 0 indicators.
Presolve time = 0,25 sec. (132,35 ticks)
Probing time = 0,25 sec. (32,08 ticks)
Clique table members: 3401.
MIP emphasis: balance optimality and feasibility.
MIP search method: dynamic search.
Parallel mode: deterministic, using up to 24 threads.
Root relaxation solution time = 0,32 sec. (210,63 ticks)

        Nodes                                         Cuts/
   Node  Left     Objective  IInf  Best Integer    Best Bound    ItCnt     Gap

*     0+    0                            0,0000        4,2899              --- 
      0     0        0,9995   440        0,0000        0,9995      788     --- 
*     0+    0                            0,2473        0,9995           304,17%
      0     0        0,9658   470        0,2473    Cuts: 1323    38611  290,54%
      0     0        0,9343   516        0,2473    Cuts: 1292    41423  277,78%
      0     0        0,8996   525        0,2473    Cuts: 1234    45510  263,78%
*     0+    0                            0,3767        0,8996           138,82%
*     0+    0                            0,3767        0,8996           138,80%
*     0+    0                            0,3796        0,8996           137,00%
      0     0        0,9152   529        0,3796    Cuts: 1168   116665  137,00%
      0     0        0,8912   518        0,3796     Cuts: 890   120119  134,78%
      0     0        0,8746   666        0,3796    Cuts: 1063   124305  130,41%
*     0+    0                            0,4991        0,8746            75,24%
*     0+    0                            0,5727        0,8746            52,71%
      0     0        0,8564   576        0,5727    Cuts: 1270   128311   49,54%
      0     0        0,9093   568        0,5727    Cuts: 1188   190880   49,54%
      0     0        0,8924   771        0,5727    Cuts: 1327   194609   49,54%
*     0+    0                            0,6089        0,8564            40,65%
      0     0        0,8999   768        0,6089    Cuts: 1450   228955   40,65%
Heuristic still looking.
Heuristic still looking.
Heuristic still looking.
      0     2        0,8999   701        0,6089        0,8564   228955   40,65%
Elapsed time = 180,31 sec. (133290,82 ticks, tree = 0,00 MB, solutions = 8)
      1     3        0,7925   571        0,6089        0,8564   230157   40,65%
      3     5        0,8946   620        0,6089        0,8564   230605   40,65%
      9    11        0,8972   680        0,6089        0,8564   321235   40,65%
     12    14        0,8837   495        0,6089        0,8564   456618   40,65%
     18    20        0,8951   712        0,6089        0,8564   462555   40,65%
     20    22        0,8769   512        0,6089        0,8564   475370   40,65%
*    23+   23                            0,6800        0,8564            25,94%
*    23+   23                            0,6836        0,8564            25,28%
*    23+   23                            0,6837        0,8564            25,25%
*    23+   23                            0,6838        0,8564            25,25%
     23    25        0,8829   462        0,6838        0,8564   596231   25,25%
     26    28        0,8836   469        0,6838        0,8564   605674   25,25%
*    27+   27                            0,6974        0,8564            22,81%
*    27+   27                            0,7047        0,8564            21,53%
     35    15        0,8950   716        0,7047        0,8564   623080   21,53%
     37    17        0,8924   683        0,7047        0,8564   678234   21,53%
Elapsed time = 471,32 sec. (351827,80 ticks, tree = 0,00 MB, solutions = 23)
     41    21        0,7776   482        0,7047        0,8564   698877   21,53%
     47    27        0,8886   604        0,7047        0,8564   842977   21,53%
     51    31        0,8942   710        0,7047        0,8564   898707   21,53%
     52    32        0,8884   643        0,7047        0,8564  1023424   21,53%
*    64+   40                            0,7129        0,8564            20,13%
*    64+   40                            0,7267        0,8564            17,86%
*    64+   40                            0,7267        0,8564            17,85%
*    64+   40                            0,7340        0,8564            16,67%
     74    52        0,8807   668        0,7340        0,8564  1379218   16,67%
     78    56        0,8821   456        0,7340        0,8564  1511761   16,67%
*    85+   61                            0,7484        0,8564            14,43%
*    85+   61                            0,7486        0,8564            14,40%
     85    63        0,8876   580        0,7486        0,8564  1567291   14,40%
     86    64        0,7779   436        0,7486        0,8564  1567304   14,40%
*    87+   63                            0,7492        0,8564            14,31%
*    87+   63                            0,7492        0,8564            14,30%
     87    65        0,8884   628        0,7492        0,8564  1674293   14,30%
     88    66        0,8911   655        0,7492        0,8564  1784010   14,30%
Elapsed time = 834,64 sec. (530918,79 ticks, tree = 0,00 MB, solutions = 27)
    817   791        0,8812   412        0,7492        0,8564  2674607   14,30%
   1096  1060        0,8877   656        0,7492        0,8564  2723409   14,30%
   1110  1074        0,8930   696        0,7492        0,8564  2726709   14,30%
   6063  5852        0,8872   744        0,7492        0,8564  3398102   14,30%
  11228 10744        0,8914   673        0,7492        0,8564  4038449   14,30%
  14079 13473        0,8851   620        0,7492        0,8564  4505306   14,30%
* 19539+12445                            0,7693        0,8564            11,32%
* 19539+ 8296                            0,7807        0,8564             9,69%
* 19539+ 5530                            0,7842        0,8564             9,21%
  19539  5531        0,8823   606        0,7842        0,8564  6450207    9,21%
  19540  5531        0,8756   475        0,7842        0,8564  6456349    9,21%
  19541  5531        0,8580   466        0,7842        0,8564  6460113    9,21%
  19542  5531        0,8779   530        0,7842        0,8564  6462372    9,21%
Elapsed time = 3128,43 sec. (1992625,26 ticks, tree = 180,35 MB, solutions = 40)
  19543  5531        0,8779   535        0,7842        0,8564  6462488    9,21%
  19544  5531        0,8580   465        0,7842        0,8564  6462508    9,21%
  19545  5531        0,8775   538        0,7842        0,8564  6463107    9,21%
  19546  5531        0,8735   431        0,7842        0,8564  6465426    9,21%
  19548  4840        0,8733   425        0,7842        0,8564  6468148    9,21%
  19553  4304        0,8396   448        0,7842        0,8564  6472127    9,21%
  19555  3913        0,8624   436        0,7842        0,8564  6482875    9,21%
  19557  3557        0,8428   442        0,7842        0,8564  6487952    9,21%
  19558  3558        0,8403   439        0,7842        0,8564  6488201    9,21%
  19559  3558        0,8692   512        0,7842        0,8564  6493017    9,21%
Elapsed time = 3845,09 sec. (2538637,40 ticks, tree = 115,71 MB, solutions = 40)
  19561  3559        0,8614   428        0,7842        0,8564  6495330    9,21%
  19562  3560        0,8361   443        0,7842        0,8564  6495455    9,21%
  19566  3322        0,8358   443        0,7842        0,8564  6497760    9,21%
  19568  3323        0,8348   437        0,7842        0,8564  6498443    9,21%
  19569  3324        0,8692   511        0,7842        0,8564  6498446    9,21%
  19575  2843        0,8304   436        0,7842        0,8564  6507876    9,21%
  19579  2703        0,8214   451        0,7842        0,8564  6512039    9,21%
  19581  2574        0,8281   437        0,7842        0,8564  6513939    9,21%
  19585  2576        0,8281   428        0,7842        0,8564  6516245    9,21%
  19590  2578        0,8211   447        0,7842        0,8564  6522934    9,21%
Elapsed time = 5195,87 sec. (3497271,22 ticks, tree = 83,18 MB, solutions = 40)
  19591  2578        0,8246   445        0,7842        0,8564  6523882    9,21%
  19594  2580        0,8061   402        0,7842        0,8564  6527244    9,21%
  19597  2581        0,8046   399        0,7842        0,8564  6527455    9,21%
  19598  2581        0,8020   401        0,7842        0,8564  6527463    9,21%
  19599  2582        0,8755   427        0,7842        0,8564  6529135    9,21%
  19611  2477        0,8100   432        0,7842        0,8564  6542924    9,21%
  19612  2478        0,8117   420        0,7842        0,8564  6543474    9,21%
* 19614+ 1667                            0,7900        0,8564             8,41%
  19614  1668        0,7974   401        0,7900        0,8564  6545805    8,41%
  19619  1634        0,8770   415        0,7900        0,8564  6551140    8,41%
  19635  1487        0,8137   454        0,7900        0,8564  6567636    8,41%
Elapsed time = 6508,37 sec. (4466285,77 ticks, tree = 46,70 MB, solutions = 41)
  19636  1460        cutoff              0,7900        0,8564  6567833    8,41%
  19640  1435        0,8584   474        0,7900        0,8564  6572608    8,41%
  19645  1386        0,8758   431        0,7900        0,8564  6577844    8,41%
  19656  1369        0,8488   417        0,7900        0,8564  6590296    8,41%
  19665  1290        0,8090   432        0,7900        0,8564  6600378    8,41%
  19712  1190        cutoff              0,7900        0,8564  6627361    8,41%
  19722  1183        0,8784   455        0,7900        0,8564  6630921    8,41%
  19791  1181        0,7940   396        0,7900        0,8564  6651801    8,41%
  19837  1185        0,8595   540        0,7900        0,8564  6671965    8,41%
  19867  1182        0,8299   527        0,7900        0,8564  6678687    8,41%
Elapsed time = 7844,45 sec. (5343799,21 ticks, tree = 31,52 MB, solutions = 41)
  19999  1134        0,8326   392        0,7900        0,8564  6720516    8,41%
  20096  1068        0,8764   541        0,7900        0,8564  6755305    8,41%
  20098  1069        0,8420   422        0,7900        0,8564  6757070    8,41%
  20104  1059        0,8428   469        0,7900        0,8564  6766825    8,41%
  20408  1075        0,8763   552        0,7900        0,8564  6907759    8,41%
  20479  1089        0,8416   457        0,7900        0,8564  6973473    8,41%
  20684  1106        0,8561   419        0,7900        0,8564  7034341    8,41%
  20914  1134        0,8743   526        0,7900        0,8564  7094416    8,41%
  20915  1132        cutoff              0,7900        0,8564  7095662    8,41%
  20916  1133        0,8553   500        0,7900        0,8564  7096393    8,41%
Elapsed time = 9474,04 sec. (6324849,24 ticks, tree = 7,96 MB, solutions = 41)
* 20988+ 1081                            0,7948        0,8564             7,75%
* 20988+ 1031                            0,7968        0,8564             7,48%
  20992  1032        0,8582   494        0,7968        0,8564  7131086    7,48%
  21024  1040        0,8763   549        0,7968        0,8564  7146798    7,48%
  21111  1073        0,8381   437        0,7968        0,8564  7180198    7,48%
* 21219+ 1110                            0,8035        0,8564             6,59%
  21243  1130        0,8660   528        0,8035        0,8564  7207606    6,59%
  21297   710        0,8374   419        0,8035        0,8564  7219505    6,59%
  21303   716        0,8553   492        0,8035        0,8564  7224516    6,59%
  21311   722        0,8355   531        0,8035        0,8564  7227418    6,59%
  21317   726        0,8424   458        0,8035        0,8564  7232187    6,59%
  21470   851        0,8391   440        0,8035        0,8564  7313311    6,59%
  21478   859        0,8414   421        0,8035        0,8564  7314202    6,59%
Elapsed time = 10758,69 sec. (6935750,89 ticks, tree = 0,00 MB, solutions = 45)
  21562   907        0,8468   460        0,8035        0,8564  7339343    6,59%
  21684   985        0,8265   417        0,8035        0,8564  7368580    6,59%
  21698   997        0,8699   446        0,8035        0,8564  7440802    6,59%
  21701  1000        0,8497   449        0,8035        0,8564  7447901    6,59%
  21703  1001        0,8461   452        0,8035        0,8564  7451711    6,59%
  21716  1014        0,8538   420        0,8035        0,8564  7467461    6,59%
  22125  1380        0,8541   478        0,8035        0,8564  7559797    6,59%
  22131  1386        0,8749   597        0,8035        0,8564  7562223    6,59%
  22155  1410        0,8749   562        0,8035        0,8564  7575271    6,59%
  22186  1435        0,8058   402        0,8035        0,8564  7587376    6,59%
Elapsed time = 11864,99 sec. (7489701,86 ticks, tree = 0,00 MB, solutions = 45)
  22210  1451        0,8574   464        0,8035        0,8564  7621846    6,59%
  22627  1803        0,8539   492        0,8035        0,8564  7728076    6,59%
  22661  1831        0,8526   460        0,8035        0,8564  7733517    6,59%
  22710  1877        0,8317   432        0,8035        0,8564  7742356    6,59%
  22736  1895        0,8495   478        0,8035        0,8564  7750822    6,59%
  22842  1969        cutoff              0,8035        0,8564  7804557    6,59%
  22847  1974        0,8744   518        0,8035        0,8564  7807305    6,59%
  22897  2015        0,8513   489        0,8035        0,8564  7846578    6,59%
  23926  2824        0,8545   579        0,8035        0,8564  8143041    6,59%
  25079  3773        0,8560   449        0,8035        0,8564  8570789    6,59%
Elapsed time = 13228,81 sec. (8328707,41 ticks, tree = 6,57 MB, solutions = 45)
  25613  4108        0,8728   656        0,8035        0,8564  8712986    6,59%
  25678  4153        0,8611   475        0,8035        0,8564  8795829    6,59%
  27265  5449        0,8501   453        0,8035        0,8564  9168878    6,59%
  28092  6166        0,8535   387        0,8035        0,8564  9302827    6,59%
  28222  6248        0,8521   528        0,8035        0,8564  9341436    6,59%
  28494  6476        0,8723   673        0,8035        0,8564  9489481    6,59%
  28692  6643        0,8706   445        0,8035        0,8564  9547283    6,59%
  29843  7422        0,8473   619        0,8035        0,8564  9913014    6,59%
  30142  7642        0,8488   504        0,8035        0,8564 10038913    6,59%
  30331  7772        0,8522   481        0,8035        0,8564 10116695    6,59%
Elapsed time = 15832,68 sec. (9385162,55 ticks, tree = 69,57 MB, solutions = 45)
  30817  8127        0,8383   402        0,8035        0,8564 10265807    6,59%
  31295  8493        0,8652   517        0,8035        0,8564 10451497    6,59%
  31409  8599        0,8326   431        0,8035        0,8564 10512375    6,59%
  31781  8886        0,8526   527        0,8035        0,8564 10637100    6,59%
  32034  9081        0,8394   467        0,8035        0,8564 10727272    6,59%
  32771  9580        0,8554   457        0,8035        0,8564 11072519    6,59%
  32822  9612        0,8566   491        0,8035        0,8564 11101066    6,59%
  33333  9990        0,8396   449        0,8035        0,8564 11489667    6,59%
  33520 10106        0,8441   461        0,8035        0,8564 11556963    6,59%
  33993 10464        0,8546   469        0,8035        0,8564 11711952    6,59%
Elapsed time = 18349,40 sec. (10687604,26 ticks, tree = 161,99 MB, solutions = 45)
  35764 11765        0,8474   477        0,8035        0,8564 12274276    6,59%
  35772 11773        0,8526   654        0,8035        0,8564 12282837    6,59%
  36585 12464        0,8525   464        0,8035        0,8564 12507892    6,59%
  36848 12657        0,8390   405        0,8035        0,8564 12574657    6,59%
  37637 13267        0,8545   498        0,8035        0,8564 12840253    6,59%
  38163 13696        0,8369   425        0,8035        0,8564 12985873    6,59%
  38559 13943        0,8483   505        0,8035        0,8564 13119128    6,59%
  38754 14043        0,8376   464        0,8035        0,8564 13201536    6,59%
  39068 14293        0,8467   675        0,8035        0,8564 13317461    6,59%
  39572 14648        0,8463   485        0,8035        0,8547 13456478    6,37%
Elapsed time = 20804,25 sec. (11797875,04 ticks, tree = 286,00 MB, solutions = 45)
  40141 15152        0,8533   509        0,8035        0,8547 13639076    6,37%
  40902 15594        0,8378   575        0,8035        0,8545 13887310    6,35%
  41368 16024        0,8456   478        0,8035        0,8545 14027629    6,35%
  41573 16165        0,8463   648        0,8035        0,8545 14076906    6,35%
  42254 16618        cutoff              0,8035        0,8545 14282816    6,35%
  42713 17027        0,8433   575        0,8035        0,8535 14436226    6,22%
  43280 17506        0,8458   471        0,8035        0,8535 14599237    6,22%
  43328 17548        0,8390   491        0,8035        0,8535 14610849    6,22%
  43861 17958        0,8431   462        0,8035        0,8535 14752476    6,22%
  45357 19018        0,8387   384        0,8035        0,8518 15148299    6,01%
Elapsed time = 24237,03 sec. (13511499,89 ticks, tree = 412,09 MB, solutions = 45)
  45898 19457        0,8435   381        0,8035        0,8518 15293131    6,01%
  45953 19490        0,8498   494        0,8035        0,8518 15305954    6,01%
  48016 21030        0,8529   518        0,8035        0,8517 15869823    6,00%
  48179 21160        0,8513   378        0,8035        0,8517 15908768    6,00%
  51638 24003        0,8364   490        0,8035        0,8517 16584686    6,00%
  52227 24463        0,8427   541        0,8035        0,8517 16767609    6,00%
  55016 26583        0,8199   505        0,8035        0,8517 17436421    6,00%
* 55019+26584                            0,8045        0,8517             5,86%
  55019 26586        0,8086   490        0,8045        0,8517 17437418    5,86%
  55033 26597        0,8681   602        0,8045        0,8517 17448891    5,86%
  55115 26659        0,8526   600        0,8045        0,8517 17478043    5,86%
Elapsed time = 26497,14 sec. (14647979,20 ticks, tree = 638,05 MB, solutions = 45)
  56505 27720        0,8381   509        0,8045        0,8517 17800210    5,86%
  57169 25678        0,8662   683        0,8045        0,8517 17984481    5,86%
  57381 25858        0,8684   676        0,8045        0,8517 18044399    5,86%
  57411 25884        0,8435   504        0,8045        0,8517 18052057    5,86%
  58150 26405        0,8377   478        0,8045        0,8517 18255800    5,86%
  59303 27185        0,8414   480        0,8045        0,8517 18591771    5,86%
  59465 27303        0,8412   424        0,8045        0,8517 18640287    5,86%
  59852 27654        0,8487   524        0,8045        0,8516 18763668    5,85%
  60464 28112        0,8335   501        0,8045        0,8516 18932170    5,85%
  60649 28239        0,8365   505        0,8045        0,8516 18980532    5,85%
Elapsed time = 28375,62 sec. (15629241,84 ticks, tree = 657,21 MB, solutions = 47)
  61243 28555        0,8375   470        0,8045        0,8516 19208334    5,85%
  61412 28656        0,8766   653        0,8045        0,8516 19260049    5,85%
  61815 28944        0,8400   493        0,8045        0,8516 19370106    5,85%
  62134 29191        0,8369   550        0,8045        0,8516 19453668    5,85%
  62472 29452        0,8651   545        0,8045        0,8516 19568522    5,85%
  62570 29514        0,8355   479        0,8045        0,8516 19610395    5,85%
  62863 29710        0,8747   618        0,8045        0,8516 19733002    5,85%
  64264 30760        0,8713   650        0,8045        0,8516 20140253    5,85%
  64286 30781        0,8476   510        0,8045        0,8516 20149321    5,85%
  64416 30887        0,8502   515        0,8045        0,8516 20193839    5,85%
Elapsed time = 30681,09 sec. (16746750,45 ticks, tree = 754,61 MB, solutions = 47)
  64651 31049        0,8372   492        0,8045        0,8516 20287801    5,85%
  66015 32107        0,8314   440        0,8045        0,8516 20656248    5,85%
  66016 32108        0,8266   506        0,8045        0,8516 20656586    5,85%
  66017 32109        0,8462   529        0,8045        0,8516 20656918    5,85%
* 66021+32111                            0,8064        0,8516             5,60%
* 66021+32111                            0,8064        0,8516             5,60%
* 66023+32113                            0,8154        0,8516             4,44%
  66039 18474        cutoff              0,8154        0,8516 20686830    4,44%
  66053 18486        0,8471   480        0,8154        0,8516 20706926    4,44%
  66056 18489        0,8683   648        0,8154        0,8516 20710898    4,44%
  68206 20078        0,8490   513        0,8154        0,8516 21420980    4,44%
  68615 20391        0,8466   558        0,8154        0,8516 21592807    4,44%
  69581 21049        0,8657   548        0,8154        0,8516 21969410    4,44%
Elapsed time = 35788,01 sec. (19105085,25 ticks, tree = 437,18 MB, solutions = 55)
  71177 22162        cutoff              0,8154        0,8516 22431714    4,44%
  72187 22879        cutoff              0,8154        0,8516 22742829    4,44%
  73503 23798        0,8527   577        0,8154        0,8508 23172698    4,34%
  73692 23936        0,8554   509        0,8154        0,8508 23256900    4,34%
  74475 24482        0,8502   424        0,8154        0,8508 23493671    4,34%
  74841 24707        0,8486   478        0,8154        0,8508 23630072    4,34%
  75472 25077        0,8504   491        0,8154        0,8508 23868807    4,34%
  75529 25118        0,8442   478        0,8154        0,8508 23891555    4,34%
  75914 25365        0,8637   682        0,8154        0,8502 24055852    4,26%
  79075 27529        0,8634   816        0,8154        0,8502 25071889    4,26%
Elapsed time = 37845,21 sec. (20221463,71 ticks, tree = 653,97 MB, solutions = 55)
  79102 27544        0,8496   482        0,8154        0,8502 25092717    4,26%
  79679 27933        0,8667   742        0,8154        0,8502 25320867    4,26%
  81503 29241        0,8425   601        0,8154        0,8502 25971497    4,26%
  81681 29370        0,8438   426        0,8154        0,8502 26024447    4,26%
  81789 29447        0,8541   467        0,8154        0,8502 26059595    4,26%
  81893 29510        0,8523   489        0,8154        0,8502 26102297    4,26%
  82781 30047        0,8700   616        0,8154        0,8502 26443840    4,26%
  83769 30744        0,8559   494        0,8154        0,8502 26763111    4,26%
  83775 30748        0,8588   550        0,8154        0,8502 26766957    4,26%
  83783 30756        0,8670   541        0,8154        0,8502 26774866    4,26%
Elapsed time = 39694,49 sec. (21449776,85 ticks, tree = 747,20 MB, solutions = 55)
  85663 32072        0,8631   590        0,8154        0,8502 27422923    4,26%
  86487 32579        cutoff              0,8154        0,8502 27817349    4,26%
  88080 33698        0,8492   486        0,8154        0,8502 28297547    4,26%
  88335 33893        0,8391   458        0,8154        0,8502 28410512    4,26%
  88660 34105        cutoff              0,8154        0,8502 28546443    4,26%
  88841 34214        0,8523   430        0,8154        0,8502 28605568    4,26%
  90582 35441        0,8399   630        0,8154        0,8502 29152547    4,26%
  90724 35548        0,8521   437        0,8154        0,8502 29185272    4,26%
  92269 36533        0,8233   537        0,8154        0,8502 29792936    4,26%
  95598 38945        0,8420   508        0,8154        0,8502 30709969    4,26%
Elapsed time = 42277,27 sec. (22831660,89 ticks, tree = 985,10 MB, solutions = 55)
  96201 39345        0,8589   478        0,8154        0,8502 30913094    4,26%
  96955 39886        cutoff              0,8154        0,8502 31116196    4,26%
  98212 40767        0,8222   423        0,8154        0,8502 31567911    4,26%
  98857 41231        0,8565   470        0,8154        0,8502 31769751    4,26%
  98916 41276        0,8390   503        0,8154        0,8502 31783569    4,26%
 101810 43310        cutoff              0,8154        0,8502 32665410    4,26%
 101965 43409        0,8397   456        0,8154        0,8502 32715103    4,26%
 102094 43486        0,8583   490        0,8154        0,8502 32774598    4,26%
 103045 44113        0,8492   484        0,8154        0,8502 33108477    4,26%
 103618 44501        0,8570   485        0,8154        0,8502 33279714    4,26%
Elapsed time = 42985,10 sec. (23345303,15 ticks, tree = 1105,97 MB, solutions = 55)
 104882 45352        cutoff              0,8154        0,8502 33721223    4,26%
 105514 45791        0,8541   492        0,8154        0,8502 33958455    4,26%
 107284 46956    infeasible              0,8154        0,8502 34574647    4,26%
 108581 47847        0,8605   691        0,8154        0,8502 35044808    4,26%
 108688 47930        0,8504   487        0,8154        0,8502 35073265    4,26%
 109712 48658        cutoff              0,8154        0,8502 35411165    4,26%
 110173 48977        0,8566   511        0,8154        0,8502 35583160    4,26%
 110465 49187        0,8584   521        0,8154        0,8502 35717415    4,26%
 112562 50636        0,8542   488        0,8154        0,8502 36416772    4,26%
 113433 51199        0,8515   467        0,8154        0,8502 36745285    4,26%
Elapsed time = 44676,96 sec. (24236011,11 ticks, tree = 1339,10 MB, solutions = 55)
 113934 51471        0,8562   509        0,8154        0,8502 36993655    4,26%
 115817 52676        0,8651   647        0,8154        0,8502 37677907    4,26%
 116102 52886        0,8514   618        0,8154        0,8502 37777161    4,26%
 116113 52888        0,8617   637        0,8154        0,8502 37784585    4,26%
 116138 52899        0,8507   555        0,8154        0,8502 37802285    4,26%
 116678 53252        0,8651   633        0,8154        0,8502 38054296    4,26%
 116898 53396        0,8620   675        0,8154        0,8502 38155364    4,26%
 117747 53981        0,8557   540        0,8154        0,8502 38466064    4,26%
 117940 54100        0,8543   513        0,8154        0,8502 38554899    4,26%
 118171 54261        0,8620   678        0,8154        0,8502 38675578    4,26%
Elapsed time = 45894,56 sec. (25007516,32 ticks, tree = 1393,29 MB, solutions = 55)
 119094 54881        0,8460   633        0,8154        0,8502 39028047    4,26%
 119482 55137        0,8470   516        0,8154        0,8502 39191495    4,26%
 122361 57127        0,8486   644        0,8154        0,8502 40171333    4,26%
 122365 57130        0,8386   552        0,8154        0,8502 40173428    4,26%
 122373 57135        0,8468   623        0,8154        0,8502 40176568    4,26%
 122387 57137        0,8377   621        0,8154        0,8502 40190249    4,26%
 122405 57149        0,8399   650        0,8154        0,8502 40200382    4,26%
 122441 57178        0,8504   553        0,8154        0,8502 40210409    4,26%
 122610 57290        0,8458   643        0,8154        0,8502 40333380    4,26%
 122888 57499        0,8547   558        0,8154        0,8502 40480676    4,26%
Elapsed time = 47357,53 sec. (25826303,92 ticks, tree = 1515,79 MB, solutions = 55)
 123331 57773        0,8522   532        0,8154        0,8502 40720446    4,26%
 125370 59014        0,8351   554        0,8154        0,8502 41637489    4,26%
 125932 59407        cutoff              0,8154        0,8502 41858599    4,26%
 128179 60833        0,8387   532        0,8154        0,8502 42894896    4,26%
 128289 60911        0,8338   519        0,8154        0,8502 42954517    4,26%
 129555 61759        0,8451   443        0,8154        0,8502 43493757    4,26%
 130146 62118        0,8451   546        0,8154        0,8502 43737743    4,26%
 130857 62558        0,8403   663        0,8154        0,8502 44030172    4,26%
 130927 62605        0,8507   609        0,8154        0,8502 44060111    4,26%
 131053 62693        0,8356   680        0,8154        0,8502 44106315    4,26%
Elapsed time = 48902,46 sec. (26873422,43 ticks, tree = 1670,06 MB, solutions = 55)
 131407 62935        cutoff              0,8154        0,8502 44310197    4,26%
 131411 62939        0,8603   566        0,8154        0,8502 44310772    4,26%
 132153 63415        cutoff              0,8154        0,8502 44627259    4,26%
 133720 64436        0,8387   504        0,8154        0,8502 45236755    4,26%
 133957 64613        0,8510   597        0,8154        0,8502 45363718    4,26%
 136105 66005        0,8277   430        0,8154        0,8502 46235859    4,26%
 136108 66004        0,8584   526        0,8154        0,8502 46241139    4,26%
 136371 66156        0,8374   561        0,8154        0,8502 46345121    4,26%
 136410 66178        0,8602   561        0,8154        0,8502 46355127    4,26%
 137020 66649        cutoff              0,8154        0,8502 46616761    4,26%
Elapsed time = 50631,13 sec. (27922113,84 ticks, tree = 1776,87 MB, solutions = 55)
 137047 66668        0,8448   449        0,8154        0,8502 46627035    4,26%
 137096 66697        0,8440   488        0,8154        0,8502 46650423    4,26%
 137318 66845        0,8616   618        0,8154        0,8502 46730553    4,26%
 138261 67423        cutoff              0,8154        0,8502 47040691    4,26%
 139671 68411        0,8227   436        0,8154        0,8502 47517164    4,26%
 140655 69071        0,8509   498        0,8154        0,8502 47870733    4,26%
 140998 69298        0,8582   567        0,8154        0,8502 47999312    4,26%
 143036 70779        0,8481   461        0,8154        0,8502 48655386    4,26%
 143481 71027        0,8554   532        0,8154        0,8502 48858821    4,26%
 143717 71165        0,8629   653        0,8154        0,8502 48959770    4,26%
Elapsed time = 52649,45 sec. (29030310,27 ticks, tree = 1900,24 MB, solutions = 55)
 145468 72250        0,8384   649        0,8154        0,8502 49620343    4,26%
 145547 72312        0,8314   623        0,8154        0,8502 49705577    4,26%
 145555 72318        0,8536   482        0,8154        0,8502 49750874    4,26%
 145877 72527        0,8171   452        0,8154        0,8502 49837136    4,26%
 146774 73177        0,8579   482        0,8154        0,8502 50230701    4,26%
 149819 75226        0,8440   563        0,8154        0,8502 51269732    4,26%
 149852 75239        cutoff              0,8154        0,8502 51289604    4,26%
 149891 75269        0,8451   593        0,8154        0,8502 51298532    4,26%
 149955 75317        0,8442   614        0,8154        0,8502 51316863    4,26%
 150527 75729        0,8527   633        0,8154        0,8502 51454365    4,26%
Elapsed time = 54313,06 sec. (30068516,33 ticks, tree = 2039,04 MB, solutions = 55)
 151290 76193        0,8540   529        0,8154        0,8502 51780731    4,26%
 152087 76743        0,8626   651        0,8154        0,8502 52096550    4,26%
 152100 76752        0,8557   523        0,8154        0,8502 52102383    4,26%
 154035 78041        0,8623   583        0,8154        0,8502 52822952    4,26%
 154446 78319        0,8621   587        0,8154        0,8502 52973924    4,26%
 155140 78714        0,8609   530        0,8154        0,8502 53288724    4,26%
 156795 79732        0,8602   589        0,8154        0,8502 53911925    4,26%
 157040 79908        0,8624   593        0,8154        0,8502 54005901    4,26%
 159124 81284        0,8457   632        0,8154        0,8502 54801565    4,26%
 159170 81322        0,8516   494        0,8154        0,8502 54818304    4,26%
Elapsed time = 56517,73 sec. (31059628,47 ticks, tree = 2213,80 MB, solutions = 55)
Nodefile size = 166,15 MB (125,13 MB after compression)
 159819 81800        0,8372   562        0,8154        0,8502 55037176    4,26%
 160232 82050        0,8626   603        0,8154        0,8502 55194473    4,26%
 162516 83649        0,8577   671        0,8154        0,8502 55966040    4,26%
 163227 84100        0,8193   420        0,8154        0,8502 56272012    4,26%
 163992 84679        0,8207   461        0,8154        0,8502 56566101    4,26%
 164145 84784        0,8553   638        0,8154        0,8502 56616428    4,26%
 167604 87169        0,8505   472        0,8154        0,8502 57817973    4,26%
 168012 87398        0,8505   465        0,8154        0,8502 57973859    4,26%
