
<<< setup


<<< generate

Found incumbent of value 0,000000 after 0,02 sec. (16,99 ticks)
Tried aggregator 4 times.
MIP Presolve eliminated 179399 rows and 392065 columns.
MIP Presolve modified 5017 coefficients.
Aggregator did 109540 substitutions.
Reduced MIP has 12812 rows, 30236 columns, and 93943 nonzeros.
Reduced MIP has 2836 binaries, 0 generals, 0 SOSs, and 0 indicators.
Presolve time = 3,53 sec. (3276,91 ticks)
Probing time = 0,01 sec. (1,40 ticks)
Tried aggregator 1 time.
Reduced MIP has 12812 rows, 30236 columns, and 93943 nonzeros.
Reduced MIP has 2836 binaries, 0 generals, 0 SOSs, and 0 indicators.
Presolve time = 0,05 sec. (44,83 ticks)
Probing time = 0,01 sec. (1,40 ticks)
MIP emphasis: balance optimality and feasibility.
MIP search method: dynamic search.
Parallel mode: deterministic, using up to 8 threads.
Root relaxation solution time = 0,29 sec. (260,39 ticks)

        Nodes                                         Cuts/
   Node  Left     Objective  IInf  Best Integer    Best Bound    ItCnt     Gap

*     0+    0                         1255,0000    19895,0000              --- 
      0     0     3271,5750   194     1255,0000     3271,5750     1706  160,68%
*     0+    0                         3269,4562     3271,5750             0,06%

Root node processing (before b&c):
  Real time             =    4,45 sec. (4182,73 ticks)
Parallel b&c, 8 threads:
  Real time             =    0,00 sec. (0,00 ticks)
  Sync time (average)   =    0,00 sec.
  Wait time (average)   =    0,00 sec.
                          ------------
Total (root+branch&cut) =    4,45 sec. (4182,73 ticks)

<<< solve


OBJECTIVE: 3269.456
avg_utility = 0.416757

<<< post process


<<< done

