
<<< setup


<<< generate

Tried aggregator 4 times.
MIP Presolve eliminated 195197 rows and 181925 columns.
MIP Presolve modified 13449 coefficients.
Aggregator did 46000 substitutions.
Reduced MIP has 33839 rows, 57104 columns, and 145696 nonzeros.
Reduced MIP has 9184 binaries, 0 generals, 0 SOSs, and 0 indicators.
Presolve time = 1,73 sec. (1396,95 ticks)
Found incumbent of value 0,000000 after 2,21 sec. (1896,25 ticks)
Probing time = 0,03 sec. (9,06 ticks)
Tried aggregator 5 times.
MIP Presolve eliminated 6280 rows and 8560 columns.
MIP Presolve modified 6560 coefficients.
Aggregator did 13120 substitutions.
Reduced MIP has 14439 rows, 35424 columns, and 89216 nonzeros.
Reduced MIP has 9184 binaries, 0 generals, 0 SOSs, and 0 indicators.
Presolve time = 0,73 sec. (787,85 ticks)
Probing time = 0,04 sec. (9,59 ticks)
Clique table members: 1312.
MIP emphasis: balance optimality and feasibility.
MIP search method: dynamic search.
Parallel mode: deterministic, using up to 24 threads.
Root relaxation solution time = 0,34 sec. (460,84 ticks)

        Nodes                                         Cuts/
   Node  Left     Objective  IInf  Best Integer    Best Bound    ItCnt     Gap

*     0+    0                            0,0000     8396,8000       15     --- 
      0     0     1589,7000   148        0,0000     1589,7000       15     --- 
*     0+    0                         1585,2000     1589,7000       50    0,28%
      0     0     1589,7000   130     1585,2000      Cuts: 22       50    0,28%
      0     0     1589,7000   154     1585,2000     Cuts: 161      528    0,28%
      0     0     1589,7000   150     1585,2000     Cuts: 121      913    0,28%
      0     0     1589,7000   158     1585,2000     Cuts: 129     2296    0,28%
      0     2     1589,7000   101     1585,2000     1589,7000     2296    0,28%
Elapsed time = 18,80 sec. (18672,20 ticks, tree = 0,01 MB, solutions = 2)
      2     2     1588,5750   117     1585,2000     1589,7000     7208    0,28%
      4     4     1588,5750   111     1585,2000     1589,7000    14398    0,28%
      6     6     1588,5417    95     1585,2000     1588,5750    15506    0,21%
      8     8     1586,2500    71     1585,2000     1588,5750    20610    0,21%
     12    12     1586,2375    73     1585,2000     1588,5417    25201    0,21%
     15    15     1586,4550    59     1585,2000     1588,5417    30449    0,21%
     24    24     1586,2375    68     1585,2000     1588,5417    34056    0,21%
     28    28     1588,4083    93     1585,2000     1588,5417    35416    0,21%
     35    35     1587,1500    72     1585,2000     1588,5417    37310    0,21%
     46    46     1586,3908    60     1585,2000     1588,5417    77242    0,21%
Elapsed time = 27,93 sec. (25834,44 ticks, tree = 0,05 MB, solutions = 2)
    168   158     1586,1750    68     1585,2000     1588,5417   210161    0,21%
    172   162     1587,0667    83     1585,2000     1588,5417   211427    0,21%
    514   461     1585,9225    48     1585,2000     1588,5417   299452    0,21%
    580   517     1586,1281    64     1585,2000     1588,5417   323159    0,21%
    745   660     1585,5250    10     1585,2000     1588,5417   354186    0,21%
   1289  1085     1585,5550    48     1585,2000     1588,5417   418600    0,21%
   1488  1255     1585,3646    20     1585,2000     1588,5417   452230    0,21%
   2407  1993        cutoff           1585,2000     1588,5417   534724    0,21%
   2508  2075     1586,6667    62     1585,2000     1588,5417   548804    0,21%
   2539  2085     1585,4600    12     1585,2000     1588,5417   557929    0,21%
Elapsed time = 64,61 sec. (38340,11 ticks, tree = 5,46 MB, solutions = 2)
   2587  2120     1585,4600    13     1585,2000     1588,5417   569373    0,21%
   4068  3142     1585,6895    53     1585,2000     1588,4917   718488    0,21%
   4123  3182     1586,1250    47     1585,2000     1588,4917   729679    0,21%
   4568  3488     1586,1500    32     1585,2000     1588,4917   816552    0,21%
   4714  3598     1585,5260    16     1585,2000     1588,4917   840829    0,21%
   5628  4244     1586,1250    41     1585,2000     1588,0625   974317    0,18%
   5857  4409     1586,1167    43     1585,2000     1588,0625  1012047    0,18%
   6025  4543     1585,4031    20     1585,2000     1588,0625  1037057    0,18%
   6492  4867     1585,3250    34     1585,2000     1588,0625  1106289    0,18%
   6839  5145     1585,7000    26     1585,2000     1588,0625  1150359    0,18%
Elapsed time = 106,61 sec. (50512,59 ticks, tree = 15,73 MB, solutions = 2)
   7139  5384     1585,3186    47     1585,2000     1588,0625  1179978    0,18%
   8619  6439     1589,7000   174     1585,2000     1587,0375  1365438    0,12%
   8621  3219     1588,5750   119     1585,2000     1587,0375  1365924    0,12%
   8623  3221     1587,4500    72     1585,2000     1587,0375  1366962    0,12%
   8625  2414     1585,5500    51     1585,2000     1587,0375  1368374    0,12%
   8628  1607     1585,5500    47     1585,2000     1587,0375  1386327    0,12%
   8630  1606     1585,5500    43     1585,2000     1587,0375  1402173    0,12%
   8632  1605     1585,5500    50     1585,2000     1587,0375  1418144    0,12%
   8634  1604     1585,5500    38     1585,2000     1587,0375  1424083    0,12%
   8636  1604     1585,5500    42     1585,2000     1587,0375  1424434    0,12%
Elapsed time = 173,66 sec. (111027,86 ticks, tree = 23,80 MB, solutions = 2)
   8640  1603     1585,5500    37     1585,2000     1587,0375  1424775    0,12%
   8642  1602     1585,5500    26     1585,2000     1587,0375  1424829    0,12%
   8643  1602     1585,5500    41     1585,2000     1587,0375  1424898    0,12%
   8645  1602     1585,5500    34     1585,2000     1587,0375  1424909    0,12%
   8646  1602     1586,2750    46     1585,2000     1586,3250  1424947    0,07%
   8650  1599     1586,2750    44     1585,2000     1586,3250  1425298    0,07%
   8654  1598     1586,3250    47     1585,2000     1586,3250  1425906    0,07%
   8659  1596     1586,2750    48     1585,2000     1586,3250  1426166    0,07%
   8663  1594     1586,3250    45     1585,2000     1586,3250  1426236    0,07%
   8672  1591     1586,3250    45     1585,2000     1586,3250  1426348    0,07%
Elapsed time = 184,51 sec. (122800,16 ticks, tree = 23,57 MB, solutions = 2)
   8675  1590     1586,3250    49     1585,2000     1586,3250  1426398    0,07%
   8684  1589     1586,3250    42     1585,2000     1586,3250  1426540    0,07%
   8721  1574     1585,5000    34     1585,2000     1586,3250  1427295    0,07%
   8726  1572     1586,2750    50     1585,2000     1586,3250  1427337    0,07%
   8737  1283     1586,2750    51     1585,2000     1586,3250  1427961    0,07%
   8753   902     1586,2750    48     1585,2000     1586,3250  1428309    0,07%
   8768   589     1586,2750    46     1585,2000     1586,3250  1428815    0,07%
   8777   586     1586,2750    45     1585,2000     1586,3250  1428844    0,07%
   8806   363     1586,2750    35     1585,2000     1586,3250  1429337    0,07%
   8826   220     1585,5500    35     1585,2000     1586,3250  1430218    0,07%
Elapsed time = 191,63 sec. (133291,39 ticks, tree = 3,08 MB, solutions = 2)
   8845   164     1586,2750    34     1585,2000     1586,3250  1430522    0,07%
   8867   105     1586,2750    36     1585,2000     1586,3250  1431031    0,07%
   8919    36     1586,2917    47     1585,2000     1586,3250  1432610    0,07%
   8980    15     1586,2750    36     1585,2000     1586,3250  1434617    0,07%
   9035    18     1586,2750    35     1585,2000     1586,3250  1436258    0,07%
   9062    19     1586,2750    36     1585,2000     1586,3250  1437076    0,07%
   9127    22     1586,2750    40     1585,2000     1586,3250  1439028    0,07%
   9190    11     1586,2750    40     1585,2000     1586,3250  1441165    0,07%
   9228    20     1586,3250    36     1585,2000     1586,3250  1442452    0,07%
   9314    15     1586,2750    43     1585,2000     1586,3250  1445847    0,07%
Elapsed time = 204,90 sec. (144873,88 ticks, tree = 0,01 MB, solutions = 2)
   9366     6     1585,4500    37     1585,2000     1586,2750  1447623    0,07%
   9407    11     1586,2750    32     1585,2000     1586,2750  1448226    0,07%
   9440     4     1585,5000    37     1585,2000     1586,2750  1448988    0,07%
   9465     8     1585,5000    43     1585,2000     1585,5000  1449731    0,02%

Implied bound cuts applied:  3214
Flow cuts applied:  106
Mixed integer rounding cuts applied:  20
Gomory fractional cuts applied:  151

Root node processing (before b&c):
  Real time             =   15,38 sec. (15543,53 ticks)
Parallel b&c, 24 threads:
  Real time             =  191,21 sec. (130993,12 ticks)
  Sync time (average)   =    0,10 sec.
  Wait time (average)   =    0,00 sec.
                          ------------
Total (root+branch&cut) =  206,59 sec. (146536,64 ticks)

<<< solve


OBJECTIVE: 1585.2

<<< post process


<<< done

