
<<< setup


<<< generate

Found incumbent of value 0,000000 after 0,01 sec. (11,22 ticks)
Tried aggregator 5 times.
MIP Presolve eliminated 113408 rows and 226194 columns.
MIP Presolve modified 15272 coefficients.
Aggregator did 54492 substitutions.
Reduced MIP has 33393 rows, 70195 columns, and 222001 nonzeros.
Reduced MIP has 10073 binaries, 0 generals, 0 SOSs, and 0 indicators.
Presolve time = 3,28 sec. (3193,99 ticks)
Probing time = 0,01 sec. (3,18 ticks)
Tried aggregator 1 time.
Reduced MIP has 33393 rows, 70195 columns, and 222001 nonzeros.
Reduced MIP has 10073 binaries, 0 generals, 0 SOSs, and 0 indicators.
Presolve time = 0,13 sec. (104,53 ticks)
Probing time = 0,02 sec. (3,38 ticks)
MIP emphasis: balance optimality and feasibility.
MIP search method: dynamic search.
Parallel mode: deterministic, using up to 8 threads.
Root relaxation solution time = 1,37 sec. (1115,08 ticks)

        Nodes                                         Cuts/
   Node  Left     Objective  IInf  Best Integer    Best Bound    ItCnt     Gap

*     0+    0                            0,0000    18695,5474              --- 
*     0+    0                         3123,0530    18695,5474           498,63%
      0     0     3775,0000   969     3123,0530     3775,0000     3671   20,88%
*     0+    0                         3424,1987     3775,0000            10,24%
      0     0     3717,2446   601     3424,1987    Cuts: 2900    27749    8,56%
      0     0     3696,9386   612     3424,1987    Cuts: 1804    38971    7,97%
      0     0     3648,8228   498     3424,1987    Cuts: 1835    56672    6,56%
*     0+    0                         3518,8453     3648,8228             3,69%
*     0+    0                         3543,7807     3648,8228             2,96%
*     0+    0                         3543,8690     3648,8228             2,96%
      0     0     3634,2478   526     3543,8690    Cuts: 1390    76530    2,55%
      0     0     3589,4467   327     3543,8690    Cuts: 1711    94674    1,29%
      0     0     3588,4691   327     3543,8690     Cuts: 821   105590    1,26%
*     0+    0                         3554,6307     3588,4691             0,95%

Implied bound cuts applied:  244
Flow cuts applied:  7756
Mixed integer rounding cuts applied:  1655
Flow path cuts applied:  87
Gomory fractional cuts applied:  193

Root node processing (before b&c):
  Real time             =   86,78 sec. (72741,04 ticks)
Parallel b&c, 8 threads:
  Real time             =    0,00 sec. (0,00 ticks)
  Sync time (average)   =    0,00 sec.
  Wait time (average)   =    0,00 sec.
                          ------------
Total (root+branch&cut) =   86,78 sec. (72741,04 ticks)

<<< solve


OBJECTIVE: 3554.631
avg_utility = 0.941624

<<< post process


<<< done

