
<<< setup


<<< generate

Found incumbent of value 0,000000 after 0,25 sec. (274,61 ticks)
Tried aggregator 3 times.
MIP Presolve eliminated 3266875 rows and 8935862 columns.
MIP Presolve modified 30674 coefficients.
Aggregator did 139374 substitutions.
Reduced MIP has 53813 rows, 134765 columns, and 428753 nonzeros.
Reduced MIP has 53448 binaries, 14508 generals, 0 SOSs, and 0 indicators.
Presolve time = 11,62 sec. (9249,75 ticks)
Probing time = 0,07 sec. (30,73 ticks)
Tried aggregator 1 time.
Reduced MIP has 53813 rows, 134765 columns, and 428753 nonzeros.
Reduced MIP has 53448 binaries, 14508 generals, 0 SOSs, and 0 indicators.
Presolve time = 0,33 sec. (352,68 ticks)
Probing time = 0,13 sec. (30,54 ticks)
Clique table members: 3846.
MIP emphasis: balance optimality and feasibility.
MIP search method: dynamic search.
Parallel mode: deterministic, using up to 8 threads.
Root relaxation solution time = 2,64 sec. (2801,14 ticks)

        Nodes                                         Cuts/
   Node  Left     Objective  IInf  Best Integer    Best Bound    ItCnt     Gap

*     0+    0                            0,0000    70672,0000              --- 
*     0+    0                          318,6000    70672,0000              --- 
      0     0     4745,7280   121      318,6000     4745,7280    11892     --- 
*     0+    0                         3982,6000     4745,7280            19,16%
      0     0     4582,9892   210     3982,6000     Cuts: 258    12582   15,08%
      0     0     4439,8024   312     3982,6000     Cuts: 242    13744   11,48%
      0     0     4391,2105   309     3982,6000     Cuts: 139    14139   10,26%
*     0+    0                         4196,0000     4391,2105             4,65%
*     0+    0                         4277,8000     4391,2105             2,65%
      0     0     4363,3627   304     4277,8000     Cuts: 112    14768    2,00%
      0     0     4348,7008   263     4277,8000      Cuts: 62    15113    1,66%
      0     0     4329,7547   285     4277,8000      Cuts: 34    15326    1,21%
      0     0     4323,8744   212     4277,8000      Cuts: 32    15700    1,08%
      0     0     4323,2410   231     4277,8000      Cuts: 11    15767    1,06%
      0     0     4322,5913   218     4277,8000      Cuts: 26    16798    1,05%
      0     0     4322,4151   173     4277,8000      Cuts: 12    16902    1,04%
      0     0     4322,1767   204     4277,8000       Cuts: 6    16982    1,04%
      0     0     4322,0507   143     4277,8000       Cuts: 4    17094    1,03%
      0     0     4322,0507   145     4277,8000       Cuts: 3    17191    1,03%
      0     2     4322,0507   145     4277,8000     4322,0507    17191    1,03%
Elapsed time = 40,91 sec. (42110,53 ticks, tree = 0,00 MB, solutions = 5)
      1     3     4318,6852    48     4277,8000     4322,0507    17438    1,03%
      2     4     4320,6449   145     4277,8000     4322,0117    18351    1,03%
      3     5     4318,9375   120     4277,8000     4322,0117    18474    1,03%
      4     6     4316,4317   139     4277,8000     4320,6107    18699    1,00%
      5     7     4301,9561   119     4277,8000     4320,6107    19614    1,00%
      6     8     4301,0813   122     4277,8000     4320,6107    21479    1,00%
      7     9     4300,7069   104     4277,8000     4320,6107    22907    1,00%
      8    10     4300,5946    86     4277,8000     4320,6107    23164    1,00%
      9    11     4300,2343    41     4277,8000     4320,6107    23185    1,00%
     27    20     4309,0926    85     4277,8000     4320,6107    23749    1,00%
Elapsed time = 46,87 sec. (50858,11 ticks, tree = 1,65 MB, solutions = 5)

Clique cuts applied:  7
Cover cuts applied:  36
Implied bound cuts applied:  458
Flow cuts applied:  27
Mixed integer rounding cuts applied:  39
Zero-half cuts applied:  2
Gomory fractional cuts applied:  35

Root node processing (before b&c):
  Real time             =   40,60 sec. (41852,98 ticks)
Parallel b&c, 8 threads:
  Real time             =    6,72 sec. (9551,74 ticks)
  Sync time (average)   =    5,16 sec.
  Wait time (average)   =    5,39 sec.
                          ------------
Total (root+branch&cut) =   47,33 sec. (51404,71 ticks)

<<< solve


OBJECTIVE: 4277.8
avg_utility = 0.171078

<<< post process


<<< done

