File ~/software/araldo-phd-code/utility_based_caching/examples/collaboration/impact_of_alpha/inter_link_0/seed_1/scenario.dat written

<<< setup


<<< generate

Found incumbent of value 0.000000 after 0.01 sec. (2.97 ticks)
Tried aggregator 4 times.
MIP Presolve eliminated 17096 rows and 51196 columns.
MIP Presolve modified 4009 coefficients.
Aggregator did 8004 substitutions.
Reduced MIP has 18910 rows, 33801 columns, and 85299 nonzeros.
Reduced MIP has 5387 binaries, 1884 generals, 0 SOSs, and 0 indicators.
Presolve time = 0.91 sec. (544.34 ticks)
Probing time = 0.02 sec. (1.81 ticks)
Tried aggregator 394 times.
MIP Presolve eliminated 3821 rows and 6704 columns.
MIP Presolve modified 2358 coefficients.
Aggregator did 1576 substitutions.
Reduced MIP has 13513 rows, 25521 columns, and 63711 nonzeros.
Reduced MIP has 5387 binaries, 1884 generals, 0 SOSs, and 0 indicators.
Presolve time = 20.17 sec. (9338.75 ticks)
Probing time = 0.02 sec. (1.49 ticks)
Tried aggregator 2 times.
MIP Presolve eliminated 2595 rows and 3710 columns.
MIP Presolve modified 6 coefficients.
Aggregator did 6 substitutions.
Reduced MIP has 10912 rows, 21805 columns, and 53303 nonzeros.
Reduced MIP has 5387 binaries, 1884 generals, 0 SOSs, and 0 indicators.
Presolve time = 0.13 sec. (52.95 ticks)
Probing time = 0.02 sec. (1.35 ticks)
Clique table members: 584.
MIP emphasis: balance optimality and feasibility.
MIP search method: dynamic search.
Parallel mode: deterministic, using up to 8 threads.
Root relaxation solution time = 0.41 sec. (258.90 ticks)

        Nodes                                         Cuts/
   Node  Left     Objective  IInf  Best Integer    Best Bound    ItCnt     Gap

*     0+    0                            0.0000        3.0000     6246     --- 
*     0+    0                            0.0046        3.0000     6246     --- 
*     0+    0                            0.0093        3.0000     6246     --- 
*     0+    0                            0.0139        3.0000     6246     --- 
*     0+    0                            0.0186        3.0000     6246     --- 
*     0+    0                            0.0232        3.0000     6246     --- 
*     0+    0                            0.0279        3.0000     6246     --- 
*     0+    0                            0.0325        3.0000     6246     --- 
      0     0        1.6998  1212        0.0325        1.6998     6246     --- 
*     0+    0                            0.4021        1.6998     9390  322.70%
      0     0        1.5055  1203        0.4021    Cuts: 2828     9390  274.37%
      0     0        1.2913   101        0.4021    Cuts: 2828    31809  221.11%
      0     0        1.2886    24        0.4021     Cuts: 346    32614  220.43%
*     0+    0                            0.5314        1.2886    32614  142.47%
      0     0        1.2883    13        0.5314      Cuts: 34    32694  142.43%
      0     0        1.2882    15        0.5314       Cuts: 7    32705  142.40%
      0     0        1.2880    17        0.5314       Cuts: 7    32712  142.37%
*     0+    0                            0.5573        1.2880    32712  131.11%
      0     0        1.2880    20        0.5573       Cuts: 3    32723  131.11%
      0     0        1.2880    21        0.5573    MIRcuts: 3    33041  131.10%
      0     2        1.2880    21        0.5573        1.2880    33041  131.10%
Elapsed time = 34.72 sec. (17106.68 ticks, tree = 0.01 MB, solutions = 11)
      4     6        1.2868    17        0.5573        1.2878    33052  131.06%
    105   107        1.2522   544        0.5573        1.2861    36886  130.77%
    176   178        1.2482   301        0.5573        1.2861    45388  130.77%
    211   213        1.0009   380        0.5573        1.2861    51688  130.77%
*   220+  216                            1.2375        1.2861    53603    3.93%
*   249+  224                            1.2495        1.2861    53922    2.94%
*   332+  205                            1.2650        1.2861    64595    1.67%
    380   241        1.2795    13        1.2650        1.2861    64864    1.67%
    584   204        1.2746    13        1.2650        1.2836    66382    1.47%
    599   203        cutoff              1.2650        1.2836    76414    1.47%
*   767+  241                            1.2691        1.2808    78951    0.92%
    767   243        1.2792    13        1.2691        1.2808    78951    0.92%
    768   244        1.2794    19        1.2691        1.2808    78971    0.92%
   1024   234        1.2707    16        1.2691        1.2794   109808    0.81%
Elapsed time = 47.81 sec. (22723.06 ticks, tree = 0.61 MB, solutions = 17)
   1164   262        1.2767    21        1.2691        1.2775   141040    0.66%
*  1385   274      integral     0        1.2696        1.2775   159253    0.62%
   1686   376        1.2751    10        1.2696        1.2765   165331    0.54%
   2165   728        1.2734   504        1.2696        1.2752   193637    0.44%
*  2763  1179      integral     0        1.2709        1.2752   214936    0.34%
   2875  1259        1.2749     6        1.2709        1.2752   243216    0.34%
*  3183+ 1176                            1.2745        1.2752   260532    0.06%
*  3290+  258                            1.2746        1.2752   282264    0.04%
   3290   259        1.2876    24        1.2746        1.2752   282276    0.04%
*  3327+  109                            1.2752        1.2752   282724    0.00%
   3327   111        1.2811    19        1.2752        1.2752   282724    0.00%

Cover cuts applied:  4
Implied bound cuts applied:  10
Flow cuts applied:  1524
Mixed integer rounding cuts applied:  969
Lift and project cuts applied:  3
Gomory fractional cuts applied:  12

Root node processing (before b&c):
  Real time             =   34.64 sec. (17108.59 ticks)
Parallel b&c, 8 threads:
  Real time             =   50.79 sec. (16437.02 ticks)
  Sync time (average)   =   15.22 sec.
  Wait time (average)   =    0.00 sec.
                          ------------
Total (root+branch&cut) =   85.44 sec. (33545.61 ticks)

<<< solve


OBJECTIVE: 1.275179

<<< post process


<<< done

