
<<< setup


<<< generate

Tried aggregator 2 times.
MIP Presolve eliminated 12936 rows and 11735 columns.
MIP Presolve modified 502 coefficients.
Aggregator did 1800 substitutions.
Reduced MIP has 1102 rows, 2100 columns, and 4100 nonzeros.
Reduced MIP has 500 binaries, 600 generals, 0 SOSs, and 0 indicators.
Presolve time = 0,04 sec. (50,96 ticks)
Found incumbent of value 0,000000 after 0,04 sec. (53,74 ticks)
Probing time = 0,00 sec. (5,32 ticks)
Tried aggregator 1 time.
Reduced MIP has 1102 rows, 2100 columns, and 4100 nonzeros.
Reduced MIP has 500 binaries, 600 generals, 0 SOSs, and 0 indicators.
Presolve time = 0,00 sec. (3,26 ticks)
Probing time = 0,01 sec. (5,27 ticks)
Clique table members: 42.
MIP emphasis: balance optimality and feasibility.
MIP search method: dynamic search.
Parallel mode: deterministic, using up to 8 threads.
Root relaxation solution time = 0,01 sec. (3,43 ticks)

        Nodes                                         Cuts/
   Node  Left     Objective  IInf  Best Integer    Best Bound    ItCnt     Gap

*     0+    0                            0,0000     8781,6110              --- 
      0     0     1133,2763     6        0,0000     1133,2763      116     --- 
      0     0     1128,0836     2        0,0000       Cuts: 4      121     --- 
*     0+    0                         1127,6320     1128,0836             0,04%
*     0+    0                         1127,9330     1128,0836             0,01%

Repeating presolve.
Tried aggregator 2 times.
MIP Presolve eliminated 812 rows and 1619 columns.
MIP Presolve modified 1 coefficients.
Aggregator did 194 substitutions.
Reduced MIP has 96 rows, 287 columns, and 477 nonzeros.
Reduced MIP has 1 binaries, 286 generals, 0 SOSs, and 0 indicators.
Presolve time = 0,00 sec. (2,22 ticks)
Probing time = 0,00 sec. (0,00 ticks)
Tried aggregator 1 time.
MIP Presolve eliminated 0 rows and 1 columns.
Reduced MIP has 96 rows, 286 columns, and 476 nonzeros.
Reduced MIP has 0 binaries, 286 generals, 0 SOSs, and 0 indicators.
Presolve time = 0,00 sec. (0,38 ticks)
Represolve time = 0,01 sec. (4,25 ticks)
MIP emphasis: balance optimality and feasibility.
MIP search method: dynamic search.
Parallel mode: deterministic, using up to 8 threads.
Root relaxation solution time = 0,00 sec. (0,25 ticks)

        Nodes                                         Cuts/
   Node  Left     Objective  IInf  Best Integer    Best Bound    ItCnt     Gap

*     0+    0                         1127,9330     1128,0836             0,01%
      0     0     1128,0836     2     1127,9330     1128,0836      123    0,01%
      0     0        cutoff           1127,9330                    124    0,00%
Elapsed time = 0,22 sec. (183,07 ticks, tree = 0,00 MB, solutions = 3)

Gomory fractional cuts applied:  1

Root node processing (before b&c):
  Real time             =    0,22 sec. (183,66 ticks)
Parallel b&c, 8 threads:
  Real time             =    0,00 sec. (0,00 ticks)
  Sync time (average)   =    0,00 sec.
  Wait time (average)   =    0,00 sec.
                          ------------
Total (root+branch&cut) =    0,22 sec. (183,66 ticks)

<<< solve


OBJECTIVE: 1127.933

<<< post process


<<< done

