
<<< setup


<<< generate

Found incumbent of value 0.000000 after 0.02 sec. (6.20 ticks)
Tried aggregator 6 times.
MIP Presolve eliminated 24142 rows and 94190 columns.
MIP Presolve modified 26766 coefficients.
Aggregator did 29025 substitutions.
Reduced MIP has 33339 rows, 74906 columns, and 208282 nonzeros.
Reduced MIP has 13135 binaries, 4698 generals, 0 SOSs, and 0 indicators.
Presolve time = 3.92 sec. (2250.68 ticks)
Probing time = 0.07 sec. (3.81 ticks)
Tried aggregator 1 time.
Reduced MIP has 33339 rows, 74906 columns, and 208282 nonzeros.
Reduced MIP has 13135 binaries, 4698 generals, 0 SOSs, and 0 indicators.
Presolve time = 0.31 sec. (101.24 ticks)
Probing time = 0.07 sec. (4.06 ticks)
Clique table members: 743.
MIP emphasis: balance optimality and feasibility.
MIP search method: dynamic search.
Parallel mode: deterministic, using up to 8 threads.
Root relaxation solution time = 1.51 sec. (853.82 ticks)

        Nodes                                         Cuts/
   Node  Left     Objective  IInf  Best Integer    Best Bound    ItCnt     Gap

*     0+    0                            0.0000    24180.0000              --- 
      0     0     7872.8896  1064        0.0000     7872.8896     2873     --- 
      0     0     7481.4329  1047        0.0000    Cuts: 3397     9841     --- 
      0     0     7037.3689  1225        0.0000    Cuts: 3074    14155     --- 
      0     0     6637.5861  1262        0.0000    Cuts: 3134    17513     --- 
*     0+    0                         3191.2000     6637.5861           108.00%
*     0+    0                         4981.8000     6637.5861            33.24%
      0     0     6370.3911  1447     4981.8000    Cuts: 3052    21952   27.87%
      0     0     6144.3392  1205     4981.8000    Cuts: 3190    27533   23.34%
      0     0     6045.3214  1402     4981.8000    Cuts: 2684    31793   21.35%
      0     0     5991.9527  1487     4981.8000    Cuts: 2401    35665   20.28%
      0     0     5920.7045  1324     4981.8000    Cuts: 2532    38958   18.85%
      0     0     5851.0026  1266     4981.8000    Cuts: 2286    42889   17.45%
      0     0     5814.1045   972     4981.8000    Cuts: 2016    46655   16.71%
      0     0     5789.1264   937     4981.8000    Cuts: 1648    48659   16.21%
      0     0     5768.8003   491     4981.8000    Cuts: 1155    53959   15.80%
      0     0     5758.0154   287     4981.8000     Cuts: 594    58485   15.58%
      0     0     5753.7367   286     4981.8000     Cuts: 277    60253   15.50%
      0     0     5752.3951   246     4981.8000     Cuts: 245    67952   15.47%
      0     0     5750.9736   129     4981.8000     Cuts: 261    68880   15.44%
      0     0     5749.4541   140     4981.8000     Cuts: 105    70037   15.41%
      0     0     5748.3188   167     4981.8000      Cuts: 82    70845   15.39%
      0     0     5747.2976   133     4981.8000     Cuts: 103    71936   15.37%
      0     0     5747.0891   137     4981.8000      Cuts: 78    72194   15.36%
      0     0     5746.9072    84     4981.8000      Cuts: 94    73094   15.36%
      0     0     5746.5708   165     4981.8000      Cuts: 42    73427   15.35%
Heuristic still looking.
Heuristic still looking.
Heuristic still looking.
      0     2     5746.5708   165     4981.8000     5746.5708    73427   15.35%
Elapsed time = 450.78 sec. (144243.13 ticks, tree = 0.00 MB, solutions = 3)
      2     4     5722.0311   192     4981.8000     5746.5708    76597   15.35%
      3     5     5745.8878    95     4981.8000     5746.5435    77280   15.35%
      5     7     5719.0510   141     4981.8000     5746.5435    79059   15.35%
      6     8     5719.0068   148     4981.8000     5746.5435    82946   15.35%
      9    11     5745.2857    70     4981.8000     5745.8825    83322   15.34%
     10    12     5717.7618    92     4981.8000     5745.8825    84572   15.34%
     14    16     5717.8571    75     4981.8000     5745.8825    90653   15.34%
     16    18     5745.2534    68     4981.8000     5745.8825   107050   15.34%
     18    20     5717.6967    92     4981.8000     5745.8825   130391   15.34%
     19    21     5717.6157    65     4981.8000     5745.8825   142940   15.34%
Elapsed time = 527.43 sec. (164069.38 ticks, tree = 0.00 MB, solutions = 3)
     21    23     5689.7930   194     4981.8000     5745.8825   170684   15.34%
     31    33     5745.2499    72     4981.8000     5745.8825   222399   15.34%
     36    38     5685.4572    71     4981.8000     5745.8825   228050   15.34%
     86    88     5680.1626    54     4981.8000     5745.8825   238453   15.34%
    135   137     5744.0293    59     4981.8000     5745.8825   243972   15.34%
    143   145     5735.8146    86     4981.8000     5745.8825   245302   15.34%
    160   162     5716.5960    38     4981.8000     5745.8825   246295   15.34%
    534   536     5709.2113    54     4981.8000     5745.8825   252000   15.34%
    550   552     5708.5868    58     4981.8000     5745.8825   253463   15.34%
    588   590     5744.0293    59     4981.8000     5745.8825   256556   15.34%
Elapsed time = 686.31 sec. (186201.52 ticks, tree = 7.70 MB, solutions = 3)
    620   622     5744.0293    59     4981.8000     5745.8825   257650   15.34%
    635   637     5744.0293    59     4981.8000     5745.8825   259447   15.34%
   1303  1305     5736.9116   103     4981.8000     5745.8825   269579   15.34%
   1319  1321     5742.8394    59     4981.8000     5745.8825   271918   15.34%
   1583  1585     5669.1584   106     4981.8000     5745.8825   280484   15.34%
   1684  1686     5737.5332    74     4981.8000     5745.8825   284223   15.34%
   1689  1691     5644.2633   103     4981.8000     5745.8825   286205   15.34%
   1700  1702     5737.3731    51     4981.8000     5745.8825   290591   15.34%
   2009  2011     5731.5030    45     4981.8000     5745.8825   305929   15.34%
   2017  2019     5725.2238    73     4981.8000     5745.8825   307225   15.34%
Elapsed time = 900.20 sec. (212367.99 ticks, tree = 48.40 MB, solutions = 3)
   2056  2058     5731.4402    27     4981.8000     5745.8825   313404   15.34%
   2104  2106     5731.4402    27     4981.8000     5745.8825   317258   15.34%
   2120  2122     5731.4402    27     4981.8000     5745.8825   318801   15.34%
   2390  2392     5712.5524    55     4981.8000     5745.8825   331670   15.34%
   2578  2580     5712.5532    26     4981.8000     5745.8825   339863   15.34%
   2646  2648     5645.1276    98     4981.8000     5745.8825   345228   15.34%
   2649  2651     5731.4402    27     4981.8000     5745.8825   345232   15.34%
   2736  2738     5717.3092    28     4981.8000     5745.8825   352641   15.34%
   2842  2844     5677.3590    39     4981.8000     5745.8825   359859   15.34%
   2850  2852     5677.0314    63     4981.8000     5745.8825   360574   15.34%
Elapsed time = 1107.08 sec. (241755.16 ticks, tree = 71.05 MB, solutions = 3)
   2858  2860     5671.9689    50     4981.8000     5745.8825   361587   15.34%
   2882  2884     5670.9816    46     4981.8000     5745.8825   364922   15.34%
   2995  2997     5712.5524    57     4981.8000     5745.8825   382393   15.34%
*  3300+ 2200                         5731.4000     5745.3508             0.24%

Implied bound cuts applied:  442
Flow cuts applied:  14396
Mixed integer rounding cuts applied:  9567
Flow path cuts applied:  1716
Gomory fractional cuts applied:  365

Root node processing (before b&c):
  Real time             =  450.36 sec. (144160.12 ticks)
Parallel b&c, 8 threads:
  Real time             =  797.59 sec. (128349.04 ticks)
  Sync time (average)   =  167.12 sec.
  Wait time (average)   =  167.37 sec.
                          ------------
Total (root+branch&cut) = 1247.94 sec. (272509.17 ticks)

<<< solve


OBJECTIVE: 5731.4
avg_utility = 0.711092

<<< post process


<<< done

