
<<< setup


<<< generate

Found incumbent of value 0.000000 after 0.01 sec. (2.75 ticks)
Tried aggregator 2 times.
MIP Presolve eliminated 109507 rows and 34659 columns.
MIP Presolve modified 6260 coefficients.
Aggregator did 10260 substitutions.
Reduced MIP has 6889 rows, 10642 columns, and 26292 nonzeros.
Reduced MIP has 2192 binaries, 2190 generals, 0 SOSs, and 0 indicators.
Presolve time = 0.28 sec. (126.16 ticks)
Probing time = 0.02 sec. (3.98 ticks)
Tried aggregator 1 time.
Reduced MIP has 6889 rows, 10642 columns, and 26292 nonzeros.
Reduced MIP has 2192 binaries, 2190 generals, 0 SOSs, and 0 indicators.
Presolve time = 0.04 sec. (17.32 ticks)
Probing time = 0.09 sec. (3.89 ticks)
Clique table members: 261.
MIP emphasis: balance optimality and feasibility.
MIP search method: dynamic search.
Parallel mode: deterministic, using up to 8 threads.
Root relaxation solution time = 0.17 sec. (152.61 ticks)

        Nodes                                         Cuts/
   Node  Left     Objective  IInf  Best Integer    Best Bound    ItCnt     Gap

*     0+    0                            0.0000    13293.2993              --- 
      0     0     1092.2753     6        0.0000     1092.2753     1431     --- 
*     0+    0                         1092.0524     1092.2753             0.02%

Root node processing (before b&c):
  Real time             =    0.92 sec. (442.73 ticks)
Parallel b&c, 8 threads:
  Real time             =    0.00 sec. (0.00 ticks)
  Sync time (average)   =    0.00 sec.
  Wait time (average)   =    0.00 sec.
                          ------------
Total (root+branch&cut) =    0.92 sec. (442.73 ticks)

<<< solve


OBJECTIVE: 1092.052
avg_utility = 0.33437

<<< post process


<<< done

