
<<< setup


<<< generate

Found incumbent of value 0,000000 after 0,02 sec. (23,56 ticks)
Aggregator has done 127947 substitutions...
Tried aggregator 11 times.
MIP Presolve eliminated 111735 rows and 489890 columns.
MIP Presolve modified 48033 coefficients.
Aggregator did 144501 substitutions.
Reduced MIP has 62716 rows, 138170 columns, and 401608 nonzeros.
Reduced MIP has 17880 binaries, 0 generals, 0 SOSs, and 0 indicators.
Presolve time = 16,77 sec. (13887,55 ticks)
Probing time = 0,03 sec. (5,87 ticks)
Tried aggregator 1 time.
Reduced MIP has 62716 rows, 138170 columns, and 401608 nonzeros.
Reduced MIP has 17880 binaries, 0 generals, 0 SOSs, and 0 indicators.
Presolve time = 0,28 sec. (221,01 ticks)
Probing time = 0,04 sec. (6,23 ticks)
MIP emphasis: balance optimality and feasibility.
MIP search method: dynamic search.
Parallel mode: deterministic, using up to 8 threads.
Root relaxation solution time = 2,51 sec. (1439,30 ticks)

        Nodes                                         Cuts/
   Node  Left     Objective  IInf  Best Integer    Best Bound    ItCnt     Gap

*     0+    0                         3609,0000    41121,0000              --- 
      0     0    16113,0000  2341     3609,0000    16113,0000     4420  346,47%
      0     0    14836,4086  1707     3609,0000    Cuts: 7077    49319  311,09%
      0     0    13694,9118  1826     3609,0000    Cuts: 5241    73616  279,47%
      0     0    12639,1150  2012     3609,0000    Cuts: 5333   104584  250,21%
*     0+    0                         9569,3143    12639,1150            32,08%
*     0+    0                        10030,3143    12639,1150            26,01%
*     0+    0                        10038,3143    12639,1150            25,91%
*     0+    0                        10038,5143    12639,1150            25,91%
*     0+    0                        10039,2571    12639,1150            25,90%
*     0+    0                        10040,0857    12639,1150            25,89%
      0     0    11740,5774  1708    10040,0857    Cuts: 5716   119416   16,94%
      0     0    11237,3686   656    10040,0857    Cuts: 4005   134741   11,93%
      0     0    11209,3494  1673    10040,0857    Cuts: 1637   138989   11,65%
      0     0    10885,0751   479    10040,0857    Cuts: 4631   192449    8,42%
      0     0    10796,7811    40    10040,0857    Cuts: 1160   219881    7,54%
      0     0    10789,7143    61    10040,0857     Cuts: 159   239116    7,47%
*     0+    0                        10618,2440    10789,7143             1,61%
*     0+    0                        10672,1417    10789,7143             1,10%
*     0+    0                        10718,3631    10789,7143             0,67%

Cover cuts applied:  1
Implied bound cuts applied:  1540
Flow cuts applied:  26928
Mixed integer rounding cuts applied:  5626
Flow path cuts applied:  37
Gomory fractional cuts applied:  299

Root node processing (before b&c):
  Real time             =  439,79 sec. (430691,49 ticks)
Parallel b&c, 8 threads:
  Real time             =    0,00 sec. (0,00 ticks)
  Sync time (average)   =    0,00 sec.
  Wait time (average)   =    0,00 sec.
                          ------------
Total (root+branch&cut) =  439,79 sec. (430691,49 ticks)

<<< solve


OBJECTIVE: 10718.36
avg_utility = 0.6652

<<< post process


<<< done

