
<<< setup


<<< generate

Found incumbent of value 0,000000 after 0,03 sec. (11,67 ticks)
Tried aggregator 3 times.
MIP Presolve eliminated 173751 rows and 255536 columns.
MIP Presolve modified 2336 coefficients.
Aggregator did 60461 substitutions.
Reduced MIP has 16753 rows, 33924 columns, and 102760 nonzeros.
Reduced MIP has 2035 binaries, 0 generals, 0 SOSs, and 0 indicators.
Presolve time = 3,38 sec. (1747,79 ticks)
Probing time = 0,03 sec. (1,34 ticks)
Tried aggregator 1 time.
Reduced MIP has 16753 rows, 33924 columns, and 102760 nonzeros.
Reduced MIP has 2035 binaries, 0 generals, 0 SOSs, and 0 indicators.
Presolve time = 0,13 sec. (53,29 ticks)
Probing time = 0,03 sec. (1,38 ticks)
MIP emphasis: balance optimality and feasibility.
MIP search method: dynamic search.
Parallel mode: deterministic, using up to 8 threads.
Root relaxation solution time = 1,48 sec. (477,31 ticks)

        Nodes                                         Cuts/
   Node  Left     Objective  IInf  Best Integer    Best Bound    ItCnt     Gap

*     0+    0                         1048,0000     9241,0000           781,77%
*     0+    0                         2216,1500     9241,0000           316,98%
      0     0     2260,3686    47     2216,1500     2260,3686     6645    2,00%
*     0+    0                         2260,3686     2260,3686             0,00%
*     0     0      integral     0     2260,3686     2260,3686     6645    0,00%
Elapsed time = 5,59 sec. (2581,78 ticks, tree = 0,00 MB, solutions = 3)

Root node processing (before b&c):
  Real time             =    5,64 sec. (2599,02 ticks)
Parallel b&c, 8 threads:
  Real time             =    0,00 sec. (0,00 ticks)
  Sync time (average)   =    0,00 sec.
  Wait time (average)   =    0,00 sec.
                          ------------
Total (root+branch&cut) =    5,64 sec. (2599,02 ticks)

<<< solve


OBJECTIVE: 2260.369
avg_utility = 0.598139

<<< post process


<<< done

