
<<< setup


<<< generate

Tried aggregator 2 times.
MIP Presolve eliminated 241949 rows and 130385 columns.
MIP Presolve modified 6492 coefficients.
Aggregator did 3245 substitutions.
Reduced MIP has 7141 rows, 13629 columns, and 26609 nonzeros.
Reduced MIP has 6353 binaries, 786 generals, 0 SOSs, and 0 indicators.
Presolve time = 0,14 sec. (162,08 ticks)
Found incumbent of value 0,000000 after 0,16 sec. (179,98 ticks)
Probing time = 0,01 sec. (3,75 ticks)
Tried aggregator 1 time.
Presolve time = 0,02 sec. (14,36 ticks)
Probing time = 0,05 sec. (3,75 ticks)
Clique table members: 518.
MIP emphasis: balance optimality and feasibility.
MIP search method: dynamic search.
Parallel mode: deterministic, using up to 24 threads.
Root relaxation solution time = 0,13 sec. (129,97 ticks)

        Nodes                                         Cuts/
   Node  Left     Objective  IInf  Best Integer    Best Bound    ItCnt     Gap

*     0+    0                            0,0000     5602,5637       20     --- 
      0     0     1200,7662     4        0,0000     1200,7662       20     --- 
      0     0     1200,7662     6        0,0000       Cuts: 3       22     --- 
      0     0     1200,7662    16        0,0000     Covers: 1       23     --- 
*     0+    0                         1200,6793     1200,7662       23    0,01%

Cover cuts applied:  2
Flow cuts applied:  1
Gomory fractional cuts applied:  1

Root node processing (before b&c):
  Real time             =    1,61 sec. (2339,97 ticks)
Parallel b&c, 24 threads:
  Real time             =    0,00 sec. (0,00 ticks)
  Sync time (average)   =    0,00 sec.
  Wait time (average)   =    0,00 sec.
                          ------------
Total (root+branch&cut) =    1,61 sec. (2339,97 ticks)

<<< solve


OBJECTIVE: 1200.679
avg_utility = 0.9193563162327663

<<< post process


<<< done

