
<<< setup


<<< generate

Found incumbent of value 0.000000 after 0.00 sec. (1.86 ticks)
Tried aggregator 2 times.
MIP Presolve eliminated 54715 rows and 35169 columns.
MIP Presolve modified 930 coefficients.
Aggregator did 6496 substitutions.
Reduced MIP has 1395 rows, 4176 columns, and 10208 nonzeros.
Reduced MIP has 2078 binaries, 1170 generals, 0 SOSs, and 0 indicators.
Presolve time = 0.12 sec. (55.46 ticks)
Probing time = 0.01 sec. (2.71 ticks)
Tried aggregator 1 time.
Reduced MIP has 1395 rows, 4176 columns, and 10208 nonzeros.
Reduced MIP has 2078 binaries, 1170 generals, 0 SOSs, and 0 indicators.
Presolve time = 0.02 sec. (7.55 ticks)
Probing time = 0.01 sec. (2.70 ticks)
Clique table members: 269.
MIP emphasis: balance optimality and feasibility.
MIP search method: dynamic search.
Parallel mode: deterministic, using up to 8 threads.
Root relaxation solution time = 0.05 sec. (35.89 ticks)

        Nodes                                         Cuts/
   Node  Left     Objective  IInf  Best Integer    Best Bound    ItCnt     Gap

*     0+    0                            0.0000     6992.1092              --- 
*     0+    0                          410.2984     6992.1092              --- 
      0     0     1121.9151     8      410.2984     1121.9151      761  173.44%
      0     0     1121.9151     2      410.2984      Fract: 2      762  173.44%
*     0+    0                         1121.8202     1121.9151             0.01%

Gomory fractional cuts applied:  2

Root node processing (before b&c):
  Real time             =    0.34 sec. (175.27 ticks)
Parallel b&c, 8 threads:
  Real time             =    0.00 sec. (0.00 ticks)
  Sync time (average)   =    0.00 sec.
  Wait time (average)   =    0.00 sec.
                          ------------
Total (root+branch&cut) =    0.34 sec. (175.27 ticks)

<<< solve


OBJECTIVE: 1121.82
avg_utility = 0.686969

<<< post process


<<< done

