
<<< setup


<<< generate

Presolve has eliminated 77891 rows and 103611 columns...
Tried aggregator 5 times.
MIP Presolve eliminated 210961 rows and 243691 columns.
MIP Presolve modified 17725 coefficients.
Aggregator did 38000 substitutions.
Reduced MIP has 26103 rows, 43356 columns, and 115496 nonzeros.
Reduced MIP has 9128 binaries, 2268 generals, 0 SOSs, and 0 indicators.
Presolve time = 4,36 sec. (13283,90 ticks)
Found incumbent of value 0,000000 after 4,59 sec. (13531,53 ticks)
Probing time = 0,01 sec. (5,11 ticks)
Tried aggregator 4 times.
MIP Presolve eliminated 8106 rows and 8260 columns.
MIP Presolve modified 6390 coefficients.
Aggregator did 6580 substitutions.
Reduced MIP has 11417 rows, 28516 columns, and 77272 nonzeros.
Reduced MIP has 9128 binaries, 2268 generals, 0 SOSs, and 0 indicators.
Presolve time = 0,35 sec. (397,03 ticks)
Probing time = 0,07 sec. (6,72 ticks)
Clique table members: 478.
MIP emphasis: balance optimality and feasibility.
MIP search method: dynamic search.
Parallel mode: deterministic, using up to 24 threads.
Root relaxation solution time = 0,27 sec. (258,20 ticks)

        Nodes                                         Cuts/
   Node  Left     Objective  IInf  Best Integer    Best Bound    ItCnt     Gap

*     0+    0                            0,0000    14010,6991     3715     --- 
      0     0     2886,9989    64        0,0000     2886,9989     3715     --- 
*     0+    0                         2821,6071     2886,9989     4360    2,32%
      0     0     2886,9989    89     2821,6071      Cuts: 31     4360    2,32%
      0     0     2885,9774    68     2821,6071     Cuts: 143     4971    2,28%
      0     0     2883,9931    74     2821,6071      Cuts: 38     5539    2,21%
*     0+    0                         2876,8749     2883,9931     5539    0,25%
*     0+    0                         2877,2581     2883,9931     5539    0,23%
      0     0     2883,1411    69     2877,2581      Cuts: 36     5594    0,20%
      0     0     2882,7587    52     2877,2581      Cuts: 15     5645    0,19%
      0     0     2882,7299    48     2877,2581      Cuts: 12     5662    0,19%
      0     2     2882,7299    41     2877,2581     2882,7299     5662    0,19%
Elapsed time = 10,10 sec. (20398,75 ticks, tree = 0,01 MB, solutions = 4)
      2     4     2880,2348    59     2877,2581     2882,7299     9753    0,19%
      3     5     2880,4413    76     2877,2581     2881,8146    10630    0,16%
*     4+    4                         2878,3933     2881,8146    10649    0,12%
      5     7     2879,6062    49     2878,3933     2881,8146    12355    0,12%
     12    12     2879,0440    39     2878,3933     2880,4408    13083    0,07%
     16    12     2878,4179    16     2878,3933     2880,4408    14252    0,07%
     20    11     2878,5363    29     2878,3933     2880,4408    15165    0,07%
     33    12        cutoff           2878,3933     2880,4408    15735    0,07%
     50     7        cutoff           2878,3933     2880,4408    16444    0,07%

Implied bound cuts applied:  151
Flow cuts applied:  13
Mixed integer rounding cuts applied:  8
Gomory fractional cuts applied:  62

Root node processing (before b&c):
  Real time             =    4,67 sec. (5324,13 ticks)
Parallel b&c, 24 threads:
  Real time             =    4,07 sec. (3846,63 ticks)
  Sync time (average)   =    0,06 sec.
  Wait time (average)   =    0,00 sec.
                          ------------
Total (root+branch&cut) =    8,74 sec. (9170,76 ticks)

<<< solve


OBJECTIVE: 2878.393
avg_utility = 0.8813206601347099

<<< post process


<<< done

