
<<< setup


<<< generate

Found incumbent of value 0,000000 after 0,02 sec. (21,11 ticks)
Aggregator has done 92013 substitutions...
Tried aggregator 10 times.
MIP Presolve eliminated 119074 rows and 410646 columns.
MIP Presolve modified 26231 coefficients.
Aggregator did 114504 substitutions.
Reduced MIP has 70362 rows, 162307 columns, and 515897 nonzeros.
Reduced MIP has 18425 binaries, 0 generals, 0 SOSs, and 0 indicators.
Presolve time = 17,70 sec. (14467,29 ticks)
Probing time = 0,04 sec. (7,13 ticks)
Tried aggregator 1 time.
Reduced MIP has 70362 rows, 162307 columns, and 515897 nonzeros.
Reduced MIP has 18425 binaries, 0 generals, 0 SOSs, and 0 indicators.
Presolve time = 0,35 sec. (267,35 ticks)
Probing time = 0,05 sec. (7,57 ticks)
MIP emphasis: balance optimality and feasibility.
MIP search method: dynamic search.
Parallel mode: deterministic, using up to 8 threads.
Root relaxation solution time = 4,02 sec. (3599,95 ticks)

        Nodes                                         Cuts/
   Node  Left     Objective  IInf  Best Integer    Best Bound    ItCnt     Gap

*     0+    0                            0,0000    38320,4931              --- 
      0     0     9396,0000  1953        0,0000     9396,0000     6106     --- 
      0     0     9187,9111  1633        0,0000    Cuts: 5952    77216     --- 
      0     0     9012,9833  1536        0,0000    Cuts: 4943   101767     --- 
      0     0     8841,2797  1364        0,0000    Cuts: 4516   166031     --- 
*     0+    0                         6634,5961     8841,2797            33,26%
*     0+    0                         6659,0770     8841,2797            32,77%
*     0+    0                         6688,9604     8841,2797            32,18%
*     0+    0                         6691,1402     8841,2797            32,13%
      0     0     8699,9600  1300     6691,1402    Cuts: 3875   198159   30,02%
      0     0     8602,8395   446     6691,1402    Cuts: 3921   236260   28,57%
      0     0     8567,4439   138     6691,1402    Cuts: 1384   292959   28,04%
*     0+    0                         8238,0081     8567,4439             4,00%
*     0+    0                         8253,0990     8567,4439             3,81%
*     0+    0                         8264,4804     8567,4439             3,67%
*     0+    0                         8268,7433     8567,4439             3,61%
*     0+    0                         8274,0039     8567,4439             3,55%
      0     0     8564,3821   203     8274,0039     Cuts: 607   314337    3,51%
      0     0     8563,8611   231     8274,0039    Cuts: 1441   354347    3,50%
*     0+    0                         8410,9726     8563,8611             1,82%
      0     0     8563,6577   232     8410,9726     Cuts: 996   371803    1,82%
*     0+    0                         8516,8647     8563,6577             0,55%

Implied bound cuts applied:  937
Flow cuts applied:  20726
Mixed integer rounding cuts applied:  3891
Flow path cuts applied:  459
Gomory fractional cuts applied:  277

Root node processing (before b&c):
  Real time             =  665,30 sec. (520833,48 ticks)
Parallel b&c, 8 threads:
  Real time             =    0,00 sec. (0,00 ticks)
  Sync time (average)   =    0,00 sec.
  Wait time (average)   =    0,00 sec.
                          ------------
Total (root+branch&cut) =  665,30 sec. (520833,48 ticks)

<<< solve


OBJECTIVE: 8516.865
avg_utility = 0.906435

<<< post process


<<< done

