
<<< setup


<<< generate

Found incumbent of value 0,000000 after 0,01 sec. (7,72 ticks)
Tried aggregator 5 times.
MIP Presolve eliminated 365163 rows and 143585 columns.
Aggregator did 8107 substitutions.
Reduced MIP has 738 rows, 3685 columns, and 7370 nonzeros.
Reduced MIP has 0 binaries, 0 generals, 0 SOSs, and 0 indicators.
Presolve time = 0,40 sec. (482,92 ticks)
Tried aggregator 1 time.
MIP Presolve eliminated 714 rows and 3570 columns.
Reduced MIP has 24 rows, 115 columns, and 230 nonzeros.
Reduced MIP has 0 binaries, 0 generals, 0 SOSs, and 0 indicators.
Presolve time = 0,01 sec. (8,32 ticks)
Tried aggregator 1 time.
Reduced MIP has 24 rows, 115 columns, and 230 nonzeros.
Reduced MIP has 0 binaries, 0 generals, 0 SOSs, and 0 indicators.
Presolve time = 0,01 sec. (4,29 ticks)
MIP emphasis: balance optimality and feasibility.
MIP search method: dynamic search.
Parallel mode: deterministic, using up to 24 threads.
Root relaxation solution time = 0,00 sec. (0,11 ticks)

        Nodes                                         Cuts/
   Node  Left     Objective  IInf  Best Integer    Best Bound    ItCnt     Gap

*     0+    0                            0,0000     3965,4000              --- 
*     0     0      integral     0      326,6500      326,6500       45    0,00%
Elapsed time = 0,44 sec. (513,08 ticks, tree = 0,00 MB, solutions = 2)

Root node processing (before b&c):
  Real time             =    0,44 sec. (518,83 ticks)
Parallel b&c, 24 threads:
  Real time             =    0,00 sec. (0,00 ticks)
  Sync time (average)   =    0,00 sec.
  Wait time (average)   =    0,00 sec.
                          ------------
Total (root+branch&cut) =    0,44 sec. (518,83 ticks)

<<< solve


OBJECTIVE: 326.65
avg_utility = 0.200031

<<< post process


<<< done

