
<<< setup


<<< generate

Found incumbent of value 0,000000 after 0,02 sec. (7,44 ticks)
Tried aggregator 2 times.
MIP Presolve eliminated 236144 rows and 141864 columns.
MIP Presolve modified 7720 coefficients.
Aggregator did 7717 substitutions.
Reduced MIP has 20578 rows, 32148 columns, and 77156 nonzeros.
Reduced MIP has 6430 binaries, 0 generals, 0 SOSs, and 0 indicators.
Presolve time = 0,28 sec. (227,74 ticks)
Probing time = 0,01 sec. (1,62 ticks)
Tried aggregator 1 time.
Reduced MIP has 20578 rows, 32148 columns, and 77156 nonzeros.
Reduced MIP has 6430 binaries, 0 generals, 0 SOSs, and 0 indicators.
Presolve time = 0,06 sec. (43,15 ticks)
Probing time = 0,02 sec. (1,62 ticks)
MIP emphasis: balance optimality and feasibility.
MIP search method: dynamic search.
Parallel mode: deterministic, using up to 24 threads.
Root relaxation solution time = 0,11 sec. (85,58 ticks)

        Nodes                                         Cuts/
   Node  Left     Objective  IInf  Best Integer    Best Bound    ItCnt     Gap

*     0+    0                            0,0000     9798,0000              --- 
      0     0     3266,0000  1198        0,0000     3266,0000     1286     --- 
*     0+    0                         2014,8960     3266,0000            62,09%
      0     0     3044,0734  1060     2014,8960    Cuts: 2596     3540   51,08%
*     0+    0                         2023,3000     3044,0734            50,45%
      0     0     2803,7202  1053     2023,3000    Cuts: 2322     5195   38,57%
      0     0     2576,4063  1051     2023,3000    Cuts: 2106     7111   27,34%
*     0+    0                         2051,0286     2576,4063            25,62%
      0     0     2389,6003   506     2051,0286    Cuts: 2103     9681   16,51%
      0     0     2269,6261   511     2051,0286    Cuts: 1011    10960   10,66%
*     0+    0                         2072,5000     2269,6261             9,51%
      0     0     2248,7334   583     2072,5000    Cuts: 1023    11556    8,50%
*     0+    0                         2075,2000     2248,7334             8,36%
      0     0     2191,2184   206     2075,2000    Cuts: 1167    12583    5,59%
      0     0     2157,6382    42     2075,2000     Cuts: 414    13070    3,97%
      0     0     2144,1500     2     2075,2000     Cuts: 121    13450    3,32%
      0     2     2144,1500     2     2075,2000     2144,1500    13450    3,32%
Elapsed time = 12,63 sec. (16217,44 ticks, tree = 0,00 MB, solutions = 6)
      3     5     2144,1500     1     2075,2000     2144,1500    13537    3,32%
*     5     5      integral     0     2144,1500     2144,1500    13590    0,00%

Cover cuts applied:  1
Implied bound cuts applied:  41
Flow cuts applied:  9757
Mixed integer rounding cuts applied:  2662
Gomory fractional cuts applied:  400

Root node processing (before b&c):
  Real time             =   12,35 sec. (16172,21 ticks)
Parallel b&c, 24 threads:
  Real time             =    0,92 sec. (682,07 ticks)
  Sync time (average)   =    0,30 sec.
  Wait time (average)   =    0,36 sec.
                          ------------
Total (root+branch&cut) =   13,28 sec. (16854,28 ticks)

<<< solve


OBJECTIVE: 2144.15
avg_utility = 0.656506

<<< post process


<<< done

