
<<< setup


<<< generate

Tried aggregator 2 times.
MIP Presolve eliminated 152340 rows and 148491 columns.
MIP Presolve modified 313 coefficients.
Aggregator did 4772 substitutions.
Reduced MIP has 926 rows, 2772 columns, and 5236 nonzeros.
Reduced MIP has 1586 binaries, 570 generals, 0 SOSs, and 0 indicators.
Presolve time = 0,91 sec. (2953,76 ticks)
Found incumbent of value 0,000000 after 0,93 sec. (2963,00 ticks)
Probing time = 0,00 sec. (0,75 ticks)
Tried aggregator 1 time.
Presolve time = 0,00 sec. (4,28 ticks)
Probing time = 0,00 sec. (0,75 ticks)
Clique table members: 213.
MIP emphasis: balance optimality and feasibility.
MIP search method: dynamic search.
Parallel mode: deterministic, using up to 24 threads.
Root relaxation solution time = 0,01 sec. (9,58 ticks)

        Nodes                                         Cuts/
   Node  Left     Objective  IInf  Best Integer    Best Bound    ItCnt     Gap

*     0+    0                            0,0000     3504,8197      449     --- 
*     0+    0                          282,9927     3504,8197      449     --- 
*     0     0      integral     0      634,9323      634,9323      449    0,00%
Elapsed time = 0,98 sec. (2993,52 ticks, tree = 0,00 MB, solutions = 3)

Root node processing (before b&c):
  Real time             =    0,04 sec. (24,22 ticks)
Parallel b&c, 24 threads:
  Real time             =    0,00 sec. (0,00 ticks)
  Sync time (average)   =    0,00 sec.
  Wait time (average)   =    0,00 sec.
                          ------------
Total (root+branch&cut) =    0,04 sec. (24,22 ticks)

<<< solve


OBJECTIVE: 634.9323
avg_utility = 0.7771508935128476

<<< post process


<<< done

