
<<< setup


<<< generate

Tried aggregator 5 times.
MIP Presolve eliminated 202971 rows and 200709 columns.
MIP Presolve modified 17709 coefficients.
Aggregator did 46000 substitutions.
Reduced MIP has 26093 rows, 38348 columns, and 99220 nonzeros.
Reduced MIP has 4120 binaries, 2268 generals, 0 SOSs, and 0 indicators.
Presolve time = 1,46 sec. (1714,87 ticks)
Found incumbent of value 0,000000 after 1,68 sec. (1982,81 ticks)
Probing time = 0,01 sec. (2,62 ticks)
Tried aggregator 4 times.
MIP Presolve eliminated 8106 rows and 8260 columns.
MIP Presolve modified 6390 coefficients.
Aggregator did 6580 substitutions.
Reduced MIP has 11407 rows, 23508 columns, and 60996 nonzeros.
Reduced MIP has 4120 binaries, 2268 generals, 0 SOSs, and 0 indicators.
Presolve time = 0,29 sec. (402,40 ticks)
Probing time = 0,01 sec. (2,67 ticks)
Tried aggregator 1 time.
Reduced MIP has 11407 rows, 23508 columns, and 60996 nonzeros.
Reduced MIP has 4120 binaries, 2268 generals, 0 SOSs, and 0 indicators.
Presolve time = 0,04 sec. (39,65 ticks)
Probing time = 0,01 sec. (2,67 ticks)
Clique table members: 478.
MIP emphasis: balance optimality and feasibility.
MIP search method: dynamic search.
Parallel mode: deterministic, using up to 8 threads.
Root relaxation solution time = 0,24 sec. (317,94 ticks)

        Nodes                                         Cuts/
   Node  Left     Objective  IInf  Best Integer    Best Bound    ItCnt     Gap

*     0+    0                            0,0000     9798,0000              --- 
      0     0     1988,4250   139        0,0000     1988,4250       30     --- 
      0     0     1985,7738   149        0,0000     Cuts: 231      868     --- 
      0     0     1913,5235   169        0,0000     Cuts: 142     1624     --- 
      0     0     1861,4564   158        0,0000     Cuts: 105     2343     --- 
*     0+    0                         1703,6000     1861,4564             9,27%
      0     0     1830,7197   136     1703,6000     Cuts: 104     2501    7,46%
      0     0     1808,6193   125     1703,6000      Cuts: 82     2688    6,16%
      0     0     1803,4455   107     1703,6000      Cuts: 58     2767    5,86%
      0     0     1801,2756   110     1703,6000      Cuts: 27     2811    5,73%
      0     0     1797,2043    98     1703,6000      Cuts: 20     2849    5,49%
      0     0     1795,8719    94     1703,6000      Cuts: 19     2890    5,42%
      0     0     1794,3678    90     1703,6000      Cuts: 10     2911    5,33%
      0     0     1793,7826    89     1703,6000       Cuts: 5     2919    5,29%
      0     0     1793,7826    89     1703,6000   Impl Bds: 1     2920    5,29%
      0     0     1793,6974    90     1703,6000   Impl Bds: 1     2931    5,29%
*     0+    0                         1765,0000     1793,6974             1,63%
*     0+    0                         1780,0000     1785,4668             0,31%

Repeating presolve.
Tried aggregator 1 time.
MIP Presolve eliminated 5965 rows and 9146 columns.
MIP Presolve modified 38 coefficients.
Reduced MIP has 5442 rows, 14362 columns, and 32743 nonzeros.
Reduced MIP has 2928 binaries, 2267 generals, 0 SOSs, and 0 indicators.
Presolve time = 0,03 sec. (28,35 ticks)
Probing time = 0,00 sec. (1,46 ticks)
Tried aggregator 1 time.
Reduced MIP has 5442 rows, 14362 columns, and 32743 nonzeros.
Reduced MIP has 2928 binaries, 2267 generals, 0 SOSs, and 0 indicators.
Presolve time = 0,02 sec. (18,64 ticks)
Represolve time = 0,08 sec. (85,61 ticks)
Probing time = 0,00 sec. (1,46 ticks)
Clique table members: 478.
MIP emphasis: balance optimality and feasibility.
MIP search method: dynamic search.
Parallel mode: deterministic, using up to 8 threads.
Root relaxation solution time = 0,08 sec. (115,03 ticks)

        Nodes                                         Cuts/
   Node  Left     Objective  IInf  Best Integer    Best Bound    ItCnt     Gap

*     0+    0                         1780,0000     1784,4846             0,25%
      0     0     1793,6974    99     1780,0000     1784,4846     5315    0,25%
      0     0        cutoff           1780,0000                   6813    0,00%
Elapsed time = 10,01 sec. (11670,72 ticks, tree = 0,00 MB, solutions = 4)

Implied bound cuts applied:  170
Flow cuts applied:  17
Mixed integer rounding cuts applied:  64
Lift and project cuts applied:  19
Gomory fractional cuts applied:  16

Root node processing (before b&c):
  Real time             =   10,02 sec. (11684,81 ticks)
Parallel b&c, 8 threads:
  Real time             =    0,00 sec. (0,00 ticks)
  Sync time (average)   =    0,00 sec.
  Wait time (average)   =    0,00 sec.
                          ------------
Total (root+branch&cut) =   10,02 sec. (11684,81 ticks)

<<< solve


OBJECTIVE: 1780
avg_utility = 0.545009

<<< post process


<<< done

