
<<< setup


<<< generate

Presolve has eliminated 77881 rows and 103601 columns...
Tried aggregator 5 times.
MIP Presolve eliminated 210971 rows and 243701 columns.
MIP Presolve modified 17703 coefficients.
Aggregator did 38000 substitutions.
Reduced MIP has 26093 rows, 43356 columns, and 109236 nonzeros.
Reduced MIP has 9128 binaries, 2268 generals, 0 SOSs, and 0 indicators.
Presolve time = 3,29 sec. (13335,02 ticks)
Found incumbent of value 0,000000 after 3,51 sec. (13603,91 ticks)
Probing time = 0,02 sec. (2,31 ticks)
Tried aggregator 4 times.
MIP Presolve eliminated 8106 rows and 8260 columns.
MIP Presolve modified 6390 coefficients.
Aggregator did 6580 substitutions.
Reduced MIP has 11407 rows, 28516 columns, and 71012 nonzeros.
Reduced MIP has 9128 binaries, 2268 generals, 0 SOSs, and 0 indicators.
Presolve time = 0,31 sec. (416,22 ticks)
Probing time = 0,01 sec. (3,05 ticks)
Tried aggregator 1 time.
Reduced MIP has 11407 rows, 28516 columns, and 71012 nonzeros.
Reduced MIP has 9128 binaries, 2268 generals, 0 SOSs, and 0 indicators.
Presolve time = 0,04 sec. (44,62 ticks)
Probing time = 0,01 sec. (3,05 ticks)
Clique table members: 478.
MIP emphasis: balance optimality and feasibility.
MIP search method: dynamic search.
Parallel mode: deterministic, using up to 8 threads.
Root relaxation solution time = 0,31 sec. (391,76 ticks)

        Nodes                                         Cuts/
   Node  Left     Objective  IInf  Best Integer    Best Bound    ItCnt     Gap

*     0+    0                            0,0000     9798,0000              --- 
      0     0     2181,6100    57        0,0000     2181,6100     2951     --- 
      0     0     2181,6100    47        0,0000      Cuts: 20     5186     --- 
      0     0     2179,3498    53        0,0000      Cuts: 98     5556     --- 
      0     0     2170,5107    24        0,0000      Cuts: 65     5726     --- 
*     0+    0                         2145,0000     2170,5107             1,19%
*     0+    0                         2145,2000     2170,5107             1,18%
*     0+    0                         2145,4000     2170,5107             1,17%
      0     0     2167,8582    22     2145,4000      Cuts: 23     5767    1,05%
      0     0     2167,5405    31     2145,4000      Cuts: 15     5796    1,03%
      0     0     2166,8651    29     2145,4000      Cuts: 18     5876    1,00%
      0     0     2164,7693    33     2145,4000      Cuts: 14     6178    0,90%
*     0+    0                         2147,2000     2164,7693             0,82%
      0     0     2164,3515    36     2147,2000      Cuts: 17     6409    0,80%
      0     0     2164,2239    39     2147,2000       Cuts: 8     6440    0,79%
      0     0     2164,2177    45     2147,2000       Cuts: 5     6446    0,79%
*     0+    0                         2156,6000     2164,2177             0,35%
      0     2     2164,2177    45     2156,6000     2163,8210     6446    0,33%
Elapsed time = 21,25 sec. (27441,72 ticks, tree = 0,00 MB, solutions = 6)
      4     6     2164,1698    42     2156,6000     2163,8210     6726    0,33%
      9    11     2164,1262    38     2156,6000     2163,8210     7151    0,33%
     18    16     2161,3929    39     2156,6000     2163,8210     9436    0,33%
     30    24     2163,2914    27     2156,6000     2163,8210    13156    0,33%
     38    28     2160,0802    20     2156,6000     2163,8210    15161    0,33%
     89    58     2157,2272    30     2156,6000     2163,8210    20785    0,33%
    151    98     2157,1489    14     2156,6000     2163,8210    24036    0,33%
    211   124     2158,0593    11     2156,6000     2163,8210    29248    0,33%
    280   181     2157,5286    13     2156,6000     2163,8210    32941    0,33%
    555   419     2158,2873    16     2156,6000     2160,5854    45437    0,18%
Elapsed time = 27,51 sec. (31147,59 ticks, tree = 2,59 MB, solutions = 6)
    806   614     2158,3698    24     2156,6000     2160,5854    54469    0,18%
    982   774        cutoff           2156,6000     2160,5854    64857    0,18%
   1404  1132     2157,8707    11     2156,6000     2160,5854    79300    0,18%
   1537  1236     2157,1758     9     2156,6000     2160,5854    84175    0,18%
   1877  1513     2157,7896    14     2156,6000     2160,5854    98721    0,18%
   2289  1815     2156,8937    11     2156,6000     2158,6028   115186    0,09%
   2638  2094     2157,0000     9     2156,6000     2158,5440   129025    0,09%
   3021  2402     2157,8616    21     2156,6000     2158,5318   138692    0,09%
   3408  2722     2161,9812    60     2156,6000     2158,4881   163784    0,09%
   3413  1816     2158,5691    25     2156,6000     2158,4881   164483    0,09%
Elapsed time = 57,70 sec. (49698,37 ticks, tree = 19,41 MB, solutions = 6)
   3420  1366     2158,2054    15     2156,6000     2158,4881   164689    0,09%
   3430  1372     2158,4397    30     2156,6000     2158,4881   165074    0,09%
   3453  1390     2158,4126    28     2156,6000     2158,4881   165501    0,09%
   3501  1410     2158,0351    19     2156,6000     2158,4881   171887    0,09%
   3613  1422     2158,0295    15     2156,6000     2158,4881   175211    0,09%
   3791  1412     2158,0908    29     2156,6000     2158,4881   179479    0,09%
   4147  1490     2157,2508    17     2156,6000     2158,4881   189348    0,09%
   4533  1589     2157,3785    31     2156,6000     2158,4881   201525    0,09%
   4725  1638     2158,2167    14     2156,6000     2158,4881   210708    0,09%
   4865  1685        cutoff           2156,6000     2158,4881   214180    0,09%
Elapsed time = 73,17 sec. (60030,20 ticks, tree = 12,50 MB, solutions = 6)
   5320  1834     2156,8274    26     2156,6000     2158,4881   225467    0,09%
   5991  2132     2156,8280    14     2156,6000     2158,4865   238485    0,09%
   6013  2133     2157,8857    18     2156,6000     2158,4865   238878    0,09%
   6625  2558     2158,0885    28     2156,6000     2158,4313   252112    0,08%
   7196  3041     2157,3549    21     2156,6000     2158,4072   267245    0,08%
   7669  3422     2157,4190    24     2156,6000     2158,3944   279138    0,08%
   8015  3689     2156,8182    10     2156,6000     2158,3827   287763    0,08%
   8642  4221        cutoff           2156,6000     2158,3821   299840    0,08%
   9083  4591     2157,6404    12     2156,6000     2158,3821   313255    0,08%
   9245  4721     2158,1390    15     2156,6000     2158,3821   321693    0,08%
Elapsed time = 96,55 sec. (71038,63 ticks, tree = 28,77 MB, solutions = 6)
   9648  5016        cutoff           2156,6000     2158,3600   335865    0,08%
  10319  5554     2156,8500     2     2156,6000     2158,3600   351136    0,08%
  10431  5648     2156,8500     2     2156,6000     2158,3600   355832    0,08%
  11098  6236        cutoff           2156,6000     2158,3447   372845    0,08%
  11130  6254        cutoff           2156,6000     2158,3447   374223    0,08%
  11765  6755     2157,4102    12     2156,6000     2158,3447   393218    0,08%
  11842  6808        cutoff           2156,6000     2158,3447   398161    0,08%
  12222  7120        cutoff           2156,6000     2158,3321   408068    0,08%
  12382  7270     2156,8000     2     2156,6000     2158,3321   410610    0,08%
  13046  7813     2156,9000    11     2156,6000     2158,3233   431031    0,08%
Elapsed time = 119,82 sec. (81350,95 ticks, tree = 49,83 MB, solutions = 6)
  13515  8203     2158,0776    17     2156,6000     2158,3233   443681    0,08%
  14507  9096     2156,8700     6     2156,6000     2158,3144   464594    0,08%
  14811  9368     2157,5091    21     2156,6000     2158,3144   472741    0,08%
  15330  9782     2158,0667    14     2156,6000     2158,3144   487350    0,08%
  15599 10015     2157,3053    15     2156,6000     2158,3144   492663    0,08%
  16353 10615     2157,2524    15     2156,6000     2158,2997   508143    0,08%
  16585 10789     2157,1316    13     2156,6000     2158,2997   513469    0,08%
  17448 11512     2157,0031     8     2156,6000     2158,2893   537253    0,08%
  17746 11721     2157,1625    16     2156,6000     2158,2893   546635    0,08%
  18066 11974     2157,5500    12     2156,6000     2158,2893   556863    0,08%
Elapsed time = 143,04 sec. (91326,15 ticks, tree = 80,25 MB, solutions = 6)
  18835 12632     2156,8332    26     2156,6000     2158,2595   574052    0,08%
  19046 12797     2158,1604    12     2156,6000     2158,2595   579613    0,08%
  19514 13154     2156,8261     8     2156,6000     2158,2497   587747    0,08%
  20114 13668     2157,7667     6     2156,6000     2158,2497   599043    0,08%
  21467 14823     2156,9500    11     2156,6000     2158,2333   618600    0,08%
  21835 15130     2156,9799    16     2156,6000     2158,2333   627192    0,08%
  22566 15745     2157,1629    24     2156,6000     2158,2273   642939    0,08%
  23381 16429     2156,8505    30     2156,6000     2158,2273   655159    0,08%
  24133 17061     2157,2056    11     2156,6000     2158,2169   668467    0,07%
  24546 17385     2157,8300    13     2156,6000     2158,2169   675199    0,07%
Elapsed time = 167,18 sec. (101196,50 ticks, tree = 121,82 MB, solutions = 6)
  25439 18067     2157,8403    20     2156,6000     2158,1989   695255    0,07%
  26086 18606     2158,0222    16     2156,6000     2158,1989   704625    0,07%
  27014 19360     2157,8479    11     2156,6000     2158,1873   721799    0,07%
  27703 19929     2157,8100    13     2156,6000     2158,1873   734753    0,07%
  28499 20566        cutoff           2156,6000     2158,1800   750805    0,07%
  28759 20771     2158,0448    14     2156,6000     2158,1800   756297    0,07%
  29619 21483     2157,4853    16     2156,6000     2158,1735   776346    0,07%
  29943 21724     2157,8996    23     2156,6000     2158,1735   786508    0,07%
  30750 22402     2157,2000     2     2156,6000     2158,1687   806445    0,07%
  31118 22697     2156,9406    16     2156,6000     2158,1687   813507    0,07%
Elapsed time = 190,77 sec. (111059,61 ticks, tree = 163,27 MB, solutions = 6)
  31741 23199     2156,9133     5     2156,6000     2158,1591   824729    0,07%
  32277 23625     2157,6169    20     2156,6000     2158,1591   833970    0,07%
  33289 24424     2157,2643     9     2156,6000     2158,1563   852245    0,07%
  34090 25056     2157,3557     7     2156,6000     2158,1563   863687    0,07%
  34739 25527     2156,8479    10     2156,6000     2158,1472   876922    0,07%
  35828 26427     2157,6135    25     2156,6000     2158,1377   895818    0,07%
  35834 26429        cutoff           2156,6000     2158,1377   895924    0,07%
  35836 26431     2159,3325    65     2156,6000     2158,1377   904306    0,07%
  35843 17621     2158,3531    20     2156,6000     2158,1377   904876    0,07%
  35855 15426     2158,5787    19     2156,6000     2158,1377   905203    0,07%
Elapsed time = 257,43 sec. (160541,48 ticks, tree = 121,36 MB, solutions = 6)
  35870 15427     2157,3000    17     2156,6000     2158,1377   905532    0,07%
  35903 15435     2158,5758    23     2156,6000     2158,1377   906732    0,07%
  35939 14679     2158,0552    19     2156,6000     2158,1377   909115    0,07%
  36004 13995     2158,4716    11     2156,6000     2158,1377   911080    0,07%
  36054 13761     2157,4095    12     2156,6000     2158,1377   913326    0,07%
  36101 13773     2158,0921    20     2156,6000     2158,1377   914756    0,07%
  36172 13626     2157,2240    15     2156,6000     2158,1377   916861    0,07%
  36214 13630     2157,9607    17     2156,6000     2158,1377   917334    0,07%
  36314 13220     2157,9041    15     2156,6000     2158,1377   923759    0,07%
  36793 12855     2157,6937    13     2156,6000     2158,1377   936621    0,07%
Elapsed time = 279,86 sec. (173751,37 ticks, tree = 100,15 MB, solutions = 6)
  37385 12739     2156,8000    12     2156,6000     2158,1377   955788    0,07%
  37946 12470     2157,4000    13     2156,6000     2158,1377   977756    0,07%
  38628 12509     2157,1486    10     2156,6000     2158,1377   997323    0,07%
  39717 12680     2157,4216    14     2156,6000     2158,1377  1030984    0,07%
  41000 12904     2157,2857     4     2156,6000     2158,1377  1059714    0,07%
  42630 13312     2157,2955     9     2156,6000     2158,1377  1096269    0,07%
* 43104+10609                         2156,8000     2158,1377             0,06%
  44172 10280     2158,0306    16     2156,8000     2158,1377  1126432    0,06%
  46922 11148     2157,8135    20     2156,8000     2158,1377  1173810    0,06%
  48912 11706     2157,2500    12     2156,8000     2158,1377  1218693    0,06%
  50638 12174     2157,2000     8     2156,8000     2158,1377  1259880    0,06%
Elapsed time = 362,86 sec. (213195,37 ticks, tree = 80,29 MB, solutions = 7)
  52373 12412        cutoff           2156,8000     2158,1377  1306782    0,06%
  54277 12876     2157,0514     8     2156,8000     2158,1377  1351351    0,06%
  56087 13983     2157,5643    10     2156,8000     2158,1377  1406770    0,06%
  58096 15467     2157,3740    16     2156,8000     2158,1377  1463626    0,06%
  59406 16379     2157,0229    11     2156,8000     2158,1377  1504106    0,06%
  61575 17926     2157,5683    12     2156,8000     2158,1377  1551212    0,06%
  63553 19457     2157,5914    14     2156,8000     2158,1377  1594602    0,06%
  65711 21084     2157,9941    25     2156,8000     2158,1377  1642512    0,06%
  67681 22551     2157,6581    11     2156,8000     2158,1377  1688739    0,06%
  69526 23863     2157,4561    16     2156,8000     2158,1357  1725870    0,06%
Elapsed time = 450,28 sec. (251610,74 ticks, tree = 166,26 MB, solutions = 7)
  71796 25580     2157,5844    18     2156,8000     2158,1239  1775443    0,06%
  74269 27451     2157,7495    14     2156,8000     2158,1063  1829513    0,06%
  75536 28367     2157,2348     9     2156,8000     2158,1003  1859345    0,06%
* 75587+28401                         2157,0000     2158,1003             0,05%
  77324 23825     2157,8361    23     2157,0000     2158,0969  1911709    0,05%
  79017 25208     2157,6896    21     2157,0000     2158,0969  1958092    0,05%
  80502 26382     2157,3646    15     2157,0000     2158,0969  2009629    0,05%
  81965 27402     2157,2000    10     2157,0000     2158,0954  2045407    0,05%
  83570 28502     2157,6080     7     2157,0000     2158,0917  2086440    0,05%
  85769 30036     2157,5704     6     2157,0000     2158,0846  2138002    0,05%
  88207 31761     2157,3427    21     2157,0000     2158,0800  2196530    0,05%
Elapsed time = 536,81 sec. (289971,84 ticks, tree = 218,27 MB, solutions = 8)
  90042 33095     2157,5263    16     2157,0000     2158,0724  2244405    0,05%
  91532 34086        cutoff           2157,0000     2158,0718  2285936    0,05%
  93635 35516     2157,2000    11     2157,0000     2158,0677  2343787    0,05%
  95593 36872     2157,4802    27     2157,0000     2158,0600  2394562    0,05%
  97056 37940     2157,2000    10     2157,0000     2158,0554  2435026    0,05%
  98967 39326     2157,5849    13     2157,0000     2158,0554  2479421    0,05%
 101399 40852        cutoff           2157,0000     2158,0455  2548296    0,05%
 102853 41535     2157,5143     6     2157,0000     2158,0386  2593810    0,05%
 104241 42522     2157,2662     8     2157,0000     2158,0374  2642146    0,05%
 105928 43447     2157,6377    33     2157,0000     2158,0343  2693804    0,05%
Elapsed time = 623,86 sec. (328871,08 ticks, tree = 333,82 MB, solutions = 8)
 107441 44480     2157,6528    10     2157,0000     2158,0295  2747875    0,05%
 109142 45641     2157,6537    13     2157,0000     2158,0293  2800805    0,05%
 110536 46568     2157,4933     8     2157,0000     2158,0247  2840585    0,05%
 112084 47562     2157,4108    15     2157,0000     2158,0226  2887110    0,05%
 113705 48461     2157,3541    21     2157,0000     2158,0192  2953305    0,05%
 115359 49544     2157,9915    21     2157,0000     2158,0185  3022737    0,05%
 116654 50320     2157,8996    16     2157,0000     2158,0185  3091656    0,05%
 118302 51268     2157,7731    10     2157,0000     2158,0171  3146411    0,05%
 119836 52125     2157,2000    10     2157,0000     2158,0117  3208627    0,05%
 121255 52854     2157,9342    16     2157,0000     2158,0045  3266047    0,05%
Elapsed time = 707,47 sec. (367634,15 ticks, tree = 413,87 MB, solutions = 8)
 122701 53699     2157,2000     2     2157,0000     2158,0030  3312436    0,05%
 123914 54374     2157,4357    12     2157,0000     2157,9985  3355762    0,05%
 125794 55516     2157,2776    14     2157,0000     2157,9929  3418030    0,05%
 127333 56414     2157,9526    24     2157,0000     2157,9929  3486315    0,05%
 128629 57169     2157,6633    13     2157,0000     2157,9920  3533904    0,05%
 130346 58179     2157,7253    12     2157,0000     2157,9871  3594359    0,05%
 131325 58722     2157,5905    20     2157,0000     2157,9855  3622676    0,05%
 133007 59458     2157,2000    16     2157,0000     2157,9822  3700785    0,05%
 134495 60227     2157,2437    20     2157,0000     2157,9738  3754869    0,05%
 136027 60909     2157,6467    11     2157,0000     2157,9661  3804995    0,04%
Elapsed time = 790,90 sec. (406433,29 ticks, tree = 473,28 MB, solutions = 8)
 137914 61882     2157,5873    27     2157,0000     2157,9604  3864143    0,04%
 139455 62610     2157,7042    22     2157,0000     2157,9531  3913249    0,04%
 141456 64222     2157,7047    21     2157,0000     2157,9500  3973446    0,04%
 143063 65331     2157,2523    26     2157,0000     2157,9500  4032468    0,04%
 144558 66198     2157,9110    20     2157,0000     2157,9500  4084435    0,04%
 146383 67342     2157,6500     6     2157,0000     2157,9447  4139777    0,04%
 148326 68360     2157,4302     8     2157,0000     2157,9407  4196435    0,04%
 149790 69124     2157,2470    20     2157,0000     2157,9386  4242626    0,04%
 151593 70144     2157,2979    12     2157,0000     2157,9339  4302945    0,04%
 153002 70877     2157,6366    14     2157,0000     2157,9308  4350173    0,04%
Elapsed time = 875,96 sec. (444825,29 ticks, tree = 548,23 MB, solutions = 8)
 154484 71721     2157,6761    24     2157,0000     2157,9269  4398945    0,04%
 156573 73248     2157,6646    11     2157,0000     2157,9250  4448870    0,04%
 158373 74243     2157,4136    12     2157,0000     2157,9222  4505426    0,04%
 160223 75347     2157,8054     7     2157,0000     2157,9179  4559137    0,04%
 161872 76196     2157,2000     2     2157,0000     2157,9171  4614704    0,04%
 163590 77302        cutoff           2157,0000     2157,9100  4664376    0,04%
 164845 78144     2157,4261    27     2157,0000     2157,9100  4696095    0,04%
 166869 79432     2157,2000     9     2157,0000     2157,9067  4751712    0,04%
 168743 80650     2157,2280     5     2157,0000     2157,9065  4798800    0,04%
 170541 81733     2157,3045    15     2157,0000     2157,9022  4846714    0,04%
Elapsed time = 961,26 sec. (483288,75 ticks, tree = 627,72 MB, solutions = 8)
 172360 82559     2157,6611    12     2157,0000     2157,8954  4907075    0,04%
 174257 83539     2157,2067     9     2157,0000     2157,8905  4963898    0,04%
 176187 84594     2157,5603    13     2157,0000     2157,8860  5018980    0,04%
 177699 85382     2157,2401    16     2157,0000     2157,8836  5059560    0,04%
 179282 86180     2157,5823    16     2157,0000     2157,8796  5112068    0,04%
 181309 87170     2157,5952    18     2157,0000     2157,8745  5169321    0,04%
 182779 88000     2157,2000    11     2157,0000     2157,8724  5221730    0,04%
 184419 88862     2157,2000     8     2157,0000     2157,8675  5269744    0,04%
 186476 89976     2157,6222     8     2157,0000     2157,8652  5326751    0,04%
 188429 90840     2157,4471    11     2157,0000     2157,8590  5382890    0,04%
Elapsed time = 1045,04 sec. (521726,71 ticks, tree = 696,36 MB, solutions = 8)
 189893 91737     2157,2500    11     2157,0000     2157,8558  5421633    0,04%
 191695 93040     2157,8194    17     2157,0000     2157,8558  5483045    0,04%
 193003 93749     2157,2349    21     2157,0000     2157,8558  5529028    0,04%
 194474 94420     2157,5200     7     2157,0000     2157,8532  5571792    0,04%
 196106 95372     2157,4500    11     2157,0000     2157,8500  5634545    0,04%
 197409 96085     2157,3143    12     2157,0000     2157,8500  5694782    0,04%
 198837 96934     2157,4079    15     2157,0000     2157,8500  5757186    0,04%
 200389 97807     2157,7384    17     2157,0000     2157,8500  5815277    0,04%
 202150 98762     2157,3284    16     2157,0000     2157,8478  5867389    0,04%
 203526 99442     2157,7677    18     2157,0000     2157,8458  5917655    0,04%
Elapsed time = 1128,34 sec. (560520,98 ticks, tree = 758,93 MB, solutions = 8)
 205499 100448        cutoff           2157,0000     2157,8458  5976488    0,04%
 207176 101500     2157,7378    17     2157,0000     2157,8426  6020082    0,04%
 208892 102421     2157,6000    12     2157,0000     2157,8421  6069462    0,04%
 210636 103236     2157,7208    12     2157,0000     2157,8385  6122431    0,04%
 212437 104186     2157,6963     7     2157,0000     2157,8375  6172562    0,04%
 214105 104953        cutoff           2157,0000     2157,8375  6222870    0,04%
 215926 105974     2157,8041    11     2157,0000     2157,8374  6273280    0,04%
 217247 106627     2157,5073    13     2157,0000     2157,8367  6324057    0,04%
 218860 106992        cutoff           2157,0000     2157,8345  6382809    0,04%
 220482 107769     2157,3179    23     2157,0000     2157,8316  6431714    0,04%
Elapsed time = 1213,07 sec. (599286,89 ticks, tree = 826,98 MB, solutions = 8)
 221901 108267     2157,8104    21     2157,0000     2157,8285  6482139    0,04%
 223749 109051     2157,3000     5     2157,0000     2157,8248  6537502    0,04%
 225378 109590     2157,4569    11     2157,0000     2157,8214  6594119    0,04%
 226953 110164     2157,2384    18     2157,0000     2157,8174  6649671    0,04%
 228100 110690     2157,8169     9     2157,0000     2157,8173  6707812    0,04%
 229800 111201        cutoff           2157,0000     2157,8150  6757458    0,04%
 231442 111841     2157,2474    10     2157,0000     2157,8111  6802772    0,04%
 233441 112758     2157,2739    25     2157,0000     2157,8072  6856753    0,04%
 235218 113406        cutoff           2157,0000     2157,8039  6908883    0,04%
 236913 114142     2157,8000    10     2157,0000     2157,8007  6962265    0,04%
Elapsed time = 1299,99 sec. (638269,90 ticks, tree = 875,12 MB, solutions = 8)
 238309 115010     2157,8000    18     2157,0000     2157,8000  7002341    0,04%
 240397 116180        cutoff           2157,0000     2157,8000  7081082    0,04%
 241857 116821     2157,5000     9     2157,0000     2157,8000  7133550    0,04%
 243368 117315     2157,3065    15     2157,0000     2157,7948  7188790    0,04%
 245009 117857     2157,2397    18     2157,0000     2157,7909  7247594    0,04%
 246549 118438     2157,7896     8     2157,0000     2157,7896  7298600    0,04%
 248064 118998     2157,7569    18     2157,0000     2157,7866  7343223    0,04%
 249945 119741     2157,6841    30     2157,0000     2157,7833  7410541    0,04%
 251655 120375     2157,5300    14     2157,0000     2157,7804  7471276    0,04%
 253436 121244     2157,3702     8     2157,0000     2157,7775  7537119    0,04%
Elapsed time = 1385,44 sec. (677371,24 ticks, tree = 927,68 MB, solutions = 8)
 254980 122043     2157,7457    15     2157,0000     2157,7762  7588668    0,04%
 256572 122647     2157,4479     9     2157,0000     2157,7741  7647205    0,04%
 257753 123217     2157,7731    11     2157,0000     2157,7731  7700205    0,04%
 258941 123625     2157,7681    20     2157,0000     2157,7731  7748622    0,04%
 260312 124121     2157,2000    10     2157,0000     2157,7717  7796659    0,04%
 262123 124840     2157,3601    22     2157,0000     2157,7682  7854782    0,04%
 263386 125123     2157,2000     4     2157,0000     2157,7667  7907263    0,04%
 264204 125593     2157,2000    15     2157,0000     2157,7663  7953281    0,04%
 265261 126141     2157,5225    20     2157,0000     2157,7654  8002450    0,04%
 267113 126964     2157,4463     9     2157,0000     2157,7627  8063051    0,04%
Elapsed time = 1467,84 sec. (716009,16 ticks, tree = 972,59 MB, solutions = 8)
 268244 127323     2157,3135    16     2157,0000     2157,7614  8105947    0,04%
 269865 127853     2157,5333     9     2157,0000     2157,7589  8170031    0,04%
 271387 128347     2157,4807    18     2157,0000     2157,7556  8236157    0,04%
 272887 128700     2157,6264    18     2157,0000     2157,7529  8297950    0,03%
 273900 128967     2157,6436    18     2157,0000     2157,7513  8349004    0,03%
 274778 129400     2157,7218    18     2157,0000     2157,7500  8405165    0,03%
 275872 129871     2157,5716    18     2157,0000     2157,7500  8469536    0,03%
 276998 130333     2157,6920    27     2157,0000     2157,7500  8535433    0,03%
 278094 130695     2157,3699    18     2157,0000     2157,7500  8588307    0,03%
 279781 131146     2157,2117    17     2157,0000     2157,7462  8643679    0,03%
Elapsed time = 1547,16 sec. (754485,64 ticks, tree = 1007,38 MB, solutions = 8)
 281315 131539     2157,5165    23     2157,0000     2157,7437  8695449    0,03%
 282867 131994     2157,4920    10     2157,0000     2157,7400  8757786    0,03%
 284247 132525     2157,6568    22     2157,0000     2157,7392  8805512    0,03%
 285703 133009     2157,6854     8     2157,0000     2157,7375  8856846    0,03%
 287383 133647     2157,3853    20     2157,0000     2157,7362  8920000    0,03%
 288979 134254     2157,6018    14     2157,0000     2157,7333  8984904    0,03%
 290551 134721     2157,2852    15     2157,0000     2157,7323  9042664    0,03%
 292050 135120     2157,7016    21     2157,0000     2157,7292  9095168    0,03%
 293523 135491        cutoff           2157,0000     2157,7259  9152629    0,03%
 294950 135891     2157,4656    19     2157,0000     2157,7239  9212387    0,03%
Elapsed time = 1629,94 sec. (793376,23 ticks, tree = 1046,02 MB, solutions = 8)
 295976 136175     2157,4280    15     2157,0000     2157,7221  9263262    0,03%
 297686 136762     2157,2333     6     2157,0000     2157,7201  9331390    0,03%
 299164 137209     2157,5520    12     2157,0000     2157,7187  9384058    0,03%
 301061 137781     2157,2583    12     2157,0000     2157,7154  9448738    0,03%
 302759 137931     2157,6500    12     2157,0000     2157,7127  9511226    0,03%
 304061 138188     2157,4915    10     2157,0000     2157,7119  9571214    0,03%
 305191 138363     2157,3299    10     2157,0000     2157,7090  9614071    0,03%
 306565 138756     2157,3507    16     2157,0000     2157,7073  9674354    0,03%
 307844 139185     2157,6127    12     2157,0000     2157,7060  9723173    0,03%
 309019 139775     2157,7043     9     2157,0000     2157,7043  9779198    0,03%
Elapsed time = 1713,07 sec. (832257,06 ticks, tree = 1073,49 MB, solutions = 8)
 310141 140257     2157,6766    15     2157,0000     2157,7043  9828273    0,03%
 311710 140672     2157,6159    18     2157,0000     2157,7023  9901625    0,03%
 313177 141262     2157,5483    16     2157,0000     2157,7000  9961900    0,03%
 314883 142303     2157,5250    10     2157,0000     2157,7000 10026783    0,03%
 315892 142908     2157,6556     9     2157,0000     2157,7000 10082064    0,03%
 317247 143731     2157,4219    17     2157,0000     2157,7000 10144215    0,03%
 318439 144386     2157,6182    19     2157,0000     2157,7000 10209347    0,03%
 319707 145113        cutoff           2157,0000     2157,7000 10281099    0,03%
 320691 145621     2157,4881    28     2157,0000     2157,7000 10359632    0,03%
 322121 146282     2157,4537    16     2157,0000     2157,7000 10432098    0,03%
Elapsed time = 1797,28 sec. (872627,37 ticks, tree = 1122,83 MB, solutions = 8)
 323389 146422        cutoff           2157,0000     2157,6985 10491688    0,03%
 324678 146687        cutoff           2157,0000     2157,6956 10540245    0,03%
 325973 147046     2157,2000    12     2157,0000     2157,6939 10591260    0,03%
 327157 147330     2157,3500     5     2157,0000     2157,6937 10631930    0,03%
 328721 147800     2157,2013    13     2157,0000     2157,6896 10699778    0,03%
 330355 148098     2157,2336    12     2157,0000     2157,6875 10762416    0,03%
 332073 148658        cutoff           2157,0000     2157,6857 10819121    0,03%
 333048 148989     2157,2000     9     2157,0000     2157,6845 10864164    0,03%
 334681 149617     2157,2000    10     2157,0000     2157,6832 10918730    0,03%
 336188 150000     2157,3092    12     2157,0000     2157,6821 10974653    0,03%
Elapsed time = 1879,77 sec. (911093,17 ticks, tree = 1150,87 MB, solutions = 8)
 337628 150344     2157,3017    21     2157,0000     2157,6786 11034712    0,03%
 339286 150522     2157,3000    17     2157,0000     2157,6754 11098154    0,03%
 340663 150710     2157,4307    19     2157,0000     2157,6732 11152267    0,03%
 341680 150915        cutoff           2157,0000     2157,6720 11200306    0,03%
 342983 151033     2157,2000    16     2157,0000     2157,6684 11260112    0,03%
 343958 151264     2157,2000    12     2157,0000     2157,6683 11305656    0,03%
 345651 151545     2157,4335    10     2157,0000     2157,6653 11374815    0,03%
 346953 151627     2157,2000     8     2157,0000     2157,6631 11427326    0,03%
 348457 151909     2157,2500     5     2157,0000     2157,6628 11485880    0,03%
 349522 151946     2157,3356    13     2157,0000     2157,6592 11526428    0,03%
Elapsed time = 1964,03 sec. (950919,81 ticks, tree = 1167,33 MB, solutions = 8)
 351495 151921     2157,3848    15     2157,0000     2157,6560 11602005    0,03%
 352907 152191     2157,2041     8     2157,0000     2157,6533 11654968    0,03%
 354636 152506     2157,6161    19     2157,0000     2157,6500 11729297    0,03%
 355527 152906     2157,4220    16     2157,0000     2157,6500 11780494    0,03%
 356686 153533     2157,2853    21     2157,0000     2157,6500 11840846    0,03%
 357870 154169     2157,5567    20     2157,0000     2157,6500 11916801    0,03%
 358762 154693     2157,6116    16     2157,0000     2157,6500 11975465    0,03%
 359887 155322     2157,5878    15     2157,0000     2157,6500 12045432    0,03%
 360768 155826        cutoff           2157,0000     2157,6500 12095526    0,03%
 361856 156405        cutoff           2157,0000     2157,6500 12159691    0,03%
Elapsed time = 2045,33 sec. (989676,67 ticks, tree = 1203,03 MB, solutions = 8)
 363186 157099     2157,6000     4     2157,0000     2157,6500 12233169    0,03%
 364082 157616     2157,2199    10     2157,0000     2157,6500 12278884    0,03%
 365165 158088     2157,6257    16     2157,0000     2157,6500 12353195    0,03%
 366149 158505     2157,6264    17     2157,0000     2157,6500 12424703    0,03%
 367156 158919     2157,3377    15     2157,0000     2157,6500 12486048    0,03%
 368336 159403     2157,4118    16     2157,0000     2157,6500 12557337    0,03%
 369328 159820     2157,3025    17     2157,0000     2157,6500 12628402    0,03%
 370370 160308     2157,4331    21     2157,0000     2157,6500 12692878    0,03%
 371465 160783     2157,6314    22     2157,0000     2157,6500 12747837    0,03%
 372155 161029     2157,6366    24     2157,0000     2157,6500 12803618    0,03%
Elapsed time = 2125,21 sec. (1028346,96 ticks, tree = 1240,46 MB, solutions = 8)
 373216 161523     2157,6470    19     2157,0000     2157,6500 12870036    0,03%
 374103 161875     2157,5012    21     2157,0000     2157,6500 12926481    0,03%
 375152 162337     2157,6500    16     2157,0000     2157,6500 12986339    0,03%
 376284 162843     2157,6477    23     2157,0000     2157,6500 13056411    0,03%
 377167 163262     2157,6264    15     2157,0000     2157,6500 13106297    0,03%
 378467 163501     2157,6229    15     2157,0000     2157,6490 13168365    0,03%
 379618 163565     2157,5205    24     2157,0000     2157,6482 13230435    0,03%
 380891 163686     2157,2000     8     2157,0000     2157,6463 13289102    0,03%
 382309 163999     2157,2500     4     2157,0000     2157,6429 13356918    0,03%
 383360 164370     2157,3353    15     2157,0000     2157,6429 13402765    0,03%
Elapsed time = 2205,59 sec. (1067154,73 ticks, tree = 1266,44 MB, solutions = 8)
 384889 164520     2157,5890    12     2157,0000     2157,6412 13467172    0,03%
 385674 164665        cutoff           2157,0000     2157,6404 13514663    0,03%
 387086 164795     2157,4780    34     2157,0000     2157,6387 13575517    0,03%
 388253 164783     2157,3500     5     2157,0000     2157,6373 13624484    0,03%
 389508 164916     2157,3269    20     2157,0000     2157,6355 13679661    0,03%
 390669 165037     2157,5909    12     2157,0000     2157,6337 13742010    0,03%
 392088 165144        cutoff           2157,0000     2157,6316 13806186    0,03%
 393751 165279     2157,2000    10     2157,0000     2157,6290 13869448    0,03%
 394927 165441     2157,3111    11     2157,0000     2157,6281 13921629    0,03%
 396195 165993     2157,4493    17     2157,0000     2157,6264 13973112    0,03%
Elapsed time = 2287,83 sec. (1105607,83 ticks, tree = 1281,24 MB, solutions = 8)
 397275 166634     2157,2562    19     2157,0000     2157,6264 14019839    0,03%
 398699 166713     2157,3728    25     2157,0000     2157,6251 14085791    0,03%
 399991 166840        cutoff           2157,0000     2157,6237 14140144    0,03%
 401510 166967     2157,4162    21     2157,0000     2157,6217 14193811    0,03%
 402890 166829     2157,2625     8     2157,0000     2157,6186 14257134    0,03%
 404221 167006     2157,3483    22     2157,0000     2157,6175 14309286    0,03%
 405543 167177     2157,6116    16     2157,0000     2157,6146 14372560    0,03%
 406762 167411     2157,6136    16     2157,0000     2157,6146 14420034    0,03%
 408446 167920     2157,4404    24     2157,0000     2157,6131 14494638    0,03%
 409761 168394     2157,2374    19     2157,0000     2157,6125 14540507    0,03%
Elapsed time = 2370,14 sec. (1144241,22 ticks, tree = 1300,15 MB, solutions = 8)
 411223 168431        cutoff           2157,0000     2157,6107 14605715    0,03%
 412584 168578     2157,2963    14     2157,0000     2157,6082 14658558    0,03%
 413539 168576     2157,3388    11     2157,0000     2157,6079 14707919    0,03%
 415067 168688     2157,5742    16     2157,0000     2157,6056 14767602    0,03%
 416193 169004     2157,2000    12     2157,0000     2157,6044 14816169    0,03%
 417114 169382     2157,1810     7     2157,0000     2157,6039 14884039    0,03%
 418059 169720        cutoff           2157,0000     2157,6038 14923703    0,03%
 419697 169760     2157,2300    11     2157,0000     2157,6008 14987464    0,03%
 420690 170069     2157,5778    12     2157,0000     2157,6000 15055261    0,03%
 421728 170100     2157,4500     7     2157,0000     2157,6000 15118954    0,03%
Elapsed time = 2452,62 sec. (1183089,09 ticks, tree = 1316,01 MB, solutions = 8)
 423026 170107        cutoff           2157,0000     2157,6000 15191811    0,03%
 424355 170148     2157,3669    18     2157,0000     2157,5985 15252102    0,03%
 425768 170381        cutoff           2157,0000     2157,5962 15307948    0,03%
 426737 170712     2157,2375     9     2157,0000     2157,5962 15361411    0,03%
 427900 171012        cutoff           2157,0000     2157,5962 15417393    0,03%
 428837 171114     2157,2250    12     2157,0000     2157,5962 15470418    0,03%
 429793 171203     2157,3418    12     2157,0000     2157,5962 15520780    0,03%
 431095 171243    infeasible           2157,0000     2157,5943 15583565    0,03%
 432062 171051     2157,2000     9     2157,0000     2157,5926 15626556    0,03%
 433647 171019     2157,2556    13     2157,0000     2157,5916 15688242    0,03%
Elapsed time = 2534,37 sec. (1221518,76 ticks, tree = 1325,04 MB, solutions = 8)
 434692 170986     2157,5326    24     2157,0000     2157,5888 15741667    0,03%
 436218 171175     2157,2500    20     2157,0000     2157,5863 15803723    0,03%
 437297 171174     2157,4773    23     2157,0000     2157,5858 15857361    0,03%
 438682 171080     2157,2000    12     2157,0000     2157,5835 15917699    0,03%
 439668 171169     2157,3500    15     2157,0000     2157,5834 15960338    0,03%
 441203 171412     2157,4008    24     2157,0000     2157,5812 16028935    0,03%
 442634 171041     2157,3058    19     2157,0000     2157,5794 16085856    0,03%
 444352 171050        cutoff           2157,0000     2157,5772 16146892    0,03%
 445317 171142     2157,4040    16     2157,0000     2157,5765 16179148    0,03%
 447006 170796     2157,2943    24     2157,0000     2157,5734 16258818    0,03%
Elapsed time = 2616,30 sec. (1260080,91 ticks, tree = 1324,36 MB, solutions = 8)
 448151 170815        cutoff           2157,0000     2157,5731 16299036    0,03%
 449547 170833     2157,3324    19     2157,0000     2157,5708 16356546    0,03%
 450614 170934     2157,2500    12     2157,0000     2157,5696 16416765    0,03%
 452126 170784     2157,5667    10     2157,0000     2157,5690 16477529    0,03%
 453404 170769        cutoff           2157,0000     2157,5665 16528786    0,03%
 454979 170312        cutoff           2157,0000     2157,5638 16591397    0,03%
 456271 170014        cutoff           2157,0000     2157,5621 16650328    0,03%
 457804 169737     2157,4333     5     2157,0000     2157,5596 16711539    0,03%
 459042 169489     2157,4818    14     2157,0000     2157,5569 16757111    0,03%
 460388 169625     2157,3402    14     2157,0000     2157,5555 16831071    0,03%
Elapsed time = 2700,13 sec. (1298442,31 ticks, tree = 1316,88 MB, solutions = 8)
 461580 169522        cutoff           2157,0000     2157,5540 16879739    0,03%
 463069 169350     2157,4776    11     2157,0000     2157,5512 16937808    0,03%
 463986 169038        cutoff           2157,0000     2157,5500 17000801    0,03%
 464741 168919     2157,2500     5     2157,0000     2157,5500 17072025    0,03%
 465621 168994        cutoff           2157,0000     2157,5500 17148499    0,03%
 466263 169024        cutoff           2157,0000     2157,5500 17209494    0,03%
 467089 169139     2157,2031    12     2157,0000     2157,5500 17280215    0,03%
 467908 169295     2157,5391    21     2157,0000     2157,5500 17340873    0,03%
 468893 169589        cutoff           2157,0000     2157,5500 17413544    0,03%
 469744 169836     2157,5500    16     2157,0000     2157,5500 17476893    0,03%
Elapsed time = 2780,78 sec. (1337188,37 ticks, tree = 1319,57 MB, solutions = 8)
 470458 170023        cutoff           2157,0000     2157,5500 17535041    0,03%
 471571 169914     2157,2136     8     2157,0000     2157,5494 17589447    0,03%
 472772 169719     2157,5470     9     2157,0000     2157,5479 17638533    0,03%
 473875 169593     2157,2000    10     2157,0000     2157,5464 17688592    0,03%
 475103 170247     2157,3979    17     2157,0000     2157,5464 17742774    0,03%
 476575 170340     2157,3259    12     2157,0000     2157,5455 17807323    0,03%
 477737 170302     2157,4697    19     2157,0000     2157,5440 17859631    0,03%
 479398 169988     2157,3342    31     2157,0000     2157,5417 17930884    0,03%
 480312 169973     2157,4312    26     2157,0000     2157,5405 17984894    0,03%
 481585 170287     2157,2430    20     2157,0000     2157,5393 18044460    0,03%
Elapsed time = 2862,01 sec. (1375877,91 ticks, tree = 1325,37 MB, solutions = 8)
 482871 170250     2157,2000     3     2157,0000     2157,5384 18100574    0,02%
 484306 169932        cutoff           2157,0000     2157,5358 18159868    0,02%
 485559 169729     2157,5250    15     2157,0000     2157,5348 18213177    0,02%
 487294 169653     2157,2844    20     2157,0000     2157,5329 18272823    0,02%
 488258 170067     2157,2700    22     2157,0000     2157,5319 18318455    0,02%
 490011 170254     2157,4500     7     2157,0000     2157,5312 18390301    0,02%
 491168 170112        cutoff           2157,0000     2157,5294 18440677    0,02%
 492748 169820        cutoff           2157,0000     2157,5284 18501314    0,02%
 493877 169716     2157,2384    18     2157,0000     2157,5260 18551404    0,02%
 495402 169628     2157,3059    19     2157,0000     2157,5240 18613463    0,02%
Elapsed time = 2946,10 sec. (1414860,64 ticks, tree = 1322,26 MB, solutions = 8)
 496554 169533        cutoff           2157,0000     2157,5231 18658643    0,02%
 498224 169042     2157,4677    22     2157,0000     2157,5214 18720242    0,02%
 499773 168613     2157,3500    13     2157,0000     2157,5200 18782169    0,02%
 501636 168475     2157,2000    11     2157,0000     2157,5178 18850538    0,02%
 503077 168395     2157,2000    11     2157,0000     2157,5167 18917145    0,02%
 505167 167765        cutoff           2157,0000     2157,5149 18979532    0,02%
 506962 167372     2157,3556    11     2157,0000     2157,5131 19042470    0,02%
 508727 166816     2157,4786     7     2157,0000     2157,5095 19108146    0,02%
 510283 166434        cutoff           2157,0000     2157,5078 19159628    0,02%
 511838 166055     2157,3597    30     2157,0000     2157,5071 19210530    0,02%
Elapsed time = 3028,87 sec. (1453218,21 ticks, tree = 1298,70 MB, solutions = 8)
 514030 165651     2157,2846    11     2157,0000     2157,5037 19287615    0,02%
 515939 165160     2157,4000     6     2157,0000     2157,5024 19351225    0,02%
 517677 164734     2157,3476    24     2157,0000     2157,5000 19422780    0,02%
 519661 164295     2157,2554    10     2157,0000     2157,4980 19495610    0,02%
 520938 164303     2157,4907    17     2157,0000     2157,4969 19559190    0,02%
 522144 164645     2157,2167    20     2157,0000     2157,4969 19634713    0,02%
 523588 164304     2157,4250    10     2157,0000     2157,4959 19688009    0,02%
 525778 163771     2157,2140    17     2157,0000     2157,4946 19767843    0,02%
 527646 163289        cutoff           2157,0000     2157,4909 19823163    0,02%
 529298 163115        cutoff           2157,0000     2157,4899 19877041    0,02%
Elapsed time = 3111,94 sec. (1491753,62 ticks, tree = 1278,45 MB, solutions = 8)
 531077 162646        cutoff           2157,0000     2157,4870 19949828    0,02%
 532066 162524     2157,2000    12     2157,0000     2157,4857 19991111    0,02%
 533794 162908     2157,4610    14     2157,0000     2157,4846 20061049    0,02%
 535302 162669     2157,3500    11     2157,0000     2157,4846 20121110    0,02%
 537303 162259     2157,3000     7     2157,0000     2157,4820 20190770    0,02%
 539216 161652     2157,3776    18     2157,0000     2157,4800 20251287    0,02%
 540867 161300     2157,2000    12     2157,0000     2157,4769 20309153    0,02%
 542414 161126        cutoff           2157,0000     2157,4769 20367848    0,02%
 544725 160448     2157,2316    13     2157,0000     2157,4734 20439352    0,02%
 546470 159817     2157,2660    13     2157,0000     2157,4721 20506943    0,02%
Elapsed time = 3195,50 sec. (1530425,17 ticks, tree = 1257,42 MB, solutions = 8)
 548357 159331        cutoff           2157,0000     2157,4693 20564406    0,02%
 550370 158698     2157,2092    23     2157,0000     2157,4675 20627017    0,02%
 552098 158361     2157,3195    25     2157,0000     2157,4654 20693727    0,02%
 553798 157905     2157,3724    32     2157,0000     2157,4643 20756229    0,02%
 555316 157574     2157,2890    15     2157,0000     2157,4611 20813691    0,02%
 556864 157732     2157,4563    14     2157,0000     2157,4610 20873198    0,02%
 558538 157706     2157,3306    19     2157,0000     2157,4610 20944015    0,02%
 560163 157669     2157,2015    16     2157,0000     2157,4610 21010163    0,02%
 562119 157231     2157,2124    16     2157,0000     2157,4603 21083905    0,02%
 563585 156769        cutoff           2157,0000     2157,4589 21138401    0,02%
Elapsed time = 3277,99 sec. (1568958,52 ticks, tree = 1233,75 MB, solutions = 8)
 565163 156293     2157,2000     8     2157,0000     2157,4583 21210769    0,02%
 566306 155734     2157,2000    13     2157,0000     2157,4567 21260904    0,02%
 568762 155026     2149,4577    10     2157,0000     2157,4540 21337383    0,02%
 570708 154281     2157,2916    19     2157,0000     2157,4526 21396182    0,02%
 572122 154006     2157,2939    17     2157,0000     2157,4500 21472054    0,02%
 573378 154125     2157,3089    19     2157,0000     2157,4500 21542764    0,02%
 574944 154009        cutoff           2157,0000     2157,4500 21632231    0,02%
 575990 153812     2157,2975    13     2157,0000     2157,4500 21689948    0,02%
 577409 153842     2157,2969    11     2157,0000     2157,4500 21774021    0,02%
 578474 153898     2157,4144    13     2157,0000     2157,4500 21830653    0,02%
Elapsed time = 3365,29 sec. (1607556,06 ticks, tree = 1212,59 MB, solutions = 8)
 579756 154039     2157,3453    15     2157,0000     2157,4500 21903238    0,02%
 581253 154112        cutoff           2157,0000     2157,4500 21990962    0,02%
 582518 154355     2157,4191    12     2157,0000     2157,4500 22048635    0,02%
 584712 153768        cutoff           2157,0000     2157,4487 22130511    0,02%
 586304 153217     2157,2132     7     2157,0000     2157,4468 22182773    0,02%
 588520 152672     2157,2010    13     2157,0000     2157,4448 22256531    0,02%
 590483 151758     2157,2703    25     2157,0000     2157,4435 22318588    0,02%
 592571 151066     2157,2304    19     2157,0000     2157,4407 22378926    0,02%
 594165 150614        cutoff           2157,0000     2157,4395 22422284    0,02%
 596010 149782        cutoff           2157,0000     2157,4364 22484346    0,02%
Elapsed time = 3459,36 sec. (1646312,86 ticks, tree = 1183,32 MB, solutions = 8)
 597937 149002        cutoff           2157,0000     2157,4355 22554108    0,02%
 599933 148171     2157,2000    19     2157,0000     2157,4326 22619392    0,02%
 601803 147303        cutoff           2157,0000     2157,4312 22672568    0,02%
 604014 146318     2157,2951    19     2157,0000     2157,4286 22749111    0,02%
 605214 146196     2157,2932    13     2157,0000     2157,4275 22805506    0,02%
 607239 145276        cutoff           2157,0000     2157,4271 22869674    0,02%
 609456 144538        cutoff           2157,0000     2157,4236 22928051    0,02%
 611232 143835        cutoff           2157,0000     2157,4220 22990036    0,02%
 613138 143097     2157,2857     8     2157,0000     2157,4193 23048170    0,02%
 614979 142294     2157,2350    23     2157,0000     2157,4185 23112773    0,02%
Elapsed time = 3551,66 sec. (1684688,29 ticks, tree = 1128,42 MB, solutions = 8)
 616987 141517        cutoff           2157,0000     2157,4154 23178390    0,02%
 618841 140730     2157,2470    21     2157,0000     2157,4134 23234280    0,02%
 621067 139735     2157,2000    18     2157,0000     2157,4103 23289277    0,02%
 623155 138787     2157,4062    30     2157,0000     2157,4091 23347092    0,02%
 625276 137827     2157,3394     7     2157,0000     2157,4061 23417871    0,02%
 627152 137071        cutoff           2157,0000     2157,4044 23475279    0,02%
 629201 136213        cutoff           2157,0000     2157,4029 23537359    0,02%
 631158 135271     2157,2214    26     2157,0000     2157,4000 23601319    0,02%
 632097 135096     2157,2883    26     2157,0000     2157,4000 23661979    0,02%
 633638 134859     2157,2429    13     2157,0000     2157,4000 23774761    0,02%
Elapsed time = 3643,37 sec. (1723224,35 ticks, tree = 1072,46 MB, solutions = 8)
 635163 134230        cutoff           2157,0000     2157,4000 23846105    0,02%
 637323 133033     2157,2319     9     2157,0000     2157,3966 23904238    0,02%
 638991 132236     2157,2288    21     2157,0000     2157,3947 23954496    0,02%
 640851 132059     2157,2021    22     2157,0000     2157,3929 24031713    0,02%
 642773 131596     2157,2037    10     2157,0000     2157,3929 24100947    0,02%
 644784 130602        cutoff           2157,0000     2157,3901 24157273    0,02%
 646630 129600     2157,2375    23     2157,0000     2157,3886 24208793    0,02%
 649151 128419     2157,3597    30     2157,0000     2157,3852 24269221    0,02%
 651223 127791        cutoff           2157,0000     2157,3846 24325936    0,02%
 653208 126872     2157,2000     6     2157,0000     2157,3816 24379713    0,02%
Elapsed time = 3737,28 sec. (1761781,23 ticks, tree = 1010,74 MB, solutions = 8)
 655587 125561        cutoff           2157,0000     2157,3800 24432766    0,02%
 657821 124385     2157,2833    12     2157,0000     2157,3768 24503811    0,02%
 659948 123081        cutoff           2157,0000     2157,3743 24567932    0,02%
 661337 122368     2157,2000     9     2157,0000     2157,3722 24602105    0,02%
 664004 121077        cutoff           2157,0000     2157,3717 24674527    0,02%
 665677 120057     2157,3000    18     2157,0000     2157,3685 24739857    0,02%
 668179 118619     2157,2351    16     2157,0000     2157,3662 24803709    0,02%
 669675 117784        cutoff           2157,0000     2157,3643 24846668    0,02%
 671711 117151     2157,2556    22     2157,0000     2157,3615 24922654    0,02%
 673960 116046     2157,2529    16     2157,0000     2157,3610 24976223    0,02%
Elapsed time = 3832,72 sec. (1800699,62 ticks, tree = 932,76 MB, solutions = 8)
 676856 114422     2157,2000     9     2157,0000     2157,3578 25036419    0,02%
 678877 113280        cutoff           2157,0000     2157,3554 25075310    0,02%
 681261 111929        cutoff           2157,0000     2157,3521 25128094    0,02%
 682886 110984        cutoff           2157,0000     2157,3501 25195554    0,02%
 684282 110643        cutoff           2157,0000     2157,3500 25273349    0,02%
 685583 110475        cutoff           2157,0000     2157,3500 25349469    0,02%
 686897 110313     2157,3000     5     2157,0000     2157,3500 25428922    0,02%
 687896 110178     2157,3500    10     2157,0000     2157,3500 25492697    0,02%
 689231 110281     2157,2747    19     2157,0000     2157,3500 25576006    0,02%
 690337 110360        cutoff           2157,0000     2157,3500 25652009    0,02%
Elapsed time = 3926,32 sec. (1839097,31 ticks, tree = 885,94 MB, solutions = 8)
 691279 110401     2157,2239    19     2157,0000     2157,3500 25725952    0,02%
 692230 110356        cutoff           2157,0000     2157,3500 25793627    0,02%
 693356 110205     2157,2747    21     2157,0000     2157,3500 25878384    0,02%
 694603 109998        cutoff           2157,0000     2157,3500 25963247    0,02%
 696217 109464     2157,2236    29     2157,0000     2157,3496 26024583    0,02%
 698109 108379     2157,2229    22     2157,0000     2157,3485 26075744    0,02%
 700813 106663     2157,2198    25     2157,0000     2157,3444 26138653    0,02%
 702937 105283        cutoff           2157,0000     2157,3423 26190803    0,02%
 704340 104405     2157,2000     4     2157,0000     2157,3411 26223615    0,02%
 707899 101889     2157,3286    18     2157,0000     2157,3368 26303421    0,02%
Elapsed time = 4018,62 sec. (1877624,73 ticks, tree = 823,79 MB, solutions = 8)
 710303 100309     2157,2022    13     2157,0000     2157,3348 26359441    0,02%
 712572 98818        cutoff           2157,0000     2157,3318 26406027    0,02%
 714573 97399     2157,2000    13     2157,0000     2157,3296 26449399    0,02%
 717648 95293     2157,2864    20     2157,0000     2157,3258 26511843    0,02%
 720092 93585        cutoff           2157,0000     2157,3237 26554523    0,02%
 722689 91761     2157,2763    17     2157,0000     2157,3192 26601378    0,01%
 725205 90021        cutoff           2157,0000     2157,3172 26656692    0,01%
 727879 87939        cutoff           2157,0000     2157,3135 26702439    0,01%
 730782 85660     2157,2972    12     2157,0000     2157,3111 26744540    0,01%
 733388 83700     2157,2577    20     2157,0000     2157,3071 26794549    0,01%
Elapsed time = 4113,25 sec. (1916101,58 ticks, tree = 680,17 MB, solutions = 8)
 735224 82356        cutoff           2157,0000     2157,3052 26821343    0,01%
 738839 79762     2157,2543    15     2157,0000     2157,3017 26888489    0,01%
 740872 78745     2157,2762    21     2157,0000     2157,3000 26955350    0,01%
 742738 78250        cutoff           2157,0000     2157,3000 27036801    0,01%
 743961 78188     2157,3000    17     2157,0000     2157,3000 27093417    0,01%
 745633 78136        cutoff           2157,0000     2157,3000 27181031    0,01%
 746819 78048        cutoff           2157,0000     2157,3000 27248734    0,01%
 748117 77917     2157,3000    15     2157,0000     2157,3000 27325634    0,01%
 749582 77607        cutoff           2157,0000     2157,3000 27390225    0,01%
 751650 76509     2157,3000    12     2157,0000     2157,3000 27449029    0,01%
Elapsed time = 4210,16 sec. (1954427,81 ticks, tree = 621,23 MB, solutions = 8)
 753217 75353     2157,2000    13     2157,0000     2157,2967 27486638    0,01%
 755109 74300     2157,2000    10     2157,0000     2157,2962 27540803    0,01%
 757737 72280        cutoff           2157,0000     2157,2942 27590635    0,01%
 760738 69820     2157,2122    29     2157,0000     2157,2889 27628825    0,01%
 763009 67993        cutoff           2157,0000     2157,2881 27659327    0,01%
 765525 65935        cutoff           2157,0000     2157,2833 27704857    0,01%
 767887 64249     2157,2000     2     2157,0000     2157,2817 27754870    0,01%
 770821 61626     2157,2022    20     2157,0000     2157,2778 27796870    0,01%
 772552 60410     2157,2077     8     2157,0000     2157,2753 27839475    0,01%
 775213 58272        cutoff           2157,0000     2157,2750 27891358    0,01%
Elapsed time = 4313,39 sec. (1993131,84 ticks, tree = 476,59 MB, solutions = 8)
 778071 55870     2157,2686     5     2157,0000     2157,2711 27927571    0,01%
 781453 52850        cutoff           2157,0000     2157,2667 27961186    0,01%
 783758 50949     2157,2169    17     2157,0000     2157,2627 28004688    0,01%
 786832 48175     2157,2098    19     2157,0000     2157,2603 28031264    0,01%
 789474 45776     2157,2377    17     2157,0000     2157,2553 28056785    0,01%
 792293 43138        cutoff           2157,0000     2157,2528 28087277    0,01%
 794156 41928        cutoff           2157,0000     2157,2500 28153462    0,01%
 795543 41012        cutoff           2157,0000     2157,2500 28208481    0,01%
 797265 40103        cutoff           2157,0000     2157,2500 28286200    0,01%
 798643 39465        cutoff           2157,0000     2157,2500 28357848    0,01%
Elapsed time = 4413,17 sec. (2031512,17 ticks, tree = 321,32 MB, solutions = 8)
 799860 38830     2157,2278    10     2157,0000     2157,2500 28423517    0,01%
 802669 36378        cutoff           2157,0000     2157,2493 28464692    0,01%
 805779 33470     2157,2064    19     2157,0000     2157,2434 28491319    0,01%
 808757 30852        cutoff           2157,0000     2157,2389 28521151    0,01%
 811098 28919     2157,2000     9     2157,0000     2157,2364 28541910    0,01%
 812596 29516     2157,2000     8     2157,0000     2157,2355 28593208    0,01%
 815340 27848        cutoff           2157,0000     2157,2355 28622273    0,01%
 818083 25591     2157,2000     8     2157,0000     2157,2296 28644146    0,01%
 821458 22378        cutoff           2157,0000     2157,2242 28664745    0,01%
 824726 19270        cutoff           2157,0000     2157,2186 28681713    0,01%
Elapsed time = 4509,22 sec. (2070028,87 ticks, tree = 155,27 MB, solutions = 8)

Cover cuts applied:  143
Implied bound cuts applied:  112
Flow cuts applied:  6
Mixed integer rounding cuts applied:  11
Lift and project cuts applied:  1
Gomory fractional cuts applied:  9

Root node processing (before b&c):
  Real time             =   21,21 sec. (27442,55 ticks)
Parallel b&c, 8 threads:
  Real time             = 4495,66 sec. (2046047,72 ticks)
  Sync time (average)   =  244,85 sec.
  Wait time (average)   =  248,08 sec.
                          ------------
Total (root+branch&cut) = 4516,87 sec. (2073490,27 ticks)

<<< solve


OBJECTIVE: 2157
avg_utility = 0.660441

<<< post process


<<< done

