
<<< setup


<<< generate

Found incumbent of value 0.000000 after 0.02 sec. (7.24 ticks)
Tried aggregator 2 times.
MIP Presolve eliminated 236523 rows and 139756 columns.
MIP Presolve modified 6988 coefficients.
Aggregator did 6973 substitutions.
Reduced MIP has 18599 rows, 29048 columns, and 75526 nonzeros.
Reduced MIP has 5810 binaries, 0 generals, 0 SOSs, and 0 indicators.
Presolve time = 0.52 sec. (235.76 ticks)
Probing time = 0.02 sec. (1.56 ticks)
Tried aggregator 1 time.
Reduced MIP has 18599 rows, 29048 columns, and 75526 nonzeros.
Reduced MIP has 5810 binaries, 0 generals, 0 SOSs, and 0 indicators.
Presolve time = 0.10 sec. (41.43 ticks)
Probing time = 0.04 sec. (1.56 ticks)
MIP emphasis: balance optimality and feasibility.
MIP search method: dynamic search.
Parallel mode: deterministic, using up to 8 threads.
Root relaxation solution time = 0.14 sec. (83.05 ticks)

        Nodes                                         Cuts/
   Node  Left     Objective  IInf  Best Integer    Best Bound    ItCnt     Gap

*     0+    0                            0.0000    12260.4342              --- 
      0     0     2858.0000  1134        0.0000     2858.0000     2324     --- 
*     0+    0                         1655.9333     2858.0000            72.59%
      0     0     2786.0556   982     1655.9333    Cuts: 2468     5333   68.25%
*     0+    0                         2196.2753     2786.0556            26.85%
      0     0     2717.5669   924     2196.2753    Cuts: 2165     8663   23.74%
      0     0     2646.0712   810     2196.2753    Cuts: 1846    12061   20.48%
*     0+    0                         2438.6150     2646.0712             8.51%
      0     0     2600.0192   582     2438.6150    Cuts: 1617    14763    6.62%
      0     0     2535.0850   273     2438.6150    Cuts: 1158    17406    3.96%
      0     0     2524.7930   287     2438.6150     Cuts: 548    18340    3.53%
*     0+    0                         2483.1477     2524.7930             1.68%
      0     0     2520.8247   317     2483.1477     Cuts: 566    19075    1.52%
      0     0     2517.0063   302     2483.1477     Cuts: 621    19996    1.36%
*     0+    0                         2484.7695     2517.0063             1.30%
      0     0     2489.4835    36     2484.7695     Cuts: 649    20774    0.19%

Implied bound cuts applied:  41
Flow cuts applied:  7928
Mixed integer rounding cuts applied:  3258
Gomory fractional cuts applied:  400

Root node processing (before b&c):
  Real time             =   12.66 sec. (8370.84 ticks)
Parallel b&c, 8 threads:
  Real time             =    0.00 sec. (0.00 ticks)
  Sync time (average)   =    0.00 sec.
  Wait time (average)   =    0.00 sec.
                          ------------
Total (root+branch&cut) =   12.66 sec. (8370.84 ticks)

<<< solve


OBJECTIVE: 2484.769
avg_utility = 0.869408

<<< post process


<<< done

