
<<< setup


<<< generate

Found incumbent of value 0,000000 after 0,03 sec. (17,49 ticks)
Tried aggregator 4 times.
MIP Presolve eliminated 179756 rows and 403979 columns.
MIP Presolve modified 5152 coefficients.
Aggregator did 113316 substitutions.
Reduced MIP has 13436 rows, 31586 columns, and 97814 nonzeros.
Reduced MIP has 2904 binaries, 0 generals, 0 SOSs, and 0 indicators.
Presolve time = 4,79 sec. (3407,90 ticks)
Probing time = 0,01 sec. (1,45 ticks)
Tried aggregator 1 time.
Reduced MIP has 13436 rows, 31586 columns, and 97814 nonzeros.
Reduced MIP has 2904 binaries, 0 generals, 0 SOSs, and 0 indicators.
Presolve time = 0,07 sec. (46,66 ticks)
Probing time = 0,02 sec. (1,45 ticks)
MIP emphasis: balance optimality and feasibility.
MIP search method: dynamic search.
Parallel mode: deterministic, using up to 24 threads.
Root relaxation solution time = 0,62 sec. (384,82 ticks)

        Nodes                                         Cuts/
   Node  Left     Objective  IInf  Best Integer    Best Bound    ItCnt     Gap

*     0+    0                         1590,0000    27778,4345              --- 
*     0+    0                         5144,6127    27778,4345           439,95%
*     0     0      integral     0     6240,8938     6240,8938       24    0,00%
Elapsed time = 5,70 sec. (3926,93 ticks, tree = 0,00 MB, solutions = 3)

Root node processing (before b&c):
  Real time             =    5,74 sec. (3954,00 ticks)
Parallel b&c, 24 threads:
  Real time             =    0,00 sec. (0,00 ticks)
  Sync time (average)   =    0,00 sec.
  Wait time (average)   =    0,00 sec.
                          ------------
Total (root+branch&cut) =    5,74 sec. (3954,00 ticks)

<<< solve


OBJECTIVE: 6240.894
avg_utility = 0.789987

<<< post process


<<< done

