
<<< setup


<<< generate

Found incumbent of value 0.000000 after 0.01 sec. (2.75 ticks)
Tried aggregator 2 times.
MIP Presolve eliminated 109507 rows and 34659 columns.
MIP Presolve modified 6265 coefficients.
Aggregator did 10260 substitutions.
Reduced MIP has 6889 rows, 10642 columns, and 26292 nonzeros.
Reduced MIP has 2192 binaries, 2190 generals, 0 SOSs, and 0 indicators.
Presolve time = 0.28 sec. (125.68 ticks)
Probing time = 0.01 sec. (1.06 ticks)
Tried aggregator 1 time.
Reduced MIP has 6889 rows, 10642 columns, and 26292 nonzeros.
Reduced MIP has 2192 binaries, 2190 generals, 0 SOSs, and 0 indicators.
Presolve time = 0.04 sec. (17.24 ticks)
Probing time = 0.02 sec. (1.06 ticks)
Clique table members: 261.
MIP emphasis: balance optimality and feasibility.
MIP search method: dynamic search.
Parallel mode: deterministic, using up to 8 threads.
Root relaxation solution time = 0.30 sec. (218.28 ticks)

        Nodes                                         Cuts/
   Node  Left     Objective  IInf  Best Integer    Best Bound    ItCnt     Gap

*     0+    0                            0.0000    14010.6991              --- 
      0     0     2469.8173    98        0.0000     2469.8173     1012     --- 
*     0+    0                         2006.0524     2469.8173            23.12%
      0     0     2058.0693    23     2006.0524      Cuts: 20     1055    2.59%
      0     0     2006.2753     2     2006.0524      Fract: 2     1067    0.01%

Gomory fractional cuts applied:  20

Root node processing (before b&c):
  Real time             =    0.99 sec. (501.62 ticks)
Parallel b&c, 8 threads:
  Real time             =    0.00 sec. (0.00 ticks)
  Sync time (average)   =    0.00 sec.
  Wait time (average)   =    0.00 sec.
                          ------------
Total (root+branch&cut) =    0.99 sec. (501.62 ticks)

<<< solve


OBJECTIVE: 2006.052
avg_utility = 0.614223

<<< post process


<<< done

