
<<< setup


<<< generate

Found incumbent of value 0,000000 after 0,05 sec. (55,85 ticks)
Tried aggregator 2 times.
MIP Presolve eliminated 2396618 rows and 1219178 columns.
MIP Presolve modified 6772 coefficients.
Aggregator did 6769 substitutions.
Reduced MIP has 18050 rows, 28198 columns, and 67676 nonzeros.
Reduced MIP has 5640 binaries, 0 generals, 0 SOSs, and 0 indicators.
Presolve time = 0,84 sec. (1487,46 ticks)
Probing time = 0,01 sec. (1,42 ticks)
Tried aggregator 1 time.
Reduced MIP has 18050 rows, 28198 columns, and 67676 nonzeros.
Reduced MIP has 5640 binaries, 0 generals, 0 SOSs, and 0 indicators.
Presolve time = 0,05 sec. (68,53 ticks)
Probing time = 0,01 sec. (1,42 ticks)
MIP emphasis: balance optimality and feasibility.
MIP search method: dynamic search.
Parallel mode: deterministic, using up to 8 threads.
Root relaxation solution time = 0,11 sec. (247,44 ticks)

        Nodes                                         Cuts/
   Node  Left     Objective  IInf  Best Integer    Best Bound    ItCnt     Gap

*     0+    0                            0,0000     8755,6145              --- 
      0     0     2041,0000   129        0,0000     2041,0000     1128     --- 
*     0+    0                         2041,0000     2041,0000             0,00%
*     0     0      integral     0     2041,0000     2041,0000     1128    0,00%
Elapsed time = 1,28 sec. (1990,13 ticks, tree = 0,00 MB, solutions = 2)

Root node processing (before b&c):
  Real time             =    1,33 sec. (2035,84 ticks)
Parallel b&c, 8 threads:
  Real time             =    0,00 sec. (0,00 ticks)
  Sync time (average)   =    0,00 sec.
  Wait time (average)   =    0,00 sec.
                          ------------
Total (root+branch&cut) =    1,33 sec. (2035,84 ticks)

<<< solve


OBJECTIVE: 2041
avg_utility = 1

<<< post process


<<< done

