
<<< setup


<<< generate

Found incumbent of value 0.000000 after 0.05 sec. (18.88 ticks)
Aggregator has done 109407 substitutions...
Tried aggregator 8 times.
MIP Presolve eliminated 299699 rows and 220536 columns.
MIP Presolve modified 27555 coefficients.
Aggregator did 110375 substitutions.
Reduced MIP has 91476 rows, 200210 columns, and 589787 nonzeros.
Reduced MIP has 6652 binaries, 0 generals, 0 SOSs, and 0 indicators.
Presolve time = 19.81 sec. (10711.79 ticks)
Probing time = 0.13 sec. (8.17 ticks)
Tried aggregator 1 time.
Reduced MIP has 91476 rows, 200210 columns, and 589787 nonzeros.
Reduced MIP has 6652 binaries, 0 generals, 0 SOSs, and 0 indicators.
Presolve time = 1.08 sec. (313.85 ticks)
Probing time = 0.22 sec. (8.59 ticks)
MIP emphasis: balance optimality and feasibility.
MIP search method: dynamic search.
Parallel mode: deterministic, using up to 8 threads.
Root relaxation solution time = 1.34 sec. (304.43 ticks)

        Nodes                                         Cuts/
   Node  Left     Objective  IInf  Best Integer    Best Bound    ItCnt     Gap

*     0+    0                            0.0000    23604.0000              --- 
      0     0     7868.0000  1646        0.0000     7868.0000     3624     --- 
*     0+    0                         4046.7629     7868.0000            94.43%
      0     0     7222.3926  1528     4046.7629    Cuts: 5006    24085   78.47%
      0     0     6721.4648  1444     4046.7629    Cuts: 7433    97689   66.09%
      0     0     6308.9475  1550     4046.7629    Cuts: 8195   142843   55.90%
*     0+    0                         4241.2057     6308.9475            48.75%
*     0+    0                         4407.6950     6308.9475            43.13%
*     0+    0                         4416.8984     6308.9475            42.84%
*     0+    0                         4419.6534     6308.9475            42.75%
*     0+    0                         4419.9305     6308.9475            42.74%
*     0+    0                         4458.4950     6308.9475            41.50%
      0     0     5952.2610  1560     4458.4950    Cuts: 9762   173203   33.50%
*     0+    0                         4460.3167     5952.2610            33.45%
      0     0     5676.4504  1188     4460.3167    Cuts: 9992   213620   27.27%
*     0+    0                         4881.3300     5676.4504            16.29%
      0     0     5630.9575  1053     4881.3300    Cuts: 5142   319711   15.36%
*     0+    0                         4970.3202     5630.9575            13.29%
*     0+    0                         5024.8692     5630.9575            12.06%
*     0+    0                         5024.9203     5630.9575            12.06%
      0     0     5622.9891  1015     5024.9203    Cuts: 5191   336238   11.90%
*     0+    0                         5095.1967     5622.9891            10.36%
      0     0     5618.3975   614     5095.1967    Cuts: 4677   480777   10.27%
*     0+    0                         5098.0300     5618.3975            10.21%
      0     0     5593.4870   583     5098.0300    Cuts: 4227   575470    9.72%
*     0+    0                         5105.1586     5593.4870             9.57%
*     0+    0                         5105.4060     5593.4870             9.56%
*     0+    0                         5105.8905     5593.4870             9.55%
      0     0     5582.5526   654     5105.8905    Cuts: 3094   609873    9.34%
      0     0     5567.4801   581     5105.8905    Cuts: 3032   688682    9.04%
*     0+    0                         5107.3250     5567.4801             9.01%
      0     0     5551.1898   555     5107.3250    Cuts: 3011   911367    8.69%
      0     0     5542.5764   511     5107.3250    Cuts: 2947  1037535    8.52%
      0     0     5535.0107   524     5107.3250    Cuts: 3140  1103428    8.37%
      0     0     5529.1278   491     5107.3250    Cuts: 2707  1156488    8.26%
*     0+    0                         5107.3500     5529.1278             8.26%
