
<<< setup


<<< generate

Found incumbent of value 0,000000 after 0,01 sec. (4,71 ticks)
Tried aggregator 2 times.
MIP Presolve eliminated 20779 rows and 35589 columns.
MIP Presolve modified 2512 coefficients.
Aggregator did 2395 substitutions.
Reduced MIP has 38233 rows, 118065 columns, and 321623 nonzeros.
Reduced MIP has 5716 binaries, 2658 generals, 0 SOSs, and 0 indicators.
Presolve time = 0,31 sec. (194,47 ticks)
Probing time = 0,44 sec. (34,92 ticks)
Tried aggregator 1 time.
MIP Presolve eliminated 5023 rows and 13005 columns.
Reduced MIP has 33210 rows, 105060 columns, and 283069 nonzeros.
Reduced MIP has 5716 binaries, 2658 generals, 0 SOSs, and 0 indicators.
Presolve time = 0,29 sec. (162,83 ticks)
Probing time = 0,25 sec. (32,53 ticks)
Tried aggregator 1 time.
MIP Presolve eliminated 33 rows and 84 columns.
Reduced MIP has 33177 rows, 104976 columns, and 282817 nonzeros.
Reduced MIP has 5716 binaries, 2658 generals, 0 SOSs, and 0 indicators.
Presolve time = 0,23 sec. (144,57 ticks)
Probing time = 0,31 sec. (34,23 ticks)
Clique table members: 3336.
MIP emphasis: balance optimality and feasibility.
MIP search method: dynamic search.
Parallel mode: deterministic, using up to 24 threads.
Root relaxation solution time = 0,66 sec. (394,48 ticks)

        Nodes                                         Cuts/
   Node  Left     Objective  IInf  Best Integer    Best Bound    ItCnt     Gap

*     0+    0                            0,0000        4,2899              --- 
      0     0        0,9648   494        0,0000        0,9648     1826     --- 
*     0+    0                            0,2850        0,9648           238,55%
      0     0        0,9436   476        0,2850    Cuts: 1533     4323  231,08%
      0     0        0,9161   495        0,2850    Cuts: 1568     6338  221,46%
      0     0        0,8540   527        0,2850    Cuts: 1445     7635  199,66%
*     0+    0                            0,3836        0,8540           122,64%
      0     0        0,7840   497        0,3836    Cuts: 1428     8680  104,38%
      0     0        0,5995   273        0,3836    Cuts: 1289     9603   56,27%
      0     0        0,5398   201        0,3836     Cuts: 605    10063   40,73%
      0     0        0,5276   214        0,3836     Cuts: 460    10578   37,55%
      0     0        0,8353   467        0,3836     Cuts: 369   134257   37,55%
      0     0        0,8342   493        0,3836    Cuts: 1133   228982   37,55%
*     0+    0                            0,3935        0,5276            34,08%
*     0+    0                            0,5936        0,5276           -11,12%
*     0     0      integral     0        0,5936        0,5276   228982  -11,12%
Elapsed time = 158,81 sec. (124781,75 ticks, tree = 0,00 MB, solutions = 5)

Cover cuts applied:  2
Implied bound cuts applied:  156
Flow cuts applied:  4137
Mixed integer rounding cuts applied:  3822
Flow path cuts applied:  5
Gomory fractional cuts applied:  324

Root node processing (before b&c):
  Real time             =  158,82 sec. (124791,02 ticks)
Parallel b&c, 24 threads:
  Real time             =    0,00 sec. (0,00 ticks)
  Sync time (average)   =    0,00 sec.
  Wait time (average)   =    0,00 sec.
                          ------------
Total (root+branch&cut) =  158,82 sec. (124791,02 ticks)

<<< solve


OBJECTIVE: 0.5936161
avg_utility = 0.593616

<<< post process


<<< done

