
<<< setup


<<< generate

Found incumbent of value 0,000000 after 0,03 sec. (27,14 ticks)
Tried aggregator 7 times.
MIP Presolve eliminated 204470 rows and 661243 columns.
Aggregator did 200423 substitutions.
Reduced MIP has 2735 rows, 13615 columns, and 49155 nonzeros.
Reduced MIP has 0 binaries, 0 generals, 0 SOSs, and 0 indicators.
Presolve time = 7,41 sec. (5900,49 ticks)
Tried aggregator 1 time.
MIP Presolve eliminated 2518 rows and 12590 columns.
Reduced MIP has 217 rows, 1025 columns, and 3720 nonzeros.
Reduced MIP has 0 binaries, 0 generals, 0 SOSs, and 0 indicators.
Presolve time = 0,03 sec. (24,32 ticks)
Tried aggregator 1 time.
Reduced MIP has 217 rows, 1025 columns, and 3720 nonzeros.
Reduced MIP has 0 binaries, 0 generals, 0 SOSs, and 0 indicators.
Presolve time = 0,01 sec. (10,24 ticks)
MIP emphasis: balance optimality and feasibility.
MIP search method: dynamic search.
Parallel mode: deterministic, using up to 8 threads.
Root relaxation solution time = 0,04 sec. (2,35 ticks)

        Nodes                                         Cuts/
   Node  Left     Objective  IInf  Best Integer    Best Bound    ItCnt     Gap

*     0+    0                         1618,0000    28978,7590              --- 
*     0     0      integral     0     5604,2450     5604,2450      162    0,00%
Elapsed time = 7,55 sec. (6010,88 ticks, tree = 0,00 MB, solutions = 2)

Root node processing (before b&c):
  Real time             =    7,59 sec. (6048,15 ticks)
Parallel b&c, 8 threads:
  Real time             =    0,00 sec. (0,00 ticks)
  Sync time (average)   =    0,00 sec.
  Wait time (average)   =    0,00 sec.
                          ------------
Total (root+branch&cut) =    7,59 sec. (6048,15 ticks)

<<< solve


OBJECTIVE: 5604.245
avg_utility = 0.700881

<<< post process


<<< done

