
<<< setup


<<< generate

Found incumbent of value 0,000000 after 0,02 sec. (17,49 ticks)
Tried aggregator 4 times.
MIP Presolve eliminated 179615 rows and 401526 columns.
MIP Presolve modified 6115 coefficients.
Aggregator did 111616 substitutions.
Reduced MIP has 15277 rows, 35739 columns, and 114867 nonzeros.
Reduced MIP has 2854 binaries, 0 generals, 0 SOSs, and 0 indicators.
Presolve time = 5,53 sec. (4055,84 ticks)
Probing time = 0,01 sec. (1,46 ticks)
Tried aggregator 1 time.
Reduced MIP has 15277 rows, 35739 columns, and 114867 nonzeros.
Reduced MIP has 2854 binaries, 0 generals, 0 SOSs, and 0 indicators.
Presolve time = 0,06 sec. (52,96 ticks)
Probing time = 0,01 sec. (1,51 ticks)
MIP emphasis: balance optimality and feasibility.
MIP search method: dynamic search.
Parallel mode: deterministic, using up to 8 threads.
Root relaxation solution time = 0,73 sec. (411,56 ticks)

        Nodes                                         Cuts/
   Node  Left     Objective  IInf  Best Integer    Best Bound    ItCnt     Gap

*     0+    0                         1590,0000    19708,0000              --- 
      0     0     3666,1500     5     1590,0000     3666,1500     4841  130,58%
*     0+    0                         3665,3357     3666,1500             0,02%
*     0+    0                         3665,4386     3666,1500             0,02%

Root node processing (before b&c):
  Real time             =    6,97 sec. (5076,63 ticks)
Parallel b&c, 8 threads:
  Real time             =    0,00 sec. (0,00 ticks)
  Sync time (average)   =    0,00 sec.
  Wait time (average)   =    0,00 sec.
                          ------------
Total (root+branch&cut) =    6,97 sec. (5076,63 ticks)

<<< solve


OBJECTIVE: 3665.439
avg_utility = 0.46398

<<< post process


<<< done

