
<<< setup


<<< generate

Found incumbent of value 0,000000 after 0,05 sec. (16,61 ticks)
Tried aggregator 8 times.
MIP Presolve eliminated 112316 rows and 336447 columns.
MIP Presolve modified 29538 coefficients.
Aggregator did 89441 substitutions.
Reduced MIP has 50992 rows, 109313 columns, and 342977 nonzeros.
Reduced MIP has 13780 binaries, 0 generals, 0 SOSs, and 0 indicators.
Presolve time = 19,43 sec. (8121,88 ticks)
Probing time = 0,07 sec. (4,84 ticks)
Tried aggregator 1 time.
Reduced MIP has 50992 rows, 109313 columns, and 342977 nonzeros.
Reduced MIP has 13780 binaries, 0 generals, 0 SOSs, and 0 indicators.
Presolve time = 0,52 sec. (186,02 ticks)
Probing time = 0,12 sec. (5,14 ticks)
MIP emphasis: balance optimality and feasibility.
MIP search method: dynamic search.
Parallel mode: deterministic, using up to 8 threads.
Root relaxation solution time = 2,23 sec. (996,98 ticks)

        Nodes                                         Cuts/
   Node  Left     Objective  IInf  Best Integer    Best Bound    ItCnt     Gap

*     0+    0                            0,0000    29380,5576              --- 
      0     0     7878,0000  1560        0,0000     7878,0000     3629     --- 
      0     0     7693,8767  1277        0,0000    Cuts: 4694    38963     --- 
      0     0     7563,0660  1203        0,0000    Cuts: 3874    71253     --- 
      0     0     7434,8499  1111        0,0000    Cuts: 3455    96787     --- 
*     0+    0                         5657,2875     7434,8499            31,42%
*     0+    0                         5687,6906     7434,8499            30,72%
*     0+    0                         5794,7487     7434,8499            28,30%
*     0+    0                         5801,9296     7434,8499            28,14%
      0     0     7323,1701   949     5801,9296    Cuts: 3010   127720   26,22%
      0     0     7259,7588   609     5801,9296    Cuts: 2812   156382   25,13%
      0     0     7223,8805    65     5801,9296    Cuts: 1593   190045   24,51%
*     0+    0                         6847,3055     7223,8805             5,50%
*     0+    0                         7001,1260     7223,8805             3,18%
*     0+    0                         7078,1334     7223,8805             2,06%
*     0+    0                         7087,6889     7223,8805             1,92%
*     0+    0                         7087,9583     7223,8805             1,92%
      0     0     7221,8083   104     7087,9583     Cuts: 223   196161    1,89%
      0     0     7220,8597   133     7087,9583     Cuts: 465   199017    1,88%
      0     0     7220,7937   118     7087,9583     Cuts: 541   206865    1,87%
*     0+    0                         7117,2351     7220,7937             1,46%
*     0+    0                         7126,4814     7220,7937             1,32%
*     0+    0                         7169,4373     7220,7937             0,72%

Implied bound cuts applied:  601
Flow cuts applied:  15217
Mixed integer rounding cuts applied:  3343
Flow path cuts applied:  278
Gomory fractional cuts applied:  341

Root node processing (before b&c):
  Real time             =  674,31 sec. (230069,48 ticks)
Parallel b&c, 8 threads:
  Real time             =    0,00 sec. (0,00 ticks)
  Sync time (average)   =    0,00 sec.
  Wait time (average)   =    0,00 sec.
                          ------------
Total (root+branch&cut) =  674,31 sec. (230069,48 ticks)

<<< solve


OBJECTIVE: 7169.437
avg_utility = 0.910058

<<< post process


<<< done

