
<<< setup


<<< generate

Found incumbent of value 0,000000 after 0,02 sec. (11,78 ticks)
Tried aggregator 3 times.
MIP Presolve eliminated 175595 rows and 263753 columns.
MIP Presolve modified 2876 coefficients.
Aggregator did 66100 substitutions.
Reduced MIP has 10342 rows, 23908 columns, and 72044 nonzeros.
Reduced MIP has 1989 binaries, 0 generals, 0 SOSs, and 0 indicators.
Presolve time = 2,45 sec. (1794,19 ticks)
Probing time = 0,01 sec. (1,06 ticks)
Tried aggregator 1 time.
Reduced MIP has 10342 rows, 23908 columns, and 72044 nonzeros.
Reduced MIP has 1989 binaries, 0 generals, 0 SOSs, and 0 indicators.
Presolve time = 0,05 sec. (37,74 ticks)
Probing time = 0,01 sec. (1,06 ticks)
MIP emphasis: balance optimality and feasibility.
MIP search method: dynamic search.
Parallel mode: deterministic, using up to 24 threads.
Root relaxation solution time = 0,51 sec. (288,08 ticks)

        Nodes                                         Cuts/
   Node  Left     Objective  IInf  Best Integer    Best Bound    ItCnt     Gap

*     0+    0                          822,0000     9604,6000              --- 
*     0+    0                         2020,3250     9604,6000           375,40%
*     0     0      integral     0     2085,7250     2085,7250       26    0,00%
Elapsed time = 3,16 sec. (2180,36 ticks, tree = 0,00 MB, solutions = 3)

Root node processing (before b&c):
  Real time             =    3,19 sec. (2197,78 ticks)
Parallel b&c, 24 threads:
  Real time             =    0,00 sec. (0,00 ticks)
  Sync time (average)   =    0,00 sec.
  Wait time (average)   =    0,00 sec.
                          ------------
Total (root+branch&cut) =    3,19 sec. (2197,78 ticks)

<<< solve


OBJECTIVE: 2085.725
avg_utility = 0.548154

<<< post process


<<< done

