
<<< setup


<<< generate

Found incumbent of value 0,000000 after 0,01 sec. (7,49 ticks)
Tried aggregator 4 times.
MIP Presolve eliminated 364162 rows and 139009 columns.
Aggregator did 6534 substitutions.
Reduced MIP has 595 rows, 2970 columns, and 5940 nonzeros.
Reduced MIP has 0 binaries, 0 generals, 0 SOSs, and 0 indicators.
Presolve time = 0,32 sec. (381,23 ticks)
Tried aggregator 1 time.
MIP Presolve eliminated 576 rows and 2880 columns.
Reduced MIP has 19 rows, 90 columns, and 180 nonzeros.
Reduced MIP has 0 binaries, 0 generals, 0 SOSs, and 0 indicators.
Presolve time = 0,01 sec. (7,34 ticks)
Tried aggregator 1 time.
Reduced MIP has 19 rows, 90 columns, and 180 nonzeros.
Reduced MIP has 0 binaries, 0 generals, 0 SOSs, and 0 indicators.
Presolve time = 0,01 sec. (4,20 ticks)
MIP emphasis: balance optimality and feasibility.
MIP search method: dynamic search.
Parallel mode: deterministic, using up to 24 threads.
Root relaxation solution time = 0,00 sec. (0,09 ticks)

        Nodes                                         Cuts/
   Node  Left     Objective  IInf  Best Integer    Best Bound    ItCnt     Gap

*     0+    0                            0,0000     3049,4000              --- 
*     0     0      integral     0      306,2500      306,2500       37    0,00%
Elapsed time = 0,36 sec. (409,56 ticks, tree = 0,00 MB, solutions = 2)

Root node processing (before b&c):
  Real time             =    0,36 sec. (415,03 ticks)
Parallel b&c, 24 threads:
  Real time             =    0,00 sec. (0,00 ticks)
  Sync time (average)   =    0,00 sec.
  Wait time (average)   =    0,00 sec.
                          ------------
Total (root+branch&cut) =    0,36 sec. (415,03 ticks)

<<< solve


OBJECTIVE: 306.25
avg_utility = 0.25

<<< post process


<<< done

