
<<< setup


<<< generate

Found incumbent of value 0.000000 after 0.03 sec. (12.20 ticks)
Tried aggregator 2 times.
MIP Presolve eliminated 696147 rows and 106987 columns.
MIP Presolve modified 7716 coefficients.
Aggregator did 47711 substitutions.
Reduced MIP has 20562 rows, 26983 columns, and 71956 nonzeros.
Reduced MIP has 1285 binaries, 0 generals, 0 SOSs, and 0 indicators.
Presolve time = 2.88 sec. (2492.33 ticks)
Probing time = 0.01 sec. (1.32 ticks)
Tried aggregator 1 time.
Reduced MIP has 20562 rows, 26983 columns, and 71956 nonzeros.
Reduced MIP has 1285 binaries, 0 generals, 0 SOSs, and 0 indicators.
Presolve time = 0.10 sec. (44.34 ticks)
Probing time = 0.03 sec. (1.32 ticks)
MIP emphasis: balance optimality and feasibility.
MIP search method: dynamic search.
Parallel mode: deterministic, using up to 8 threads.
Root relaxation solution time = 0.15 sec. (71.09 ticks)

        Nodes                                         Cuts/
   Node  Left     Objective  IInf  Best Integer    Best Bound    ItCnt     Gap

*     0+    0                            0.0000    14010.6991              --- 
      0     0     3266.0000  1258        0.0000     3266.0000     2571     --- 
*     0+    0                         1819.9038     3266.0000            79.46%
      0     0     3181.2883  1118     1819.9038    Cuts: 2716     7008   74.81%
*     0+    0                         2405.2753     3181.2883            32.26%
      0     0     3084.4897  1176     2405.2753    Cuts: 4442    17477   28.24%
      0     0     3003.5762  1077     2405.2753    Cuts: 5240    23577   24.87%
*     0+    0                         2434.2753     3003.5762            23.39%
      0     0     2945.7128   812     2434.2753    Cuts: 5240    27874   21.01%
      0     0     2843.2610   574     2434.2753    Cuts: 3435    31982   16.80%
      0     0     2827.1497   730     2434.2753    Cuts: 2319    33293   16.14%
*     0+    0                         2452.8707     2827.1497            15.26%
*     0+    0                         2460.8707     2827.1497            14.88%
*     0+    0                         2466.2474     2827.1497            14.63%
      0     0     2782.2680   303     2466.2474    Cuts: 2484    34879   12.81%
      0     0     2762.2534   166     2466.2474     Cuts: 923    35258   12.00%
      0     0     2760.1339   161     2466.2474     Cuts: 286    35391   11.92%
      0     0     2758.3798   146     2466.2474     Cuts: 180    35506   11.85%
      0     0     2758.2908   143     2466.2474      Cuts: 10    35516   11.84%
*     0+    0                         2521.2753     2758.2908             9.40%
*     0+    0                         2528.2753     2758.2908             9.10%
      0     2     2758.2908   143     2528.2753     2758.2908    35516    9.10%
Elapsed time = 68.56 sec. (24999.08 ticks, tree = 0.00 MB, solutions = 9)
     12    14     2712.0431   143     2528.2753     2757.1066    35738    9.05%
     55    57     2754.0234   122     2528.2753     2755.0309    36395    8.97%
    124   126     2742.5873   124     2528.2753     2754.0892    37707    8.93%
    168   170     2740.1037   116     2528.2753     2751.0085    38716    8.81%
    200   202     2699.6259    92     2528.2753     2751.0085    39419    8.81%
    215   217     2666.9893    89     2528.2753     2746.9825    39997    8.65%
    281   283     2640.0442    85     2528.2753     2746.9825    42839    8.65%
    289   291     2626.6442   100     2528.2753     2746.9825    43590    8.65%
    300   302     2627.3777   101     2528.2753     2746.9825    45103    8.65%
    326   328     2654.0617    80     2528.2753     2746.9825    46812    8.65%
Elapsed time = 83.67 sec. (28687.78 ticks, tree = 1.26 MB, solutions = 9)
    391   393     2613.3345    92     2528.2753     2746.9825    56121    8.65%
    405   407     2639.0635    98     2528.2753     2746.9825    63108    8.65%
    425   427     2631.9097    73     2528.2753     2746.9825    66037    8.65%
    566   542     2738.1007   107     2528.2753     2746.9825    76110    8.65%
    743   694     2683.4207    63     2528.2753     2742.5175    83817    8.47%
    836   787     2690.7008    54     2528.2753     2742.5175    88494    8.47%
    931   882     2646.7291    55     2528.2753     2742.5175    96000    8.47%
    995   946     2638.3786    44     2528.2753     2742.5175   101622    8.47%
   1033   978     2649.4484    60     2528.2753     2742.5175   107220    8.47%
   1114  1053     2648.1039    75     2528.2753     2742.5175   114571    8.47%
Elapsed time = 148.89 sec. (44639.59 ticks, tree = 17.41 MB, solutions = 9)
   1622  1495     2660.7265    65     2528.2753     2742.5175   129156    8.47%
   1778  1635     2637.9732    57     2528.2753     2742.5175   134703    8.47%
   1998  1835     2665.0029    47     2528.2753     2741.4947   142994    8.43%
   2089  1918     2664.1617    51     2528.2753     2741.4947   148077    8.43%
   2326  2137     2650.7453    45     2528.2753     2741.1312   158460    8.42%
   2374  2169     2647.1405    43     2528.2753     2741.1312   162050    8.42%
   2469  2252     2645.0367    50     2528.2753     2741.1312   167177    8.42%
   2842  2581     2649.9922    43     2528.2753     2734.1309   178884    8.14%
   2906  2639     2640.5978    42     2528.2753     2734.1309   181338    8.14%
   2970  2697     2719.4534   112     2528.2753     2734.1309   183912    8.14%
Elapsed time = 205.21 sec. (55345.81 ticks, tree = 32.59 MB, solutions = 9)
   3085  2788        cutoff           2528.2753     2734.1309   190869    8.14%
*  3478+ 2097                         2540.2753     2696.1236             6.14%

Implied bound cuts applied:  16
Flow cuts applied:  8767
Mixed integer rounding cuts applied:  17277
Gomory fractional cuts applied:  206

Root node processing (before b&c):
  Real time             =   68.38 sec. (24959.78 ticks)
Parallel b&c, 8 threads:
  Real time             =  178.21 sec. (44190.62 ticks)
  Sync time (average)   =   13.40 sec.
  Wait time (average)   =   13.62 sec.
                          ------------
Total (root+branch&cut) =  246.60 sec. (69150.40 ticks)

<<< solve


OBJECTIVE: 2540.275
avg_utility = 0.777794

<<< post process


<<< done

