
<<< setup


<<< generate

Found incumbent of value 0,000000 after 0,06 sec. (64,44 ticks)
Tried aggregator 4 times.
MIP Presolve eliminated 3403165 rows and 1216338 columns.
Aggregator did 5270 substitutions.
Reduced MIP has 1583 rows, 3689 columns, and 8432 nonzeros.
Reduced MIP has 0 binaries, 0 generals, 0 SOSs, and 0 indicators.
Presolve time = 1,36 sec. (2261,13 ticks)
Tried aggregator 2 times.
MIP Presolve eliminated 1546 rows and 3598 columns.
Aggregator did 7 substitutions.
Reduced MIP has 30 rows, 84 columns, and 175 nonzeros.
Reduced MIP has 0 binaries, 0 generals, 0 SOSs, and 0 indicators.
Presolve time = 0,03 sec. (47,05 ticks)
Tried aggregator 1 time.
Reduced MIP has 30 rows, 84 columns, and 175 nonzeros.
Reduced MIP has 0 binaries, 0 generals, 0 SOSs, and 0 indicators.
Presolve time = 0,03 sec. (42,11 ticks)
MIP emphasis: balance optimality and feasibility.
MIP search method: dynamic search.
Parallel mode: deterministic, using up to 8 threads.
Root relaxation solution time = 0,00 sec. (0,09 ticks)

        Nodes                                         Cuts/
   Node  Left     Objective  IInf  Best Integer    Best Bound    ItCnt     Gap

*     0+    0                            0,0000     3115,2471              --- 
*     0     0      integral     0      816,0000      816,0000       36    0,00%
Elapsed time = 1,51 sec. (2476,96 ticks, tree = 0,00 MB, solutions = 1)

Root node processing (before b&c):
  Real time             =    1,55 sec. (2519,12 ticks)
Parallel b&c, 8 threads:
  Real time             =    0,00 sec. (0,00 ticks)
  Sync time (average)   =    0,00 sec.
  Wait time (average)   =    0,00 sec.
                          ------------
Total (root+branch&cut) =    1,55 sec. (2519,12 ticks)

<<< solve


OBJECTIVE: 816
avg_utility = 1

<<< post process


<<< done

