
<<< setup


<<< generate

Presolve has eliminated 77881 rows and 103601 columns...
Tried aggregator 5 times.
MIP Presolve eliminated 210971 rows and 243701 columns.
MIP Presolve modified 17703 coefficients.
Aggregator did 38000 substitutions.
Reduced MIP has 26093 rows, 43356 columns, and 109236 nonzeros.
Reduced MIP has 9128 binaries, 2268 generals, 0 SOSs, and 0 indicators.
Presolve time = 3,30 sec. (13334,97 ticks)
Found incumbent of value 0,000000 after 3,51 sec. (13604,02 ticks)
Probing time = 0,02 sec. (2,31 ticks)
Tried aggregator 4 times.
MIP Presolve eliminated 8106 rows and 8260 columns.
MIP Presolve modified 6390 coefficients.
Aggregator did 6580 substitutions.
Reduced MIP has 11407 rows, 28516 columns, and 71012 nonzeros.
Reduced MIP has 9128 binaries, 2268 generals, 0 SOSs, and 0 indicators.
Presolve time = 0,30 sec. (416,37 ticks)
Probing time = 0,01 sec. (3,05 ticks)
Tried aggregator 1 time.
Reduced MIP has 11407 rows, 28516 columns, and 71012 nonzeros.
Reduced MIP has 9128 binaries, 2268 generals, 0 SOSs, and 0 indicators.
Presolve time = 0,04 sec. (44,62 ticks)
Probing time = 0,01 sec. (3,05 ticks)
Clique table members: 478.
MIP emphasis: balance optimality and feasibility.
MIP search method: dynamic search.
Parallel mode: deterministic, using up to 8 threads.
Root relaxation solution time = 0,24 sec. (385,40 ticks)

        Nodes                                         Cuts/
   Node  Left     Objective  IInf  Best Integer    Best Bound    ItCnt     Gap

*     0+    0                            0,0000     9798,0000              --- 
      0     0     2181,6100    47        0,0000     2181,6100     3335     --- 
      0     0     2181,6100    16        0,0000      Cuts: 81     3379     --- 
      0     0     2181,6100    27        0,0000      Cuts: 20     3550     --- 
      0     0     2181,4917    22        0,0000      Cuts: 22     3684     --- 
*     0+    0                         2181,2000     2181,4917             0,01%
      0     0     2181,4917    23     2181,2000      Cuts: 10     3695    0,01%

Repeating presolve.
Tried aggregator 3 times.
MIP Presolve eliminated 4903 rows and 12665 columns.
MIP Presolve modified 3192 coefficients.
Aggregator did 14 substitutions.
Reduced MIP has 6490 rows, 15837 columns, and 38882 nonzeros.
Reduced MIP has 5608 binaries, 808 generals, 0 SOSs, and 0 indicators.
Presolve time = 0,05 sec. (50,09 ticks)
Probing time = 0,01 sec. (1,65 ticks)
Tried aggregator 1 time.
Reduced MIP has 6490 rows, 15837 columns, and 38882 nonzeros.
Reduced MIP has 5608 binaries, 808 generals, 0 SOSs, and 0 indicators.
Presolve time = 0,02 sec. (21,34 ticks)
Represolve time = 0,12 sec. (106,88 ticks)
Probing time = 0,01 sec. (1,61 ticks)
Clique table members: 1221.
MIP emphasis: balance optimality and feasibility.
MIP search method: dynamic search.
Parallel mode: deterministic, using up to 8 threads.
Root relaxation solution time = 0,18 sec. (228,93 ticks)

        Nodes                                         Cuts/
   Node  Left     Objective  IInf  Best Integer    Best Bound    ItCnt     Gap

*     0+    0                         2181,2000     2181,4917             0,01%
      0     0     2181,4917    40     2181,2000     2181,4917    10136    0,01%
      0     0     2181,4917    19     2181,2000       Cuts: 4    10137    0,01%
      0     0     2181,4917    27     2181,2000      Cuts: 15    10152    0,01%
      0     0     2181,4917    21     2181,2000       Cuts: 3    10168    0,01%
      0     0     2181,4917    25     2181,2000      Cuts: 26    10196    0,01%
*     0+    0                         2181,4000     2181,4917             0,00%
      0     0        cutoff           2181,4000     2181,4917    10196    0,00%
Elapsed time = 7,53 sec. (18640,83 ticks, tree = 0,00 MB, solutions = 3)

Cover cuts applied:  1
Implied bound cuts applied:  56
Flow cuts applied:  6
Mixed integer rounding cuts applied:  6
Gomory fractional cuts applied:  22

Root node processing (before b&c):
  Real time             =    7,55 sec. (18653,85 ticks)
Parallel b&c, 8 threads:
  Real time             =    0,00 sec. (0,00 ticks)
  Sync time (average)   =    0,00 sec.
  Wait time (average)   =    0,00 sec.
                          ------------
Total (root+branch&cut) =    7,55 sec. (18653,85 ticks)

<<< solve


OBJECTIVE: 2181.4
avg_utility = 0.667912

<<< post process


<<< done

