
<<< setup


<<< generate

Presolve has eliminated 391231 rows and 889231 columns...
Tried aggregator 8 times.
MIP Presolve eliminated 863424 rows and 1336953 columns.
MIP Presolve modified 23153 coefficients.
Aggregator did 141155 substitutions.
Reduced MIP has 35603 rows, 88059 columns, and 232606 nonzeros.
Reduced MIP has 33543 binaries, 6378 generals, 0 SOSs, and 0 indicators.
Presolve time = 51,82 sec. (207053,57 ticks)
Found incumbent of value 0,000000 after 52,00 sec. (207168,41 ticks)
Probing time = 0,05 sec. (22,78 ticks)
Tried aggregator 2 times.
MIP Presolve eliminated 0 rows and 4370 columns.
MIP Presolve modified 2488 coefficients.
Aggregator did 4 substitutions.
Reduced MIP has 35599 rows, 83685 columns, and 223858 nonzeros.
Reduced MIP has 29173 binaries, 6378 generals, 0 SOSs, and 0 indicators.
Presolve time = 0,19 sec. (200,23 ticks)
Probing time = 0,22 sec. (22,03 ticks)
Clique table members: 1733.
MIP emphasis: balance optimality and feasibility.
MIP search method: dynamic search.
Parallel mode: deterministic, using up to 24 threads.
Root relaxation solution time = 3,09 sec. (2625,60 ticks)

        Nodes                                         Cuts/
   Node  Left     Objective  IInf  Best Integer    Best Bound    ItCnt     Gap

*     0+    0                            0,0000    32961,0000       88     --- 
      0     0     4624,6868    67        0,0000     4624,6868       88     --- 
      0     0     4439,8255   142        0,0000     Cuts: 158     1190     --- 
      0     0     4333,6190   191        0,0000     Cuts: 149     1821     --- 
      0     0     4241,9085   159        0,0000     Cuts: 115     2200     --- 
      0     0     4188,0668   156        0,0000      Cuts: 89     2524     --- 
      0     0     4173,9904   151        0,0000      Cuts: 58     2650     --- 
      0     0     4165,3264   139        0,0000      Cuts: 41     2788     --- 
      0     0     4164,5644   142        0,0000      Cuts: 18     2862     --- 
      0     0     4164,1480   156        0,0000      Cuts: 21     2910     --- 
      0     0     4163,9949   164        0,0000      Cuts: 12     2937     --- 
      0     0     4163,8688   167        0,0000       Cuts: 5     2969     --- 
      0     2     4163,8688   167        0,0000     4163,8688     2969     --- 
Elapsed time = 64,69 sec. (222307,23 ticks, tree = 0,01 MB, solutions = 1)
      2     4     4160,0576   143        0,0000     4163,7877     3121     --- 
      3     5     4162,2896   118        0,0000     4163,7877     3497     --- 
      5     7     4158,2877   109        0,0000     4163,7877     3786     --- 
      6     8     4157,7293   111        0,0000     4163,7877     3915     --- 
     11    13     4138,6790   133        0,0000     4160,0541     4783     --- 
     14    16     4143,0312   131        0,0000     4160,0541     5443     --- 
     16    18     4105,6872    56        0,0000     4160,0541     9278     --- 
     18    20     4143,4533    81        0,0000     4160,0541     9478     --- 
     24    26     4074,9364    74        0,0000     4160,0541    10012     --- 
     41    43     4128,7170   106        0,0000     4160,0541    12089     --- 
Elapsed time = 69,64 sec. (227778,12 ticks, tree = 0,01 MB, solutions = 1)
     42    44     4124,1018    91        0,0000     4160,0541    13465     --- 
     59    61     4142,0765    97        0,0000     4160,0541    16298     --- 
     75    77     4112,4818    85        0,0000     4160,0541    17612     --- 
     76    78     4097,5564    86        0,0000     4160,0541    18085     --- 
    265   267     4111,4981    70        0,0000     4160,0541    35882     --- 
    384   386     4139,5082    74        0,0000     4160,0541    44052     --- 
    510   512     4076,7983    86        0,0000     4160,0541    60611     --- 
    922   924     3677,9476    74        0,0000     4160,0541    94291     --- 
    951   953     4038,5531    31        0,0000     4160,0541   100266     --- 
    959   961     4052,3330    62        0,0000     4160,0541   100728     --- 
Elapsed time = 99,13 sec. (241505,10 ticks, tree = 1,35 MB, solutions = 1)
   1196  1198     4011,2319    45        0,0000     4160,0541   124587     --- 
   1560  1562     4049,7787    46        0,0000     4160,0541   154360     --- 
   1656  1658     4018,9824    31        0,0000     4160,0541   166230     --- 
   1728  1730     4014,5920    26        0,0000     4160,0541   173006     --- 
   2757  2759     3505,8846    50        0,0000     4160,0541   255242     --- 
   3116  3118     4023,1811    34        0,0000     4160,0541   264429     --- 
   3343  3345     4012,6093    27        0,0000     4160,0541   296346     --- 
   3439  3441     4011,9635    27        0,0000     4160,0541   304166     --- 
   3487  3489     4011,5238    25        0,0000     4160,0541   311224     --- 
   5247  5249     4010,9057    27        0,0000     4160,0541   405180     --- 
Elapsed time = 133,77 sec. (255690,85 ticks, tree = 108,23 MB, solutions = 1)
   5417  5419     3598,4715    62        0,0000     4160,0541   424085     --- 
   5511  5513     4008,2183    24        0,0000     4160,0541   445641     --- 
   5559  5561     4007,2893    24        0,0000     4160,0541   455979     --- 
   5631  5633     4007,7619    24        0,0000     4160,0541   463792     --- 
*  7784+ 5189                         4115,8000     4160,0541   639045    1,08%
   7784  5190     4163,5826   159     4115,8000     4160,0541   639057    1,08%
   7785  5191     4161,4303   149     4115,8000     4160,0541   639126    1,08%
   7787  5191     4155,3374   124     4115,8000     4160,0541   639341    1,08%
   7789  5192     4157,6190   128     4115,8000     4160,0541   639447    1,08%
   7790  5191     4151,0995   114     4115,8000     4160,0541   639507    1,08%
   7797  5193     4137,3914   101     4115,8000     4160,0541   639920    1,08%
Elapsed time = 185,01 sec. (295266,69 ticks, tree = 84,96 MB, solutions = 2)
   7803  5193     4148,0216    95     4115,8000     4160,0541   640159    1,08%
   7810  4544     4147,4506    92     4115,8000     4160,0541   640665    1,08%
   7815  4260     4122,2603    71     4115,8000     4160,0541   641122    1,08%
   7821  4024     4121,2972    72     4115,8000     4160,0541   641511    1,08%
   7833  3466     4150,7233    92     4115,8000     4160,0541   642553    1,08%
   7862  3079     4149,3094    78     4115,8000     4160,0541   643461    1,08%
   7868  2994     4150,4534    92     4115,8000     4160,0541   643733    1,08%
   7920  2654     4146,8922    88     4115,8000     4160,0541   646253    1,08%
   7999  2612     4143,3756    64     4115,8000     4160,0541   649196    1,08%
   8020  2621     4147,3376    55     4115,8000     4160,0541   650346    1,08%
Elapsed time = 206,55 sec. (312267,39 ticks, tree = 41,76 MB, solutions = 2)
   8204  2570     4141,0109    60     4115,8000     4160,0541   656425    1,08%
   8599  2747     4134,8246    55     4115,8000     4160,0541   668354    1,08%
   8811  2839     4119,5565    93     4115,8000     4160,0541   671961    1,08%
   9158  2976     4141,9264    57     4115,8000     4160,0541   678811    1,08%
   9280  3039     4145,0064    37     4115,8000     4160,0541   681713    1,08%
   9988  3362     4116,7067    22     4115,8000     4160,0541   692490    1,08%
  10616  3683     4130,4940    55     4115,8000     4160,0541   702373    1,08%
  10978  3867     4123,1976    22     4115,8000     4160,0541   710910    1,08%
  11375  4041     4120,9273    22     4115,8000     4160,0541   718145    1,08%
* 11853+ 4012                         4130,0000     4160,0541   734013    0,73%
* 11853+ 3857                         4132,0000     4160,0541   734013    0,68%
* 11853+ 3759                         4132,6000     4160,0541   734013    0,66%
  11853  3761     4134,6733    25     4132,6000     4160,0541   734013    0,66%
Elapsed time = 242,44 sec. (325028,98 ticks, tree = 66,88 MB, solutions = 5)
  11988  3817     4133,3602    75     4132,6000     4160,0541   736460    0,66%
  12993  1599     4136,4088   130     4132,6000     4160,0541   757857    0,66%
  13203  1750        cutoff           4132,6000     4160,0541   765743    0,66%
  13602  2103     4138,0915    47     4132,6000     4160,0541   776100    0,66%
  13938  2403     4137,9861    40     4132,6000     4160,0541   785658    0,66%
  15019  3328     4133,8333    15     4132,6000     4148,0795   810125    0,37%
  15091  3383     4133,8333    13     4132,6000     4148,0795   811413    0,37%
  15259  3503     4133,7333    21     4132,6000     4148,0795   817245    0,37%
  15811  3963     4144,8579    49     4132,6000     4148,0795   829594    0,37%
  17136  5119     4143,7566    49     4132,6000     4147,9626   859102    0,37%
Elapsed time = 278,96 sec. (336335,35 ticks, tree = 13,51 MB, solutions = 38)
  17182  5152     4136,4694    52     4132,6000     4147,9626   860197    0,37%
  17302  5242     4136,0743    66     4132,6000     4147,9626   863532    0,37%
* 17539+ 5438                         4132,8000     4147,9626   868075    0,37%
  17566  5463     4135,8305    33     4132,8000     4147,9626   868606    0,37%
* 17843+ 5699                         4133,0000     4147,9626   874343    0,36%
  17931  5780     4140,1548    43     4133,0000     4147,9626   875506    0,36%
  18163  5979     4133,4096    18     4133,0000     4147,9626   879092    0,36%
* 18456+ 6212                         4133,4000     4147,9626   884607    0,35%
  18879  6561     4142,0780    67     4133,4000     4147,9626   891346    0,35%
  18926  6121     4142,2751    42     4133,4000     4146,3896   891889    0,31%
  19502  6608     4139,8418    35     4133,4000     4146,3896   906641    0,31%
  20270  7315     4134,2673    23     4133,4000     4146,3896   919319    0,31%
* 21004+ 7956                         4134,8000     4146,3896   933482    0,28%
* 21986+ 7297                         4135,6000     4145,7510   951071    0,25%
* 21986+ 7297                         4135,8000     4145,7510   951071    0,24%
* 21986+ 7297                         4136,0000     4145,7510   951071    0,24%
  21986  7299     4142,9074    41     4136,0000     4145,7510   951071    0,24%
Elapsed time = 323,23 sec. (349239,83 ticks, tree = 100,42 MB, solutions = 44)
  22435  7693     4135,8042    15     4136,0000     4145,7510   961344    0,24%
  22747  7961     4135,6765    15     4136,0000     4145,7510   966868    0,24%
* 22757+ 7968                         4136,0000     4145,7510   967030    0,24%
  22924  8099     4136,8401    38     4136,0000     4145,7510   971269    0,24%
  23323  8425     4135,4976    15     4136,0000     4145,7510   979722    0,24%
* 23387+ 8473                         4136,0000     4145,7510   980736    0,24%
  25782  8689     4144,7796    82     4136,0000     4145,5056  1013224    0,23%
  26108  8956        cutoff           4136,0000     4145,5056  1019600    0,23%
  26324  9137     4138,6536    44     4136,0000     4145,5056  1023551    0,23%
  26680  9431     4136,7475    24     4136,0000     4145,5056  1030493    0,23%
  27328  9970     4142,6114    43     4136,0000     4145,5056  1045356    0,23%
  27881 10432     4142,4733    61     4136,0000     4145,5056  1054978    0,23%
Elapsed time = 358,28 sec. (359640,27 ticks, tree = 162,76 MB, solutions = 55)
Nodefile size = 26,24 MB (11,08 MB after compression)
  29179 11570     4136,6839    32     4136,0000     4145,1824  1073343    0,22%
  29218 11595     4136,2181    17     4136,0000     4145,1824  1076261    0,22%
  29242 11609     4134,6675    17     4136,0000     4145,1824  1078675    0,22%
  30310 12502     4140,7061    50     4136,0000     4145,1380  1096428    0,22%
  30565 12732     4140,4035    57     4136,0000     4145,1380  1100913    0,22%
  30973 13108     4137,2327    36     4136,0000     4145,1380  1107274    0,22%
  31005 13136     4139,0654    24     4136,0000     4145,1380  1107704    0,22%
  31917 13910     4141,5216    21     4136,0000     4145,1380  1124258    0,22%
  33761 15359     4136,7753    38     4136,0000     4144,8678  1155533    0,21%
  34763 16192     4136,2051    15     4136,0000     4144,8678  1176629    0,21%
Elapsed time = 428,97 sec. (375719,94 ticks, tree = 436,54 MB, solutions = 58)
Nodefile size = 298,68 MB (119,51 MB after compression)
  36888 17906     4140,4052    51     4136,0000     4144,6597  1222003    0,21%
  37215 18170     4138,0883    36     4136,0000     4144,6597  1227942    0,21%
* 39518+19930                         4138,2000     4144,6597  1285491    0,16%
* 39518+19930                         4138,6000     4144,6597  1285491    0,15%
  39706 20072     4138,2714    41     4138,6000     4144,6597  1288638    0,15%
  40759 12673     4140,5386    14     4138,6000     4144,5759  1311439    0,14%
* 40810+12704                         4139,0000     4144,5759  1315251    0,13%
  43130 12730        cutoff           4139,0000     4144,2798  1374626    0,13%
* 43385+12876                         4139,4000     4144,2798  1380883    0,12%
  44423 13510     4139,6719    15     4139,4000     4144,2798  1414109    0,12%
  45758 12501     4141,5650    60     4139,4000     4144,0693  1460545    0,11%
  48452 13984     4139,6052    15     4139,4000     4143,9010  1543462    0,11%
  50137 14959     4139,8754    67     4139,4000     4143,7040  1597767    0,10%
  51623 15801     4140,0734    79     4139,4000     4143,7040  1645891    0,10%
Elapsed time = 587,14 sec. (424437,35 ticks, tree = 449,52 MB, solutions = 62)
Nodefile size = 312,11 MB (132,78 MB after compression)
  52660 16379     4141,9950    62     4139,4000     4143,7040  1684361    0,10%
  53800 16940     4141,3228   105     4139,4000     4143,1359  1737376    0,09%
  55695 17867     4139,7333    52     4139,4000     4142,9924  1832136    0,09%
  55718 17873     4139,7652    26     4139,4000     4142,9924  1833073    0,09%
  56505 18044     4140,2303    42     4139,4000     4142,9924  1873360    0,09%
  57644 18301     4140,1305   117     4139,4000     4142,6589  1921156    0,08%
  58450 18349     4140,2779   128     4139,4000     4142,6589  1957162    0,08%
  59428 18191     4140,8731   116     4139,4000     4142,4871  2002889    0,07%
  60670 18007     4140,6730   103     4139,4000     4142,2366  2063563    0,07%
  61465 17846        cutoff           4139,4000     4142,2366  2102986    0,07%
Elapsed time = 868,01 sec. (580096,84 ticks, tree = 612,45 MB, solutions = 62)
Nodefile size = 499,75 MB (215,36 MB after compression)
  62832 17252     4140,6599   118     4139,4000     4141,9816  2172291    0,06%
  63800 16913        cutoff           4139,4000     4141,9816  2214500    0,06%
  64525 16585     4139,8722   124     4139,4000     4141,7338  2246081    0,06%
  65825 15783     4139,8929   143     4139,4000     4141,7338  2296384    0,06%
  66502 15374     4139,7386    13     4139,4000     4141,6841  2323011    0,06%
  68242 14369        cutoff           4139,4000     4141,5225  2379455    0,05%
  68443 14246     4140,5134   109     4139,4000     4141,5225  2386253    0,05%
  69967 13220        cutoff           4139,4000     4141,0965  2434709    0,04%
  71003 12537        cutoff           4139,4000     4141,0965  2460722    0,04%
  72743 11327     4139,7954   101     4139,4000     4140,8307  2502150    0,03%
Elapsed time = 1046,22 sec. (620981,09 ticks, tree = 328,71 MB, solutions = 62)
Nodefile size = 209,48 MB (91,85 MB after compression)
  74027 10392        cutoff           4139,4000     4140,8307  2527416    0,03%
  75359  9394     4139,7718    30     4139,4000     4140,5589  2551593    0,03%
  75767  9174     4139,7080    34     4139,4000     4140,5589  2558552    0,03%
  78287  7379     4139,7046    34     4139,4000     4140,5324  2592986    0,03%
  80706  5766     4139,7623    32     4139,4000     4140,5324  2617853    0,03%
  81247  5422     4139,6929    34     4139,4000     4140,4073  2622850    0,02%
  83737  3819     4139,6052     9     4139,4000     4140,3678  2642165    0,02%
  84571  3315        cutoff           4139,4000     4140,3678  2648112    0,02%
  84817  3327     4139,7208     6     4139,4000     4139,8700  2652208    0,01%
  85147  3517     4139,7000     6     4139,4000     4139,8700  2658481    0,01%
Elapsed time = 1164,76 sec. (660262,33 ticks, tree = 160,58 MB, solutions = 62)
Nodefile size = 83,87 MB (36,91 MB after compression)
  85779  3849     4139,6208     6     4139,4000     4139,8700  2671315    0,01%
  86897  4377        cutoff           4139,4000     4139,8700  2693446    0,01%
  87905  4800     4139,6000     4     4139,4000     4139,8700  2706094    0,01%
  87943  4818     4139,6000     4     4139,4000     4139,8700  2706214    0,01%

Cover cuts applied:  483
Implied bound cuts applied:  490
Flow cuts applied:  44
Mixed integer rounding cuts applied:  32
Zero-half cuts applied:  3
Gomory fractional cuts applied:  39

Root node processing (before b&c):
  Real time             =   11,63 sec. (14744,51 ticks)
Parallel b&c, 24 threads:
  Real time             = 1122,21 sec. (455088,82 ticks)
  Sync time (average)   =    0,36 sec.
  Wait time (average)   =    0,00 sec.
                          ------------
Total (root+branch&cut) = 1133,83 sec. (469833,33 ticks)

<<< solve


OBJECTIVE: 4139.4
avg_utility = 0.3767543460453276

<<< post process


<<< done

