
<<< setup


<<< generate

Found incumbent of value 0.000000 after 0.01 sec. (5.73 ticks)
Tried aggregator 3 times.
MIP Presolve eliminated 48312 rows and 123534 columns.
MIP Presolve modified 3533 coefficients.
Aggregator did 38560 substitutions.
Reduced MIP has 6110 rows, 16587 columns, and 43387 nonzeros.
Reduced MIP has 5052 binaries, 3139 generals, 0 SOSs, and 0 indicators.
Presolve time = 1.87 sec. (1078.26 ticks)
Probing time = 0.13 sec. (8.33 ticks)
Tried aggregator 1 time.
Reduced MIP has 6110 rows, 16587 columns, and 43387 nonzeros.
Reduced MIP has 5052 binaries, 3139 generals, 0 SOSs, and 0 indicators.
Presolve time = 0.07 sec. (24.64 ticks)
Probing time = 0.11 sec. (7.71 ticks)
Clique table members: 560.
MIP emphasis: balance optimality and feasibility.
MIP search method: dynamic search.
Parallel mode: deterministic, using up to 8 threads.
Root relaxation solution time = 0.14 sec. (96.40 ticks)

        Nodes                                         Cuts/
   Node  Left     Objective  IInf  Best Integer    Best Bound    ItCnt     Gap

*     0+    0                         1330.0000    16187.2000              --- 
*     0+    0                         2137.6000    16187.2000           657.26%
      0     0     3317.2500   351     2137.6000     3317.2500     2085   55.19%
*     0+    0                         2930.4000     3317.2500            13.20%
      0     0     3311.7663   333     2930.4000     Cuts: 665     3086   13.01%
*     0+    0                         3043.6000     3311.7663             8.81%
      0     0     3294.3287   258     3043.6000     Cuts: 775     4362    8.24%
*     0+    0                         3062.4000     3294.3287             7.57%
      0     0     3286.0228   191     3062.4000     Cuts: 592     5697    7.30%
*     0+    0                         3273.6000     3286.0228             0.38%

Flow cuts applied:  1369
Mixed integer rounding cuts applied:  364
Gomory fractional cuts applied:  89

Root node processing (before b&c):
  Real time             =    3.82 sec. (1839.88 ticks)
Parallel b&c, 8 threads:
  Real time             =    0.00 sec. (0.00 ticks)
  Sync time (average)   =    0.00 sec.
  Wait time (average)   =    0.00 sec.
                          ------------
Total (root+branch&cut) =    3.82 sec. (1839.88 ticks)

<<< solve


OBJECTIVE: 3273.6
avg_utility = 0.511181

<<< post process


<<< done

