
<<< setup


<<< generate

Tried aggregator 2 times.
MIP Presolve eliminated 37859 rows and 31457 columns.
MIP Presolve modified 4643 coefficients.
Aggregator did 4640 substitutions.
Reduced MIP has 5107 rows, 9744 columns, and 21344 nonzeros.
Reduced MIP has 3934 binaries, 1170 generals, 0 SOSs, and 0 indicators.
Presolve time = 0,06 sec. (49,78 ticks)
Found incumbent of value 0,000000 after 0,06 sec. (58,62 ticks)
Probing time = 0,00 sec. (2,24 ticks)
Tried aggregator 1 time.
Presolve time = 0,01 sec. (10,14 ticks)
Probing time = 0,02 sec. (2,24 ticks)
Clique table members: 269.
MIP emphasis: balance optimality and feasibility.
MIP search method: dynamic search.
Parallel mode: deterministic, using up to 24 threads.
Root relaxation solution time = 0,06 sec. (64,12 ticks)

        Nodes                                         Cuts/
   Node  Left     Objective  IInf  Best Integer    Best Bound    ItCnt     Gap

*     0+    0                            0,0000     4899,0000     1705     --- 
      0     0      677,3167     6        0,0000      677,3167     1705     --- 
      0     0      677,3167     6        0,0000       Cuts: 3     1708     --- 
      0     0      677,3126    14        0,0000       Cuts: 2     1710     --- 
*     0+    0                          673,2000      677,3126     1710    0,61%
*     0+    0                          677,2000      677,3126     1710    0,02%
      0     0        cutoff            677,2000      677,3126     1710    0,02%
Elapsed time = 1,35 sec. (1757,67 ticks, tree = 0,00 MB, solutions = 3)

Cover cuts applied:  1
Gomory fractional cuts applied:  2

Root node processing (before b&c):
  Real time             =    1,27 sec. (1685,45 ticks)
Parallel b&c, 24 threads:
  Real time             =    0,00 sec. (0,00 ticks)
  Sync time (average)   =    0,00 sec.
  Wait time (average)   =    0,00 sec.
                          ------------
Total (root+branch&cut) =    1,27 sec. (1685,45 ticks)

<<< solve


OBJECTIVE: 677.2
avg_utility = 0.4146968769136564

<<< post process


<<< done

