
<<< setup


<<< generate

Found incumbent of value 0.000000 after 0.02 sec. (8.35 ticks)
Tried aggregator 7 times.
MIP Presolve eliminated 346292 rows and 156484 columns.
MIP Presolve modified 1263 coefficients.
Aggregator did 12581 substitutions.
Reduced MIP has 5034 rows, 11320 columns, and 25156 nonzeros.
Reduced MIP has 1258 binaries, 0 generals, 0 SOSs, and 0 indicators.
Presolve time = 1.39 sec. (864.21 ticks)
Probing time = 0.01 sec. (0.45 ticks)
Tried aggregator 1 time.
Reduced MIP has 5034 rows, 11320 columns, and 25156 nonzeros.
Reduced MIP has 1258 binaries, 0 generals, 0 SOSs, and 0 indicators.
Presolve time = 0.04 sec. (17.69 ticks)
Probing time = 0.01 sec. (0.45 ticks)
MIP emphasis: balance optimality and feasibility.
MIP search method: dynamic search.
Parallel mode: deterministic, using up to 8 threads.
Root relaxation solution time = 0.11 sec. (91.63 ticks)

        Nodes                                         Cuts/
   Node  Left     Objective  IInf  Best Integer    Best Bound    ItCnt     Gap

*     0+    0                            0.0000    13666.3186              --- 
*     0+    0                         2122.8037    13666.3186           543.79%
*     0     0      integral     0     2272.6765     2272.6765     1276    0.00%
Elapsed time = 1.65 sec. (1003.84 ticks, tree = 0.00 MB, solutions = 3)

Root node processing (before b&c):
  Real time             =    1.67 sec. (1011.79 ticks)
Parallel b&c, 8 threads:
  Real time             =    0.00 sec. (0.00 ticks)
  Sync time (average)   =    0.00 sec.
  Wait time (average)   =    0.00 sec.
                          ------------
Total (root+branch&cut) =    1.67 sec. (1011.79 ticks)

<<< solve


OBJECTIVE: 2272.677
avg_utility = 0.695859

<<< post process


<<< done

