
<<< setup


<<< generate

Found incumbent of value 0,000000 after 0,02 sec. (18,90 ticks)
Tried aggregator 8 times.
MIP Presolve eliminated 341693 rows and 327697 columns.
MIP Presolve modified 32478 coefficients.
Aggregator did 111780 substitutions.
Reduced MIP has 48278 rows, 92364 columns, and 284969 nonzeros.
Reduced MIP has 2836 binaries, 0 generals, 0 SOSs, and 0 indicators.
Presolve time = 8,34 sec. (8399,84 ticks)
Probing time = 0,02 sec. (3,90 ticks)
Tried aggregator 1 time.
Reduced MIP has 48278 rows, 92364 columns, and 284969 nonzeros.
Reduced MIP has 2836 binaries, 0 generals, 0 SOSs, and 0 indicators.
Presolve time = 0,19 sec. (160,09 ticks)
Probing time = 0,02 sec. (4,08 ticks)
MIP emphasis: balance optimality and feasibility.
MIP search method: dynamic search.
Parallel mode: deterministic, using up to 8 threads.
Root relaxation solution time = 1,63 sec. (794,53 ticks)

        Nodes                                         Cuts/
   Node  Left     Objective  IInf  Best Integer    Best Bound    ItCnt     Gap

*     0+    0                            0,0000    21569,0000              --- 
      0     0     7845,0000  1383        0,0000     7845,0000    11339     --- 
      0     0     7095,0142  1074        0,0000    Cuts: 4428    67162     --- 
      0     0     6552,3506  1150        0,0000    Cuts: 5704    91354     --- 
      0     0     6086,6715  1328        0,0000    Cuts: 6832   121410     --- 
*     0+    0                         3081,5143     6086,6715            97,52%
*     0+    0                         4369,3429     6086,6715            39,30%
      0     0     5764,7777  1330     4369,3429    Cuts: 8049   141072   31,94%
      0     0     5496,7732   108     4369,3429    Cuts: 8397   165018   25,80%
      0     0     5485,0565   173     4369,3429     Cuts: 845   173955   25,54%
*     0+    0                         4763,2366     5485,0565            15,15%
*     0+    0                         4840,1234     5485,0565            13,32%
*     0+    0                         4888,8000     5485,0565            12,20%
      0     0     5481,3002   286     4888,8000    Cuts: 1291   179677   12,12%
      0     0     5478,3077   279     4888,8000    Cuts: 2080   185799   12,06%
      0     0     5474,4644   256     4888,8000    Cuts: 1735   195310   11,98%
      0     0     5469,9383   319     4888,8000    Cuts: 1638   208093   11,89%
      0     0     5455,8508   210     4888,8000    Cuts: 1690   220303   11,60%
      0     0     5447,4852   223     4888,8000    Cuts: 1088   233480   11,43%
      0     0     5438,0494   161     4888,8000    Cuts: 1471   240205   11,23%
      0     0     5436,8227   210     4888,8000     Cuts: 689   242931   11,21%
      0     0     5433,9317   234     4888,8000     Cuts: 924   251156   11,15%
      0     0     5423,1865   154     4888,8000    Cuts: 1037   255510   10,93%
      0     0     5421,0169   175     4888,8000     Cuts: 584   261649   10,89%
      0     0     5416,9527   138     4888,8000     Cuts: 658   267981   10,80%
      0     0     5411,5006    76     4888,8000     Cuts: 395   270850   10,69%
      0     0     5410,7131    90     4888,8000     Cuts: 232   273302   10,68%
      0     0     5409,5731    62     4888,8000     Cuts: 809   281681   10,65%
      0     0     5409,3680    53     4888,8000     Cuts: 404   286066   10,65%
Heuristic still looking.
Heuristic still looking.
      0     2     5409,3680    53     4888,8000     5409,3680   286066   10,65%
Elapsed time = 772,51 sec. (603857,51 ticks, tree = 0,00 MB, solutions = 6)
      1     3     5392,6778    55     4888,8000     5409,3680   310489   10,65%
      2     4     5377,6847    54     4888,8000     5409,3680   317717   10,65%
      3     5     5380,1492    59     4888,8000     5390,9882   333375   10,27%
      4     6     5375,2718    54     4888,8000     5390,9882   343459   10,27%
      7     9     5371,6475    51     4888,8000     5390,9882   366543   10,27%
      9    11     5362,2408    55     4888,8000     5374,1492   370905    9,93%
     10    12     5360,9086    56     4888,8000     5374,1492   374658    9,93%
*    12+   12                         4957,6413     5374,1492             8,40%
     12    14     5313,4726    56     4957,6413     5374,1492   386676    8,40%
*    13+   13                         4976,3000     5374,1492             7,99%
     13    15     5304,4889    53     4976,3000     5374,1492   397794    7,99%
     16    18     5287,7837    50     4976,3000     5374,1492   451501    7,99%
Elapsed time = 983,91 sec. (753414,12 ticks, tree = 0,00 MB, solutions = 6)
     18    20     5338,7864    51     4976,3000     5371,4931   474191    7,94%
     22    24     5269,2039    49     4976,3000     5371,4931   539499    7,94%
*    23+   23                         4985,4333     5371,4931             7,74%
*    23+   23                         4995,4500     5371,4931             7,53%
     23    25     5278,5511    49     4995,4500     5371,4931   569457    7,53%
     25    27     5281,4799    50     4995,4500     5371,4931   618812    7,53%
     26    28     5324,2537    51     4995,4500     5371,4931   630731    7,53%
     41    43     5308,3787    51     4995,4500     5363,4428   676213    7,37%
     46    48     5277,6475    49     4995,4500     5363,4428   699977    7,37%
     49    51     5297,0084    54     4995,4500     5363,4428   708088    7,37%
     57    59     5307,6898    47     4995,4500     5363,4428   731433    7,37%
     73    75     5280,8058    45     4995,4500     5363,4428   780106    7,37%
Elapsed time = 1423,55 sec. (858536,59 ticks, tree = 0,00 MB, solutions = 13)
     81    83     5274,9844    47     4995,4500     5363,4428   801736    7,37%
     82    84     5291,3310    47     4995,4500     5363,4428   823200    7,37%
    111   111     5259,2634    45     4995,4500     5363,4428   925699    7,37%
    112   112     5283,3456    48     4995,4500     5363,4428  1000378    7,37%
    120   120     5267,6022    47     4995,4500     5363,4428  1251199    7,37%
    128   128     5253,0853    48     4995,4500     5363,4428  1442510    7,37%
    170   168     5146,4087    27     4995,4500     5363,4428  2102919    7,37%
    265   215     5296,6242    51     4995,4500     5363,4428  3275289    7,37%
    266   216     5237,1711    45     4995,4500     5363,4428  3286273    7,37%
    269   219     5322,1308    56     4995,4500     5363,4428  3316178    7,37%
Elapsed time = 2135,49 sec. (1030664,84 ticks, tree = 0,14 MB, solutions = 13)
    277   227     5297,8385    49     4995,4500     5363,4428  3339908    7,37%
    285   235     5288,4085    49     4995,4500     5363,4428  3361608    7,37%
    290   240     5183,0997    44     4995,4500     5363,4428  3386483    7,37%
    293   243     5251,1424    46     4995,4500     5363,4428  3410158    7,37%
    298   248     5200,4625    40     4995,4500     5363,4428  3431388    7,37%
    306   256     5189,5528    39     4995,4500     5363,4428  3458723    7,37%
    308   258     5248,8047    49     4995,4500     5363,4428  3475040    7,37%
    316   266     5227,9011    48     4995,4500     5363,4428  3506256    7,37%
    322   272     5171,9610    37     4995,4500     5363,4428  3519257    7,37%
    324   274     5217,3013    42     4995,4500     5363,4428  3535113    7,37%
Elapsed time = 2477,23 sec. (1102900,19 ticks, tree = 0,14 MB, solutions = 13)
    368   315     5000,7576    34     4995,4500     5363,4428  3651312    7,37%
    369   316     5155,3674    37     4995,4500     5363,4428  3661255    7,37%
    372   319     5165,0473    26     4995,4500     5363,4428  3671962    7,37%
    380   327     5152,8341    25     4995,4500     5363,4428  3694408    7,37%
    388   333     5141,1475    25     4995,4500     5363,4428  3733652    7,37%
    393   336     5138,0777    36     4995,4500     5363,4428  3773059    7,37%
    401   344     5131,2480    34     4995,4500     5363,4428  3797112    7,37%
    469   392     5001,3606    28     4995,4500     5363,4428  3955281    7,37%
    491   404     5230,5662    46     4995,4500     5363,4428  3998343    7,37%
    492   405     5217,8045    45     4995,4500     5363,4428  4002086    7,37%
Elapsed time = 3168,56 sec. (1241224,05 ticks, tree = 6,32 MB, solutions = 13)
    493   406     5128,1979    34     4995,4500     5363,4428  4023573    7,37%
    501   414     5097,2413    30     4995,4500     5363,4428  4060817    7,37%
    509   416     5096,5267    31     4995,4500     5363,4428  4071895    7,37%
    512   419     5074,1502    20     4995,4500     5363,4428  4088622    7,37%
    520   424     5074,8102    20     4995,4500     5363,4428  4101948    7,37%
    524   424     5181,1589    41     4995,4500     5363,4428  4105834    7,37%
    594   472     5225,1761    48     4995,4500     5363,4428  4293636    7,37%
    617   484     5219,1738    38     4995,4500     5363,4428  4334818    7,37%
    618   485     5166,4318    39     4995,4500     5363,4428  4337128    7,37%
    620   487     5332,4014    59     4995,4500     5363,4428  4364635    7,37%
Elapsed time = 3806,23 sec. (1371548,50 ticks, tree = 10,02 MB, solutions = 13)
    628   495     5321,3190    57     4995,4500     5363,4428  4411797    7,37%
    636   503     5316,0571    55     4995,4500     5363,4428  4433271    7,37%
    644   511     5319,3117    56     4995,4500     5363,4428  4461885    7,37%
    652   519     5269,2872    57     4995,4500     5363,4428  4497613    7,37%
    660   525     5303,9381    60     4995,4500     5363,4428  4526803    7,37%
    668   533     5291,6666    54     4995,4500     5363,4428  4568984    7,37%
    676   539     5288,1542    55     4995,4500     5363,4428  4585083    7,37%
    684   547     5274,3986    60     4995,4500     5363,4428  4623241    7,37%
    692   553     5267,1988    57     4995,4500     5363,4428  4636146    7,37%
    700   561     5260,9573    54     4995,4500     5363,4428  4667101    7,37%
Elapsed time = 4370,51 sec. (1502755,39 ticks, tree = 10,02 MB, solutions = 13)
    735   583     5330,9134    54     4995,4500     5363,4428  4738070    7,37%
    806   654     5024,4814    63     4995,4500     5347,8043  4869971    7,05%
    807   655     5330,4480    55     4995,4500     5347,8043  4896289    7,05%
    815   663     5236,3663    70     4995,4500     5347,8043  4925388    7,05%
    823   669     5320,6105    52     4995,4500     5347,8043  4956136    7,05%
    831   673     5046,8443   144     4995,4500     5347,8043  4989129    7,05%
    839   679     5305,2615    54     4995,4500     5347,8043  5017535    7,05%
    847   686     5292,9827    46     4995,4500     5347,8043  5046529    7,05%
    855   692     5274,9800    45     4995,4500     5347,8043  5064825    7,05%
    863   700     5269,6334    46     4995,4500     5347,8043  5094791    7,05%
Elapsed time = 5091,22 sec. (1652671,50 ticks, tree = 14,53 MB, solutions = 13)
    871   707     5257,8939    44     4995,4500     5347,8043  5120700    7,05%
   1061   887     5026,2163    72     4995,4500     5347,8043  5455030    7,05%
   1080   906     5057,6948    88     4995,4500     5347,8043  5484361    7,05%
   1085   911     5018,7964    75     4995,4500     5347,8043  5497132    7,05%
   1088   913     5015,7847   119     4995,4500     5347,8043  5506411    7,05%
   1096   917     5011,8090   126     4995,4500     5347,8043  5519028    7,05%
   1104   921     5008,0765   134     4995,4500     5347,8043  5540864    7,05%
   1106   923     5078,6694    20     4995,4500     5347,8043  5561824    7,05%
   1120   933     5000,3990   154     4995,4500     5347,8043  5589407    7,05%
   1130   941     5063,1546    21     4995,4500     5347,8043  5626558    7,05%
Elapsed time = 5425,75 sec. (1716987,23 ticks, tree = 25,13 MB, solutions = 13)
   1137   945     5185,2048    41     4995,4500     5347,8043  5665026    7,05%
   1145   949     5170,2674    38     4995,4500     5347,8043  5679321    7,05%
   1153   957     5159,3750    37     4995,4500     5347,8043  5703222    7,05%
   1161   965     5146,2368    38     4995,4500     5347,8043  5717251    7,05%
   1162   965     5005,6023    21     4995,4500     5347,8043  5741161    7,05%
   1177   978     5138,3532    38     4995,4500     5347,8043  5784248    7,05%
   1185   984     5122,7574    35     4995,4500     5347,8043  5805689    7,05%
   1186   985     5280,1821    58     4995,4500     5347,8043  5824889    7,05%
   1194   991     5262,2206    57     4995,4500     5347,8043  5842611    7,05%
   1202   997     5246,8126    57     4995,4500     5347,8043  5885131    7,05%
Elapsed time = 5954,88 sec. (1825178,85 ticks, tree = 25,13 MB, solutions = 13)
   1210  1005     5230,9706    54     4995,4500     5347,8043  5916906    7,05%
   1218  1013     5209,9914    55     4995,4500     5347,8043  5943693    7,05%
   1344  1132     5302,5913    52     4995,4500     5347,8043  6218072    7,05%
   1353  1141     5045,8698    27     4995,4500     5347,8043  6232592    7,05%
   1354  1142     5202,5486    53     4995,4500     5347,8043  6241548    7,05%
   1362  1146     5202,2672    53     4995,4500     5347,8043  6286117    7,05%
   1370  1152     5192,3017    45     4995,4500     5347,8043  6341762    7,05%
   1378  1160     5190,3773    45     4995,4500     5347,8043  6371427    7,05%
   1394  1173     5168,6977    33     4995,4500     5347,8043  6442518    7,05%
   1402  1179     5161,0925    31     4995,4500     5347,8043  6487553    7,05%
Elapsed time = 6488,22 sec. (1946375,53 ticks, tree = 31,20 MB, solutions = 13)
   1413  1188     5237,0342    57     4995,4500     5347,8043  6543894    7,05%
   1421  1194     5232,8311    54     4995,4500     5347,8043  6569758    7,05%
   1429  1200     5237,4747    51     4995,4500     5347,8043  6614690    7,05%
   1437  1208     5224,0981    49     4995,4500     5347,8043  6655139    7,05%
   1445  1216     5213,1755    48     4995,4500     5347,8043  6688964    7,05%
   1453  1223     5196,6520    47     4995,4500     5347,8043  6714895    7,05%
   1461  1228     5185,0261    46     4995,4500     5347,8043  6750221    7,05%
   1469  1232     5177,9353    44     4995,4500     5347,8043  6774342    7,05%
   1484  1245     5255,6337    52     4995,4500     5347,8043  6922113    7,05%
   1583  1327     5235,5102    46     4995,4500     5311,4622  7141277    6,33%
Elapsed time = 7063,05 sec. (2069338,82 ticks, tree = 39,99 MB, solutions = 13)
   1588  1332     5275,1679    59     4995,4500     5311,4622  7164810    6,33%
   1595  1337     5150,1586    46     4995,4500     5311,4622  7203226    6,33%
   1599  1341     5198,6866    47     4995,4500     5311,4622  7219942    6,33%
   1603  1345     5155,8938    44     4995,4500     5311,4622  7239741    6,33%
   1604  1346     5259,4351    52     4995,4500     5311,4622  7252292    6,33%
   1611  1352     5145,2125    43     4995,4500     5311,4622  7284782    6,33%
   1619  1358     5128,0935    47     4995,4500     5311,4622  7322624    6,33%
   1620  1359     5220,4835    41     4995,4500     5311,4622  7329916    6,33%
   1628  1367     5214,0915    38     4995,4500     5311,4622  7357424    6,33%
   1636  1375     5207,3765    41     4995,4500     5311,4622  7404933    6,33%
Elapsed time = 7356,98 sec. (2161386,67 ticks, tree = 39,99 MB, solutions = 13)
   1643  1382     5054,6922    57     4995,4500     5311,4622  7476633    6,33%
   1651  1390     5106,3042    44     4995,4500     5311,4622  7547142    6,33%
   1654  1393     5175,3138    48     4995,4500     5311,4622  7567227    6,33%
   1655  1394     5124,4168    40     4995,4500     5311,4622  7574981    6,33%
   1663  1401     5117,7652    42     4995,4500     5311,4622  7610054    6,33%
   1668  1404     5153,1459    31     4995,4500     5311,4622  7627216    6,33%
   1676  1412     5147,1448    38     4995,4500     5311,4622  7665008    6,33%
   1680  1415     5258,0967    50     4995,4500     5311,4622  7702070    6,33%
   1688  1422     5242,7703    48     4995,4500     5311,4622  7751975    6,33%
   1696  1426     5226,7676    42     4995,4500     5311,4622  7771096    6,33%
Elapsed time = 7774,84 sec. (2287854,37 ticks, tree = 41,51 MB, solutions = 13)
   1704  1434     5205,9702    44     4995,4500     5311,4622  7820080    6,33%
   1720  1448     5181,2418    46     4995,4500     5311,4622  7886453    6,33%
   1728  1455     5167,0440    46     4995,4500     5311,4622  7908546    6,33%
   1736  1462     5155,6790    40     4995,4500     5311,4622  7948622    6,33%
   1744  1466     5144,7494    39     4995,4500     5311,4622  7978891    6,33%
   1760  1482     5126,6021    37     4995,4500     5311,4622  8057726    6,33%
   1768  1490     5121,5339    39     4995,4500     5311,4622  8082643    6,33%
   1784  1504     5115,8759    39     4995,4500     5311,4622  8130959    6,33%
   1792  1510     5115,8644    37     4995,4500     5311,4622  8151018    6,33%
   1795  1513     5214,4004    45     4995,4500     5311,4622  8170624    6,33%
Elapsed time = 8363,98 sec. (2406571,79 ticks, tree = 41,51 MB, solutions = 13)
   1803  1519     5208,9519    44     4995,4500     5311,4622  8216146    6,33%
   1811  1527     5195,5477    42     4995,4500     5311,4622  8244650    6,33%
   1827  1541     5168,0961    41     4995,4500     5311,4622  8299693    6,33%
   1835  1546     5157,2826    39     4995,4500     5311,4622  8319451    6,33%
   1843  1552     5172,6221    36     4995,4500     5311,4622  8359274    6,33%
   2033  1727     5267,4417    39     4995,4500     5299,6741  8758271    6,09%
   2036  1728     5010,0117    86     4995,4500     5299,6741  8762129    6,09%
   2043  1735     5007,5469   105     4995,4500     5299,6741  8790371    6,09%
   2049  1741     5231,9153    41     4995,4500     5299,6741  8852971    6,09%
   2057  1747     5221,4560    45     4995,4500     5299,6741  8897847    6,09%
Elapsed time = 8883,13 sec. (2517485,43 ticks, tree = 50,68 MB, solutions = 13)
   2073  1759     5191,4847    46     4995,4500     5299,6741  8982994    6,09%
   2078  1762     5127,0511    33     4995,4500     5299,6741  9015111    6,09%
   2081  1763     5176,9356    51     4995,4500     5299,6741  9023245    6,09%
   2089  1767     5166,0522    52     4995,4500     5299,6741  9055781    6,09%
   2097  1773     5158,8965    50     4995,4500     5299,6741  9093469    6,09%
   2105  1779     5146,4060    49     4995,4500     5299,6741  9135258    6,09%
   2113  1785     5136,1583    47     4995,4500     5299,6741  9161523    6,09%
   2121  1793     5119,0794    50     4995,4500     5299,6741  9197568    6,09%
   2129  1801     5106,8845    53     4995,4500     5299,6741  9238522    6,09%
   2132  1804     5236,1875    49     4995,4500     5299,6741  9271439    6,09%
Elapsed time = 9314,86 sec. (2609855,90 ticks, tree = 50,68 MB, solutions = 13)
   2140  1812     5218,2527    46     4995,4500     5299,6741  9316491    6,09%
   2148  1820     5214,9374    46     4995,4500     5299,6741  9359148    6,09%
   2156  1828     5213,2124    48     4995,4500     5299,6741  9394772    6,09%
   2164  1836     5198,6869    47     4995,4500     5299,6741  9414428    6,09%
   2172  1844     5181,8255    42     4995,4500     5299,6741  9441466    6,09%
   2180  1852     5161,1061    42     4995,4500     5299,6741  9475412    6,09%
   2188  1860     5148,8967    40     4995,4500     5299,6741  9503919    6,09%
   2196  1868     5133,8876    36     4995,4500     5299,6741  9551347    6,09%
   2212  1884     5116,8424    39     4995,4500     5299,6741  9620646    6,09%
   2220  1892     5110,6716    38     4995,4500     5299,6741  9653667    6,09%
Elapsed time = 9840,83 sec. (2723643,00 ticks, tree = 50,68 MB, solutions = 13)
   2256  1920     5253,9939    44     4995,4500     5299,6741  9844179    6,09%
   2373  2019     5101,8564    43     4995,4500     5295,5539 10124873    6,01%
   2374  2020     5267,6229    48     4995,4500     5295,5539 10151772    6,01%
   2379  2025     5262,3698    54     4995,4500     5295,5539 10227319    6,01%
   2382  2026     5219,1129    50     4995,4500     5295,5539 10239717    6,01%
   2390  2034     5267,0523    48     4995,4500     5295,5539 10282885    6,01%
   2395  2039     5253,8610    52     4995,4500     5295,5539 10332145    6,01%
   2403  2047     5236,0168    48     4995,4500     5295,5539 10388554    6,01%
   2411  2053     5220,0103    44     4995,4500     5295,5539 10425799    6,01%
   2419  2059     5199,2187    46     4995,4500     5295,5539 10461717    6,01%
Elapsed time = 10618,83 sec. (2873145,36 ticks, tree = 58,35 MB, solutions = 13)
   2427  2067     5188,0427    42     4995,4500     5295,5539 10510342    6,01%
   2435  2075     5183,3955    43     4995,4500     5295,5539 10585520    6,01%
   2443  2083     5167,6311    42     4995,4500     5295,5539 10629293    6,01%
   2451  2089     5153,4571    43     4995,4500     5295,5539 10677341    6,01%
   2459  2095     5146,9917    43     4995,4500     5295,5539 10734086    6,01%
   2467  2101     5136,0814    41     4995,4500     5295,5539 10770921    6,01%
   2475  2109     5128,9791    41     4995,4500     5295,5539 10829652    6,01%
   2483  2116     5116,4929    40     4995,4500     5295,5539 10878937    6,01%
   2491  2122     5100,2718    38     4995,4500     5295,5539 10935079    6,01%
   2499  2127     5089,1806    41     4995,4500     5295,5539 10959710    6,01%
Elapsed time = 11170,68 sec. (2977274,80 ticks, tree = 58,35 MB, solutions = 13)
   2507  2131     5083,1480    41     4995,4500     5295,5539 10973401    6,01%
   2515  2137     5070,8771    46     4995,4500     5295,5539 11043381    6,01%
   2523  2145     5066,4827    46     4995,4500     5295,5539 11102499    6,01%
   2531  2150     5064,1044    46     4995,4500     5295,5539 11147054    6,01%
   2535  2150     5180,2453    57     4995,4500     5295,5539 11154408    6,01%
   2543  2155     5166,8913    64     4995,4500     5295,5539 11175214    6,01%
   2551  2161     5152,6267    65     4995,4500     5295,5539 11247696    6,01%
   2705  2299     5211,4857    47     4995,4500     5291,5212 11838740    5,93%
   2706  2300     5285,8508    61     4995,4500     5291,5212 11845548    5,93%
   2714  2308     5267,9638    52     4995,4500     5291,5212 11905424    5,93%
Elapsed time = 11754,70 sec. (3112447,81 ticks, tree = 65,70 MB, solutions = 13)
   2722  2316     5245,7427    49     4995,4500     5291,5212 11961335    5,93%
   2730  2324     5235,8603    52     4995,4500     5291,5212 11997567    5,93%
   2746  2340     5205,6197    54     4995,4500     5291,5212 12066539    5,93%
   2754  2348     5194,8470    54     4995,4500     5291,5212 12112617    5,93%
   2762  2355     5156,6596    48     4995,4500     5291,5212 12158988    5,93%
   2770  2359     5148,2140    48     4995,4500     5291,5212 12210980    5,93%
   2778  2365     5131,3129    46     4995,4500     5291,5212 12247719    5,93%
   2786  2373     5119,6234    46     4995,4500     5291,5212 12280328    5,93%
   2794  2378     5109,8319    46     4995,4500     5291,5212 12315484    5,93%
   2810  2392     5086,6397    48     4995,4500     5291,5212 12385303    5,93%
Elapsed time = 12306,82 sec. (3220780,54 ticks, tree = 65,70 MB, solutions = 13)
   2826  2408     5079,2937    50     4995,4500     5291,5212 12492454    5,93%
   2834  2413     5072,7837    47     4995,4500     5291,5212 12524700    5,93%
   2842  2419     5069,7069    49     4995,4500     5291,5212 12555627    5,93%
   2850  2425     5061,2254    47     4995,4500     5291,5212 12625338    5,93%
   2858  2431     5057,0745    46     4995,4500     5291,5212 12684724    5,93%
   2866  2439     5041,6318    45     4995,4500     5291,5212 12750777    5,93%
   2874  2447     5032,8969    49     4995,4500     5291,5212 12812900    5,93%
   2885  2457     5115,3064    32     4995,4500     5291,5212 12882981    5,93%
   2893  2464     5098,1867    35     4995,4500     5291,5212 12940545    5,93%
   2901  2470     5104,6123    29     4995,4500     5291,5212 13008544    5,93%
Elapsed time = 13042,52 sec. (3366217,04 ticks, tree = 65,70 MB, solutions = 13)
   2917  2483     5087,5319    27     4995,4500     5291,5212 13122507    5,93%
   2925  2488     5083,4060    27     4995,4500     5291,5212 13156001    5,93%
   2941  2502     5051,0155    24     4995,4500     5291,5212 13286752    5,93%
   2946  2507     5258,7246    45     4995,4500     5291,5212 13318382    5,93%
   2954  2513     5244,1881    44     4995,4500     5291,5212 13347185    5,93%
   2962  2521     5227,3719    37     4995,4500     5291,5212 13417830    5,93%
   2970  2527     5206,6534    37     4995,4500     5291,5212 13452782    5,93%
   3002  2556     5178,3261    50     4995,4500     5291,5212 13620607    5,93%
   3008  2562     5255,9582    62     4995,4500     5291,5212 13655531    5,93%
   3141  2674     5219,6815    48     4995,4500     5288,3645 13932874    5,86%
Elapsed time = 13615,97 sec. (3483152,51 ticks, tree = 75,87 MB, solutions = 13)
   3145  2676     5239,3472    42     4995,4500     5288,3645 13963220    5,86%
   3153  2684     5218,6171    43     4995,4500     5288,3645 14014707    5,86%
   3158  2689     5173,2199    33     4995,4500     5288,3645 14066233    5,86%
   3166  2697     5168,3201    40     4995,4500     5288,3645 14150172    5,86%
   3169  2700     5209,6641    46     4995,4500     5288,3645 14168811    5,86%
   3177  2706     5200,4478    45     4995,4500     5288,3645 14221858    5,86%
   3182  2709     5151,4887    36     4995,4500     5288,3645 14238334    5,86%
   3190  2717     5145,2287    38     4995,4500     5288,3645 14284482    5,86%
   3206  2729     5134,7612    40     4995,4500     5288,3645 14361617    5,86%
   3214  2737     5129,4246    41     4995,4500     5288,3645 14405439    5,86%
Elapsed time = 14121,72 sec. (3583229,98 ticks, tree = 75,87 MB, solutions = 13)
   3222  2745     5127,7828    40     4995,4500     5288,3645 14447666    5,86%
   3230  2753     5119,7898    41     4995,4500     5288,3645 14490770    5,86%
   3238  2761     5111,6776    44     4995,4500     5288,3645 14532512    5,86%
   3239  2762     5224,9692    36     4995,4500     5288,3645 14553412    5,86%
   3247  2770     5204,2497    36     4995,4500     5288,3645 14607162    5,86%
   3271  2794     5167,1825    38     4995,4500     5288,3645 14708439    5,86%
   3287  2810     5150,4127    39     4995,4500     5288,3645 14820569    5,86%
   3311  2831     5116,5942    41     4995,4500     5288,3645 14916744    5,86%
   3327  2842     5098,3010    50     4995,4500     5288,3645 14997193    5,86%
   3340  2850     5044,6372    48     4995,4500     5288,3645 15056723    5,86%
Elapsed time = 14695,35 sec. (3678305,41 ticks, tree = 75,87 MB, solutions = 13)
   3348  2856     5035,9189    51     4995,4500     5288,3645 15110026    5,86%
   3356  2861     5032,8741    51     4995,4500     5288,3645 15136923    5,86%
   3364  2867     5026,1789    52     4995,4500     5288,3645 15185897    5,86%
   3369  2872     5242,0797    56     4995,4500     5288,3645 15216404    5,86%
   3377  2880     5226,0946    49     4995,4500     5288,3645 15276530    5,86%
   3385  2888     5216,3686    42     4995,4500     5288,3645 15317915    5,86%
   3393  2896     5208,1943    42     4995,4500     5288,3645 15359990    5,86%
   3401  2903     5187,4126    42     4995,4500     5288,3645 15413564    5,86%
   3409  2909     5175,3627    38     4995,4500     5288,3645 15456144    5,86%
   3412  2912     5259,6406    53     4995,4500     5288,3645 15494614    5,86%
Elapsed time = 15111,54 sec. (3762770,12 ticks, tree = 75,87 MB, solutions = 13)
   3420  2918     5255,6823    60     4995,4500     5288,3645 15542560    5,86%
   3433  2926     5141,5226    35     4995,4500     5288,3645 15606854    5,86%
   3441  2934     5130,7316    33     4995,4500     5288,3645 15641853    5,86%
   3446  2939     5187,9341    65     4995,4500     5288,3645 15699902    5,86%
   3454  2947     5182,7870    67     4995,4500     5288,3645 15745210    5,86%
   3462  2955     5169,7910    82     4995,4500     5288,3645 15813097    5,86%
   3470  2961     5146,6436    78     4995,4500     5288,3645 15864470    5,86%
   3478  2967     5141,7572    82     4995,4500     5288,3645 15972602    5,86%
   3486  2975     5124,9656    72     4995,4500     5288,3645 16039978    5,86%
   3525  3012     5051,9896    34     4995,4500     5288,3645 16278527    5,86%
Elapsed time = 15579,24 sec. (3882943,84 ticks, tree = 75,87 MB, solutions = 13)
   3602  3070     5239,5484    55     4995,4500     5288,3645 16646891    5,86%
*  3684+ 2093                         5000,3000     5285,5085             5,70%
*  3684+ 1394                         5001,3000     5072,5680             1,42%

Implied bound cuts applied:  683
Flow cuts applied:  19769
Mixed integer rounding cuts applied:  13510
Flow path cuts applied:  377
Gomory fractional cuts applied:  206

Root node processing (before b&c):
  Real time             =  772,31 sec. (603629,69 ticks)
Parallel b&c, 8 threads:
  Real time             = 15025,68 sec. (3441174,05 ticks)
  Sync time (average)   = 1101,09 sec.
  Wait time (average)   = 1101,36 sec.
                          ------------
Total (root+branch&cut) = 15797,99 sec. (4044803,73 ticks)

<<< solve


OBJECTIVE: 5001.3
avg_utility = 0.637514

<<< post process


<<< done

