
<<< setup


<<< generate

Found incumbent of value 0,000000 after 0,02 sec. (26,17 ticks)
Aggregator has done 118256 substitutions...
Tried aggregator 12 times.
MIP Presolve eliminated 341035 rows and 475314 columns.
MIP Presolve modified 43366 coefficients.
Aggregator did 155119 substitutions.
Reduced MIP has 75009 rows, 150048 columns, and 466577 nonzeros.
Reduced MIP has 3600 binaries, 0 generals, 0 SOSs, and 0 indicators.
Presolve time = 26,24 sec. (18621,37 ticks)
Probing time = 0,03 sec. (6,21 ticks)
Tried aggregator 1 time.
Reduced MIP has 75009 rows, 150048 columns, and 466577 nonzeros.
Reduced MIP has 3600 binaries, 0 generals, 0 SOSs, and 0 indicators.
Presolve time = 0,36 sec. (250,17 ticks)
Probing time = 0,07 sec. (6,47 ticks)
MIP emphasis: balance optimality and feasibility.
MIP search method: dynamic search.
Parallel mode: deterministic, using up to 8 threads.
Root relaxation solution time = 12,09 sec. (3616,00 ticks)

        Nodes                                         Cuts/
   Node  Left     Objective  IInf  Best Integer    Best Bound    ItCnt     Gap

*     0+    0                            0,0000    42840,0000              --- 
      0     0    15457,7107  1753        0,0000    15457,7107      589     --- 
      0     0    13392,4748  1871        0,0000    Cuts: 9393    41440     --- 
      0     0    12157,4353  2107        0,0000    Cuts: 9353    65883     --- 
      0     0    11215,8682  1858        0,0000    Cuts: 9940    87913     --- 
*     0+    0                         7187,1350    11215,8682            56,05%
*     0+    0                         9071,2354    11215,8682            23,64%
      0     0    10859,2756  1010     9071,2354    Cuts: 9999   103068   19,71%
      0     0    10566,9667  1393     9071,2354    Cuts: 7712   133735   16,49%
      0     0    10279,5010   495     9071,2354    Cuts: 9729   154765   13,32%
      0     0    10186,7265   318     9071,2354    Cuts: 3271   170596   12,30%
*     0+    0                         9309,5333    10186,7265             9,42%
      0     0    10156,3811   273     9309,5333    Cuts: 1885   179106    9,10%
      0     0    10151,4577   249     9309,5333    Cuts: 2898   200383    9,04%
      0     0    10140,7374    67     9309,5333    Cuts: 1289   202286    8,93%
      0     0    10138,2615    63     9309,5333     Cuts: 226   217512    8,90%
      0     0    10137,2396    72     9309,5333     Cuts: 201   227039    8,89%
      0     0    10136,9680    72     9309,5333     Cuts: 282   251424    8,89%
Heuristic still looking.
Heuristic still looking.
Heuristic still looking.
      0     2    10136,9680    72     9309,5333    10136,9680   251424    8,89%
Elapsed time = 1177,19 sec. (666010,01 ticks, tree = 0,00 MB, solutions = 4)
      1     3    10068,4181    81     9309,5333    10136,9680   265330    8,89%
      2     4    10131,2608    70     9309,5333    10136,9680   269432    8,89%
      3     5    10125,8655    62     9309,5333    10131,2608   314346    8,83%
      4     6    10030,6306    69     9309,5333    10131,2608   357251    8,83%
      6     8    10029,4278    65     9309,5333    10131,2608   374950    8,83%
      9    11    10112,4015    73     9309,5333    10131,2608   456843    8,83%
     12    14     9904,3063    93     9309,5333    10131,2608   570369    8,83%
     13    15     9922,4326   110     9309,5333    10131,2608   627406    8,83%
     14    16    10033,1447    91     9309,5333    10131,2608   647262    8,83%
     18    20    10079,7663    71     9309,5333    10131,2608   665917    8,83%
Elapsed time = 1424,10 sec. (780614,36 ticks, tree = 0,00 MB, solutions = 4)
     19    21     9959,4640    59     9309,5333    10131,2608   668808    8,83%
*    23+   23                         9421,7333    10131,2608             7,53%
     23    25     9992,3630   111     9421,7333    10131,2608   687219    7,53%
     24    26     9876,7334    74     9421,7333    10131,2608   707098    7,53%
*    25+   25                         9426,4333    10131,2608             7,48%
     38    40     9981,0806    50     9426,4333    10131,2608   775704    7,48%
     39    41     9877,7046    49     9426,4333    10131,2608   779684    7,48%
     42    44     9855,6999    78     9426,4333    10131,2608   785409    7,48%
     47    49     9834,1547    46     9426,4333    10131,2608   794974    7,48%
     55    57     9854,0379    49     9426,4333    10131,2608   846255    7,48%
     58    60     9758,4001    40     9426,4333    10131,2608   856030    7,48%
     66    68     9726,3591    40     9426,4333    10131,2608   923792    7,48%
Elapsed time = 1974,55 sec. (874530,48 ticks, tree = 0,00 MB, solutions = 7)
     89    86     9885,0892    53     9426,4333    10131,2608  1159511    7,48%
    106    97     9861,6934    41     9426,4333    10131,2608  1282373    7,48%
    109   100     9460,7651    72     9426,4333    10131,2608  1299223    7,48%
    116   107     9589,0692    32     9426,4333    10131,2608  1358019    7,48%
    124   113     9524,6576    39     9426,4333    10131,2608  1444768    7,48%
    132   115     9578,5357    34     9426,4333    10131,2608  1558074    7,48%
    140   123     9516,8547    33     9426,4333    10131,2608  1631242    7,48%
    148   131     9570,2715    35     9426,4333    10131,2608  1722276    7,48%
    149   132    10007,4172    69     9426,4333    10131,2608  1723108    7,48%
    157   140     9969,4368    69     9426,4333    10131,2608  1821070    7,48%
Elapsed time = 2355,99 sec. (956257,77 ticks, tree = 0,00 MB, solutions = 7)
    165   146     9953,5820    63     9426,4333    10131,2608  1924804    7,48%
    173   154     9926,5016    59     9426,4333    10131,2608  2010865    7,48%
    181   160     9899,5872    47     9426,4333    10131,2608  2094041    7,48%
    189   168     9881,9061    53     9426,4333    10131,2608  2216485    7,48%
    196   173        cutoff           9426,4333    10131,2608  2312832    7,48%
    204   177     9455,9433    27     9426,4333    10131,2608  2448475    7,48%
    212   183     9441,3907    28     9426,4333    10131,2608  2545685    7,48%
    220   187        cutoff           9426,4333    10131,2608  2666411    7,48%
    228   189        cutoff           9426,4333    10131,2608  2742825    7,48%
    236   193        cutoff           9426,4333    10131,2608  2846478    7,48%
Elapsed time = 2438,31 sec. (990092,82 ticks, tree = 0,00 MB, solutions = 7)
    254   203     9798,2415    67     9426,4333    10131,2608  3080346    7,48%
    279   218     9609,3676   123     9426,4333    10131,2608  3439389    7,48%
    291   220     9625,1380    44     9426,4333    10067,4997  3558338    6,80%
    292   221     9782,5253   110     9426,4333    10067,4997  3576593    6,80%
    300   229     9784,6208    80     9426,4333    10067,4997  3630226    6,80%
    302   231     9733,1228    39     9426,4333    10067,4997  3644317    6,80%
    310   237     9667,0915    36     9426,4333    10067,4997  3686053    6,80%
    367   288     9947,6271    57     9426,4333    10067,4997  4038390    6,80%
    401   315     9690,2589    69     9426,4333    10067,4997  4200975    6,80%
    403   315     9523,4576    76     9426,4333    10067,4997  4204187    6,80%
Elapsed time = 3099,30 sec. (1127671,50 ticks, tree = 21,77 MB, solutions = 7)
    406   318     9645,4658    29     9426,4333    10067,4997  4209248    6,80%
    409   317     9675,0850    69     9426,4333    10067,4997  4212590    6,80%
    412   318     9693,3296    39     9426,4333    10067,4997  4231844    6,80%
    420   323     9655,7977    37     9426,4333    10067,4997  4304321    6,80%
    547   422     9938,7875    72     9426,4333    10067,4997  5183810    6,80%
    561   424     9880,6005    59     9426,4333    10039,1090  5367921    6,50%
    569   432     9854,0922    33     9426,4333    10039,1090  5433357    6,50%
    577   440     9826,9997    30     9426,4333    10039,1090  5482798    6,50%
    583   446     9529,6913    68     9426,4333    10039,1090  5509626    6,50%
    591   454     9501,8440    70     9426,4333    10039,1090  5544516    6,50%
Elapsed time = 4050,45 sec. (1285134,84 ticks, tree = 38,13 MB, solutions = 7)
    599   462     9496,6259    98     9426,4333    10039,1090  5585997    6,50%
    607   470     9477,7777   136     9426,4333    10039,1090  5629263    6,50%
    615   478     9461,7875   130     9426,4333    10039,1090  5710278    6,50%
    623   486     9458,8168   130     9426,4333    10039,1090  5769550    6,50%
    631   494     9455,5610   133     9426,4333    10039,1090  5823840    6,50%
    645   508     9526,4558    51     9426,4333    10039,1090  5901752    6,50%
    797   642     9473,9723   117     9426,4333    10039,1090  6831087    6,50%
    798   643     9844,1248    93     9426,4333    10039,1090  6838531    6,50%
    805   648     9450,5380   132     9426,4333    10039,1090  6885910    6,50%
    806   649     9840,2611    95     9426,4333    10039,1090  6895803    6,50%
Elapsed time = 4182,12 sec. (1343631,89 ticks, tree = 47,72 MB, solutions = 7)
    814   655     9803,9578    93     9426,4333    10039,1090  6965228    6,50%
    815   656     9948,9372   100     9426,4333    10039,1090  6975013    6,50%
    823   664     9942,4959    93     9426,4333    10039,1090  7012760    6,50%
    831   670     9814,7136    52     9426,4333    10039,1090  7071510    6,50%
    839   674     9782,0327    57     9426,4333    10039,1090  7106047    6,50%
    855   684     9741,6270    58     9426,4333    10039,1090  7222586    6,50%
    862   691     9970,0629    84     9426,4333    10039,1090  7262499    6,50%
    870   699     9943,7763    49     9426,4333    10039,1090  7298830    6,50%
    878   705     9920,3966    54     9426,4333    10039,1090  7327956    6,50%
    886   711     9880,2300    54     9426,4333    10039,1090  7391942    6,50%
Elapsed time = 4461,05 sec. (1393485,42 ticks, tree = 47,72 MB, solutions = 7)
    888   713     9985,3000    85     9426,4333    10039,1090  7410556    6,50%
    891   716     9782,3246    57     9426,4333    10039,1090  7425741    6,50%
    899   722     9771,0549    55     9426,4333    10039,1090  7456260    6,50%
    907   728     9751,0384    57     9426,4333    10039,1090  7490652    6,50%
    915   736     9733,4945    59     9426,4333    10039,1090  7545044    6,50%
    923   744     9724,9938    62     9426,4333    10039,1090  7586506    6,50%
    931   750     9717,8599    60     9426,4333    10039,1090  7618492    6,50%
    939   754     9714,9117    62     9426,4333    10039,1090  7682263    6,50%
    947   760     9702,1603    59     9426,4333    10039,1090  7744619    6,50%
    955   768     9696,4283    57     9426,4333    10039,1090  7783747    6,50%
Elapsed time = 4611,92 sec. (1424601,33 ticks, tree = 47,72 MB, solutions = 7)
    963   774     9638,5784    23     9426,4333    10039,1090  7843218    6,50%
    971   778     9568,1478    38     9426,4333    10039,1090  7901458    6,50%
    987   792     9531,4617    24     9426,4333    10039,1090  8025173    6,50%
   1031   832        cutoff           9426,4333    10039,1090  8315107    6,50%
   1062   861     9462,6247    88     9426,4333     9966,5754  8501282    5,73%
   1065   864     9915,8346    78     9426,4333     9966,5754  8519957    5,73%
   1073   870     9888,7481    70     9426,4333     9966,5754  8590975    5,73%
   1081   878     9845,5540    69     9426,4333     9966,5754  8652345    5,73%
   1089   884     9808,7416    77     9426,4333     9966,5754  8705081    5,73%
   1105   894     9772,0032    74     9426,4333     9966,5754  8784656    5,73%
Elapsed time = 5034,19 sec. (1498858,83 ticks, tree = 58,28 MB, solutions = 7)
   1113   902     9739,5712    88     9426,4333     9966,5754  8831305    5,73%
   1129   916     9684,7678    87     9426,4333     9966,5754  8940438    5,73%
   1145   924     9642,0469    58     9426,4333     9966,5754  9060307    5,73%
   1169   942     9592,2677    54     9426,4333     9966,5754  9215258    5,73%
   1193   960     9529,6125    53     9426,4333     9966,5754  9350355    5,73%
   1220   985     9788,8240   119     9426,4333     9966,5754  9491635    5,73%
   1236  1001     9772,8275    81     9426,4333     9966,5754  9545799    5,73%
   1244  1007     9762,7357    83     9426,4333     9966,5754  9594476    5,73%
   1268  1023     9631,6041    83     9426,4333     9966,5754  9720459    5,73%
   1273  1028     9868,9519    54     9426,4333     9966,5754  9762258    5,73%
Elapsed time = 5287,43 sec. (1562232,49 ticks, tree = 58,28 MB, solutions = 7)
   1332  1065        cutoff           9426,4333     9922,4128 10246191    5,26%
   1338  1071     9702,9979    76     9426,4333     9922,4128 10331210    5,26%
   1348  1079     9825,6454    57     9426,4333     9922,4128 10421333    5,26%
   1364  1095     9766,9362    60     9426,4333     9922,4128 10511274    5,26%
   1376  1107     9751,8441    62     9426,4333     9922,4128 10600588    5,26%
   1392  1123     9692,1425    51     9426,4333     9922,4128 10697702    5,26%
   1408  1139     9626,4139    50     9426,4333     9922,4128 10798511    5,26%
   1424  1155     9618,8582    40     9426,4333     9922,4128 10943186    5,26%
   1481  1200     9855,2724    63     9426,4333     9922,4128 11347360    5,26%
   1553  1238     9841,5650   100     9426,4333     9922,4128 11894491    5,26%
Elapsed time = 6048,57 sec. (1712308,16 ticks, tree = 66,67 MB, solutions = 7)
   1564  1245     9710,9056   119     9426,4333     9922,4128 11963277    5,26%
   1566  1247     9683,2071   125     9426,4333     9913,1162 11980209    5,16%
   1574  1255     9645,4375   117     9426,4333     9913,1162 12048255    5,16%
   1591  1272     9562,2443    85     9426,4333     9913,1162 12176580    5,16%
   1607  1288     9511,3440    82     9426,4333     9913,1162 12272697    5,16%
   1620  1301     9527,1416    79     9426,4333     9913,1162 12359079    5,16%
   1626  1307     9660,9802    56     9426,4333     9913,1162 12380375    5,16%
   1642  1321     9626,2920    58     9426,4333     9913,1162 12474094    5,16%
   1658  1333     9595,7648    57     9426,4333     9913,1162 12610722    5,16%
   1666  1339     9566,9463    53     9426,4333     9913,1162 12667213    5,16%
Elapsed time = 6670,27 sec. (1822543,92 ticks, tree = 76,85 MB, solutions = 7)
   1690  1357     9547,3297    37     9426,4333     9913,1162 12791556    5,16%
   1706  1371     9513,6030   115     9426,4333     9913,1162 12907953    5,16%
   1725  1376     9857,3002   117     9426,4333     9913,1162 13043069    5,16%
   1809  1448     9823,4233   158     9426,4333     9898,8646 13728565    5,01%
   1825  1462     9760,1898   165     9426,4333     9898,8646 13855324    5,01%
   1833  1468     9722,6575   166     9426,4333     9898,8646 13926942    5,01%
   1848  1483     9535,0936    76     9426,4333     9898,8646 14023027    5,01%
   1851  1486     9520,9106   112     9426,4333     9898,8646 14067975    5,01%
   1867  1498     9487,2606    98     9426,4333     9898,8646 14163833    5,01%
   1871  1502     9728,1343    56     9426,4333     9898,8646 14218676    5,01%
Elapsed time = 7429,11 sec. (1973628,17 ticks, tree = 85,12 MB, solutions = 7)
   1895  1522     9636,1402    56     9426,4333     9898,8646 14373184    5,01%
   1903  1530     9566,3809    21     9426,4333     9898,8646 14439255    5,01%
   1919  1540     9506,2873    18     9426,4333     9898,8646 14527069    5,01%
   1943  1554     9521,2092    21     9426,4333     9898,8646 14721662    5,01%
   1967  1574     9464,3489    16     9426,4333     9898,8646 14911236    5,01%
   1969  1576     9847,5785    58     9426,4333     9898,8646 14927506    5,01%
   1985  1586     9796,9232    53     9426,4333     9898,8646 15052455    5,01%
   2050  1631     9714,5806   100     9426,4333     9898,8646 15620508    5,01%
   2058  1635     9811,7197   157     9426,4333     9898,8646 15717060    5,01%
   2060  1637     9791,8322   154     9426,4333     9886,1658 15732715    4,88%
Elapsed time = 7824,93 sec. (2089221,09 ticks, tree = 92,99 MB, solutions = 7)
   2076  1653     9713,8286   152     9426,4333     9886,1658 15844916    4,88%
   2079  1656     9530,0688    89     9426,4333     9886,1658 15876912    4,88%
   2103  1676     9495,3053    82     9426,4333     9886,1658 16019232    4,88%
   2114  1685     9849,1253    94     9426,4333     9886,1658 16108126    4,88%
   2130  1699     9802,1196    90     9426,4333     9886,1658 16206153    4,88%
   2145  1712     9684,0794   119     9426,4333     9886,1658 16343481    4,88%
   2154  1717     9714,6932    88     9426,4333     9886,1658 16396180    4,88%
   2163  1722     9839,1321    67     9426,4333     9886,1658 16455707    4,88%
   2167  1726     9817,0405    53     9426,4333     9886,1658 16484810    4,88%
   2191  1748     9703,4332    50     9426,4333     9886,1658 16686072    4,88%
Elapsed time = 8298,61 sec. (2169438,40 ticks, tree = 92,99 MB, solutions = 7)
   2207  1756     9660,7605    42     9426,4333     9886,1658 16807610    4,88%
   2223  1770     9621,7227    34     9426,4333     9886,1658 16907036    4,88%
   2239  1786     9566,9210    35     9426,4333     9886,1658 17045466    4,88%
   2255  1800     9526,6717    32     9426,4333     9886,1658 17140083    4,88%
   2265  1808     9685,0928   138     9426,4333     9886,1658 17239996    4,88%
   2281  1824     9621,2054   130     9426,4333     9886,1658 17347674    4,88%
   2297  1836     9558,1260   115     9426,4333     9886,1658 17442150    4,88%
   2309  1846     9726,8080    63     9426,4333     9886,1658 17557024    4,88%
   2317  1852     9707,2652    62     9426,4333     9886,1658 17613539    4,88%
   2343  1876     9427,6635    78     9426,4333     9886,1658 17791042    4,88%
Elapsed time = 8715,30 sec. (2251114,42 ticks, tree = 92,99 MB, solutions = 7)
   2360  1889     9825,2342    89     9426,4333     9886,1658 17936329    4,88%
   2450  1955     9877,2841    91     9426,4333     9886,1658 18546806    4,88%
   2452  1957     9808,0661    56     9426,4333     9882,6200 18582052    4,84%
   2454  1959     9713,0874    61     9426,4333     9882,6200 18616175    4,84%
   2470  1971     9645,8808    44     9426,4333     9882,6200 18738669    4,84%
   2494  1993     9591,5707    30     9426,4333     9882,6200 18941221    4,84%
   2495  1994     9662,9263    76     9426,4333     9882,6200 18974943    4,84%
   2503  2000     9650,1454    73     9426,4333     9882,6200 19035668    4,84%
   2519  2016     9599,7623    78     9426,4333     9882,6200 19172310    4,84%
   2543  2040     9573,6090    63     9426,4333     9882,6200 19336848    4,84%
Elapsed time = 9068,81 sec. (2369108,66 ticks, tree = 106,33 MB, solutions = 7)
   2551  2046     9560,5627    62     9426,4333     9882,6200 19400129    4,84%
   2553  2046     9601,9856    59     9426,4333     9882,6200 19420986    4,84%
   2585  2074     9573,3419    50     9426,4333     9882,6200 19649917    4,84%
   2609  2092     9520,2007    27     9426,4333     9882,6200 19921789    4,84%
   2633  2110     9501,3520    75     9426,4333     9882,6200 20029819    4,84%
   2655  2122     9805,9151   152     9426,4333     9882,6200 20197652    4,84%
   2663  2126     9778,8416   117     9426,4333     9882,6200 20258908    4,84%
   2671  2132     9758,6035   115     9426,4333     9882,6200 20308491    4,84%
   2679  2138     9696,6747   121     9426,4333     9882,6200 20340680    4,84%
   2695  2154     9652,3856    70     9426,4333     9882,6200 20491502    4,84%
Elapsed time = 9957,27 sec. (2525181,22 ticks, tree = 106,33 MB, solutions = 7)
   2821  2238     9480,5764    81     9426,4333     9869,0022 21593655    4,69%
   2829  2246     9451,8744    79     9426,4333     9869,0022 21669325    4,69%
   2853  2270     9434,6081    74     9426,4333     9869,0022 21902278    4,69%
   2869  2284        cutoff           9426,4333     9869,0022 22056971    4,69%
   2885  2296     9813,6371   120     9426,4333     9869,0022 22230627    4,69%
   2901  2306     9748,7556    99     9426,4333     9869,0022 22388061    4,69%
   2917  2318     9615,8660   108     9426,4333     9869,0022 22591380    4,69%
   3095  2450     9668,2699   123     9426,4333     9869,0022 24387789    4,69%
   3109  2460     9587,0718    71     9426,4333     9860,0301 24533082    4,60%
   3111  2462     9643,8020   143     9426,4333     9860,0301 24545188    4,60%
Elapsed time = 11363,51 sec. (2794200,30 ticks, tree = 124,22 MB, solutions = 7)
   3113  2464     9751,6448   128     9426,4333     9860,0301 24568026    4,60%
   3117  2466     9571,8894    71     9426,4333     9860,0301 24598301    4,60%
   3119  2468     9606,0437   138     9426,4333     9860,0301 24609591    4,60%
   3143  2492     9507,6607   123     9426,4333     9860,0301 24785808    4,60%
   3159  2508     9440,0002    79     9426,4333     9860,0301 24895064    4,60%

Implied bound cuts applied:  1990
Flow cuts applied:  26943
Mixed integer rounding cuts applied:  26171
Flow path cuts applied:  44
Lift and project cuts applied:  1
Gomory fractional cuts applied:  180

Root node processing (before b&c):
  Real time             = 1176,87 sec. (665872,91 ticks)
Parallel b&c, 8 threads:
  Real time             = 10825,91 sec. (2476842,09 ticks)
  Sync time (average)   = 1241,90 sec.
  Wait time (average)   = 1242,32 sec.
                          ------------
Total (root+branch&cut) = 12002,78 sec. (3142715,00 ticks)

<<< solve


OBJECTIVE: 9426.433
avg_utility = 0.584186

<<< post process


<<< done

