
<<< setup


<<< generate

Found incumbent of value 0.000000 after 0.01 sec. (2.43 ticks)
Tried aggregator 2 times.
MIP Presolve eliminated 108859 rows and 29313 columns.
MIP Presolve modified 4645 coefficients.
Aggregator did 8640 substitutions.
Reduced MIP has 5107 rows, 7888 columns, and 19488 nonzeros.
Reduced MIP has 2078 binaries, 1170 generals, 0 SOSs, and 0 indicators.
Presolve time = 0.25 sec. (114.31 ticks)
Probing time = 0.01 sec. (0.95 ticks)
Tried aggregator 1 time.
Reduced MIP has 5107 rows, 7888 columns, and 19488 nonzeros.
Reduced MIP has 2078 binaries, 1170 generals, 0 SOSs, and 0 indicators.
Presolve time = 0.03 sec. (13.94 ticks)
Probing time = 0.01 sec. (0.95 ticks)
Clique table members: 269.
MIP emphasis: balance optimality and feasibility.
MIP search method: dynamic search.
Parallel mode: deterministic, using up to 8 threads.
Root relaxation solution time = 0.18 sec. (156.98 ticks)

        Nodes                                         Cuts/
   Node  Left     Objective  IInf  Best Integer    Best Bound    ItCnt     Gap

*     0+    0                            0.0000     7005.3495              --- 
      0     0     1224.2144    28        0.0000     1224.2144     3685     --- 
*     0+    0                         1172.1211     1224.2144             4.44%
      0     0     1216.3677    16     1172.1211       Cuts: 9     4559    3.77%
      0     0     1213.9659    12     1172.1211       Cuts: 4     4575    3.57%
      0     0     1213.5768    15     1172.1211    MIRcuts: 1     4578    3.54%
      0     0     1213.4165    15     1172.1211    MIRcuts: 1     4581    3.52%
      0     0     1213.3119    14     1172.1211    MIRcuts: 1     4583    3.51%
      0     0     1212.5360    20     1172.1211      Fract: 1     4591    3.45%
      0     0     1211.0230    18     1172.1211    MIRcuts: 3     5469    3.32%
*     0+    0                         1205.2579     1211.0230             0.48%
*     0+    0                         1207.5532     1211.0230             0.29%

Mixed integer rounding cuts applied:  7
Gomory fractional cuts applied:  11

Root node processing (before b&c):
  Real time             =    2.13 sec. (1532.01 ticks)
Parallel b&c, 8 threads:
  Real time             =    0.00 sec. (0.00 ticks)
  Sync time (average)   =    0.00 sec.
  Wait time (average)   =    0.00 sec.
                          ------------
Total (root+branch&cut) =    2.13 sec. (1532.01 ticks)

<<< solve


OBJECTIVE: 1207.553
avg_utility = 0.739469

<<< post process


<<< done

