
<<< setup


<<< generate

Found incumbent of value 0,000000 after 0,07 sec. (67,94 ticks)
Tried aggregator 9 times.
MIP Presolve eliminated 3610763 rows and 1249185 columns.
Aggregator did 16907 substitutions.
Reduced MIP has 1538 rows, 7685 columns, and 15370 nonzeros.
Reduced MIP has 0 binaries, 0 generals, 0 SOSs, and 0 indicators.
Presolve time = 2,72 sec. (4520,48 ticks)
Tried aggregator 1 time.
MIP Presolve eliminated 1509 rows and 7545 columns.
Reduced MIP has 29 rows, 140 columns, and 280 nonzeros.
Reduced MIP has 0 binaries, 0 generals, 0 SOSs, and 0 indicators.
Presolve time = 0,03 sec. (51,18 ticks)
Tried aggregator 1 time.
Reduced MIP has 29 rows, 140 columns, and 280 nonzeros.
Reduced MIP has 0 binaries, 0 generals, 0 SOSs, and 0 indicators.
Presolve time = 0,03 sec. (40,83 ticks)
MIP emphasis: balance optimality and feasibility.
MIP search method: dynamic search.
Parallel mode: deterministic, using up to 8 threads.
Root relaxation solution time = 0,00 sec. (0,17 ticks)

        Nodes                                         Cuts/
   Node  Left     Objective  IInf  Best Integer    Best Bound    ItCnt     Gap

*     0+    0                            0,0000     8395,4702              --- 
*     0     0      integral     0     1092,2753     1092,2753       58    0,00%
Elapsed time = 2,89 sec. (4756,76 ticks, tree = 0,00 MB, solutions = 2)

Root node processing (before b&c):
  Real time             =    2,96 sec. (4803,15 ticks)
Parallel b&c, 8 threads:
  Real time             =    0,00 sec. (0,00 ticks)
  Sync time (average)   =    0,00 sec.
  Wait time (average)   =    0,00 sec.
                          ------------
Total (root+branch&cut) =    2,96 sec. (4803,15 ticks)

<<< solve


OBJECTIVE: 1092.275
avg_utility = 0.382182

<<< post process


<<< done

