
<<< setup


<<< generate

Found incumbent of value 0,000000 after 0,05 sec. (41,30 ticks)
Tried aggregator 2 times.
MIP Presolve eliminated 88189 rows and 346149 columns.
MIP Presolve modified 24387 coefficients.
Aggregator did 21405 substitutions.
Reduced MIP has 335025 rows, 1034119 columns, and 2878576 nonzeros.
Reduced MIP has 45565 binaries, 0 generals, 0 SOSs, and 0 indicators.
Presolve time = 4,22 sec. (1460,95 ticks)
Probing time = 0,38 sec. (36,12 ticks)
Tried aggregator 1 time.
MIP Presolve eliminated 15666 rows and 40765 columns.
MIP Presolve modified 1212 coefficients.
Reduced MIP has 319157 rows, 993354 columns, and 2756782 nonzeros.
Reduced MIP has 45565 binaries, 0 generals, 0 SOSs, and 0 indicators.
Presolve time = 2,84 sec. (1319,44 ticks)
Probing time = 2,11 sec. (35,98 ticks)
MIP emphasis: balance optimality and feasibility.
MIP search method: dynamic search.
Parallel mode: deterministic, using up to 8 threads.
Root relaxation solution time = 13,37 sec. (1831,91 ticks)

        Nodes                                         Cuts/
   Node  Left     Objective  IInf  Best Integer    Best Bound    ItCnt     Gap

*     0+    0                            0,0000    73897,2145              --- 
      0     0    17226,0000  3984        0,0000    17226,0000     6701     --- 
      0     0    16935,4457  2790        0,0000    Cuts: 9962    97491     --- 
*     0+    0                        11519,3760    16935,4457            47,02%
      0     0    16818,7145  3445    11519,3760    Cuts: 8650  1395536   46,00%
*     0+    0                        12964,3224    16818,7145            29,73%
      0     0    16582,7462  3042    12964,3224    Cuts: 9681  1571928   27,91%
*     0+    0                        13394,7904    16582,7462            23,80%
*     0+    0                        13526,8552    16582,7462            22,59%
*     0+    0                        13531,1878    16582,7462            22,55%
*     0+    0                        13556,5419    16582,7462            22,32%
*     0+    0                        13563,0093    16582,7462            22,26%
*     0+    0                        13563,0764    16582,7462            22,26%
*     0+    0                        13563,6624    16582,7462            22,26%
*     0+    0                        13563,7061    16582,7462            22,26%
