
<<< setup


<<< generate

Found incumbent of value 0,000000 after 0,02 sec. (17,23 ticks)
Tried aggregator 5 times.
MIP Presolve eliminated 194303 rows and 411457 columns.
Aggregator did 117174 substitutions.
Reduced MIP has 1614 rows, 8010 columns, and 28850 nonzeros.
Reduced MIP has 0 binaries, 0 generals, 0 SOSs, and 0 indicators.
Presolve time = 3,21 sec. (2791,67 ticks)
Tried aggregator 1 time.
MIP Presolve eliminated 1368 rows and 6840 columns.
Reduced MIP has 246 rows, 1170 columns, and 4205 nonzeros.
Reduced MIP has 0 binaries, 0 generals, 0 SOSs, and 0 indicators.
Presolve time = 0,01 sec. (15,10 ticks)
Tried aggregator 1 time.
Reduced MIP has 246 rows, 1170 columns, and 4205 nonzeros.
Reduced MIP has 0 binaries, 0 generals, 0 SOSs, and 0 indicators.
Presolve time = 0,00 sec. (7,38 ticks)
MIP emphasis: balance optimality and feasibility.
MIP search method: dynamic search.
Parallel mode: deterministic, using up to 8 threads.
Root relaxation solution time = 0,01 sec. (3,48 ticks)

        Nodes                                         Cuts/
   Node  Left     Objective  IInf  Best Integer    Best Bound    ItCnt     Gap

*     0+    0                         2126,0000    26425,1700              --- 
*     0     0      integral     0     6059,9806     6059,9806      275    0,00%
Elapsed time = 3,27 sec. (2863,79 ticks, tree = 0,00 MB, solutions = 2)

Root node processing (before b&c):
  Real time             =    3,30 sec. (2886,60 ticks)
Parallel b&c, 8 threads:
  Real time             =    0,00 sec. (0,00 ticks)
  Sync time (average)   =    0,00 sec.
  Wait time (average)   =    0,00 sec.
                          ------------
Total (root+branch&cut) =    3,30 sec. (2886,60 ticks)

<<< solve


OBJECTIVE: 6059.981
avg_utility = 0.77001

<<< post process


<<< done

