
<<< setup


<<< generate

Found incumbent of value 0,000000 after 0,03 sec. (16,97 ticks)
Tried aggregator 4 times.
MIP Presolve eliminated 179414 rows and 390549 columns.
MIP Presolve modified 4993 coefficients.
Aggregator did 108467 substitutions.
Reduced MIP has 13669 rows, 32105 columns, and 102671 nonzeros.
Reduced MIP has 2796 binaries, 0 generals, 0 SOSs, and 0 indicators.
Presolve time = 5,76 sec. (3652,73 ticks)
Probing time = 0,12 sec. (1,23 ticks)
Tried aggregator 1 time.
Reduced MIP has 13669 rows, 32105 columns, and 102671 nonzeros.
Reduced MIP has 2796 binaries, 0 generals, 0 SOSs, and 0 indicators.
Presolve time = 0,08 sec. (47,95 ticks)
Probing time = 0,10 sec. (1,24 ticks)
MIP emphasis: balance optimality and feasibility.
MIP search method: dynamic search.
Parallel mode: deterministic, using up to 24 threads.
Root relaxation solution time = 0,57 sec. (336,67 ticks)

        Nodes                                         Cuts/
   Node  Left     Objective  IInf  Best Integer    Best Bound    ItCnt     Gap

*     0+    0                         1706,0000    27105,7973              --- 
*     0+    0                         5804,1476    27105,7973           367,01%
      0     0     6266,1829   179     5804,1476     6266,1829     2726    7,96%
*     0+    0                         6255,9312     6266,1829             0,16%

Flow cuts applied:  69
Mixed integer rounding cuts applied:  11
Gomory fractional cuts applied:  1

Root node processing (before b&c):
  Real time             =    8,53 sec. (5872,93 ticks)
Parallel b&c, 24 threads:
  Real time             =    0,00 sec. (0,00 ticks)
  Sync time (average)   =    0,00 sec.
  Wait time (average)   =    0,00 sec.
                          ------------
Total (root+branch&cut) =    8,53 sec. (5872,93 ticks)

<<< solve


OBJECTIVE: 6255.931
avg_utility = 0.795111

<<< post process


<<< done

