
<<< setup


<<< generate

Found incumbent of value 0,000000 after 0,06 sec. (65,98 ticks)
Tried aggregator 3 times.
MIP Presolve eliminated 3602055 rows and 1209377 columns.
Aggregator did 3223 substitutions.
Reduced MIP has 294 rows, 1465 columns, and 2930 nonzeros.
Reduced MIP has 0 binaries, 0 generals, 0 SOSs, and 0 indicators.
Presolve time = 1,09 sec. (1962,97 ticks)
Tried aggregator 1 time.
MIP Presolve eliminated 282 rows and 1410 columns.
Reduced MIP has 12 rows, 55 columns, and 110 nonzeros.
Reduced MIP has 0 binaries, 0 generals, 0 SOSs, and 0 indicators.
Presolve time = 0,02 sec. (41,67 ticks)
Tried aggregator 1 time.
Reduced MIP has 12 rows, 55 columns, and 110 nonzeros.
Reduced MIP has 0 binaries, 0 generals, 0 SOSs, and 0 indicators.
Presolve time = 0,03 sec. (40,19 ticks)
MIP emphasis: balance optimality and feasibility.
MIP search method: dynamic search.
Parallel mode: deterministic, using up to 8 threads.
Root relaxation solution time = 0,00 sec. (0,04 ticks)

        Nodes                                         Cuts/
   Node  Left     Objective  IInf  Best Integer    Best Bound    ItCnt     Gap

*     0+    0                            0,0000     1563,9002              --- 
*     0     0      integral     0      346,1474      346,1474       20    0,00%
Elapsed time = 1,23 sec. (2182,59 ticks, tree = 0,00 MB, solutions = 2)

Root node processing (before b&c):
  Real time             =    1,29 sec. (2226,63 ticks)
Parallel b&c, 8 threads:
  Real time             =    0,00 sec. (0,00 ticks)
  Sync time (average)   =    0,00 sec.
  Wait time (average)   =    0,00 sec.
                          ------------
Total (root+branch&cut) =    1,29 sec. (2226,63 ticks)

<<< solve


OBJECTIVE: 346.1474
avg_utility = 0.848401

<<< post process


<<< done

