
<<< setup


<<< generate

Found incumbent of value 0,000000 after 0,01 sec. (11,70 ticks)
Tried aggregator 4 times.
MIP Presolve eliminated 175251 rows and 260529 columns.
MIP Presolve modified 2497 coefficients.
Aggregator did 64891 substitutions.
Reduced MIP has 11091 rows, 25461 columns, and 77914 nonzeros.
Reduced MIP has 2058 binaries, 0 generals, 0 SOSs, and 0 indicators.
Presolve time = 1,95 sec. (1916,75 ticks)
Probing time = 0,01 sec. (1,14 ticks)
Tried aggregator 1 time.
Reduced MIP has 11091 rows, 25461 columns, and 77914 nonzeros.
Reduced MIP has 2058 binaries, 0 generals, 0 SOSs, and 0 indicators.
Presolve time = 0,04 sec. (40,41 ticks)
Probing time = 0,01 sec. (1,14 ticks)
MIP emphasis: balance optimality and feasibility.
MIP search method: dynamic search.
Parallel mode: deterministic, using up to 8 threads.
Root relaxation solution time = 0,17 sec. (151,14 ticks)

        Nodes                                         Cuts/
   Node  Left     Objective  IInf  Best Integer    Best Bound    ItCnt     Gap

*     0+    0                            0,0000     9747,0000              --- 
      0     0     3775,0000   939        0,0000     3775,0000      670     --- 
*     0+    0                         3102,3372     3775,0000            21,68%
      0     0     3359,4161    50     3102,3372    Cuts: 2845     7768    8,29%
      0     0     3186,7240    11     3102,3372     Cuts: 185    11062    2,72%
*     0+    0                         3186,2143     3186,7240             0,02%

Implied bound cuts applied:  124
Flow cuts applied:  2199
Mixed integer rounding cuts applied:  409
Flow path cuts applied:  196
Gomory fractional cuts applied:  240

Root node processing (before b&c):
  Real time             =   10,84 sec. (10152,67 ticks)
Parallel b&c, 8 threads:
  Real time             =    0,00 sec. (0,00 ticks)
  Sync time (average)   =    0,00 sec.
  Wait time (average)   =    0,00 sec.
                          ------------
Total (root+branch&cut) =   10,84 sec. (10152,67 ticks)

<<< solve


OBJECTIVE: 3186.214
avg_utility = 0.84403

<<< post process


<<< done

