
<<< setup


<<< generate

Tried aggregator 2 times.
MIP Presolve eliminated 150468 rows and 145683 columns.
MIP Presolve modified 469 coefficients.
Aggregator did 6176 substitutions.
Reduced MIP has 1394 rows, 4176 columns, and 7888 nonzeros.
Reduced MIP has 2078 binaries, 1170 generals, 0 SOSs, and 0 indicators.
Presolve time = 2,28 sec. (2969,02 ticks)
Found incumbent of value 0,000000 after 2,39 sec. (2980,81 ticks)
Probing time = 0,00 sec. (1,93 ticks)
Tried aggregator 1 time.
Reduced MIP has 1394 rows, 4176 columns, and 7888 nonzeros.
Reduced MIP has 2078 binaries, 1170 generals, 0 SOSs, and 0 indicators.
Presolve time = 0,02 sec. (6,87 ticks)
Probing time = 0,00 sec. (1,93 ticks)
Clique table members: 269.
MIP emphasis: balance optimality and feasibility.
MIP search method: dynamic search.
Parallel mode: deterministic, using up to 8 threads.
Root relaxation solution time = 0,19 sec. (24,18 ticks)

        Nodes                                         Cuts/
   Node  Left     Objective  IInf  Best Integer    Best Bound    ItCnt     Gap

*     0+    0                            0,0000     5770,5693              --- 
*     0+    0                          203,2719     5770,5693              --- 
      0     0      702,3030     6      203,2719      702,3030      840  245,50%
*     0+    0                          702,3030      702,3030             0,00%
      0     0        cutoff            702,3030      702,3030      840    0,00%
Elapsed time = 2,75 sec. (3035,28 ticks, tree = 0,00 MB, solutions = 3)

Root node processing (before b&c):
  Real time             =    2,79 sec. (3041,27 ticks)
Parallel b&c, 8 threads:
  Real time             =    0,00 sec. (0,00 ticks)
  Sync time (average)   =    0,00 sec.
  Wait time (average)   =    0,00 sec.
                          ------------
Total (root+branch&cut) =    2,79 sec. (3041,27 ticks)

<<< solve


OBJECTIVE: 702.303

<<< post process


<<< done

