
<<< setup


<<< generate

Tried aggregator 2 times.
MIP Presolve eliminated 227363 rows and 232225 columns.
MIP Presolve modified 4289 coefficients.
Aggregator did 38280 substitutions.
Reduced MIP has 9421 rows, 14552 columns, and 32528 nonzeros.
Reduced MIP has 3724 binaries, 2268 generals, 0 SOSs, and 0 indicators.
Presolve time = 0,68 sec. (459,76 ticks)
Found incumbent of value 0,000000 after 0,72 sec. (480,37 ticks)
Probing time = 0,01 sec. (3,36 ticks)
Tried aggregator 1 time.
Presolve time = 0,02 sec. (16,71 ticks)
Probing time = 0,04 sec. (3,36 ticks)
Clique table members: 478.
MIP emphasis: balance optimality and feasibility.
MIP search method: dynamic search.
Parallel mode: deterministic, using up to 24 threads.
Root relaxation solution time = 0,21 sec. (195,14 ticks)

        Nodes                                         Cuts/
   Node  Left     Objective  IInf  Best Integer    Best Bound    ItCnt     Gap

*     0+    0                            0,0000    14010,6991       32     --- 
      0     0     2738,8289   133        0,0000     2738,8289       32     --- 
      0     0     2630,0754    61        0,0000     Fract: 28      143     --- 
      0     0     2619,5603    10        0,0000      Cuts: 16      179     --- 
*     0+    0                         2406,7813     2619,5603      192    8,84%
      0     0     2617,5710     2     2406,7813    MIRcuts: 4      192    8,76%
      0     0     2617,5710     4     2406,7813   Flowcuts: 1      193    8,76%
*     0+    0                         2617,5394     2617,5710      193    0,00%

Flow cuts applied:  1
Mixed integer rounding cuts applied:  9
Gomory fractional cuts applied:  33

Root node processing (before b&c):
  Real time             =    2,37 sec. (2555,01 ticks)
Parallel b&c, 24 threads:
  Real time             =    0,00 sec. (0,00 ticks)
  Sync time (average)   =    0,00 sec.
  Wait time (average)   =    0,00 sec.
                          ------------
Total (root+branch&cut) =    2,37 sec. (2555,01 ticks)

<<< solve


OBJECTIVE: 2617.539
avg_utility = 0.8014511368646625

<<< post process


<<< done

