
<<< setup


<<< generate

Found incumbent of value 0.000000 after 0.02 sec. (7.53 ticks)
Tried aggregator 4 times.
MIP Presolve eliminated 343687 rows and 141375 columns.
MIP Presolve modified 740 coefficients.
Aggregator did 7371 substitutions.
Reduced MIP has 2950 rows, 6631 columns, and 14736 nonzeros.
Reduced MIP has 737 binaries, 0 generals, 0 SOSs, and 0 indicators.
Presolve time = 0.73 sec. (441.32 ticks)
Probing time = 0.00 sec. (0.29 ticks)
Tried aggregator 1 time.
Reduced MIP has 2950 rows, 6631 columns, and 14736 nonzeros.
Reduced MIP has 737 binaries, 0 generals, 0 SOSs, and 0 indicators.
Presolve time = 0.03 sec. (11.91 ticks)
Probing time = 0.01 sec. (0.29 ticks)
MIP emphasis: balance optimality and feasibility.
MIP search method: dynamic search.
Parallel mode: deterministic, using up to 8 threads.
Root relaxation solution time = 0.08 sec. (62.40 ticks)

        Nodes                                         Cuts/
   Node  Left     Objective  IInf  Best Integer    Best Bound    ItCnt     Gap

*     0+    0                            0.0000     7005.3495              --- 
*     0+    0                         1134.6999     7005.3495           517.37%
      0     0     1633.0000   643     1134.6999     1633.0000     2534   43.91%
*     0+    0                         1469.6603     1633.0000            11.11%
*     0+    0                         1472.2172     1633.0000            10.92%
      0     0     1591.0466   309     1472.2172     Cuts: 837     4261    8.07%
      0     0     1490.2476     2     1472.2172     Cuts: 822     5355    1.22%
*     0+    0                         1490.2476     1490.2476             0.00%
*     0     0      integral     0     1490.2476     1490.2476     5355    0.00%
Elapsed time = 1.59 sec. (1095.50 ticks, tree = 0.00 MB, solutions = 5)

Flow cuts applied:  828
Mixed integer rounding cuts applied:  522
Gomory fractional cuts applied:  308

Root node processing (before b&c):
  Real time             =    1.62 sec. (1104.37 ticks)
Parallel b&c, 8 threads:
  Real time             =    0.00 sec. (0.00 ticks)
  Sync time (average)   =    0.00 sec.
  Wait time (average)   =    0.00 sec.
                          ------------
Total (root+branch&cut) =    1.62 sec. (1104.37 ticks)

<<< solve


OBJECTIVE: 1490.248
avg_utility = 0.912583

<<< post process


<<< done

