
<<< setup


<<< generate

Found incumbent of value 0,000000 after 0,07 sec. (68,23 ticks)
Tried aggregator 10 times.
MIP Presolve eliminated 3612030 rows and 1254977 columns.
Aggregator did 18898 substitutions.
Reduced MIP has 1719 rows, 8590 columns, and 17180 nonzeros.
Reduced MIP has 0 binaries, 0 generals, 0 SOSs, and 0 indicators.
Presolve time = 3,04 sec. (5013,92 ticks)
Tried aggregator 1 time.
MIP Presolve eliminated 1690 rows and 8450 columns.
Reduced MIP has 29 rows, 140 columns, and 280 nonzeros.
Reduced MIP has 0 binaries, 0 generals, 0 SOSs, and 0 indicators.
Presolve time = 0,04 sec. (52,93 ticks)
Tried aggregator 1 time.
Reduced MIP has 29 rows, 140 columns, and 280 nonzeros.
Reduced MIP has 0 binaries, 0 generals, 0 SOSs, and 0 indicators.
Presolve time = 0,03 sec. (40,92 ticks)
MIP emphasis: balance optimality and feasibility.
MIP search method: dynamic search.
Parallel mode: deterministic, using up to 8 threads.
Root relaxation solution time = 0,00 sec. (0,18 ticks)

        Nodes                                         Cuts/
   Node  Left     Objective  IInf  Best Integer    Best Bound    ItCnt     Gap

*     0+    0                            0,0000     9482,6330              --- 
*     0     0      integral     0     1092,2753     1092,2753       60    0,00%
Elapsed time = 3,22 sec. (5252,96 ticks, tree = 0,00 MB, solutions = 2)

Root node processing (before b&c):
  Real time             =    3,29 sec. (5299,70 ticks)
Parallel b&c, 8 threads:
  Real time             =    0,00 sec. (0,00 ticks)
  Sync time (average)   =    0,00 sec.
  Wait time (average)   =    0,00 sec.
                          ------------
Total (root+branch&cut) =    3,29 sec. (5299,70 ticks)

<<< solve


OBJECTIVE: 1092.275
avg_utility = 0.334438

<<< post process


<<< done

