
<<< setup


<<< generate

Found incumbent of value 0,000000 after 0,00 sec. (0,72 ticks)
Tried aggregator 2 times.
MIP Presolve eliminated 13880 rows and 12261 columns.
MIP Presolve modified 2503 coefficients.
Aggregator did 1252 substitutions.
Reduced MIP has 3132 rows, 5634 columns, and 10642 nonzeros.
Reduced MIP has 2035 binaries, 1095 generals, 0 SOSs, and 0 indicators.
Presolve time = 0,02 sec. (22,08 ticks)
Probing time = 0,00 sec. (0,39 ticks)
Tried aggregator 1 time.
Reduced MIP has 3132 rows, 5634 columns, and 10642 nonzeros.
Reduced MIP has 2035 binaries, 1095 generals, 0 SOSs, and 0 indicators.
Presolve time = 0,01 sec. (6,56 ticks)
Probing time = 0,00 sec. (0,39 ticks)
Clique table members: 261.
MIP emphasis: balance optimality and feasibility.
MIP search method: dynamic search.
Parallel mode: deterministic, using up to 8 threads.
Root relaxation solution time = 0,01 sec. (7,52 ticks)

        Nodes                                         Cuts/
   Node  Left     Objective  IInf  Best Integer    Best Bound    ItCnt     Gap

*     0+    0                            0,0000     3919,2000              --- 
      0     0     1630,1382     5        0,0000     1630,1382       39     --- 
      0     0     1629,3602    12        0,0000       Cuts: 5       62     --- 
      0     0     1629,3407    13        0,0000       Cuts: 3       71     --- 
*     0+    0                         1626,6000     1629,3407             0,17%

Mixed integer rounding cuts applied:  3
Gomory fractional cuts applied:  2

Root node processing (before b&c):
  Real time             =    0,16 sec. (224,81 ticks)
Parallel b&c, 8 threads:
  Real time             =    0,00 sec. (0,00 ticks)
  Sync time (average)   =    0,00 sec.
  Wait time (average)   =    0,00 sec.
                          ------------
Total (root+branch&cut) =    0,16 sec. (224,81 ticks)

<<< solve


OBJECTIVE: 1626.6
avg_utility = 0.49804

<<< post process


<<< done

