
<<< setup


<<< generate

Presolve has eliminated 75147 rows and 98587 columns...
Tried aggregator 4 times.
MIP Presolve eliminated 216027 rows and 233227 columns.
MIP Presolve modified 20019 coefficients.
Aggregator did 38000 substitutions.
Reduced MIP has 21009 rows, 53792 columns, and 132512 nonzeros.
Reduced MIP has 14432 binaries, 0 generals, 0 SOSs, and 0 indicators.
Presolve time = 4,48 sec. (13022,69 ticks)
Found incumbent of value 0,000000 after 4,63 sec. (13149,80 ticks)
Probing time = 0,32 sec. (148,11 ticks)
Tried aggregator 5 times.
MIP Presolve eliminated 0 rows and 6560 columns.
MIP Presolve modified 13120 coefficients.
Aggregator did 6560 substitutions.
Reduced MIP has 14449 rows, 40672 columns, and 106272 nonzeros.
Reduced MIP has 14432 binaries, 0 generals, 0 SOSs, and 0 indicators.
Presolve time = 0,88 sec. (918,62 ticks)
Probing time = 0,04 sec. (10,98 ticks)
Clique table members: 1316.
MIP emphasis: balance optimality and feasibility.
MIP search method: dynamic search.
Parallel mode: deterministic, using up to 24 threads.
Root relaxation solution time = 0,42 sec. (493,28 ticks)

        Nodes                                         Cuts/
   Node  Left     Objective  IInf  Best Integer    Best Bound    ItCnt     Gap

*     0+    0                            0,0000     8396,8000       16     --- 
      0     0     1588,0500    47        0,0000     1588,0500       16     --- 
*     0+    0                         1579,5000     1588,0500     1313    0,54%
      0     0     1588,0500    21     1579,5000      Cuts: 51     1313    0,54%
      0     0     1588,0500    23     1579,5000      Cuts: 23     1555    0,54%
      0     2     1588,0500     2     1579,5000     1588,0500     1555    0,54%
Elapsed time = 14,72 sec. (24798,65 ticks, tree = 0,01 MB, solutions = 2)
      2     4     1585,4222    22     1579,5000     1588,0500     6817    0,54%
*     4+    4                         1586,2000     1588,0500    11996    0,12%
      4     4     1584,0000    31     1586,2000     1588,0500    11996    0,12%
*     5+    3                         1586,6000     1588,0500    12016    0,09%
*     5+    3                         1586,7000     1588,0500    12016    0,09%
*     5+    3                         1586,8000     1588,0500    12016    0,08%
      7     5     1588,0500    51     1586,8000     1588,0500    14204    0,08%
     11     9     1588,0444    40     1586,8000     1588,0500    15441    0,08%
     14    12     1588,0500     4     1586,8000     1588,0500    17814    0,08%
     16    14     1587,7879    38     1586,8000     1588,0500    20973    0,08%
*    17+   13                         1587,3000     1588,0500    22842    0,05%
     22    16        cutoff           1587,3000     1588,0500    29747    0,05%
     26    20     1588,0167    38     1587,3000     1588,0500    32444    0,05%
*    30+   22                         1587,4000     1588,0500    34953    0,04%
     31    25     1588,0000    32     1587,4000     1588,0500    36138    0,04%
*    40+   32                         1588,0000     1588,0500    50812    0,00%
     42    31     1587,6050    39     1588,0000     1588,0500    56492    0,00%
Elapsed time = 19,55 sec. (29706,71 ticks, tree = 0,01 MB, solutions = 9)

Implied bound cuts applied:  257
Gomory fractional cuts applied:  14

Root node processing (before b&c):
  Real time             =    8,41 sec. (10397,15 ticks)
Parallel b&c, 24 threads:
  Real time             =    5,50 sec. (5563,48 ticks)
  Sync time (average)   =    0,02 sec.
  Wait time (average)   =    0,00 sec.
                          ------------
Total (root+branch&cut) =   13,92 sec. (15960,63 ticks)

<<< solve


OBJECTIVE: 1588

<<< post process


<<< done

