
<<< setup


<<< generate

Found incumbent of value 0.000000 after 0.03 sec. (11.65 ticks)
Tried aggregator 2 times.
MIP Presolve eliminated 697203 rows and 99595 columns.
MIP Presolve modified 5604 coefficients.
Aggregator did 45599 substitutions.
Reduced MIP has 14930 rows, 19591 columns, and 52244 nonzeros.
Reduced MIP has 933 binaries, 0 generals, 0 SOSs, and 0 indicators.
Presolve time = 2.83 sec. (2469.27 ticks)
Probing time = 0.01 sec. (0.96 ticks)
Tried aggregator 1 time.
Reduced MIP has 14930 rows, 19591 columns, and 52244 nonzeros.
Reduced MIP has 933 binaries, 0 generals, 0 SOSs, and 0 indicators.
Presolve time = 0.08 sec. (34.23 ticks)
Probing time = 0.09 sec. (0.96 ticks)
MIP emphasis: balance optimality and feasibility.
MIP search method: dynamic search.
Parallel mode: deterministic, using up to 8 threads.
Root relaxation solution time = 0.09 sec. (47.69 ticks)

        Nodes                                         Cuts/
   Node  Left     Objective  IInf  Best Integer    Best Bound    ItCnt     Gap

*     0+    0                            0.0000     8755.6145              --- 
      0     0     2041.0000   901        0.0000     2041.0000     1866     --- 
*     0+    0                         1682.0536     2041.0000            21.34%
      0     0     1992.4170   780     1682.0536    Cuts: 2002     4831   18.45%
*     0+    0                         1698.2476     1992.4170            17.32%
      0     0     1939.3693   840     1698.2476    Cuts: 3087    16937   14.20%
      0     0     1880.5630   739     1698.2476    Cuts: 3832    23308   10.74%
      0     0     1846.9754   552     1698.2476    Cuts: 3831    26012    8.76%
      0     0     1801.8219   227     1698.2476    Cuts: 2182    30435    6.10%
      0     0     1795.6412   246     1698.2476     Cuts: 714    30757    5.73%
      0     0     1795.5809   302     1698.2476     Cuts: 693    31209    5.73%
      0     0     1795.5640   309     1698.2476     Cuts: 587    32172    5.73%
      0     2     1795.5640   309     1698.2476     1795.5640    32172    5.73%
Elapsed time = 27.02 sec. (13436.13 ticks, tree = 0.00 MB, solutions = 3)
      4     6     1787.0433   338     1698.2476     1795.1571    32243    5.71%
     23    25     1794.5043   316     1698.2476     1794.5043    33563    5.67%
     47    49     1789.6610   330     1698.2476     1793.6920    34485    5.62%
    117   119     1792.3588   328     1698.2476     1793.6284    37077    5.62%
    160   162     1773.5641   374     1698.2476     1793.6284    38303    5.62%
    173   175     1780.7096   353     1698.2476     1791.0937    39636    5.47%
    218   220     1755.7769   440     1698.2476     1791.0937    42585    5.47%
    309   311     1775.8243   347     1698.2476     1789.2197    48129    5.36%
    319   321     1755.1334   426     1698.2476     1789.2197    48775    5.36%
    348   350     1752.4526   405     1698.2476     1789.2197    54569    5.36%
Elapsed time = 41.20 sec. (18379.97 ticks, tree = 2.18 MB, solutions = 3)
    497   499     1755.3701   303     1698.2476     1789.2197    65754    5.36%
    615   605     1704.8511   471     1698.2476     1789.1178    79955    5.35%
    768   732     1764.2786   408     1698.2476     1789.1178    94439    5.35%
    925   889     1751.8496   327     1698.2476     1789.1178   115177    5.35%
   1109  1061        cutoff           1698.2476     1789.1178   129890    5.35%
*  1178+ 1118                         1700.8046     1789.1178             5.19%
   1208  1148     1764.9962   397     1700.8046     1789.1178   141995    5.19%
*  1326+ 1258                         1702.5092     1789.1178             5.09%
   1478  1385     1764.0733   383     1702.5092     1788.8711   154544    5.07%
   1796  1669        cutoff           1702.5092     1787.9526   170346    5.02%
   1840  1703     1760.9298   373     1702.5092     1787.9526   180517    5.02%
   2375  2202     1771.4138   381     1702.5092     1784.8482   206601    4.84%
Elapsed time = 87.33 sec. (30676.24 ticks, tree = 70.53 MB, solutions = 5)
   2567  2374     1763.8183   416     1702.5092     1784.8482   220204    4.84%
*  2779+ 2560                         1702.9354     1784.0135             4.76%
   2811  2594     1759.1606   384     1702.9354     1784.0135   226534    4.76%
   3344  3065     1760.0962   416     1702.9354     1784.0135   244269    4.76%

Implied bound cuts applied:  1
Flow cuts applied:  6834
Mixed integer rounding cuts applied:  10404
Gomory fractional cuts applied:  229

Root node processing (before b&c):
  Real time             =   26.91 sec. (13419.92 ticks)
Parallel b&c, 8 threads:
  Real time             =   88.69 sec. (26286.03 ticks)
  Sync time (average)   =    9.78 sec.
  Wait time (average)   =    9.94 sec.
                          ------------
Total (root+branch&cut) =  115.60 sec. (39705.94 ticks)

<<< solve


OBJECTIVE: 1702.935
avg_utility = 0.834363

<<< post process


<<< done

