
<<< setup


<<< generate

Found incumbent of value 0,000000 after 0,01 sec. (11,11 ticks)
Tried aggregator 5 times.
MIP Presolve eliminated 113821 rows and 224531 columns.
MIP Presolve modified 14843 coefficients.
Aggregator did 53802 substitutions.
Reduced MIP has 32605 rows, 68948 columns, and 208113 nonzeros.
Reduced MIP has 9620 binaries, 0 generals, 0 SOSs, and 0 indicators.
Presolve time = 3,48 sec. (3066,28 ticks)
Probing time = 0,02 sec. (3,00 ticks)
Tried aggregator 1 time.
Reduced MIP has 32605 rows, 68948 columns, and 208113 nonzeros.
Reduced MIP has 9620 binaries, 0 generals, 0 SOSs, and 0 indicators.
Presolve time = 0,14 sec. (92,18 ticks)
Probing time = 0,02 sec. (3,18 ticks)
MIP emphasis: balance optimality and feasibility.
MIP search method: dynamic search.
Parallel mode: deterministic, using up to 8 threads.
Root relaxation solution time = 1,29 sec. (1098,39 ticks)

        Nodes                                         Cuts/
   Node  Left     Objective  IInf  Best Integer    Best Bound    ItCnt     Gap

*     0+    0                            0,0000    22127,2153              --- 
*     0+    0                         3139,6061    22127,2153           604,78%
      0     0     3777,0000   909     3139,6061     3777,0000     4081   20,30%
*     0+    0                         3502,7202     3777,0000             7,83%
      0     0     3746,1242   385     3502,7202    Cuts: 2742    34779    6,95%
      0     0     3732,1559   540     3502,7202    Cuts: 1264    74690    6,55%
      0     0     3691,7893   416     3502,7202    Cuts: 1929    90143    5,40%
*     0+    0                         3552,4931     3691,7893             3,92%
*     0+    0                         3552,7355     3691,7893             3,91%
*     0+    0                         3553,0468     3691,7893             3,90%
*     0+    0                         3555,6871     3691,7893             3,83%
*     0+    0                         3555,7979     3691,7893             3,82%
*     0+    0                         3556,0720     3691,7893             3,82%
*     0     0      integral     0     3556,0720                  97307    0,00%
Elapsed time = 72,74 sec. (60874,00 ticks, tree = 0,00 MB, solutions = 8)

Implied bound cuts applied:  196
Flow cuts applied:  4757
Mixed integer rounding cuts applied:  1369
Flow path cuts applied:  26
Gomory fractional cuts applied:  197

Root node processing (before b&c):
  Real time             =   72,78 sec. (60902,93 ticks)
Parallel b&c, 8 threads:
  Real time             =    0,00 sec. (0,00 ticks)
  Sync time (average)   =    0,00 sec.
  Wait time (average)   =    0,00 sec.
                          ------------
Total (root+branch&cut) =   72,78 sec. (60902,93 ticks)

<<< solve


OBJECTIVE: 3556.072
avg_utility = 0.941507

<<< post process


<<< done

