
<<< setup


<<< generate

Found incumbent of value 0,000000 after 0,05 sec. (16,99 ticks)
Tried aggregator 4 times.
MIP Presolve eliminated 179401 rows and 391155 columns.
MIP Presolve modified 5038 coefficients.
Aggregator did 108574 substitutions.
Reduced MIP has 13776 rows, 32112 columns, and 102811 nonzeros.
Reduced MIP has 2824 binaries, 0 generals, 0 SOSs, and 0 indicators.
Presolve time = 9,23 sec. (3633,95 ticks)
Probing time = 0,02 sec. (1,32 ticks)
Tried aggregator 1 time.
Reduced MIP has 13776 rows, 32112 columns, and 102811 nonzeros.
Reduced MIP has 2824 binaries, 0 generals, 0 SOSs, and 0 indicators.
Presolve time = 0,11 sec. (48,09 ticks)
Probing time = 0,03 sec. (1,38 ticks)
MIP emphasis: balance optimality and feasibility.
MIP search method: dynamic search.
Parallel mode: deterministic, using up to 8 threads.
Root relaxation solution time = 0,37 sec. (196,86 ticks)

        Nodes                                         Cuts/
   Node  Left     Objective  IInf  Best Integer    Best Bound    ItCnt     Gap

*     0+    0                         1255,0000    28948,5406              --- 
      0     0     7845,0000  1533     1255,0000     7845,0000     4021  525,10%
*     0+    0                         6870,5625     7845,0000            14,18%
      0     0     7255,6881    50     6870,5625    Cuts: 3544    20939    5,61%
      0     0     7096,2475     2     6870,5625     Cuts: 432    31112    3,28%
*     0+    0                         7096,2475     7096,2475             0,00%
      0     0        cutoff           7096,2475     7096,2475    31112    0,00%
Elapsed time = 25,21 sec. (15337,95 ticks, tree = 0,00 MB, solutions = 3)

Implied bound cuts applied:  164
Flow cuts applied:  2276
Mixed integer rounding cuts applied:  988
Flow path cuts applied:  227
Gomory fractional cuts applied:  220

Root node processing (before b&c):
  Real time             =   25,28 sec. (15364,20 ticks)
Parallel b&c, 8 threads:
  Real time             =    0,00 sec. (0,00 ticks)
  Sync time (average)   =    0,00 sec.
  Wait time (average)   =    0,00 sec.
                          ------------
Total (root+branch&cut) =   25,28 sec. (15364,20 ticks)

<<< solve


OBJECTIVE: 7096.248
avg_utility = 0.904557

<<< post process


<<< done

