
<<< setup


<<< generate

Tried aggregator 2 times.
MIP Presolve eliminated 37859 rows and 31457 columns.
MIP Presolve modified 4643 coefficients.
Aggregator did 4640 substitutions.
Reduced MIP has 5107 rows, 9744 columns, and 21344 nonzeros.
Reduced MIP has 3934 binaries, 1170 generals, 0 SOSs, and 0 indicators.
Presolve time = 0,06 sec. (49,79 ticks)
Found incumbent of value 0,000000 after 0,06 sec. (58,63 ticks)
Probing time = 0,00 sec. (2,23 ticks)
Tried aggregator 1 time.
Presolve time = 0,01 sec. (10,15 ticks)
Probing time = 0,02 sec. (2,23 ticks)
Clique table members: 269.
MIP emphasis: balance optimality and feasibility.
MIP search method: dynamic search.
Parallel mode: deterministic, using up to 24 threads.
Root relaxation solution time = 0,15 sec. (174,58 ticks)

        Nodes                                         Cuts/
   Node  Left     Objective  IInf  Best Integer    Best Bound    ItCnt     Gap

*     0+    0                            0,0000     7005,3495       24     --- 
      0     0     1469,4144    11        0,0000     1469,4144       24     --- 
      0     0     1469,4144    14        0,0000     Covers: 1       25     --- 
*     0+    0                         1469,3816     1469,4144       26    0,00%

Cover cuts applied:  2

Root node processing (before b&c):
  Real time             =    0,39 sec. (398,73 ticks)
Parallel b&c, 24 threads:
  Real time             =    0,00 sec. (0,00 ticks)
  Sync time (average)   =    0,00 sec.
  Wait time (average)   =    0,00 sec.
                          ------------
Total (root+branch&cut) =    0,39 sec. (398,73 ticks)

<<< solve


OBJECTIVE: 1469.382
avg_utility = 0.8998050189834815

<<< post process


<<< done

