
<<< setup


<<< generate

Found incumbent of value 0,000000 after 0,02 sec. (16,53 ticks)
Tried aggregator 8 times.
MIP Presolve eliminated 110538 rows and 322580 columns.
MIP Presolve modified 31453 coefficients.
Aggregator did 80143 substitutions.
Reduced MIP has 61204 rows, 129598 columns, and 387992 nonzeros.
Reduced MIP has 14225 binaries, 0 generals, 0 SOSs, and 0 indicators.
Presolve time = 8,75 sec. (8282,15 ticks)
Probing time = 0,03 sec. (5,42 ticks)
Tried aggregator 1 time.
Reduced MIP has 61204 rows, 129598 columns, and 387992 nonzeros.
Reduced MIP has 14225 binaries, 0 generals, 0 SOSs, and 0 indicators.
Presolve time = 0,28 sec. (211,24 ticks)
Probing time = 0,05 sec. (5,70 ticks)
MIP emphasis: balance optimality and feasibility.
MIP search method: dynamic search.
Parallel mode: deterministic, using up to 8 threads.
Root relaxation solution time = 2,82 sec. (1787,29 ticks)

        Nodes                                         Cuts/
   Node  Left     Objective  IInf  Best Integer    Best Bound    ItCnt     Gap

*     0+    0                            0,0000    32155,3632              --- 
      0     0     7863,0000  1474        0,0000     7863,0000     4780     --- 
*     0+    0                         5705,6735     7863,0000            37,81%
      0     0     7789,4579   949     5705,6735    Cuts: 4364    65363   36,52%
      0     0     7718,3405  1087     5705,6735    Cuts: 3225   107222   35,27%
      0     0     7651,6738  1226     5705,6735    Cuts: 3493   124345   34,11%
*     0+    0                         6075,2892     7651,6738            25,95%
*     0+    0                         6093,1468     7651,6738            25,58%
*     0+    0                         6199,9862     7651,6738            23,41%
*     0+    0                         6210,2426     7651,6738            23,21%
*     0+    0                         6222,1178     7651,6738            22,98%
*     0+    0                         6224,4075     7651,6738            22,93%
*     0+    0                         6224,4173     7651,6738            22,93%
      0     0     7529,8573   871     6224,4173    Cuts: 4427   135468   20,97%
      0     0     7507,3882  1079     6224,4173    Cuts: 2386   145076   20,61%
      0     0     7443,2042   472     6224,4173    Cuts: 4085   209566   19,58%
*     0+    0                         6921,7568     7443,2042             7,53%
*     0+    0                         6942,4565     7443,2042             7,21%
*     0+    0                         6970,9303     7443,2042             6,77%
*     0+    0                         6971,3690     7443,2042             6,77%
*     0+    0                         6973,0377     7443,2042             6,74%
      0     0     7421,7855   343     6973,0377    Cuts: 1884   236658    6,44%
      0     0     7410,8770   369     6973,0377    Cuts: 1783   262424    6,28%
      0     0     7405,1561   315     6973,0377    Cuts: 1420   296291    6,20%
*     0+    0                         7086,1826     7405,1561             4,50%
*     0+    0                         7105,4311     7405,1561             4,22%
*     0+    0                         7141,3087     7405,1561             3,69%
*     0+    0                         7187,5708     7405,1561             3,03%
*     0+    0                         7198,4328     7405,1561             2,87%
*     0+    0                         7199,2644     7405,1561             2,86%
*     0+    0                         7207,5471     7405,1561             2,74%
*     0+    0                         7210,7255     7405,1561             2,70%
*     0+    0                         7210,8607     7405,1561             2,69%
*     0+    0                         7210,9302     7405,1561             2,69%
*     0+    0                         7211,0718     7405,1561             2,69%
      0     0     7401,6201   219     7211,0718     Cuts: 991   320107    2,64%
      0     0     7398,0607   157     7211,0718    Cuts: 1042   361881    2,59%
*     0+    0                         7237,2862     7398,0607             2,22%
      0     0     7397,2708   149     7237,2862     Cuts: 829   445256    2,21%
*     0+    0                         7327,0865     7397,2708             0,96%

Cover cuts applied:  1
Implied bound cuts applied:  339
Flow cuts applied:  18172
Mixed integer rounding cuts applied:  5512
Flow path cuts applied:  1861
Gomory fractional cuts applied:  303

Root node processing (before b&c):
  Real time             =  759,98 sec. (628622,85 ticks)
Parallel b&c, 8 threads:
  Real time             =    0,00 sec. (0,00 ticks)
  Sync time (average)   =    0,00 sec.
  Wait time (average)   =    0,00 sec.
                          ------------
Total (root+branch&cut) =  759,98 sec. (628622,85 ticks)

<<< solve


OBJECTIVE: 7327.087
avg_utility = 0.931844

<<< post process


<<< done

