
<<< setup


<<< generate

Found incumbent of value 0,000000 after 0,02 sec. (17,01 ticks)
Tried aggregator 8 times.
MIP Presolve eliminated 111596 rows and 346554 columns.
MIP Presolve modified 31016 coefficients.
Aggregator did 95159 substitutions.
Reduced MIP has 49813 rows, 107168 columns, and 332717 nonzeros.
Reduced MIP has 14520 binaries, 0 generals, 0 SOSs, and 0 indicators.
Presolve time = 10,12 sec. (7937,33 ticks)
Probing time = 0,45 sec. (4,17 ticks)
Tried aggregator 1 time.
Reduced MIP has 49813 rows, 107168 columns, and 332717 nonzeros.
Reduced MIP has 14520 binaries, 0 generals, 0 SOSs, and 0 indicators.
Presolve time = 0,33 sec. (181,66 ticks)
Probing time = 0,09 sec. (4,23 ticks)
MIP emphasis: balance optimality and feasibility.
MIP search method: dynamic search.
Parallel mode: deterministic, using up to 24 threads.
Root relaxation solution time = 3,75 sec. (2234,20 ticks)

        Nodes                                         Cuts/
   Node  Left     Objective  IInf  Best Integer    Best Bound    ItCnt     Gap

*     0+    0                            0,0000    21114,0000              --- 
*     0+    0                         3021,2000    21114,0000           598,86%
      0     0     7547,3468  1177     3021,2000     7547,3468       42  149,81%
      0     0     7294,3943  1297     3021,2000    Cuts: 3608     8638  141,44%
      0     0     6649,3724  1434     3021,2000    Cuts: 4187    22949  120,09%
      0     0     6191,4899  1345     3021,2000    Cuts: 4329    30087  104,93%
*     0+    0                         5228,0913     6191,4899            18,43%
*     0+    0                         5311,0089     6191,4899            16,58%
*     0+    0                         5311,2567     6191,4899            16,57%
      0     0     5827,0120  1262     5311,2567    Cuts: 3636    70529    9,71%
      0     0     5585,9073   141     5311,2567    Cuts: 3182   108383    5,17%
      0     0     5549,1334    45     5311,2567     Cuts: 371   111379    4,48%
*     0+    0                         5503,5523     5549,1334             0,83%

Implied bound cuts applied:  1466
Flow cuts applied:  14354
Mixed integer rounding cuts applied:  2802
Flow path cuts applied:  25
Lift and project cuts applied:  1
Gomory fractional cuts applied:  383

Root node processing (before b&c):
  Real time             =  180,43 sec. (151545,62 ticks)
Parallel b&c, 24 threads:
  Real time             =    0,00 sec. (0,00 ticks)
  Sync time (average)   =    0,00 sec.
  Wait time (average)   =    0,00 sec.
                          ------------
Total (root+branch&cut) =  180,43 sec. (151545,62 ticks)

<<< solve


OBJECTIVE: 5503.552
avg_utility = 0.696652

<<< post process


<<< done

