
<<< setup


<<< generate

Found incumbent of value 0,000000 after 0,02 sec. (17,07 ticks)
Tried aggregator 5 times.
MIP Presolve eliminated 194135 rows and 407374 columns.
Aggregator did 115817 substitutions.
Reduced MIP has 1598 rows, 7930 columns, and 28635 nonzeros.
Reduced MIP has 0 binaries, 0 generals, 0 SOSs, and 0 indicators.
Presolve time = 2,68 sec. (2368,29 ticks)
Tried aggregator 1 time.
MIP Presolve eliminated 1364 rows and 6820 columns.
Reduced MIP has 234 rows, 1110 columns, and 3975 nonzeros.
Reduced MIP has 0 binaries, 0 generals, 0 SOSs, and 0 indicators.
Presolve time = 0,01 sec. (14,96 ticks)
Tried aggregator 1 time.
Reduced MIP has 234 rows, 1110 columns, and 3975 nonzeros.
Reduced MIP has 0 binaries, 0 generals, 0 SOSs, and 0 indicators.
Presolve time = 0,00 sec. (7,26 ticks)
MIP emphasis: balance optimality and feasibility.
MIP search method: dynamic search.
Parallel mode: deterministic, using up to 8 threads.
Root relaxation solution time = 0,01 sec. (3,04 ticks)

        Nodes                                         Cuts/
   Node  Left     Objective  IInf  Best Integer    Best Bound    ItCnt     Gap

*     0+    0                         1706,0000    19265,0000              --- 
*     0     0      integral     0     3181,3417     3181,3417      265    0,00%
Elapsed time = 2,74 sec. (2439,21 ticks, tree = 0,00 MB, solutions = 2)

Root node processing (before b&c):
  Real time             =    2,77 sec. (2461,77 ticks)
Parallel b&c, 8 threads:
  Real time             =    0,00 sec. (0,00 ticks)
  Sync time (average)   =    0,00 sec.
  Wait time (average)   =    0,00 sec.
                          ------------
Total (root+branch&cut) =    2,77 sec. (2461,77 ticks)

<<< solve


OBJECTIVE: 3181.342
avg_utility = 0.404339

<<< post process


<<< done

