
<<< setup


<<< generate

Found incumbent of value 0.000000 after 0.02 sec. (6.75 ticks)
Tried aggregator 2 times.
MIP Presolve eliminated 341479 rows and 127627 columns.
Aggregator did 2460 substitutions.
Reduced MIP has 740 rows, 1722 columns, and 3936 nonzeros.
Reduced MIP has 0 binaries, 0 generals, 0 SOSs, and 0 indicators.
Presolve time = 0.32 sec. (192.40 ticks)
Tried aggregator 2 times.
MIP Presolve eliminated 707 rows and 1643 columns.
Aggregator did 5 substitutions.
Reduced MIP has 28 rows, 74 columns, and 157 nonzeros.
Reduced MIP has 0 binaries, 0 generals, 0 SOSs, and 0 indicators.
Presolve time = 0.02 sec. (6.36 ticks)
Tried aggregator 1 time.
Reduced MIP has 28 rows, 74 columns, and 157 nonzeros.
Reduced MIP has 0 binaries, 0 generals, 0 SOSs, and 0 indicators.
Presolve time = 0.01 sec. (4.20 ticks)
MIP emphasis: balance optimality and feasibility.
MIP search method: dynamic search.
Parallel mode: deterministic, using up to 8 threads.
Root relaxation solution time = 0.00 sec. (0.08 ticks)

        Nodes                                         Cuts/
   Node  Left     Objective  IInf  Best Integer    Best Bound    ItCnt     Gap

*     0+    0                            0.0000     1690.3734              --- 
*     0     0      integral     0      346.1474      346.1474       33    0.00%
Elapsed time = 0.38 sec. (216.75 ticks, tree = 0.00 MB, solutions = 1)

Root node processing (before b&c):
  Real time             =    0.39 sec. (221.32 ticks)
Parallel b&c, 8 threads:
  Real time             =    0.00 sec. (0.00 ticks)
  Sync time (average)   =    0.00 sec.
  Wait time (average)   =    0.00 sec.
                          ------------
Total (root+branch&cut) =    0.39 sec. (221.32 ticks)

<<< solve


OBJECTIVE: 346.1474
avg_utility = 0.848401

<<< post process


<<< done

