1/120; 2/120; 3/120; 4/120; 5/120; 6/120; 7/120; 8/120; 9/120; 10/120; 11/120; 12/120; 13/120; 14/120; 15/120; 16/120; 17/120; 18/120; 19/120; 20/120; 21/120; 22/120; 23/120; 24/120; 25/120; 26/120; 27/120; 28/120; 29/120; 30/120; 31/120; 32/120; 33/120; 34/120; 35/120; 36/120; 37/120; 38/120; ans =

   1.8111e-71
   9.8608e-32
   1.3818e-76
   3.6380e-12
   8.7581e-47
   1.4211e-14
   6.4623e-27
   1.4552e-11
   1.6000e+01
   1.7764e-15

theta =

   235
   103
   252
    38
   153
    46
    87
    36
    -4
    49

num_of_misses =

   42083
   47953
   41386
    7736
    3071
    3868
    3632
    3927
    6048
    3817

error: ciao
error: called from:
error:   /home/araldo_local/software/araldo-phd-code/femtoCDN/compute_num_of_misses.m at line 22, column 4
error:   /home/araldo_local/software/araldo-phd-code/femtoCDN/dspsa.m at line 91, column 48
