
<<< setup


<<< generate

Presolve has eliminated 3190653 rows and 8206299 columns...
Aggregator has done 328000 substitutions...
Aggregator has done 366240 substitutions...
Tried aggregator 6 times.
MIP Presolve eliminated 4632140 rows and 10111815 columns.
MIP Presolve modified 31187 coefficients.
Aggregator did 366310 substitutions.
Reduced MIP has 261144 rows, 323408 columns, and 797330 nonzeros.
Reduced MIP has 54066 binaries, 14508 generals, 0 SOSs, and 0 indicators.
Presolve time = 1283,89 sec. (3276846,22 ticks)
Found incumbent of value 0,000000 after 1284,96 sec. (3277689,14 ticks)
Probing time = 0,14 sec. (20,62 ticks)
Tried aggregator 2 times.
MIP Presolve eliminated 160845 rows and 160833 columns.
Aggregator did 31661 substitutions.
Reduced MIP has 68638 rows, 130914 columns, and 349535 nonzeros.
Reduced MIP has 54066 binaries, 14508 generals, 0 SOSs, and 0 indicators.
Presolve time = 0,81 sec. (663,56 ticks)
Probing time = 0,06 sec. (10,22 ticks)
Tried aggregator 1 time.
Reduced MIP has 68638 rows, 130914 columns, and 349535 nonzeros.
Reduced MIP has 54066 binaries, 14508 generals, 0 SOSs, and 0 indicators.
Presolve time = 0,32 sec. (300,00 ticks)
Probing time = 0,10 sec. (12,10 ticks)
Clique table members: 3816.
MIP emphasis: balance optimality and feasibility.
MIP search method: dynamic search.
Parallel mode: deterministic, using up to 8 threads.
Root relaxation solution time = 2,06 sec. (2301,96 ticks)

        Nodes                                         Cuts/
   Node  Left     Objective  IInf  Best Integer    Best Bound    ItCnt     Gap

*     0+    0                            0,0000    75015,0000              --- 
      0     0    12572,7983    43        0,0000    12572,7983       50     --- 
      0     0    12572,6637    67        0,0000      Cuts: 33       76     --- 
      0     0    12572,5518    97        0,0000      Cuts: 17      101     --- 
      0     0    12572,3513    89        0,0000      Cuts: 19      125     --- 
      0     0    12572,2286    88        0,0000      Cuts: 18      139     --- 
      0     2    12572,2286    88        0,0000    12572,2286      139     --- 
Elapsed time = 1294,33 sec. (3289188,60 ticks, tree = 0,00 MB, solutions = 1)
      7     9    12571,9922    87        0,0000    12572,1658      172     --- 
     24    26    12571,4151   104        0,0000    12572,1437      389     --- 
     73    75    12570,7243    82        0,0000    12572,1437      688     --- 
    140   142    12571,0032    58        0,0000    12572,1437      892     --- 
    247   249    12569,2000    12        0,0000    12572,1437     1190     --- 
    306   308    12569,5000    18        0,0000    12572,1437     1351     --- 
    307   309    12569,1267    13        0,0000    12572,1437     1352     --- 
    386   388    12569,0667    10        0,0000    12572,1437     1620     --- 
    437   439    12568,0933    16        0,0000    12572,1437     1873     --- 
    550   552    12522,6500    17        0,0000    12572,1437     2503     --- 
Elapsed time = 1305,58 sec. (3294541,12 ticks, tree = 11,21 MB, solutions = 1)
    787   789    12561,1467    14        0,0000    12572,1437     4869     --- 
    997   999    12561,2381    12        0,0000    12572,1437     6303     --- 
   1046  1048    12562,7556     9        0,0000    12572,1437     6673     --- 
   1152  1154    12465,0667    11        0,0000    12572,1437     8411     --- 
   1323  1323    12567,4000     6        0,0000    12572,1437    10905     --- 
   1543  1543    12566,1253     9        0,0000    12572,1437    13794     --- 
*  1689+ 1687                        12563,6000    12572,1437             0,07%
   1689  1689    12565,3600    11    12563,6000    12572,1437    16497    0,07%
*  1690+ 1688                        12566,0000    12572,1437             0,05%
*  1697+  414                        12566,6000    12571,8160             0,04%
*  1697+  276                        12570,2000    12571,8160             0,01%
   1697   277    12571,5454    88    12570,2000    12571,5454    41733    0,01%
   1704   280    12571,4333    34    12570,2000    12571,4633    41754    0,01%

Cover cuts applied:  9
Flow cuts applied:  2
Mixed integer rounding cuts applied:  26
Zero-half cuts applied:  4
Lift and project cuts applied:  9
Gomory fractional cuts applied:  7

Root node processing (before b&c):
  Real time             = 1295,88 sec. (3290087,47 ticks)
Parallel b&c, 8 threads:
  Real time             =   64,39 sec. (37617,76 ticks)
  Sync time (average)   =    4,44 sec.
  Wait time (average)   =    5,19 sec.
                          ------------
Total (root+branch&cut) = 1360,27 sec. (3327705,23 ticks)

<<< solve


OBJECTIVE: 12570.2
avg_utility = 0.502707

<<< post process


<<< done

