
<<< setup


<<< generate

Found incumbent of value 0,000000 after 0,06 sec. (64,43 ticks)
Tried aggregator 4 times.
MIP Presolve eliminated 3403117 rows and 1216090 columns.
Aggregator did 5190 substitutions.
Reduced MIP has 1559 rows, 3633 columns, and 8304 nonzeros.
Reduced MIP has 0 binaries, 0 generals, 0 SOSs, and 0 indicators.
Presolve time = 1,27 sec. (2250,25 ticks)
Tried aggregator 2 times.
MIP Presolve eliminated 1519 rows and 3535 columns.
Aggregator did 7 substitutions.
Reduced MIP has 33 rows, 91 columns, and 191 nonzeros.
Reduced MIP has 0 binaries, 0 generals, 0 SOSs, and 0 indicators.
Presolve time = 0,02 sec. (46,64 ticks)
Tried aggregator 1 time.
Reduced MIP has 33 rows, 91 columns, and 191 nonzeros.
Reduced MIP has 0 binaries, 0 generals, 0 SOSs, and 0 indicators.
Presolve time = 0,03 sec. (41,83 ticks)
MIP emphasis: balance optimality and feasibility.
MIP search method: dynamic search.
Parallel mode: deterministic, using up to 8 threads.
Root relaxation solution time = 0,00 sec. (0,07 ticks)

        Nodes                                         Cuts/
   Node  Left     Objective  IInf  Best Integer    Best Bound    ItCnt     Gap

*     0+    0                            0,0000     2853,0676              --- 
*     0     0      integral     0      634,2635      634,2635       26    0,00%
Elapsed time = 1,41 sec. (2465,33 ticks, tree = 0,00 MB, solutions = 1)

Root node processing (before b&c):
  Real time             =    1,45 sec. (2507,48 ticks)
Parallel b&c, 8 threads:
  Real time             =    0,00 sec. (0,00 ticks)
  Sync time (average)   =    0,00 sec.
  Wait time (average)   =    0,00 sec.
                          ------------
Total (root+branch&cut) =    1,45 sec. (2507,48 ticks)

<<< solve


OBJECTIVE: 634.2635
avg_utility = 0.777284

<<< post process


<<< done

