
<<< setup


<<< generate

Found incumbent of value 0.000000 after 0.02 sec. (9.62 ticks)
Tried aggregator 5 times.
MIP Presolve eliminated 363107 rows and 203281 columns.
MIP Presolve modified 7762 coefficients.
Aggregator did 11640 substitutions.
Reduced MIP has 4659 rows, 11640 columns, and 31040 nonzeros.
Reduced MIP has 3880 binaries, 0 generals, 0 SOSs, and 0 indicators.
Presolve time = 1.10 sec. (690.81 ticks)
Probing time = 0.01 sec. (0.67 ticks)
Tried aggregator 1 time.
Reduced MIP has 4659 rows, 11640 columns, and 31040 nonzeros.
Reduced MIP has 3880 binaries, 0 generals, 0 SOSs, and 0 indicators.
Presolve time = 0.04 sec. (22.31 ticks)
Probing time = 0.02 sec. (0.67 ticks)
MIP emphasis: balance optimality and feasibility.
MIP search method: dynamic search.
Parallel mode: deterministic, using up to 8 threads.
Root relaxation solution time = 0.15 sec. (127.43 ticks)

        Nodes                                         Cuts/
   Node  Left     Objective  IInf  Best Integer    Best Bound    ItCnt     Gap

*     0+    0                            0.0000    13994.6991              --- 
*     0+    0                         1109.5565    13994.6991              --- 
*     0     0      integral     0     1240.7580     1240.7580     2922    0.00%
Elapsed time = 1.41 sec. (878.16 ticks, tree = 0.00 MB, solutions = 3)

Root node processing (before b&c):
  Real time             =    1.44 sec. (888.04 ticks)
Parallel b&c, 8 threads:
  Real time             =    0.00 sec. (0.00 ticks)
  Sync time (average)   =    0.00 sec.
  Wait time (average)   =    0.00 sec.
                          ------------
Total (root+branch&cut) =    1.44 sec. (888.04 ticks)

<<< solve


OBJECTIVE: 1240.758
avg_utility = 0.759803

<<< post process


<<< done

