
<<< setup


<<< generate

Found incumbent of value 0,000000 after 0,01 sec. (4,54 ticks)
Tried aggregator 2 times.
MIP Presolve eliminated 20760 rows and 34221 columns.
MIP Presolve modified 2131 coefficients.
Aggregator did 2300 substitutions.
Reduced MIP has 36960 rows, 113600 columns, and 309520 nonzeros.
Reduced MIP has 5854 binaries, 2406 generals, 0 SOSs, and 0 indicators.
Presolve time = 0,28 sec. (187,63 ticks)
Probing time = 0,78 sec. (33,37 ticks)
Tried aggregator 1 time.
MIP Presolve eliminated 4678 rows and 12106 columns.
Reduced MIP has 32282 rows, 101494 columns, and 273632 nonzeros.
Reduced MIP has 5854 binaries, 2406 generals, 0 SOSs, and 0 indicators.
Presolve time = 0,31 sec. (157,12 ticks)
Probing time = 0,31 sec. (31,34 ticks)
Tried aggregator 1 time.
Reduced MIP has 32282 rows, 101494 columns, and 273632 nonzeros.
Reduced MIP has 5854 binaries, 2406 generals, 0 SOSs, and 0 indicators.
Presolve time = 0,23 sec. (128,73 ticks)
Probing time = 0,30 sec. (33,35 ticks)
Clique table members: 3359.
MIP emphasis: balance optimality and feasibility.
MIP search method: dynamic search.
Parallel mode: deterministic, using up to 24 threads.
Root relaxation solution time = 0,62 sec. (337,24 ticks)

        Nodes                                         Cuts/
   Node  Left     Objective  IInf  Best Integer    Best Bound    ItCnt     Gap

*     0+    0                            0,0000        3,0000              --- 
      0     0        0,9555   475        0,0000        0,9555     1179     --- 
*     0+    0                            0,2710        0,9555           252,63%
      0     0        0,8267   475        0,2710    Cuts: 1402     2477  205,07%
      0     0        0,6768   475        0,2710    Cuts: 1483     3515  149,75%
      0     0        0,5315   475        0,2710    Cuts: 1385     4657   96,14%
      0     0        0,3857   469        0,2710    Cuts: 1332     5681   42,34%
      0     0        cutoff              0,2710                   6096    0,00%
Elapsed time = 8,77 sec. (6049,09 ticks, tree = 0,00 MB, solutions = 2)

Cover cuts applied:  2
Implied bound cuts applied:  144
Flow cuts applied:  3045
Mixed integer rounding cuts applied:  3243
Gomory fractional cuts applied:  264

Root node processing (before b&c):
  Real time             =    8,78 sec. (6054,96 ticks)
Parallel b&c, 24 threads:
  Real time             =    0,00 sec. (0,00 ticks)
  Sync time (average)   =    0,00 sec.
  Wait time (average)   =    0,00 sec.
                          ------------
Total (root+branch&cut) =    8,78 sec. (6054,96 ticks)

<<< solve


OBJECTIVE: 0.2709756
avg_utility = 0.270976

<<< post process


<<< done

