
<<< setup


<<< generate

Found incumbent of value 0,000000 after 0,09 sec. (32,37 ticks)
Aggregator has done 116868 substitutions...
Aggregator has done 146743 substitutions...
Aggregator has done 171869 substitutions...
Tried aggregator 17 times.
MIP Presolve eliminated 298589 rows and 424406 columns.
MIP Presolve modified 98290 coefficients.
Aggregator did 175977 substitutions.
Reduced MIP has 155691 rows, 391778 columns, and 1084585 nonzeros.
Reduced MIP has 7470 binaries, 0 generals, 0 SOSs, and 0 indicators.
Presolve time = 156,46 sec. (31811,66 ticks)
Probing time = 0,24 sec. (14,74 ticks)
Tried aggregator 1 time.
Reduced MIP has 155691 rows, 391778 columns, and 1084585 nonzeros.
Reduced MIP has 7470 binaries, 0 generals, 0 SOSs, and 0 indicators.
Presolve time = 2,22 sec. (463,72 ticks)
Probing time = 0,32 sec. (15,41 ticks)
MIP emphasis: balance optimality and feasibility.
MIP search method: dynamic search.
Parallel mode: deterministic, using up to 8 threads.
Root relaxation solution time = 4,42 sec. (808,91 ticks)

        Nodes                                         Cuts/
   Node  Left     Objective  IInf  Best Integer    Best Bound    ItCnt     Gap

*     0+    0                            0,0000    47046,0000              --- 
      0     0    15665,4410  3428        0,0000    15665,4410     8235     --- 
      0     0    14329,6081  2540        0,0000    Cuts: 9645    34021     --- 
      0     0    13387,2102  2974        0,0000    Cuts: 9400    59064     --- 
      0     0    12560,8382  2909        0,0000    Cuts: 9978    81477     --- 
*     0+    0                         6191,3114    12560,8382           102,88%
      0     0    12285,4579  2744     6191,3114   Cuts: 10000   103744   98,43%
      0     0    11695,2873  2400     6191,3114    Cuts: 9983   125345   88,90%
      0     0    11335,3561  2272     6191,3114    Cuts: 9711   151465   83,08%
*     0+    0                         6597,2240    11335,3561            71,82%
*     0+    0                         8706,8166    11335,3561            30,19%
*     0+    0                         8746,0758    11335,3561            29,61%
      0     0    11254,7678  2484     8746,0758    Cuts: 9809   176443   28,68%
      0     0    11092,0069  2145     8746,0758    Cuts: 9812   206753   26,82%
      0     0    10918,2236  1938     8746,0758    Cuts: 9402   253041   24,84%
      0     0    10792,6231  1734     8746,0758    Cuts: 8741   284600   23,40%
*     0+    0                         9096,9733    10792,6231            18,64%
      0     0    10687,7286  1567     9096,9733    Cuts: 8639   341428   17,49%
*     0+    0                         9143,3721    10687,7286            16,89%
      0     0    10595,4030  1375     9143,3721    Cuts: 8470   376002   15,88%
*     0+    0                         9174,4156    10595,4030            15,49%
      0     0    10527,9567  1218     9174,4156    Cuts: 8631   402802   14,75%
*     0+    0                         9197,7983    10527,9567            14,46%
      0     0    10471,7521  1166     9197,7983    Cuts: 8060   438291   13,85%
*     0+    0                         9244,6088    10471,7521            13,27%
      0     0    10417,7820  1052     9244,6088    Cuts: 7303   629208   12,69%
*     0+    0                         9259,7650    10417,7820            12,51%
      0     0    10369,1633   949     9259,7650    Cuts: 6321   685207   11,98%
      0     0    10329,5162   915     9259,7650    Cuts: 5793   729899   11,55%
      0     0    10292,9652   775     9259,7650    Cuts: 4693   777422   11,16%
      0     0    10265,5275   621     9259,7650    Cuts: 3837   843127   10,86%
      0     0    10245,1968   565     9259,7650    Cuts: 3123   877439   10,64%
      0     0    10229,7414   494     9259,7650    Cuts: 2787   916263   10,48%
      0     0    10217,8893   426     9259,7650    Cuts: 2196   953312   10,35%
      0     0    10210,3907   555     9259,7650    Cuts: 1849   967481   10,27%
      0     0    10203,3755   433     9259,7650    Cuts: 1890  1003395   10,19%
*     0+    0                         9260,5400    10203,3755            10,18%
      0     0    10197,4847   310     9260,5400    Cuts: 1588  1035100   10,12%
      0     0    10195,1669   218     9260,5400    Cuts: 1131  1073462   10,09%
      0     0    10194,0339   218     9260,5400     Cuts: 736  1077109   10,08%
      0     0    10192,6951   200     9260,5400     Cuts: 777  1111302   10,07%
Heuristic still looking.
      0     2    10192,6951   200     9260,5400    10192,6951  1111302   10,07%
Elapsed time = 27051,50 sec. (5546516,66 ticks, tree = 0,00 MB, solutions = 12)
      1     3    10169,4044   187     9260,5400    10192,6951  1117562   10,07%
      2     4    10163,3080   198     9260,5400    10192,6951  1118489   10,07%
      3     5    10124,7341   177     9260,5400    10165,2044  1118589    9,77%
      4     6     9960,3466   166     9260,5400    10165,2044  1154659    9,77%
      7     9     9943,6500   163     9260,5400    10165,2044  1164452    9,77%
      8    10    10154,3343   184     9260,5400    10165,2044  1185322    9,77%
      9    11    10123,4149   175     9260,5400    10152,6475  1185784    9,63%
