
<<< setup


<<< generate

Found incumbent of value 0,000000 after 0,00 sec. (0,34 ticks)
Tried aggregator 2 times.
MIP Presolve eliminated 12275 rows and 6911 columns.
MIP Presolve modified 366 coefficients.
Aggregator did 182 substitutions.
Reduced MIP has 457 rows, 819 columns, and 1547 nonzeros.
Reduced MIP has 383 binaries, 72 generals, 0 SOSs, and 0 indicators.
Presolve time = 0,01 sec. (9,87 ticks)
Probing time = 0,00 sec. (0,19 ticks)
Tried aggregator 1 time.
Reduced MIP has 457 rows, 819 columns, and 1547 nonzeros.
Reduced MIP has 383 binaries, 72 generals, 0 SOSs, and 0 indicators.
Presolve time = 0,00 sec. (1,72 ticks)
Probing time = 0,00 sec. (0,19 ticks)
Clique table members: 67.
MIP emphasis: balance optimality and feasibility.
MIP search method: dynamic search.
Parallel mode: deterministic, using up to 8 threads.
Root relaxation solution time = 0,00 sec. (2,06 ticks)

        Nodes                                         Cuts/
   Node  Left     Objective  IInf  Best Integer    Best Bound    ItCnt     Gap

*     0+    0                            0,0000      195,6000              --- 
*     0     0      integral     0      163,0000      163,0000      165    0,00%
Elapsed time = 0,01 sec. (15,75 ticks, tree = 0,00 MB, solutions = 2)

Root node processing (before b&c):
  Real time             =    0,01 sec. (16,04 ticks)
Parallel b&c, 8 threads:
  Real time             =    0,00 sec. (0,00 ticks)
  Sync time (average)   =    0,00 sec.
  Wait time (average)   =    0,00 sec.
                          ------------
Total (root+branch&cut) =    0,01 sec. (16,04 ticks)

<<< solve


OBJECTIVE: 163
avg_utility = 1

<<< post process


<<< done

