
<<< setup


<<< generate

Found incumbent of value 0,000000 after 0,07 sec. (24,41 ticks)
Tried aggregator 5 times.
MIP Presolve eliminated 181238 rows and 555248 columns.
MIP Presolve modified 5508 coefficients.
Aggregator did 155008 substitutions.
Reduced MIP has 36324 rows, 75265 columns, and 236571 nonzeros.
Reduced MIP has 3696 binaries, 0 generals, 0 SOSs, and 0 indicators.
Presolve time = 26,21 sec. (6905,82 ticks)
Probing time = 0,05 sec. (2,98 ticks)
Tried aggregator 1 time.
Reduced MIP has 36324 rows, 75265 columns, and 236571 nonzeros.
Reduced MIP has 3696 binaries, 0 generals, 0 SOSs, and 0 indicators.
Presolve time = 0,33 sec. (108,32 ticks)
Probing time = 0,07 sec. (3,06 ticks)
MIP emphasis: balance optimality and feasibility.
MIP search method: dynamic search.
Parallel mode: deterministic, using up to 8 threads.
Root relaxation solution time = 2,61 sec. (838,27 ticks)

        Nodes                                         Cuts/
   Node  Left     Objective  IInf  Best Integer    Best Bound    ItCnt     Gap

*     0+    0                         3279,0000    38104,0000              --- 
      0     0     6548,6000  1428     3279,0000     6548,6000       20   99,71%
*     0+    0                         5993,0286     6548,6000             9,27%
      0     0     6472,6621  1212     5993,0286    Cuts: 3232    23093    8,00%
      0     0     6284,2656   198     5993,0286    Cuts: 2990    68403    4,86%
      0     0     6244,0710    41     5993,0286     Cuts: 592    70156    4,19%
*     0+    0                         6217,9119     6244,0710             0,42%

Flow cuts applied:  5133
Mixed integer rounding cuts applied:  1167
Flow path cuts applied:  18
Gomory fractional cuts applied:  172

Root node processing (before b&c):
  Real time             =  147,90 sec. (57459,18 ticks)
Parallel b&c, 8 threads:
  Real time             =    0,00 sec. (0,00 ticks)
  Sync time (average)   =    0,00 sec.
  Wait time (average)   =    0,00 sec.
                          ------------
Total (root+branch&cut) =  147,90 sec. (57459,18 ticks)

<<< solve


OBJECTIVE: 6217.912
avg_utility = 0.385559

<<< post process


<<< done

