
<<< setup


<<< generate

Found incumbent of value 0,000000 after 0,07 sec. (64,06 ticks)
Tried aggregator 3 times.
MIP Presolve eliminated 3401701 rows and 1208774 columns.
Aggregator did 2830 substitutions.
Reduced MIP has 851 rows, 1981 columns, and 4528 nonzeros.
Reduced MIP has 0 binaries, 0 generals, 0 SOSs, and 0 indicators.
Presolve time = 1,15 sec. (1907,42 ticks)
Tried aggregator 2 times.
MIP Presolve eliminated 824 rows and 1916 columns.
Aggregator did 5 substitutions.
Reduced MIP has 22 rows, 60 columns, and 125 nonzeros.
Reduced MIP has 0 binaries, 0 generals, 0 SOSs, and 0 indicators.
Presolve time = 0,03 sec. (44,52 ticks)
Tried aggregator 1 time.
Reduced MIP has 22 rows, 60 columns, and 125 nonzeros.
Reduced MIP has 0 binaries, 0 generals, 0 SOSs, and 0 indicators.
Presolve time = 0,03 sec. (41,98 ticks)
MIP emphasis: balance optimality and feasibility.
MIP search method: dynamic search.
Parallel mode: deterministic, using up to 8 threads.
Root relaxation solution time = 0,00 sec. (0,06 ticks)

        Nodes                                         Cuts/
   Node  Left     Objective  IInf  Best Integer    Best Bound    ItCnt     Gap

*     0+    0                            0,0000     1696,3576              --- 
*     0     0      integral     0      408,0000      408,0000       28    0,00%
Elapsed time = 1,30 sec. (2119,28 ticks, tree = 0,00 MB, solutions = 1)

Root node processing (before b&c):
  Real time             =    1,35 sec. (2161,00 ticks)
Parallel b&c, 8 threads:
  Real time             =    0,00 sec. (0,00 ticks)
  Sync time (average)   =    0,00 sec.
  Wait time (average)   =    0,00 sec.
                          ------------
Total (root+branch&cut) =    1,35 sec. (2161,00 ticks)

<<< solve


OBJECTIVE: 408
avg_utility = 1

<<< post process


<<< done

