
<<< setup


<<< generate

Tried aggregator 2 times.
MIP Presolve eliminated 246979 rows and 142673 columns.
MIP Presolve modified 8719 coefficients.
Aggregator did 8720 substitutions.
Reduced MIP has 873 rows, 5232 columns, and 9592 nonzeros.
Reduced MIP has 4020 binaries, 1212 generals, 0 SOSs, and 0 indicators.
Presolve time = 0,14 sec. (152,71 ticks)
Found incumbent of value 0,000000 after 0,15 sec. (165,18 ticks)
Probing time = 0,00 sec. (1,47 ticks)
Tried aggregator 1 time.
Presolve time = 0,01 sec. (8,36 ticks)
Probing time = 0,00 sec. (1,47 ticks)
Clique table members: 670.
MIP emphasis: balance optimality and feasibility.
MIP search method: dynamic search.
Parallel mode: deterministic, using up to 24 threads.
Root relaxation solution time = 0,01 sec. (5,02 ticks)

        Nodes                                         Cuts/
   Node  Left     Objective  IInf  Best Integer    Best Bound    ItCnt     Gap

*     0+    0                            0,0000     5822,2000        1     --- 
*     0+    0                          186,6000     5822,2000        1     --- 
      0     0      326,6667     2      186,6000      326,6667        1   75,06%
*     0+    0                          326,6000      326,6667        1    0,02%
*     0     0      integral     0      326,6000      326,6667        1    0,02%
Elapsed time = 0,21 sec. (197,96 ticks, tree = 0,00 MB, solutions = 3)

Root node processing (before b&c):
  Real time             =    0,05 sec. (21,73 ticks)
Parallel b&c, 24 threads:
  Real time             =    0,00 sec. (0,00 ticks)
  Sync time (average)   =    0,00 sec.
  Wait time (average)   =    0,00 sec.
                          ------------
Total (root+branch&cut) =    0,05 sec. (21,73 ticks)

<<< solve


OBJECTIVE: 326.6
avg_utility = 0.166632653061222

<<< post process


<<< done

