
<<< setup


<<< generate

Tried aggregator 2 times.
MIP Presolve eliminated 1256 rows and 1294 columns.
MIP Presolve modified 1 coefficients.
Aggregator did 100 substitutions.
Reduced MIP has 11 rows, 60 columns, and 110 nonzeros.
Reduced MIP has 0 binaries, 60 generals, 0 SOSs, and 0 indicators.
Presolve time = 0.00 sec. (1.55 ticks)
Found incumbent of value 0.000000 after 0.01 sec. (1.67 ticks)
Tried aggregator 1 time.
Reduced MIP has 11 rows, 60 columns, and 110 nonzeros.
Reduced MIP has 0 binaries, 60 generals, 0 SOSs, and 0 indicators.
Presolve time = 0.00 sec. (0.06 ticks)
MIP emphasis: balance optimality and feasibility.
MIP search method: dynamic search.
Parallel mode: deterministic, using up to 2 threads.
Root relaxation solution time = 0.00 sec. (0.08 ticks)

        Nodes                                         Cuts/
   Node  Left     Objective  IInf  Best Integer    Best Bound    ItCnt     Gap

*     0+    0                            0.0000      489.0000              --- 
*     0+    0                          113.2000      489.0000           331.98%
      0     0      146.9000     2      113.2000      146.9000       20   29.77%
*     0+    0                          146.8000      146.9000             0.07%
*     0     0      integral     0      146.8000      146.9000       20    0.07%
Elapsed time = 0.03 sec. (1.99 ticks, tree = 0.00 MB, solutions = 3)

Root node processing (before b&c):
  Real time             =    0.03 sec. (2.05 ticks)
Parallel b&c, 2 threads:
  Real time             =    0.00 sec. (0.00 ticks)
  Sync time (average)   =    0.00 sec.
  Wait time (average)   =    0.00 sec.
                          ------------
Total (root+branch&cut) =    0.03 sec. (2.05 ticks)

<<< solve


OBJECTIVE: 146.8

<<< post process


<<< done

