
<<< setup


<<< generate

Presolve has eliminated 77679 rows and 103229 columns...
Tried aggregator 5 times.
MIP Presolve eliminated 213104 rows and 244079 columns.
MIP Presolve modified 15569 coefficients.
Aggregator did 38000 substitutions.
Reduced MIP has 23932 rows, 42940 columns, and 111690 nonzeros.
Reduced MIP has 9790 binaries, 0 generals, 0 SOSs, and 0 indicators.
Presolve time = 4,67 sec. (13263,73 ticks)
Found incumbent of value 0,000000 after 4,95 sec. (13526,42 ticks)
Probing time = 0,28 sec. (121,53 ticks)
Tried aggregator 4 times.
MIP Presolve eliminated 5225 rows and 6450 columns.
MIP Presolve modified 4450 coefficients.
Aggregator did 8900 substitutions.
Reduced MIP has 9807 rows, 27590 columns, and 72090 nonzeros.
Reduced MIP has 9790 binaries, 0 generals, 0 SOSs, and 0 indicators.
Presolve time = 0,40 sec. (415,74 ticks)
Probing time = 0,07 sec. (7,57 ticks)
Clique table members: 894.
MIP emphasis: balance optimality and feasibility.
MIP search method: dynamic search.
Parallel mode: deterministic, using up to 24 threads.
Root relaxation solution time = 0,31 sec. (319,64 ticks)

        Nodes                                         Cuts/
   Node  Left     Objective  IInf  Best Integer    Best Bound    ItCnt     Gap

*     0+    0                            0,0000     5696,0000       17     --- 
      0     0     1118,5750    46        0,0000     1118,5750       17     --- 
*     0+    0                         1108,9000     1118,5750       17    0,87%
      0     2     1118,5750     2     1108,9000     1118,5750       17    0,87%
Elapsed time = 10,74 sec. (20471,41 ticks, tree = 0,01 MB, solutions = 2)
      2     4     1111,8444    32     1108,9000     1118,5750     5161    0,87%
*     4+    4                         1116,9000     1118,5750     8922    0,15%
      4     4     1109,2500    26     1116,9000     1118,5750     8922    0,15%
*     5+    3                         1117,3000     1118,5750     8990    0,11%
     10     8     1117,4125    38     1117,3000     1118,5750    13637    0,11%
     19    17     1118,5750    27     1117,3000     1118,5750    25789    0,11%
     28    24     1117,4125    35     1117,3000     1118,5750    44885    0,11%
     35    29     1117,9500    40     1117,3000     1118,5750    61460    0,11%
*    36+   28                         1117,5000     1118,5750    63804    0,10%
*    39+   29                         1117,8000     1118,5750    74090    0,07%
*    40+   28                         1117,8000     1118,5750    76551    0,07%
*    41+   27                         1117,8000     1118,5750    77827    0,07%
*    41+   27                         1118,1000     1118,5750    77827    0,04%
     45    31     1117,6400    43     1118,1000     1118,5750    79400    0,04%
     57    19     1118,5750    38     1118,1000     1118,5750    86373    0,04%
     75    35     1118,5250    18     1118,1000     1118,5750    94878    0,04%
    225   181     1118,5250    40     1118,1000     1118,5750   123210    0,04%
Elapsed time = 17,08 sec. (25073,44 ticks, tree = 0,01 MB, solutions = 10)
    524   476     1118,4750    28     1118,1000     1118,5750   142144    0,04%
*   538+  471                         1118,5000     1118,5750   147256    0,01%

Implied bound cuts applied:  481

Root node processing (before b&c):
  Real time             =    4,58 sec. (5239,56 ticks)
Parallel b&c, 24 threads:
  Real time             =    8,09 sec. (6368,22 ticks)
  Sync time (average)   =    0,02 sec.
  Wait time (average)   =    0,00 sec.
                          ------------
Total (root+branch&cut) =   12,67 sec. (11607,78 ticks)

<<< solve


OBJECTIVE: 1118.5

<<< post process


<<< done

