
<<< setup


<<< generate

Found incumbent of value 0,000000 after 0,02 sec. (18,88 ticks)
Tried aggregator 8 times.
MIP Presolve eliminated 338626 rows and 304445 columns.
MIP Presolve modified 19898 coefficients.
Aggregator did 99930 substitutions.
Reduced MIP has 62994 rows, 126746 columns, and 393978 nonzeros.
Reduced MIP has 2953 binaries, 0 generals, 0 SOSs, and 0 indicators.
Presolve time = 9,90 sec. (9392,13 ticks)
Probing time = 0,03 sec. (5,20 ticks)
Tried aggregator 1 time.
Reduced MIP has 62994 rows, 126746 columns, and 393978 nonzeros.
Reduced MIP has 2953 binaries, 0 generals, 0 SOSs, and 0 indicators.
Presolve time = 0,27 sec. (191,02 ticks)
Probing time = 0,03 sec. (5,40 ticks)
MIP emphasis: balance optimality and feasibility.
MIP search method: dynamic search.
Parallel mode: deterministic, using up to 8 threads.
Root relaxation solution time = 6,83 sec. (2469,27 ticks)

        Nodes                                         Cuts/
   Node  Left     Objective  IInf  Best Integer    Best Bound    ItCnt     Gap

*     0+    0                            0,0000    38485,3388              --- 
      0     0     7432,2240  1390        0,0000     7432,2240    10409     --- 
      0     0     7280,5470  1063        0,0000    Cuts: 4472    40408     --- 
      0     0     7132,7493  1119        0,0000    Cuts: 6015   116514     --- 
      0     0     6982,6591  1130        0,0000    Cuts: 7140   151069     --- 
*     0+    0                         3665,8181     6982,6591            90,48%
*     0+    0                         4635,5729     6982,6591            50,63%
*     0+    0                         4641,2870     6982,6591            50,45%
      0     0     6836,1195  1184     4641,2870    Cuts: 7809   165291   47,29%
      0     0     6716,7227   527     4641,2870    Cuts: 9084   195055   44,72%
      0     0     6699,0399   663     4641,2870    Cuts: 2298   208116   44,34%
*     0+    0                         5365,7275     6699,0399            24,85%
*     0+    0                         5366,0783     6699,0399            24,84%
*     0+    0                         5449,3343     6699,0399            22,93%
*     0+    0                         5456,0105     6699,0399            22,78%
      0     0     6679,1983   621     5456,0105    Cuts: 3217   235515   22,42%
      0     0     6668,6545   591     5456,0105    Cuts: 2804   248741   22,23%
      0     0     6651,9784   517     5456,0105    Cuts: 2360   267973   21,92%
*     0+    0                         5545,3757     6651,9784            19,96%
*     0+    0                         5697,2498     6651,9784            16,76%
*     0+    0                         5701,8030     6651,9784            16,66%
*     0+    0                         5702,9312     6651,9784            16,64%
*     0+    0                         6316,7603     6651,9784             5,31%
      0     0     6644,4557   557     6316,7603    Cuts: 2231   274378    5,19%
*     0+    0                         6328,1599     6644,4557             5,00%
      0     0     6639,0228   595     6328,1599    Cuts: 1840   285054    4,91%
      0     0     6630,9756   476     6328,1599    Cuts: 1633   291730    4,79%
*     0+    0                         6355,8055     6630,9756             4,33%
*     0+    0                         6366,0167     6630,9756             4,16%
*     0+    0                         6367,8919     6630,9756             4,13%
      0     0     6628,7372   451     6367,8919     Cuts: 916   297378    4,10%
      0     0     6626,1551   436     6367,8919     Cuts: 746   324606    4,06%
      0     0     6622,9421   339     6367,8919    Cuts: 1106   342649    4,01%
*     0+    0                         6371,0032     6622,9421             3,95%
      0     0     6616,9750   309     6371,0032     Cuts: 958   359150    3,86%
      0     0     6614,7489   280     6371,0032     Cuts: 771   379000    3,83%
      0     0     6612,8474   280     6371,0032     Cuts: 723   398208    3,80%
*     0+    0                         6391,8148     6612,8474             3,46%
*     0+    0                         6392,2602     6612,8474             3,45%
*     0+    0                         6393,0768     6612,8474             3,44%
      0     0     6611,8686   252     6393,0768     Cuts: 614   406950    3,42%
      0     0     6610,7050   282     6393,0768     Cuts: 545   455623    3,40%
      0     0     6610,0303   236     6393,0768     Cuts: 753   463888    3,39%
*     0+    0                         6396,7192     6610,0303             3,33%
      0     0     6608,9797   163     6396,7192     Cuts: 296   492807    3,32%
      0     0     6607,9147   148     6396,7192     Cuts: 284   509449    3,30%
Heuristic still looking.
Heuristic still looking.
Heuristic still looking.
*     0+    0                         6404,9409     6607,9147             3,17%
      0     2     6607,9147   148     6404,9409     6607,9147   509449    3,17%
Elapsed time = 1395,47 sec. (974909,03 ticks, tree = 0,00 MB, solutions = 23)
      1     3     6570,2030   151     6404,9409     6607,9147   551314    3,17%
      2     4     6600,1547   158     6404,9409     6607,9147   553806    3,17%
      3     5     6587,4961   158     6404,9409     6600,1547   554816    3,05%
*     4+    4                         6405,5869     6600,1547             3,04%
      4     6     6552,2710   160     6405,5869     6600,1547   558129    3,04%
      7     9     6547,5701   156     6405,5869     6600,1547   568100    3,04%
      9    11     6529,7001   161     6405,5869     6600,1547   611328    3,04%
     11    13     6571,8587   157     6405,5869     6587,4961   621296    2,84%
     12    14     6542,9694   152     6405,5869     6587,4961   639699    2,84%
     24    26     6566,1168   139     6405,5869     6587,4961   709386    2,84%
     25    27     6529,3592   157     6405,5869     6587,4961   719751    2,84%
Elapsed time = 1966,63 sec. (1236178,34 ticks, tree = 0,00 MB, solutions = 24)
*    31+   31                         6406,1757     6587,4961             2,83%
     31    33     6527,4069   143     6406,1757     6587,4961   751485    2,83%
     40    42     6532,5460   146     6406,1757     6587,4961   819582    2,83%
     66    68     6549,3430   142     6406,1757     6587,4961   974444    2,83%
     67    69     6524,1841   174     6406,1757     6587,4961   985849    2,83%
     71    73     6459,9569   219     6406,1757     6587,4961   997277    2,83%
     75    77     6525,1195   151     6406,1757     6587,4961  1026359    2,83%
     91    93     6513,1156   139     6406,1757     6587,4961  1090045    2,83%
    100   102     6484,8609   139     6406,1757     6587,4961  1139227    2,83%
    124   126     6502,8846   157     6406,1757     6587,4961  1320560    2,83%
    129   131     6510,1995   149     6406,1757     6587,4961  1340589    2,83%
Elapsed time = 2641,39 sec. (1360204,75 ticks, tree = 0,00 MB, solutions = 25)
    130   132     6507,4433   140     6406,1757     6587,4961  1363379    2,83%
    133   135     6496,7410   236     6406,1757     6587,4961  1442924    2,83%
    141   143     6513,0516   142     6406,1757     6587,4961  1523853    2,83%
    146   148     6503,2982   155     6406,1757     6587,4961  1548942    2,83%
    149   151     6507,0498   145     6406,1757     6587,4961  1576771    2,83%
    157   159     6499,1760   164     6406,1757     6587,4961  1654426    2,83%
    165   165     6506,9430   154     6406,1757     6587,4961  1753420    2,83%
    203   203     6506,6641   171     6406,1757     6587,4961  2100204    2,83%
    204   204     6496,2979   168     6406,1757     6587,4961  2113069    2,83%
    205   205     6470,0083   243     6406,1757     6587,4961  2139183    2,83%
Elapsed time = 3678,81 sec. (1499173,22 ticks, tree = 0,00 MB, solutions = 25)
    213   213     6482,2742   237     6406,1757     6587,4961  2199789    2,83%
    221   221     6470,8601   242     6406,1757     6587,4961  2274864    2,83%
    237   235     6467,6408   279     6406,1757     6587,4961  2390202    2,83%
    245   241     6456,2829   193     6406,1757     6587,4961  2467516    2,83%
    265   261     6470,7698   200     6406,1757     6587,4961  2570655    2,83%
    271   265     6493,0333   193     6406,1757     6587,4961  2619329    2,83%
    272   266     6467,6032   200     6406,1757     6587,4961  2659057    2,83%
    280   272     6477,8451   185     6406,1757     6587,4961  2813528    2,83%
    287   279     6492,9898   242     6406,1757     6587,4961  2954961    2,83%
    295   287     6483,3173   243     6406,1757     6587,4961  3083034    2,83%
Elapsed time = 4542,21 sec. (1629199,21 ticks, tree = 26,29 MB, solutions = 25)
    303   293     6472,8815   265     6406,1757     6587,4961  3271524    2,83%
    311   301     6475,5817   233     6406,1757     6587,4961  3382856    2,83%
    319   307     6475,8934   245     6406,1757     6587,4961  3545709    2,83%
    320   308     6466,0581   190     6406,1757     6587,4961  3553277    2,83%
    327   315     6471,2754   228     6406,1757     6587,4961  3704127    2,83%
    334   318     6421,5581   223     6406,1757     6587,4961  3927939    2,83%
    342   326     6438,9741   193     6406,1757     6587,4961  4025743    2,83%
    350   330     6438,7551   189     6406,1757     6587,4961  4180311    2,83%
    358   334     6427,9732   147     6406,1757     6587,4961  4439584    2,83%
    366   336        cutoff           6406,1757     6587,4961  4584223    2,83%
Elapsed time = 5097,34 sec. (1716922,71 ticks, tree = 26,29 MB, solutions = 25)
    367   337     6438,7375   208     6406,1757     6587,4961  4647633    2,83%
    375   339     6459,5890   210     6406,1757     6587,4961  4822183    2,83%
    382   344     6560,3534   136     6406,1757     6587,4961  4895553    2,83%
    431   393     6459,4404   216     6406,1757     6587,4961  5751220    2,83%
    433   395     6412,4541   151     6406,1757     6587,4961  5773423    2,83%
    436   398     6538,0893   148     6406,1757     6587,4961  5817977    2,83%
    440   402     6430,0817   233     6406,1757     6587,4961  5899957    2,83%
    441   401        cutoff           6406,1757     6587,4961  5946001    2,83%
    448   408     6425,5769   186     6406,1757     6587,4961  6105870    2,83%
    449   409     6406,1868   147     6406,1757     6587,4961  6123676    2,83%
Elapsed time = 5192,98 sec. (1758009,20 ticks, tree = 34,02 MB, solutions = 25)
    450   410     6503,4548   249     6406,1757     6587,4961  6226016    2,83%
    458   416     6510,4778   213     6406,1757     6587,4961  6315686    2,83%
    466   420     6499,4488   195     6406,1757     6587,4961  6528761    2,83%
    474   426     6500,6753   174     6406,1757     6587,4961  6642775    2,83%
    482   434     6493,6743   171     6406,1757     6587,4961  6771846    2,83%
    490   440     6492,9255   172     6406,1757     6587,4961  6954444    2,83%
    498   448     6485,8728   201     6406,1757     6587,4961  7109307    2,83%
    506   454     6485,3734   188     6406,1757     6587,4961  7285881    2,83%
    510   458     6522,3559   149     6406,1757     6587,4961  7338589    2,83%
    514   462     6481,7888   215     6406,1757     6587,4961  7418463    2,83%
Elapsed time = 5540,27 sec. (1817393,42 ticks, tree = 34,02 MB, solutions = 25)
    522   468     6472,5023   287     6406,1757     6587,4961  7600678    2,83%
    530   474     6481,6540   189     6406,1757     6587,4961  7766816    2,83%
    538   482     6471,0500   158     6406,1757     6587,4961  7929047    2,83%
    546   489     6464,6440   149     6406,1757     6587,4961  8107710    2,83%
    554   495     6422,0141   211     6406,1757     6587,4961  8252579    2,83%
    645   580     6415,5289   197     6406,1757     6571,7470 10046952    2,58%
    646   581     6553,3557   150     6406,1757     6571,7470 10085017    2,58%
    647   582     6457,1216   182     6406,1757     6571,7470 10185315    2,58%
    655   588     6460,8767   146     6406,1757     6571,7470 10382070    2,58%
    663   596     6459,3439   165     6406,1757     6571,7470 10598899    2,58%
Elapsed time = 6011,73 sec. (1914570,02 ticks, tree = 58,02 MB, solutions = 25)
    671   600     6434,5229   202     6406,1757     6571,7470 10816784    2,58%
    678   605     6532,8435   144     6406,1757     6571,7470 10953760    2,58%
    686   607     6526,0886   231     6406,1757     6571,7470 11122932    2,58%
    689   610     6538,3052   162     6406,1757     6571,7470 11217803    2,58%
*   690+  607                         6412,5799     6571,7470             2,48%
    697   614     6485,4513   131     6412,5799     6571,7470 11438512    2,48%
    705   616     6483,0414   133     6412,5799     6571,7470 11617402    2,48%
    713   624     6473,7858   133     6412,5799     6571,7470 11828935    2,48%
*   719+  626                         6413,2260     6571,7470             2,47%
    721   630     6482,8391   132     6413,2260     6571,7470 11981532    2,47%
    729   636     6480,2364   130     6413,2260     6571,7470 12090503    2,47%
    737   642     6473,9918   147     6413,2260     6571,7470 12338021    2,47%
Elapsed time = 6287,02 sec. (1988284,84 ticks, tree = 58,02 MB, solutions = 25)
    745   650     6468,9656   146     6413,2260     6571,7470 12461966    2,47%
    753   654     6459,8000   141     6413,2260     6571,7470 12648419    2,47%
    758   659     6514,2546   151     6413,2260     6571,7470 12728370    2,47%
    766   661     6507,2486   157     6413,2260     6571,7470 12855731    2,47%
    775   668     6445,9106   232     6413,2260     6571,7470 13038412    2,47%
    881   720     6503,4410   127     6413,2260     6571,7470 14690358    2,47%
    884   685     6477,1295   156     6413,2260     6571,7470 14746845    2,47%
    887   688     6415,1608   131     6413,2260     6571,7470 14822298    2,47%
    895   692     6414,0743   131     6413,2260     6571,7470 14947076    2,47%
    903   696        cutoff           6413,2260     6571,7470 15067541    2,47%
Elapsed time = 6758,20 sec. (2094698,09 ticks, tree = 58,40 MB, solutions = 27)
    911   698        cutoff           6413,2260     6571,7470 15212600    2,47%
    919   702        cutoff           6413,2260     6571,7470 15411888    2,47%
    923   706     6535,9669   155     6413,2260     6571,7470 15474871    2,47%
    939   722     6505,7369   135     6413,2260     6571,7470 15669769    2,47%
    955   738     6495,4363   131     6413,2260     6571,7470 15889218    2,47%
    963   746     6486,7698   141     6413,2260     6571,7470 16006192    2,47%
    971   754     6479,0375   141     6413,2260     6571,7470 16096351    2,47%
    987   770     6464,7523   170     6413,2260     6571,7470 16332377    2,47%
    995   776     6460,4922   158     6413,2260     6571,7470 16554731    2,47%
   1011   790     6446,7314   198     6413,2260     6571,7470 16979343    2,47%
Elapsed time = 7220,02 sec. (2185056,24 ticks, tree = 58,40 MB, solutions = 27)
   1019   794     6432,8694   149     6413,2260     6571,7470 17154822    2,47%
   1023   798     6501,3107   223     6413,2260     6571,7470 17256195    2,47%
   1031   802     6494,1595   242     6413,2260     6571,7470 17420341    2,47%
   1136   889     6525,8493   142     6413,2260     6571,7470 19424019    2,47%
   1206   955     6518,6568   154     6413,2260     6571,7470 19800245    2,47%
   1214   963     6511,9137   239     6413,2260     6571,7470 19912070    2,47%
   1230   979     6508,7771   153     6413,2260     6571,7470 20148028    2,47%
   1238   987     6498,3353   212     6413,2260     6571,7470 20268610    2,47%
   1254  1003     6505,0665   161     6413,2260     6571,7470 20519064    2,47%
   1262  1011     6496,2027   237     6413,2260     6571,7470 20628199    2,47%
Elapsed time = 7782,46 sec. (2352784,53 ticks, tree = 69,67 MB, solutions = 27)
   1278  1025     6499,3517   170     6413,2260     6571,7470 20830498    2,47%
   1286  1030     6490,8136   199     6413,2260     6571,7470 21083428    2,47%
   1594  1323     6421,0862   294     6413,2260     6571,7470 25234870    2,47%
   1601  1328     6458,0521   156     6413,2260     6571,7470 25422402    2,47%
   1605  1332     6546,4188   156     6413,2260     6571,7470 25485492    2,47%
   1621  1348     6533,0803   164     6413,2260     6571,7470 25702349    2,47%
   1637  1364     6519,7954   189     6413,2260     6571,7470 25856875    2,47%
   1653  1380     6514,1071   210     6413,2260     6571,7470 26045267    2,47%
   1661  1388     6506,5952   232     6413,2260     6571,7470 26163064    2,47%
   1677  1400     6497,4327   258     6413,2260     6571,7470 26319210    2,47%
Elapsed time = 8398,78 sec. (2463517,87 ticks, tree = 82,93 MB, solutions = 27)
   1678  1401     6443,2667   200     6413,2260     6571,7470 26404157    2,47%
   1694  1417     6460,4962   192     6413,2260     6571,7470 26616055    2,47%
   1710  1433     6462,9242   157     6413,2260     6571,7470 26840455    2,47%
   1718  1439     6437,3931   214     6413,2260     6571,7470 26962863    2,47%
   1726  1445     6448,8867   155     6413,2260     6571,7470 27085280    2,47%
   1734  1453     6450,3494   228     6413,2260     6571,7470 27272814    2,47%
   1742  1459     6448,4050   161     6413,2260     6571,7470 27367279    2,47%
   1750  1465     6437,2121   229     6413,2260     6571,7470 27573082    2,47%
   1766  1481     6445,8295   152     6413,2260     6571,7470 27812839    2,47%
   1782  1497     6444,9838   154     6413,2260     6571,7470 28043810    2,47%
Elapsed time = 8875,35 sec. (2533799,40 ticks, tree = 82,93 MB, solutions = 27)
   1790  1505     6417,7603   132     6413,2260     6571,7470 28185518    2,47%
   1806  1519        cutoff           6413,2260     6571,7470 28398335    2,47%
   1813  1526     6429,8897   253     6413,2260     6571,7470 28597152    2,47%
   1821  1534     6416,1145   181     6413,2260     6571,7470 28744336    2,47%
   1856  1561     6531,2787   167     6413,2260     6571,7470 29473458    2,47%
   1971  1664     6475,9642   210     6413,2260     6548,9638 31056228    2,12%
   1979  1672     6462,0524   143     6413,2260     6548,9638 31201374    2,12%
   1984  1675     6467,3597   207     6413,2260     6548,9638 31315593    2,12%
   1986  1677     6420,8091   345     6413,2260     6548,9638 31353894    2,12%
   2010  1699     6419,9708   355     6413,2260     6548,9638 31865066    2,12%
Elapsed time = 9525,24 sec. (2675327,24 ticks, tree = 94,65 MB, solutions = 27)
   2018  1707     6418,9880   348     6413,2260     6548,9638 32123952    2,12%
   2034  1723     6416,8998   348     6413,2260     6548,9638 32355603    2,12%
   2050  1737     6416,8469   358     6413,2260     6548,9638 32586797    2,12%
   2082  1763     6414,4240   346     6413,2260     6548,9638 33083153    2,12%
   2098  1779     6413,6602   346     6413,2260     6548,9638 33336579    2,12%
   2114  1793        cutoff           6413,2260     6548,9638 33526619    2,12%
   2122  1801     6532,3922   150     6413,2260     6548,9638 33674960    2,12%
   2138  1817     6516,6397   186     6413,2260     6548,9638 33918556    2,12%
   2146  1825     6522,8069   170     6413,2260     6548,9638 34097601    2,12%
   2386  2029     6470,2318   209     6413,2260     6547,0370 37230537    2,09%
Elapsed time = 9988,77 sec. (2793786,63 ticks, tree = 107,04 MB, solutions = 27)
   2387  2030     6417,4272   130     6413,2260     6547,0370 37337813    2,09%
   2403  2044        cutoff           6413,2260     6547,0370 37606294    2,09%
   2419  2056        cutoff           6413,2260     6547,0370 37850162    2,09%
   2435  2062        cutoff           6413,2260     6547,0370 38083521    2,09%
   2444  2069     6528,7308   183     6413,2260     6547,0370 38243274    2,09%
   2452  2073     6485,7325   140     6413,2260     6547,0370 38377491    2,09%
   2468  2083     6476,7915   143     6413,2260     6547,0370 38668392    2,09%
   2475  2090     6465,6474   384     6413,2260     6547,0370 38839611    2,09%
   2491  2106     6456,5680   400     6413,2260     6547,0370 39138271    2,09%
   2496  2109     6514,9831   162     6413,2260     6547,0370 39297402    2,09%
Elapsed time = 10364,71 sec. (2876603,38 ticks, tree = 107,04 MB, solutions = 27)
   2511  2122     6461,5830   177     6413,2260     6547,0370 39678376    2,09%
   2527  2138     6460,0737   182     6413,2260     6547,0370 39958080    2,09%
   2543  2154     6456,0433   239     6413,2260     6547,0370 40323237    2,09%
   2551  2162     6454,9449   251     6413,2260     6547,0370 40582875    2,09%
   2567  2174     6454,5460   250     6413,2260     6547,0370 40958929    2,09%
   2591  2198     6451,6328   261     6413,2260     6547,0370 41482351    2,09%
   2615  2220     6449,9758   283     6413,2260     6547,0370 41899577    2,09%
   2631  2234     6449,8951   287     6413,2260     6547,0370 42113554    2,09%
   2639  2242     6449,6639   277     6413,2260     6547,0370 42260773    2,09%
   2663  2266     6448,5748   280     6413,2260     6547,0370 42569251    2,09%
Elapsed time = 11041,91 sec. (2992009,82 ticks, tree = 107,04 MB, solutions = 27)
   2679  2282     6447,3130   274     6413,2260     6547,0370 42815052    2,09%
   2687  2290     6446,9990   284     6413,2260     6547,0370 42922016    2,09%
   2695  2296     6445,8463   283     6413,2260     6547,0370 43070139    2,09%
   2711  2310     6445,2088   288     6413,2260     6547,0370 43297926    2,09%
   2713  2312     6437,5349   122     6413,2260     6547,0370 43432158    2,09%
   2789  2378     6431,8154   239     6413,2260     6547,0370 44690897    2,09%
   2798  2387     6444,9309   280     6413,2260     6547,0370 44897321    2,09%
   2813  2402     6430,7859   240     6413,2260     6547,0370 45139770    2,09%
   2823  2412     6444,0920   282     6413,2260     6547,0370 45262408    2,09%
   2839  2428     6443,6023   282     6413,2260     6547,0370 45446769    2,09%
Elapsed time = 11168,61 sec. (3050423,41 ticks, tree = 119,26 MB, solutions = 27)
   2847  2436     6443,1695   287     6413,2260     6547,0370 45553981    2,09%
   2850  2439     6470,9919   176     6413,2260     6547,0370 45617825    2,09%
   2866  2455     6458,7870   202     6413,2260     6547,0370 45810885    2,09%
   2882  2471     6444,0835   175     6413,2260     6547,0370 45990543    2,09%
   2906  2495     6442,8540   168     6413,2260     6547,0370 46215832    2,09%
   2918  2507     6440,7068   307     6413,2260     6547,0370 46323156    2,09%
   2942  2527     6439,7627   316     6413,2260     6547,0370 46575232    2,09%
   2958  2543     6438,6061   303     6413,2260     6547,0370 46776486    2,09%
   2974  2559     6437,6872   300     6413,2260     6547,0370 46962644    2,09%
   2982  2567     6437,5695   300     6413,2260     6547,0370 47053131    2,09%
Elapsed time = 11628,48 sec. (3135047,71 ticks, tree = 119,26 MB, solutions = 27)
   2983  2568     6435,9160   273     6413,2260     6547,0370 47056499    2,09%
   2999  2584     6435,2694   276     6413,2260     6547,0370 47323713    2,09%
   3015  2600     6432,0530   282     6413,2260     6547,0370 47520919    2,09%
   3039  2624     6430,4091   280     6413,2260     6547,0370 47768896    2,09%
   3055  2640     6429,6971   287     6413,2260     6547,0370 47933353    2,09%
   3063  2648     6429,7002   287     6413,2260     6547,0370 48034827    2,09%
   3087  2668     6429,4811   285     6413,2260     6547,0370 48349140    2,09%
   3103  2684     6427,9228   284     6413,2260     6547,0370 48549330    2,09%
   3119  2700     6426,7762   285     6413,2260     6547,0370 48725793    2,09%
   3135  2716     6426,6930   295     6413,2260     6547,0370 48905670    2,09%
Elapsed time = 11968,28 sec. (3196653,80 ticks, tree = 119,26 MB, solutions = 27)
   3151  2732     6426,6610   313     6413,2260     6547,0370 49125514    2,09%
   3167  2744     6425,8445   314     6413,2260     6547,0370 49387269    2,09%
   3170  2747     6447,0261   198     6413,2260     6547,0370 49448525    2,09%
   3186  2763     6444,7067   201     6413,2260     6547,0370 49670404    2,09%
   3202  2779     6430,5422   184     6413,2260     6547,0370 49823080    2,09%
   3218  2795     6428,2903   193     6413,2260     6547,0370 50051627    2,09%
   3242  2818     6418,4781   206     6413,2260     6547,0370 50633011    2,09%
   3266  2840     6415,3245   207     6413,2260     6547,0370 50869187    2,09%
   3298  2872     6413,8426   189     6413,2260     6547,0370 51208438    2,09%
   3314  2884        cutoff           6413,2260     6547,0370 51376896    2,09%
Elapsed time = 12229,52 sec. (3270516,73 ticks, tree = 119,26 MB, solutions = 27)
   3322  2892     6530,9126   165     6413,2260     6547,0370 51481218    2,09%
   3382  2948     6457,5353   267     6413,2260     6547,0370 52105277    2,09%

Implied bound cuts applied:  514
Flow cuts applied:  21939
Mixed integer rounding cuts applied:  12616
Flow path cuts applied:  73
Gomory fractional cuts applied:  169

Root node processing (before b&c):
  Real time             = 1395,24 sec. (974868,83 ticks)
Parallel b&c, 8 threads:
  Real time             = 11148,85 sec. (2506376,77 ticks)
  Sync time (average)   =  937,51 sec.
  Wait time (average)   =  937,79 sec.
                          ------------
Total (root+branch&cut) = 12544,09 sec. (3481245,60 ticks)

<<< solve


OBJECTIVE: 6413.226
avg_utility = 0.815102

<<< post process


<<< done

