
<<< setup


<<< generate

Found incumbent of value 0,000000 after 0,10 sec. (104,47 ticks)
Aggregator has done 17267 substitutions...
Aggregator has done 28107 substitutions...
Aggregator has done 39266 substitutions...
Aggregator has done 50747 substitutions...
Aggregator has done 62626 substitutions...
Aggregator has done 74906 substitutions...
Aggregator has done 87667 substitutions...
Aggregator has done 100947 substitutions...
Aggregator has done 114827 substitutions...
Aggregator has done 129387 substitutions...
Aggregator has done 144747 substitutions...
Aggregator has done 161067 substitutions...
Aggregator has done 178507 substitutions...
Aggregator has done 197387 substitutions...
Aggregator has done 218107 substitutions...
Aggregator has done 241347 substitutions...
Aggregator has done 268347 substitutions...
Aggregator has done 301827 substitutions...
Aggregator has done 352147 substitutions...
Tried aggregator 2 times.
MIP Presolve eliminated 6994848 rows and 836080 columns.
MIP Presolve modified 10314 coefficients.
Aggregator did 410309 substitutions.
Reduced MIP has 27490 rows, 36076 columns, and 96204 nonzeros.
Reduced MIP has 1718 binaries, 0 generals, 0 SOSs, and 0 indicators.
Presolve time = 87,77 sec. (195756,62 ticks)
Probing time = 0,01 sec. (1,76 ticks)
Tried aggregator 1 time.
Reduced MIP has 27490 rows, 36076 columns, and 96204 nonzeros.
Reduced MIP has 1718 binaries, 0 generals, 0 SOSs, and 0 indicators.
Presolve time = 0,12 sec. (125,68 ticks)
Probing time = 0,01 sec. (1,76 ticks)
MIP emphasis: balance optimality and feasibility.
MIP search method: dynamic search.
Parallel mode: deterministic, using up to 8 threads.
Root relaxation solution time = 0,17 sec. (195,38 ticks)

        Nodes                                         Cuts/
   Node  Left     Objective  IInf  Best Integer    Best Bound    ItCnt     Gap

*     0+    0                            0,0000    14010,6991              --- 
      0     0     3266,0000  1317        0,0000     3266,0000     3436     --- 
*     0+    0                         2269,4570     3266,0000            43,91%
      0     0     3223,8662  1183     2269,4570    Cuts: 2834     6829   42,05%
      0     0     3189,9777  1509     2269,4570    Cuts: 4124    11851   40,56%
*     0+    0                         2832,0498     3189,9777            12,64%
      0     0     3141,0730  1635     2832,0498    Cuts: 3457    16120   10,91%
      0     0     3139,8769  1517     2832,0498    Cuts: 4987    19741   10,87%
*     0+    0                         2837,1637     3139,8769            10,67%
      0     0     3097,0121  1477     2837,1637    Cuts: 3512    23266    9,16%
      0     0     3093,7597  1355     2837,1637    Cuts: 2128    24998    9,04%
*     0+    0                         2838,6963     3093,7597             8,99%
      0     0     3082,5512  1355     2838,6963    Cuts: 1494    27101    8,59%
      0     0     3077,2482  1355     2838,6963    Cuts: 3152    28299    8,40%
      0     0     3070,7008  1355     2838,6963    Cuts: 1451    28951    8,17%
      0     0     3069,3955  1353     2838,6963    Cuts: 1639    32442    8,13%
      0     0     3068,9132  1274     2838,6963     Cuts: 944    32914    8,11%
      0     0     3068,9132  1274     2838,6963   MIRcuts: 44    32995    8,11%
*     0+    0                         2845,6868     3068,9132             7,84%
      0     0     3068,9132  1274     2845,6868   MIRcuts: 38    33191    7,84%
      0     2     3068,9132  1274     2845,6868     3053,8652    33191    7,32%
Elapsed time = 156,61 sec. (223453,42 ticks, tree = 0,00 MB, solutions = 6)
      2     4     3068,9012  1271     2845,6868     3053,8652    33584    7,32%
      4     6     3059,9457  1275     2845,6868     3053,8652    33647    7,32%
      8    10     3049,1817  1277     2845,6868     3053,8652    34392    7,32%
     10    12     3054,1283  1071     2845,6868     3053,8652    38650    7,32%
     12    14     3034,2289  1209     2845,6868     3053,8652    52369    7,32%
     16    18     3048,3553  1059     2845,6868     3053,8652    70207    7,32%
     22    24     3053,7745  1047     2845,6868     3053,8652    75203    7,32%
     24    26     3026,1557  1241     2845,6868     3053,8652    78029    7,32%
     28    30     3035,5132  1075     2845,6868     3053,8652    82611    7,32%
     29    31     2990,9018  1208     2845,6868     3053,8652    83568    7,32%
Elapsed time = 204,89 sec. (243388,33 ticks, tree = 0,00 MB, solutions = 6)
    273   275     3007,1508  1136     2845,6868     3053,8652    92719    7,32%
    327   329     3007,6895  1367     2845,6868     3053,8652   115397    7,32%
    477   479     2980,5595  1212     2845,6868     3053,8652   133961    7,32%
    495   497     3025,6289  1005     2845,6868     3053,8652   142998    7,32%
    767   769     2994,5707   985     2845,6868     3053,8652   181509    7,32%
    783   785     2994,7449   983     2845,6868     3053,8652   194730    7,32%
   1076  1076     3004,4613  1091     2845,6868     3053,8652   237517    7,32%
   1092  1090     2963,0301   771     2845,6868     3053,8652   258545    7,32%
   1404  1382     3004,3640  1087     2845,6868     3053,8652   324805    7,32%
   1428  1396     2962,7369   770     2845,6868     3053,8652   369090    7,32%
Elapsed time = 288,28 sec. (265555,74 ticks, tree = 27,89 MB, solutions = 6)
   1456  1406        cutoff           2845,6868     3053,8652   405361    7,32%
   1470  1414     2962,6900   770     2845,6868     3053,8652   415119    7,32%
   1486  1424     2962,6431   770     2845,6868     3053,8652   442926    7,32%
   1502  1432     2962,5962   770     2845,6868     3053,8652   473859    7,32%
   1518  1440     2962,5492   770     2845,6868     3053,8652   505297    7,32%
*  1573+ 1445                         2857,1931     3053,8652             6,88%
   1573  1447     3048,3740   975     2857,1931     3053,8652   578974    6,88%
   1581  1453     2962,5023   770     2857,1931     3053,8652   585143    6,88%
   1646  1474     3048,1387   974     2857,1931     3053,8652   681576    6,88%
   1654  1480     2962,4554   770     2857,1931     3053,8652   688691    6,88%
   1661  1481        cutoff           2857,1931     3053,8652   715030    6,88%
Elapsed time = 357,66 sec. (284218,15 ticks, tree = 44,67 MB, solutions = 7)
   1676  1490     2919,4172   686     2857,1931     3053,8652   743645    6,88%
   1677  1489        cutoff           2857,1931     3053,8652   762709    6,88%
   1703  1507     2921,2105   691     2857,1931     3053,8652   810248    6,88%
   1728  1508     3047,1974   970     2857,1931     3053,8652   838029    6,88%
   1736  1512     2962,2677   770     2857,1931     3053,8652   847515    6,88%
   1752  1522     2962,2208   770     2857,1931     3053,8652   876543    6,88%
   1768  1530     2962,1738   770     2857,1931     3053,8652   907550    6,88%
   1784  1538     2962,1269   770     2857,1931     3053,8652   938479    6,88%
   1906  1580     2962,0800   770     2857,1931     3053,8652  1076006    6,88%
   1914  1584     3046,0209   965     2857,1931     3053,8652  1098657    6,88%
Elapsed time = 431,99 sec. (300425,56 ticks, tree = 44,42 MB, solutions = 7)
   1922  1590     2962,0331   770     2857,1931     3053,8652  1105959    6,88%
   1929  1593        cutoff           2857,1931     3053,8652  1133426    6,88%
   2017  1641     2933,6737   673     2857,1931     3053,8652  1232016    6,88%
   2033  1651     2933,6267   673     2857,1931     3053,8652  1267072    6,88%
*  2048+ 1658                         2857,6193     3053,8652             6,87%
*  2048+ 1658                         2860,6024     3053,8652             6,76%
   2048  1660     3044,8443   960     2860,6024     3053,8652  1289872    6,76%
   2049  1661     2933,5798   673     2860,6024     3053,8652  1300582    6,76%
   2119  1699     2919,6625   687     2860,6024     3053,8652  1401685    6,76%
   2201  1705     2961,7515   770     2860,6024     3053,8652  1456380    6,76%
   2202  1706     2933,5329   673     2860,6024     3053,8652  1463219    6,76%
   2218  1714     2933,4860   673     2860,6024     3053,8652  1491429    6,76%
Elapsed time = 538,20 sec. (326094,16 ticks, tree = 43,84 MB, solutions = 9)
   2234  1722     2933,4390   673     2860,6024     3053,8652  1521781    6,76%
   2250  1730     2933,3921   673     2860,6024     3053,8652  1554172    6,76%
*  2365+ 1744                         2862,3070     3053,8652             6,69%
   2382  1747     2961,5638   770     2862,3070     3053,8652  1679651    6,69%
   2391  1756     2933,3452   673     2862,3070     3053,8652  1691960    6,69%
   2407  1766     2933,2983   673     2862,3070     3053,8652  1719458    6,69%
   2423  1776     2933,2514   673     2862,3070     3053,8652  1750609    6,69%
   2569  1869     3005,1542   903     2862,3070     3053,8652  1937678    6,69%
   2575  1875     2933,2044   673     2862,3070     3053,8652  1956937    6,69%
   2591  1887     2933,1575   673     2862,3070     3053,8652  1991540    6,69%
   2607  1899     2933,1106   673     2862,3070     3053,8652  2021323    6,69%
Elapsed time = 687,41 sec. (358744,13 ticks, tree = 58,24 MB, solutions = 10)
   2623  1911     2933,0637   673     2862,3070     3053,8652  2048424    6,69%
   2639  1923     2933,0167   673     2862,3070     3053,8652  2086568    6,69%
   2918  2110     2993,5729  1028     2862,3070     3053,8652  2403413    6,69%
   2926  2114     3039,1615   931     2862,3070     3053,8652  2422707    6,69%
   2934  2122     2959,0980   758     2862,3070     3053,8652  2432134    6,69%
   2950  2134     2959,0511   758     2862,3070     3053,8652  2469479    6,69%
   2951  2135     2932,8760   673     2862,3070     3053,8652  2479385    6,69%
   2967  2147     2932,8290   673     2862,3070     3053,8652  2509455    6,69%
   2983  2159     2932,7821   673     2862,3070     3053,8652  2544663    6,69%
   3047  2201     2966,1746   991     2862,3070     3053,8652  2602796    6,69%
Elapsed time = 827,16 sec. (393549,91 ticks, tree = 61,12 MB, solutions = 10)
   3175  2257     3038,2171   926     2862,3070     3053,8652  2674859    6,69%
   3183  2263     2993,7279  1024     2862,3070     3053,8652  2687323    6,69%
   3189  2267     2906,0849   632     2862,3070     3053,8652  2721432    6,69%
   3203  2276     2940,8992   766     2862,3070     3053,8652  2750521    6,69%
   3219  2288     2940,8522   766     2862,3070     3053,8652  2771428    6,69%
   3235  2302     2940,8053   766     2862,3070     3053,8652  2795655    6,69%
   3251  2316     2940,7584   766     2862,3070     3053,8652  2824188    6,69%
   3253  2318     2905,8360   632     2862,3070     3053,8652  2833078    6,69%
   3269  2332     2905,7738   632     2862,3070     3053,8652  2856008    6,69%

Flow cuts applied:  7065
Mixed integer rounding cuts applied:  16769
Gomory fractional cuts applied:  584

Root node processing (before b&c):
  Real time             =  156,61 sec. (223512,31 ticks)
Parallel b&c, 8 threads:
  Real time             =  829,53 sec. (220707,38 ticks)
  Sync time (average)   =   64,47 sec.
  Wait time (average)   =   64,67 sec.
                          ------------
Total (root+branch&cut) =  986,14 sec. (444219,69 ticks)

<<< solve


OBJECTIVE: 2862.307
avg_utility = 0.876395

<<< post process


<<< done

