
<<< setup


<<< generate

Found incumbent of value 0,000000 after 0,02 sec. (23,79 ticks)
Tried aggregator 7 times.
MIP Presolve eliminated 129379 rows and 547111 columns.
MIP Presolve modified 12939 coefficients.
Aggregator did 160322 substitutions.
Reduced MIP has 31522 rows, 73048 columns, and 236838 nonzeros.
Reduced MIP has 7200 binaries, 0 generals, 0 SOSs, and 0 indicators.
Presolve time = 9,76 sec. (8547,70 ticks)
Probing time = 0,16 sec. (32,49 ticks)
Tried aggregator 1 time.
Reduced MIP has 31522 rows, 73048 columns, and 236838 nonzeros.
Reduced MIP has 7200 binaries, 0 generals, 0 SOSs, and 0 indicators.
Presolve time = 0,13 sec. (105,95 ticks)
Probing time = 0,16 sec. (32,47 ticks)
Clique table members: 5.
MIP emphasis: balance optimality and feasibility.
MIP search method: dynamic search.
Parallel mode: deterministic, using up to 8 threads.
Root relaxation solution time = 1,73 sec. (1101,36 ticks)

        Nodes                                         Cuts/
   Node  Left     Objective  IInf  Best Integer    Best Bound    ItCnt     Gap

*     0+    0                            0,0000    37844,0000              --- 
      0     0     8679,2458  1898        0,0000     8679,2458       35     --- 
*     0+    0                         5193,8000     8679,2458            67,11%
      0     0     6993,4263  1977     5193,8000    Cuts: 5293    18403   34,65%
      0     0     6576,0705  1314     5193,8000    Cuts: 4694    39350   26,61%
      0     0     6059,4355   341     5193,8000    Cuts: 3537    62807   16,67%
*     0+    0                         5933,8181     6059,4355             2,12%
*     0+    0                         5941,3181     6059,4355             1,99%
*     0+    0                         5952,6467     6059,4355             1,79%
      0     0     6044,0065   165     5952,6467    Cuts: 1138    66805    1,53%
      0     0     6034,6882   150     5952,6467     Cuts: 586    71214    1,38%
      0     0     6032,4045   128     5952,6467     Cuts: 701    76098    1,34%
      0     0     6030,8358   178     5952,6467     Cuts: 766    79131    1,31%
      0     0     6028,4110   145     5952,6467    Cuts: 1228    81719    1,27%
      0     0     6027,0615   151     5952,6467     Cuts: 707    84041    1,25%
*     0+    0                         6003,3000     6027,0615             0,40%

Implied bound cuts applied:  956
Flow cuts applied:  14699
Mixed integer rounding cuts applied:  1938
Flow path cuts applied:  121
Lift and project cuts applied:  1
Gomory fractional cuts applied:  141

Root node processing (before b&c):
  Real time             =  122,06 sec. (110951,84 ticks)
Parallel b&c, 8 threads:
  Real time             =    0,00 sec. (0,00 ticks)
  Sync time (average)   =    0,00 sec.
  Wait time (average)   =    0,00 sec.
                          ------------
Total (root+branch&cut) =  122,06 sec. (110951,84 ticks)

<<< solve


OBJECTIVE: 6003.3
avg_utility = 0.372044

<<< post process


<<< done

