
<<< setup


<<< generate

Found incumbent of value 0,000000 after 0,01 sec. (16,42 ticks)
Tried aggregator 8 times.
MIP Presolve eliminated 111650 rows and 333680 columns.
MIP Presolve modified 29921 coefficients.
Aggregator did 90838 substitutions.
Reduced MIP has 48452 rows, 104203 columns, and 323217 nonzeros.
Reduced MIP has 14100 binaries, 0 generals, 0 SOSs, and 0 indicators.
Presolve time = 7,61 sec. (7348,23 ticks)
Probing time = 0,03 sec. (4,64 ticks)
Tried aggregator 1 time.
Reduced MIP has 48452 rows, 104203 columns, and 323217 nonzeros.
Reduced MIP has 14100 binaries, 0 generals, 0 SOSs, and 0 indicators.
Presolve time = 0,21 sec. (176,87 ticks)
Probing time = 0,03 sec. (4,94 ticks)
MIP emphasis: balance optimality and feasibility.
MIP search method: dynamic search.
Parallel mode: deterministic, using up to 8 threads.
Root relaxation solution time = 1,14 sec. (857,21 ticks)

        Nodes                                         Cuts/
   Node  Left     Objective  IInf  Best Integer    Best Bound    ItCnt     Gap

*     0+    0                            0,0000    29774,6604              --- 
      0     0     7851,0000  1554        0,0000     7851,0000     4597     --- 
      0     0     7675,0263  1278        0,0000    Cuts: 4711    22180     --- 
      0     0     7548,8047  1189        0,0000    Cuts: 3827    31932     --- 
      0     0     7425,1593  1102        0,0000    Cuts: 3421    71942     --- 
*     0+    0                         5674,9568     7425,1593            30,84%
*     0+    0                         5687,7179     7425,1593            30,55%
*     0+    0                         5779,0648     7425,1593            28,48%
*     0+    0                         5797,3298     7425,1593            28,08%
*     0+    0                         5798,5062     7425,1593            28,05%
*     0+    0                         5801,4746     7425,1593            27,99%
      0     0     7302,7733  1012     5801,4746    Cuts: 3029    94668   25,88%
      0     0     7244,7213   491     5801,4746    Cuts: 2469   132817   24,88%
      0     0     7204,0509    79     5801,4746    Cuts: 1291   152787   24,18%
*     0+    0                         6503,3840     7204,0509            10,77%
*     0+    0                         7058,7579     7204,0509             2,06%
*     0+    0                         7067,0224     7204,0509             1,94%
*     0+    0                         7067,4687     7204,0509             1,93%
*     0+    0                         7068,2570     7204,0509             1,92%
      0     0     7202,9055    89     7068,2570     Cuts: 281   162410    1,90%
      0     0     7202,1594   140     7068,2570     Cuts: 708   170764    1,89%
      0     0     7202,0663   140     7068,2570     Cuts: 588   174978    1,89%
*     0+    0                         7131,8191     7202,0663             0,98%

Implied bound cuts applied:  663
Flow cuts applied:  15107
Mixed integer rounding cuts applied:  3452
Flow path cuts applied:  314
Lift and project cuts applied:  1
Gomory fractional cuts applied:  286

Root node processing (before b&c):
  Real time             =  249,37 sec. (186253,59 ticks)
Parallel b&c, 8 threads:
  Real time             =    0,00 sec. (0,00 ticks)
  Sync time (average)   =    0,00 sec.
  Wait time (average)   =    0,00 sec.
                          ------------
Total (root+branch&cut) =  249,37 sec. (186253,59 ticks)

<<< solve


OBJECTIVE: 7131.819
avg_utility = 0.908396

<<< post process


<<< done

