
<<< setup


<<< generate

Found incumbent of value 0,000000 after 0,01 sec. (11,69 ticks)
Tried aggregator 8 times.
MIP Presolve eliminated 216497 rows and 131378 columns.
MIP Presolve modified 22382 coefficients.
Aggregator did 71928 substitutions.
Reduced MIP has 50514 rows, 112703 columns, and 311517 nonzeros.
Reduced MIP has 9665 binaries, 3282 generals, 0 SOSs, and 0 indicators.
Presolve time = 5,59 sec. (5251,78 ticks)
Probing time = 0,30 sec. (4,52 ticks)
Tried aggregator 1 time.
Reduced MIP has 50514 rows, 112703 columns, and 311517 nonzeros.
Reduced MIP has 9665 binaries, 3282 generals, 0 SOSs, and 0 indicators.
Presolve time = 0,32 sec. (152,89 ticks)
Probing time = 0,06 sec. (4,42 ticks)
Clique table members: 1084.
MIP emphasis: balance optimality and feasibility.
MIP search method: dynamic search.
Parallel mode: deterministic, using up to 24 threads.
Root relaxation solution time = 0,37 sec. (276,00 ticks)

        Nodes                                         Cuts/
   Node  Left     Objective  IInf  Best Integer    Best Bound    ItCnt     Gap

*     0+    0                            0,0000    22435,9939              --- 
      0     0     5230,0000  1469        0,0000     5230,0000     4611     --- 
*     0+    0                         2837,0000     5230,0000            84,35%
      0     0     5168,1885  1703     2837,0000    Cuts: 4399    19967   82,17%
      0     0     5127,9900  2527     2837,0000    Cuts: 3959    81683   80,75%
      0     0     5073,6941  3197     2837,0000    Cuts: 4188   116398   78,84%
*     0+    0                         3403,5538     5073,6941            49,07%
      0     0     5023,7970  2542     3403,5538    Cuts: 3873   146320   47,60%
      0     0     4986,7654  3506     3403,5538    Cuts: 4089   192493   46,52%
      0     0     4974,6346  3591     3403,5538    Cuts: 3696   206125   46,16%
*     0+    0                         3644,9273     4974,6346            36,48%
      0     0     4955,2817  3486     3644,9273    Cuts: 3944   220956   35,95%
      0     0     4937,1321  2961     3644,9273    Cuts: 3995   253945   35,45%
      0     0     4925,8862  3271     3644,9273    Cuts: 3287   273401   35,14%
*     0+    0                         3888,9897     4925,8862            26,66%
      0     0     4912,1688  3309     3888,9897    Cuts: 3651   293864   26,31%
      0     0     4901,5772  2820     3888,9897    Cuts: 3357   309483   26,04%
      0     0     4893,4604  2893     3888,9897    Cuts: 2600   326309   25,83%
      0     0     4887,5469  2193     3888,9897    Cuts: 1929   343921   25,68%
      0     0     4883,6445  2112     3888,9897    Cuts: 1342   357591   25,58%
      0     0     4881,8941  1447     3888,9897    Cuts: 1060   366843   25,53%
*     0+    0                         4064,3608     4881,8941            20,11%
*     0+    0                         4130,3739     4881,8941            18,19%
*     0+    0                         4130,6557     4881,8941            18,19%
      0     0     4880,3111  1641     4130,6557     Cuts: 706   377292   18,15%
      0     0     4879,4192  1482     4130,6557     Cuts: 621   382474   18,13%
      0     0     4878,7798  1277     4130,6557     Cuts: 513   393556   18,11%
      0     0     4877,3886   666     4130,6557     Cuts: 530   399279   18,08%
      0     0     4876,9778   552     4130,6557     Cuts: 271   406287   18,07%
*     0+    0                         4135,2183     4876,9778            17,94%
      0     0     4876,8475   523     4135,2183     Cuts: 118   412258   17,93%
      0     0     4876,7536   495     4135,2183     Cuts: 117   418048   17,93%
      0     0     4876,7397   508     4135,2183      Cuts: 70   426230   17,93%
      0     0     4876,7321   490     4135,2183     Cuts: 144   428384   17,93%
*     0+    0                         4253,9599     4876,7321            14,64%
*     0+    0                         4254,1952     4876,7321            14,63%
*     0+    0                         4254,5969     4876,7321            14,62%
Heuristic still looking.
Heuristic still looking.
      0     2     4876,7321   490     4254,5969     4876,7321   428384   14,62%
Elapsed time = 775,62 sec. (544124,58 ticks, tree = 0,00 MB, solutions = 12)
      1     3     4875,4281   484     4254,5969     4876,7321   431875   14,62%
      2     4     4861,9854   567     4254,5969     4876,7321   447849   14,62%
      3     5     4873,3916   476     4254,5969     4873,5179   449317   14,55%
      4     6     4861,4296   547     4254,5969     4873,5179   465198   14,55%
      7     9     4858,6587   562     4254,5969     4873,5179   497121   14,55%
      8    10     4854,8651   583     4254,5969     4873,5179   497829   14,55%
      9    11     4858,0483   554     4254,5969     4873,5179   500045   14,55%
     11    13     4873,3328   482     4254,5969     4873,3795   500468   14,54%
     12    14     4855,2380   572     4254,5969     4873,3795   500796   14,54%
*    14+   14                         4304,8500     4873,3795            13,21%
     14    16     4854,0961   589     4304,8500     4873,3795   512019   13,21%
Elapsed time = 896,67 sec. (618991,25 ticks, tree = 0,00 MB, solutions = 12)
*    16+   16                         4309,3915     4873,3795            13,09%
*    16+   16                         4310,1285     4873,3795            13,07%
     16    18     4850,9273   566     4310,1285     4873,3795   528102   13,07%
*    17+   17                         4321,8376     4873,3795            12,76%
*    17+   17                         4362,1730     4873,3795            11,72%
     21    23     4848,2350   565     4362,1730     4873,3795   539945   11,72%
     24    26     4821,0320  1288     4362,1730     4873,3795   543306   11,72%
     26    28     4869,2032   528     4362,1730     4873,3306   547360   11,72%
     33    35     4844,6907  1111     4362,1730     4873,3306   560954   11,72%
     36    38     4816,9254  1303     4362,1730     4873,3306   581467   11,72%
     37    39     4811,9731  1176     4362,1730     4873,3306   592028   11,72%
     42    44     4806,7150  1167     4362,1730     4873,3306   598737   11,72%
     47    49     4865,8985   589     4362,1730     4868,6144   601631   11,61%
     57    59     4806,1538  1193     4362,1730     4868,6144   610528   11,61%
Elapsed time = 997,39 sec. (671294,44 ticks, tree = 0,00 MB, solutions = 17)
     59    61     4814,4880  1342     4362,1730     4868,6144   630083   11,61%
     60    62     4833,8492   625     4362,1730     4868,6144   652798   11,61%
     62    64     4829,8991   599     4362,1730     4868,6144   681087   11,61%
     65    67     4828,9349  1573     4362,1730     4868,6144   707070   11,61%
    128   130     4783,8027  1143     4362,1730     4868,6144   828534   11,61%
    156   158     4817,2168   876     4362,1730     4868,6144   864654   11,61%
    294   296     4836,7486   391     4362,1730     4868,6144  1022974   11,61%
    297   299     4831,5962   853     4362,1730     4868,6144  1030705   11,61%
    303   305     4817,0150  1005     4362,1730     4868,6144  1059198   11,61%
    317   319     4848,2397   557     4362,1730     4868,6144  1109370   11,61%
Elapsed time = 1324,24 sec. (735172,75 ticks, tree = 0,00 MB, solutions = 17)
    341   343     4846,2437   542     4362,1730     4868,6144  1208365   11,61%
    351   353     4811,8458   861     4362,1730     4868,6144  1241637   11,61%
    365   367     4845,0592   473     4362,1730     4868,6144  1280336   11,61%
    375   377     4805,7475   632     4362,1730     4868,6144  1321824   11,61%
    578   578     4797,0210   703     4362,1730     4868,6144  1724405   11,61%
    676   676     4829,3597   398     4362,1730     4868,6144  1818724   11,61%
    680   680     4817,8008   770     4362,1730     4868,6144  1821698   11,61%
    684   684     4792,4932   675     4362,1730     4868,6144  1848295   11,61%
    708   708     4801,1321   720     4362,1730     4868,6144  1896385   11,61%
    732   732     4798,6859   724     4362,1730     4868,6144  1941356   11,61%
Elapsed time = 1719,71 sec. (837684,07 ticks, tree = 0,00 MB, solutions = 17)
    756   756     4798,3743   712     4362,1730     4868,6144  2003995   11,61%
    780   780     4798,0773   717     4362,1730     4868,6144  2059330   11,61%
    781   781     4794,6103   726     4362,1730     4868,6144  2080360   11,61%
    804   804     4789,4228   692     4362,1730     4868,6144  2134369   11,61%
    982   982     4775,9271  1220     4362,1730     4868,6144  2494020   11,61%
   1311  1311     4808,8376   429     4362,1730     4868,6144  2778559   11,61%
   1317  1317     4780,9527  1231     4362,1730     4868,6144  2852619   11,61%
   1335  1335     4808,5705   426     4362,1730     4868,6144  2947663   11,61%
   1339  1339     4786,5037  1253     4362,1730     4868,6144  2977700   11,61%
   1341  1341     4779,1288  1228     4362,1730     4868,6144  3004298   11,61%
Elapsed time = 2528,55 sec. (956759,56 ticks, tree = 12,02 MB, solutions = 17)
   1365  1365     4768,8632  1214     4362,1730     4868,6144  3120450   11,61%
   1375  1375     4759,3788  1048     4362,1730     4868,6144  3208038   11,61%
   1383  1383     4807,1836   375     4362,1730     4868,6144  3226335   11,61%
   1391  1391     4796,6617   829     4362,1730     4868,6144  3300876   11,61%
   1407  1407     4796,3766   590     4362,1730     4868,6144  3409961   11,61%
   1779  1779     4802,9867   809     4362,1730     4868,6144  4131133   11,61%
   1781  1781     4782,0093   920     4362,1730     4868,6144  4142208   11,61%
   1789  1789     4671,6254   257     4362,1730     4868,6144  4190589   11,61%
   1792  1792     4792,8513  1125     4362,1730     4868,6144  4208865   11,61%
   1807  1807     4773,7521  1294     4362,1730     4868,6144  4316324   11,61%
Elapsed time = 2961,61 sec. (1041452,27 ticks, tree = 18,66 MB, solutions = 17)
   1814  1814     4747,9097  1254     4362,1730     4868,6144  4373342   11,61%
   1829  1829     4781,0871  1653     4362,1730     4868,6144  4440820   11,61%
   1831  1831     4795,3053   427     4362,1730     4868,6144  4457774   11,61%
   1838  1838     4743,9846  1219     4362,1730     4868,6144  4519087   11,61%
   1855  1855     4794,9404   448     4362,1730     4868,6144  4613196   11,61%
   1864  1864     4784,9054  1376     4362,1730     4868,6144  4658113   11,61%
   1879  1879     4785,9045   386     4362,1730     4868,6144  4802459   11,61%
   1888  1888     4788,0838  1205     4362,1730     4868,6144  4891343   11,61%
   1910  1910     4731,9090  1379     4362,1730     4868,6144  5040801   11,61%
   1912  1912     4786,1948  1073     4362,1730     4868,6144  5050802   11,61%
Elapsed time = 3469,47 sec. (1108130,41 ticks, tree = 18,66 MB, solutions = 17)
   1936  1936     4784,4078  1194     4362,1730     4868,6144  5197884   11,61%
   1960  1960     4779,5949  1002     4362,1730     4868,6144  5391070   11,61%
   1994  1994     4778,0574   817     4362,1730     4868,6144  5617519   11,61%
   1996  1996     4768,6790  1024     4362,1730     4868,6144  5667601   11,61%
   2032  2032     4757,0891  1301     4362,1730     4868,6144  5864813   11,61%
*  2718+ 2716                         4662,6596     4868,6144             4,42%
   4003  3937     4737,3757  1115     4662,6596     4868,6144  6604008    4,42%
   4004  3938     4767,6339  1204     4662,6596     4868,6144  6622101    4,42%
   4010  3944     4779,7181   648     4662,6596     4868,6144  6652626    4,42%
   4023  3957     4684,5494  1500     4662,6596     4868,6144  6745259    4,42%
   4028  3962     4764,1864  1068     4662,6596     4868,6144  6771997    4,42%
Elapsed time = 3877,45 sec. (1183841,73 ticks, tree = 61,63 MB, solutions = 18)
   4037  3971     4710,9212   456     4662,6596     4868,6144  6823220    4,42%
   4039  3973     4775,9521  1109     4662,6596     4868,6144  6832555    4,42%
   4043  3977     4704,8752   721     4662,6596     4868,6144  6857336    4,42%
   4067  4001     4710,2211   748     4662,6596     4868,6144  6968358    4,42%
   4069  4003     4724,5726  2460     4662,6596     4868,6144  6989761    4,42%
   4091  4025     4707,0037   907     4662,6596     4868,6144  7161572    4,42%
   4115  4049     4707,4225   732     4662,6596     4868,6144  7310035    4,42%
   4117  4051     4748,9194  1867     4662,6596     4868,6144  7322061    4,42%
   4135  4069     4773,3250  1185     4662,6596     4868,6144  7447941    4,42%
   4159  4093     4774,1747  1086     4662,6596     4868,6144  7625938    4,42%
Elapsed time = 4467,92 sec. (1260321,26 ticks, tree = 61,63 MB, solutions = 18)
   4165  4099     4748,6125  1813     4662,6596     4868,6144  7662987    4,42%
   4183  4117     4771,5092  1166     4662,6596     4868,6144  7778605    4,42%
   4189  4123     4748,4597  1803     4662,6596     4868,6144  7799935    4,42%
   4202  4136     4772,7209   865     4662,6596     4868,6144  7859831    4,42%
   4207  4141     4773,6698  1107     4662,6596     4868,6144  7884800    4,42%
   4222  4156     4748,8345   818     4662,6596     4868,6144  7938653    4,42%
   4240  4174     4832,3111   458     4662,6596     4868,6144  8064742    4,42%
   4264  4198     4829,1632   470     4662,6596     4868,6144  8195569    4,42%
*  5696+ 5627                         4720,2703     4868,6144             3,14%
*  8535+ 2057                         4723,5145     4868,6144             3,07%

Implied bound cuts applied:  90
Flow cuts applied:  13532
Mixed integer rounding cuts applied:  13967
Flow path cuts applied:  251
Gomory fractional cuts applied:  201

Root node processing (before b&c):
  Real time             =  774,66 sec. (544027,81 ticks)
Parallel b&c, 24 threads:
  Real time             = 4973,48 sec. (1199066,85 ticks)
  Sync time (average)   =  677,15 sec.
  Wait time (average)   =  678,03 sec.
                          ------------
Total (root+branch&cut) = 5748,14 sec. (1743094,67 ticks)

<<< solve


OBJECTIVE: 4723.514
avg_utility = 0.903158

<<< post process


<<< done

