
<<< setup


<<< generate

Found incumbent of value 0,000000 after 0,04 sec. (23,67 ticks)
Tried aggregator 5 times.
MIP Presolve eliminated 184005 rows and 549711 columns.
MIP Presolve modified 6163 coefficients.
Aggregator did 159716 substitutions.
Reduced MIP has 21747 rows, 50654 columns, and 160889 nonzeros.
Reduced MIP has 3584 binaries, 0 generals, 0 SOSs, and 0 indicators.
Presolve time = 8,61 sec. (6377,15 ticks)
Probing time = 0,15 sec. (1,91 ticks)
Tried aggregator 1 time.
Reduced MIP has 21747 rows, 50654 columns, and 160889 nonzeros.
Reduced MIP has 3584 binaries, 0 generals, 0 SOSs, and 0 indicators.
Presolve time = 0,14 sec. (74,00 ticks)
Probing time = 0,07 sec. (1,92 ticks)
MIP emphasis: balance optimality and feasibility.
MIP search method: dynamic search.
Parallel mode: deterministic, using up to 24 threads.
Root relaxation solution time = 0,74 sec. (531,98 ticks)

        Nodes                                         Cuts/
   Node  Left     Objective  IInf  Best Integer    Best Bound    ItCnt     Gap

*     0+    0                         2829,0000    37239,2000              --- 
      0     0     6184,8000  1156     2829,0000     6184,8000     4291  118,62%
*     0+    0                         5948,6529     6184,8000             3,97%
      0     0     6184,8000   471     5948,6529     Cuts: 658     4892    3,97%
      0     0     6184,8000   377     5948,6529    Cuts: 1114     6269    3,97%
      0     0     6184,8000   270     5948,6529     Cuts: 785     7648    3,97%
*     0+    0                         6149,2594     6184,8000             0,58%

Flow cuts applied:  1778
Mixed integer rounding cuts applied:  515
Gomory fractional cuts applied:  89

Root node processing (before b&c):
  Real time             =   18,74 sec. (16297,48 ticks)
Parallel b&c, 24 threads:
  Real time             =    0,00 sec. (0,00 ticks)
  Sync time (average)   =    0,00 sec.
  Wait time (average)   =    0,00 sec.
                          ------------
Total (root+branch&cut) =   18,74 sec. (16297,48 ticks)

<<< solve


OBJECTIVE: 6149.259
avg_utility = 0.381752

<<< post process


<<< done

