
<<< setup


<<< generate

Found incumbent of value 0,000000 after 0,01 sec. (9,65 ticks)
Tried aggregator 8 times.
MIP Presolve eliminated 155377 rows and 120439 columns.
MIP Presolve modified 38084 coefficients.
Aggregator did 56958 substitutions.
Reduced MIP has 45310 rows, 88164 columns, and 242303 nonzeros.
Reduced MIP has 9590 binaries, 4566 generals, 0 SOSs, and 0 indicators.
Presolve time = 3,89 sec. (4258,18 ticks)
Probing time = 0,03 sec. (4,65 ticks)
Tried aggregator 1 time.
Reduced MIP has 45310 rows, 88164 columns, and 242303 nonzeros.
Reduced MIP has 9590 binaries, 4566 generals, 0 SOSs, and 0 indicators.
Presolve time = 0,18 sec. (113,63 ticks)
Probing time = 0,02 sec. (4,91 ticks)
Clique table members: 1181.
MIP emphasis: balance optimality and feasibility.
MIP search method: dynamic search.
Parallel mode: deterministic, using up to 8 threads.
Root relaxation solution time = 0,32 sec. (282,88 ticks)

        Nodes                                         Cuts/
   Node  Left     Objective  IInf  Best Integer    Best Bound    ItCnt     Gap

*     0+    0                            0,0000    33275,6274              --- 
      0     0     7868,0000  1467        0,0000     7868,0000     5509     --- 
*     0+    0                         4730,0000     7868,0000            66,34%
      0     0     7709,0894  2861     4730,0000    Cuts: 4382    17998   62,98%
      0     0     7588,2297  4259     4730,0000    Cuts: 4484    28017   60,43%
      0     0     7462,3110  4977     4730,0000    Cuts: 5111    39570   57,77%
      0     0     7358,1495  5158     4730,0000    Cuts: 4911    51432   55,56%
      0     0     7295,2299  4606     4730,0000    Cuts: 4588    64265   54,23%
      0     0     7217,2377  3648     4730,0000    Cuts: 5152    74887   52,58%
      0     0     7194,7838  3847     4730,0000    Cuts: 3579    80997   52,11%
      0     0     7173,9736  3657     4730,0000    Cuts: 3264    84876   51,67%
*     0+    0                         4918,7876     7173,9736            45,85%
      0     0     7160,1993  3215     4918,7876    Cuts: 2997    90320   45,57%
      0     0     7144,5157  2762     4918,7876    Cuts: 1860    94092   45,25%
      0     0     7137,6850  2005     4918,7876    Cuts: 1259    97630   45,11%
*     0+    0                         4922,7690     7137,6850            44,99%
      0     0     7134,1195  2427     4922,7690     Cuts: 952    99043   44,92%
*     0+    0                         4932,8502     7134,1195            44,62%
      0     0     7131,0966  2916     4932,8502     Cuts: 958   100884   44,56%
      0     0     7127,1398  1465     4932,8502    Cuts: 1030   103006   44,48%
      0     0     7124,9584   797     4932,8502     Cuts: 509   104139   44,44%
      0     0     7124,6622   714     4932,8502     Cuts: 213   104533   44,43%
      0     0     7124,3649   788     4932,8502     Cuts: 193   105000   44,43%
      0     0     7124,2151   711     4932,8502     Cuts: 267   105149   44,42%
      0     0     7123,9712   837     4932,8502     Cuts: 158   105551   44,42%
Heuristic still looking.
      0     2     7123,9712   837     4932,8502     7123,9712   105551   44,42%
Elapsed time = 191,93 sec. (113337,85 ticks, tree = 0,00 MB, solutions = 5)
      1     3     7107,4842   669     4932,8502     7123,9712   111192   44,42%
      2     4     7102,2023   609     4932,8502     7117,9160   112027   44,30%
      3     5     7117,8327   717     4932,8502     7117,9160   112944   44,30%
      4     6     7112,1827   595     4932,8502     7117,9160   113070   44,30%
      5     7     7092,5179   656     4932,8502     7115,5025   113761   44,25%
      6     8     7102,4418   791     4932,8502     7115,5025   115358   44,25%
      7     9     7083,8684   903     4932,8502     7115,5025   123721   44,25%
      9    11     7076,8935   934     4932,8502     7115,5025   126269   44,25%
     10    12     7072,6728   848     4932,8502     7115,5025   126749   44,25%
     11    13     7091,7610   524     4932,8502     7115,5025   127881   44,25%
Elapsed time = 239,35 sec. (139138,76 ticks, tree = 0,00 MB, solutions = 5)
     14    16     7081,9836   621     4932,8502     7115,5025   133052   44,25%
     20    22     7074,3664   606     4932,8502     7115,5025   141952   44,25%
     23    25     7084,7553  1042     4932,8502     7115,5025   146621   44,25%
     26    28     7082,4433   759     4932,8502     7115,5025   149270   44,25%
     32    34     7079,3712  1029     4932,8502     7115,5025   153257   44,25%
     66    68     7062,2021  1031     4932,8502     7115,5025   179518   44,25%
     74    76     7073,1499   928     4932,8502     7115,5025   184764   44,25%
     90    92     7067,4921   795     4932,8502     7115,5025   195381   44,25%
    100   102     7048,6727  1381     4932,8502     7115,5025   201226   44,25%
    106   108     7048,7967  1011     4932,8502     7115,5025   207190   44,25%
Elapsed time = 407,30 sec. (175548,45 ticks, tree = 0,00 MB, solutions = 5)
    143   145     7048,9685   697     4932,8502     7115,5025   227504   44,25%
    155   157     7009,0723  1093     4932,8502     7115,5025   234149   44,25%
    160   162     7048,7113  1161     4932,8502     7115,5025   242446   44,25%
    168   170     7061,7186  1093     4932,8502     7115,5025   248100   44,25%
    178   180     7006,9387  1336     4932,8502     7115,5025   257171   44,25%
    192   194     7051,6901   982     4932,8502     7115,5025   271106   44,25%
    200   202     7037,1576  1531     4932,8502     7115,5025   280140   44,25%
    239   241     6969,6656  2130     4932,8502     7115,5025   305255   44,25%
    249   251     7042,4749  1134     4932,8502     7115,5025   310307   44,25%
    254   256     6982,6027  1034     4932,8502     7115,5025   312846   44,25%
Elapsed time = 653,72 sec. (219075,81 ticks, tree = 1,45 MB, solutions = 5)
    278   280     6969,5206  1023     4932,8502     7115,5025   337720   44,25%
    287   289     6978,6080   847     4932,8502     7115,5025   341136   44,25%
    291   293     6975,1563  1340     4932,8502     7115,5025   345007   44,25%
    311   313     6928,8815  2053     4932,8502     7115,5025   366023   44,25%
    314   316     6966,6028  1271     4932,8502     7115,5025   367564   44,25%
    315   317     6960,2253  1358     4932,8502     7115,5025   381164   44,25%
    323   325     6960,0609  1244     4932,8502     7115,5025   385793   44,25%
    331   333     6958,4690  1071     4932,8502     7115,5025   398827   44,25%
    419   419     6986,8057  1285     4932,8502     7115,5025   473157   44,25%
    427   427     6984,3315  1157     4932,8502     7115,5025   476303   44,25%
Elapsed time = 880,02 sec. (258209,68 ticks, tree = 5,78 MB, solutions = 5)
    430   430     6937,2408  1244     4932,8502     7115,5025   479696   44,25%
    438   438     6949,8195  1177     4932,8502     7115,5025   491768   44,25%
    446   446     6945,5537  1053     4932,8502     7115,5025   500288   44,25%
    454   454     6943,7196  1061     4932,8502     7115,5025   514639   44,25%
    596   596     6945,7170  1142     4932,8502     7115,5025   591892   44,25%
    599   599     6931,9648  1036     4932,8502     7115,5025   608327   44,25%
    607   607     6942,7992  1109     4932,8502     7115,5025   640105   44,25%
    615   615     6928,7529  1051     4932,8502     7115,5025   670274   44,25%
    623   623     6941,1661  1255     4932,8502     7115,5025   711079   44,25%
    677   677     6877,4231  1329     4932,8502     7115,5025   826599   44,25%
Elapsed time = 1305,65 sec. (328964,70 ticks, tree = 58,65 MB, solutions = 5)
    688   688     6886,5830   769     4932,8502     7115,5025   834129   44,25%
    689   689     6882,6539   660     4932,8502     7115,5025   838597   44,25%
    690   690     6928,5909  1217     4932,8502     7115,5025   846174   44,25%
    698   698     6936,7955  1335     4932,8502     7115,5025   859499   44,25%
    704   704     6858,0089   778     4932,8502     7115,5025   873807   44,25%
    706   706     6929,7609  1331     4932,8502     7115,5025   877916   44,25%
    714   714     6931,0908  1370     4932,8502     7115,5025   888910   44,25%
    720   720     6684,5307  1180     4932,8502     7115,5025   904871   44,25%
    722   722     6928,8563  1453     4932,8502     7115,5025   912265   44,25%
    730   730     6928,8676  1332     4932,8502     7115,5025   919172   44,25%
Elapsed time = 1568,45 sec. (364255,81 ticks, tree = 61,95 MB, solutions = 5)
    738   738     6922,9525  1333     4932,8502     7115,5025   929273   44,25%
    744   744     6818,0386    12     4932,8502     7115,5025   943403   44,25%
    860   860     6919,7185  1420     4932,8502     7115,5025   987077   44,25%
    868   868     6919,9032  1353     4932,8502     7115,5025   995975   44,25%
    874   874     6818,0386    14     4932,8502     7115,5025   996632   44,25%
    916   916     6917,0363  1342     4932,8502     7115,5025  1021122   44,25%
    924   924     6905,6070  1564     4932,8502     7115,5025  1026639   44,25%
    932   932     6915,9818  1328     4932,8502     7115,5025  1035877   44,25%
*   933+  931                         6795,7442     7115,5025             4,71%
    933   933     6795,9764    14     6795,7442     7115,5025  1035878    4,71%
    940   940     6914,8368  1560     6795,7442     7115,5025  1041764    4,71%
Elapsed time = 1889,24 sec. (418596,74 ticks, tree = 64,33 MB, solutions = 5)
   1340  1336     6906,8575  1461     6795,7442     7115,5025  1073950    4,71%
   1348  1344     6902,4492  1519     6795,7442     7115,5025  1078744    4,71%
   1356  1352     6897,4813  1617     6795,7442     7115,5025  1081321    4,71%
   1364  1360     6898,0798  1662     6795,7442     7115,5025  1086335    4,71%
   1372  1368     6863,9675   212     6795,7442     7115,5025  1101155    4,71%
   1388  1384     6844,4033    71     6795,7442     7115,5025  1104395    4,71%
   1404  1400     6834,0181    43     6795,7442     7115,5025  1106808    4,71%
*  2678+ 1780                         6899,0556     6960,9453             0,90%

Implied bound cuts applied:  177
Flow cuts applied:  13804
Mixed integer rounding cuts applied:  11139
Flow path cuts applied:  212
Gomory fractional cuts applied:  296

Root node processing (before b&c):
  Real time             =  191,72 sec. (113263,81 ticks)
Parallel b&c, 8 threads:
  Real time             = 2001,50 sec. (379598,90 ticks)
  Sync time (average)   =  307,94 sec.
  Wait time (average)   =  308,13 sec.
                          ------------
Total (root+branch&cut) = 2193,22 sec. (492862,71 ticks)

<<< solve


OBJECTIVE: 6899.056
avg_utility = 0.87685

<<< post process


<<< done

