
<<< setup


<<< generate

Found incumbent of value 0,000000 after 0,01 sec. (11,59 ticks)
Tried aggregator 3 times.
MIP Presolve eliminated 175176 rows and 259286 columns.
MIP Presolve modified 2524 coefficients.
Aggregator did 65254 substitutions.
Reduced MIP has 9798 rows, 22741 columns, and 70027 nonzeros.
Reduced MIP has 2021 binaries, 0 generals, 0 SOSs, and 0 indicators.
Presolve time = 1,98 sec. (1740,53 ticks)
Probing time = 0,01 sec. (1,04 ticks)
Tried aggregator 1 time.
Reduced MIP has 9798 rows, 22741 columns, and 70027 nonzeros.
Reduced MIP has 2021 binaries, 0 generals, 0 SOSs, and 0 indicators.
Presolve time = 0,04 sec. (36,48 ticks)
Probing time = 0,01 sec. (1,04 ticks)
MIP emphasis: balance optimality and feasibility.
MIP search method: dynamic search.
Parallel mode: deterministic, using up to 8 threads.
Root relaxation solution time = 0,19 sec. (167,26 ticks)

        Nodes                                         Cuts/
   Node  Left     Objective  IInf  Best Integer    Best Bound    ItCnt     Gap

*     0+    0                            0,0000    10966,6000              --- 
      0     0     3777,0000   907        0,0000     3777,0000     2401     --- 
*     0+    0                         3040,2000     3777,0000            24,24%
*     0+    0                         3046,7780     3777,0000            23,97%
      0     0     3389,3314    69     3046,7780    Cuts: 2549    15478   11,24%
*     0+    0                         3101,8128     3389,3314             9,27%
      0     0     3206,1859    21     3101,8128     Cuts: 262    18437    3,36%
*     0+    0                         3200,7750     3206,1859             0,17%

Implied bound cuts applied:  138
Flow cuts applied:  1812
Mixed integer rounding cuts applied:  528
Flow path cuts applied:  3
Gomory fractional cuts applied:  209

Root node processing (before b&c):
  Real time             =   10,11 sec. (8005,91 ticks)
Parallel b&c, 8 threads:
  Real time             =    0,00 sec. (0,00 ticks)
  Sync time (average)   =    0,00 sec.
  Wait time (average)   =    0,00 sec.
                          ------------
Total (root+branch&cut) =   10,11 sec. (8005,91 ticks)

<<< solve


OBJECTIVE: 3200.775
avg_utility = 0.847438

<<< post process


<<< done

