
<<< setup


<<< generate

Found incumbent of value 0.000000 after 0.00 sec. (1.72 ticks)
Tried aggregator 2 times.
MIP Presolve eliminated 37859 rows and 31457 columns.
MIP Presolve modified 4643 coefficients.
Aggregator did 4640 substitutions.
Reduced MIP has 5107 rows, 9744 columns, and 21344 nonzeros.
Reduced MIP has 3934 binaries, 1170 generals, 0 SOSs, and 0 indicators.
Presolve time = 0.12 sec. (52.65 ticks)
Probing time = 0.01 sec. (1.06 ticks)
Tried aggregator 1 time.
Reduced MIP has 5107 rows, 9744 columns, and 21344 nonzeros.
Reduced MIP has 3934 binaries, 1170 generals, 0 SOSs, and 0 indicators.
Presolve time = 0.03 sec. (13.56 ticks)
Probing time = 0.02 sec. (1.06 ticks)
Clique table members: 269.
MIP emphasis: balance optimality and feasibility.
MIP search method: dynamic search.
Parallel mode: deterministic, using up to 8 threads.
Root relaxation solution time = 0.12 sec. (102.06 ticks)

        Nodes                                         Cuts/
   Node  Left     Objective  IInf  Best Integer    Best Bound    ItCnt     Gap

*     0+    0                            0.0000     7005.3495              --- 
      0     0     1247.0845     5        0.0000     1247.0845     1913     --- 
*     0+    0                         1247.0529     1247.0845             0.00%

Cover cuts applied:  1
Mixed integer rounding cuts applied:  1

Root node processing (before b&c):
  Real time             =    0.68 sec. (469.71 ticks)
Parallel b&c, 8 threads:
  Real time             =    0.00 sec. (0.00 ticks)
  Sync time (average)   =    0.00 sec.
  Wait time (average)   =    0.00 sec.
                          ------------
Total (root+branch&cut) =    0.68 sec. (469.71 ticks)

<<< solve


OBJECTIVE: 1247.053
avg_utility = 0.763658

<<< post process


<<< done

