
<<< setup


<<< generate

Found incumbent of value 0,000000 after 0,01 sec. (11,87 ticks)
Tried aggregator 10 times.
MIP Presolve eliminated 154495 rows and 156856 columns.
MIP Presolve modified 48821 coefficients.
Aggregator did 68964 substitutions.
Reduced MIP has 56904 rows, 113421 columns, and 310313 nonzeros.
Reduced MIP has 11355 binaries, 6768 generals, 0 SOSs, and 0 indicators.
Presolve time = 6,08 sec. (6445,90 ticks)
Probing time = 0,04 sec. (5,81 ticks)
Tried aggregator 1 time.
Reduced MIP has 56904 rows, 113421 columns, and 310313 nonzeros.
Reduced MIP has 11355 binaries, 6768 generals, 0 SOSs, and 0 indicators.
Presolve time = 0,23 sec. (144,08 ticks)
Probing time = 0,03 sec. (6,12 ticks)
Clique table members: 1408.
MIP emphasis: balance optimality and feasibility.
MIP search method: dynamic search.
Parallel mode: deterministic, using up to 8 threads.
Root relaxation solution time = 1,61 sec. (873,41 ticks)

        Nodes                                         Cuts/
   Node  Left     Objective  IInf  Best Integer    Best Bound    ItCnt     Gap

*     0+    0                            0,0000    34516,0000              --- 
      0     0    11808,1452  3088        0,0000    11808,1452    11088     --- 
      0     0    10692,9534  5398        0,0000    Cuts: 7362    28142     --- 
      0     0     9859,2969  6885        0,0000    Cuts: 7162    38681     --- 
      0     0     9215,1442  7566        0,0000    Cuts: 6616    48882     --- 
*     0+    0                         4443,8000     9215,1442           107,37%
*     0+    0                         6880,0000     9215,1442            33,94%
*     0+    0                         6891,8000     9215,1442            33,71%
*     0+    0                         6892,0000     9215,1442            33,71%
*     0+    0                         6893,0000     9215,1442            33,69%
*     0+    0                         6893,6000     9215,1442            33,68%
      0     0     8665,1336  6361     6893,6000    Cuts: 6175    64105   25,70%
      0     0     8478,7883  6981     6893,6000    Cuts: 5421    75073   23,00%
      0     0     8301,5917  6989     6893,6000    Cuts: 6364    87299   20,42%
      0     0     8157,5632  4580     6893,6000    Cuts: 4424    96490   18,34%
      0     0     8073,7235  3358     6893,6000    Cuts: 2797   106720   17,12%
      0     0     8032,5906  2203     6893,6000    Cuts: 2057   110440   16,52%
      0     0     8013,1557  1933     6893,6000    Cuts: 1311   114132   16,24%
      0     0     7999,7329  1618     6893,6000    Cuts: 1189   115714   16,05%
      0     0     7991,3859   919     6893,6000    Cuts: 1044   117219   15,92%
      0     0     7988,6175  1333     6893,6000     Cuts: 495   118439   15,88%
      0     0     7986,6057  1567     6893,6000     Cuts: 604   119508   15,86%
      0     0     7984,7838  1107     6893,6000     Cuts: 717   121214   15,83%
      0     0     7983,7105  1202     6893,6000     Cuts: 472   121821   15,81%
      0     0     7982,0769   996     6893,6000     Cuts: 570   122303   15,79%
      0     0     7980,9767  1055     6893,6000     Cuts: 394   122778   15,77%
      0     2     7980,9767  1055     6893,6000     7980,9767   122778   15,77%
Elapsed time = 306,41 sec. (176070,79 ticks, tree = 0,00 MB, solutions = 7)
      1     3     7952,3194  1057     6893,6000     7980,9767   126899   15,77%
      2     4     7972,0663   946     6893,6000     7980,9767   127491   15,77%
      3     5     7948,2965   828     6893,6000     7967,5749   128287   15,58%
      4     6     7935,9696   900     6893,6000     7967,5749   130239   15,58%
      5     7     7939,8806   948     6893,6000     7967,5749   134832   15,58%
      7     9     7930,7041   909     6893,6000     7967,5749   135579   15,58%
      8    10     7911,4017   757     6893,6000     7951,9120   144464   15,35%
     11    13     7833,9694  1081     6893,6000     7951,9120   159867   15,35%
     13    15     7791,9210  1028     6893,6000     7951,9120   182499   15,35%
     14    16     7900,9745   903     6893,6000     7951,9120   190208   15,35%
Elapsed time = 401,93 sec. (226804,39 ticks, tree = 0,00 MB, solutions = 7)
     18    20     7883,6349   832     6893,6000     7951,9120   231752   15,35%
     20    22     7805,1290   916     6893,6000     7951,9120   242658   15,35%
     25    27     7866,5626   843     6893,6000     7951,9120   250820   15,35%
     28    30     7877,9576  1017     6893,6000     7951,9120   252747   15,35%
     29    31     7844,7550   927     6893,6000     7951,9120   254702   15,35%
     34    36     7855,2582  1030     6893,6000     7951,9120   264716   15,35%
*    35+   35                         7397,8000     7951,9120             7,49%
     35    37     7829,7801   903     7397,8000     7951,9120   270513    7,49%
     56    58     7777,8266   897     7397,8000     7951,9120   299018    7,49%
     63    65     7787,8336   822     7397,8000     7951,9120   316510    7,49%
     71    73     7767,3823   848     7397,8000     7951,9120   323009    7,49%
Elapsed time = 699,32 sec. (290809,97 ticks, tree = 0,00 MB, solutions = 8)
     79    81     7777,3005   850     7397,8000     7951,9120   330110    7,49%
     95    97     7751,5717   832     7397,8000     7951,9120   343841    7,49%
    103   105     7738,1510   796     7397,8000     7951,9120   351468    7,49%
    107   109     7578,9098   698     7397,8000     7951,9120   356670    7,49%
    173   173     7523,5467   327     7397,8000     7951,9120   398212    7,49%
    176   174     7568,3448   363     7397,8000     7951,9120   398693    7,49%
    180   178     7538,7289   317     7397,8000     7951,9120   403007    7,49%
    188   186     7504,9415   295     7397,8000     7951,9120   408166    7,49%
    200   196     7554,7152   308     7397,8000     7951,9120   413304    7,49%
    202   198     7582,4144   211     7397,8000     7951,9120   415090    7,49%
Elapsed time = 964,08 sec. (336357,78 ticks, tree = 0,00 MB, solutions = 8)
    210   206     7579,9544   259     7397,8000     7951,9120   420971    7,49%
    212   208     7498,5847   184     7397,8000     7951,9120   422493    7,49%
    292   284     7479,5722   443     7397,8000     7951,9120   474944    7,49%
    296   288     7883,3694   948     7397,8000     7951,9120   477354    7,49%
    304   296     7847,1324   705     7397,8000     7951,9120   482494    7,49%
    319   301     7490,9592   587     7397,8000     7951,9120   493202    7,49%
    335   314     7445,8647   186     7397,8000     7951,9120   510368    7,49%
    343   320     7460,5505   184     7397,8000     7951,9120   520879    7,49%
    351   328     7443,3141   187     7397,8000     7951,9120   530104    7,49%
    377   353     7726,6172   734     7397,8000     7951,9120   562984    7,49%
Elapsed time = 1318,33 sec. (399941,37 ticks, tree = 6,26 MB, solutions = 8)
    415   391     7664,5050   523     7397,8000     7902,1525   578199    6,82%
    417   393     7714,6762   776     7397,8000     7902,1525   580022    6,82%
    423   397     7627,4742   315     7397,8000     7902,1525   582633    6,82%
    425   399     7701,4708   707     7397,8000     7902,1525   587333    6,82%
    433   407     7687,1076   762     7397,8000     7902,1525   601341    6,82%
    449   421     7631,1512   611     7397,8000     7902,1525   617755    6,82%
    473   441     7571,3122   673     7397,8000     7902,1525   646717    6,82%
    538   499     7560,1559   595     7397,8000     7902,1525   700863    6,82%
    539   500     7552,2727   146     7397,8000     7902,1525   704050    6,82%
    547   508     7569,4627   145     7397,8000     7902,1525   716418    6,82%
Elapsed time = 1686,66 sec. (465658,51 ticks, tree = 134,12 MB, solutions = 8)
    550   510     7401,5018  2227     7397,8000     7902,1525   723404    6,82%
    558   518     7706,8024   662     7397,8000     7902,1525   730436    6,82%
    574   534     7661,4234   673     7397,8000     7902,1525   754935    6,82%
    582   542     7672,6277   742     7397,8000     7902,1525   765206    6,82%
    590   548     7646,5828   657     7397,8000     7902,1525   773472    6,82%
    612   567     7693,7764   721     7397,8000     7902,1525   785616    6,82%
*   614+  567                         7417,4000     7902,1525             6,54%
    661   599     7822,9861  1022     7417,4000     7896,7762   809172    6,46%
    665   603     7620,1348   219     7417,4000     7896,7762   828119    6,46%
    673   611     7608,8340   233     7417,4000     7896,7762   835063    6,46%
    681   619     7600,1689   212     7417,4000     7896,7762   848096    6,46%
Elapsed time = 2196,35 sec. (542330,61 ticks, tree = 212,33 MB, solutions = 9)
    689   627     7589,0467   226     7417,4000     7896,7762   860644    6,46%
    705   643     7570,5998   214     7417,4000     7896,7762   870147    6,46%
    725   663     7540,3685   302     7417,4000     7896,7762   884138    6,46%
   1181  1119     7590,5049   472     7417,4000     7896,7762   905124    6,46%
   1186  1124     7557,5729   223     7417,4000     7896,7762   911214    6,46%
   1194  1132     7563,4748   216     7417,4000     7896,7762   916829    6,46%
   1198  1136     7674,6812   877     7417,4000     7896,7762   925009    6,46%
   1206  1144     7645,2721   795     7417,4000     7896,7762   931738    6,46%
   1214  1152     7629,6966   651     7417,4000     7896,7762   937469    6,46%
   1222  1160     7623,5342   569     7417,4000     7896,7762   944301    6,46%
Elapsed time = 2397,11 sec. (576633,74 ticks, tree = 707,09 MB, solutions = 9)
   1230  1167     7620,2639   667     7417,4000     7896,7762   952574    6,46%
   1238  1175     7615,7170   558     7417,4000     7896,7762   959768    6,46%
   1246  1182     7602,5413   596     7417,4000     7896,7762   963833    6,46%
   1254  1189     7596,4485   562     7417,4000     7896,7762   967735    6,46%
   1262  1195     7579,9375   532     7417,4000     7896,7762   975133    6,46%
   1359  1280     7422,4219   303     7417,4000     7896,7762  1023992    6,46%
   1947  1868     7465,7982   553     7417,4000     7896,7762  1047199    6,46%
   1948  1869     7574,0452   487     7417,4000     7896,7762  1049128    6,46%
   1953  1874     7818,6948   940     7417,4000     7896,7762  1056148    6,46%
   1960  1880     7795,5959  1079     7417,4000     7896,7762  1063640    6,46%
Elapsed time = 2587,30 sec. (612262,30 ticks, tree = 1424,81 MB, solutions = 9)
   1961  1881     7800,0592   953     7417,4000     7896,7762  1068247    6,46%
   1969  1889     7769,0104   819     7417,4000     7896,7762  1074320    6,46%
   1977  1897     7768,4639   887     7417,4000     7896,7762  1081346    6,46%
   1985  1903     7758,9748   913     7417,4000     7896,7762  1087345    6,46%
   1993  1911     7749,1706   773     7417,4000     7896,7762  1094451    6,46%
   2001  1919     7727,9791   805     7417,4000     7896,7762  1103363    6,46%
   2009  1927     7715,6482   822     7417,4000     7896,7762  1106689    6,46%
   2017  1933     7699,3901   759     7417,4000     7896,7762  1114740    6,46%
   2025  1941     7693,7346   922     7417,4000     7896,7762  1122226    6,46%
   2357  2208     7638,7288   638     7417,4000     7896,7762  1167000    6,46%
Elapsed time = 2839,86 sec. (652696,63 ticks, tree = 1424,81 MB, solutions = 9)
   2995  2828     7433,6250     8     7417,4000     7884,8597  1193573    6,30%
   2997  2830     7501,0020   499     7417,4000     7884,8597  1197017    6,30%
*  3000+ 2831                         7417,6000     7884,8597             6,30%
   3000  2833     7801,4522  1010     7417,6000     7884,8597  1198584    6,30%
*  3620+ 2298                         7453,2000     7576,5341             1,65%

Implied bound cuts applied:  208
Flow cuts applied:  20316
Mixed integer rounding cuts applied:  14109
Flow path cuts applied:  517
Lift and project cuts applied:  1
Gomory fractional cuts applied:  144

Root node processing (before b&c):
  Real time             =  306,12 sec. (175899,20 ticks)
Parallel b&c, 8 threads:
  Real time             = 2998,91 sec. (586508,97 ticks)
  Sync time (average)   =  320,63 sec.
  Wait time (average)   =  336,51 sec.
                          ------------
Total (root+branch&cut) = 3305,03 sec. (762408,18 ticks)

<<< solve


OBJECTIVE: 7453.2
avg_utility = 0.62048

<<< post process


<<< done

