
<<< setup


<<< generate

Found incumbent of value 0,000000 after 0,03 sec. (11,30 ticks)
Tried aggregator 6 times.
MIP Presolve eliminated 113762 rows and 228094 columns.
MIP Presolve modified 15815 coefficients.
Aggregator did 54770 substitutions.
Reduced MIP has 33565 rows, 70897 columns, and 222886 nonzeros.
Reduced MIP has 9808 binaries, 0 generals, 0 SOSs, and 0 indicators.
Presolve time = 5,14 sec. (3356,74 ticks)
Probing time = 0,14 sec. (2,80 ticks)
Tried aggregator 1 time.
Reduced MIP has 33565 rows, 70897 columns, and 222886 nonzeros.
Reduced MIP has 9808 binaries, 0 generals, 0 SOSs, and 0 indicators.
Presolve time = 0,21 sec. (111,15 ticks)
Probing time = 0,08 sec. (2,83 ticks)
MIP emphasis: balance optimality and feasibility.
MIP search method: dynamic search.
Parallel mode: deterministic, using up to 24 threads.
Root relaxation solution time = 1,60 sec. (1028,06 ticks)

        Nodes                                         Cuts/
   Node  Left     Objective  IInf  Best Integer    Best Bound    ItCnt     Gap

*     0+    0                            0,0000    16495,4156              --- 
*     0+    0                         3140,9119    16495,4156           425,18%
      0     0     3805,0000   996     3140,9119     3805,0000     3595   21,14%
*     0+    0                         3395,8426     3805,0000            12,05%
      0     0     3730,3952   644     3395,8426    Cuts: 3009    20408    9,85%
      0     0     3699,7952   638     3395,8426    Cuts: 1958    34823    8,95%
      0     0     3654,7995   557     3395,8426    Cuts: 2014    47957    7,63%
*     0+    0                         3502,8662     3654,7995             4,34%
*     0+    0                         3507,3872     3654,7995             4,20%
*     0+    0                         3521,0339     3654,7995             3,80%
*     0+    0                         3522,9570     3654,7995             3,74%
      0     0     3611,6422   586     3522,9570    Cuts: 1681    62732    2,52%
      0     0     3582,7152   310     3522,9570    Cuts: 1624    75064    1,70%
      0     0     3582,1788   370     3522,9570     Cuts: 795    92738    1,68%
*     0+    0                         3541,4350     3582,1788             1,15%
*     0+    0                         3553,0824     3582,1788             0,82%

Implied bound cuts applied:  238
Flow cuts applied:  8307
Mixed integer rounding cuts applied:  1536
Flow path cuts applied:  196
Gomory fractional cuts applied:  210

Root node processing (before b&c):
  Real time             =   92,12 sec. (80328,28 ticks)
Parallel b&c, 24 threads:
  Real time             =    0,00 sec. (0,00 ticks)
  Sync time (average)   =    0,00 sec.
  Wait time (average)   =    0,00 sec.
                          ------------
Total (root+branch&cut) =   92,12 sec. (80328,28 ticks)

<<< solve


OBJECTIVE: 3553.082
avg_utility = 0.933793

<<< post process


<<< done

