
<<< setup


<<< generate

Found incumbent of value 0,000000 after 0,04 sec. (30,60 ticks)
Tried aggregator 2 times.
MIP Presolve eliminated 248651 rows and 383431 columns.
MIP Presolve modified 22391 coefficients.
Aggregator did 14725 substitutions.
Reduced MIP has 215649 rows, 586685 columns, and 1686430 nonzeros.
Reduced MIP has 18300 binaries, 0 generals, 0 SOSs, and 0 indicators.
Presolve time = 1,91 sec. (994,19 ticks)
Probing time = 0,41 sec. (19,52 ticks)
Tried aggregator 1 time.
MIP Presolve eliminated 32120 rows and 81760 columns.
Reduced MIP has 183529 rows, 504925 columns, and 1441150 nonzeros.
Reduced MIP has 18300 binaries, 0 generals, 0 SOSs, and 0 indicators.
Presolve time = 2,07 sec. (761,18 ticks)
Probing time = 0,26 sec. (16,77 ticks)
Tried aggregator 1 time.
Reduced MIP has 183529 rows, 504925 columns, and 1441150 nonzeros.
Reduced MIP has 18300 binaries, 0 generals, 0 SOSs, and 0 indicators.
Presolve time = 1,85 sec. (598,80 ticks)
Probing time = 0,43 sec. (16,84 ticks)
MIP emphasis: balance optimality and feasibility.
MIP search method: dynamic search.
Parallel mode: deterministic, using up to 24 threads.
Root relaxation solution time = 2,69 sec. (1236,27 ticks)

        Nodes                                         Cuts/
   Node  Left     Objective  IInf  Best Integer    Best Bound    ItCnt     Gap

*     0+    0                            0,0000    69169,7833              --- 
      0     0    16124,0000  2259        0,0000    16124,0000     6018     --- 
      0     0    15944,9345  1726        0,0000    Cuts: 6876   285711     --- 
      0     0    15762,6172  1628        0,0000    Cuts: 5604   613442     --- 
      0     0    15582,9444  1950        0,0000    Cuts: 4920   915351     --- 
*     0+    0                        11946,7489    15582,9444            30,44%
*     0+    0                        12128,1159    15582,9444            28,49%
*     0+    0                        12132,9410    15582,9444            28,44%
*     0+    0                        12135,4586    15582,9444            28,41%
*     0+    0                        12622,0303    15582,9444            23,46%
*     0+    0                        12631,0201    15582,9444            23,37%
*     0+    0                        12643,4480    15582,9444            23,25%
*     0+    0                        12643,9657    15582,9444            23,24%
      0     0    15287,6096  1283    12643,9657    Cuts: 7093  1265814   20,91%
      0     0    15239,8553  1688    12643,9657    Cuts: 3192  1467773   20,53%
      0     0    15095,8055   562    12643,9657    Cuts: 6167  1799938   19,39%
*     0+    0                        13280,1364    15095,8055            13,67%
*     0+    0                        14415,1280    15095,8055             4,72%
*     0+    0                        14416,0657    15095,8055             4,72%
*     0+    0                        14416,1890    15095,8055             4,71%
*     0+    0                        14422,2283    15095,8055             4,67%
      0     0    15072,7415   538    14422,2283    Cuts: 2193  1982704    4,51%
      0     0    15063,3505   537    14422,2283    Cuts: 1972  2287396    4,45%
      0     0    15045,4625   549    14422,2283    Cuts: 2109  2595970    4,32%
*     0+    0                        14712,3153    15045,4625             2,26%
*     0+    0                        14717,1225    15045,4625             2,23%
*     0+    0                        14717,4116    15045,4625             2,23%
*     0+    0                        14717,8299    15045,4625             2,23%
*     0+    0                        14718,7310    15045,4625             2,22%
      0     0    15042,3812   576    14718,7310    Cuts: 1870  2872361    2,20%
      0     0    15033,8152   517    14718,7310    Cuts: 1894  3226616    2,14%
      0     0    15031,2531   414    14718,7310    Cuts: 1670  3477531    2,12%
*     0+    0                        14852,2793    15031,2531             1,21%
*     0+    0                        14854,8284    15031,2531             1,19%
*     0+    0                        14857,5014    15031,2531             1,17%
*     0+    0                        14857,6827    15031,2531             1,17%
*     0+    0                        14858,6834    15031,2531             1,16%
*     0+    0                        14874,4297    15031,2531             1,05%
*     0+    0                        14886,1045    15031,2531             0,98%
      0     0    15030,2992   400    14886,1045    Cuts: 1296  3652401    0,97%
      0     0    15029,6410   476    14886,1045    Cuts: 1391  3859038    0,96%
      0     0    15026,5298   482    14886,1045    Cuts: 1446  4246692    0,94%
      0     0    15025,4980   447    14886,1045    Cuts: 1280  4423863    0,94%
      0     0    15021,5344   355    14886,1045    Cuts: 1282  4762514    0,91%
      0     0    15020,6200   350    14886,1045     Cuts: 953  5012532    0,90%
*     0+    0                        14911,2378    15020,6200             0,73%
*     0+    0                        14920,7608    15020,6200             0,67%
*     0+    0                        14921,1820    15020,6200             0,67%
*     0+    0                        14921,8212    15020,6200             0,66%
*     0+    0                        14922,0254    15020,6200             0,66%
*     0+    0                        14922,4310    15020,6200             0,66%
*     0+    0                        14922,6870    15020,6200             0,66%
Heuristic still looking.
Heuristic still looking.
Heuristic still looking.
Heuristic still looking.
*     0+    0                        14929,6906    15020,6200             0,61%
*     0+    0                        14929,9509    15020,6200             0,61%
      0     2    15020,6200   350    14929,9509    15020,6200  5012532    0,61%
Elapsed time = 44391,56 sec. (26855998,28 ticks, tree = 0,00 MB, solutions = 35)
      1     3    15020,5928   354    14929,9509    15020,6200  5013341    0,61%
      2     4    15020,5480   362    14929,9509    15020,6200  5017784    0,61%
      3     5    15020,5950   349    14929,9509    15020,5928  5018195    0,61%
*     4+    4                        14930,3059    15020,5928             0,60%
*     4+    4                        14931,9548    15020,5928             0,59%
*     4+    4                        14932,5750    15020,5928             0,59%
*     4+    4                        14932,6928    15020,5928             0,59%
*     4+    4                        14932,8503    15020,5928             0,59%
*     4+    4                        14933,2397    15020,5928             0,58%
      4     6    15020,5239   364    14933,2397    15020,5928  5019009    0,58%
*     5+    5                        14933,8765    15020,5928             0,58%
*     5+    5                        14935,9057    15020,5928             0,57%
*     5+    5                        14937,0273    15020,5928             0,56%
*     5+    5                        14937,2046    15020,5928             0,56%
*     5+    5                        14937,9452    15020,5928             0,55%
      5     7    15020,5108   358    14937,9452    15020,5928  5020148    0,55%
      7     9    15020,4592   358    14937,9452    15020,5928  5020901    0,55%
      9    11    15020,4957   353    14937,9452    15020,5928  5024399    0,55%
     10    12    15020,4790   373    14937,9452    15020,5928  5028628    0,55%
     11    13    15020,4498   388    14937,9452    15020,5928  5030598    0,55%
     13    15    15020,3943   378    14937,9452    15020,5928  5035611    0,55%
Elapsed time = 45867,61 sec. (27834877,47 ticks, tree = 0,00 MB, solutions = 46)
*    14+   14                        14939,4490    15020,5928             0,54%
*    14+   14                        14941,2267    15020,5928             0,53%
*    14+   14                        14946,1125    15020,5928             0,50%
*    14+   14                        14946,5422    15020,5928             0,50%
     14    16    15020,3562   367    14946,5422    15020,5928  5038309    0,50%
     20    20    15020,3441   367    14946,5422    15020,5928  5044625    0,50%
     21    21    15020,4967   378    14946,5422    15020,5928  5046589    0,50%
     22    22    15020,4050   399    14946,5422    15020,5928  5049589    0,50%
     23    23    15020,4139   377    14946,5422    15020,5928  5051791    0,50%
     26    26    15020,3390   382    14946,5422    15020,5928  5053659    0,50%
*    27+   25                        14946,7926    15020,5928             0,49%
*    27+   25                        14946,9818    15020,5928             0,49%
*    27+   25                        14950,4236    15020,5928             0,47%
*    27+   25                        14951,8275    15020,5928             0,46%
*    27+   25                        14952,9725    15020,5928             0,45%
*    27+   25                        14953,4799    15020,5928             0,45%
     31    31    15020,3372   382    14953,4799    15020,5928  5058519    0,45%
     35    35    15020,3347   377    14953,4799    15020,5928  5061835    0,45%
     37    37    15020,4994   382    14953,4799    15020,5928  5070009    0,45%
     39    39    15020,4332   379    14953,4799    15020,5928  5073026    0,45%
Elapsed time = 48253,99 sec. (29354645,11 ticks, tree = 0,00 MB, solutions = 68)
*    46+   44                        14953,9650    15020,5928             0,45%
     46    46    15020,3876   404    14953,9650    15020,5928  5093254    0,45%
*    47+   45                        14955,1617    15020,5928             0,44%
*    47+   45                        14956,4023    15020,5928             0,43%
*    47+   45                        14956,6692    15020,5928             0,43%
     53    53    15020,1450   383    14956,6692    15020,5928  5117959    0,43%
    101   101    15020,3745   393    14956,6692    15020,5928  5196132    0,43%
    106   106    15020,2863   406    14956,6692    15020,5928  5212915    0,43%
*   117+  115                        14957,8894    15020,5928             0,42%
*   117+  115                        14958,0125    15020,5928             0,42%
*   117+  115                        14958,5560    15020,5928             0,41%
*   117+  115                        14959,0079    15020,5928             0,41%
    117   117    15020,4020   381    14959,0079    15020,5928  5238548    0,41%
    122   118    15020,3439   410    14959,0079    15020,5928  5250731    0,41%
    123   119    15020,3334   395    14959,0079    15020,5928  5253977    0,41%
    366   362    15020,3554   385    14959,0079    15020,5928  5734150    0,41%
    367   363    15016,4676   404    14959,0079    15020,5928  5750035    0,41%
    373   369    15020,2791   371    14959,0079    15020,5928  5926942    0,41%
Elapsed time = 52703,14 sec. (31375015,84 ticks, tree = 0,00 MB, solutions = 104)
    376   372    15016,6800   369    14959,0079    15020,5928  6170627    0,41%
    407   403    15020,2975   383    14959,0079    15020,5928  7296210    0,41%
    528   524    15020,4396   388    14959,0079    15020,5928  7861290    0,41%
    530   526    15020,1929   408    14959,0079    15020,5928  7865070    0,41%
    536   532    15020,1799   396    14959,0079    15020,5928  7884549    0,41%
    542   538    15016,5766   357    14959,0079    15020,5928  7904537    0,41%
    548   544    15016,5089   385    14959,0079    15020,5928  7914660    0,41%
    566   562    15016,6769   361    14959,0079    15020,5928  7939249    0,41%
    590   586    15016,6736   358    14959,0079    15020,5928  7998148    0,41%
    596   592    15016,4539   388    14959,0079    15020,5928  8009787    0,41%
Elapsed time = 53529,55 sec. (31803563,13 ticks, tree = 0,00 MB, solutions = 104)
    597   593    15016,4782   367    14959,0079    15020,5928  8014226    0,41%
    621   617    15016,4673   365    14959,0079    15020,5928  8062744    0,41%
    662   658    15016,6637   362    14959,0079    15020,5928  8137603    0,41%
    686   682    15016,6289   356    14959,0079    15020,5928  8214276    0,41%
    699   695    15016,1760   397    14959,0079    15020,5928  8245121    0,41%
    723   719    15016,1560   393    14959,0079    15020,5928  8294922    0,41%
    752   748    15020,0335   392    14959,0079    15020,5928  8363324    0,41%
    776   772    15020,1629   388    14959,0079    15020,5928  8414519    0,41%
    809   805    15020,3121   403    14959,0079    15020,5928  8524233    0,41%
    821   817    15016,4642   394    14959,0079    15020,5928  8554495    0,41%
Elapsed time = 53672,07 sec. (31823066,15 ticks, tree = 0,00 MB, solutions = 104)
    824   820    15019,9505   395    14959,0079    15020,5928  8564588    0,41%
    857   853    15020,3124   408    14959,0079    15020,5928  8625853    0,41%
    881   877    15020,2902   408    14959,0079    15020,5928  8696358    0,41%
    929   925    15020,3047   409    14959,0079    15020,5928  8812647    0,41%
    953   949    15020,2961   411    14959,0079    15020,5928  8916176    0,41%
    977   973    15020,2989   410    14959,0079    15020,5928  8961036    0,41%
   1001   997    15020,2691   411    14959,0079    15020,5928  9022251    0,41%
   1025  1021    15020,2828   408    14959,0079    15020,5928  9079240    0,41%
   1049  1045    15020,2553   415    14959,0079    15020,5928  9148155    0,41%
   1073  1069    15020,3200   407    14959,0079    15020,5928  9205675    0,41%
Elapsed time = 53892,23 sec. (31856433,81 ticks, tree = 0,00 MB, solutions = 104)
   1097  1093    15020,2382   408    14959,0079    15020,5928  9266537    0,41%
   1145  1141    15020,2640   408    14959,0079    15020,5928  9378830    0,41%
   1169  1165    15020,2651   405    14959,0079    15020,5928  9433592    0,41%
   1193  1189    15020,2657   407    14959,0079    15020,5928  9506691    0,41%
