
<<< setup


<<< generate

Found incumbent of value 0,000000 after 0,01 sec. (9,62 ticks)
Tried aggregator 2 times.
MIP Presolve eliminated 363107 rows and 202505 columns.
MIP Presolve modified 7763 coefficients.
Aggregator did 7760 substitutions.
Reduced MIP has 8539 rows, 16296 columns, and 35696 nonzeros.
Reduced MIP has 7516 binaries, 1020 generals, 0 SOSs, and 0 indicators.
Presolve time = 0,19 sec. (263,16 ticks)
Probing time = 0,01 sec. (2,10 ticks)
Tried aggregator 1 time.
Reduced MIP has 8539 rows, 16296 columns, and 35696 nonzeros.
Reduced MIP has 7516 binaries, 1020 generals, 0 SOSs, and 0 indicators.
Presolve time = 0,03 sec. (27,86 ticks)
Probing time = 0,01 sec. (2,10 ticks)
Clique table members: 606.
MIP emphasis: balance optimality and feasibility.
MIP search method: dynamic search.
Parallel mode: deterministic, using up to 8 threads.
Root relaxation solution time = 0,14 sec. (260,66 ticks)

        Nodes                                         Cuts/
   Node  Left     Objective  IInf  Best Integer    Best Bound    ItCnt     Gap

*     0+    0                            0,0000     7005,3495              --- 
      0     0     1507,0956     5        0,0000     1507,0956     5518     --- 
      0     0     1507,0956     4        0,0000       Cuts: 2     5520     --- 
      0     0     1507,0956     3        0,0000       Cuts: 2     5529     --- 
      0     0     1507,0896    14        0,0000       Cuts: 2     5531     --- 
*     0+    0                         1498,7093     1507,0896             0,56%

Cover cuts applied:  3
Flow cuts applied:  1

Root node processing (before b&c):
  Real time             =    1,63 sec. (2577,58 ticks)
Parallel b&c, 8 threads:
  Real time             =    0,00 sec. (0,00 ticks)
  Sync time (average)   =    0,00 sec.
  Wait time (average)   =    0,00 sec.
                          ------------
Total (root+branch&cut) =    1,63 sec. (2577,58 ticks)

<<< solve


OBJECTIVE: 1498.709
avg_utility = 0.917764

<<< post process


<<< done

