
<<< setup


<<< generate

Aggregator has done 261751 substitutions...
Aggregator has done 317948 substitutions...
Tried aggregator 11 times.
MIP Presolve eliminated 1713021 rows and 1533270 columns.
MIP Presolve modified 28812 coefficients.
Aggregator did 320657 substitutions.
Reduced MIP has 61718 rows, 162314 columns, and 463218 nonzeros.
Reduced MIP has 39221 binaries, 9777 generals, 0 SOSs, and 0 indicators.
Presolve time = 33,09 sec. (21677,12 ticks)
Found incumbent of value 1328,909360 after 33,40 sec. (21940,43 ticks)
Probing time = 0,53 sec. (97,90 ticks)
Tried aggregator 1 time.
Presolve time = 0,28 sec. (184,41 ticks)
Probing time = 0,92 sec. (97,90 ticks)
Clique table members: 3727.
MIP emphasis: balance optimality and feasibility.
MIP search method: dynamic search.
Parallel mode: deterministic, using up to 24 threads.
Root relaxation solution time = 6,76 sec. (3538,58 ticks)

        Nodes                                         Cuts/
   Node  Left     Objective  IInf  Best Integer    Best Bound    ItCnt     Gap

*     0+    0                         1328,9094    74681,1442       50     --- 
*     0+    0                         4024,6875    74681,1442       50     --- 
*     0+    0                         4064,4387    74681,1442       50     --- 
*     0+    0                         4094,5833    74681,1442       50     --- 
*     0+    0                         4120,0903    74681,1442       50     --- 
*     0+    0                         4134,6658    74681,1442       50     --- 
*     0+    0                         4147,5849    74681,1442       50     --- 
      0     0    14889,6765    34     4147,5849    14889,6765       50  259,00%
*     0+    0                        14889,2472    14889,6765      515    0,00%

Mixed integer rounding cuts applied:  8
Gomory fractional cuts applied:  3

Root node processing (before b&c):
  Real time             =   11,32 sec. (6406,97 ticks)
Parallel b&c, 24 threads:
  Real time             =    0,00 sec. (0,00 ticks)
  Sync time (average)   =    0,00 sec.
  Wait time (average)   =    0,00 sec.
                          ------------
Total (root+branch&cut) =   11,32 sec. (6406,97 ticks)

<<< solve


OBJECTIVE: 14889.25
avg_utility = 0.7501636031338152

<<< post process


<<< done

