
<<< setup


<<< generate

Found incumbent of value 0,000000 after 0,08 sec. (27,04 ticks)
Tried aggregator 6 times.
MIP Presolve eliminated 186359 rows and 630511 columns.
MIP Presolve modified 6858 coefficients.
Aggregator did 185874 substitutions.
Reduced MIP has 25395 rows, 58896 columns, and 187559 nonzeros.
Reduced MIP has 3916 binaries, 0 generals, 0 SOSs, and 0 indicators.
Presolve time = 29,91 sec. (8046,03 ticks)
Probing time = 0,05 sec. (2,37 ticks)
Tried aggregator 1 time.
Reduced MIP has 25395 rows, 58896 columns, and 187559 nonzeros.
Reduced MIP has 3916 binaries, 0 generals, 0 SOSs, and 0 indicators.
Presolve time = 0,23 sec. (86,30 ticks)
Probing time = 0,04 sec. (2,46 ticks)
MIP emphasis: balance optimality and feasibility.
MIP search method: dynamic search.
Parallel mode: deterministic, using up to 8 threads.
Root relaxation solution time = 2,08 sec. (782,15 ticks)

        Nodes                                         Cuts/
   Node  Left     Objective  IInf  Best Integer    Best Bound    ItCnt     Gap

*     0+    0                         1618,0000    28978,7590              --- 
      0     0     6321,0619   401     1618,0000     6321,0619       20  290,67%
      0     0     6321,0619   401     1618,0000     Cuts: 855      831  290,67%
*     0+    0                         6151,9493     6321,0619             2,75%
      0     0     6321,0619   280     6151,9493     Cuts: 999     1619    2,75%
      0     0     6321,0619   232     6151,9493     Cuts: 594     2125    2,75%
      0     0     6321,0619   195     6151,9493     Cuts: 484     2524    2,75%
      0     0     6321,0619   161     6151,9493     Cuts: 392     2831    2,75%
      0     0     6321,0619   120     6151,9493     Cuts: 327     3121    2,75%
      0     0     6321,0619    97     6151,9493     Cuts: 249     3335    2,75%
      0     0     6320,6480    77     6151,9493     Cuts: 187     4034    2,74%
*     0+    0                         6276,5574     6320,6480             0,70%

Flow cuts applied:  3130
Mixed integer rounding cuts applied:  731
Gomory fractional cuts applied:  2

Root node processing (before b&c):
  Real time             =   48,29 sec. (18966,97 ticks)
Parallel b&c, 8 threads:
  Real time             =    0,00 sec. (0,00 ticks)
  Sync time (average)   =    0,00 sec.
  Wait time (average)   =    0,00 sec.
                          ------------
Total (root+branch&cut) =   48,29 sec. (18966,97 ticks)

<<< solve


OBJECTIVE: 6276.557
avg_utility = 0.784962

<<< post process


<<< done

