
<<< setup


<<< generate

Found incumbent of value 0,000000 after 0,02 sec. (24,27 ticks)
Tried aggregator 6 times.
MIP Presolve eliminated 185536 rows and 568609 columns.
MIP Presolve modified 6586 coefficients.
Aggregator did 167901 substitutions.
Reduced MIP has 17726 rows, 43971 columns, and 143983 nonzeros.
Reduced MIP has 3600 binaries, 0 generals, 0 SOSs, and 0 indicators.
Presolve time = 9,13 sec. (6874,83 ticks)
Probing time = 0,02 sec. (1,81 ticks)
Tried aggregator 1 time.
Reduced MIP has 17726 rows, 43971 columns, and 143983 nonzeros.
Reduced MIP has 3600 binaries, 0 generals, 0 SOSs, and 0 indicators.
Presolve time = 0,07 sec. (66,49 ticks)
Probing time = 0,01 sec. (1,89 ticks)
MIP emphasis: balance optimality and feasibility.
MIP search method: dynamic search.
Parallel mode: deterministic, using up to 8 threads.
Root relaxation solution time = 0,49 sec. (316,49 ticks)

        Nodes                                         Cuts/
   Node  Left     Objective  IInf  Best Integer    Best Bound    ItCnt     Gap

*     0+    0                         3083,0000    39822,4000              --- 
      0     0    16136,0000  2324     3083,0000    16136,0000     6436  423,39%
*     0+    0                        10623,2557    16136,0000            51,89%
      0     0    12924,6098   219    10623,2557    Cuts: 4531    29286   21,66%
*     0     0      integral     0    10919,4833     Cuts: 999    32599    0,00%
      0     0        cutoff          10919,4833    10919,4833    32599    0,00%
Elapsed time = 21,05 sec. (19590,00 ticks, tree = 0,00 MB, solutions = 3)

Implied bound cuts applied:  83
Flow cuts applied:  4001
Mixed integer rounding cuts applied:  1010
Gomory fractional cuts applied:  386

Root node processing (before b&c):
  Real time             =   21,08 sec. (19628,57 ticks)
Parallel b&c, 8 threads:
  Real time             =    0,00 sec. (0,00 ticks)
  Sync time (average)   =    0,00 sec.
  Wait time (average)   =    0,00 sec.
                          ------------
Total (root+branch&cut) =   21,08 sec. (19628,57 ticks)

<<< solve


OBJECTIVE: 10919.48
avg_utility = 0.676716

<<< post process


<<< done

