
<<< setup


<<< generate

Found incumbent of value 0,000000 after 0,05 sec. (16,51 ticks)
Tried aggregator 8 times.
MIP Presolve eliminated 111738 rows and 332503 columns.
MIP Presolve modified 28918 coefficients.
Aggregator did 88070 substitutions.
Reduced MIP has 52003 rows, 111268 columns, and 349117 nonzeros.
Reduced MIP has 14120 binaries, 0 generals, 0 SOSs, and 0 indicators.
Presolve time = 17,85 sec. (8005,02 ticks)
Probing time = 0,28 sec. (4,93 ticks)
Tried aggregator 1 time.
Reduced MIP has 52003 rows, 111268 columns, and 349117 nonzeros.
Reduced MIP has 14120 binaries, 0 generals, 0 SOSs, and 0 indicators.
Presolve time = 0,53 sec. (189,13 ticks)
Probing time = 0,14 sec. (5,23 ticks)
MIP emphasis: balance optimality and feasibility.
MIP search method: dynamic search.
Parallel mode: deterministic, using up to 8 threads.
Root relaxation solution time = 2,67 sec. (1074,24 ticks)

        Nodes                                         Cuts/
   Node  Left     Objective  IInf  Best Integer    Best Bound    ItCnt     Gap

*     0+    0                            0,0000    30633,8949              --- 
      0     0     7845,0000  1566        0,0000     7845,0000     3752     --- 
      0     0     7657,1214  1311        0,0000    Cuts: 4694    40766     --- 
      0     0     7518,7286  1208        0,0000    Cuts: 3943    52488     --- 
      0     0     7383,4112  1083        0,0000    Cuts: 3454    74300     --- 
*     0+    0                         5601,6028     7383,4112            31,81%
*     0+    0                         5697,4920     7383,4112            29,59%
*     0+    0                         5713,0868     7383,4112            29,24%
*     0+    0                         5714,2166     7383,4112            29,21%
      0     0     7268,1005   997     5714,2166    Cuts: 2952   127730   27,19%
      0     0     7198,3206   422     5714,2166    Cuts: 2685   165992   25,97%
      0     0     7164,6317    68     5714,2166    Cuts: 1156   191537   25,38%
*     0+    0                         6912,4301     7164,6317             3,65%
*     0+    0                         6967,5683     7164,6317             2,83%
*     0+    0                         6991,8844     7164,6317             2,47%
*     0+    0                         6996,1156     7164,6317             2,41%
*     0+    0                         7000,8965     7164,6317             2,34%
      0     0     7162,8219   131     7000,8965     Cuts: 283   201232    2,31%
      0     0     7162,0552   153     7000,8965     Cuts: 603   213686    2,30%
      0     0     7161,7041   112     7000,8965     Cuts: 960   224644    2,30%
*     0+    0                         7020,9714     7161,7041             2,00%
*     0+    0                         7063,5281     7161,7041             1,39%
*     0+    0                         7069,6092     7161,7041             1,30%
*     0+    0                         7077,9842     7161,7041             1,18%
      0     0     7161,6082   118     7077,9842     Cuts: 391   236106    1,18%
      0     0     7161,4702    95     7077,9842     Cuts: 415   240243    1,18%
      0     0     7161,3791   142     7077,9842     Cuts: 354   241330    1,18%
*     0+    0                         7090,3637     7161,3791             1,00%
Heuristic still looking.
Heuristic still looking.
Heuristic still looking.
*     0+    0                         7093,7782     7161,3791             0,95%

Implied bound cuts applied:  770
Flow cuts applied:  15978
Mixed integer rounding cuts applied:  3475
Flow path cuts applied:  70
Gomory fractional cuts applied:  320

Root node processing (before b&c):
  Real time             = 1174,53 sec. (387252,66 ticks)
Parallel b&c, 8 threads:
  Real time             =    0,00 sec. (0,00 ticks)
  Sync time (average)   =    0,00 sec.
  Wait time (average)   =    0,00 sec.
                          ------------
Total (root+branch&cut) = 1174,53 sec. (387252,66 ticks)

<<< solve


OBJECTIVE: 7093.778
avg_utility = 0.904242

<<< post process


<<< done

