
<<< setup


<<< generate

Found incumbent of value 0,000000 after 0,02 sec. (23,96 ticks)
Tried aggregator 8 times.
MIP Presolve eliminated 201228 rows and 581301 columns.
Aggregator did 173755 substitutions.
Reduced MIP has 2361 rows, 11745 columns, and 42280 nonzeros.
Reduced MIP has 0 binaries, 0 generals, 0 SOSs, and 0 indicators.
Presolve time = 6,85 sec. (5421,32 ticks)
Tried aggregator 1 time.
MIP Presolve eliminated 2019 rows and 10095 columns.
Reduced MIP has 342 rows, 1650 columns, and 5950 nonzeros.
Reduced MIP has 0 binaries, 0 generals, 0 SOSs, and 0 indicators.
Presolve time = 0,02 sec. (21,41 ticks)
Tried aggregator 1 time.
Reduced MIP has 342 rows, 1650 columns, and 5950 nonzeros.
Reduced MIP has 0 binaries, 0 generals, 0 SOSs, and 0 indicators.
Presolve time = 0,01 sec. (10,01 ticks)
MIP emphasis: balance optimality and feasibility.
MIP search method: dynamic search.
Parallel mode: deterministic, using up to 8 threads.
Root relaxation solution time = 0,01 sec. (5,03 ticks)

        Nodes                                         Cuts/
   Node  Left     Objective  IInf  Best Integer    Best Bound    ItCnt     Gap

*     0+    0                         3747,0000    38601,6000           930,20%
*     0     0      integral     0     5350,0667     5350,0667      255    0,00%
Elapsed time = 6,94 sec. (5522,88 ticks, tree = 0,00 MB, solutions = 2)

Root node processing (before b&c):
  Real time             =    6,98 sec. (5555,53 ticks)
Parallel b&c, 8 threads:
  Real time             =    0,00 sec. (0,00 ticks)
  Sync time (average)   =    0,00 sec.
  Wait time (average)   =    0,00 sec.
                          ------------
Total (root+branch&cut) =    6,98 sec. (5555,53 ticks)

<<< solve


OBJECTIVE: 5350.067
avg_utility = 0.331808

<<< post process


<<< done

