
<<< setup


<<< generate

Found incumbent of value 0.000000 after 0.02 sec. (8.02 ticks)
Tried aggregator 6 times.
MIP Presolve eliminated 346321 rows and 152644 columns.
Aggregator did 10530 substitutions.
Reduced MIP has 3161 rows, 7371 columns, and 16848 nonzeros.
Reduced MIP has 0 binaries, 0 generals, 0 SOSs, and 0 indicators.
Presolve time = 1.00 sec. (643.32 ticks)
Tried aggregator 2 times.
MIP Presolve eliminated 3087 rows and 7187 columns.
Aggregator did 12 substitutions.
Reduced MIP has 62 rows, 172 columns, and 364 nonzeros.
Reduced MIP has 0 binaries, 0 generals, 0 SOSs, and 0 indicators.
Presolve time = 0.04 sec. (14.94 ticks)
Tried aggregator 1 time.
Reduced MIP has 62 rows, 172 columns, and 364 nonzeros.
Reduced MIP has 0 binaries, 0 generals, 0 SOSs, and 0 indicators.
Presolve time = 0.01 sec. (4.66 ticks)
MIP emphasis: balance optimality and feasibility.
MIP search method: dynamic search.
Parallel mode: deterministic, using up to 8 threads.
Root relaxation solution time = 0.00 sec. (0.16 ticks)

        Nodes                                         Cuts/
   Node  Left     Objective  IInf  Best Integer    Best Bound    ItCnt     Gap

*     0+    0                            0.0000     8447.9316              --- 
*     0     0      integral     0     1726.9847     1726.9847       51    0.00%
Elapsed time = 1.09 sec. (681.03 ticks, tree = 0.00 MB, solutions = 1)

Root node processing (before b&c):
  Real time             =    1.11 sec. (687.06 ticks)
Parallel b&c, 8 threads:
  Real time             =    0.00 sec. (0.00 ticks)
  Sync time (average)   =    0.00 sec.
  Wait time (average)   =    0.00 sec.
                          ------------
Total (root+branch&cut) =    1.11 sec. (687.06 ticks)

<<< solve


OBJECTIVE: 1726.985
avg_utility = 0.704892

<<< post process


<<< done

