
<<< setup


<<< generate

Found incumbent of value 0,000000 after 0,01 sec. (11,15 ticks)
Tried aggregator 5 times.
MIP Presolve eliminated 113841 rows and 225520 columns.
MIP Presolve modified 15995 coefficients.
Aggregator did 54414 substitutions.
Reduced MIP has 32308 rows, 68547 columns, and 206756 nonzeros.
Reduced MIP has 9590 binaries, 0 generals, 0 SOSs, and 0 indicators.
Presolve time = 3,18 sec. (3292,38 ticks)
Probing time = 0,02 sec. (2,98 ticks)
Tried aggregator 1 time.
Reduced MIP has 32308 rows, 68547 columns, and 206756 nonzeros.
Reduced MIP has 9590 binaries, 0 generals, 0 SOSs, and 0 indicators.
Presolve time = 0,13 sec. (118,47 ticks)
Probing time = 0,02 sec. (3,16 ticks)
MIP emphasis: balance optimality and feasibility.
MIP search method: dynamic search.
Parallel mode: deterministic, using up to 8 threads.
Root relaxation solution time = 0,77 sec. (775,43 ticks)

        Nodes                                         Cuts/
   Node  Left     Objective  IInf  Best Integer    Best Bound    ItCnt     Gap

*     0+    0                            0,0000    16205,9059              --- 
*     0+    0                         3142,2342    16205,9059           415,74%
      0     0     3785,0000   844     3142,2342     3785,0000     5996   20,46%
*     0+    0                         3534,7218     3785,0000             7,08%
      0     0     3758,2722   467     3534,7218    Cuts: 2735    36795    6,32%
      0     0     3742,0791   480     3534,7218    Cuts: 1817    61411    5,87%
      0     0     3709,3756   421     3534,7218    Cuts: 1548    76750    4,94%
*     0+    0                         3547,3055     3709,3756             4,57%
*     0+    0                         3561,4995     3709,3756             4,15%
*     0+    0                         3576,5777     3709,3756             3,71%
*     0+    0                         3581,2223     3709,3756             3,58%
*     0+    0                         3582,4801     3709,3756             3,54%
*     0+    0                         3583,0399     3709,3756             3,53%
      0     0     3691,3342   544     3583,0399    Cuts: 1160    81033    3,02%
      0     0     3653,3737   402     3583,0399    Cuts: 1694    86387    1,96%
      0     0     3635,1970   276     3583,0399    Cuts: 1068    89923    1,46%
      0     0     3629,9847   425     3583,0399    Cuts: 1017    92876    1,31%
      0     0     3626,2210   254     3583,0399    Cuts: 1460    96399    1,21%
      0     0     3624,7422   172     3583,0399     Cuts: 765    98440    1,16%
      0     0     3624,0832   203     3583,0399     Cuts: 683   100355    1,15%
      0     0     3623,8179   192     3583,0399     Cuts: 746   102882    1,14%
      0     0     3623,1022   133     3583,0399     Cuts: 657   108250    1,12%
*     0+    0                         3601,7788     3623,1022             0,59%

Cover cuts applied:  3
Implied bound cuts applied:  616
Flow cuts applied:  10407
Mixed integer rounding cuts applied:  2024
Flow path cuts applied:  138
Gomory fractional cuts applied:  351

Root node processing (before b&c):
  Real time             =   93,46 sec. (94991,87 ticks)
Parallel b&c, 8 threads:
  Real time             =    0,00 sec. (0,00 ticks)
  Sync time (average)   =    0,00 sec.
  Wait time (average)   =    0,00 sec.
                          ------------
Total (root+branch&cut) =   93,46 sec. (94991,87 ticks)

<<< solve


OBJECTIVE: 3601.779
avg_utility = 0.951593

<<< post process


<<< done

