
<<< setup


<<< generate

Tried aggregator 4 times.
MIP Presolve eliminated 1191155 rows and 627739 columns.
MIP Presolve modified 1413 coefficients.
Aggregator did 14245 substitutions.
Reduced MIP has 22635 rows, 58337 columns, and 159525 nonzeros.
Reduced MIP has 10654 binaries, 648 generals, 0 SOSs, and 0 indicators.
Presolve time = 1,60 sec. (1510,08 ticks)
Found incumbent of value 2,006220 after 1,77 sec. (1651,50 ticks)
Probing time = 0,03 sec. (11,62 ticks)
Tried aggregator 1 time.
Presolve time = 0,08 sec. (62,71 ticks)
Probing time = 0,07 sec. (11,62 ticks)
Clique table members: 320.
MIP emphasis: balance optimality and feasibility.
MIP search method: dynamic search.
Parallel mode: deterministic, using up to 24 threads.
Root relaxation solution time = 0,27 sec. (307,76 ticks)

        Nodes                                         Cuts/
   Node  Left     Objective  IInf  Best Integer    Best Bound    ItCnt     Gap

*     0+    0                            2,0062     3787,9508     5252     --- 
*     0+    0                            5,6750     3787,9508     5252     --- 
*     0     0      integral     0      883,0000      883,0000     5252    0,00%
Elapsed time = 2,46 sec. (2130,71 ticks, tree = 0,00 MB, solutions = 3)

Root node processing (before b&c):
  Real time             =    0,57 sec. (397,45 ticks)
Parallel b&c, 24 threads:
  Real time             =    0,00 sec. (0,00 ticks)
  Sync time (average)   =    0,00 sec.
  Wait time (average)   =    0,00 sec.
                          ------------
Total (root+branch&cut) =    0,57 sec. (397,45 ticks)

<<< solve


OBJECTIVE: 883
avg_utility = 1

<<< post process


<<< done

