
<<< setup


<<< generate

Tried aggregator 2 times.
MIP Presolve eliminated 152933 rows and 148611 columns.
MIP Presolve modified 1 coefficients.
Aggregator did 4640 substitutions.
Reduced MIP has 465 rows, 2784 columns, and 5104 nonzeros.
Reduced MIP has 1614 binaries, 1170 generals, 0 SOSs, and 0 indicators.
Presolve time = 2,18 sec. (2948,92 ticks)
Found incumbent of value 0,000000 after 2,22 sec. (2958,71 ticks)
Probing time = 0,00 sec. (2,17 ticks)
Tried aggregator 1 time.
Reduced MIP has 465 rows, 2784 columns, and 5104 nonzeros.
Reduced MIP has 1614 binaries, 1170 generals, 0 SOSs, and 0 indicators.
Presolve time = 0,02 sec. (3,93 ticks)
Probing time = 0,00 sec. (2,16 ticks)
Clique table members: 269.
MIP emphasis: balance optimality and feasibility.
MIP search method: dynamic search.
Parallel mode: deterministic, using up to 8 threads.
Root relaxation solution time = 0,11 sec. (32,60 ticks)

        Nodes                                         Cuts/
   Node  Left     Objective  IInf  Best Integer    Best Bound    ItCnt     Gap

*     0+    0                            0,0000     5770,5693              --- 
*     0+    0                          220,9461     5770,5693              --- 
      0     0      491,6572     2      220,9461      491,6572      465  122,52%
*     0+    0                          491,5820      491,6572             0,02%
      0     0        cutoff            491,5820                    466    0,00%
Elapsed time = 2,76 sec. (3018,00 ticks, tree = 0,00 MB, solutions = 3)

Mixed integer rounding cuts applied:  1

Root node processing (before b&c):
  Real time             =    2,82 sec. (3023,94 ticks)
Parallel b&c, 8 threads:
  Real time             =    0,00 sec. (0,00 ticks)
  Sync time (average)   =    0,00 sec.
  Wait time (average)   =    0,00 sec.
                          ------------
Total (root+branch&cut) =    2,82 sec. (3023,94 ticks)

<<< solve


OBJECTIVE: 491.582

<<< post process


<<< done

