
<<< setup


<<< generate

Found incumbent of value 0.000000 after 0.04 sec. (12.21 ticks)
Tried aggregator 2 times.
MIP Presolve eliminated 696132 rows and 107092 columns.
MIP Presolve modified 7746 coefficients.
Aggregator did 47741 substitutions.
Reduced MIP has 20642 rows, 27088 columns, and 72236 nonzeros.
Reduced MIP has 1290 binaries, 0 generals, 0 SOSs, and 0 indicators.
Presolve time = 2.92 sec. (2492.67 ticks)
Probing time = 0.01 sec. (1.33 ticks)
Tried aggregator 1 time.
Reduced MIP has 20642 rows, 27088 columns, and 72236 nonzeros.
Reduced MIP has 1290 binaries, 0 generals, 0 SOSs, and 0 indicators.
Presolve time = 0.10 sec. (44.49 ticks)
Probing time = 0.03 sec. (1.32 ticks)
MIP emphasis: balance optimality and feasibility.
MIP search method: dynamic search.
Parallel mode: deterministic, using up to 8 threads.
Root relaxation solution time = 0.15 sec. (74.99 ticks)

        Nodes                                         Cuts/
   Node  Left     Objective  IInf  Best Integer    Best Bound    ItCnt     Gap

*     0+    0                            0.0000    14010.6991              --- 
      0     0     3266.0000  1264        0.0000     3266.0000     2581     --- 
*     0+    0                         1809.3136     3266.0000            80.51%
      0     0     3179.9175  1123     1809.3136    Cuts: 2728     6984   75.75%
*     0+    0                         2356.2753     3179.9175            34.96%
      0     0     3081.0656  1183     2356.2753    Cuts: 4463    18274   30.76%
*     0+    0                         2382.2753     3081.0656            29.33%
      0     0     3001.6449  1105     2382.2753    Cuts: 5260    26479   26.00%
      0     0     2938.9954   867     2382.2753    Cuts: 5260    31746   23.37%
      0     0     2836.7808   580     2382.2753    Cuts: 3626    36926   19.08%
      0     0     2821.6407   737     2382.2753    Cuts: 1965    39806   18.44%
*     0+    0                         2404.2753     2821.6407            17.36%
*     0+    0                         2409.2753     2821.6407            17.12%
*     0+    0                         2417.2753     2821.6407            16.73%
      0     0     2775.4717   296     2417.2753    Cuts: 2461    41181   14.82%
      0     0     2756.1743   167     2417.2753     Cuts: 863    41544   14.02%
      0     0     2752.6810   150     2417.2753     Cuts: 301    41716   13.88%
      0     0     2752.0423   132     2417.2753     Cuts: 110    41774   13.85%
      0     0     2752.0423   129     2417.2753  Flowcuts: 18    41780   13.85%
*     0+    0                         2500.2753     2752.0423            10.07%
*     0+    0                         2503.2753     2752.0423             9.94%
*     0+    0                         2510.2753     2752.0423             9.63%
*     0+    0                         2516.2753     2752.0423             9.37%
      0     2     2752.0423   129     2516.2753     2752.0423    41780    9.37%
Elapsed time = 82.97 sec. (32360.98 ticks, tree = 0.00 MB, solutions = 11)
      5     7     2715.2043   132     2516.2753     2750.5747    41865    9.31%
     13    15     2718.2844   129     2516.2753     2749.4591    42016    9.27%
     69    71     2745.2519   112     2516.2753     2748.3704    42958    9.22%
    133   135     2663.1208    94     2516.2753     2748.3704    43735    9.22%
    158   160     2739.4764   109     2516.2753     2748.3704    44314    9.22%
    189   191     2735.1421   107     2516.2753     2748.3704    45290    9.22%
    215   217     2672.8609    90     2516.2753     2748.3704    46029    9.22%
    241   243     2614.6206    91     2516.2753     2748.3704    47203    9.22%
    254   256     2623.8450    80     2516.2753     2748.3704    47895    9.22%
    302   304     2677.8002    87     2516.2753     2748.3704    49655    9.22%
Elapsed time = 96.30 sec. (36496.54 ticks, tree = 3.07 MB, solutions = 11)
    356   358     2622.1989    86     2516.2753     2748.3704    53027    9.22%
    444   428     2638.4190    76     2516.2753     2748.3704    58407    9.22%
    477   447     2724.1375   103     2516.2753     2748.3704    60938    9.22%
    501   465     2647.6288   132     2516.2753     2748.3704    66848    9.22%
    569   529     2680.8156    64     2516.2753     2748.3704    72776    9.22%
    708   616     2669.8431    60     2516.2753     2739.0972    79809    8.86%
    794   694     2699.3918    69     2516.2753     2739.0972    87549    8.86%
    845   745     2673.3138    72     2516.2753     2739.0972    97111    8.86%
    870   770     2673.8435    71     2516.2753     2739.0972   102608    8.86%
    920   820     2630.4165    86     2516.2753     2739.0972   111791    8.86%
Elapsed time = 149.28 sec. (50571.81 ticks, tree = 24.92 MB, solutions = 11)
   1000   896     2625.2908    79     2516.2753     2739.0972   115591    8.86%
   1024   918     2658.8027    51     2516.2753     2739.0972   119598    8.86%
   1165  1051     2568.1385    67     2516.2753     2739.0972   129521    8.86%
   1205  1089     2633.4862    57     2516.2753     2739.0972   131517    8.86%
   1374  1246     2647.2466    49     2516.2753     2739.0972   139767    8.86%
   1406  1274     2621.1027    49     2516.2753     2739.0972   142896    8.86%
   1469  1327     2629.0143    46     2516.2753     2739.0972   148163    8.86%
   1608  1442     2570.3986    48     2516.2753     2737.7986   154770    8.80%
   1660  1490     2683.0029    65     2516.2753     2737.7986   158814    8.80%
   1732  1558     2676.3289    58     2516.2753     2737.7986   162909    8.80%
Elapsed time = 204.23 sec. (62005.26 ticks, tree = 33.38 MB, solutions = 11)
   1796  1618     2649.4060    69     2516.2753     2737.7986   164729    8.80%
   2037  1833     2688.2518    64     2516.2753     2732.2352   173430    8.58%
   2130  1914     2629.6393    65     2516.2753     2732.2352   175989    8.58%
   2400  2146     2654.2802    63     2516.2753     2728.9150   191168    8.45%
   2401  2147     2682.7676    64     2516.2753     2728.9150   191177    8.45%
   2457  2201     2660.3426    63     2516.2753     2728.9150   193903    8.45%
   2513  2251     2658.2401    53     2516.2753     2728.9150   197369    8.45%
   2776  2485     2666.1121    74     2516.2753     2727.7327   217057    8.40%
   2810  2519     2641.8536    52     2516.2753     2727.7327   221051    8.40%
   2858  2567     2640.7687    47     2516.2753     2727.7327   226012    8.40%
Elapsed time = 265.78 sec. (74271.59 ticks, tree = 43.74 MB, solutions = 11)
   2880  2589     2618.2925    74     2516.2753     2727.7327   228976    8.40%
   3019  2700     2591.8102    58     2516.2753     2727.7327   242086    8.40%

Implied bound cuts applied:  1
Flow cuts applied:  8569
Mixed integer rounding cuts applied:  16544
Gomory fractional cuts applied:  223

Root node processing (before b&c):
  Real time             =   82.79 sec. (32300.94 ticks)
Parallel b&c, 8 threads:
  Real time             =  225.19 sec. (55828.23 ticks)
  Sync time (average)   =   19.18 sec.
  Wait time (average)   =   19.41 sec.
                          ------------
Total (root+branch&cut) =  307.97 sec. (88129.17 ticks)

<<< solve


OBJECTIVE: 2516.275
avg_utility = 0.770446

<<< post process


<<< done

