
<<< setup


<<< generate

Found incumbent of value 0,000000 after 0,09 sec. (68,91 ticks)
Aggregator has done 183623 substitutions...
Aggregator has done 204003 substitutions...
Aggregator has done 226934 substitutions...
Aggregator has done 249003 substitutions...
Aggregator has done 270149 substitutions...
Aggregator has done 292031 substitutions...
Aggregator has done 312003 substitutions...
Aggregator has done 331834 substitutions...
Aggregator has done 349141 substitutions...
Aggregator has done 366511 substitutions...
Aggregator has done 384089 substitutions...
Aggregator has done 402003 substitutions...
Tried aggregator 28 times.
MIP Presolve eliminated 439968 rows and 971021 columns.
MIP Presolve modified 167260 coefficients.
Aggregator did 411482 substitutions.
Reduced MIP has 273566 rows, 822858 columns, and 2294315 nonzeros.
Reduced MIP has 12562 binaries, 0 generals, 0 SOSs, and 0 indicators.
Presolve time = 276,88 sec. (127985,61 ticks)
Probing time = 0,54 sec. (27,48 ticks)
Tried aggregator 1 time.
Reduced MIP has 273566 rows, 822858 columns, and 2294315 nonzeros.
Reduced MIP has 12562 binaries, 0 generals, 0 SOSs, and 0 indicators.
Presolve time = 2,72 sec. (943,66 ticks)
Probing time = 0,38 sec. (27,80 ticks)
MIP emphasis: balance optimality and feasibility.
MIP search method: dynamic search.
Parallel mode: deterministic, using up to 24 threads.
Root relaxation solution time = 5,96 sec. (1648,63 ticks)

        Nodes                                         Cuts/
   Node  Left     Objective  IInf  Best Integer    Best Bound    ItCnt     Gap

*     0+    0                            0,0000   100545,8559              --- 
      0     0    23423,6441  5259        0,0000    23423,6441    13071     --- 
      0     0    22863,8890  4132        0,0000    Cuts: 9996   258636     --- 
      0     0    22395,2233  4653        0,0000    Cuts: 9931   326149     --- 
      0     0    22152,8927  4531        0,0000    Cuts: 9993   427335     --- 
*     0+    0                         6292,2871    22152,8927           252,06%
*     0+    0                        10518,3081    22152,8927           110,61%
*     0+    0                        11887,1493    22152,8927            86,36%
*     0+    0                        11935,8778    22152,8927            85,60%
*     0+    0                        11946,8882    22152,8927            85,43%
      0     0    22027,2502  3840    11946,8882   Cuts: 10000   606185   84,38%
*     0+    0                        15956,3168    22027,2502            38,05%
      0     0    21659,0868  3969    15956,3168    Cuts: 9996   740868   35,74%
      0     0    21585,5385  3570    15956,3168    Cuts: 9999   854227   35,28%
*     0+    0                        16202,3788    21585,5385            33,22%
*     0+    0                        16436,1192    21585,5385            31,33%
*     0+    0                        16597,1979    21585,5385            30,06%
      0     0    21327,3034  3104    16597,1979    Cuts: 9950   969511   28,50%
      0     0    21147,0620  2781    16597,1979    Cuts: 9595  1075403   27,41%
*     0+    0                        17194,5318    21147,0620            22,99%
      0     0    21053,1783  3118    17194,5318    Cuts: 9421  1144619   22,44%
      0     0    20965,6367  2986    17194,5318    Cuts: 9646  1205950   21,93%
*     0+    0                        17395,2386    20965,6367            20,53%
      0     0    20894,5926  2855    17395,2386    Cuts: 9391  1297627   20,12%
      0     0    20828,5714  2744    17395,2386    Cuts: 9044  1404169   19,74%
