
<<< setup


<<< generate

Presolve has eliminated 58872 rows and 86593 columns...
Tried aggregator 13 times.
MIP Presolve eliminated 304899 rows and 348294 columns.
MIP Presolve modified 20004 coefficients.
Aggregator did 88038 substitutions.
Reduced MIP has 13162 rows, 23757 columns, and 64067 nonzeros.
Reduced MIP has 7833 binaries, 1074 generals, 0 SOSs, and 0 indicators.
Presolve time = 9,50 sec. (37037,50 ticks)
Found incumbent of value 1752,000000 after 9,58 sec. (37091,47 ticks)
Probing time = 0,01 sec. (1,85 ticks)
Tried aggregator 1 time.
Reduced MIP has 13162 rows, 23757 columns, and 64067 nonzeros.
Reduced MIP has 7833 binaries, 1074 generals, 0 SOSs, and 0 indicators.
Presolve time = 0,04 sec. (34,81 ticks)
Probing time = 0,01 sec. (1,79 ticks)
Clique table members: 245.
MIP emphasis: balance optimality and feasibility.
MIP search method: dynamic search.
Parallel mode: deterministic, using up to 8 threads.
Root relaxation solution time = 0,04 sec. (54,34 ticks)

        Nodes                                         Cuts/
   Node  Left     Objective  IInf  Best Integer    Best Bound    ItCnt     Gap

*     0+    0                         1752,0000     6294,0000           259,25%
      0     0     3266,0000   424     1752,0000     3266,0000      849   86,42%
*     0+    0                         2599,0000     3266,0000            25,66%
      0     0     3121,5362   338     2599,0000    Cuts: 1048     2722   17,11%
      0     0     3043,7701   411     2599,0000    Cuts: 1116     3472   17,11%
      0     0     2971,8997   419     2599,0000    Cuts: 1087     5010   14,35%
*     0+    0                         2631,6000     2971,8997            12,93%
      0     0     2863,5279   319     2631,6000     Cuts: 859     6172    8,81%
      0     0     2811,6886   390     2631,6000     Cuts: 633     9111    6,84%
      0     0     2778,7121   289     2631,6000     Cuts: 972    10245    5,59%
*     0+    0                         2636,2000     2778,7121             5,41%
      0     0     2777,7518   106     2636,2000     Cuts: 681    11073    5,37%
      0     0     2777,7372    54     2636,2000     Cuts: 168    11528    5,37%
      0     0     2777,6534    39     2636,2000      Cuts: 57    11809    5,37%
      0     0     2777,6500    24     2636,2000      Cuts: 29    11988    5,37%
*     0+    0                         2761,0000     2777,6500             0,60%
      0     0     2777,6500    14     2761,0000      Cuts: 30    12059    0,60%
      0     0     2777,6500    15     2761,0000      Cuts: 12    12174    0,60%
*     0+    0                         2777,6000     2777,6500             0,00%
      0     0        cutoff           2777,6000     2777,6500    12174    0,00%
Elapsed time = 31,18 sec. (48744,27 ticks, tree = 0,00 MB, solutions = 6)

Cover cuts applied:  1
Implied bound cuts applied:  191
Flow cuts applied:  2964
Mixed integer rounding cuts applied:  2274
Flow path cuts applied:  466
Lift and project cuts applied:  2
Gomory fractional cuts applied:  585

Root node processing (before b&c):
  Real time             =   31,24 sec. (48770,21 ticks)
Parallel b&c, 8 threads:
  Real time             =    0,00 sec. (0,00 ticks)
  Sync time (average)   =    0,00 sec.
  Wait time (average)   =    0,00 sec.
                          ------------
Total (root+branch&cut) =   31,24 sec. (48770,21 ticks)

<<< solve


OBJECTIVE: 2777.6
avg_utility = 0.850459

<<< post process


<<< done

