
<<< setup


<<< generate

Found incumbent of value 0.000000 after 0.02 sec. (6.41 ticks)
Tried aggregator 2 times.
MIP Presolve eliminated 238106 rows and 130746 columns.
MIP Presolve modified 3796 coefficients.
Aggregator did 3793 substitutions.
Reduced MIP has 10114 rows, 15798 columns, and 37916 nonzeros.
Reduced MIP has 3160 binaries, 0 generals, 0 SOSs, and 0 indicators.
Presolve time = 0.36 sec. (181.91 ticks)
Probing time = 0.01 sec. (0.80 ticks)
Tried aggregator 1 time.
Reduced MIP has 10114 rows, 15798 columns, and 37916 nonzeros.
Reduced MIP has 3160 binaries, 0 generals, 0 SOSs, and 0 indicators.
Presolve time = 0.05 sec. (22.85 ticks)
Probing time = 0.06 sec. (0.80 ticks)
MIP emphasis: balance optimality and feasibility.
MIP search method: dynamic search.
Parallel mode: deterministic, using up to 8 threads.
Root relaxation solution time = 0.07 sec. (41.78 ticks)

        Nodes                                         Cuts/
   Node  Left     Objective  IInf  Best Integer    Best Bound    ItCnt     Gap

*     0+    0                            0.0000     5255.0846              --- 
      0     0     1225.0000   537        0.0000     1225.0000      632     --- 
*     0+    0                         1113.2127     1225.0000            10.04%
      0     0     1215.9770   399     1113.2127     Cuts: 962     1527    9.23%
      0     0     1201.6627   395     1113.2127     Cuts: 998     2464    7.95%
      0     0     1178.1236   394     1113.2127     Cuts: 791     3236    5.83%
*     0+    0                         1125.2859     1178.1236             4.70%
      0     0     1158.7187   335     1125.2859     Cuts: 788     4182    2.97%
      0     0     1145.4323   338     1125.2859     Cuts: 672     4970    1.79%
*     0+    0                         1125.3058     1145.4323             1.79%
      0     0     1137.9477   108     1125.3058     Cuts: 686     6080    1.12%
*     0     0      integral     0     1127.7491     Cuts: 291     6762    0.00%
      0     0        cutoff           1127.7491     1127.7491     6762    0.00%
Elapsed time = 4.65 sec. (3303.55 ticks, tree = 0.00 MB, solutions = 5)

Implied bound cuts applied:  89
Flow cuts applied:  3382
Mixed integer rounding cuts applied:  1353
Gomory fractional cuts applied:  360

Root node processing (before b&c):
  Real time             =    4.68 sec. (3312.19 ticks)
Parallel b&c, 8 threads:
  Real time             =    0.00 sec. (0.00 ticks)
  Sync time (average)   =    0.00 sec.
  Wait time (average)   =    0.00 sec.
                          ------------
Total (root+branch&cut) =    4.68 sec. (3312.19 ticks)

<<< solve


OBJECTIVE: 1127.749
avg_utility = 0.920611

<<< post process


<<< done

