
<<< setup


<<< generate

Found incumbent of value 0,000000 after 0,00 sec. (0,57 ticks)
Tried aggregator 2 times.
MIP Presolve eliminated 19926 rows and 8389 columns.
MIP Presolve modified 1236 coefficients.
Aggregator did 1616 substitutions.
Reduced MIP has 1542 rows, 2464 columns, and 4928 nonzeros.
Reduced MIP has 947 binaries, 285 generals, 0 SOSs, and 0 indicators.
Presolve time = 0,02 sec. (22,37 ticks)
Probing time = 0,00 sec. (0,57 ticks)
Tried aggregator 1 time.
Reduced MIP has 1542 rows, 2464 columns, and 4928 nonzeros.
Reduced MIP has 947 binaries, 285 generals, 0 SOSs, and 0 indicators.
Presolve time = 0,00 sec. (3,89 ticks)
Probing time = 0,00 sec. (0,57 ticks)
Clique table members: 213.
MIP emphasis: balance optimality and feasibility.
MIP search method: dynamic search.
Parallel mode: deterministic, using up to 8 threads.
Root relaxation solution time = 0,01 sec. (15,10 ticks)

        Nodes                                         Cuts/
   Node  Left     Objective  IInf  Best Integer    Best Bound    ItCnt     Gap

*     0+    0                            0,0000     1361,6918              --- 
      0     0      681,6223     8        0,0000      681,6223     1364     --- 
      0     0      681,6068    10        0,0000       Cuts: 6     1368     --- 
      0     0      681,4049     4        0,0000       Cuts: 3     1371     --- 
      0     0      681,4049     8        0,0000    MIRcuts: 2     1373     --- 
*     0+    0                          681,1772      681,4049             0,03%

Mixed integer rounding cuts applied:  1
Lift and project cuts applied:  1
Gomory fractional cuts applied:  2

Root node processing (before b&c):
  Real time             =    0,11 sec. (166,41 ticks)
Parallel b&c, 8 threads:
  Real time             =    0,00 sec. (0,00 ticks)
  Sync time (average)   =    0,00 sec.
  Wait time (average)   =    0,00 sec.
                          ------------
Total (root+branch&cut) =    0,11 sec. (166,41 ticks)

<<< solve


OBJECTIVE: 681.1772
avg_utility = 0.834776

<<< post process


<<< done

