
<<< setup


<<< generate

Found incumbent of value 0.000000 after 0.05 sec. (16.49 ticks)
Tried aggregator 8 times.
MIP Presolve eliminated 108661 rows and 312633 columns.
MIP Presolve modified 20053 coefficients.
Aggregator did 79930 substitutions.
Reduced MIP has 63019 rows, 138558 columns, and 432367 nonzeros.
Reduced MIP has 14765 binaries, 0 generals, 0 SOSs, and 0 indicators.
Presolve time = 21.87 sec. (8592.83 ticks)
Probing time = 0.09 sec. (5.95 ticks)
Tried aggregator 1 time.
Reduced MIP has 63019 rows, 138558 columns, and 432367 nonzeros.
Reduced MIP has 14765 binaries, 0 generals, 0 SOSs, and 0 indicators.
Presolve time = 0.70 sec. (204.25 ticks)
Probing time = 0.11 sec. (6.29 ticks)
MIP emphasis: balance optimality and feasibility.
MIP search method: dynamic search.
Parallel mode: deterministic, using up to 8 threads.
Root relaxation solution time = 5.45 sec. (2012.33 ticks)

        Nodes                                         Cuts/
   Node  Left     Objective  IInf  Best Integer    Best Bound    ItCnt     Gap

*     0+    0                            0.0000    26883.6000              --- 
      0     0     6695.5000  1575        0.0000     6695.5000     4085     --- 
      0     0     6285.1933  1421        0.0000    Cuts: 4380    17743     --- 
      0     0     6006.9373  1282        0.0000    Cuts: 4110    53357     --- 
      0     0     5777.8898  1277        0.0000    Cuts: 3776   127328     --- 
*     0+    0                         4767.9167     5777.8898            21.18%
*     0+    0                         4820.7917     5777.8898            19.85%
*     0+    0                         4844.0567     5777.8898            19.28%
*     0+    0                         4844.2967     5777.8898            19.27%
*     0+    0                         4844.5517     5777.8898            19.27%
      0     0     5507.8768  1100     4844.5517    Cuts: 3687   150722   13.69%
      0     0     5390.7619  1045     4844.5517    Cuts: 2780   185736   11.27%
      0     0     5309.5539   788     4844.5517    Cuts: 3290   203711    9.60%
*     0+    0                         5071.2193     5309.5539             4.70%
*     0+    0                         5082.1007     5309.5539             4.48%
*     0+    0                         5087.5143     5309.5539             4.36%
*     0+    0                         5087.7129     5309.5539             4.36%
*     0+    0                         5088.0843     5309.5539             4.35%
      0     0     5296.1813   766     5088.0843    Cuts: 2147   215081    4.09%
*     0+    0                         5163.8520     5296.1813             2.56%
      0     0     5289.2999   772     5163.8520    Cuts: 2421   249386    2.43%
      0     0     5278.7041   560     5163.8520    Cuts: 2220   276640    2.22%
*     0+    0                         5195.7750     5278.7041             1.60%
*     0+    0                         5217.5100     5278.7041             1.17%
*     0+    0                         5219.2886     5278.7041             1.14%
*     0+    0                         5219.8157     5278.7041             1.13%
*     0+    0                         5220.1157     5278.7041             1.12%
      0     0     5270.2689   569     5220.1157    Cuts: 1488   304947    0.96%

Implied bound cuts applied:  886
Flow cuts applied:  19053
Mixed integer rounding cuts applied:  5623
Flow path cuts applied:  710
Gomory fractional cuts applied:  260

Root node processing (before b&c):
  Real time             = 1550.61 sec. (447537.47 ticks)
Parallel b&c, 8 threads:
  Real time             =    0.00 sec. (0.00 ticks)
  Sync time (average)   =    0.00 sec.
  Wait time (average)   =    0.00 sec.
                          ------------
Total (root+branch&cut) = 1550.61 sec. (447537.47 ticks)

<<< solve


OBJECTIVE: 5220.116
avg_utility = 0.663462

<<< post process


<<< done

