
<<< setup


<<< generate

Found incumbent of value 0,000000 after 0,02 sec. (23,96 ticks)
Tried aggregator 7 times.
MIP Presolve eliminated 201228 rows and 581301 columns.
Aggregator did 173755 substitutions.
Reduced MIP has 2361 rows, 11745 columns, and 42255 nonzeros.
Reduced MIP has 0 binaries, 0 generals, 0 SOSs, and 0 indicators.
Presolve time = 5,05 sec. (4844,17 ticks)
Tried aggregator 1 time.
MIP Presolve eliminated 2019 rows and 10095 columns.
Reduced MIP has 342 rows, 1650 columns, and 5920 nonzeros.
Reduced MIP has 0 binaries, 0 generals, 0 SOSs, and 0 indicators.
Presolve time = 0,02 sec. (21,40 ticks)
Tried aggregator 1 time.
Reduced MIP has 342 rows, 1650 columns, and 5920 nonzeros.
Reduced MIP has 0 binaries, 0 generals, 0 SOSs, and 0 indicators.
Presolve time = 0,01 sec. (9,99 ticks)
MIP emphasis: balance optimality and feasibility.
MIP search method: dynamic search.
Parallel mode: deterministic, using up to 8 threads.
Root relaxation solution time = 0,01 sec. (4,61 ticks)

        Nodes                                         Cuts/
   Node  Left     Objective  IInf  Best Integer    Best Bound    ItCnt     Gap

*     0+    0                         3747,0000    54310,5851              --- 
*     0     0      integral     0     8755,9981     8755,9981      216    0,00%
Elapsed time = 5,13 sec. (4945,25 ticks, tree = 0,00 MB, solutions = 2)

Root node processing (before b&c):
  Real time             =    5,16 sec. (4977,88 ticks)
Parallel b&c, 8 threads:
  Real time             =    0,00 sec. (0,00 ticks)
  Sync time (average)   =    0,00 sec.
  Wait time (average)   =    0,00 sec.
                          ------------
Total (root+branch&cut) =    5,16 sec. (4977,88 ticks)

<<< solve


OBJECTIVE: 8755.998
avg_utility = 0.543041

<<< post process


<<< done

