
<<< setup


<<< generate

Tried aggregator 2 times.
MIP Presolve eliminated 151151 rows and 146019 columns.
MIP Presolve modified 1 coefficients.
Aggregator did 6260 substitutions.
Reduced MIP has 627 rows, 3756 columns, and 6886 nonzeros.
Reduced MIP has 1560 binaries, 2196 generals, 0 SOSs, and 0 indicators.
Presolve time = 0,89 sec. (2943,93 ticks)
Found incumbent of value 0,000000 after 0,91 sec. (2951,26 ticks)
Probing time = 0,01 sec. (12,20 ticks)
Tried aggregator 1 time.
Presolve time = 0,01 sec. (4,39 ticks)
Probing time = 0,00 sec. (1,17 ticks)
Clique table members: 260.
MIP emphasis: balance optimality and feasibility.
MIP search method: dynamic search.
Parallel mode: deterministic, using up to 24 threads.
Root relaxation solution time = 0,01 sec. (3,60 ticks)

        Nodes                                         Cuts/
   Node  Left     Objective  IInf  Best Integer    Best Bound    ItCnt     Gap

*     0+    0                            0,0000    13297,5891        1     --- 
*     0+    0                          249,8793    13297,5891        1     --- 
      0     0     1092,2753     2      249,8793     1092,2753        1  337,12%
*     0+    0                         1092,0524     1092,2753        1    0,02%

Repeating presolve.
Tried aggregator 2 times.
MIP Presolve eliminated 1 rows and 3130 columns.
MIP Presolve modified 2 coefficients.
Aggregator did 626 substitutions.
All rows and columns eliminated.
Presolve time = 0,00 sec. (3,43 ticks)
Represolve time = 0,02 sec. (12,72 ticks)

<<< solve


OBJECTIVE: 1092.052
avg_utility = 0.3342676522803797

<<< post process


<<< done

