
<<< setup


<<< generate

Found incumbent of value 0,000000 after 0,02 sec. (16,99 ticks)
Tried aggregator 4 times.
MIP Presolve eliminated 179399 rows and 392141 columns.
MIP Presolve modified 5011 coefficients.
Aggregator did 109540 substitutions.
Reduced MIP has 12812 rows, 30160 columns, and 93867 nonzeros.
Reduced MIP has 2836 binaries, 0 generals, 0 SOSs, and 0 indicators.
Presolve time = 3,47 sec. (3272,04 ticks)
Probing time = 0,01 sec. (1,40 ticks)
Tried aggregator 1 time.
Reduced MIP has 12812 rows, 30160 columns, and 93867 nonzeros.
Reduced MIP has 2836 binaries, 0 generals, 0 SOSs, and 0 indicators.
Presolve time = 0,05 sec. (44,81 ticks)
Probing time = 0,01 sec. (1,40 ticks)
MIP emphasis: balance optimality and feasibility.
MIP search method: dynamic search.
Parallel mode: deterministic, using up to 8 threads.
Root relaxation solution time = 0,21 sec. (190,65 ticks)

        Nodes                                         Cuts/
   Node  Left     Objective  IInf  Best Integer    Best Bound    ItCnt     Gap

*     0+    0                         1255,0000    20562,0000              --- 
      0     0     7845,0000  1533     1255,0000     7845,0000     3618  525,10%
*     0+    0                         5433,7355     7845,0000            44,38%
      0     0     6161,6969    48     5433,7355    Cuts: 3303    19074   13,40%
*     0+    0                         5761,5350     6161,6969             6,95%

Implied bound cuts applied:  32
Flow cuts applied:  2220
Mixed integer rounding cuts applied:  963
Flow path cuts applied:  3
Gomory fractional cuts applied:  224

Root node processing (before b&c):
  Real time             =   15,10 sec. (14482,90 ticks)
Parallel b&c, 8 threads:
  Real time             =    0,00 sec. (0,00 ticks)
  Sync time (average)   =    0,00 sec.
  Wait time (average)   =    0,00 sec.
                          ------------
Total (root+branch&cut) =   15,10 sec. (14482,90 ticks)

<<< solve


OBJECTIVE: 5761.535
avg_utility = 0.734421

<<< post process


<<< done

