
<<< setup


<<< generate

Found incumbent of value 0.000000 after 0.02 sec. (7.53 ticks)
Tried aggregator 4 times.
MIP Presolve eliminated 344425 rows and 142848 columns.
Aggregator did 7370 substitutions.
Reduced MIP has 2213 rows, 5159 columns, and 11792 nonzeros.
Reduced MIP has 0 binaries, 0 generals, 0 SOSs, and 0 indicators.
Presolve time = 0.66 sec. (411.76 ticks)
Tried aggregator 2 times.
MIP Presolve eliminated 2153 rows and 5009 columns.
Aggregator did 11 substitutions.
Reduced MIP has 49 rows, 139 columns, and 291 nonzeros.
Reduced MIP has 0 binaries, 0 generals, 0 SOSs, and 0 indicators.
Presolve time = 0.03 sec. (11.44 ticks)
Tried aggregator 1 time.
Reduced MIP has 49 rows, 139 columns, and 291 nonzeros.
Reduced MIP has 0 binaries, 0 generals, 0 SOSs, and 0 indicators.
Presolve time = 0.01 sec. (4.48 ticks)
MIP emphasis: balance optimality and feasibility.
MIP search method: dynamic search.
Parallel mode: deterministic, using up to 8 threads.
Root relaxation solution time = 0.00 sec. (0.11 ticks)

        Nodes                                         Cuts/
   Node  Left     Objective  IInf  Best Integer    Best Bound    ItCnt     Gap

*     0+    0                            0.0000     5946.5263              --- 
*     0     0      integral     0     1180.6241     1180.6241       36    0.00%
Elapsed time = 0.73 sec. (444.09 ticks, tree = 0.00 MB, solutions = 1)

Root node processing (before b&c):
  Real time             =    0.75 sec. (449.54 ticks)
Parallel b&c, 8 threads:
  Real time             =    0.00 sec. (0.00 ticks)
  Sync time (average)   =    0.00 sec.
  Wait time (average)   =    0.00 sec.
                          ------------
Total (root+branch&cut) =    0.75 sec. (449.54 ticks)

<<< solve


OBJECTIVE: 1180.624
avg_utility = 0.722979

<<< post process


<<< done

