
<<< setup


<<< generate

Found incumbent of value 0,000000 after 0,06 sec. (64,77 ticks)
Tried aggregator 4 times.
MIP Presolve eliminated 3404401 rows and 1222724 columns.
Aggregator did 7330 substitutions.
Reduced MIP has 2201 rows, 5131 columns, and 11728 nonzeros.
Reduced MIP has 0 binaries, 0 generals, 0 SOSs, and 0 indicators.
Presolve time = 1,31 sec. (2341,40 ticks)
Tried aggregator 2 times.
MIP Presolve eliminated 2155 rows and 5015 columns.
Aggregator did 10 substitutions.
Reduced MIP has 36 rows, 106 columns, and 218 nonzeros.
Reduced MIP has 0 binaries, 0 generals, 0 SOSs, and 0 indicators.
Presolve time = 0,04 sec. (49,29 ticks)
Tried aggregator 1 time.
Reduced MIP has 36 rows, 106 columns, and 218 nonzeros.
Reduced MIP has 0 binaries, 0 generals, 0 SOSs, and 0 indicators.
Presolve time = 0,03 sec. (42,22 ticks)
MIP emphasis: balance optimality and feasibility.
MIP search method: dynamic search.
Parallel mode: deterministic, using up to 8 threads.
Root relaxation solution time = 0,00 sec. (0,11 ticks)

        Nodes                                         Cuts/
   Node  Left     Objective  IInf  Best Integer    Best Bound    ItCnt     Gap

*     0+    0                            0,0000     4575,8394              --- 
*     0     0      integral     0     1225,0000     1225,0000       42    0,00%
Elapsed time = 1,46 sec. (2560,70 ticks, tree = 0,00 MB, solutions = 1)

Root node processing (before b&c):
  Real time             =    1,50 sec. (2603,23 ticks)
Parallel b&c, 8 threads:
  Real time             =    0,00 sec. (0,00 ticks)
  Sync time (average)   =    0,00 sec.
  Wait time (average)   =    0,00 sec.
                          ------------
Total (root+branch&cut) =    1,50 sec. (2603,23 ticks)

<<< solve


OBJECTIVE: 1225
avg_utility = 1

<<< post process


<<< done

