
<<< setup


<<< generate

Found incumbent of value 0,000000 after 0,08 sec. (65,33 ticks)
Aggregator has done 131370 substitutions...
Aggregator has done 152884 substitutions...
Aggregator has done 171003 substitutions...
Aggregator has done 190154 substitutions...
Aggregator has done 210282 substitutions...
Aggregator has done 229768 substitutions...
Aggregator has done 249278 substitutions...
Aggregator has done 268575 substitutions...
Aggregator has done 287630 substitutions...
Aggregator has done 306003 substitutions...
Aggregator has done 324003 substitutions...
Aggregator has done 342003 substitutions...
Tried aggregator 28 times.
MIP Presolve eliminated 124983 rows and 980780 columns.
MIP Presolve modified 125546 coefficients.
Aggregator did 351482 substitutions.
Reduced MIP has 273641 rows, 873099 columns, and 2457600 nonzeros.
Reduced MIP has 62803 binaries, 0 generals, 0 SOSs, and 0 indicators.
Presolve time = 327,01 sec. (130716,77 ticks)
Probing time = 0,51 sec. (29,57 ticks)
Tried aggregator 1 time.
Reduced MIP has 273641 rows, 873099 columns, and 2457600 nonzeros.
Reduced MIP has 62803 binaries, 0 generals, 0 SOSs, and 0 indicators.
Presolve time = 2,85 sec. (1005,64 ticks)
Probing time = 0,38 sec. (29,98 ticks)
MIP emphasis: balance optimality and feasibility.
MIP search method: dynamic search.
Parallel mode: deterministic, using up to 24 threads.
Root relaxation solution time = 11,37 sec. (2705,32 ticks)

        Nodes                                         Cuts/
   Node  Left     Objective  IInf  Best Integer    Best Bound    ItCnt     Gap

*     0+    0                            0,0000   100545,8559              --- 
      0     0    23435,0284  5330        0,0000    23435,0284    16332     --- 
*     0+    0                        11980,7910    23435,0284            95,61%
      0     0    22898,7808  4663    11980,7910    Cuts: 9995   265987   91,13%
*     0+    0                        16334,7742    22898,7808            40,18%
      0     0    22483,9674  5015    16334,7742    Cuts: 9905   371522   37,64%
*     0+    0                        17288,4353    22483,9674            30,05%
      0     0    22058,8174  4709    17288,4353    Cuts: 9931   462668   27,59%
*     0+    0                        18136,3604    22058,8174            21,63%
*     0+    0                        18169,0704    22058,8174            21,41%
*     0+    0                        18169,3329    22058,8174            21,41%
      0     0    21716,7368  4569    18169,3329    Cuts: 9882   880449   19,52%
*     0+    0                        18190,7019    21716,7368            19,38%
      0     0    21449,8718  3494    18190,7019    Cuts: 9802  1100661   17,92%
      0     0    21329,6780  3389    18190,7019    Cuts: 9677  1232602   17,26%
*     0+    0                        19130,1482    21329,6780            11,50%
*     0+    0                        19201,1507    21329,6780            11,09%
*     0+    0                        19201,4765    21329,6780            11,08%
      0     0    21246,0798  3417    19201,4765    Cuts: 9587  2657526   10,65%
