
<<< setup


<<< generate

Found incumbent of value 0,000000 after 0,02 sec. (16,90 ticks)
Tried aggregator 4 times.
MIP Presolve eliminated 179455 rows and 389079 columns.
MIP Presolve modified 4924 coefficients.
Aggregator did 108114 substitutions.
Reduced MIP has 13311 rows, 31528 columns, and 100850 nonzeros.
Reduced MIP has 2824 binaries, 0 generals, 0 SOSs, and 0 indicators.
Presolve time = 4,61 sec. (3617,80 ticks)
Probing time = 0,01 sec. (1,30 ticks)
Tried aggregator 1 time.
Reduced MIP has 13311 rows, 31528 columns, and 100850 nonzeros.
Reduced MIP has 2824 binaries, 0 generals, 0 SOSs, and 0 indicators.
Presolve time = 0,05 sec. (47,17 ticks)
Probing time = 0,01 sec. (1,35 ticks)
MIP emphasis: balance optimality and feasibility.
MIP search method: dynamic search.
Parallel mode: deterministic, using up to 8 threads.
Root relaxation solution time = 0,29 sec. (185,72 ticks)

        Nodes                                         Cuts/
   Node  Left     Objective  IInf  Best Integer    Best Bound    ItCnt     Gap

*     0+    0                         1581,0000    27587,0806              --- 
      0     0     7851,0000  1539     1581,0000     7851,0000     3578  396,58%
*     0+    0                         6970,6841     7851,0000            12,63%
      0     0     7280,1209    48     6970,6841    Cuts: 3427    20114    4,44%
      0     0     7152,3022     5     6970,6841     Cuts: 182    29393    2,61%
      0     0     7152,1309     8     6970,6841      Cuts: 19    31648    2,60%
*     0+    0                         7149,8906     7152,1309             0,03%

Implied bound cuts applied:  96
Flow cuts applied:  2225
Mixed integer rounding cuts applied:  990
Gomory fractional cuts applied:  215

Root node processing (before b&c):
  Real time             =   15,35 sec. (15999,94 ticks)
Parallel b&c, 8 threads:
  Real time             =    0,00 sec. (0,00 ticks)
  Sync time (average)   =    0,00 sec.
  Wait time (average)   =    0,00 sec.
                          ------------
Total (root+branch&cut) =   15,35 sec. (15999,94 ticks)

<<< solve


OBJECTIVE: 7149.891
avg_utility = 0.910698

<<< post process


<<< done

