
<<< setup


<<< generate

Found incumbent of value 0,000000 after 0,05 sec. (16,99 ticks)
Tried aggregator 4 times.
MIP Presolve eliminated 179401 rows and 391071 columns.
MIP Presolve modified 5044 coefficients.
Aggregator did 108574 substitutions.
Reduced MIP has 13776 rows, 32196 columns, and 102895 nonzeros.
Reduced MIP has 2824 binaries, 0 generals, 0 SOSs, and 0 indicators.
Presolve time = 9,35 sec. (3638,84 ticks)
Probing time = 0,13 sec. (1,32 ticks)
Tried aggregator 1 time.
Reduced MIP has 13776 rows, 32196 columns, and 102895 nonzeros.
Reduced MIP has 2824 binaries, 0 generals, 0 SOSs, and 0 indicators.
Presolve time = 0,11 sec. (48,13 ticks)
Probing time = 0,03 sec. (1,38 ticks)
MIP emphasis: balance optimality and feasibility.
MIP search method: dynamic search.
Parallel mode: deterministic, using up to 8 threads.
Root relaxation solution time = 1,08 sec. (397,01 ticks)

        Nodes                                         Cuts/
   Node  Left     Objective  IInf  Best Integer    Best Bound    ItCnt     Gap

*     0+    0                         1255,0000    19895,0000              --- 
*     0+    0                         2762,8000    19895,0000           620,10%
      0     0     3272,3000    20     2762,8000     3272,3000     3538   18,44%
*     0+    0                         3271,0250     3272,3000             0,04%

Root node processing (before b&c):
  Real time             =   11,53 sec. (4574,56 ticks)
Parallel b&c, 8 threads:
  Real time             =    0,00 sec. (0,00 ticks)
  Sync time (average)   =    0,00 sec.
  Wait time (average)   =    0,00 sec.
                          ------------
Total (root+branch&cut) =   11,53 sec. (4574,56 ticks)

<<< solve


OBJECTIVE: 3271.025
avg_utility = 0.416957

<<< post process


<<< done

