
<<< setup


<<< generate

Tried aggregator 2 times.
MIP Presolve eliminated 143575 rows and 140664 columns.
MIP Presolve modified 466 coefficients.
Aggregator did 13455 substitutions.
Reduced MIP has 1008 rows, 1911 columns, and 4186 nonzeros.
Reduced MIP has 857 binaries, 144 generals, 0 SOSs, and 0 indicators.
Presolve time = 0,83 sec. (2988,30 ticks)
Found incumbent of value 0,000000 after 0,86 sec. (2999,16 ticks)
Probing time = 0,00 sec. (0,71 ticks)
Tried aggregator 1 time.
Reduced MIP has 1008 rows, 1911 columns, and 4186 nonzeros.
Reduced MIP has 857 binaries, 144 generals, 0 SOSs, and 0 indicators.
Presolve time = 0,00 sec. (4,07 ticks)
Probing time = 0,00 sec. (0,71 ticks)
Clique table members: 67.
MIP emphasis: balance optimality and feasibility.
MIP search method: dynamic search.
Parallel mode: deterministic, using up to 8 threads.
Root relaxation solution time = 0,01 sec. (4,85 ticks)

        Nodes                                         Cuts/
   Node  Left     Objective  IInf  Best Integer    Best Bound    ItCnt     Gap

*     0+    0                            0,0000      584,2460              --- 
*     0     0      integral     0      163,0000      163,0000      251    0,00%
Elapsed time = 0,91 sec. (3020,62 ticks, tree = 0,00 MB, solutions = 2)

Root node processing (before b&c):
  Real time             =    0,92 sec. (3025,82 ticks)
Parallel b&c, 8 threads:
  Real time             =    0,00 sec. (0,00 ticks)
  Sync time (average)   =    0,00 sec.
  Wait time (average)   =    0,00 sec.
                          ------------
Total (root+branch&cut) =    0,92 sec. (3025,82 ticks)

<<< solve


OBJECTIVE: 163

<<< post process


<<< done

