
<<< setup


<<< generate

Tried aggregator 2 times.
MIP Presolve eliminated 37859 rows and 31457 columns.
MIP Presolve modified 4643 coefficients.
Aggregator did 4640 substitutions.
Reduced MIP has 5107 rows, 9744 columns, and 21344 nonzeros.
Reduced MIP has 3934 binaries, 1170 generals, 0 SOSs, and 0 indicators.
Presolve time = 0,06 sec. (49,79 ticks)
Found incumbent of value 0,000000 after 0,07 sec. (58,63 ticks)
Probing time = 0,00 sec. (2,23 ticks)
Tried aggregator 1 time.
Presolve time = 0,01 sec. (10,15 ticks)
Probing time = 0,01 sec. (2,23 ticks)
Clique table members: 269.
MIP emphasis: balance optimality and feasibility.
MIP search method: dynamic search.
Parallel mode: deterministic, using up to 24 threads.
Root relaxation solution time = 0,12 sec. (129,52 ticks)

        Nodes                                         Cuts/
   Node  Left     Objective  IInf  Best Integer    Best Bound    ItCnt     Gap

*     0+    0                            0,0000     4899,0000     2934     --- 
      0     0     1273,9000     7        0,0000     1273,9000     2934     --- 
      0     0     1273,9000     7        0,0000     Covers: 1     2936     --- 
      0     0     1273,9000     7        0,0000     Covers: 1     2937     --- 
*     0+    0                         1273,0000     1273,9000     2937    0,07%
*     0+    0                         1273,8000     1273,9000     2937    0,01%
*     0     0      integral     0     1273,8000     1273,9000     2937    0,01%
Elapsed time = 0,80 sec. (991,22 ticks, tree = 0,00 MB, solutions = 3)

Cover cuts applied:  2

Root node processing (before b&c):
  Real time             =    0,71 sec. (918,99 ticks)
Parallel b&c, 24 threads:
  Real time             =    0,00 sec. (0,00 ticks)
  Sync time (average)   =    0,00 sec.
  Wait time (average)   =    0,00 sec.
                          ------------
Total (root+branch&cut) =    0,71 sec. (918,99 ticks)

<<< solve


OBJECTIVE: 1273.8
avg_utility = 0.7800367421922733

<<< post process


<<< done

