
<<< setup


<<< generate

Tried aggregator 2 times.
MIP Presolve eliminated 12952 rows and 11761 columns.
MIP Presolve modified 497 coefficients.
Aggregator did 1795 substitutions.
Reduced MIP has 1091 rows, 2079 columns, and 4059 nonzeros.
Reduced MIP has 513 binaries, 576 generals, 0 SOSs, and 0 indicators.
Presolve time = 0.11 sec. (50.97 ticks)
Found incumbent of value 0.000000 after 0.12 sec. (53.73 ticks)
Probing time = 0.01 sec. (5.28 ticks)
Tried aggregator 1 time.
Reduced MIP has 1091 rows, 2079 columns, and 4059 nonzeros.
Reduced MIP has 513 binaries, 576 generals, 0 SOSs, and 0 indicators.
Presolve time = 0.01 sec. (3.23 ticks)
Probing time = 0.01 sec. (5.17 ticks)
Clique table members: 45.
MIP emphasis: balance optimality and feasibility.
MIP search method: dynamic search.
Parallel mode: deterministic, using up to 2 threads.
Root relaxation solution time = 0.01 sec. (2.95 ticks)

        Nodes                                         Cuts/
   Node  Left     Objective  IInf  Best Integer    Best Bound    ItCnt     Gap

*     0+    0                            0.0000     4899.0000              --- 
      0     0      617.3100     6        0.0000      617.3100      115     --- 
      0     0      616.0500     5        0.0000       Cuts: 5      119     --- 
      0     0      616.0500     2        0.0000       Cuts: 2      120     --- 
*     0+    0                          616.0000      616.0500             0.01%
      0     0        cutoff            616.0000      616.0000      120    0.00%
Elapsed time = 0.24 sec. (113.02 ticks, tree = 0.00 MB, solutions = 2)

Cover cuts applied:  2
Implied bound cuts applied:  1
Flow cuts applied:  1
Zero-half cuts applied:  1
Gomory fractional cuts applied:  1

Root node processing (before b&c):
  Real time             =    0.24 sec. (113.56 ticks)
Parallel b&c, 2 threads:
  Real time             =    0.00 sec. (0.00 ticks)
  Sync time (average)   =    0.00 sec.
  Wait time (average)   =    0.00 sec.
                          ------------
Total (root+branch&cut) =    0.24 sec. (113.56 ticks)

<<< solve


OBJECTIVE: 616
avg_utility = 0.37722

<<< post process


<<< done

