
<<< setup


<<< generate

Found incumbent of value 0,000000 after 0,02 sec. (17,49 ticks)
Tried aggregator 4 times.
MIP Presolve eliminated 180225 rows and 407190 columns.
MIP Presolve modified 5320 coefficients.
Aggregator did 116006 substitutions.
Reduced MIP has 10277 rows, 25685 columns, and 79185 nonzeros.
Reduced MIP has 2868 binaries, 0 generals, 0 SOSs, and 0 indicators.
Presolve time = 3,29 sec. (3092,43 ticks)
Probing time = 0,01 sec. (1,22 ticks)
Tried aggregator 1 time.
Reduced MIP has 10277 rows, 25685 columns, and 79185 nonzeros.
Reduced MIP has 2868 binaries, 0 generals, 0 SOSs, and 0 indicators.
Presolve time = 0,04 sec. (39,08 ticks)
Probing time = 0,01 sec. (1,22 ticks)
MIP emphasis: balance optimality and feasibility.
MIP search method: dynamic search.
Parallel mode: deterministic, using up to 8 threads.
Root relaxation solution time = 0,24 sec. (262,21 ticks)

        Nodes                                         Cuts/
   Node  Left     Objective  IInf  Best Integer    Best Bound    ItCnt     Gap

*     0+    0                         1590,0000    19708,0000              --- 
*     0+    0                         3087,8083    19708,0000           538,25%
*     0     0      integral     0     3552,0000     3552,0000     3430    0,00%
Elapsed time = 3,68 sec. (3470,50 ticks, tree = 0,00 MB, solutions = 3)

Root node processing (before b&c):
  Real time             =    3,71 sec. (3497,54 ticks)
Parallel b&c, 8 threads:
  Real time             =    0,00 sec. (0,00 ticks)
  Sync time (average)   =    0,00 sec.
  Wait time (average)   =    0,00 sec.
                          ------------
Total (root+branch&cut) =    3,71 sec. (3497,54 ticks)

<<< solve


OBJECTIVE: 3552
avg_utility = 0.44962

<<< post process


<<< done

