
<<< setup


<<< generate

Found incumbent of value 0,000000 after 0,01 sec. (13,50 ticks)
Tried aggregator 5 times.
MIP Presolve eliminated 343821 rows and 212226 columns.
MIP Presolve modified 14855 coefficients.
Aggregator did 73802 substitutions.
Reduced MIP has 32605 rows, 61253 columns, and 192723 nonzeros.
Reduced MIP has 1925 binaries, 0 generals, 0 SOSs, and 0 indicators.
Presolve time = 3,78 sec. (3847,71 ticks)
Probing time = 0,02 sec. (2,61 ticks)
Tried aggregator 1 time.
Reduced MIP has 32605 rows, 61253 columns, and 192723 nonzeros.
Reduced MIP has 1925 binaries, 0 generals, 0 SOSs, and 0 indicators.
Presolve time = 0,13 sec. (94,00 ticks)
Probing time = 0,02 sec. (2,73 ticks)
MIP emphasis: balance optimality and feasibility.
MIP search method: dynamic search.
Parallel mode: deterministic, using up to 8 threads.
Root relaxation solution time = 0,85 sec. (461,68 ticks)

        Nodes                                         Cuts/
   Node  Left     Objective  IInf  Best Integer    Best Bound    ItCnt     Gap

*     0+    0                            0,0000    22127,2153              --- 
      0     0     3777,0000   938        0,0000     3777,0000    13265     --- 
*     0+    0                         2396,6012     3777,0000            57,60%
      0     0     3721,1287   399     2396,6012    Cuts: 2831    46596   55,27%
      0     0     3691,2485   627     2396,6012    Cuts: 2148    57404   54,02%
      0     0     3642,3130   557     2396,6012    Cuts: 3311    73901   51,98%
*     0+    0                         2448,7830     3642,3130            48,74%
*     0+    0                         2760,2855     3642,3130            31,95%
*     0+    0                         2767,2595     3642,3130            31,62%
*     0+    0                         2768,5707     3642,3130            31,56%
      0     0     3601,9501   482     2768,5707    Cuts: 3605    89955   30,10%
      0     0     3568,1324   357     2768,5707    Cuts: 3051   107677   28,88%
*     0+    0                         3418,4350     3568,1324             4,38%
      0     0     3565,1179   414     3418,4350    Cuts: 2493   120853    4,29%
*     0+    0                         3452,6304     3565,1179             3,26%
*     0+    0                         3457,9530     3565,1179             3,10%
*     0+    0                         3462,6040     3565,1179             2,96%
*     0+    0                         3463,3876     3565,1179             2,94%
      0     0     3562,1160   300     3463,3876    Cuts: 2580   129623    2,85%
      0     0     3559,8278   197     3463,3876    Cuts: 1880   136849    2,78%
      0     0     3558,2289   149     3463,3876     Cuts: 880   142265    2,74%
*     0+    0                         3474,4569     3558,2289             2,41%
*     0+    0                         3479,1510     3558,2289             2,27%
*     0+    0                         3480,3003     3558,2289             2,24%
*     0+    0                         3480,8901     3558,2289             2,22%
      0     0     3557,5914   150     3480,8901     Cuts: 845   144018    2,20%
      0     0     3556,7085   190     3480,8901    Cuts: 1219   146694    2,18%
      0     0     3555,7459   171     3480,8901    Cuts: 1237   156504    2,15%
      0     0     3554,8249   134     3480,8901     Cuts: 937   164475    2,12%
      0     0     3554,4216   128     3480,8901     Cuts: 862   169549    2,11%
      0     0     3553,9560   101     3480,8901     Cuts: 773   173907    2,10%
*     0+    0                         3483,4270     3553,9560             2,02%
      0     0     3553,7081    94     3483,4270     Cuts: 314   179984    2,02%
Heuristic still looking.
*     0+    0                         3488,5887     3553,7081             1,87%
      0     2     3553,7081    94     3488,5887     3553,7081   179984    1,87%
Elapsed time = 234,58 sec. (166752,28 ticks, tree = 0,00 MB, solutions = 17)
      1     3     3532,3284    75     3488,5887     3553,7081   204080    1,87%
      2     4     3553,1927    96     3488,5887     3553,7081   214490    1,87%
*     4+    4                         3492,9426     3551,6735             1,68%
*     4+    4                         3493,6351     3551,6735             1,66%
      4     6     3530,8795    74     3493,6351     3551,6735   219230    1,66%
      5     7     3517,4118    72     3493,6351     3551,6735   233287    1,66%
      9    11     3549,4410   106     3493,6351     3551,3883   243832    1,65%
     10    12     3522,4842    75     3493,6351     3551,3883   244279    1,65%
     11    13     3512,5845    74     3493,6351     3551,3883   244869    1,65%
     12    14     3507,2605    72     3493,6351     3551,3883   252857    1,65%
     27    29     3541,0453    93     3493,6351     3549,4363   274335    1,60%
     32    34     3535,4791    85     3493,6351     3549,4363   302206    1,60%
Elapsed time = 440,56 sec. (263943,59 ticks, tree = 0,03 MB, solutions = 20)
*    33+   33                         3494,0718     3549,4363             1,58%
     33    35     3537,9441    95     3494,0718     3549,4363   319081    1,58%
     71    50     3515,7917    72     3494,0718     3549,4363   356488    1,58%
     81    58     3544,3820   104     3494,0718     3549,4363   380416    1,58%
     88    65     3539,2989    82     3494,0718     3549,4363   392030    1,58%
    104    77     3512,4861    74     3494,0718     3549,4363   406523    1,58%
    130   103     3526,4355    64     3494,0718     3549,4363   450327    1,58%
    131   104     3501,2980    60     3494,0718     3549,4363   465179    1,58%
    141   114     3508,1569    66     3494,0718     3549,4363   481316    1,58%
    142   115     3501,9137    53     3494,0718     3549,4363   489721    1,58%
    143   116     3519,2078    65     3494,0718     3549,4363   496740    1,58%
Elapsed time = 610,47 sec. (307860,53 ticks, tree = 4,36 MB, solutions = 21)
    151   124     3517,5305    72     3494,0718     3549,4363   541331    1,58%
    156   129     3519,2689    74     3494,0718     3549,4363   593614    1,58%
    158   131     3500,6266    50     3494,0718     3549,4363   612253    1,58%
    166   137     3500,5439    51     3494,0718     3549,4363   675735    1,58%
    174   143     3496,5302    50     3494,0718     3549,4363   691410    1,58%
    202   171     3500,7833    42     3494,0718     3549,4363   738952    1,58%
    226   188     3508,2636    47     3494,0718     3549,4363   772596    1,58%
    243   197     3537,3346    67     3494,0718     3549,4363   802569    1,58%
    251   201     3535,9635    82     3494,0718     3549,4363   843312    1,58%
    254   202     3528,9979    60     3494,0718     3549,4363   858831    1,58%
Elapsed time = 798,36 sec. (345912,70 ticks, tree = 5,42 MB, solutions = 21)
    259   205        cutoff           3494,0718     3549,4363   885741    1,58%
    262   206     3521,5607    84     3494,0718     3549,4363   911774    1,58%
    304   228     3533,5753    75     3494,0718     3545,7886  1018715    1,48%
    305   229     3527,7323    77     3494,0718     3545,7886  1034761    1,48%
    313   237     3526,6835    78     3494,0718     3545,7886  1064332    1,48%
    321   241     3521,0237    61     3494,0718     3545,7886  1104450    1,48%
    322   242     3534,0466    72     3494,0718     3545,7886  1113304    1,48%
    329   249     3518,7559    63     3494,0718     3545,7886  1138228    1,48%
    330   250     3532,2548    73     3494,0718     3545,7886  1162280    1,48%
    338   256     3531,6277    68     3494,0718     3545,7886  1197070    1,48%
Elapsed time = 1132,48 sec. (402622,79 ticks, tree = 5,42 MB, solutions = 21)
    346   264     3530,1003    58     3494,0718     3545,7886  1247976    1,48%
    351   269     3531,8340    83     3494,0718     3545,7886  1270984    1,48%
    403   318     3510,0810    41     3494,0718     3545,7886  1472865    1,48%
    405   318     3529,7743    57     3494,0718     3545,7886  1484316    1,48%
    410   321     3531,4708    82     3494,0718     3545,7886  1523244    1,48%
    413   324     3527,5886    62     3494,0718     3545,7886  1551083    1,48%
    421   330     3526,7007    68     3494,0718     3545,7886  1591810    1,48%
    426   331     3528,6584    81     3494,0718     3545,7886  1603780    1,48%
    448   351     3522,1362    69     3494,0718     3545,7886  1705911    1,48%
    493   376     3540,0726    94     3494,0718     3545,7886  1780763    1,48%
Elapsed time = 1461,06 sec. (460521,24 ticks, tree = 8,64 MB, solutions = 21)
*   505+  371                         3496,5324     3545,7886             1,41%
    518   353     3536,4271    92     3496,5324     3545,7886  1800212    1,41%
    519   354     3497,7024    43     3496,5324     3545,7886  1811680    1,41%
    525   360     3526,9849    75     3496,5324     3545,7886  1850328    1,41%
    528   361     3520,8144    65     3496,5324     3545,7886  1869074    1,41%
    533   366     3525,9405    75     3496,5324     3545,7886  1949151    1,41%
    536   367     3520,7689    65     3496,5324     3545,7886  1956331    1,41%
    551   382     3544,0155   104     3496,5324     3545,7886  2044921    1,41%
    559   390     3541,7445    93     3496,5324     3545,7886  2125072    1,41%
    567   398     3540,3941    87     3496,5324     3545,7886  2185981    1,41%
    621   452     3505,8686    21     3496,5324     3545,7886  2500336    1,41%
Elapsed time = 1750,16 sec. (514005,01 ticks, tree = 9,16 MB, solutions = 22)
    675   506     3514,2810    75     3496,5324     3545,6745  2709928    1,41%
    676   507     3535,6237    87     3496,5324     3545,6745  2721308    1,41%
    677   508     3498,9414    39     3496,5324     3545,6745  2735668    1,41%
    682   513     3518,0908    76     3496,5324     3545,6745  2797161    1,41%
    683   514     3514,1806    73     3496,5324     3545,6745  2808136    1,41%
    684   515     3534,8931    79     3496,5324     3545,6745  2823618    1,41%
    686   515     3520,3101    87     3496,5324     3545,6745  2838744    1,41%
    694   523     3519,7765    72     3496,5324     3545,6745  2921735    1,41%
    702   531     3518,3304    70     3496,5324     3545,6745  2980111    1,41%
    705   534     3512,2695    55     3496,5324     3545,6745  3018023    1,41%
Elapsed time = 2078,19 sec. (570127,85 ticks, tree = 17,70 MB, solutions = 22)
    710   539     3516,6582    57     3496,5324     3545,6745  3069667    1,41%
    724   549     3506,7342    24     3496,5324     3545,6745  3166778    1,41%
    725   550     3508,0202    55     3496,5324     3545,6745  3184481    1,41%
    764   569     3505,5693    40     3496,5324     3545,6745  3298448    1,41%
    772   574     3504,2049    50     3496,5324     3545,6745  3367207    1,41%
    782   578     3541,8837    94     3496,5324     3545,6745  3409932    1,41%
    798   590     3536,5280    92     3496,5324     3545,6745  3512354    1,41%
    806   598     3535,4030    85     3496,5324     3545,6745  3602905    1,41%
    814   604     3534,9987    90     3496,5324     3545,6745  3632345    1,41%
    822   610     3534,4606    85     3496,5324     3545,6745  3709159    1,41%
Elapsed time = 2410,24 sec. (633587,24 ticks, tree = 19,84 MB, solutions = 22)
    829   617     3520,5652    82     3496,5324     3545,6745  3773972    1,41%
    837   625     3518,5401    81     3496,5324     3545,6745  3844187    1,41%
    845   633     3516,8446    80     3496,5324     3545,6745  3881632    1,41%
    860   641     3527,5757    80     3496,5324     3545,6745  3976773    1,41%
    871   650     3533,2094    77     3496,5324     3545,6745  4065215    1,41%
    970   733     3524,4970   105     3496,5324     3545,6745  4638380    1,41%
    972   735     3526,8202    80     3496,5324     3545,6745  4650921    1,41%
    980   743     3524,8948    84     3496,5324     3545,6745  4720919    1,41%
    994   757     3519,9021    88     3496,5324     3545,6745  4849947    1,41%
    998   761     3532,5133    88     3496,5324     3545,6745  4872799    1,41%
Elapsed time = 2711,51 sec. (694715,58 ticks, tree = 22,65 MB, solutions = 22)
   1014   777     3531,4829    88     3496,5324     3545,6745  4973366    1,41%
   1022   785     3529,0862    88     3496,5324     3545,6745  5026486    1,41%
   1037   800     3518,8759    63     3496,5324     3545,6745  5141851    1,41%
   1045   808     3518,0945    48     3496,5324     3545,6745  5184252    1,41%
   1054   817     3524,3144    81     3496,5324     3545,6745  5230004    1,41%
   1221   964     3529,1535    99     3496,5324     3541,3272  6312936    1,28%
   1229   972     3527,7640    98     3496,5324     3541,3272  6383616    1,28%
   1233   974     3521,6777    89     3496,5324     3541,3272  6427906    1,28%
   1249   990     3518,6772    91     3496,5324     3541,3272  6517199    1,28%
   1261   998     3522,5419   101     3496,5324     3541,3272  6584397    1,28%
Elapsed time = 3053,86 sec. (761230,00 ticks, tree = 27,86 MB, solutions = 22)
   1272  1005     3533,8937    74     3496,5324     3541,3272  6679563    1,28%
   1282  1015     3514,6714    48     3496,5324     3541,3272  6744678    1,28%
   1304  1037     3529,4581    70     3496,5324     3541,3272  6837244    1,28%
   1336  1065     3524,2330    72     3496,5324     3541,3272  7047261    1,28%
   1555  1250     3532,3835    72     3496,5324     3541,3272  8359611    1,28%
   1574  1265     3525,7615    78     3496,5324     3538,3007  8585874    1,19%
   1575  1266     3522,9340    68     3496,5324     3538,3007  8621174    1,19%
   1604  1295     3512,0863    33     3496,5324     3538,3007  8850701    1,19%
   1625  1316     3529,5369    76     3496,5324     3538,3007  9027663    1,19%
   1641  1330     3529,3010    75     3496,5324     3538,3007  9135850    1,19%
Elapsed time = 3581,87 sec. (883175,91 ticks, tree = 35,88 MB, solutions = 22)
   1665  1354     3524,9880    74     3496,5324     3538,3007  9277293    1,19%
   1689  1376     3521,5811    72     3496,5324     3538,3007  9455288    1,19%
   1697  1384     3511,0600    24     3496,5324     3538,3007  9547447    1,19%
   1737  1414     3499,2370     9     3496,5324     3538,3007  9816504    1,19%
   1758  1421     3534,5787   106     3496,5324     3538,3007 10104342    1,19%
   1766  1423     3532,9635   105     3496,5324     3538,3007 10190526    1,19%
   1793  1448     3526,9734    88     3496,5324     3538,3007 10397641    1,19%
   1809  1464     3524,0936    90     3496,5324     3538,3007 10514861    1,19%
   1817  1468     3524,0210    90     3496,5324     3538,3007 10576773    1,19%
   1841  1488     3520,9871    98     3496,5324     3538,3007 10719665    1,19%
Elapsed time = 3867,87 sec. (946273,04 ticks, tree = 35,88 MB, solutions = 22)
   1857  1498     3518,3552   112     3496,5324     3538,3007 10846211    1,19%
   1928  1565     3505,2588    48     3496,5324     3538,3007 11318851    1,19%
   1966  1595     3531,8758    65     3496,5324     3538,3007 11519780    1,19%
   2039  1646    infeasible           3496,5324     3538,3007 11908646    1,19%
   2073  1676     3503,7756   106     3496,5324     3537,2458 12050516    1,16%
   2079  1682     3514,1429    76     3496,5324     3537,2458 12149067    1,16%
   2111  1714     3505,4417   103     3496,5324     3537,2458 12364469    1,16%
   2135  1734     3502,8518   105     3496,5324     3537,2458 12467879    1,16%
   2167  1758        cutoff           3496,5324     3537,2458 12626089    1,16%
   2183  1766     3530,3966    74     3496,5324     3537,2458 12748352    1,16%
Elapsed time = 4390,65 sec. (1042527,03 ticks, tree = 42,37 MB, solutions = 22)
   2215  1794     3524,5273    62     3496,5324     3537,2458 12939243    1,16%
   2239  1816     3520,0162    42     3496,5324     3537,2458 13085703    1,16%
   2263  1834     3515,4994    40     3496,5324     3537,2458 13278162    1,16%
   2504  2041     3534,4989    89     3496,5324     3537,2458 14694525    1,16%
   2567  2104     3532,9385    89     3496,5324     3536,5503 15035551    1,14%
   2583  2118     3530,8922    96     3496,5324     3536,5503 15170119    1,14%
   2610  2137     3528,1790    95     3496,5324     3536,5503 15374902    1,14%
   2642  2169     3525,2368    95     3496,5324     3536,5503 15570131    1,14%
   2674  2201     3523,2006    89     3496,5324     3536,5503 15733187    1,14%
   2714  2237     3517,2353    85     3496,5324     3536,5503 15949330    1,14%
Elapsed time = 4870,44 sec. (1150828,16 ticks, tree = 49,61 MB, solutions = 22)
   2746  2263     3502,8828    50     3496,5324     3536,5503 16136944    1,14%
   2802  2311        cutoff           3496,5324     3536,5503 16475692    1,14%
   2818  2325     3533,4551    56     3496,5324     3536,5503 16589104    1,14%
   2850  2355     3524,5976    86     3496,5324     3536,5503 16787827    1,14%
   2890  2393     3519,3424    84     3496,5324     3536,5503 17094069    1,14%
   2903  2406     3519,7715    57     3496,5324     3536,5503 17200308    1,14%
   3019  2494    infeasible           3496,5324     3536,5503 17932218    1,14%
   3093  2554    infeasible           3496,5324     3536,5503 18432918    1,14%
   3158  2611     3515,3666    53     3496,5324     3535,1386 18994791    1,10%
   3162  2615     3527,9581    79     3496,5324     3535,1386 19085516    1,10%
Elapsed time = 5187,52 sec. (1225028,61 ticks, tree = 58,37 MB, solutions = 22)
   3172  2621     3529,4980    87     3496,5324     3535,1386 19386532    1,10%
   3176  2625     3498,2598    37     3496,5324     3535,1386 19464683    1,10%
   3224  2669        cutoff           3496,5324     3535,1386 19837750    1,10%
   3232  2677     3532,8438    66     3496,5324     3535,1386 19921618    1,10%
   3248  2689     3528,0352    82     3496,5324     3535,1386 20039194    1,10%
   3280  2715     3521,7192    61     3496,5324     3535,1386 20255296    1,10%
   3304  2735     3518,4757    41     3496,5324     3535,1386 20420043    1,10%
   3344  2767     3510,4082    32     3496,5324     3535,1386 20727244    1,10%
   3360  2777     3505,5504    40     3496,5324     3535,1386 20879836    1,10%
   3392  2809     3501,2483    65     3496,5324     3535,1386 21113111    1,10%
Elapsed time = 5461,04 sec. (1309741,04 ticks, tree = 58,37 MB, solutions = 22)

Implied bound cuts applied:  1001
Flow cuts applied:  9826
Mixed integer rounding cuts applied:  6583
Flow path cuts applied:  1047
Gomory fractional cuts applied:  105

Root node processing (before b&c):
  Real time             =  234,46 sec. (166714,72 ticks)
Parallel b&c, 8 threads:
  Real time             = 5290,99 sec. (1175812,30 ticks)
  Sync time (average)   =  606,94 sec.
  Wait time (average)   =  607,16 sec.
                          ------------
Total (root+branch&cut) = 5525,45 sec. (1342527,02 ticks)

<<< solve


OBJECTIVE: 3496.532
avg_utility = 0.925743

<<< post process


<<< done

