
<<< setup


<<< generate

Found incumbent of value 0,000000 after 0,06 sec. (65,98 ticks)
Tried aggregator 8 times.
MIP Presolve eliminated 3409033 rows and 1246656 columns.
Aggregator did 15050 substitutions.
Reduced MIP has 4517 rows, 10535 columns, and 24080 nonzeros.
Reduced MIP has 0 binaries, 0 generals, 0 SOSs, and 0 indicators.
Presolve time = 2,21 sec. (3951,83 ticks)
Tried aggregator 2 times.
MIP Presolve eliminated 4443 rows and 10347 columns.
Aggregator did 15 substitutions.
Reduced MIP has 59 rows, 173 columns, and 359 nonzeros.
Reduced MIP has 0 binaries, 0 generals, 0 SOSs, and 0 indicators.
Presolve time = 0,04 sec. (58,41 ticks)
Tried aggregator 1 time.
Reduced MIP has 59 rows, 173 columns, and 359 nonzeros.
Reduced MIP has 0 binaries, 0 generals, 0 SOSs, and 0 indicators.
Presolve time = 0,03 sec. (42,36 ticks)
MIP emphasis: balance optimality and feasibility.
MIP search method: dynamic search.
Parallel mode: deterministic, using up to 8 threads.
Root relaxation solution time = 0,00 sec. (0,15 ticks)

        Nodes                                         Cuts/
   Node  Left     Objective  IInf  Best Integer    Best Bound    ItCnt     Gap

*     0+    0                            0,0000     8565,9909              --- 
*     0     0      integral     0     1999,8306     1999,8306       51    0,00%
Elapsed time = 2,36 sec. (4184,47 ticks, tree = 0,00 MB, solutions = 1)

Root node processing (before b&c):
  Real time             =    2,41 sec. (4228,40 ticks)
Parallel b&c, 8 threads:
  Real time             =    0,00 sec. (0,00 ticks)
  Sync time (average)   =    0,00 sec.
  Wait time (average)   =    0,00 sec.
                          ------------
Total (root+branch&cut) =    2,41 sec. (4228,40 ticks)

<<< solve


OBJECTIVE: 1999.831
avg_utility = 0.699731

<<< post process


<<< done

