
<<< setup


<<< generate

Found incumbent of value 0,000000 after 0,12 sec. (4,68 ticks)
Tried aggregator 2 times.
MIP Presolve eliminated 24881 rows and 58283 columns.
MIP Presolve modified 2506 coefficients.
Aggregator did 2375 substitutions.
Reduced MIP has 33859 rows, 94143 columns, and 269618 nonzeros.
Reduced MIP has 2203 binaries, 2640 generals, 0 SOSs, and 0 indicators.
Presolve time = 0,79 sec. (170,06 ticks)
Probing time = 0,06 sec. (3,42 ticks)
Tried aggregator 1 time.
MIP Presolve eliminated 4950 rows and 12600 columns.
Reduced MIP has 28909 rows, 81543 columns, and 231818 nonzeros.
Reduced MIP has 2203 binaries, 2640 generals, 0 SOSs, and 0 indicators.
Presolve time = 0,31 sec. (128,89 ticks)
Probing time = 0,01 sec. (2,99 ticks)
Tried aggregator 1 time.
Reduced MIP has 28909 rows, 81543 columns, and 231818 nonzeros.
Reduced MIP has 2203 binaries, 2640 generals, 0 SOSs, and 0 indicators.
Presolve time = 0,22 sec. (103,42 ticks)
Probing time = 0,11 sec. (3,11 ticks)
Clique table members: 35.
MIP emphasis: balance optimality and feasibility.
MIP search method: dynamic search.
Parallel mode: deterministic, using up to 4 threads.
Root relaxation solution time = 0,51 sec. (83,67 ticks)

        Nodes                                         Cuts/
   Node  Left     Objective  IInf  Best Integer    Best Bound    ItCnt     Gap

*     0+    0                            0,0000    70036,3360              --- 
      0     0    16326,0000   377        0,0000    16326,0000     1273     --- 
*     0+    0                         8680,0000    16326,0000            88,09%
      0     0    15921,5992   301     8680,0000    Cuts: 1343    16724   83,43%
      0     0    15556,9222   364     8680,0000     Cuts: 880    41953   79,23%
      0     0    15138,8176   383     8680,0000    Cuts: 1005    68705   74,41%
*     0+    0                        10733,9195    15138,8176            41,04%
*     0+    0                        10734,0937    15138,8176            41,03%
      0     0    14872,4858   482    10734,0937     Cuts: 912    86404   38,55%
      0     0    14646,5992   191    10734,0937    Cuts: 1070   107154   36,45%
      0     0    14617,0217   195    10734,0937     Cuts: 732   125805   36,17%
*     0+    0                        13289,4893    14617,0217             9,99%
*     0+    0                        13290,7743    14617,0217             9,98%
      0     0    14599,7237   318    13290,7743     Cuts: 894   135951    9,85%
      0     0    14579,9790   260    13290,7743     Cuts: 737   148865    9,70%
      0     0    14563,4377   228    13290,7743     Cuts: 527   156055    9,58%
*     0+    0                        13866,2881    14563,4377             5,03%
*     0+    0                        13866,3537    14563,4377             5,03%
*     0+    0                        13872,4699    14563,4377             4,98%
      0     0    14557,3959   249    13872,4699     Cuts: 459   183133    4,94%
      0     0    14553,2422   308    13872,4699     Cuts: 462   184570    4,91%
      0     0    14541,6248   275    13872,4699     Cuts: 500   195896    4,82%
*     0+    0                        14055,3837    14541,6248             3,46%
*     0+    0                        14104,8816    14541,6248             3,10%
*     0+    0                        14108,9043    14541,6248             3,07%
      0     0    14533,0226   277    14108,9043     Cuts: 431   218989    3,01%
      0     0    14524,8371   262    14108,9043     Cuts: 535   242381    2,95%
      0     0    14519,8003   239    14108,9043     Cuts: 427   272767    2,91%
*     0+    0                        14208,8647    14519,8003             2,19%
      0     0        cutoff          14208,8647                 283606    0,00%
Elapsed time = 384,17 sec. (171349,63 ticks, tree = 0,00 MB, solutions = 13)

Cover cuts applied:  1
Implied bound cuts applied:  236
Flow cuts applied:  4041
Mixed integer rounding cuts applied:  2479
Flow path cuts applied:  7
Zero-half cuts applied:  2
Gomory fractional cuts applied:  219

Root node processing (before b&c):
  Real time             =  384,19 sec. (171367,80 ticks)
Parallel b&c, 4 threads:
  Real time             =    0,00 sec. (0,00 ticks)
  Sync time (average)   =    0,00 sec.
  Wait time (average)   =    0,00 sec.
                          ------------
Total (root+branch&cut) =  384,19 sec. (171367,80 ticks)

<<< solve


OBJECTIVE: 14208.86
avg_utility = 0.870321

<<< post process


<<< done

