
<<< setup


<<< generate

Found incumbent of value 0,000000 after 0,00 sec. (0,67 ticks)
Tried aggregator 2 times.
MIP Presolve eliminated 13683 rows and 11591 columns.
MIP Presolve modified 2239 coefficients.
Aggregator did 1118 substitutions.
Reduced MIP has 2799 rows, 5031 columns, and 10621 nonzeros.
Reduced MIP has 1964 binaries, 831 generals, 0 SOSs, and 0 indicators.
Presolve time = 0,02 sec. (21,26 ticks)
Probing time = 0,00 sec. (0,39 ticks)
Tried aggregator 1 time.
Reduced MIP has 2799 rows, 5031 columns, and 10621 nonzeros.
Reduced MIP has 1964 binaries, 831 generals, 0 SOSs, and 0 indicators.
Presolve time = 0,01 sec. (6,27 ticks)
Probing time = 0,00 sec. (0,39 ticks)
Clique table members: 282.
MIP emphasis: balance optimality and feasibility.
MIP search method: dynamic search.
Parallel mode: deterministic, using up to 8 threads.
Root relaxation solution time = 0,02 sec. (24,32 ticks)

        Nodes                                         Cuts/
   Node  Left     Objective  IInf  Best Integer    Best Bound    ItCnt     Gap

*     0+    0                            0,0000     4088,4130              --- 
      0     0     1904,7253     2        0,0000     1904,7253      931     --- 
*     0+    0                          121,3359     1904,7253              --- 
      0     0     1904,7253     4      121,3359    MIRcuts: 1      932     --- 
*     0+    0                          300,1523     1904,7253           534,59%
*     0+    0                          328,9081     1904,7253           479,11%
      0     2     1904,7253     4      328,9081     1904,7253      932  479,11%
Elapsed time = 0,54 sec. (1003,18 ticks, tree = 0,00 MB, solutions = 4)
*     3+    3                          351,3016     1904,7253           442,19%
*     7+    7                          366,3451     1904,7253           419,93%
*    12+   12                          389,0823     1904,7253           389,54%
*    21+   21                         1904,4148     1904,7253             0,02%

Mixed integer rounding cuts applied:  1

Root node processing (before b&c):
  Real time             =    0,54 sec. (1002,38 ticks)
Parallel b&c, 8 threads:
  Real time             =    0,12 sec. (164,28 ticks)
  Sync time (average)   =    0,07 sec.
  Wait time (average)   =    0,08 sec.
                          ------------
Total (root+branch&cut) =    0,66 sec. (1166,66 ticks)

<<< solve


OBJECTIVE: 1904.415
avg_utility = 0.777312

<<< post process


<<< done

