
<<< setup


<<< generate

Tried aggregator 2 times.
MIP Presolve eliminated 241319 rows and 127025 columns.
MIP Presolve modified 4392 coefficients.
Aggregator did 2195 substitutions.
Reduced MIP has 4831 rows, 9219 columns, and 17999 nonzeros.
Reduced MIP has 4313 binaries, 516 generals, 0 SOSs, and 0 indicators.
Presolve time = 0,12 sec. (149,85 ticks)
Found incumbent of value 0,000000 after 0,14 sec. (164,53 ticks)
Probing time = 0,01 sec. (2,55 ticks)
Tried aggregator 1 time.
Presolve time = 0,01 sec. (10,64 ticks)
Probing time = 0,03 sec. (2,55 ticks)
Clique table members: 353.
MIP emphasis: balance optimality and feasibility.
MIP search method: dynamic search.
Parallel mode: deterministic, using up to 24 threads.
Root relaxation solution time = 0,04 sec. (29,83 ticks)

        Nodes                                         Cuts/
   Node  Left     Objective  IInf  Best Integer    Best Bound    ItCnt     Gap

*     0+    0                            0,0000     3500,5298      679     --- 
      0     0      708,8309     2        0,0000      708,8309      679     --- 
*     0+    0                          708,7991      708,8309      679    0,00%

Root node processing (before b&c):
  Real time             =    0,32 sec. (318,28 ticks)
Parallel b&c, 24 threads:
  Real time             =    0,00 sec. (0,00 ticks)
  Sync time (average)   =    0,00 sec.
  Wait time (average)   =    0,00 sec.
                          ------------
Total (root+branch&cut) =    0,32 sec. (318,28 ticks)

<<< solve


OBJECTIVE: 708.7991
avg_utility = 0.8686263651960715

<<< post process


<<< done

