
<<< setup


<<< generate

Found incumbent of value 0,000000 after 0,11 sec. (66,47 ticks)
Aggregator has done 463744 substitutions...
Tried aggregator 11 times.
Aggregator has done 539218 substitutions...
MIP Presolve eliminated 297882 rows and 1648336 columns.
Aggregator did 539218 substitutions.
Reduced MIP has 5535 rows, 27527 columns, and 116630 nonzeros.
Reduced MIP has 0 binaries, 0 generals, 0 SOSs, and 0 indicators.
Presolve time = 37,43 sec. (20075,88 ticks)
Tried aggregator 1 time.
MIP Presolve eliminated 4194 rows and 20970 columns.
Reduced MIP has 1341 rows, 6557 columns, and 27730 nonzeros.
Reduced MIP has 0 binaries, 0 generals, 0 SOSs, and 0 indicators.
Presolve time = 0,10 sec. (56,36 ticks)
Tried aggregator 1 time.
Reduced MIP has 1341 rows, 6557 columns, and 27730 nonzeros.
Reduced MIP has 0 binaries, 0 generals, 0 SOSs, and 0 indicators.
Presolve time = 0,04 sec. (30,57 ticks)
MIP emphasis: balance optimality and feasibility.
MIP search method: dynamic search.
Parallel mode: deterministic, using up to 24 threads.
Root relaxation solution time = 0,04 sec. (29,67 ticks)

        Nodes                                         Cuts/
   Node  Left     Objective  IInf  Best Integer    Best Bound    ItCnt     Gap

*     0+    0                            0,0000    91744,0794              --- 
*     0     0      integral     0    10983,6485    10983,6485     1028    0,00%
Elapsed time = 37,82 sec. (20355,80 ticks, tree = 0,00 MB, solutions = 1)

Root node processing (before b&c):
  Real time             =   37,98 sec. (20435,06 ticks)
Parallel b&c, 24 threads:
  Real time             =    0,00 sec. (0,00 ticks)
  Sync time (average)   =    0,00 sec.
  Wait time (average)   =    0,00 sec.
                          ------------
Total (root+branch&cut) =   37,98 sec. (20435,06 ticks)

<<< solve


OBJECTIVE: 10983.65
avg_utility = 0.468047

<<< post process


<<< done

