
<<< setup


<<< generate

Found incumbent of value 0.000000 after 0.02 sec. (8.02 ticks)
Tried aggregator 6 times.
MIP Presolve eliminated 345267 rows and 150539 columns.
MIP Presolve modified 1056 coefficients.
Aggregator did 10531 substitutions.
Reduced MIP has 4214 rows, 9475 columns, and 21056 nonzeros.
Reduced MIP has 1053 binaries, 0 generals, 0 SOSs, and 0 indicators.
Presolve time = 1.12 sec. (686.00 ticks)
Probing time = 0.01 sec. (0.41 ticks)
Tried aggregator 1 time.
Reduced MIP has 4214 rows, 9475 columns, and 21056 nonzeros.
Reduced MIP has 1053 binaries, 0 generals, 0 SOSs, and 0 indicators.
Presolve time = 0.04 sec. (15.40 ticks)
Probing time = 0.01 sec. (0.41 ticks)
MIP emphasis: balance optimality and feasibility.
MIP search method: dynamic search.
Parallel mode: deterministic, using up to 8 threads.
Root relaxation solution time = 0.15 sec. (120.57 ticks)

        Nodes                                         Cuts/
   Node  Left     Objective  IInf  Best Integer    Best Bound    ItCnt     Gap

*     0+    0                            0.0000    10464.7736              --- 
*     0+    0                         1192.2753    10464.7736           777.71%
      0     0     2450.0000   951     1192.2753     2450.0000     3852  105.49%
*     0+    0                         2092.3321     2450.0000            17.09%
      0     0     2308.4262   269     2092.3321    Cuts: 1153     5981   10.33%
*     0+    0                         2122.5893     2308.4262             8.76%
*     0     0      integral     0     2122.5893     2122.5893     7789    0.00%
Elapsed time = 2.34 sec. (1661.81 ticks, tree = 0.00 MB, solutions = 4)

Implied bound cuts applied:  11
Flow cuts applied:  891
Mixed integer rounding cuts applied:  697
Gomory fractional cuts applied:  301

Root node processing (before b&c):
  Real time             =    2.36 sec. (1670.45 ticks)
Parallel b&c, 8 threads:
  Real time             =    0.00 sec. (0.00 ticks)
  Sync time (average)   =    0.00 sec.
  Wait time (average)   =    0.00 sec.
                          ------------
Total (root+branch&cut) =    2.36 sec. (1670.45 ticks)

<<< solve


OBJECTIVE: 2122.589
avg_utility = 0.866363

<<< post process


<<< done

