
<<< setup


<<< generate

Found incumbent of value 0.000000 after 0.00 sec. (1.86 ticks)
Tried aggregator 2 times.
MIP Presolve eliminated 54715 rows and 35169 columns.
MIP Presolve modified 933 coefficients.
Aggregator did 6496 substitutions.
Reduced MIP has 1395 rows, 4176 columns, and 10208 nonzeros.
Reduced MIP has 2078 binaries, 1170 generals, 0 SOSs, and 0 indicators.
Presolve time = 0.12 sec. (55.83 ticks)
Probing time = 0.01 sec. (2.28 ticks)
Tried aggregator 1 time.
Reduced MIP has 1395 rows, 4176 columns, and 10208 nonzeros.
Reduced MIP has 2078 binaries, 1170 generals, 0 SOSs, and 0 indicators.
Presolve time = 0.02 sec. (7.54 ticks)
Probing time = 0.01 sec. (2.27 ticks)
Clique table members: 269.
MIP emphasis: balance optimality and feasibility.
MIP search method: dynamic search.
Parallel mode: deterministic, using up to 8 threads.
Root relaxation solution time = 0.08 sec. (67.94 ticks)

        Nodes                                         Cuts/
   Node  Left     Objective  IInf  Best Integer    Best Bound    ItCnt     Gap

*     0+    0                            0.0000     6922.1092              --- 
*     0+    0                          226.2725     6922.1092              --- 
      0     0     1169.5843     2      226.2725     1169.5843     1132  416.89%
*     0+    0                         1168.8207     1169.5843             0.07%

Root node processing (before b&c):
  Real time             =    0.29 sec. (153.54 ticks)
Parallel b&c, 8 threads:
  Real time             =    0.00 sec. (0.00 ticks)
  Sync time (average)   =    0.00 sec.
  Wait time (average)   =    0.00 sec.
                          ------------
Total (root+branch&cut) =    0.29 sec. (153.54 ticks)

<<< solve


OBJECTIVE: 1168.821
avg_utility = 0.715751

<<< post process


<<< done

