
<<< setup


<<< generate

Found incumbent of value 0,000000 after 0,02 sec. (24,46 ticks)
Tried aggregator 2 times.
MIP Presolve eliminated 528048 rows and 687871 columns.
MIP Presolve modified 5311 coefficients.
Aggregator did 22250 substitutions.
Reduced MIP has 8202 rows, 20704 columns, and 65063 nonzeros.
Reduced MIP has 9334 binaries, 1710 generals, 0 SOSs, and 0 indicators.
Presolve time = 0,80 sec. (727,41 ticks)
Probing time = 0,02 sec. (7,03 ticks)
Tried aggregator 1 time.
Reduced MIP has 8202 rows, 20704 columns, and 65063 nonzeros.
Reduced MIP has 9334 binaries, 1710 generals, 0 SOSs, and 0 indicators.
Presolve time = 0,04 sec. (41,84 ticks)
Probing time = 0,02 sec. (7,03 ticks)
Clique table members: 711.
MIP emphasis: balance optimality and feasibility.
MIP search method: dynamic search.
Parallel mode: deterministic, using up to 8 threads.
Root relaxation solution time = 0,15 sec. (232,96 ticks)

        Nodes                                         Cuts/
   Node  Left     Objective  IInf  Best Integer    Best Bound    ItCnt     Gap

*     0+    0                            0,0000    10347,1544              --- 
*     0+    0                          452,8598    10347,1544              --- 
      0     0     1939,0617    75      452,8598     1939,0617     1996  328,18%
      0     0     1921,6224    64      452,8598     Cuts: 219     2462  324,33%
      0     0     1919,3222    44      452,8598      Cuts: 92     2631  323,82%
      0     0     1918,2229    29      452,8598      Cuts: 43     2712  323,58%
*     0+    0                         1909,5695     1918,2229             0,45%

Cover cuts applied:  30
Implied bound cuts applied:  148
Flow cuts applied:  21
Mixed integer rounding cuts applied:  18
Gomory fractional cuts applied:  21

Root node processing (before b&c):
  Real time             =    1,68 sec. (1579,14 ticks)
Parallel b&c, 8 threads:
  Real time             =    0,00 sec. (0,00 ticks)
  Sync time (average)   =    0,00 sec.
  Wait time (average)   =    0,00 sec.
                          ------------
Total (root+branch&cut) =    1,68 sec. (1579,14 ticks)

<<< solve


OBJECTIVE: 1909.57
avg_utility = 0.791695

<<< post process


<<< done

