
<<< setup


<<< generate

Found incumbent of value 0.000000 after 0.00 sec. (1.72 ticks)
Tried aggregator 2 times.
MIP Presolve eliminated 37872 rows and 31457 columns.
MIP Presolve modified 4650 coefficients.
Aggregator did 4640 substitutions.
Reduced MIP has 5112 rows, 9744 columns, and 23664 nonzeros.
Reduced MIP has 3934 binaries, 1170 generals, 0 SOSs, and 0 indicators.
Presolve time = 0.13 sec. (57.49 ticks)
Probing time = 0.01 sec. (3.37 ticks)
Tried aggregator 1 time.
Reduced MIP has 5112 rows, 9744 columns, and 23664 nonzeros.
Reduced MIP has 3934 binaries, 1170 generals, 0 SOSs, and 0 indicators.
Presolve time = 0.03 sec. (15.15 ticks)
Probing time = 0.02 sec. (3.35 ticks)
Clique table members: 269.
MIP emphasis: balance optimality and feasibility.
MIP search method: dynamic search.
Parallel mode: deterministic, using up to 8 threads.
Root relaxation solution time = 0.13 sec. (99.45 ticks)

        Nodes                                         Cuts/
   Node  Left     Objective  IInf  Best Integer    Best Bound    ItCnt     Gap

*     0+    0                            0.0000     7005.3495              --- 
      0     0     1169.5843     8        0.0000     1169.5843     2195     --- 
*     0+    0                         1168.9472     1169.5843             0.05%

Gomory fractional cuts applied:  1

Root node processing (before b&c):
  Real time             =    0.56 sec. (266.85 ticks)
Parallel b&c, 8 threads:
  Real time             =    0.00 sec. (0.00 ticks)
  Sync time (average)   =    0.00 sec.
  Wait time (average)   =    0.00 sec.
                          ------------
Total (root+branch&cut) =    0.56 sec. (266.85 ticks)

<<< solve


OBJECTIVE: 1168.947
avg_utility = 0.715828

<<< post process


<<< done

