
<<< setup


<<< generate

Aggregator has done 210927 substitutions...
Tried aggregator 8 times.
MIP Presolve eliminated 1707036 rows and 1236355 columns.
MIP Presolve modified 16020 coefficients.
Aggregator did 225956 substitutions.
Reduced MIP has 37449 rows, 106330 columns, and 303840 nonzeros.
Reduced MIP has 26831 binaries, 6490 generals, 0 SOSs, and 0 indicators.
Presolve time = 17,53 sec. (12788,44 ticks)
Found incumbent of value 1031,918430 after 17,75 sec. (12980,36 ticks)
Probing time = 0,29 sec. (62,16 ticks)
Tried aggregator 1 time.
Presolve time = 0,20 sec. (126,26 ticks)
Probing time = 0,55 sec. (62,16 ticks)
Clique table members: 2562.
MIP emphasis: balance optimality and feasibility.
MIP search method: dynamic search.
Parallel mode: deterministic, using up to 24 threads.
Root relaxation solution time = 2,50 sec. (1651,81 ticks)

        Nodes                                         Cuts/
   Node  Left     Objective  IInf  Best Integer    Best Bound    ItCnt     Gap

*     0+    0                         1031,9184    49109,9703    17962     --- 
*     0+    0                         4237,0983    49109,9703    17962     --- 
*     0+    0                         4240,4619    49109,9703    17962     --- 
*     0+    0                         4241,1102    49109,9703    17962     --- 
*     0+    0                         4241,3071    49109,9703    17962     --- 
*     0+    0                         4241,3727    49109,9703    17962     --- 
      0     0    12640,0000  3525     4241,3727    12640,0000    17962  198,02%
*     0+    0                         9751,8150    12640,0000    44814   29,62%
      0     0    11967,5614  1900     9751,8150    Cuts: 8009    44814   22,72%
      0     0    11164,3352   689     9751,8150    Cuts: 5276    53120   14,48%
      0     0    11128,8526   595     9751,8150    Cuts: 1063    55189   14,12%
*     0+    0                        10907,3974    11128,8526    55189    2,03%
*     0+    0                        10922,9129    11128,8526    55189    1,89%
*     0+    0                        10931,5307    11128,8526    55189    1,81%
      0     0    11114,6089   485    10931,5307     Cuts: 815    56639    1,67%
      0     0    11106,7575   454    10931,5307     Cuts: 569    58358    1,60%
*     0+    0                        10935,5434    11106,7575    60059    1,57%
      0     0    11095,5858   392    10935,5434     Cuts: 581    60059    1,46%
      0     0    11090,3499   331    10935,5434     Cuts: 485    61240    1,42%
      0     0    11086,8203   359    10935,5434     Cuts: 397    61923    1,38%
      0     0    11082,4942   234    10935,5434     Cuts: 417    62958    1,34%
      0     0    11079,9105   253    10935,5434     Cuts: 276    63486    1,32%
      0     0    11079,0995   247    10935,5434     Cuts: 222    63789    1,31%
      0     0    11078,7096   194    10935,5434     Cuts: 241    63998    1,31%
      0     0    11077,9729   161    10935,5434     Cuts: 186    64233    1,30%
      0     0    11075,9593   108    10935,5434     Cuts: 171    64690    1,28%
      0     0    11075,3661   109    10935,5434      Cuts: 88    64936    1,28%
Heuristic still looking.
      0     2    11075,3661   109    10935,5434    11075,3661    64936    1,28%
Elapsed time = 107,13 sec. (98650,66 ticks, tree = 0,01 MB, solutions = 11)
      1     3    11075,3064    93    10935,5434    11075,3661    65325    1,28%
      2     4    11075,1876    88    10935,5434    11075,3655    65434    1,28%
      3     5    11075,2136   103    10935,5434    11075,3655    65832    1,28%
      5     7    11074,9210   101    10935,5434    11075,2728    66222    1,28%
      8    10    11075,1289    87    10935,5434    11075,2728    66324    1,28%
     12    14    11074,8925   100    10935,5434    11075,2728    66569    1,28%
     17    19    11073,5683   101    10935,5434    11075,2728    67777    1,28%
     21    23    11074,5329    93    10935,5434    11075,2728    68842    1,28%
     22    24    11074,3720   112    10935,5434    11075,2728    69060    1,28%
     28    30    11072,5951   135    10935,5434    11075,2728    70245    1,28%
Elapsed time = 120,06 sec. (108474,73 ticks, tree = 0,01 MB, solutions = 11)
     38    40    11072,8913    81    10935,5434    11075,2728    71715    1,28%
     64    66    11072,0886   106    10935,5434    11075,2728    74532    1,28%
    125   127    11074,0410   105    10935,5434    11075,2728    79347    1,28%
    231   233    11067,9616    96    10935,5434    11075,2728    87452    1,28%
    251   253    11073,5007    85    10935,5434    11075,2728    91334    1,28%
    447   449    11045,3639    91    10935,5434    11075,2728   109378    1,28%
    519   521    11072,0391    82    10935,5434    11075,2728   114903    1,28%
    557   559    11066,6917    91    10935,5434    11075,2728   118616    1,28%
    681   683    11070,0914   103    10935,5434    11075,2728   125904    1,28%
   2587  2589    11065,8543    76    10935,5434    11075,2728   138174    1,28%
Elapsed time = 187,59 sec. (132898,47 ticks, tree = 30,17 MB, solutions = 11)
   2677  2679    11069,4715    99    10935,5434    11075,2728   143616    1,28%
   2784  2786    11071,2634   125    10935,5434    11075,2728   151327    1,28%
   2808  2810    11071,2713    79    10935,5434    11075,2728   152440    1,28%
   2832  2834    11071,2650    95    10935,5434    11075,2728   154584    1,28%
   3555  3557    11040,1340   146    10935,5434    11075,2728   183249    1,28%
   3627  3629    11066,7059    83    10935,5434    11075,2728   190575    1,28%
   3661  3663    11039,8371    99    10935,5434    11075,2728   193578    1,28%
   3709  3711    11037,7887   154    10935,5434    11075,2728   197624    1,28%
   3732  3734    11031,0805   131    10935,5434    11075,2728   200583    1,28%
   3755  3757    11070,1581    71    10935,5434    11075,2728   201655    1,28%
Elapsed time = 243,33 sec. (152440,20 ticks, tree = 49,78 MB, solutions = 11)
   4004  4006    11059,3696    69    10935,5434    11075,2728   204846    1,28%
   4370  4372    11072,9117    46    10935,5434    11075,2728   207433    1,28%
*  5499+ 5497                        11068,0699    11075,2728   223232    0,07%
*  5499+ 5496                        11071,8651    11075,2728   223308    0,03%
*  5499+ 5475                        11072,5305    11075,2728   224783    0,02%

Implied bound cuts applied:  389
Flow cuts applied:  8898
Mixed integer rounding cuts applied:  6478
Gomory fractional cuts applied:  344

Root node processing (before b&c):
  Real time             =   84,23 sec. (83002,19 ticks)
Parallel b&c, 24 threads:
  Real time             =  266,33 sec. (95175,38 ticks)
  Sync time (average)   =    0,07 sec.
  Wait time (average)   =    0,00 sec.
                          ------------
Total (root+branch&cut) =  350,57 sec. (178177,56 ticks)

<<< solve


OBJECTIVE: 11072.53
avg_utility = 0.8759913351265741

<<< post process


<<< done

