
<<< setup


<<< generate

Found incumbent of value 0,000000 after 0,02 sec. (16,42 ticks)
Tried aggregator 8 times.
MIP Presolve eliminated 111634 rows and 330405 columns.
MIP Presolve modified 28538 coefficients.
Aggregator did 87558 substitutions.
Reduced MIP has 51748 rows, 110758 columns, and 347872 nonzeros.
Reduced MIP has 14120 binaries, 0 generals, 0 SOSs, and 0 indicators.
Presolve time = 9,78 sec. (7938,35 ticks)
Probing time = 0,03 sec. (4,91 ticks)
Tried aggregator 1 time.
Reduced MIP has 51748 rows, 110758 columns, and 347872 nonzeros.
Reduced MIP has 14120 binaries, 0 generals, 0 SOSs, and 0 indicators.
Presolve time = 0,26 sec. (188,51 ticks)
Probing time = 0,03 sec. (5,22 ticks)
MIP emphasis: balance optimality and feasibility.
MIP search method: dynamic search.
Parallel mode: deterministic, using up to 8 threads.
Root relaxation solution time = 6,95 sec. (3600,20 ticks)

        Nodes                                         Cuts/
   Node  Left     Objective  IInf  Best Integer    Best Bound    ItCnt     Gap

*     0+    0                            0,0000    20829,0000              --- 
*     0+    0                         3036,3833    20829,0000           585,98%
      0     0     7731,4293  1092     3036,3833     7731,4293       59  154,63%
      0     0     7200,9554  1318     3036,3833    Cuts: 3449    21598  137,16%
      0     0     6660,4811  1304     3036,3833    Cuts: 4201    31560  119,36%
      0     0     6255,1999  1337     3036,3833    Cuts: 3806    40394  106,01%
*     0+    0                         5204,5192     6255,1999            20,19%
*     0+    0                         5334,3709     6255,1999            17,26%
*     0+    0                         5335,5447     6255,1999            17,24%
      0     0     5887,3986  1200     5335,5447    Cuts: 3637    51457   10,34%
      0     0     5651,1473   322     5335,5447    Cuts: 2970   115544    5,92%
      0     0     5597,5409    78     5335,5447     Cuts: 892   124233    4,91%
*     0+    0                         5566,1881     5597,5409             0,56%

Implied bound cuts applied:  1037
Flow cuts applied:  14235
Mixed integer rounding cuts applied:  2937
Flow path cuts applied:  25
Gomory fractional cuts applied:  394

Root node processing (before b&c):
  Real time             =  239,90 sec. (165812,12 ticks)
Parallel b&c, 8 threads:
  Real time             =    0,00 sec. (0,00 ticks)
  Sync time (average)   =    0,00 sec.
  Wait time (average)   =    0,00 sec.
                          ------------
Total (root+branch&cut) =  239,90 sec. (165812,12 ticks)

<<< solve


OBJECTIVE: 5566.188
avg_utility = 0.708978

<<< post process


<<< done

