
<<< setup


<<< generate

Found incumbent of value 0,000000 after 0,03 sec. (16,49 ticks)
Aggregator has done 84845 substitutions...
Tried aggregator 11 times.
MIP Presolve eliminated 91836 rows and 256687 columns.
MIP Presolve modified 25401 coefficients.
Aggregator did 84845 substitutions.
Reduced MIP has 74869 rows, 189589 columns, and 546375 nonzeros.
Reduced MIP has 32445 binaries, 0 generals, 0 SOSs, and 0 indicators.
Presolve time = 13,34 sec. (10312,41 ticks)
Probing time = 0,21 sec. (7,00 ticks)
Tried aggregator 1 time.
Reduced MIP has 74869 rows, 189589 columns, and 546375 nonzeros.
Reduced MIP has 32445 binaries, 0 generals, 0 SOSs, and 0 indicators.
Presolve time = 0,56 sec. (289,26 ticks)
Probing time = 0,12 sec. (7,12 ticks)
MIP emphasis: balance optimality and feasibility.
MIP search method: dynamic search.
Parallel mode: deterministic, using up to 24 threads.
Root relaxation solution time = 5,16 sec. (4454,85 ticks)

        Nodes                                         Cuts/
   Node  Left     Objective  IInf  Best Integer    Best Bound    ItCnt     Gap

*     0+    0                            0,0000    23202,0000              --- 
*     0+    0                         3134,2250    23202,0000           640,28%
      0     0     7868,0000  1494     3134,2250     7868,0000    23108  151,03%
*     0+    0                         5233,2500     7868,0000            50,35%
      0     0     7369,6548  1388     5233,2500    Cuts: 4803    38369   40,82%
      0     0     6860,1361  1538     5233,2500    Cuts: 4546    46062   31,09%
      0     0     6402,2829  1514     5233,2500    Cuts: 4769   112430   22,34%
*     0+    0                         5238,8429     6402,2829            22,21%
*     0+    0                         5241,9714     6402,2829            22,14%
*     0+    0                         5249,9821     6402,2829            21,95%
      0     0     5963,3747  1552     5249,9821    Cuts: 4475   126264   13,59%
      0     0     5541,0119  1259     5249,9821    Cuts: 4165   137055    5,54%
      0     0     5521,5408   963     5249,9821    Cuts: 3836   145597    5,17%
      0     0     5517,1329   717     5249,9821    Cuts: 2939   165222    5,09%
      0     0     5514,5405   462     5249,9821    Cuts: 2266   201155    5,04%
      0     0     5513,6118   373     5249,9821    Cuts: 1592   214836    5,02%
*     0+    0                         5444,6788     5513,6118             1,27%
*     0+    0                         5475,0500     5513,6118             0,70%

Cover cuts applied:  4
Implied bound cuts applied:  866
Flow cuts applied:  19383
Mixed integer rounding cuts applied:  6946
Flow path cuts applied:  1167
Gomory fractional cuts applied:  389

Root node processing (before b&c):
  Real time             =  468,67 sec. (398748,97 ticks)
Parallel b&c, 24 threads:
  Real time             =    0,00 sec. (0,00 ticks)
  Sync time (average)   =    0,00 sec.
  Wait time (average)   =    0,00 sec.
                          ------------
Total (root+branch&cut) =  468,67 sec. (398748,97 ticks)

<<< solve


OBJECTIVE: 5475.05
avg_utility = 0.695863

<<< post process


<<< done

