
<<< setup


<<< generate

Found incumbent of value 0.000000 after 0.08 sec. (29.98 ticks)
Aggregator has done 179535 substitutions...
Tried aggregator 11 times.
MIP Presolve eliminated 119656 rows and 619576 columns.
MIP Presolve modified 22489 coefficients.
Aggregator did 201142 substitutions.
Reduced MIP has 59519 rows, 171443 columns, and 493112 nonzeros.
Reduced MIP has 28167 binaries, 8592 generals, 0 SOSs, and 0 indicators.
Presolve time = 59.65 sec. (13761.16 ticks)
Probing time = 4.16 sec. (73.95 ticks)
Tried aggregator 1 time.
Reduced MIP has 59519 rows, 171443 columns, and 493112 nonzeros.
Reduced MIP has 28167 binaries, 8592 generals, 0 SOSs, and 0 indicators.
Presolve time = 0.91 sec. (232.08 ticks)
Probing time = 0.84 sec. (61.21 ticks)
Clique table members: 2388.
MIP emphasis: balance optimality and feasibility.
MIP search method: dynamic search.
Parallel mode: deterministic, using up to 8 threads.
Root relaxation solution time = 7.90 sec. (2973.00 ticks)

        Nodes                                         Cuts/
   Node  Left     Objective  IInf  Best Integer    Best Bound    ItCnt     Gap

*     0+    0                            0.0000    60526.4806              --- 
      0     0    13145.3566  2414        0.0000    13145.3566    16741     --- 
      0     0    12736.4575  2667        0.0000    Cuts: 6783    31957     --- 
      0     0    12534.5136  3149        0.0000    Cuts: 8286    40822     --- 
      0     0    12265.8481  3547        0.0000    Cuts: 8979    53929     --- 
      0     0    12155.6195  3759        0.0000    Cuts: 7965    68202     --- 
*     0+    0                         7215.4109    12155.6195            68.47%
      0     0    12037.1612  2952     7215.4109    Cuts: 7762   134444   66.83%
*     0+    0                         7668.5910    12037.1612            56.97%
      0     0    11899.1996  2307     7668.5910    Cuts: 6389   172127   55.17%
*     0+    0                         8972.8868    11899.1996            32.61%
      0     0    11737.8867  1877     8972.8868    Cuts: 5525   192229   30.82%
*     0+    0                         9042.9210    11737.8867            29.80%
      0     0    11610.9480  1800     9042.9210    Cuts: 4374   208323   28.40%
      0     0    11465.0512  1144     9042.9210    Cuts: 3356   227073   26.78%
      0     0    11384.3059   855     9042.9210    Cuts: 2035   234047   25.89%
      0     0    11344.3160   817     9042.9210    Cuts: 1514   239739   25.45%
*     0+    0                         9076.9985    11344.3160            24.98%
      0     0    11311.8799  1000     9076.9985    Cuts: 1184   246238   24.62%
      0     0    11298.4439   880     9076.9985    Cuts: 1061   252006   24.47%
      0     0    11291.1177   911     9076.9985     Cuts: 839   258965   24.39%
      0     0    11284.1253   809     9076.9985     Cuts: 947   265591   24.32%
      0     0    11274.7368   515     9076.9985     Cuts: 908   272251   24.21%
      0     0    11262.5035   611     9076.9985     Cuts: 521   282147   24.08%
      0     0    11249.2157   603     9076.9985     Cuts: 486   292138   23.93%
      0     0    11235.7075   446     9076.9985     Cuts: 533   308298   23.78%
      0     0    11232.3452   389     9076.9985     Cuts: 276   310995   23.75%
      0     0    11230.6266   381     9076.9985     Cuts: 219   314127   23.73%
      0     0    11229.3783   505     9076.9985     Cuts: 206   316764   23.71%
      0     2    11229.3783   505     9076.9985    11229.3783   316764   23.71%
Elapsed time = 3860.51 sec. (992483.14 ticks, tree = 0.00 MB, solutions = 6)
      1     3    11228.1037   349     9076.9985    11229.3783   335200   23.71%
      2     4    11220.2245   315     9076.9985    11228.0803   338005   23.70%
      3     5    11114.9233   440     9076.9985    11228.0803   356181   23.70%
      4     6    11112.9376   478     9076.9985    11228.0803   357535   23.70%
      5     7    11107.5877   372     9076.9985    11228.0803   359598   23.70%
      6     8    11219.7237   258     9076.9985    11228.0645   361040   23.70%
      8    10    11109.8197   457     9076.9985    11228.0645   366686   23.70%
      9    11    11106.4383   395     9076.9985    11228.0645   377629   23.70%
     11    13    11106.2453   346     9076.9985    11228.0645   378814   23.70%
     13    15    11219.1180   189     9076.9985    11228.0645   382411   23.70%
Elapsed time = 4804.73 sec. (1217918.45 ticks, tree = 0.00 MB, solutions = 6)
     14    16    11105.8358   344     9076.9985    11228.0645   384529   23.70%
     17    19    11109.3236   433     9076.9985    11228.0645   388903   23.70%
     39    41    11217.7854   185     9076.9985    11228.0645   425305   23.70%
     40    42    11093.8857   283     9076.9985    11228.0645   426977   23.70%
     46    48    11219.0894   200     9076.9985    11228.0645   430552   23.70%
     54    56    11219.0268   220     9076.9985    11228.0645   441033   23.70%
     57    59    11089.1452   285     9076.9985    11228.0645   447131   23.70%
     65    67    11087.2289   334     9076.9985    11228.0645   460519   23.70%
    172   174    11216.9793   161     9076.9985    11228.0645   486238   23.70%
    173   175    11094.2034   140     9076.9985    11228.0645   495340   23.70%
Elapsed time = 6685.50 sec. (1389842.97 ticks, tree = 0.00 MB, solutions = 6)
    179   181    11218.5213   228     9076.9985    11228.0645   515658   23.70%
    181   183    11094.2034   140     9076.9985    11228.0645   526805   23.70%

Implied bound cuts applied:  130
Flow cuts applied:  34024
Mixed integer rounding cuts applied:  14701
Flow path cuts applied:  166
Lift and project cuts applied:  2
Gomory fractional cuts applied:  154

Root node processing (before b&c):
  Real time             = 3784.29 sec. (980822.80 ticks)
Parallel b&c, 8 threads:
  Real time             = 3416.26 sec. (461043.59 ticks)
  Sync time (average)   = 1227.96 sec.
  Wait time (average)   = 1228.25 sec.
                          ------------
Total (root+branch&cut) = 7200.55 sec. (1441866.39 ticks)

<<< solve


OBJECTIVE: 9076.999
avg_utility = 0.579815

<<< post process


<<< done

