
<<< setup


<<< generate

Found incumbent of value 0,000000 after 0,02 sec. (17,00 ticks)
Tried aggregator 4 times.
MIP Presolve eliminated 179409 rows and 391378 columns.
MIP Presolve modified 5085 coefficients.
Aggregator did 108640 substitutions.
Reduced MIP has 13836 rows, 32303 columns, and 103178 nonzeros.
Reduced MIP has 2860 binaries, 0 generals, 0 SOSs, and 0 indicators.
Presolve time = 3,97 sec. (3640,40 ticks)
Probing time = 0,01 sec. (1,33 ticks)
Tried aggregator 1 time.
Reduced MIP has 13836 rows, 32303 columns, and 103178 nonzeros.
Reduced MIP has 2860 binaries, 0 generals, 0 SOSs, and 0 indicators.
Presolve time = 0,05 sec. (48,26 ticks)
Probing time = 0,01 sec. (1,38 ticks)
MIP emphasis: balance optimality and feasibility.
MIP search method: dynamic search.
Parallel mode: deterministic, using up to 8 threads.
Root relaxation solution time = 0,41 sec. (339,06 ticks)

        Nodes                                         Cuts/
   Node  Left     Objective  IInf  Best Integer    Best Bound    ItCnt     Gap

*     0+    0                         1412,0000    27371,1803              --- 
      0     0     6158,3366   194     1412,0000     6158,3366     2329  336,14%
*     0+    0                         6128,4728     6158,3366             0,49%

Flow cuts applied:  19
Mixed integer rounding cuts applied:  5
Gomory fractional cuts applied:  1

Root node processing (before b&c):
  Real time             =    5,78 sec. (5798,86 ticks)
Parallel b&c, 8 threads:
  Real time             =    0,00 sec. (0,00 ticks)
  Sync time (average)   =    0,00 sec.
  Wait time (average)   =    0,00 sec.
                          ------------
Total (root+branch&cut) =    5,78 sec. (5798,86 ticks)

<<< solve


OBJECTIVE: 6128.473
avg_utility = 0.779406

<<< post process


<<< done

