
<<< setup


<<< generate

Found incumbent of value 0,000000 after 0,02 sec. (19,48 ticks)
Aggregator has done 72421 substitutions...
Tried aggregator 15 times.
MIP Presolve eliminated 65343 rows and 294956 columns.
MIP Presolve modified 74280 coefficients.
Aggregator did 92215 substitutions.
Reduced MIP has 99474 rows, 247870 columns, and 693339 nonzeros.
Reduced MIP has 36914 binaries, 9402 generals, 0 SOSs, and 0 indicators.
Presolve time = 19,94 sec. (16042,74 ticks)
Probing time = 0,35 sec. (9,68 ticks)
Tried aggregator 1 time.
Reduced MIP has 99474 rows, 247870 columns, and 693339 nonzeros.
Reduced MIP has 36914 binaries, 9402 generals, 0 SOSs, and 0 indicators.
Presolve time = 0,73 sec. (303,70 ticks)
Probing time = 0,10 sec. (9,56 ticks)
Clique table members: 1940.
MIP emphasis: balance optimality and feasibility.
MIP search method: dynamic search.
Parallel mode: deterministic, using up to 24 threads.
Root relaxation solution time = 5,87 sec. (5435,22 ticks)

        Nodes                                         Cuts/
   Node  Left     Objective  IInf  Best Integer    Best Bound    ItCnt     Gap

*     0+    0                            0,0000    70222,1468              --- 
      0     0    16709,1548  2837        0,0000    16709,1548     6058     --- 
      0     0    16425,3027  2898        0,0000    Cuts: 8515    24950     --- 
      0     0    16075,4616  3116        0,0000    Cuts: 7963    39065     --- 
      0     0    15719,2343  3253        0,0000    Cuts: 8000    57869     --- 
*     0+    0                         5830,8393    15719,2343           169,59%
*     0+    0                         8364,3458    15719,2343            87,93%
*     0+    0                        10942,6718    15719,2343            43,65%
      0     0    15466,9587  3181    10942,6718    Cuts: 7734    70150   41,35%
      0     0    15243,8826  3891    10942,6718    Cuts: 7694    84627   39,31%
      0     0    15112,3612  3524    10942,6718    Cuts: 7404   104908   38,10%
      0     0    15019,5199  2592    10942,6718    Cuts: 6680   126409   37,26%
      0     0    14951,9315  3634    10942,6718    Cuts: 5599   143229   36,64%
      0     0    14887,8462  2821    10942,6718    Cuts: 6414   166216   36,05%
*     0+    0                        11708,0001    14887,8462            27,16%
      0     0    14831,6778  2557    11708,0001    Cuts: 5455   181252   26,68%
      0     0    14788,1658  1679    11708,0001    Cuts: 3915   192345   26,31%
      0     0    14762,7143  1464    11708,0001    Cuts: 2917   206011   26,09%
      0     0    14744,1477  1431    11708,0001    Cuts: 2373   215243   25,93%
      0     0    14730,9831   813    11708,0001    Cuts: 1734   226299   25,82%
*     0+    0                        11728,7256    14730,9831            25,60%
      0     0    14720,8339   439    11728,7256    Cuts: 1036   236175   25,51%
      0     0    14716,8152   421    11728,7256     Cuts: 527   242469   25,48%
      0     0    14714,4546   316    11728,7256     Cuts: 448   251776   25,46%
      0     0    14712,8257   233    11728,7256     Cuts: 339   255957   25,44%
      0     0    14712,4974   192    11728,7256     Cuts: 222   258979   25,44%
      0     0    14711,4416   161    11728,7256     Cuts: 207   263857   25,43%
      0     0    14710,4136   192    11728,7256     Cuts: 132   265503   25,42%
Advanced basis not built.
      0     0    14710,3398   138    11728,7256     Cuts: 120   267010   25,42%
      0     0    14710,2589   133    11728,7256      Cuts: 94   270414   25,42%
Heuristic still looking.
Heuristic still looking.
Heuristic still looking.
*     0+    0                        11729,8593    14710,2589            25,41%
      0     2    14710,2589   133    11729,8593    14710,2589   270414   25,41%
Elapsed time = 1821,24 sec. (1221051,81 ticks, tree = 0,00 MB, solutions = 7)
      1     3    14709,6061   136    11729,8593    14710,2589   270713   25,41%
      2     4    14693,6996   128    11729,8593    14710,2589   270715   25,41%
      3     5    14709,6045   129    11729,8593    14709,6059   270743   25,40%
      4     6    14689,9647   134    11729,8593    14709,6059   271021   25,40%
      6     8    14689,9631   129    11729,8593    14709,6059   271524   25,40%
      8    10    14709,5458   147    11729,8593    14709,6043   271695   25,40%
      9    11    14689,9044   139    11729,8593    14709,6043   272029   25,40%
     11    13    14663,2764   145    11729,8593    14709,6043   276112   25,40%
     14    16    14663,0166   157    11729,8593    14709,6043   279126   25,40%
     16    18    14689,9169   117    11729,8593    14709,5953   279365   25,40%
Elapsed time = 1970,41 sec. (1316621,38 ticks, tree = 0,00 MB, solutions = 7)
     19    21    14689,8767   111    11729,8593    14709,5953   282841   25,40%
     22    24    14631,2111   106    11729,8593    14709,5953   286679   25,40%
     27    29    14631,1995   104    11729,8593    14709,5953   287537   25,40%
     30    32    14631,2124   115    11729,8593    14709,5953   287716   25,40%
     31    33    14663,2396   110    11729,8593    14709,5953   288473   25,40%
     36    38    14662,9707   123    11729,8593    14709,5953   290993   25,40%
     37    39    14662,5995   132    11729,8593    14709,5953   293577   25,40%
     39    41    14631,1131    96    11729,8593    14709,5953   300473   25,40%
     49    51    14662,9594   116    11729,8593    14709,5953   308741   25,40%
     55    57    14689,8619   128    11729,8593    14709,5953   311651   25,40%
Elapsed time = 2268,10 sec. (1440925,11 ticks, tree = 0,00 MB, solutions = 7)
     56    58    14631,1478   105    11729,8593    14709,5953   311849   25,40%
     59    61    14662,2563   128    11729,8593    14709,5953   314587   25,40%
     71    73    14662,5232   125    11729,8593    14709,5953   323258   25,40%
    117   119    14662,7173   142    11729,8593    14709,5953   341485   25,40%
   1213  1215    14682,4195    80    11729,8593    14709,5953   392490   25,40%
   1218  1220    14654,7800   106    11729,8593    14709,5953   393141   25,40%
   1222  1224    14662,4765    97    11729,8593    14709,5953   397744   25,40%
   1244  1246    14658,9887    97    11729,8593    14709,5953   404284   25,40%
   1268  1270    14662,7537   117    11729,8593    14709,5953   409662   25,40%
   3337  3339    14681,0890   111    11729,8593    14709,5953   447194   25,40%
Elapsed time = 2623,04 sec. (1517153,83 ticks, tree = 1875,86 MB, solutions = 7)
   3343  3345    14662,3745   127    11729,8593    14709,5953   448690   25,40%
   3365  3367    14658,9887    97    11729,8593    14709,5953   449193   25,40%
   3755  3757    14570,5032    65    11729,8593    14709,5953   462103   25,40%
   5109  5111    14707,4529   117    11729,8593    14709,5953   484722   25,40%
   5118  5120    14655,0325   131    11729,8593    14709,5953   485149   25,40%
   5135  5137    14572,1456   148    11729,8593    14709,5953   486087   25,40%
   5143  5145    14662,3422    91    11729,8593    14709,5953   486978   25,40%
   5168  5170    14570,5032    68    11729,8593    14709,5953   490677   25,40%
   5215  5217    14662,2523   118    11729,8593    14709,5953   498402   25,40%
   5239  5241    14631,2477    82    11729,8593    14709,5953   508579   25,40%
Elapsed time = 3536,60 sec. (1807882,88 ticks, tree = 3651,21 MB, solutions = 7)
Nodefile size = 1355,87 MB (767,34 MB after compression)
   8445  8447    14708,3866    34    11729,8593    14708,3866   714682   25,39%
   8446  8447    14708,3594    28    11729,8593    14708,3866   718748   25,39%
   8447  8448    14708,3594    28    11729,8593    14708,3835   718830   25,39%
   8448  8448    14708,2451    24    11729,8593    14708,3835   728727   25,39%
   8450  8450    14708,2451    24    11729,8593    14708,3835   730059   25,39%
   8452  8451    14708,3594    29    11729,8593    14708,3594   730087   25,39%
   8455  8453    14708,2319    68    11729,8593    14708,3594   730370   25,39%
   8459  8455    14708,2147    18    11729,8593    14708,3594   730749   25,39%
   8462  8457    14708,3594    30    11729,8593    14708,3594   730782   25,39%
   8467  8460    14708,2450    40    11729,8593    14708,3594   730866   25,39%
Elapsed time = 4295,93 sec. (2151955,54 ticks, tree = 2381,35 MB, solutions = 7)
   8468  8461    14708,0009    68    11729,8593    14708,3594   733545   25,39%
   8471  8464    14708,0004    61    11729,8593    14708,3594   745829   25,39%
   8473  8465    14708,3594    29    11729,8593    14708,3594   767158   25,39%
   8478  8467    14708,2451    20    11729,8593    14708,3594   835256   25,39%
   8483  8468    14708,0014    24    11729,8593    14708,3594   892561   25,39%
   8489  8472    14708,0014    24    11729,8593    14708,3594   952076   25,39%
   8493  8475    14708,3594    30    11729,8593    14708,3594   975550   25,39%
   8494  8475    14708,2451    22    11729,8593    14708,3594   976180   25,39%
   8499  8478    14707,9904    63    11729,8593    14708,3594   976911   25,39%
   8506  8482    14708,2451    24    11729,8593    14708,3594   987933   25,39%
Elapsed time = 4642,94 sec. (2292077,30 ticks, tree = 2376,55 MB, solutions = 7)
   8509  8484    14708,2115    60    11729,8593    14708,3594  1012356   25,39%
   8566  8516    14708,3594    30    11729,8593    14708,3594  1034929   25,39%
   8568  8517    14708,3594    28    11729,8593    14708,3594  1034933   25,39%
   8569  8518    14708,2097    34    11729,8593    14708,3594  1035198   25,39%
   8572  8519    14707,8908    28    11729,8593    14708,3594  1036347   25,39%
   8592  8532    14708,3594    28    11729,8593    14708,3594  1038735   25,39%
   8610  8541    14707,8267    80    11729,8593    14708,3594  1040964   25,39%
   8616  8543    14708,3594    32    11729,8593    14708,3594  1044672   25,39%
   8640  8556    14708,3590    42    11729,8593    14708,3594  1046028   25,39%
   8741  8615    14707,8636    28    11729,8593    14708,3594  1061146   25,39%
Elapsed time = 4853,24 sec. (2341238,04 ticks, tree = 2347,76 MB, solutions = 7)
   8758  8625    14707,9592    30    11729,8593    14708,3594  1062864   25,39%
   8973  8747    14708,2451    24    11729,8593    14708,3594  1091974   25,39%
   9537  9067    14708,3583    20    11729,8593    14708,3594  1099794   25,39%
   9538  9067    14708,0896    42    11729,8593    14708,3594  1100027   25,39%
   9539  9068    14708,3594    32    11729,8593    14708,3594  1110617   25,39%
   9654  9134    14708,0531    46    11729,8593    14708,3594  1127318   25,39%
   9675  9146    14708,1912    26    11729,8593    14708,3594  1143513   25,39%
  10237  9461    14708,0493    50    11729,8593    14708,3594  1170730   25,39%
  10240  9463    14707,8322    64    11729,8593    14708,3594  1171602   25,39%
  10252  9466    14708,0316    59    11729,8593    14708,3594  1173566   25,39%
Elapsed time = 5054,44 sec. (2389158,69 ticks, tree = 2970,46 MB, solutions = 7)
  10303  9490    14707,8165    38    11729,8593    14708,3594  1180664   25,39%
  10324  9505    14708,1051    88    11729,8593    14708,3594  1185774   25,39%
  10360  9527    14707,9514    44    11729,8593    14708,3594  1193064   25,39%
  10381  9538    14707,9720    81    11729,8593    14708,3594  1195017   25,39%
  10384  9539    14707,9429    26    11729,8593    14708,3594  1195656   25,39%
  10452  9580    14707,9094    71    11729,8593    14708,3594  1206361   25,39%
  11227 10017    14708,3589    20    11729,8593    14708,3594  1239815   25,39%
  11248 10031    14708,3479    35    11729,8593    14708,3594  1247976   25,39%
  11276 10043    14707,9426    26    11729,8593    14708,3594  1249503   25,39%
  11284 10047    14706,7392    44    11729,8593    14708,3594  1250344   25,39%
Elapsed time = 5182,06 sec. (2430590,30 ticks, tree = 3166,45 MB, solutions = 7)
  11329 10070    14708,0964    64    11729,8593    14708,3594  1251812   25,39%
  11335 10074    14708,1161    48    11729,8593    14708,3594  1252478   25,39%
  11360 10086    14707,9464    44    11729,8593    14708,3594  1256831   25,39%
  11384 10100    14707,9240    32    11729,8593    14708,3594  1258640   25,39%
  11408 10116    14707,9096    30    11729,8593    14708,3594  1261526   25,39%
  11432 10131    14707,8607    81    11729,8593    14708,3594  1264539   25,39%
  11438 10134    14707,9683    48    11729,8593    14708,3594  1273381   25,39%
  11642 10249    14707,5172    91    11729,8593    14708,3594  1286503   25,39%
  12308 10633    14708,3488    34    11729,8593    14708,3594  1312417   25,39%
  12352 10655    14708,1912    22    11729,8593    14708,3594  1315935   25,39%
Elapsed time = 5590,72 sec. (2503077,82 ticks, tree = 4131,56 MB, solutions = 7)
Nodefile size = 151,27 MB (82,70 MB after compression)
  12360 10659    14707,9513    46    11729,8593    14708,3594  1317690   25,39%
  12612 10805    14707,2747    46    11729,8593    14708,3594  1332393   25,39%
  12622 10811    14706,4568   177    11729,8593    14708,3594  1334143   25,39%
  12828 10930    14707,2607    60    11729,8593    14708,3594  1339322   25,39%
  12910 10980    14707,3286    22    11729,8593    14708,3594  1343686   25,39%
  13977 11602    14708,3429    30    11729,8593    14708,3594  1383358   25,39%
  13990 11608    14707,2852    52    11729,8593    14708,3594  1384455   25,39%
  14036 11635    14707,5154    22    11729,8593    14708,3594  1389302   25,39%
  14126 11687    14707,3242    28    11729,8593    14708,3594  1398994   25,39%
  14151 11702    14706,8652    30    11729,8593    14708,3594  1401700   25,39%
Elapsed time = 6006,01 sec. (2583790,41 ticks, tree = 5832,77 MB, solutions = 7)
Nodefile size = 1977,91 MB (974,35 MB after compression)
  14254 11757    14707,7067    75    11729,8593    14708,3594  1415151   25,39%
  14278 11769    14707,7034    67    11729,8593    14708,3594  1417543   25,39%
  14365 11816    14706,5036    34    11729,8593    14708,3594  1424735   25,39%
  15427 12433    14707,3225    38    11729,8593    14708,3594  1483772   25,39%
  15432 12437    14707,8604    64    11729,8593    14708,3594  1484620   25,39%
  15456 12451    14707,8540    20    11729,8593    14708,3594  1486372   25,39%
  15460 12453    14707,9362    16    11729,8593    14708,3594  1489450   25,39%
  15484 12469    14707,9362    58    11729,8593    14708,3594  1493354   25,39%
  15556 12511    14707,9362    24    11729,8593    14708,3594  1495338   25,39%
  15580 12522    14706,8511    22    11729,8593    14708,3594  1503803   25,39%
Elapsed time = 6446,82 sec. (2683567,48 ticks, tree = 7234,21 MB, solutions = 7)
Nodefile size = 3465,71 MB (1690,50 MB after compression)
  18120 13983    14708,1833    26    11729,8593    14708,3594  1588354   25,39%
  18135 13990    14706,9222    78    11729,8593    14708,3594  1595970   25,39%
  18320 14091    14707,9361    26    11729,8593    14708,3594  1617208   25,39%
  18397 14136    14706,2521    61    11729,8593    14708,3594  1642623   25,39%
  18484 14185    14707,2873   125    11729,8593    14708,3594  1650638   25,39%
  18656 14278    14681,0491    79    11729,8593    14708,3594  1674991   25,39%
  18680 14290    14705,8177    78    11729,8593    14708,3594  1690421   25,39%
  20126 15101    14708,0805    52    11729,8593    14708,3594  1786423   25,39%
  20129 15102    14707,6229    18    11729,8593    14708,3594  1788302   25,39%
  20134 15105    14707,9360    28    11729,8593    14708,3594  1798936   25,39%
Elapsed time = 7101,30 sec. (2793740,12 ticks, tree = 13592,33 MB, solutions = 7)
Nodefile size = 10486,49 MB (5011,94 MB after compression)
  20158 15119    14707,9362    22    11729,8593    14708,3594  1801411   25,39%
  20182 15134    14707,9362    22    11729,8593    14708,3594  1806789   25,39%
  20498 15309    14707,3423    41    11729,8593    14708,3594  1863593   25,39%
  20622 15380    14706,8710    40    11729,8593    14708,3594  1878008   25,39%
  20667 15404    14706,5538    48    11729,8593    14708,3594  1879161   25,39%
  21641 15976    14706,6286    46    11729,8593    14708,3594  1997625   25,39%
  21705 16012    14708,0159    26    11729,8593    14708,3594  2000017   25,39%
  21712 16014    14706,7467    24    11729,8593    14708,3594  2005712   25,39%
  21784 16055    14706,7011    28    11729,8593    14708,3594  2022034   25,39%
  21952 16150    14706,4770    32    11729,8593    14708,3594  2049566   25,39%
Elapsed time = 8059,62 sec. (3105616,42 ticks, tree = 16536,07 MB, solutions = 7)
Nodefile size = 13624,64 MB (6502,09 MB after compression)
  21976 16161    14706,3536    51    11729,8593    14708,3594  2054983   25,39%
  22216 16300    14706,3057    47    11729,8593    14708,3594  2091814   25,39%
  22650 16558    14707,9288    54    11729,8593    14708,3594  2160966   25,39%
  23528 17071    14704,6430    70    11729,8593    14708,3594  2268085   25,39%
  24544 17662    14707,9331    26    11729,8593    14708,3594  2437321   25,39%
  24551 17667    14706,2946    62    11729,8593    14708,3594  2440016   25,39%
  24559 17671    14704,5626    58    11729,8593    14708,3594  2451567   25,39%
  24607 17700    14704,2475   111    11729,8593    14708,3594  2473616   25,39%
  24631 17714    14704,5497    94    11729,8593    14708,3594  2486620   25,39%
  24679 17744    14704,5459    75    11729,8593    14708,3594  2511403   25,39%
Elapsed time = 8433,14 sec. (3193062,51 ticks, tree = 18424,64 MB, solutions = 7)
Nodefile size = 15947,10 MB (7674,57 MB after compression)
  24719 17767    14706,2821    54    11729,8593    14708,3594  2534275   25,39%
  24767 17795    14706,2821    50    11729,8593    14708,3594  2571857   25,39%
  24857 17846    14706,8970    22    11729,8593    14708,3594  2601811   25,39%
  24910 17874    14706,2821    52    11729,8593    14708,3594  2620577   25,39%
  25016 17936    14705,8348    34    11729,8593    14708,3594  2685468   25,39%
* 26808+18767                        11765,9216    14708,3594            25,01%
  26808 18769    14705,8103    36    11765,9216    14708,3594  2934691   25,01%
  26809 18769    14707,0593    23    11765,9216    14708,3594  2934713   25,01%
  26810 18770    14707,6163    49    11765,9216    14708,3594  2936061   25,01%
  26812 18772    14699,8325    47    11765,9216    14708,3594  2936067   25,01%
  26814 18773    14707,9220    49    11765,9216    14708,3594  2943484   25,01%
Elapsed time = 9807,19 sec. (3444034,95 ticks, tree = 18648,87 MB, solutions = 7)
Nodefile size = 16475,91 MB (7963,10 MB after compression)
  26815 18774    14707,2442    24    11765,9216    14708,3594  2943615   25,01%
  26817 18775    14706,7059    52    11765,9216    14708,3594  2943630   25,01%
  27180 18984    14705,8103    36    11765,9216    14708,3594  3011974   25,01%
  27182 18986    14707,6153   109    11765,9216    14708,3594  3012450   25,01%
  27186 18989    14707,8784    29    11765,9216    14708,3594  3015688   25,01%
  27206 18999    14707,3230    69    11765,9216    14708,3594  3019397   25,01%
  27230 19014    14707,3230    63    11765,9216    14708,3594  3022723   25,01%
  27241 19022    14702,4510    46    11765,9216    14708,3594  3037516   25,01%
  27265 19037    14704,5184    87    11765,9216    14708,3594  3041333   25,01%
  27281 19046    14705,2096    59    11765,9216    14708,3594  3083265   25,01%
Elapsed time = 10392,48 sec. (3595219,72 ticks, tree = 19304,15 MB, solutions = 8)
Nodefile size = 17134,14 MB (8268,61 MB after compression)
  28397 19954    14707,5803    28    11765,9216    14708,3594  3237352   25,01%
  28399 19956    14705,1734    49    11765,9216    14708,3594  3247356   25,01%
  28473 20030    14707,2964    52    11765,9216    14708,3594  3268441   25,01%
  28521 20078    14706,5099    48    11765,9216    14708,3594  3297541   25,01%
  28569 20126    14706,4045    40    11765,9216    14708,3594  3306739   25,01%
  28665 20222    14706,0962    28    11765,9216    14708,3594  3342192   25,01%
  29009 20566    14701,7038    87    11765,9216    14708,3594  3433746   25,01%
  30522 22079    14707,4605    16    11765,9216    14708,3594  3696117   25,01%
  30533 22090    14706,6632    26    11765,9216    14708,3594  3697554   25,01%
  30535 22092    14704,9358    18    11765,9216    14708,3594  3706124   25,01%
Elapsed time = 11310,56 sec. (3723163,20 ticks, tree = 23633,73 MB, solutions = 8)
Nodefile size = 21428,68 MB (10425,31 MB after compression)
  30598 22155    14705,6720    75    11765,9216    14708,3594  3741266   25,01%
  30646 22203    14705,6445    81    11765,9216    14708,3594  3750185   25,01%
  30670 22227    14705,6341   104    11765,9216    14708,3594  3756775   25,01%
  30694 22251    14705,6303    89    11765,9216    14708,3594  3765720   25,01%
  30718 22275    14705,6243    74    11765,9216    14708,3594  3780514   25,01%
  31069 22626    14696,9088    20    11765,9216    14708,3594  3904854   25,01%
  31936 23493    14702,9201    49    11765,9216    14708,3594  4069813   25,01%
  32748 24305    14707,2777    18    11765,9216    14708,3594  4210693   25,01%
  32750 24307    14700,5953    24    11765,9216    14708,3594  4216419   25,01%
  32752 24309    14705,6210    63    11765,9216    14708,3594  4223129   25,01%
Elapsed time = 12036,86 sec. (3834805,59 ticks, tree = 28088,38 MB, solutions = 8)
Nodefile size = 25708,50 MB (12542,22 MB after compression)
  32772 24329    14707,2579    71    11765,9216    14708,3594  4248640   25,01%
  32796 24353    14707,2519    79    11765,9216    14708,3594  4256490   25,01%
  32801 24358    14705,3785    48    11765,9216    14708,3594  4262347   25,01%
  32825 24382    14705,8666    36    11765,9216    14708,3594  4273002   25,01%
  32828 24385    14706,4681    68    11765,9216    14708,3594  4311001   25,01%
  33799 25355    14703,5567    26    11765,9216    14708,3594  4573889   25,01%
  33812 25368    14704,4135    63    11765,9216    14708,3594  4581747   25,01%
  33836 25392    14704,3933    65    11765,9216    14708,3594  4591368   25,01%
  33843 25399    14705,0050    50    11765,9216    14708,3594  4613621   25,01%
  34005 25561    14704,5464    75    11765,9216    14708,3594  4669311   25,01%
Elapsed time = 12879,40 sec. (3969916,57 ticks, tree = 29407,93 MB, solutions = 8)
Nodefile size = 27035,80 MB (13254,98 MB after compression)
  34029 25585    14704,1852    61    11765,9216    14708,3594  4672706   25,01%
  34077 25633    14703,8634    73    11765,9216    14708,3594  4686762   25,01%
  34118 25674    14705,7750    22    11765,9216    14708,3594  4702225   25,01%
  34149 25705    14703,7485    76    11765,9216    14708,3594  4717638   25,01%
  34293 25849    14703,6371    91    11765,9216    14708,3594  4734265   25,01%
  34341 25897    14697,7260    62    11765,9216    14708,3594  4749428   25,01%
  34496 26052    14705,7750    22    11765,9216    14708,3594  4822124   25,01%
  34868 26424    14704,9525    56    11765,9216    14708,3594  4917623   25,01%
  36523 28079    14706,8601    37    11765,9216    14708,3594  5292859   25,01%
  36524 28080    14702,2517    26    11765,9216    14708,3594  5294247   25,01%
Elapsed time = 13394,48 sec. (4055289,00 ticks, tree = 30945,02 MB, solutions = 8)
Nodefile size = 28590,27 MB (14093,10 MB after compression)
  36528 28084    14705,5798    71    11765,9216    14708,3594  5297083   25,01%
  36552 28108    14704,5871    50    11765,9216    14708,3594  5308327   25,01%
  36576 28132    14705,5098    56    11765,9216    14708,3594  5315446   25,01%
  36600 28156    14705,4730    49    11765,9216    14708,3594  5322476   25,01%
  36604 28160    14703,8549    77    11765,9216    14708,3594  5336288   25,01%
  36672 28228    14705,4153    22    11765,9216    14708,3594  5364346   25,01%
  36756 28312    14689,7025    69    11765,9216    14708,3594  5387135   25,01%
  36776 28332    14702,9013    62    11765,9216    14708,3594  5391874   25,01%
  36800 28356    14703,8762    36    11765,9216    14708,3594  5396008   25,01%
  36848 28404    14703,8756    36    11765,9216    14708,3594  5420195   25,01%
Elapsed time = 13979,18 sec. (4123870,47 ticks, tree = 30945,02 MB, solutions = 8)
Nodefile size = 28590,27 MB (14093,10 MB after compression)
  36948 28504    14689,5563    50    11765,9216    14708,3594  5459442   25,01%
  37013 28569    14705,3067    18    11765,9216    14708,3594  5483442   25,01%
  37061 28617    14705,2712    22    11765,9216    14708,3594  5505334   25,01%
  37867 29423    14705,9622    33    11765,9216    14708,3594  5654293   25,01%
  37875 29431    14707,7290    55    11765,9216    14708,3594  5660549   25,01%
