
<<< setup


<<< generate

Found incumbent of value 0,000000 after 0,02 sec. (25,77 ticks)
Aggregator has done 103768 substitutions...
Tried aggregator 11 times.
MIP Presolve eliminated 339795 rows and 456858 columns.
MIP Presolve modified 36029 coefficients.
Aggregator did 146082 substitutions.
Reduced MIP has 81467 rows, 163861 columns, and 517506 nonzeros.
Reduced MIP has 3640 binaries, 0 generals, 0 SOSs, and 0 indicators.
Presolve time = 29,20 sec. (19671,34 ticks)
Probing time = 0,04 sec. (6,79 ticks)
Tried aggregator 1 time.
Reduced MIP has 81467 rows, 163861 columns, and 517506 nonzeros.
Reduced MIP has 3640 binaries, 0 generals, 0 SOSs, and 0 indicators.
Presolve time = 0,40 sec. (272,91 ticks)
Probing time = 0,04 sec. (7,06 ticks)
MIP emphasis: balance optimality and feasibility.
MIP search method: dynamic search.
Parallel mode: deterministic, using up to 8 threads.
Root relaxation solution time = 16,67 sec. (4687,23 ticks)

        Nodes                                         Cuts/
   Node  Left     Objective  IInf  Best Integer    Best Bound    ItCnt     Gap

*     0+    0                            0,0000    43248,0000              --- 
      0     0    15930,8162  1793        0,0000    15930,8162     1020     --- 
      0     0    14122,9182  1880        0,0000    Cuts: 7433    57103     --- 
      0     0    12683,8489  2051        0,0000    Cuts: 9249    77681     --- 
      0     0    11475,1050  1997        0,0000    Cuts: 9836   104018     --- 
*     0+    0                         6056,7114    11475,1050            89,46%
*     0+    0                         8301,0349    11475,1050            38,24%
      0     0    11088,3798  1361     8301,0349   Cuts: 10000   145945   33,58%
      0     0    10349,5805   816     8301,0349    Cuts: 9317   164449   24,68%
      0     0    10121,3585  1329     8301,0349    Cuts: 5720   183742   21,93%
*     0+    0                         8656,4217    10121,3585            16,92%
*     0+    0                         8745,3714    10121,3585            15,73%
*     0+    0                         8748,3714    10121,3585            15,69%
      0     0     9832,1047   335     8748,3714    Cuts: 8719   202561   12,39%
      0     0     9793,1777   219     8748,3714    Cuts: 1682   217160   11,94%
      0     0     9781,4342   323     8748,3714    Cuts: 1361   231575   11,81%
*     0+    0                         8912,8226     9781,4342             9,75%
      0     0     9772,6538   461     8912,8226    Cuts: 1322   237572    9,65%
      0     0     9754,5601    81     8912,8226    Cuts: 2236   264238    9,44%
      0     0     9750,0881    74     8912,8226     Cuts: 273   268456    9,39%
      0     0     9749,5685    84     8912,8226     Cuts: 297   270594    9,39%
      0     0     9749,2354    99     8912,8226     Cuts: 325   272955    9,38%
Heuristic still looking.
Heuristic still looking.
      0     2     9749,2354    99     8912,8226     9749,2354   272955    9,38%
Elapsed time = 1237,64 sec. (734737,60 ticks, tree = 0,00 MB, solutions = 7)
      1     3     9689,1378   100     8912,8226     9749,2354   279471    9,38%
      2     4     9702,6005    98     8912,8226     9749,2354   280357    9,38%
      3     5     9694,1323    97     8912,8226     9702,6005   281488    8,86%
      4     6     9681,0872    97     8912,8226     9702,6005   298510    8,86%
      6     8     9670,2867    97     8912,8226     9702,6005   321147    8,86%
      8    10     9622,8038    96     8912,8226     9702,6005   340970    8,86%
      9    11     9678,5584    93     8912,8226     9702,6005   352658    8,86%
     12    14     9575,2455    94     8912,8226     9702,6005   368044    8,86%
     14    16     9560,0113    96     8912,8226     9702,6005   396074    8,86%
     16    18     9558,2609    95     8912,8226     9702,6005   414692    8,86%
Elapsed time = 1530,13 sec. (893837,15 ticks, tree = 0,00 MB, solutions = 7)
     17    19     9325,1605   128     8912,8226     9702,6005   424925    8,86%
     18    20     9662,5723    94     8912,8226     9702,6005   441719    8,86%
*    23+   23                         8935,1333     9702,6005             8,59%
     23    25     9512,3312    99     8935,1333     9702,6005   517874    8,59%
*    25+   25                         8957,0083     9702,6005             8,32%
     25    27     9307,9652   150     8957,0083     9702,6005   562456    8,32%
     42    44     9187,9539   107     8957,0083     9702,6005   619099    8,32%
     48    50     9536,6444    98     8957,0083     9702,6005   640748    8,32%
     50    52     9328,5630   124     8957,0083     9702,6005   665507    8,32%
     53    55     9002,5955   122     8957,0083     9702,6005   691353    8,32%
     58    60     9253,8220   144     8957,0083     9702,6005   755364    8,32%
     61    63     9472,3261    92     8957,0083     9702,6005   810954    8,32%
Elapsed time = 2250,08 sec. (1024237,00 ticks, tree = 0,00 MB, solutions = 10)
     67    69     9617,7620    92     8957,0083     9702,6005   851635    8,32%
     75    75     9267,3931   121     8957,0083     9702,6005   999322    8,32%
     82    80     9496,2608    98     8957,0083     9702,6005  1141621    8,32%
     90    86     9273,1989   140     8957,0083     9702,6005  1249273    8,32%
     95    91     9295,9300    77     8957,0083     9702,6005  1259568    8,32%
    103    99     9239,9745    62     8957,0083     9702,6005  1289415    8,32%
    111   107     9198,6983    60     8957,0083     9702,6005  1299661    8,32%
    112   108     9424,8869    93     8957,0083     9702,6005  1304243    8,32%
    119   115     9207,5096    61     8957,0083     9702,6005  1321256    8,32%
    120   116     9382,7854    98     8957,0083     9702,6005  1332888    8,32%
Elapsed time = 3061,84 sec. (1161788,03 ticks, tree = 0,00 MB, solutions = 10)
    128   123     9285,9026    43     8957,0083     9702,6005  1395074    8,32%
    222   210     9153,0686   110     8957,0083     9702,6005  1674093    8,32%
    223   211     9261,0184    40     8957,0083     9702,6005  1691275    8,32%
    226   212     9086,7448    99     8957,0083     9702,6005  1709941    8,32%
    229   215     9231,4353    42     8957,0083     9702,6005  1750499    8,32%
    234   220     9084,4379   102     8957,0083     9702,6005  1835796    8,32%
    242   226        cutoff           8957,0083     9702,6005  1954213    8,32%
    250   232     9077,3319   100     8957,0083     9702,6005  2140703    8,32%
    258   236     9068,2379   104     8957,0083     9702,6005  2335433    8,32%
    266   240        cutoff           8957,0083     9702,6005  2508497    8,32%
Elapsed time = 4011,48 sec. (1308518,63 ticks, tree = 8,07 MB, solutions = 10)
    274   246     9061,5713   104     8957,0083     9702,6005  2648075    8,32%
    304   274     9101,8454    42     8957,0083     9702,6005  2932735    8,32%
    353   302     9360,4064    98     8957,0083     9702,6005  3205088    8,32%
    358   305     9257,0546    47     8957,0083     9702,6005  3207457    8,32%
    366   313     9287,9411    42     8957,0083     9702,6005  3215872    8,32%
    367   314     9013,9947    17     8957,0083     9702,6005  3233704    8,32%
    373   320     9015,5993    93     8957,0083     9702,6005  3257216    8,32%
    374   321     9264,6575    51     8957,0083     9702,6005  3263651    8,32%
    381   326     8996,8507    92     8957,0083     9702,6005  3302317    8,32%
    389   333     8996,8086    92     8957,0083     9702,6005  3331889    8,32%
Elapsed time = 4986,10 sec. (1459209,35 ticks, tree = 92,99 MB, solutions = 10)
    412   347     9580,0105    90     8957,0083     9702,6005  3401739    8,32%
    485   409     8984,4350    36     8957,0083     9617,1853  3521646    7,37%
*   487+  409                         8998,8833     9617,1853             6,87%
    487   411     9173,0911    58     8998,8833     9617,1853  3523497    6,87%
    495   416     9154,9593    59     8998,8833     9617,1853  3541872    6,87%
    499   420     9547,3940    90     8998,8833     9617,1853  3587374    6,87%
    507   423     9513,9038    88     8998,8833     9617,1853  3596726    6,87%
    515   425     9478,0809    87     8998,8833     9617,1853  3608101    6,87%
    523   429     9440,6714    88     8998,8833     9617,1853  3630379    6,87%
    549   455     9374,1211    58     8998,8833     9617,1853  3724517    6,87%
    620   521     9450,7092   106     8998,8833     9617,1853  3823983    6,87%
Elapsed time = 6062,50 sec. (1653024,71 ticks, tree = 205,67 MB, solutions = 10)
    621   484     9043,4871    57     8998,8833     9617,1853  3824254    6,87%
    622   485     9601,1581    97     8998,8833     9617,1853  3827876    6,87%
    624   487     9208,7061    87     8998,8833     9617,1853  3834845    6,87%
    625   488     9358,1644    58     8998,8833     9617,1853  3842614    6,87%
    627   490     9436,3200    89     8998,8833     9617,1853  3855223    6,87%
    635   498     9311,3305    44     8998,8833     9617,1853  3876875    6,87%
    638   501     9564,9749   103     8998,8833     9617,1853  3892780    6,87%
    643   506     9309,8905    43     8998,8833     9617,1853  3925784    6,87%
    651   510     9303,3143    42     8998,8833     9617,1853  3954904    6,87%
    659   516     9279,6908    45     8998,8833     9617,1853  3995785    6,87%
Elapsed time = 7039,47 sec. (1794365,84 ticks, tree = 296,15 MB, solutions = 11)
    667   523     9271,6367    51     8998,8833     9617,1853  4023585    6,87%
    680   536     9277,8344    46     8998,8833     9617,1853  4068769    6,87%
    768   606     9134,9533    37     8998,8833     9609,1853  4231051    6,78%
    769   607     9239,3693    94     8998,8833     9609,1853  4234339    6,78%
    770   608     9284,9227   101     8998,8833     9609,1853  4246148    6,78%
    771   609     9099,5991    64     8998,8833     9609,1853  4265333    6,78%
    779   617     9084,4890   139     8998,8833     9609,1853  4316132    6,78%
    787   625     9068,2144   133     8998,8833     9609,1853  4348513    6,78%
    803   641     9064,5642   135     8998,8833     9609,1853  4381518    6,78%
    814   652     9151,0632    45     8998,8833     9609,1853  4399011    6,78%
Elapsed time = 7885,57 sec. (1921387,92 ticks, tree = 440,40 MB, solutions = 11)
    822   659     9185,7107    50     8998,8833     9609,1853  4407979    6,78%
    827   663     9045,8252   124     8998,8833     9609,1853  4426267    6,78%
    828   664     9130,1706    47     8998,8833     9609,1853  4444404    6,78%
    835   669     9026,9402   136     8998,8833     9609,1853  4473918    6,78%
    836   670     9114,9174    42     8998,8833     9609,1853  4476451    6,78%
    844   678     9102,9485    42     8998,8833     9609,1853  4496457    6,78%
    852   686     9064,3957    40     8998,8833     9609,1853  4514218    6,78%
    860   693     9090,3934    41     8998,8833     9609,1853  4535595    6,78%
    881   711     9541,2301    95     8998,8833     9609,1853  4626212    6,78%
    958   777     9257,9830    60     8998,8833     9577,9669  4706607    6,44%
Elapsed time = 8680,50 sec. (2050710,06 ticks, tree = 661,95 MB, solutions = 11)
    959   778     9485,4455   101     8998,8833     9577,9669  4708139    6,44%
    960   777     9004,0029   131     8998,8833     9577,9669  4711321    6,44%
    961   778     9474,4369    98     8998,8833     9577,9669  4732616    6,44%
    977   791     9428,9274    97     8998,8833     9577,9669  4759170    6,44%
    985   795     9402,5584   100     8998,8833     9577,9669  4768092    6,44%
    993   801     9391,7584    97     8998,8833     9577,9669  4800083    6,44%
   1001   806     9385,0984    95     8998,8833     9577,9669  4817018    6,44%
   1063   861     9147,5766    59     8998,8833     9577,9669  4998375    6,44%
   1111   893     9098,0029   132     8998,8833     9577,9669  5068211    6,44%
   1170   942     9127,1711    25     8998,8833     9545,8750  5149475    6,08%
Elapsed time = 10373,50 sec. (2296010,76 ticks, tree = 838,07 MB, solutions = 11)
   1173   945     9360,0144   100     8998,8833     9545,8750  5157231    6,08%
   1174   946     9305,4536   104     8998,8833     9545,8750  5170654    6,08%
   1181   951     9339,4856    91     8998,8833     9545,8750  5200317    6,08%
   1182   952     9266,0423   101     8998,8833     9545,8750  5206070    6,08%
   1189   957     9300,0545    87     8998,8833     9545,8750  5224927    6,08%
   1198   966     9214,2193   104     8998,8833     9545,8750  5260727    6,08%
   1206   974     9191,4292   107     8998,8833     9545,8750  5300441    6,08%
   1214   982     9164,4559   107     8998,8833     9545,8750  5312375    6,08%
   1222   990     9146,7817   108     8998,8833     9545,8750  5335639    6,08%
   1271  1035     9135,8379    50     8998,8833     9545,8750  5492869    6,08%
Elapsed time = 12047,94 sec. (2540767,41 ticks, tree = 838,07 MB, solutions = 11)
   1392  1133     9265,2568    91     8998,8833     9534,8301  5669290    5,96%
   1394  1135     9073,6939   113     8998,8833     9534,8301  5674476    5,96%
   1396  1137     9131,0728   120     8998,8833     9534,8301  5692031    5,96%
   1398  1139     9386,8775    92     8998,8833     9534,8301  5708934    5,96%
   1405  1146     9331,2569    92     8998,8833     9534,8301  5731280    5,96%
   1413  1153     9311,6366    85     8998,8833     9534,8301  5746108    5,96%
   1414  1154     9356,1637   101     8998,8833     9534,8301  5755843    5,96%
   1422  1158     9335,6346    91     8998,8833     9534,8301  5784402    5,96%
   1430  1164     9294,2348    84     8998,8833     9534,8301  5807564    5,96%
   1436  1170     9092,0291   131     8998,8833     9534,8301  5841961    5,96%
Elapsed time = 13064,77 sec. (2683112,34 ticks, tree = 1093,53 MB, solutions = 11)
   1450  1184     9371,1631    82     8998,8833     9534,8301  5881378    5,96%
   1458  1192     9344,2296    81     8998,8833     9534,8301  5892005    5,96%
   1468  1202     9031,5566   132     8998,8833     9534,8301  5923328    5,96%
   1476  1210     9018,9440   127     8998,8833     9534,8301  5961420    5,96%
   1478  1212     9197,7396    77     8998,8833     9534,8301  5966479    5,96%
   1486  1220     9185,6529    76     8998,8833     9534,8301  5993608    5,96%
   1494  1224     9180,4177    69     8998,8833     9534,8301  6036887    5,96%
   1502  1228     9166,9223    53     8998,8833     9534,8301  6123257    5,96%
   1510  1236     9148,9952    52     8998,8833     9534,8301  6201207    5,96%
   1516  1241     9398,9278   100     8998,8833     9534,8301  6233995    5,96%
Elapsed time = 13962,11 sec. (2828336,57 ticks, tree = 1093,53 MB, solutions = 11)
   1611  1321     9263,5125    36     8998,8833     9503,9216  6561351    5,61%
   1619  1329     9239,9468    35     8998,8833     9503,9216  6596134    5,61%
   1627  1337     9200,6511    32     8998,8833     9503,9216  6610027    5,61%
   1643  1353     9139,5180    34     8998,8833     9503,9216  6647287    5,61%
   1659  1365     9103,8781    35     8998,8833     9503,9216  6672611    5,61%
   1662  1368     9468,5484    94     8998,8833     9503,9216  6688123    5,61%
   1670  1376     9423,6384    93     8998,8833     9503,9216  6727190    5,61%
   1678  1382     9407,7289    93     8998,8833     9503,9216  6751406    5,61%
   1878  1549     9084,8413    35     8998,8833     9503,9216  7194295    5,61%
   1900  1571     9163,3565    71     8998,8833     9492,3328  7223347    5,48%
Elapsed time = 16191,44 sec. (3149609,52 ticks, tree = 1652,00 MB, solutions = 11)
   1902  1571     9372,1091    90     8998,8833     9492,3328  7241929    5,48%
   1910  1577     9365,4726    90     8998,8833     9492,3328  7272278    5,48%
   1913  1580     9280,1339    83     8998,8833     9492,3328  7294950    5,48%
   1921  1588     9253,8246    85     8998,8833     9492,3328  7315557    5,48%
   1929  1596     9198,2555    60     8998,8833     9492,3328  7339411    5,48%
   1937  1604     9138,8050    56     8998,8833     9492,3328  7362013    5,48%
   1945  1610     9174,9467    55     8998,8833     9492,3328  7385984    5,48%
   1953  1615     9162,3436    53     8998,8833     9492,3328  7408634    5,48%
   1961  1620     9136,5485    51     8998,8833     9492,3328  7429179    5,48%
   1969  1627     9097,2793    48     8998,8833     9492,3328  7460410    5,48%
Elapsed time = 17533,32 sec. (3339992,48 ticks, tree = 1652,00 MB, solutions = 11)
   1982  1638     9246,5554    89     8998,8833     9492,3328  7526178    5,48%
   1990  1646     9236,5997    84     8998,8833     9492,3328  7554656    5,48%
   2006  1659     9173,9966    86     8998,8833     9492,3328  7587563    5,48%
   2007  1660     9338,0322    81     8998,8833     9492,3328  7594586    5,48%
   2015  1666     9331,3257    83     8998,8833     9492,3328  7610609    5,48%
   2023  1672     9310,2535    70     8998,8833     9492,3328  7627530    5,48%
   2031  1679     9300,9646    64     8998,8833     9492,3328  7659773    5,48%
   2039  1685     9276,8937    73     8998,8833     9492,3328  7679179    5,48%
   2047  1689     9237,5350    75     8998,8833     9492,3328  7704615    5,48%
   2080  1720     9217,1598    47     8998,8833     9492,3328  7798242    5,48%
Elapsed time = 18662,40 sec. (3516672,17 ticks, tree = 1652,00 MB, solutions = 11)
   2258  1866     9096,8775    46     8998,8833     9484,6608  8032964    5,40%
   2259  1867     9236,7272    69     8998,8833     9484,6608  8036665    5,40%
   2268  1875     9170,3185    85     8998,8833     9484,6608  8069652    5,40%
   2269  1876     9176,7008    72     8998,8833     9484,6608  8079143    5,40%
   2276  1881     9114,4794    75     8998,8833     9484,6608  8097608    5,40%
   2277  1882     9164,6007    70     8998,8833     9484,6608  8106667    5,40%
   2284  1889     9106,4426    73     8998,8833     9484,6608  8156608    5,40%
   2292  1895     9074,3235    74     8998,8833     9484,6608  8197741    5,40%
   2300  1900     9060,9617    73     8998,8833     9484,6608  8226661    5,40%
   2316  1914     9045,7303    63     8998,8833     9484,6608  8304565    5,40%
Elapsed time = 19874,50 sec. (3684690,43 ticks, tree = 2020,78 MB, solutions = 11)
   2324  1922     9027,6716    60     8998,8833     9484,6608  8325921    5,40%
   2325  1923     9090,1710    49     8998,8833     9484,6608  8327034    5,40%
   2333  1926     9083,7954    27     8998,8833     9484,6608  8338551    5,40%
   2340  1928     9002,6637    60     8998,8833     9484,6608  8361334    5,40%
   2349  1933     9056,0632    26     8998,8833     9484,6608  8395945    5,40%
   2357  1936     9048,4256    24     8998,8833     9484,6608  8409439    5,40%
   2365  1942     9040,4592    23     8998,8833     9484,6608  8420896    5,40%
   2373  1950     9037,4393    24     8998,8833     9484,6608  8448483    5,40%
   2380  1957     9373,7539    89     8998,8833     9484,6608  8488307    5,40%
   2396  1973     9355,4068    77     8998,8833     9484,6608  8543269    5,40%
Elapsed time = 20793,05 sec. (3816027,44 ticks, tree = 2020,78 MB, solutions = 11)
   2404  1981     9316,0095    76     8998,8833     9484,6608  8566309    5,40%
   2412  1989     9291,9453    83     8998,8833     9484,6608  8598295    5,40%
   2420  1996     9248,7908    86     8998,8833     9484,6608  8615700    5,40%
   2428  2002     9231,1124    84     8998,8833     9484,6608  8629786    5,40%
   2436  2007     9222,0564    85     8998,8833     9484,6608  8659866    5,40%
   2636  2173     9027,3106    28     8998,8833     9471,3622  8991261    5,25%
   2640  2177     9364,2254    86     8998,8833     9471,3622  9018904    5,25%
   2648  2185     9363,8557    85     8998,8833     9471,3622  9072168    5,25%
   2656  2191     9339,9984    93     8998,8833     9471,3622  9129504    5,25%
   2664  2197     9332,1963    94     8998,8833     9471,3622  9161633    5,25%
Elapsed time = 22324,34 sec. (4048745,19 ticks, tree = 2090,23 MB, solutions = 11)
Nodefile size = 42,40 MB (21,21 MB after compression)
   2672  2205     9316,0317    90     8998,8833     9471,3622  9221746    5,25%
   2680  2213     9314,5917    90     8998,8833     9471,3622  9263291    5,25%
   2688  2221     9252,9028    92     8998,8833     9471,3622  9288446    5,25%
   2696  2229     9308,0155    89     8998,8833     9471,3622  9347546    5,25%
   2704  2237     9289,6192    87     8998,8833     9471,3622  9380649    5,25%
   2712  2245     9277,6481    89     8998,8833     9471,3622  9408226    5,25%
   2720  2252     9219,1786    84     8998,8833     9471,3622  9435830    5,25%
   2728  2259     9205,3317    81     8998,8833     9471,3622  9530841    5,25%
   2736  2266     9166,6282    81     8998,8833     9471,3622  9586275    5,25%
   2744  2272     9169,5034    76     8998,8833     9471,3622  9616251    5,25%
Elapsed time = 24089,56 sec. (4297169,61 ticks, tree = 2090,23 MB, solutions = 11)
Nodefile size = 42,40 MB (21,21 MB after compression)
   2752  2279     9160,4328    78     8998,8833     9471,3622  9657108    5,25%
   2760  2287     9035,6818    26     8998,8833     9471,3622  9719645    5,25%
   2800  2317     9391,8978    75     8998,8833     9471,3622 10051203    5,25%
   2914  2409     9204,1030    89     8998,8833     9471,3622 10986493    5,25%
   3088  2547     9083,8223    63     8998,8833     9455,6860 11550923    5,08%
   3089  2548     9358,7284   103     8998,8833     9455,6860 11563171    5,08%
   3098  2553     9349,0548    73     8998,8833     9455,6860 11601271    5,08%
   3100  2555     9183,9304    91     8998,8833     9455,6860 11605910    5,08%
   3106  2557     9292,8489    56     8998,8833     9455,6860 11655124    5,08%
   3108  2559     9171,8442    90     8998,8833     9455,6860 11665703    5,08%
Elapsed time = 25571,82 sec. (4526743,64 ticks, tree = 2381,98 MB, solutions = 11)
Nodefile size = 311,82 MB (158,38 MB after compression)
   3113  2564     9236,3009    81     8998,8833     9455,6860 11697344    5,08%
   3116  2567     9162,5096    88     8998,8833     9455,6860 11707414    5,08%
   3121  2572     9196,8655    81     8998,8833     9455,6860 11724792    5,08%
   3124  2575     9153,3672   103     8998,8833     9455,6860 11743188    5,08%
   3137  2584     9144,8815    80     8998,8833     9455,6860 11776452    5,08%
   3145  2592     9127,2047    79     8998,8833     9455,6860 11814742    5,08%
   3153  2600     9115,1185    79     8998,8833     9455,6860 11845494    5,08%
   3156  2603     9104,9088   100     8998,8833     9455,6860 11860021    5,08%
   3161  2608     9110,5722    84     8998,8833     9455,6860 11883334    5,08%
   3169  2616     9100,4020    77     8998,8833     9455,6860 11911132    5,08%
Elapsed time = 26672,11 sec. (4657817,35 ticks, tree = 2381,98 MB, solutions = 11)
Nodefile size = 311,82 MB (158,38 MB after compression)
   3172  2619     9072,3220    89     8998,8833     9455,6860 11928561    5,08%
   3177  2624     9088,9476    82     8998,8833     9455,6860 11948380    5,08%
   3185  2632     9075,5660    72     8998,8833     9455,6860 11990308    5,08%
   3201  2647     9041,0887    70     8998,8833     9455,6860 12034662    5,08%
   3212  2656     9027,6845   102     8998,8833     9455,6860 12069511    5,08%
   3217  2659     9013,3740    67     8998,8833     9455,6860 12085506    5,08%
   3225  2665     9005,3049    59     8998,8833     9455,6860 12106079    5,08%
   3242  2673     9408,0077    87     8998,8833     9455,6860 12137567    5,08%
   3249  2679     9410,4415    93     8998,8833     9455,6860 12180541    5,08%
   3257  2685     9390,9201    85     8998,8833     9455,6860 12215682    5,08%
Elapsed time = 28092,18 sec. (4850919,99 ticks, tree = 2381,98 MB, solutions = 11)
Nodefile size = 311,82 MB (158,38 MB after compression)
   3258  2686     9357,7950    86     8998,8833     9455,6860 12243211    5,08%
   3286  2707     9316,7763    86     8998,8833     9455,6860 12366126    5,08%
