
<<< setup


<<< generate

Found incumbent of value 0,000000 after 0,04 sec. (22,94 ticks)
Tried aggregator 9 times.
MIP Presolve eliminated 154265 rows and 545793 columns.
MIP Presolve modified 12 coefficients.
Aggregator did 171304 substitutions.
Reduced MIP has 3556 rows, 21264 columns, and 60049 nonzeros.
Reduced MIP has 10962 binaries, 10302 generals, 0 SOSs, and 0 indicators.
Presolve time = 7,47 sec. (6059,33 ticks)
Tried aggregator 1 time.
Reduced MIP has 3556 rows, 21264 columns, and 60049 nonzeros.
Reduced MIP has 10962 binaries, 10302 generals, 0 SOSs, and 0 indicators.
Presolve time = 0,05 sec. (33,79 ticks)
Probing time = 0,02 sec. (7,50 ticks)
Clique table members: 1827.
MIP emphasis: balance optimality and feasibility.
MIP search method: dynamic search.
Parallel mode: deterministic, using up to 24 threads.
Root relaxation solution time = 0,10 sec. (107,53 ticks)

        Nodes                                         Cuts/
   Node  Left     Objective  IInf  Best Integer    Best Bound    ItCnt     Gap

*     0+    0                         2711,0000    79425,7681              --- 
*     0+    0                         4483,1855    79425,7681              --- 
      0     0    10068,8949    20     4483,1855    10068,8949     1570  124,59%
*     0+    0                        10067,7020    10068,8949             0,01%

Root node processing (before b&c):
  Real time             =    7,88 sec. (6358,54 ticks)
Parallel b&c, 24 threads:
  Real time             =    0,00 sec. (0,00 ticks)
  Sync time (average)   =    0,00 sec.
  Wait time (average)   =    0,00 sec.
                          ------------
Total (root+branch&cut) =    7,88 sec. (6358,54 ticks)

<<< solve


OBJECTIVE: 10067.7
avg_utility = 0.446105

<<< post process


<<< done

