
<<< setup


<<< generate

Found incumbent of value 0,000000 after 0,03 sec. (18,88 ticks)
Tried aggregator 6 times.
MIP Presolve eliminated 364135 rows and 387374 columns.
MIP Presolve modified 17366 coefficients.
Aggregator did 135817 substitutions.
Reduced MIP has 1598 rows, 7930 columns, and 28655 nonzeros.
Reduced MIP has 0 binaries, 0 generals, 0 SOSs, and 0 indicators.
Presolve time = 5,99 sec. (4422,94 ticks)
Tried aggregator 1 time.
MIP Presolve eliminated 1364 rows and 6820 columns.
Reduced MIP has 234 rows, 1110 columns, and 3995 nonzeros.
Reduced MIP has 0 binaries, 0 generals, 0 SOSs, and 0 indicators.
Presolve time = 0,03 sec. (16,67 ticks)
Tried aggregator 1 time.
Reduced MIP has 234 rows, 1110 columns, and 3995 nonzeros.
Reduced MIP has 0 binaries, 0 generals, 0 SOSs, and 0 indicators.
Presolve time = 0,02 sec. (8,97 ticks)
MIP emphasis: balance optimality and feasibility.
MIP search method: dynamic search.
Parallel mode: deterministic, using up to 24 threads.
Root relaxation solution time = 0,01 sec. (3,08 ticks)

        Nodes                                         Cuts/
   Node  Left     Objective  IInf  Best Integer    Best Bound    ItCnt     Gap

*     0+    0                         1706,0000    19265,0000              --- 
*     0     0      integral     0     3133,3333     3133,3333      261    0,00%
Elapsed time = 6,12 sec. (4500,99 ticks, tree = 0,00 MB, solutions = 2)

Root node processing (before b&c):
  Real time             =    6,15 sec. (4523,71 ticks)
Parallel b&c, 24 threads:
  Real time             =    0,00 sec. (0,00 ticks)
  Sync time (average)   =    0,00 sec.
  Wait time (average)   =    0,00 sec.
                          ------------
Total (root+branch&cut) =    6,15 sec. (4523,71 ticks)

<<< solve


OBJECTIVE: 3133.333
avg_utility = 0.398238

<<< post process


<<< done

