
<<< setup


<<< generate

Found incumbent of value 0,000000 after 0,06 sec. (56,53 ticks)
Tried aggregator 2 times.
MIP Presolve eliminated 2395334 rows and 1226454 columns.
MIP Presolve modified 9340 coefficients.
Aggregator did 9337 substitutions.
Reduced MIP has 24898 rows, 38898 columns, and 93356 nonzeros.
Reduced MIP has 7780 binaries, 0 generals, 0 SOSs, and 0 indicators.
Presolve time = 0,96 sec. (1515,78 ticks)
Probing time = 0,01 sec. (1,96 ticks)
Tried aggregator 1 time.
Reduced MIP has 24898 rows, 38898 columns, and 93356 nonzeros.
Reduced MIP has 7780 binaries, 0 generals, 0 SOSs, and 0 indicators.
Presolve time = 0,09 sec. (81,82 ticks)
Probing time = 0,01 sec. (1,96 ticks)
MIP emphasis: balance optimality and feasibility.
MIP search method: dynamic search.
Parallel mode: deterministic, using up to 8 threads.
Root relaxation solution time = 0,16 sec. (339,56 ticks)

        Nodes                                         Cuts/
   Node  Left     Objective  IInf  Best Integer    Best Bound    ItCnt     Gap

*     0+    0                            0,0000    12260,4342              --- 
*     0+    0                         1505,2753    12260,4342           714,50%
      0     0     2858,0000   560     1505,2753     2858,0000     1556   89,87%
*     0+    0                         2753,4658     2858,0000             3,80%
      0     0     2858,0000   563     2753,4658    Cuts: 1320     2711    3,80%
      0     0     2858,0000   434     2753,4658    Cuts: 1326     3840    3,80%
      0     0     2835,3465   419     2753,4658     Cuts: 866     4406    2,97%
      0     0     2835,3465   419     2753,4658     Cuts: 838     4853    2,97%
      0     2     2835,3465   419     2753,4658     2835,3465     4853    2,97%
Elapsed time = 6,31 sec. (7663,95 ticks, tree = 0,00 MB, solutions = 3)
      9    11     2835,3465   419     2753,4658     2835,3465     4891    2,97%
     47    49     2835,3465   419     2753,4658     2835,3465     4963    2,97%
    276   278     2835,3465   419     2753,4658     2835,3465     5313    2,97%
    541   543     2835,3465   419     2753,4658     2835,3465     5715    2,97%
    852   854     2835,3465   419     2753,4658     2835,3465     6188    2,97%
    878   880     2835,3465   419     2753,4658     2835,3465     6222    2,97%
*   891+  891                         2754,3027     2835,3465             2,94%
*   894+  894                         2754,3027     2835,3465             2,94%
   1092  1094     2835,3465   419     2754,3027     2835,3465     6558    2,94%
   1365  1367     2835,3465   419     2754,3027     2835,3465     6869    2,94%
   1652  1654     2835,3465   419     2754,3027     2835,3465     7156    2,94%
*  1716+ 1144                         2761,0407     2835,3465             2,69%
*  1716+  762                         2771,9007     2808,0613             1,30%

Implied bound cuts applied:  1
Flow cuts applied:  6583
Mixed integer rounding cuts applied:  1572
Gomory fractional cuts applied:  1403

Root node processing (before b&c):
  Real time             =    6,31 sec. (7721,40 ticks)
Parallel b&c, 8 threads:
  Real time             =   23,15 sec. (14014,90 ticks)
  Sync time (average)   =    0,78 sec.
  Wait time (average)   =    0,90 sec.
                          ------------
Total (root+branch&cut) =   29,46 sec. (21736,30 ticks)

<<< solve


OBJECTIVE: 2771.901
avg_utility = 0.969874

<<< post process


<<< done

