
<<< setup


<<< generate

Found incumbent of value 0,000000 after 0,03 sec. (16,97 ticks)
Tried aggregator 4 times.
MIP Presolve eliminated 179292 rows and 387725 columns.
MIP Presolve modified 4848 coefficients.
Aggregator did 106112 substitutions.
Reduced MIP has 16146 rows, 37284 columns, and 114115 nonzeros.
Reduced MIP has 2820 binaries, 0 generals, 0 SOSs, and 0 indicators.
Presolve time = 5,09 sec. (3554,03 ticks)
Probing time = 0,17 sec. (1,39 ticks)
Tried aggregator 1 time.
Reduced MIP has 16146 rows, 37284 columns, and 114115 nonzeros.
Reduced MIP has 2820 binaries, 0 generals, 0 SOSs, and 0 indicators.
Presolve time = 0,09 sec. (53,35 ticks)
Probing time = 0,19 sec. (1,40 ticks)
MIP emphasis: balance optimality and feasibility.
MIP search method: dynamic search.
Parallel mode: deterministic, using up to 24 threads.
Root relaxation solution time = 0,69 sec. (472,24 ticks)

        Nodes                                         Cuts/
   Node  Left     Objective  IInf  Best Integer    Best Bound    ItCnt     Gap

*     0+    0                         1706,0000    19265,0000              --- 
*     0+    0                         3139,5083    19265,0000           513,63%
      0     0     3630,6500   375     3139,5083     3630,6500       23   15,64%
*     0+    0                         3578,1464     3630,6500             1,47%
      0     0     3630,6500   188     3578,1464     Cuts: 118      170    1,47%
      0     0     3630,6500   123     3578,1464     Cuts: 493      826    1,47%
      0     0     3630,6500   125     3578,1464     Cuts: 249     1437    1,47%
*     0+    0                         3609,8000     3630,6500             0,58%

Flow cuts applied:  596
Mixed integer rounding cuts applied:  136
Gomory fractional cuts applied:  58

Root node processing (before b&c):
  Real time             =   10,05 sec. (7874,15 ticks)
Parallel b&c, 24 threads:
  Real time             =    0,00 sec. (0,00 ticks)
  Sync time (average)   =    0,00 sec.
  Wait time (average)   =    0,00 sec.
                          ------------
Total (root+branch&cut) =   10,05 sec. (7874,15 ticks)

<<< solve


OBJECTIVE: 3609.8
avg_utility = 0.458795

<<< post process


<<< done

