
<<< setup


<<< generate

Tried aggregator 8 times.
MIP Presolve eliminated 196448 rows and 637583 columns.
MIP Presolve modified 19 coefficients.
Aggregator did 203683 substitutions.
Reduced MIP has 3008 rows, 17935 columns, and 62244 nonzeros.
Reduced MIP has 11220 binaries, 6715 generals, 0 SOSs, and 0 indicators.
Presolve time = 8,18 sec. (6592,25 ticks)
Found incumbent of value 1249,200000 after 8,23 sec. (6664,14 ticks)
Probing time = 0,00 sec. (4,91 ticks)
Tried aggregator 1 time.
Presolve time = 0,04 sec. (33,62 ticks)
Probing time = 0,00 sec. (4,91 ticks)
Clique table members: 1870.
MIP emphasis: balance optimality and feasibility.
MIP search method: dynamic search.
Parallel mode: deterministic, using up to 24 threads.
Root relaxation solution time = 0,14 sec. (94,97 ticks)

        Nodes                                         Cuts/
   Node  Left     Objective  IInf  Best Integer    Best Bound    ItCnt     Gap

*     0+    0                         1249,2000    33232,8000     2033     --- 
*     0+    0                         2731,2000    33232,8000     2033     --- 
*     0+    0                         2731,6000    33232,8000     2033     --- 
      0     0     3945,1433    30     2731,6000     3945,1433     2033   44,43%
*     0+    0                         3942,2000     3945,1433     2033    0,07%

Root node processing (before b&c):
  Real time             =    0,32 sec. (212,09 ticks)
Parallel b&c, 24 threads:
  Real time             =    0,00 sec. (0,00 ticks)
  Sync time (average)   =    0,00 sec.
  Wait time (average)   =    0,00 sec.
                          ------------
Total (root+branch&cut) =    0,32 sec. (212,09 ticks)

<<< solve


OBJECTIVE: 3942.2
avg_utility = 0.3185616161616167

<<< post process


<<< done

