
<<< setup


<<< generate

Found incumbent of value 0.000000 after 0.02 sec. (6.73 ticks)
Tried aggregator 2 times.
MIP Presolve eliminated 341167 rows and 126759 columns.
MIP Presolve modified 236 coefficients.
Aggregator did 2331 substitutions.
Reduced MIP has 934 rows, 2095 columns, and 4656 nonzeros.
Reduced MIP has 233 binaries, 0 generals, 0 SOSs, and 0 indicators.
Presolve time = 0.34 sec. (208.57 ticks)
Probing time = 0.00 sec. (0.11 ticks)
Tried aggregator 1 time.
Reduced MIP has 934 rows, 2095 columns, and 4656 nonzeros.
Reduced MIP has 233 binaries, 0 generals, 0 SOSs, and 0 indicators.
Presolve time = 0.02 sec. (7.26 ticks)
Probing time = 0.00 sec. (0.11 ticks)
MIP emphasis: balance optimality and feasibility.
MIP search method: dynamic search.
Parallel mode: deterministic, using up to 8 threads.
Root relaxation solution time = 0.03 sec. (9.52 ticks)

        Nodes                                         Cuts/
   Node  Left     Objective  IInf  Best Integer    Best Bound    ItCnt     Gap

*     0+    0                            0.0000     1750.2649              --- 
      0     0      408.0000   133        0.0000      408.0000      539     --- 
*     0+    0                          399.4544      408.0000             2.14%
      0     0      408.0000    42      399.4544     Cuts: 123      649    2.14%
      0     0      408.0000    41      399.4544     Cuts: 125      768    2.14%
      0     0      408.0000    42      399.4544  Flowcuts: 82      889    2.14%
*     0+    0                          400.0241      408.0000             1.99%
      0     2      408.0000    42      400.0241      408.0000      889    1.99%
Elapsed time = 0.69 sec. (426.48 ticks, tree = 0.00 MB, solutions = 3)
*     3+    3                          400.2140      408.0000             1.95%
*     6     6      integral     0      404.3918      408.0000     1155    0.89%

Implied bound cuts applied:  70
Flow cuts applied:  228
Mixed integer rounding cuts applied:  20
Gomory fractional cuts applied:  82

Root node processing (before b&c):
  Real time             =    0.70 sec. (433.03 ticks)
Parallel b&c, 8 threads:
  Real time             =    0.12 sec. (71.34 ticks)
  Sync time (average)   =    0.07 sec.
  Wait time (average)   =    0.08 sec.
                          ------------
Total (root+branch&cut) =    0.82 sec. (504.37 ticks)

<<< solve


OBJECTIVE: 404.3918
avg_utility = 0.991156

<<< post process


<<< done

