
<<< setup


<<< generate

Found incumbent of value 0,000000 after 0,02 sec. (15,82 ticks)
Aggregator has done 71306 substitutions...
Tried aggregator 12 times.
MIP Presolve eliminated 66241 rows and 235678 columns.
MIP Presolve modified 49550 coefficients.
Aggregator did 72620 substitutions.
Reduced MIP has 82205 rows, 203431 columns, and 569726 nonzeros.
Reduced MIP has 32830 binaries, 6378 generals, 0 SOSs, and 0 indicators.
Presolve time = 13,12 sec. (10555,19 ticks)
Probing time = 0,25 sec. (8,05 ticks)
Tried aggregator 1 time.
Reduced MIP has 82205 rows, 203431 columns, and 569726 nonzeros.
Reduced MIP has 32830 binaries, 6378 generals, 0 SOSs, and 0 indicators.
Presolve time = 0,58 sec. (250,86 ticks)
Probing time = 0,10 sec. (7,94 ticks)
Clique table members: 1733.
MIP emphasis: balance optimality and feasibility.
MIP search method: dynamic search.
Parallel mode: deterministic, using up to 24 threads.
Root relaxation solution time = 4,02 sec. (4074,81 ticks)

        Nodes                                         Cuts/
   Node  Left     Objective  IInf  Best Integer    Best Bound    ItCnt     Gap

*     0+    0                            0,0000    47132,7468              --- 
      0     0    10986,6708  2335        0,0000    10986,6708     3780     --- 
      0     0    10763,0572  1815        0,0000    Cuts: 6972    19986     --- 
      0     0    10604,2358  2540        0,0000    Cuts: 5257    58870     --- 
      0     0    10443,8434  2463        0,0000    Cuts: 6558    67941     --- 
*     0+    0                         3410,7309    10443,8434           206,21%
*     0+    0                         5569,3504    10443,8434            87,52%
*     0+    0                         5954,7281    10443,8434            75,39%
      0     0    10305,4199  2482     5954,7281    Cuts: 6340    76630   73,06%
      0     0    10201,2159  1912     5954,7281    Cuts: 6565    89059   71,31%
      0     0    10149,5589  1933     5954,7281    Cuts: 5658    97705   70,45%
      0     0    10110,1721  2122     5954,7281    Cuts: 4988   108837   69,78%
      0     0    10074,7782  2118     5954,7281    Cuts: 4822   117221   69,19%
      0     0    10037,3731  1978     5954,7281    Cuts: 5080   122156   68,56%
      0     0    10008,3395  1977     5954,7281    Cuts: 3845   126035   68,07%
      0     0     9983,1320  1272     5954,7281    Cuts: 3550   130023   67,65%
      0     0     9963,4935  1280     5954,7281    Cuts: 2506   133130   67,32%
      0     0     9952,8685   895     5954,7281    Cuts: 2308   136298   67,14%
      0     0     9947,9356  1132     5954,7281    Cuts: 1755   138708   67,06%
      0     0     9943,1462  1186     5954,7281    Cuts: 1998   141498   66,98%
      0     0     9938,1422   800     5954,7281    Cuts: 1831   144768   66,89%
      0     0     9936,0571   638     5954,7281    Cuts: 1021   146286   66,86%
      0     0     9934,1854   443     5954,7281     Cuts: 791   148682   66,83%
      0     0     9931,8169   481     5954,7281     Cuts: 579   151419   66,79%
      0     0     9931,1880   364     5954,7281     Cuts: 631   154008   66,78%
      0     0     9930,8624   350     5954,7281     Cuts: 370   154889   66,77%
      0     0     9930,4460   288     5954,7281     Cuts: 368   156102   66,77%
      0     0     9930,2228   300     5954,7281     Cuts: 226   156450   66,76%
Heuristic still looking.
Heuristic still looking.
      0     2     9930,2228   300     5954,7281     9930,2228   156450   66,76%
Elapsed time = 798,62 sec. (549751,81 ticks, tree = 0,00 MB, solutions = 4)
      1     3     9930,2193   288     5954,7281     9930,2228   156464   66,76%
      2     4     9930,2088   279     5954,7281     9930,2186   158484   66,76%
      3     5     9930,0596   293     5954,7281     9930,2186   167867   66,76%
      4     6     9930,0481   322     5954,7281     9930,2186   168133   66,76%
      5     7     9930,0589   310     5954,7281     9930,2186   168257   66,76%
      6     8     9930,2031   268     5954,7281     9930,2147   168398   66,76%
      8    10     9930,0291   323     5954,7281     9930,2147   169970   66,76%
      9    11     9930,0389   297     5954,7281     9930,2147   172067   66,76%
     10    12     9930,0172   312     5954,7281     9930,2147   173448   66,76%
     13    15     9930,2033   257     5954,7281     9930,2147   174336   66,76%
Elapsed time = 890,08 sec. (607384,20 ticks, tree = 0,00 MB, solutions = 4)
     17    19     9930,0209   306     5954,7281     9930,2147   175078   66,76%
     18    20     9929,4104   333     5954,7281     9930,2147   177886   66,76%
     20    22     9929,4082   335     5954,7281     9930,2147   179640   66,76%
     22    24     9929,4090   325     5954,7281     9930,2147   189428   66,76%
     23    25     9930,1925   233     5954,7281     9930,2147   191683   66,76%
     29    31     9929,9909   301     5954,7281     9930,2147   211666   66,76%
     30    32     9929,9569   287     5954,7281     9930,2147   217573   66,76%
     32    34     9929,0778   321     5954,7281     9930,2147   227795   66,76%
     37    39     9929,0765   330     5954,7281     9930,2147   232809   66,76%
     42    44     9929,0737   320     5954,7281     9930,2147   235662   66,76%
Elapsed time = 996,22 sec. (672388,35 ticks, tree = 0,00 MB, solutions = 4)
     45    47     9929,9734   294     5954,7281     9930,2147   235949   66,76%
     51    53     9929,8820   284     5954,7281     9930,2147   245251   66,76%
     55    57     9929,0679   321     5954,7281     9930,2147   250077   66,76%
*    56+   56                         9775,2586     9930,2147             1,59%
*    56+   56                         9778,1813     9930,2147             1,55%
     59    61     9929,1503   275     9778,1813     9930,2147   256135    1,55%
     60    62     9929,3109   309     9778,1813     9930,2147   257111    1,55%
*    63+   63                         9829,9419     9930,2147             1,02%
*    63+   63                         9830,0267     9930,2147             1,02%
    353   355     9928,6120   219     9830,0267     9930,2147   316466    1,02%
    363   365     9928,2124   276     9830,0267     9930,2147   317694    1,02%
    366   368     9929,2269   275     9830,0267     9930,2147   322486    1,02%
    440   442     9929,1454   276     9830,0267     9930,2147   356327    1,02%
    462   464     9927,1868   290     9830,0267     9930,2147   362850    1,02%
Elapsed time = 1499,88 sec. (819694,00 ticks, tree = 0,00 MB, solutions = 8)
   2514  2516     9916,2426   205     9830,0267     9930,2147   406559    1,02%
   2521  2523     9926,8886   255     9830,0267     9930,2147   407018    1,02%
   2531  2533     9928,7299   276     9830,0267     9930,2147   408511    1,02%
   2555  2557     9928,6536   285     9830,0267     9930,2147   411991    1,02%
   2575  2577     9928,9944   255     9830,0267     9930,2147   418006    1,02%
   2599  2601     9928,9915   231     9830,0267     9930,2147   421110    1,02%
   2623  2625     9928,9488   216     9830,0267     9930,2147   428153    1,02%
   2676  2678     9928,0268   265     9830,0267     9930,2147   435703    1,02%
   2700  2702     9928,0197   248     9830,0267     9930,2147   437980    1,02%
   2724  2726     9928,0138   266     9830,0267     9930,2147   441171    1,02%
Elapsed time = 1668,56 sec. (851616,33 ticks, tree = 467,63 MB, solutions = 8)
   2923  2925     9928,2670   202     9830,0267     9930,2147   467802    1,02%
   3393  3395     9925,9579   235     9830,0267     9930,2147   489508    1,02%
   3664  3666     9925,7539   209     9830,0267     9930,2147   498080    1,02%
   3803  3805     9914,3143   291     9830,0267     9930,2147   499574    1,02%
   3809  3811     9926,8680   286     9830,0267     9930,2147   500730    1,02%
   3833  3835     9927,4326   276     9830,0267     9930,2147   506514    1,02%
   3845  3847     9928,0178   263     9830,0267     9930,2147   512544    1,02%
   3869  3871     9927,8835   261     9830,0267     9930,2147   515263    1,02%
   3914  3916     9928,9112   175     9830,0267     9930,2147   520262    1,02%
*  5465+ 5465                         9919,4566     9930,2147             0,11%
   5465  5454     9927,9814   183     9919,4566     9930,2147   607811    0,11%
Elapsed time = 3544,26 sec. (1289162,06 ticks, tree = 6417,76 MB, solutions = 8)
Nodefile size = 4329,39 MB (2299,36 MB after compression)

Implied bound cuts applied:  622
Flow cuts applied:  32251
Mixed integer rounding cuts applied:  21039
Flow path cuts applied:  4193
Lift and project cuts applied:  1
Gomory fractional cuts applied:  324

Root node processing (before b&c):
  Real time             =  797,09 sec. (549494,96 ticks)
Parallel b&c, 24 threads:
  Real time             = 2882,94 sec. (841435,90 ticks)
  Sync time (average)   = 1026,81 sec.
  Wait time (average)   = 1029,82 sec.
                          ------------
Total (root+branch&cut) = 3680,03 sec. (1390930,86 ticks)

<<< solve


OBJECTIVE: 9919.457
avg_utility = 0.902836

<<< post process


<<< done

