
<<< setup


<<< generate

Found incumbent of value 0,000000 after 0,02 sec. (16,53 ticks)
Tried aggregator 8 times.
MIP Presolve eliminated 110573 rows and 322580 columns.
MIP Presolve modified 31594 coefficients.
Aggregator did 80143 substitutions.
Reduced MIP has 61229 rows, 129598 columns, and 402217 nonzeros.
Reduced MIP has 14225 binaries, 0 generals, 0 SOSs, and 0 indicators.
Presolve time = 8,72 sec. (8365,05 ticks)
Probing time = 0,05 sec. (5,58 ticks)
Tried aggregator 1 time.
Reduced MIP has 61229 rows, 129598 columns, and 402217 nonzeros.
Reduced MIP has 14225 binaries, 0 generals, 0 SOSs, and 0 indicators.
Presolve time = 0,28 sec. (217,08 ticks)
Probing time = 0,04 sec. (5,88 ticks)
MIP emphasis: balance optimality and feasibility.
MIP search method: dynamic search.
Parallel mode: deterministic, using up to 8 threads.
Root relaxation solution time = 1,92 sec. (1490,00 ticks)

        Nodes                                         Cuts/
   Node  Left     Objective  IInf  Best Integer    Best Bound    ItCnt     Gap

*     0+    0                            0,0000    22631,0000              --- 
      0     0     7863,0000  1547        0,0000     7863,0000     4682     --- 
      0     0     7242,5151  1192        0,0000    Cuts: 4608    26434     --- 
      0     0     6912,6850  1160        0,0000    Cuts: 3604    40945     --- 
      0     0     6634,6705  1040        0,0000    Cuts: 3505    54543     --- 
*     0+    0                         5487,4171     6634,6705            20,91%
*     0+    0                         5512,6220     6634,6705            20,35%
*     0+    0                         5566,3714     6634,6705            19,19%
*     0+    0                         5567,5714     6634,6705            19,17%
*     0+    0                         5568,3143     6634,6705            19,15%
      0     0     6382,5905  1037     5568,3143    Cuts: 3172    92084   14,62%
      0     0     6266,4014   802     5568,3143    Cuts: 3337   110603   12,54%
      0     0     6198,8618   428     5568,3143    Cuts: 3161   129820   11,32%
*     0+    0                         5721,1473     6198,8618             8,35%
*     0+    0                         5940,2565     6198,8618             4,35%
      0     0     6177,8295   503     5940,2565    Cuts: 1674   153268    4,00%
      0     0     6169,5323   383     5940,2565    Cuts: 1571   164314    3,86%
      0     0     6163,1258   286     5940,2565    Cuts: 1220   173848    3,75%
*     0+    0                         6038,9640     6163,1258             2,06%
*     0+    0                         6044,1321     6163,1258             1,97%
*     0+    0                         6050,9607     6163,1258             1,85%
*     0+    0                         6054,6010     6163,1258             1,79%
*     0+    0                         6060,8164     6163,1258             1,69%
      0     0     6157,8249   283     6060,8164     Cuts: 742   185217    1,60%
      0     0     6154,2565   295     6060,8164     Cuts: 471   205787    1,54%
      0     0     6149,2144   235     6060,8164     Cuts: 528   207428    1,46%
*     0+    0                         6077,5757     6149,2144             1,18%
*     0+    0                         6083,1056     6149,2144             1,09%
*     0+    0                         6088,6184     6149,2144             1,00%

Implied bound cuts applied:  434
Flow cuts applied:  17989
Mixed integer rounding cuts applied:  5201
Flow path cuts applied:  1038
Gomory fractional cuts applied:  335

Root node processing (before b&c):
  Real time             =  381,26 sec. (288995,05 ticks)
Parallel b&c, 8 threads:
  Real time             =    0,00 sec. (0,00 ticks)
  Sync time (average)   =    0,00 sec.
  Wait time (average)   =    0,00 sec.
                          ------------
Total (root+branch&cut) =  381,26 sec. (288995,05 ticks)

<<< solve


OBJECTIVE: 6088.618
avg_utility = 0.774338

<<< post process


<<< done

