
<<< setup


<<< generate

Tried aggregator 2 times.
MIP Presolve eliminated 12936 rows and 11735 columns.
MIP Presolve modified 502 coefficients.
Aggregator did 1800 substitutions.
Reduced MIP has 1102 rows, 2100 columns, and 4100 nonzeros.
Reduced MIP has 500 binaries, 600 generals, 0 SOSs, and 0 indicators.
Presolve time = 0,04 sec. (50,96 ticks)
Found incumbent of value 0,000000 after 0,04 sec. (53,74 ticks)
Probing time = 0,00 sec. (5,32 ticks)
Tried aggregator 1 time.
Reduced MIP has 1102 rows, 2100 columns, and 4100 nonzeros.
Reduced MIP has 500 binaries, 600 generals, 0 SOSs, and 0 indicators.
Presolve time = 0,00 sec. (3,26 ticks)
Probing time = 0,01 sec. (5,27 ticks)
Clique table members: 42.
MIP emphasis: balance optimality and feasibility.
MIP search method: dynamic search.
Parallel mode: deterministic, using up to 8 threads.
Root relaxation solution time = 0,00 sec. (2,41 ticks)

        Nodes                                         Cuts/
   Node  Left     Objective  IInf  Best Integer    Best Bound    ItCnt     Gap

*     0+    0                            0,0000     7350,0000              --- 
      0     0      816,5093     5        0,0000      816,5093       11     --- 
*     0+    0                          815,6000      816,5093             0,11%
      0     0        cutoff            815,6000      815,6000      111    0,00%
Elapsed time = 0,13 sec. (107,95 ticks, tree = 0,00 MB, solutions = 2)

Implied bound cuts applied:  1
Flow cuts applied:  1
Mixed integer rounding cuts applied:  1
Gomory fractional cuts applied:  1

Root node processing (before b&c):
  Real time             =    0,13 sec. (108,49 ticks)
Parallel b&c, 8 threads:
  Real time             =    0,00 sec. (0,00 ticks)
  Sync time (average)   =    0,00 sec.
  Wait time (average)   =    0,00 sec.
                          ------------
Total (root+branch&cut) =    0,13 sec. (108,49 ticks)

<<< solve


OBJECTIVE: 815.6

<<< post process


<<< done

