
<<< setup


<<< generate

Presolve has eliminated 85669 rows and 111219 columns...
Tried aggregator 7 times.
MIP Presolve eliminated 244014 rows and 283889 columns.
MIP Presolve modified 1066 coefficients.
Aggregator did 19560 substitutions.
Reduced MIP has 11462 rows, 21580 columns, and 50280 nonzeros.
Reduced MIP has 6230 binaries, 0 generals, 0 SOSs, and 0 indicators.
Presolve time = 4,99 sec. (13535,86 ticks)
Found incumbent of value 0,000000 after 5,06 sec. (13579,09 ticks)
Probing time = 0,02 sec. (5,74 ticks)
Tried aggregator 2 times.
MIP Presolve eliminated 3445 rows and 2890 columns.
MIP Presolve modified 890 coefficients.
Aggregator did 1780 substitutions.
Reduced MIP has 6237 rows, 16910 columns, and 39160 nonzeros.
Reduced MIP has 6230 binaries, 0 generals, 0 SOSs, and 0 indicators.
Presolve time = 0,07 sec. (68,81 ticks)
Probing time = 0,03 sec. (4,89 ticks)
Clique table members: 890.
MIP emphasis: balance optimality and feasibility.
MIP search method: dynamic search.
Parallel mode: deterministic, using up to 24 threads.
Root relaxation solution time = 0,13 sec. (163,57 ticks)

        Nodes                                         Cuts/
   Node  Left     Objective  IInf  Best Integer    Best Bound    ItCnt     Gap

*     0+    0                            0,0000     5696,0000       10     --- 
      0     0     1112,6250     4        0,0000     1112,6250       10     --- 
*     0+    0                         1112,6000     1112,6250       15    0,00%
*     0     0      integral     0     1112,6000     1112,6250       15    0,00%
Elapsed time = 5,97 sec. (15431,77 ticks, tree = 0,00 MB, solutions = 2)

Flow cuts applied:  2

Root node processing (before b&c):
  Real time             =    0,60 sec. (749,89 ticks)
Parallel b&c, 24 threads:
  Real time             =    0,00 sec. (0,00 ticks)
  Sync time (average)   =    0,00 sec.
  Wait time (average)   =    0,00 sec.
                          ------------
Total (root+branch&cut) =    0,60 sec. (749,89 ticks)

<<< solve


OBJECTIVE: 1112.6

<<< post process


<<< done

