
<<< setup


<<< generate

Found incumbent of value 0,000000 after 0,01 sec. (13,50 ticks)
Tried aggregator 5 times.
MIP Presolve eliminated 343821 rows and 212226 columns.
MIP Presolve modified 14855 coefficients.
Aggregator did 73802 substitutions.
Reduced MIP has 32605 rows, 61253 columns, and 192723 nonzeros.
Reduced MIP has 1925 binaries, 0 generals, 0 SOSs, and 0 indicators.
Presolve time = 3,81 sec. (3847,71 ticks)
Probing time = 0,02 sec. (2,61 ticks)
Tried aggregator 1 time.
Reduced MIP has 32605 rows, 61253 columns, and 192723 nonzeros.
Reduced MIP has 1925 binaries, 0 generals, 0 SOSs, and 0 indicators.
Presolve time = 0,14 sec. (94,00 ticks)
Probing time = 0,02 sec. (2,73 ticks)
MIP emphasis: balance optimality and feasibility.
MIP search method: dynamic search.
Parallel mode: deterministic, using up to 8 threads.
Root relaxation solution time = 0,14 sec. (118,46 ticks)

        Nodes                                         Cuts/
   Node  Left     Objective  IInf  Best Integer    Best Bound    ItCnt     Gap

*     0+    0                            0,0000    16168,0000              --- 
      0     0     3777,0000   944        0,0000     3777,0000     2064     --- 
*     0+    0                         2221,0000     3777,0000            70,06%
      0     0     3559,0931   402     2221,0000    Cuts: 2856    32992   60,25%
      0     0     3464,6073   624     2221,0000    Cuts: 2149    63225   55,99%
      0     0     3321,0574   573     2221,0000    Cuts: 3303    73425   49,53%
*     0+    0                         2320,1551     3321,0574            43,14%
*     0+    0                         2513,6206     3321,0574            32,12%
*     0+    0                         2605,3607     3321,0574            27,47%
*     0+    0                         2606,2357     3321,0574            27,43%
      0     0     3214,1137   568     2606,2357    Cuts: 3708    87549   23,32%
      0     0     3126,9564   556     2606,2357    Cuts: 3516    98328   19,98%
      0     0     3079,2572   309     2606,2357    Cuts: 3747   117666   18,15%
*     0+    0                         2692,0957     3079,2572            14,38%
*     0+    0                         2742,0957     3079,2572            12,30%
*     0+    0                         2743,3136     3079,2572            12,25%
      0     0     3053,9488   104     2743,3136    Cuts: 2197   125001   11,32%
      0     0     3052,2069   124     2743,3136     Cuts: 550   126130   11,26%
      0     0     3051,3518   163     2743,3136     Cuts: 963   127874   11,23%
*     0+    0                         2789,5000     3051,3518             9,39%
*     0+    0                         2789,9667     3051,3518             9,37%
      0     0     3050,1672   169     2789,9667    Cuts: 1133   133295    9,33%
      0     0     3049,2452   155     2789,9667     Cuts: 844   142169    9,29%
      0     0     3048,0369   116     2789,9667    Cuts: 1090   147733    9,25%
*     0+    0                         2803,1600     3048,0369             8,74%
      0     0     3047,5472   146     2803,1600     Cuts: 841   152028    8,72%
*     0+    0                         2905,5750     3047,5472             4,89%
      0     0     3046,8130   111     2905,5750     Cuts: 785   159893    4,86%
      0     0     3046,2777   108     2905,5750     Cuts: 336   164235    4,84%
      0     0     3045,8136   122     2905,5750     Cuts: 244   169553    4,83%
      0     0     3044,9093   103     2905,5750     Cuts: 218   178938    4,80%
      0     0     3044,4946    89     2905,5750     Cuts: 152   183647    4,78%
*     0+    0                         2907,1250     3044,4946             4,73%
      0     2     3044,4946    89     2907,1250     3044,4946   183647    4,73%
Elapsed time = 253,23 sec. (178085,23 ticks, tree = 0,00 MB, solutions = 14)
      1     3     3008,3203    47     2907,1250     3044,4946   217388    4,73%
      2     4     3041,1252    88     2907,1250     3044,4946   223454    4,73%
      3     5     2995,6501    47     2907,1250     3040,6052   227005    4,59%
      4     6     3028,4550    88     2907,1250     3040,6052   259894    4,59%
      7     9     3028,2333    89     2907,1250     3040,6052   286253    4,59%
      9    11     2969,2979    48     2907,1250     3040,6052   291339    4,59%
     11    13     2991,6583    43     2907,1250     3031,0968   299363    4,26%
     12    14     2961,7722    52     2907,1250     3031,0968   301895    4,26%
     14    16     3017,7630    98     2907,1250     3031,0968   316380    4,26%
     15    17     3020,7501    88     2907,1250     3031,0968   342423    4,26%
Elapsed time = 399,18 sec. (252766,82 ticks, tree = 0,00 MB, solutions = 14)
     43    45     2987,5079    53     2907,1250     3031,0968   445122    4,26%
     50    52     2981,5112    58     2907,1250     3031,0968   477705    4,26%
     66    68     2977,9199    56     2907,1250     3031,0968   552120    4,26%
     75    77     2972,2716    44     2907,1250     3031,0968   594952    4,26%
     89    91     2957,5177    49     2907,1250     3031,0968   647134    4,26%
     90    92     2966,8560    65     2907,1250     3031,0968   661132    4,26%
     98   100     2968,8809    55     2907,1250     3031,0968   704627    4,26%
    106   108     2940,2208    41     2907,1250     3031,0968   754189    4,26%
    115   115     2960,8256    51     2907,1250     3031,0968   799356    4,26%
    121   121     2958,5423    41     2907,1250     3031,0968   841799    4,26%
Elapsed time = 530,48 sec. (281894,87 ticks, tree = 0,00 MB, solutions = 14)
    123   121     2918,3275    38     2907,1250     3031,0968   847420    4,26%
    131   127     2924,6228    38     2907,1250     3031,0968   872160    4,26%
    138   134     3026,5229    86     2907,1250     3031,0968   883150    4,26%
    146   142     3024,0059    86     2907,1250     3031,0968   906390    4,26%
    154   150     3015,3320    84     2907,1250     3031,0968   930115    4,26%
    160   156     2956,8178    52     2907,1250     3031,0968   982919    4,26%
    162   158     3012,3558    83     2907,1250     3031,0968   989800    4,26%
    168   162     2955,4130    50     2907,1250     3031,0968  1004810    4,26%
    170   164     3010,3342    77     2907,1250     3031,0968  1019177    4,26%
    198   188     2952,7217    29     2907,1250     3031,0968  1119397    4,26%
Elapsed time = 717,85 sec. (318203,51 ticks, tree = 0,00 MB, solutions = 14)
    221   201     2907,9521    31     2907,1250     3021,3682  1187098    3,93%
    229   207     2911,1623    30     2907,1250     3021,3682  1196173    3,93%
    230   208     3006,6344    63     2907,1250     3021,3682  1200787    3,93%
    235   211     3001,1027    88     2907,1250     3021,3682  1214153    3,93%
    243   219     2999,0811    83     2907,1250     3021,3682  1231224    3,93%
    251   225     2995,1338    87     2907,1250     3021,3682  1251388    3,93%
    259   231     2988,5181    81     2907,1250     3021,3682  1273274    3,93%
    327   288     3008,3345    57     2907,1250     3021,3682  1442924    3,93%
    336   297     2974,4891    43     2907,1250     3021,3682  1463733    3,93%
    344   305     2931,0586    46     2907,1250     3021,3682  1547325    3,93%
Elapsed time = 992,34 sec. (372189,23 ticks, tree = 13,19 MB, solutions = 14)
    347   308     2999,1635    33     2907,1250     3021,3682  1564741    3,93%
    355   316     2996,9955    37     2907,1250     3021,3682  1605958    3,93%
    363   322     2995,4747    33     2907,1250     3021,3682  1654791    3,93%
    379   332     2989,4483    32     2907,1250     3021,3682  1741116    3,93%
    387   336     2989,4465    30     2907,1250     3021,3682  1807009    3,93%
    434   379     2964,5748    30     2907,1250     3021,3682  2021590    3,93%
    444   389     2927,0014    24     2907,1250     3021,3682  2084110    3,93%
    452   397     2929,2709    32     2907,1250     3021,3682  2127996    3,93%
    460   405     2922,8445    28     2907,1250     3021,3682  2196514    3,93%
    462   407     2966,1424    31     2907,1250     3021,3682  2209982    3,93%
Elapsed time = 1298,76 sec. (429981,02 ticks, tree = 21,26 MB, solutions = 14)
    470   413     2964,6831    28     2907,1250     3021,3682  2240636    3,93%
    478   421     2962,0822    27     2907,1250     3021,3682  2267929    3,93%
    486   429     2959,3272    29     2907,1250     3021,3682  2296549    3,93%
    494   437     2957,7577    28     2907,1250     3021,3682  2348781    3,93%
    518   454        cutoff           2907,1250     3021,3682  2449332    3,93%
    525   461     2936,0192    20     2907,1250     3021,3682  2472632    3,93%
    526   462     2951,4086    27     2907,1250     3021,3682  2477182    3,93%
    595   502     2981,8792    30     2907,1250     3021,3682  2710151    3,93%
    597   502        cutoff           2907,1250     3021,3682  2742406    3,93%
    600   501     2989,0477    32     2907,1250     3021,3682  2783421    3,93%
Elapsed time = 1463,05 sec. (462105,03 ticks, tree = 24,12 MB, solutions = 14)
    608   507     2982,7309    36     2907,1250     3021,3682  2850511    3,93%
    613   512     2945,0067    22     2907,1250     3021,3682  2903525    3,93%
    621   520     2940,3203    24     2907,1250     3021,3682  2936488    3,93%
    629   526     2939,1839    21     2907,1250     3021,3682  2998081    3,93%
    632   529     2974,2477    29     2907,1250     3021,3682  3009157    3,93%
    782   643     2992,5199    85     2907,1250     3021,3682  4023596    3,93%
    783   644     2990,4931    83     2907,1250     3019,4848  4029589    3,86%
    785   646     3011,7218    90     2907,1250     3019,4848  4035037    3,86%
    786   647     2939,9684    34     2907,1250     3019,4848  4059557    3,86%
    794   655     2937,7199    32     2907,1250     3019,4848  4095810    3,86%
Elapsed time = 1747,08 sec. (520976,29 ticks, tree = 26,54 MB, solutions = 14)
    802   663     2934,1828    30     2907,1250     3019,4848  4124396    3,86%
    810   671     2931,7625    31     2907,1250     3019,4848  4157932    3,86%
    818   679     2925,0992    31     2907,1250     3019,4848  4171248    3,86%
    826   687     2919,9326    27     2907,1250     3019,4848  4192738    3,86%
    834   695     2914,5289    26     2907,1250     3019,4848  4225050    3,86%
    842   703     2912,6400    27     2907,1250     3019,4848  4257853    3,86%
    850   711     2909,1236    27     2907,1250     3019,4848  4272417    3,86%
*   859+  718                         2909,7750     3019,4848             3,77%
*   859+  718                         2911,3250     3019,4848             3,72%
    981   828     2951,0636    32     2911,3250     3019,4848  4484282    3,72%
    982   793     2913,3320    28     2911,3250     3019,4848  4487852    3,72%
    985   796     3002,6439    76     2911,3250     3019,4848  4513715    3,72%
Elapsed time = 2095,24 sec. (584025,59 ticks, tree = 26,79 MB, solutions = 16)
    993   800     2998,6177    45     2911,3250     3019,4848  4526181    3,72%
   1001   808     2993,5211    41     2911,3250     3019,4848  4561312    3,72%
   1009   816     2988,2418    41     2911,3250     3019,4848  4587844    3,72%
   1017   824     2982,4267    50     2911,3250     3019,4848  4623704    3,72%
   1025   831     2977,1314    53     2911,3250     3019,4848  4647302    3,72%
   1033   837     2977,0091    39     2911,3250     3019,4848  4665658    3,72%
   1041   843     2973,5527    37     2911,3250     3019,4848  4684850    3,72%
   1049   849     2970,3105    29     2911,3250     3019,4848  4708691    3,72%
   1057   855     2967,3864    32     2911,3250     3019,4848  4743528    3,72%
   1162   947     2947,8084    32     2911,3250     3019,4848  5116068    3,72%
Elapsed time = 2381,47 sec. (636283,50 ticks, tree = 26,79 MB, solutions = 16)
   1173   958     2959,3511    24     2911,3250     3011,7223  5174537    3,45%
   1175   960     2938,7077    35     2911,3250     3011,7223  5195289    3,45%
   1183   968     2936,6867    35     2911,3250     3011,7223  5217555    3,45%
   1191   974     2934,3425    32     2911,3250     3011,7223  5256161    3,45%
   1192   975     2958,0609    34     2911,3250     3011,7223  5271772    3,45%
   1199   980     2931,0347    29     2911,3250     3011,7223  5318291    3,45%
   1200   981     2954,0207    33     2911,3250     3011,7223  5325048    3,45%
   1208   989     2949,5801    36     2911,3250     3011,7223  5341600    3,45%
   1216   997     2947,5363    36     2911,3250     3011,7223  5365281    3,45%
   1222  1003     2929,7876    28     2911,3250     3011,7223  5390599    3,45%
Elapsed time = 2627,05 sec. (676664,06 ticks, tree = 29,53 MB, solutions = 16)
   1230  1011     2927,1749    26     2911,3250     3011,7223  5420567    3,45%
   1255  1033     2911,6290    26     2911,3250     3011,7223  5542419    3,45%
   1263  1041     3000,5700    90     2911,3250     3011,7223  5586093    3,45%
   1271  1049     3000,2225    87     2911,3250     3011,7223  5618815    3,45%
   1322  1083     2944,4539    44     2911,3250     3011,7223  5880397    3,45%
   1364  1119     2968,0334    31     2911,3250     3007,8464  6079168    3,32%
   1381  1134     2991,8863    69     2911,3250     3007,8464  6175236    3,32%
   1389  1140     2986,7848    65     2911,3250     3007,8464  6216896    3,32%
   1405  1156     2981,6224    68     2911,3250     3007,8464  6292657    3,32%
   1421  1169     2972,2243    56     2911,3250     3007,8464  6348646    3,32%
Elapsed time = 3212,22 sec. (766926,75 ticks, tree = 32,83 MB, solutions = 16)
   1453  1198     2959,0202    38     2911,3250     3007,8464  6509633    3,32%
   1462  1207     2951,5347    37     2911,3250     3007,8464  6570591    3,32%
   1478  1222     2948,6552    36     2911,3250     3007,8464  6613686    3,32%
   1486  1230     2944,6088    34     2911,3250     3007,8464  6641896    3,32%
   1577  1285     2993,1675    68     2911,3250     3007,8464  7028146    3,32%
   1655  1360     2916,3501    36     2911,3250     3004,0154  7227868    3,18%
   1665  1370     2985,8093    37     2911,3250     3004,0154  7324687    3,18%
   1668  1373     2935,2081    31     2911,3250     3004,0154  7340616    3,18%
   1708  1401     2922,9461    30     2911,3250     3004,0154  7703927    3,18%
   1753  1440     2968,0350    53     2911,3250     3004,0154  7998864    3,18%
Elapsed time = 3660,91 sec. (857585,54 ticks, tree = 37,54 MB, solutions = 16)
   1761  1444     2964,5559    40     2911,3250     3004,0154  8080980    3,18%
   1764  1445     2992,4574    71     2911,3250     3004,0154  8099584    3,18%
   1772  1451     2988,4334    34     2911,3250     3004,0154  8169624    3,18%
   1812  1489     2974,6423    44     2911,3250     3004,0154  8359767    3,18%
   1836  1511     2961,1960    34     2911,3250     3004,0154  8519911    3,18%
   1857  1527     2931,6827    66     2911,3250     3004,0154  8736425    3,18%
   1865  1529     2914,5772    21     2911,3250     3004,0154  8795235    3,18%
   2056  1682     2911,8066    21     2911,3250     3003,8244  9651008    3,18%
   2057  1683     2987,9549    49     2911,3250     3003,8244  9675002    3,18%
   2065  1689     2986,9942    49     2911,3250     3003,8244  9725536    3,18%
Elapsed time = 3984,46 sec. (936058,93 ticks, tree = 43,07 MB, solutions = 16)
   2073  1691     2926,9872    62     2911,3250     3003,8244  9752570    3,18%
   2081  1694     2983,4271    60     2911,3250     3003,8244  9801580    3,18%
   2097  1706     2978,3199    56     2911,3250     3003,8244  9866217    3,18%
   2105  1712     2975,2565    57     2911,3250     3003,8244  9892546    3,18%
   2121  1718     2970,1196    59     2911,3250     3003,8244  9947918    3,18%
   2129  1726     2967,4064    62     2911,3250     3003,8244  9989344    3,18%
   2144  1739     2970,7817    37     2911,3250     3003,8244 10057624    3,18%
   2152  1747     2968,9303    35     2911,3250     3003,8244 10088516    3,18%
   2160  1755     2954,9965    32     2911,3250     3003,8244 10106605    3,18%
   2176  1767     2946,9715    32     2911,3250     3003,8244 10159053    3,18%
Elapsed time = 4363,02 sec. (996971,94 ticks, tree = 43,07 MB, solutions = 16)
   2184  1769     2944,0261    32     2911,3250     3003,8244 10183985    3,18%
   2200  1781     2935,5597    35     2911,3250     3003,8244 10238716    3,18%
   2217  1798     2991,7973    59     2911,3250     3003,8244 10314025    3,18%
   2396  1938     2918,4912    28     2911,3250     3003,8244 10704651    3,18%
   2408  1950     2946,0808    41     2911,3250     2999,6622 10761330    3,03%
   2432  1970     2933,5479    42     2911,3250     2999,6622 11083183    3,03%
   2446  1984     2958,1683    26     2911,3250     2999,6622 11330346    3,03%
   2470  2004     2948,3103    23     2911,3250     2999,6622 11616344    3,03%
   2474  2008     2921,2612    47     2911,3250     2999,6622 11644178    3,03%
   2482  2016     2917,9646    45     2911,3250     2999,6622 11732333    3,03%
Elapsed time = 4703,21 sec. (1070124,03 ticks, tree = 47,58 MB, solutions = 16)
   2514  2034     2921,6472    42     2911,3250     2999,6622 12118872    3,03%
   2530  2044     2915,1810    41     2911,3250     2999,6622 12258103    3,03%
   2546  2059     2912,2455    62     2911,3250     2999,6622 12343262    3,03%
   2562  2069     2936,2865    64     2911,3250     2999,6622 12504211    3,03%
   2570  2077     2932,5999    70     2911,3250     2999,6622 12625418    3,03%
   2578  2085     2927,3212    54     2911,3250     2999,6622 12670169    3,03%
   2586  2091    infeasible           2911,3250     2999,6622 12714391    3,03%
   2616  2118     2982,6881    43     2911,3250     2999,6622 12865240    3,03%
   2656  2155     2926,9620    25     2911,3250     2999,6622 13061502    3,03%
   2741  2228     2919,7497    58     2911,3250     2996,2379 13321292    2,92%
Elapsed time = 5288,51 sec. (1156418,28 ticks, tree = 52,44 MB, solutions = 16)
   2749  2234     2913,7899    64     2911,3250     2996,2379 13467482    2,92%
   2766  2240     2964,3732    63     2911,3250     2996,2379 13670649    2,92%
   2773  2247     2983,8084    51     2911,3250     2996,2379 13730167    2,92%
   2789  2254     2975,6850    40     2911,3250     2996,2379 13801643    2,92%
   2797  2255     2973,4644    58     2911,3250     2996,2379 13869075    2,92%
   2813  2269     2968,9537    44     2911,3250     2996,2379 13976659    2,92%
   2821  2275     2967,2702    49     2911,3250     2996,2379 14023633    2,92%
   2829  2283     2963,5325    38     2911,3250     2996,2379 14074354    2,92%
   2853  2307     2955,5888    37     2911,3250     2996,2379 14209543    2,92%
   2861  2311     2958,0368    37     2911,3250     2996,2379 14233522    2,92%
Elapsed time = 5990,51 sec. (1238265,86 ticks, tree = 52,44 MB, solutions = 16)
   2869  2317     2957,9056    35     2911,3250     2996,2379 14282579    2,92%
   2877  2323     2954,6205    31     2911,3250     2996,2379 14350942    2,92%
   2893  2337     2945,6955    27     2911,3250     2996,2379 14456658    2,92%
   2909  2347     2939,0664    26     2911,3250     2996,2379 14548739    2,92%
   2925  2361     2935,8893    28     2911,3250     2996,2379 14624578    2,92%
   2933  2368     2935,3446    24     2911,3250     2996,2379 14699198    2,92%
   2996  2421     2982,3350    41     2911,3250     2996,2379 15087092    2,92%
   3094  2494     2929,0662    23     2911,3250     2995,2901 15263312    2,88%
   3098  2498     2965,1317    51     2911,3250     2995,2901 15285220    2,88%
   3103  2501     2938,0022    30     2911,3250     2995,2901 15314501    2,88%
Elapsed time = 6235,45 sec. (1310380,34 ticks, tree = 56,92 MB, solutions = 16)
   3124  2516     2968,8534    53     2911,3250     2995,2901 15417126    2,88%
   3134  2526     2920,3204    21     2911,3250     2995,2901 15478911    2,88%
   3152  2542     2953,5496    36     2911,3250     2995,2901 15609311    2,88%
   3168  2551        cutoff           2911,3250     2995,2901 15768166    2,88%
   3198  2573     2982,3752    51     2911,3250     2995,2901 15997886    2,88%
   3203  2578     2977,7264    41     2911,3250     2995,2901 16054050    2,88%
   3211  2586     2972,3556    30     2911,3250     2995,2901 16097789    2,88%
   3219  2592     2964,4470    28     2911,3250     2995,2901 16147815    2,88%
   3227  2598     2966,8765    29     2911,3250     2995,2901 16200282    2,88%
   3243  2614     2920,2720    28     2911,3250     2995,2901 16319522    2,88%
Elapsed time = 6599,62 sec. (1380673,24 ticks, tree = 56,92 MB, solutions = 16)
   3251  2622     2963,4699    25     2911,3250     2995,2901 16362069    2,88%
   3267  2634     2958,6496    25     2911,3250     2995,2901 16535232    2,88%
   3283  2648     2951,4548    23     2911,3250     2995,2901 16627594    2,88%
   3307  2668     2939,9435    21     2911,3250     2995,2901 16809986    2,88%
   3323  2676     2935,8471    17     2911,3250     2995,2901 16922852    2,88%
   3355  2702     2928,9134    15     2911,3250     2995,2901 17191043    2,88%
   3379  2722     2912,9721     9     2911,3250     2995,2901 17384684    2,88%
   3419  2742        cutoff           2911,3250     2995,2901 17703308    2,88%
   3427  2749     2989,1541    47     2911,3250     2995,2901 17749407    2,88%
   3475  2793     2974,4992    38     2911,3250     2995,2901 17977631    2,88%
Elapsed time = 7036,20 sec. (1453477,19 ticks, tree = 56,92 MB, solutions = 16)
   3532  2844     2923,2326    30     2911,3250     2995,2901 18380198    2,88%

Implied bound cuts applied:  700
Flow cuts applied:  10312
Mixed integer rounding cuts applied:  7330
Flow path cuts applied:  417
Gomory fractional cuts applied:  82

Root node processing (before b&c):
  Real time             =  253,08 sec. (177969,06 ticks)
Parallel b&c, 8 threads:
  Real time             = 6898,26 sec. (1337696,15 ticks)
  Sync time (average)   =  480,85 sec.
  Wait time (average)   =  481,08 sec.
                          ------------
Total (root+branch&cut) = 7151,33 sec. (1515665,21 ticks)

<<< solve


OBJECTIVE: 2911.325
avg_utility = 0.770804

<<< post process


<<< done

