
<<< setup


<<< generate

Found incumbent of value 0,000000 after 0,00 sec. (0,27 ticks)
Tried aggregator 2 times.
MIP Presolve eliminated 5102 rows and 3581 columns.
MIP Presolve modified 42 coefficients.
Aggregator did 100 substitutions.
Reduced MIP has 1578 rows, 3880 columns, and 11100 nonzeros.
Reduced MIP has 200 binaries, 120 generals, 0 SOSs, and 0 indicators.
Presolve time = 0,01 sec. (8,84 ticks)
Probing time = 0,00 sec. (0,35 ticks)
Tried aggregator 1 time.
MIP Presolve eliminated 209 rows and 532 columns.
Reduced MIP has 1369 rows, 3348 columns, and 9504 nonzeros.
Reduced MIP has 200 binaries, 120 generals, 0 SOSs, and 0 indicators.
Presolve time = 0,01 sec. (5,30 ticks)
Probing time = 0,00 sec. (0,72 ticks)
Tried aggregator 1 time.
Reduced MIP has 1369 rows, 3348 columns, and 9504 nonzeros.
Reduced MIP has 200 binaries, 120 generals, 0 SOSs, and 0 indicators.
Presolve time = 0,01 sec. (4,20 ticks)
Probing time = 0,00 sec. (0,72 ticks)
Clique table members: 10.
MIP emphasis: balance optimality and feasibility.
MIP search method: dynamic search.
Parallel mode: deterministic, using up to 24 threads.
Root relaxation solution time = 0,01 sec. (3,56 ticks)

        Nodes                                         Cuts/
   Node  Left     Objective  IInf  Best Integer    Best Bound    ItCnt     Gap

*     0+    0                            0,0000        4,1724              --- 
      0     0        0,7255    20        0,0000        0,7255      114     --- 
*     0+    0                            0,2703        0,7255           168,44%
      0     0        0,6968    22        0,2703      Cuts: 58     2603  157,81%
*     0+    0                            0,6968        0,6968             0,00%
*     0     0      integral     0        0,6968        0,6968     2603    0,00%
Elapsed time = 0,66 sec. (188,75 ticks, tree = 0,00 MB, solutions = 3)

Flow cuts applied:  8
Mixed integer rounding cuts applied:  30
Gomory fractional cuts applied:  11

Root node processing (before b&c):
  Real time             =    0,66 sec. (189,10 ticks)
Parallel b&c, 24 threads:
  Real time             =    0,00 sec. (0,00 ticks)
  Sync time (average)   =    0,00 sec.
  Wait time (average)   =    0,00 sec.
                          ------------
Total (root+branch&cut) =    0,66 sec. (189,10 ticks)

<<< solve


OBJECTIVE: 0.6967999
avg_utility = 0.6968

<<< post process


<<< done

