
<<< setup


<<< generate

Found incumbent of value 0.000000 after 0.02 sec. (6.34 ticks)
Tried aggregator 2 times.
MIP Presolve eliminated 238242 rows and 130015 columns.
MIP Presolve modified 3550 coefficients.
Aggregator did 3535 substitutions.
Reduced MIP has 9431 rows, 14723 columns, and 38281 nonzeros.
Reduced MIP has 2945 binaries, 0 generals, 0 SOSs, and 0 indicators.
Presolve time = 0.38 sec. (192.66 ticks)
Probing time = 0.01 sec. (0.79 ticks)
Tried aggregator 1 time.
Reduced MIP has 9431 rows, 14723 columns, and 38281 nonzeros.
Reduced MIP has 2945 binaries, 0 generals, 0 SOSs, and 0 indicators.
Presolve time = 0.05 sec. (22.66 ticks)
Probing time = 0.02 sec. (0.79 ticks)
MIP emphasis: balance optimality and feasibility.
MIP search method: dynamic search.
Parallel mode: deterministic, using up to 8 threads.
Root relaxation solution time = 0.07 sec. (39.65 ticks)

        Nodes                                         Cuts/
   Node  Left     Objective  IInf  Best Integer    Best Bound    ItCnt     Gap

*     0+    0                            0.0000     5255.0846              --- 
      0     0     1225.0000   553        0.0000     1225.0000     1178     --- 
*     0+    0                         1085.5952     1225.0000            12.84%
      0     0     1209.0011   391     1085.5952    Cuts: 1016     1992   11.37%
      0     0     1193.9318   331     1085.5952     Cuts: 980     2642    9.98%
      0     0     1170.6177   332     1085.5952     Cuts: 660     3407    7.83%
*     0+    0                         1123.6947     1170.6177             4.18%
      0     0     1160.8765   234     1123.6947     Cuts: 665     4449    3.31%
      0     0     1143.3165   232     1123.6947     Cuts: 467     5185    1.75%
      0     0     1142.7878   233     1123.6947     Cuts: 469     5797    1.70%
*     0+    0                         1129.0184     1142.7878             1.22%
*     0+    0                         1129.4949     1142.7878             1.18%
*     0+    0                         1129.8718     1142.7878             1.14%
      0     0     1134.3608    17     1129.8718     Cuts: 470     6824    0.40%

Implied bound cuts applied:  4
Flow cuts applied:  2999
Mixed integer rounding cuts applied:  1355
Gomory fractional cuts applied:  364

Root node processing (before b&c):
  Real time             =    3.76 sec. (2500.56 ticks)
Parallel b&c, 8 threads:
  Real time             =    0.00 sec. (0.00 ticks)
  Sync time (average)   =    0.00 sec.
  Wait time (average)   =    0.00 sec.
                          ------------
Total (root+branch&cut) =    3.76 sec. (2500.56 ticks)

<<< solve


OBJECTIVE: 1129.872
avg_utility = 0.922344

<<< post process


<<< done

