
<<< setup


<<< generate

Found incumbent of value 0.000000 after 0.02 sec. (8.39 ticks)
Tried aggregator 7 times.
MIP Presolve eliminated 346427 rows and 157267 columns.
MIP Presolve modified 1290 coefficients.
Aggregator did 12851 substitutions.
Reduced MIP has 5142 rows, 11563 columns, and 25696 nonzeros.
Reduced MIP has 1285 binaries, 0 generals, 0 SOSs, and 0 indicators.
Presolve time = 1.41 sec. (883.04 ticks)
Probing time = 0.01 sec. (0.46 ticks)
Tried aggregator 1 time.
Reduced MIP has 5142 rows, 11563 columns, and 25696 nonzeros.
Reduced MIP has 1285 binaries, 0 generals, 0 SOSs, and 0 indicators.
Presolve time = 0.04 sec. (18.00 ticks)
Probing time = 0.14 sec. (0.46 ticks)
MIP emphasis: balance optimality and feasibility.
MIP search method: dynamic search.
Parallel mode: deterministic, using up to 8 threads.
Root relaxation solution time = 0.13 sec. (101.59 ticks)

        Nodes                                         Cuts/
   Node  Left     Objective  IInf  Best Integer    Best Bound    ItCnt     Gap

*     0+    0                            0.0000    13630.9516              --- 
*     0+    0                         2080.6731    13630.9516           555.12%
*     0     0      integral     0     2272.6765     2272.6765     1303    0.00%
Elapsed time = 1.85 sec. (1033.33 ticks, tree = 0.00 MB, solutions = 3)

Root node processing (before b&c):
  Real time             =    1.87 sec. (1041.33 ticks)
Parallel b&c, 8 threads:
  Real time             =    0.00 sec. (0.00 ticks)
  Sync time (average)   =    0.00 sec.
  Wait time (average)   =    0.00 sec.
                          ------------
Total (root+branch&cut) =    1.87 sec. (1041.33 ticks)

<<< solve


OBJECTIVE: 2272.677
avg_utility = 0.695859

<<< post process


<<< done

