
<<< setup


<<< generate

Found incumbent of value 0,000000 after 0,05 sec. (56,49 ticks)
Tried aggregator 2 times.
MIP Presolve eliminated 2395403 rows and 1226063 columns.
MIP Presolve modified 9202 coefficients.
Aggregator did 9199 substitutions.
Reduced MIP has 24530 rows, 38323 columns, and 91976 nonzeros.
Reduced MIP has 7665 binaries, 0 generals, 0 SOSs, and 0 indicators.
Presolve time = 0,88 sec. (1514,26 ticks)
Probing time = 0,01 sec. (1,94 ticks)
Tried aggregator 1 time.
Reduced MIP has 24530 rows, 38323 columns, and 91976 nonzeros.
Reduced MIP has 7665 binaries, 0 generals, 0 SOSs, and 0 indicators.
Presolve time = 0,08 sec. (81,10 ticks)
Probing time = 0,01 sec. (1,93 ticks)
MIP emphasis: balance optimality and feasibility.
MIP search method: dynamic search.
Parallel mode: deterministic, using up to 8 threads.
Root relaxation solution time = 0,16 sec. (334,75 ticks)

        Nodes                                         Cuts/
   Node  Left     Objective  IInf  Best Integer    Best Bound    ItCnt     Gap

*     0+    0                            0,0000    12260,4342              --- 
*     0+    0                         1506,2753    12260,4342           713,96%
      0     0     2858,0000   537     1506,2753     2858,0000     1533   89,74%
*     0+    0                         2759,6030     2858,0000             3,57%
      0     0     2858,0000   542     2759,6030    Cuts: 1274     2618    3,57%
*     0+    0                         2761,2768     2858,0000             3,50%
      0     0     2858,0000   455     2761,2768    Cuts: 1284     3701    3,50%
      0     0     2836,5990   396     2761,2768     Cuts: 908     4327    2,73%
      0     0     2836,5990   396     2761,2768     Cuts: 793     4751    2,73%
      0     2     2836,5990   396     2761,2768     2836,5990     4751    2,73%
Elapsed time = 7,66 sec. (7986,44 ticks, tree = 0,00 MB, solutions = 4)
     13    15     2836,5990   396     2761,2768     2836,5990     4817    2,73%
    158   160     2836,5990   396     2761,2768     2836,5990     4992    2,73%
    274   276     2836,5990   396     2761,2768     2836,5990     5108    2,73%
    537   539     2836,5990   396     2761,2768     2836,5990     5372    2,73%
    801   803     2836,5990   396     2761,2768     2836,5990     5636    2,73%
   1097  1099     2836,5990   396     2761,2768     2836,5990     5932    2,73%
   1385  1387     2836,5990   396     2761,2768     2836,5990     6220    2,73%
   1570  1572     2836,5990   396     2761,2768     2836,5990     6405    2,73%
*  1658+ 1105                         2769,6487     2836,5990             2,42%
*  1658+  736                         2777,3821     2810,8223             1,20%

Implied bound cuts applied:  1
Flow cuts applied:  7045
Mixed integer rounding cuts applied:  1620
Gomory fractional cuts applied:  1444

Root node processing (before b&c):
  Real time             =    7,66 sec. (8035,69 ticks)
Parallel b&c, 8 threads:
  Real time             =   28,90 sec. (18879,28 ticks)
  Sync time (average)   =    1,04 sec.
  Wait time (average)   =    1,13 sec.
                          ------------
Total (root+branch&cut) =   36,56 sec. (26914,98 ticks)

<<< solve


OBJECTIVE: 2777.382
avg_utility = 0.971792

<<< post process


<<< done

