
<<< setup


<<< generate

Aggregator has done 262039 substitutions...
Aggregator has done 317948 substitutions...
Tried aggregator 11 times.
MIP Presolve eliminated 1713022 rows and 1533803 columns.
MIP Presolve modified 28773 coefficients.
Aggregator did 320657 substitutions.
Reduced MIP has 61717 rows, 161781 columns, and 462683 nonzeros.
Reduced MIP has 38844 binaries, 9621 generals, 0 SOSs, and 0 indicators.
Presolve time = 32,85 sec. (21642,33 ticks)
Found incumbent of value 1831,644986 after 33,17 sec. (21905,44 ticks)
Probing time = 0,52 sec. (96,18 ticks)
Tried aggregator 1 time.
Presolve time = 0,29 sec. (184,27 ticks)
Probing time = 0,92 sec. (96,18 ticks)
Clique table members: 3727.
MIP emphasis: balance optimality and feasibility.
MIP search method: dynamic search.
Parallel mode: deterministic, using up to 24 threads.
Root relaxation solution time = 4,08 sec. (3984,50 ticks)

        Nodes                                         Cuts/
   Node  Left     Objective  IInf  Best Integer    Best Bound    ItCnt     Gap

*     0+    0                         1831,6450    76846,1442    25761     --- 
*     0+    0                         5496,2043    76846,1442    25761     --- 
*     0+    0                         5496,7678    76846,1442    25761     --- 
      0     0    19848,0000  4201     5496,7678    19848,0000    25761  261,08%
      0     0    19501,7320  2426     5496,7678    Cuts: 9828    82921  254,79%
*     0+    0                         5836,8809    19501,7320    97741  234,11%
      0     0    18928,1284  1127     5836,8809    Cuts: 6968    97741  224,28%
*     0+    0                         6486,1628    18928,1284   104144  191,82%
      0     0    18897,0958   650     6486,1628    Cuts: 2454   104144  191,34%
*     0+    0                        12733,8807    18897,0958   104144   48,40%
*     0+    0                        14544,9240    18897,0958   104144   29,92%
*     0+    0                        15045,4432    18897,0958   104144   25,60%
*     0+    0                        15350,6246    18897,0958   104144   23,10%
      0     0    18881,7137   575    15350,6246    Cuts: 1119   108030   23,00%
*     0+    0                        15362,9403    18881,7137   109976   22,90%
      0     0    18872,1997   336    15362,9403    Cuts: 1045   109976   22,84%
      0     0    18868,0336   283    15362,9403     Cuts: 510   111055   22,82%
      0     0    18866,6660   285    15362,9403     Cuts: 461   111757   22,81%
      0     0    18864,8646   183    15362,9403     Cuts: 359   112970   22,79%
      0     0    18864,5231   161    15362,9403     Cuts: 229   113386   22,79%
      0     0    18863,9252   129    15362,9403     Cuts: 180   113731   22,79%
      0     0    18863,8967   108    15362,9403     Cuts: 105   114011   22,79%
*     0+    0                        15369,9938    18863,8967   114120   22,73%
      0     0    18863,8489    80    15369,9938      Cuts: 75   114120   22,73%
      0     0    18863,8362    97    15369,9938      Cuts: 47   114159   22,73%
      0     0    18863,8303   103    15369,9938      Cuts: 39   114198   22,73%
Heuristic still looking.
Heuristic still looking.
Heuristic still looking.
*     0+    0                        18012,6308    18863,8303   114198    4,73%
      0     2    18863,8303   103    18012,6308    18863,8303   114198    4,73%
Elapsed time = 249,35 sec. (207180,37 ticks, tree = 0,01 MB, solutions = 12)
      4     6    18863,8303    96    18012,6308    18863,8303   114212    4,73%
      9    11    18863,8259    88    18012,6308    18863,8303   114268    4,73%
     15    17    18863,8259    89    18012,6308    18863,8303   114465    4,73%
     16    18    18863,8248    95    18012,6308    18863,8303   114547    4,73%
     25    27    18863,8259    86    18012,6308    18863,8303   114906    4,73%
     30    32    18863,8303    93    18012,6308    18863,8303   115138    4,73%
     39    41    18863,8224    89    18012,6308    18863,8303   115310    4,73%
     47    49    18863,7368    83    18012,6308    18863,8303   115863    4,73%
     59    61    18863,8134    96    18012,6308    18863,8303   116491    4,73%
    109   111    18863,8256    86    18012,6308    18863,8303   122157    4,73%
Elapsed time = 264,07 sec. (213663,61 ticks, tree = 0,06 MB, solutions = 12)
    128   130    18863,8173    74    18012,6308    18863,8303   124215    4,73%
    250   252    18863,7650    85    18012,6308    18863,8303   129964    4,73%
    281   283    18863,7728    84    18012,6308    18863,8303   132878    4,73%
    602   604    18863,7954    88    18012,6308    18863,8303   149851    4,73%
    619   621    18863,8027    89    18012,6308    18863,8303   152546    4,73%
    667   669    18863,8028    84    18012,6308    18863,8303   159264    4,73%
    716   718    18863,7543    91    18012,6308    18863,8303   162947    4,73%
    933   935    18863,8181    87    18012,6308    18863,8303   176049    4,73%
    948   950    18863,7985   121    18012,6308    18863,8303   177717    4,73%
    969   971    18863,7250   102    18012,6308    18863,8303   182297    4,73%
Elapsed time = 352,26 sec. (257139,36 ticks, tree = 6,51 MB, solutions = 12)
    972   974    18863,8078    98    18012,6308    18863,8303   183433    4,73%
   1017  1019    18863,7215   115    18012,6308    18863,8303   191875    4,73%
   1611  1613    18863,7254    89    18012,6308    18863,8303   216741    4,73%
   1823  1825    18863,2414    97    18012,6308    18863,8303   230164    4,73%
   1871  1873    18863,2417    91    18012,6308    18863,8303   233315    4,73%
   1895  1897    18863,2294    91    18012,6308    18863,8303   235776    4,73%
   2017  2019    18863,7245    90    18012,6308    18863,8303   241588    4,73%
   2065  2067    18863,7245    94    18012,6308    18863,8303   243682    4,73%
   2113  2115    18863,7238    90    18012,6308    18863,8303   246159    4,73%
   3712  3714    18863,8134    97    18012,6308    18863,8303   279570    4,73%
Elapsed time = 613,12 sec. (322971,56 ticks, tree = 96,72 MB, solutions = 12)
   3751  3753    18863,7626   104    18012,6308    18863,8303   281249    4,73%
   3823  3825    18863,7645    84    18012,6308    18863,8303   284225    4,73%
   3943  3945    18863,5140    91    18012,6308    18863,8303   288400    4,73%
   4041  4043    18863,7577    87    18012,6308    18863,8303   292818    4,73%
   4137  4139    18863,7574    87    18012,6308    18863,8303   297213    4,73%
   4329  4331    18863,7212   100    18012,6308    18863,8303   304223    4,73%
   4783  4785    18863,7163    92    18012,6308    18863,8303   313406    4,73%
   4855  4857    18863,7099    91    18012,6308    18863,8303   316669    4,73%
   4879  4881    18863,6960    90    18012,6308    18863,8303   319931    4,73%
   4927  4929    18863,6840   100    18012,6308    18863,8303   322341    4,73%
Elapsed time = 679,05 sec. (339198,59 ticks, tree = 125,95 MB, solutions = 12)
   5023  5025    18863,6943    90    18012,6308    18863,8303   326848    4,73%
   5119  5121    18863,6957    84    18012,6308    18863,8303   331024    4,73%
   5191  5193    18863,6943    92    18012,6308    18863,8303   334933    4,73%
   5239  5241    18863,6943    92    18012,6308    18863,8303   338062    4,73%
   5287  5289    18863,6943    93    18012,6308    18863,8303   340057    4,73%
   5383  5385    18863,6943    91    18012,6308    18863,8303   344173    4,73%
   5455  5457    18863,6943    90    18012,6308    18863,8303   347464    4,73%
   5934  5936    18863,7401    89    18012,6308    18863,8303   369107    4,73%
   7388  7390    18863,7502    91    18012,6308    18863,8303   411016    4,73%
*  7389+ 7389                        18848,4662    18863,8303   411168    0,08%
   7389  7390    18863,5764    89    18848,4662    18863,8303   411169    0,08%
Elapsed time = 847,35 sec. (379988,79 ticks, tree = 457,83 MB, solutions = 13)
Nodefile size = 328,90 MB (226,89 MB after compression)
   7391  7392    18863,7295    90    18848,4662    18863,8303   411327    0,08%
*  7392+ 7391                        18857,9358    18863,8303   411528    0,03%
*  7394+ 7392                        18860,5553    18863,8303   411826    0,02%
   7407  7405    18863,7784    92    18860,5553    18863,8303   412746    0,02%

Implied bound cuts applied:  126
Flow cuts applied:  10667
Mixed integer rounding cuts applied:  8457
Gomory fractional cuts applied:  331

Root node processing (before b&c):
  Real time             =  204,39 sec. (180213,12 ticks)
Parallel b&c, 24 threads:
  Real time             =  609,87 sec. (201269,32 ticks)
  Sync time (average)   =    0,11 sec.
  Wait time (average)   =    0,00 sec.
                          ------------
Total (root+branch&cut) =  814,26 sec. (381482,44 ticks)

<<< solve


OBJECTIVE: 18860.56
avg_utility = 0.9502496612757267

<<< post process


<<< done

