
<<< setup


<<< generate

Found incumbent of value 0,000000 after 0,01 sec. (6,78 ticks)
Tried aggregator 2 times.
MIP Presolve eliminated 237392 rows and 134792 columns.
MIP Presolve modified 5224 coefficients.
Aggregator did 5221 substitutions.
Reduced MIP has 13922 rows, 21748 columns, and 52196 nonzeros.
Reduced MIP has 4350 binaries, 0 generals, 0 SOSs, and 0 indicators.
Presolve time = 0,20 sec. (197,94 ticks)
Probing time = 0,01 sec. (1,10 ticks)
Tried aggregator 1 time.
Reduced MIP has 13922 rows, 21748 columns, and 52196 nonzeros.
Reduced MIP has 4350 binaries, 0 generals, 0 SOSs, and 0 indicators.
Presolve time = 0,04 sec. (30,23 ticks)
Probing time = 0,02 sec. (1,10 ticks)
MIP emphasis: balance optimality and feasibility.
MIP search method: dynamic search.
Parallel mode: deterministic, using up to 24 threads.
Root relaxation solution time = 0,08 sec. (57,60 ticks)

        Nodes                                         Cuts/
   Node  Left     Objective  IInf  Best Integer    Best Bound    ItCnt     Gap

*     0+    0                            0,0000     6123,0000              --- 
      0     0     2041,0000   777        0,0000     2041,0000      870     --- 
*     0+    0                         1390,1500     2041,0000            46,82%
      0     0     1924,2150   642     1390,1500    Cuts: 1754     2310   38,42%
      0     0     1807,6556   633     1390,1500    Cuts: 1481     3208   30,03%
      0     0     1695,5351   632     1390,1500    Cuts: 1266     3942   21,97%
      0     0     1588,8130   540     1390,1500    Cuts: 1264     4960   14,29%
      0     0     1505,1121    62     1390,1500    Cuts: 1081     6225    8,27%
      0     0     1479,4337    20     1390,1500     Cuts: 125     6509    6,42%
      0     0     1475,8914    22     1390,1500      Cuts: 44     6563    6,17%
*     0+    0                         1443,2500     1475,8914             2,26%
      0     0     1475,0647    31     1443,2500      Cuts: 61     6778    2,20%
      0     0     1472,1804    95     1443,2500      Cuts: 80     7027    2,00%
      0     0     1472,1804   188     1443,2500     Cuts: 284     7231    2,00%
      0     0     1472,1804   186     1443,2500     Cuts: 563     7419    2,00%
*     0+    0                         1444,3000     1472,1804             1,93%
*     0+    0                         1446,2500     1472,1804             1,79%
      0     2     1472,1804   186     1446,2500     1472,1804     7419    1,79%
Elapsed time = 7,99 sec. (9461,74 ticks, tree = 0,00 MB, solutions = 5)
      3     5     1471,2051    92     1446,2500     1472,1804     8120    1,79%
      6     8     1470,7214    94     1446,2500     1472,1804     9667    1,79%
      7     9     1470,7214    95     1446,2500     1472,1804    11759    1,79%
     10    12     1469,9101   127     1446,2500     1472,1804    12833    1,79%
     12    14     1469,4283   146     1446,2500     1472,1804    15079    1,79%
     16    18     1470,7214    95     1446,2500     1472,1804    15261    1,79%
     18    20     1469,4356   141     1446,2500     1472,1804    15374    1,79%
     22    24     1468,7120   146     1446,2500     1472,1804    18681    1,79%
     28    30     1470,7214    94     1446,2500     1472,1804    18974    1,79%
     43    45     1466,6904   159     1446,2500     1472,1804    29383    1,79%
Elapsed time = 14,12 sec. (19848,18 ticks, tree = 0,00 MB, solutions = 5)
     49    51     1468,5084   150     1446,2500     1472,1804    31922    1,79%
    140   142     1466,1952   170     1446,2500     1472,1804    88321    1,79%
    167   169     1469,5543   105     1446,2500     1472,1804    89624    1,79%
    523   525     1465,2400   164     1446,2500     1472,1804   141190    1,79%
    531   533     1466,6551   161     1446,2500     1472,1804   141471    1,79%
    819   821     1465,0683   104     1446,2500     1472,1804   164793    1,79%
    954   956     1465,3281   141     1446,2500     1472,1804   171197    1,79%
    998  1000     1466,4968   161     1446,2500     1472,1804   174558    1,79%
   1046  1048     1466,4796   160     1446,2500     1472,1804   178533    1,79%
   1117  1119     1466,2394   164     1446,2500     1472,1804   185294    1,79%
Elapsed time = 39,22 sec. (34003,17 ticks, tree = 0,00 MB, solutions = 5)
   1890  1892     1461,9019   120     1446,2500     1472,1804   239280    1,79%
   1928  1930     1460,8666   156     1446,2500     1472,1804   246205    1,79%
   1972  1974     1466,2122   164     1446,2500     1472,1804   257823    1,79%
   2055  2057     1460,6170   139     1446,2500     1472,1804   275032    1,79%
   2116  2118     1466,2122   163     1446,2500     1472,1804   288909    1,79%
   2193  2195     1466,2382   163     1446,2500     1472,1804   307284    1,79%
   2644  2631     1462,0227   110     1446,2500     1472,1804   377633    1,79%
   2663  2650     1463,4880   117     1446,2500     1472,1804   384190    1,79%
   2807  2786     1463,4733   117     1446,2500     1472,1804   418118    1,79%
   2838  2815     1470,5341   125     1446,2500     1472,1804   426504    1,79%
Elapsed time = 76,84 sec. (48823,34 ticks, tree = 214,00 MB, solutions = 5)
   2934  2911     1467,8978   155     1446,2500     1472,1804   445977    1,79%
   4735  4571     1469,2230   144     1446,2500     1472,1804   584142    1,79%
*  4740+ 4568                         1452,8000     1472,1804             1,33%
   4780  4299     1461,4953   118     1452,8000     1472,1804   589967    1,33%
   4974  4477     1464,9971   162     1452,8000     1472,1804   612260    1,33%
   5111  4604     1462,1328   129     1452,8000     1472,1804   619406    1,33%
   5231  4716     1462,1325   131     1452,8000     1472,1804   628839    1,33%
   5471  4937     1461,2054   129     1452,8000     1472,1804   642916    1,33%
   5657  5109     1462,8543   146     1452,8000     1472,1804   650408    1,33%
   5790  5226     1461,8049   158     1452,8000     1472,1804   655588    1,33%
   5886  5307     1457,3767    99     1452,8000     1472,1804   661456    1,33%
Elapsed time = 99,37 sec. (61056,51 ticks, tree = 275,67 MB, solutions = 6)
   7649  6932     1456,8517    84     1452,8000     1472,1804   721332    1,33%
*  8876+ 8034                         1456,4000     1472,1804             1,08%
*  8876+ 8034                         1457,5000     1472,1804             1,01%
*  8876+ 8034                         1457,8000     1472,1804             0,99%
*  8876+ 8033                         1459,0000     1472,1804             0,90%
*  8876+ 8032                         1462,4000     1472,1804             0,67%
*  8876+ 8030                         1465,1500     1472,1804             0,48%
   8877  8026     1454,0022    18     1465,1500     1472,1804   764017    0,48%
   8878  8027     1462,0887   126     1465,1500     1472,1804   764783    0,48%

Cover cuts applied:  33
Implied bound cuts applied:  512
Flow cuts applied:  4912
Mixed integer rounding cuts applied:  2577
Gomory fractional cuts applied:  398

Root node processing (before b&c):
  Real time             =    7,94 sec. (9525,75 ticks)
Parallel b&c, 24 threads:
  Real time             =  110,78 sec. (64547,59 ticks)
  Sync time (average)   =   25,46 sec.
  Wait time (average)   =   26,03 sec.
                          ------------
Total (root+branch&cut) =  118,72 sec. (74073,34 ticks)

<<< solve


OBJECTIVE: 1465.15
avg_utility = 0.717859

<<< post process


<<< done

