
<<< setup


<<< generate

Found incumbent of value 0,000000 after 0,01 sec. (4,68 ticks)
Tried aggregator 2 times.
MIP Presolve eliminated 20775 rows and 35301 columns.
MIP Presolve modified 2512 coefficients.
Aggregator did 2375 substitutions.
Reduced MIP has 37965 rows, 117125 columns, and 319075 nonzeros.
Reduced MIP has 5710 binaries, 2640 generals, 0 SOSs, and 0 indicators.
Presolve time = 0,28 sec. (193,02 ticks)
Probing time = 0,42 sec. (34,54 ticks)
Tried aggregator 1 time.
MIP Presolve eliminated 5014 rows and 12980 columns.
Reduced MIP has 32951 rows, 104145 columns, and 280599 nonzeros.
Reduced MIP has 5710 binaries, 2640 generals, 0 SOSs, and 0 indicators.
Presolve time = 0,33 sec. (161,49 ticks)
Probing time = 0,26 sec. (32,40 ticks)
Tried aggregator 1 time.
MIP Presolve eliminated 33 rows and 84 columns.
Reduced MIP has 32918 rows, 104061 columns, and 280347 nonzeros.
Reduced MIP has 5710 binaries, 2640 generals, 0 SOSs, and 0 indicators.
Presolve time = 0,24 sec. (143,16 ticks)
Probing time = 0,29 sec. (34,04 ticks)
Clique table members: 3335.
MIP emphasis: balance optimality and feasibility.
MIP search method: dynamic search.
Parallel mode: deterministic, using up to 24 threads.
Root relaxation solution time = 0,71 sec. (392,21 ticks)

        Nodes                                         Cuts/
   Node  Left     Objective  IInf  Best Integer    Best Bound    ItCnt     Gap

*     0+    0                            0,0000        3,0000              --- 
      0     0        0,7927   490        0,0000        0,7927     1490     --- 
*     0+    0                            0,2392        0,7927           231,43%
      0     0        0,7234   490        0,2392    Cuts: 1637     3197  202,45%
      0     0        0,6656   499        0,2392    Cuts: 1585     4708  178,26%
      0     0        0,5698   528        0,2392    Cuts: 1418    12332  138,23%
      0     0        0,4969   614        0,2392    Cuts: 1387    78106  107,76%
      0     0        0,4785   550        0,2392    Cuts: 1397    99313  100,06%
      0     0        cutoff              0,2392                 118595    0,00%
Elapsed time = 47,04 sec. (40080,34 ticks, tree = 0,00 MB, solutions = 2)

Clique cuts applied:  2
Cover cuts applied:  1
Implied bound cuts applied:  192
Flow cuts applied:  3659
Mixed integer rounding cuts applied:  3120
Flow path cuts applied:  1
Gomory fractional cuts applied:  344

Root node processing (before b&c):
  Real time             =   47,06 sec. (40086,39 ticks)
Parallel b&c, 24 threads:
  Real time             =    0,00 sec. (0,00 ticks)
  Sync time (average)   =    0,00 sec.
  Wait time (average)   =    0,00 sec.
                          ------------
Total (root+branch&cut) =   47,06 sec. (40086,39 ticks)

<<< solve


OBJECTIVE: 0.239189
avg_utility = 0.239189

<<< post process


<<< done

