
<<< setup


<<< generate

Found incumbent of value 0,000000 after 0,02 sec. (16,51 ticks)
Tried aggregator 8 times.
MIP Presolve eliminated 112311 rows and 333908 columns.
MIP Presolve modified 28056 coefficients.
Aggregator did 88525 substitutions.
Reduced MIP has 50915 rows, 109408 columns, and 329492 nonzeros.
Reduced MIP has 13620 binaries, 0 generals, 0 SOSs, and 0 indicators.
Presolve time = 8,31 sec. (7966,64 ticks)
Probing time = 0,03 sec. (4,69 ticks)
Tried aggregator 1 time.
Reduced MIP has 50915 rows, 109408 columns, and 329492 nonzeros.
Reduced MIP has 13620 binaries, 0 generals, 0 SOSs, and 0 indicators.
Presolve time = 0,22 sec. (180,34 ticks)
Probing time = 0,03 sec. (4,96 ticks)
MIP emphasis: balance optimality and feasibility.
MIP search method: dynamic search.
Parallel mode: deterministic, using up to 8 threads.
Root relaxation solution time = 1,81 sec. (1293,93 ticks)

        Nodes                                         Cuts/
   Node  Left     Objective  IInf  Best Integer    Best Bound    ItCnt     Gap

*     0+    0                            0,0000    20809,0000              --- 
      0     0     7863,0000  1397        0,0000     7863,0000    13643     --- 
*     0+    0                         3943,0123     7863,0000            99,42%
      0     0     7454,6072  1096     3943,0123    Cuts: 4409    42848   89,06%
      0     0     7065,3271  1144     3943,0123    Cuts: 3493    74657   79,19%
      0     0     6706,5943  1276     3943,0123    Cuts: 3306    85729   70,09%
*     0+    0                         5059,3989     6706,5943            32,56%
      0     0     6335,0915  1282     5059,3989    Cuts: 3840    97030   25,21%
      0     0     6013,8138   246     5059,3989    Cuts: 3299   123295   18,86%
      0     0     5954,4739    84     5059,3989     Cuts: 690   131425   17,69%
      0     0     5947,0791   145     5059,3989     Cuts: 908   132673   17,55%
      0     0     5942,6903   171     5059,3989    Cuts: 1123   138225   17,46%
      0     0     5940,4518   146     5059,3989    Cuts: 1145   141599   17,41%
      0     0     5938,4843   159     5059,3989    Cuts: 1054   148728   17,38%
      0     0     5937,7358   155     5059,3989     Cuts: 697   159545   17,36%
      0     0     5937,2306   182     5059,3989     Cuts: 663   188889   17,35%
*     0+    0                         5826,4575     5937,2306             1,90%
*     0+    0                         5832,3109     5937,2306             1,80%
*     0+    0                         5842,7324     5937,2306             1,62%
*     0+    0                         5849,2591     5937,2306             1,50%
*     0+    0                         5861,8229     5937,2306             1,29%
*     0+    0                         5862,3743     5937,2306             1,28%
      0     0     5936,0601   195     5862,3743     Cuts: 691   207709    1,26%
      0     0     5934,3738   164     5862,3743     Cuts: 506   233511    1,23%
      0     0     5933,0791   202     5862,3743     Cuts: 423   261780    1,21%
*     0+    0                         5877,7479     5933,0791             0,94%

Cover cuts applied:  6
Implied bound cuts applied:  1094
Flow cuts applied:  17943
Mixed integer rounding cuts applied:  3410
Flow path cuts applied:  640
Gomory fractional cuts applied:  377

Root node processing (before b&c):
  Real time             =  418,41 sec. (360791,92 ticks)
Parallel b&c, 8 threads:
  Real time             =    0,00 sec. (0,00 ticks)
  Sync time (average)   =    0,00 sec.
  Wait time (average)   =    0,00 sec.
                          ------------
Total (root+branch&cut) =  418,41 sec. (360791,92 ticks)

<<< solve


OBJECTIVE: 5877.748
avg_utility = 0.74752

<<< post process


<<< done

