
<<< setup


<<< generate

Found incumbent of value 0.000000 after 0.02 sec. (7.03 ticks)
Tried aggregator 2 times.
MIP Presolve eliminated 236909 rows and 137529 columns.
MIP Presolve modified 6190 coefficients.
Aggregator did 6187 substitutions.
Reduced MIP has 16498 rows, 25773 columns, and 61856 nonzeros.
Reduced MIP has 5155 binaries, 0 generals, 0 SOSs, and 0 indicators.
Presolve time = 0.45 sec. (208.10 ticks)
Probing time = 0.01 sec. (1.30 ticks)
Tried aggregator 1 time.
Reduced MIP has 16498 rows, 25773 columns, and 61856 nonzeros.
Reduced MIP has 5155 binaries, 0 generals, 0 SOSs, and 0 indicators.
Presolve time = 0.08 sec. (35.24 ticks)
Probing time = 0.03 sec. (1.30 ticks)
MIP emphasis: balance optimality and feasibility.
MIP search method: dynamic search.
Parallel mode: deterministic, using up to 8 threads.
Root relaxation solution time = 0.11 sec. (68.35 ticks)

        Nodes                                         Cuts/
   Node  Left     Objective  IInf  Best Integer    Best Bound    ItCnt     Gap

*     0+    0                            0.0000    10510.1693              --- 
      0     0     2450.0000   940        0.0000     2450.0000     1031     --- 
*     0+    0                         1705.9442     2450.0000            43.62%
      0     0     2408.2233   802     1705.9442    Cuts: 2080     2704   41.17%
*     0+    0                         2109.8046     2408.2233            14.14%
      0     0     2358.2813   795     2109.8046    Cuts: 1759     4222   11.78%
      0     0     2302.6774   738     2109.8046    Cuts: 1591     5824    9.14%
      0     0     2259.8485   620     2109.8046    Cuts: 1477     7804    7.11%
*     0+    0                         2119.1492     2259.8485             6.64%
      0     0     2206.1308   162     2119.1492    Cuts: 1240     9607    4.10%
      0     0     2198.1458   120     2119.1492     Cuts: 323     9989    3.73%
*     0+    0                         2152.2997     2198.1458             2.13%
      0     0     2195.7108   117     2152.2997     Cuts: 241    10358    2.02%
      0     0     2193.8066   106     2152.2997     Cuts: 244    10671    1.93%
      0     0     2193.2285   109     2152.2997     Cuts: 222    10874    1.90%
      0     0     2192.8970   104     2152.2997     Cuts: 232    11090    1.89%
      0     0     2192.7853    98     2152.2997     Cuts: 210    11294    1.88%
      0     0     2192.7853    98     2152.2997  MIRcuts: 192    11396    1.88%
      0     2     2192.7853    98     2152.2997     2192.7853    11396    1.88%
Elapsed time = 21.06 sec. (14966.37 ticks, tree = 0.00 MB, solutions = 5)
      8    10     2192.7787    98     2152.2997     2192.7853    11650    1.88%
     16    18     2192.0735    98     2152.2997     2192.7853    13409    1.88%
     29    31     2192.1043    98     2152.2997     2192.7853    14269    1.88%
     51    53     2192.6773    97     2152.2997     2192.7853    15993    1.88%
     66    68     2191.8653    97     2152.2997     2192.7853    17871    1.88%
     70    72     2192.6864    96     2152.2997     2192.7853    18100    1.88%
    139   141     2192.6806    97     2152.2997     2192.7853    19962    1.88%
    142   144     2192.0043    97     2152.2997     2192.7853    20020    1.88%
    176   178     2192.6864    96     2152.2997     2192.7853    24076    1.88%
    212   214     2192.6806    97     2152.2997     2192.7853    30668    1.88%
Elapsed time = 35.72 sec. (20605.73 ticks, tree = 1.91 MB, solutions = 5)
    215   217     2191.9225    96     2152.2997     2192.7853    31507    1.88%
    238   240     2192.0820    96     2152.2997     2192.7853    41013    1.88%
    246   248     2192.0341    96     2152.2997     2192.7853    45295    1.88%
*   288+  288                         2182.9162     2192.7853             0.45%

Cover cuts applied:  4
Implied bound cuts applied:  131
Flow cuts applied:  6346
Mixed integer rounding cuts applied:  3110
Gomory fractional cuts applied:  353

Root node processing (before b&c):
  Real time             =   20.94 sec. (14950.69 ticks)
Parallel b&c, 8 threads:
  Real time             =   28.03 sec. (10896.84 ticks)
  Sync time (average)   =    5.31 sec.
  Wait time (average)   =    5.41 sec.
                          ------------
Total (root+branch&cut) =   48.97 sec. (25847.53 ticks)

<<< solve


OBJECTIVE: 2182.916
avg_utility = 0.890986

<<< post process


<<< done

