
<<< setup


<<< generate

Found incumbent of value 0.000000 after 0.02 sec. (8.40 ticks)
Tried aggregator 7 times.
MIP Presolve eliminated 346452 rows and 157412 columns.
MIP Presolve modified 1293 coefficients.
Aggregator did 12901 substitutions.
Reduced MIP has 5162 rows, 11608 columns, and 25796 nonzeros.
Reduced MIP has 1290 binaries, 0 generals, 0 SOSs, and 0 indicators.
Presolve time = 1.43 sec. (886.42 ticks)
Probing time = 0.01 sec. (0.51 ticks)
Tried aggregator 1 time.
Reduced MIP has 5162 rows, 11608 columns, and 25796 nonzeros.
Reduced MIP has 1290 binaries, 0 generals, 0 SOSs, and 0 indicators.
Presolve time = 0.04 sec. (18.08 ticks)
Probing time = 0.01 sec. (0.51 ticks)
MIP emphasis: balance optimality and feasibility.
MIP search method: dynamic search.
Parallel mode: deterministic, using up to 8 threads.
Root relaxation solution time = 0.19 sec. (135.32 ticks)

        Nodes                                         Cuts/
   Node  Left     Objective  IInf  Best Integer    Best Bound    ItCnt     Gap

*     0+    0                            0.0000    13900.0473              --- 
*     0+    0                         1195.2753    13900.0473              --- 
      0     0     3266.0000  1202     1195.2753     3266.0000     2450  173.24%
*     0+    0                         2741.2781     3266.0000            19.14%
      0     0     3048.1213   328     2741.2781    Cuts: 1390     5829   11.19%
*     0     0      integral     0     2778.3538     Cuts: 887     7081    0.00%
      0     0        cutoff           2778.3538     2778.3538     7081    0.00%
Elapsed time = 3.01 sec. (2084.70 ticks, tree = 0.00 MB, solutions = 4)

Implied bound cuts applied:  1
Flow cuts applied:  1240
Mixed integer rounding cuts applied:  736
Gomory fractional cuts applied:  300

Root node processing (before b&c):
  Real time             =    3.03 sec. (2093.94 ticks)
Parallel b&c, 8 threads:
  Real time             =    0.00 sec. (0.00 ticks)
  Sync time (average)   =    0.00 sec.
  Wait time (average)   =    0.00 sec.
                          ------------
Total (root+branch&cut) =    3.03 sec. (2093.94 ticks)

<<< solve


OBJECTIVE: 2778.354
avg_utility = 0.85069

<<< post process


<<< done

