
<<< setup


<<< generate

Found incumbent of value 0,000000 after 0,01 sec. (11,70 ticks)
Tried aggregator 3 times.
MIP Presolve eliminated 175236 rows and 259526 columns.
MIP Presolve modified 2535 coefficients.
Aggregator did 64056 substitutions.
Reduced MIP has 11941 rows, 27299 columns, and 81412 nonzeros.
Reduced MIP has 2053 binaries, 0 generals, 0 SOSs, and 0 indicators.
Presolve time = 1,88 sec. (1855,58 ticks)
Probing time = 0,01 sec. (1,19 ticks)
Tried aggregator 1 time.
Reduced MIP has 11941 rows, 27299 columns, and 81412 nonzeros.
Reduced MIP has 2053 binaries, 0 generals, 0 SOSs, and 0 indicators.
Presolve time = 0,04 sec. (42,42 ticks)
Probing time = 0,01 sec. (1,19 ticks)
MIP emphasis: balance optimality and feasibility.
MIP search method: dynamic search.
Parallel mode: deterministic, using up to 8 threads.
Root relaxation solution time = 0,42 sec. (346,85 ticks)

        Nodes                                         Cuts/
   Node  Left     Objective  IInf  Best Integer    Best Bound    ItCnt     Gap

*     0+    0                          767,0000     9636,0000              --- 
*     0+    0                         1994,7500     9636,0000           383,07%
      0     0     2047,2500     5     1994,7500     2047,2500       23    2,63%
*     0+    0                         2047,2500     2047,2500             0,00%
*     0     0      integral     0     2047,2500     2047,2500       23    0,00%
Elapsed time = 2,50 sec. (2390,18 ticks, tree = 0,00 MB, solutions = 3)

Root node processing (before b&c):
  Real time             =    2,52 sec. (2407,46 ticks)
Parallel b&c, 8 threads:
  Real time             =    0,00 sec. (0,00 ticks)
  Sync time (average)   =    0,00 sec.
  Wait time (average)   =    0,00 sec.
                          ------------
Total (root+branch&cut) =    2,52 sec. (2407,46 ticks)

<<< solve


OBJECTIVE: 2047.25
avg_utility = 0.542318

<<< post process


<<< done

