
<<< setup


<<< generate

Found incumbent of value 0,000000 after 0,01 sec. (4,24 ticks)
Tried aggregator 2 times.
MIP Presolve eliminated 20737 rows and 31789 columns.
MIP Presolve modified 277 coefficients.
Aggregator did 2130 substitutions.
Reduced MIP has 34671 rows, 105594 columns, and 287825 nonzeros.
Reduced MIP has 6125 binaries, 1926 generals, 0 SOSs, and 0 indicators.
Presolve time = 0,25 sec. (175,59 ticks)
Probing time = 0,43 sec. (30,99 ticks)
Tried aggregator 1 time.
MIP Presolve eliminated 4177 rows and 10801 columns.
Reduced MIP has 30494 rows, 94793 columns, and 255807 nonzeros.
Reduced MIP has 6125 binaries, 1926 generals, 0 SOSs, and 0 indicators.
Presolve time = 0,30 sec. (146,85 ticks)
Probing time = 0,22 sec. (29,17 ticks)
Tried aggregator 1 time.
Reduced MIP has 30494 rows, 94793 columns, and 255807 nonzeros.
Reduced MIP has 6125 binaries, 1926 generals, 0 SOSs, and 0 indicators.
Presolve time = 0,23 sec. (120,74 ticks)
Probing time = 0,26 sec. (31,86 ticks)
Clique table members: 3402.
MIP emphasis: balance optimality and feasibility.
MIP search method: dynamic search.
Parallel mode: deterministic, using up to 24 threads.
Root relaxation solution time = 0,28 sec. (145,53 ticks)

        Nodes                                         Cuts/
   Node  Left     Objective  IInf  Best Integer    Best Bound    ItCnt     Gap

*     0+    0                            0,0000        3,0000              --- 
      0     0        0,9986   441        0,0000        0,9986     2055     --- 
*     0+    0                            0,2503        0,9986           298,99%
      0     0        0,8290   441        0,2503    Cuts: 1385     3318  231,23%
      0     0        0,6732   442        0,2503    Cuts: 1307     4617  169,00%
      0     0        0,5256   441        0,2503    Cuts: 1215     5910  110,00%
*     0+    0                            0,3314        0,5256            58,60%
      0     0        0,3777   436        0,3314    Cuts: 1097     7169   13,97%
      0     0        cutoff              0,3314                   7323    0,00%
Elapsed time = 10,67 sec. (8954,25 ticks, tree = 0,00 MB, solutions = 3)

Implied bound cuts applied:  32
Flow cuts applied:  2610
Mixed integer rounding cuts applied:  3154
Gomory fractional cuts applied:  99

Root node processing (before b&c):
  Real time             =   10,68 sec. (8960,65 ticks)
Parallel b&c, 24 threads:
  Real time             =    0,00 sec. (0,00 ticks)
  Sync time (average)   =    0,00 sec.
  Wait time (average)   =    0,00 sec.
                          ------------
Total (root+branch&cut) =   10,68 sec. (8960,65 ticks)

<<< solve


OBJECTIVE: 0.3313879
avg_utility = 0.331388

<<< post process


<<< done

