
<<< setup


<<< generate

Aggregator has done 72323 substitutions...
Tried aggregator 10 times.
MIP Presolve eliminated 1170643 rows and 777576 columns.
MIP Presolve modified 42863 coefficients.
Aggregator did 76012 substitutions.
Reduced MIP has 91923 rows, 242493 columns, and 687085 nonzeros.
Reduced MIP has 39820 binaries, 3474 generals, 0 SOSs, and 0 indicators.
Presolve time = 13,15 sec. (10957,42 ticks)
Found incumbent of value 57,511640 after 13,69 sec. (11374,28 ticks)
Probing time = 0,07 sec. (24,24 ticks)
Tried aggregator 1 time.
Presolve time = 0,31 sec. (220,28 ticks)
Probing time = 0,30 sec. (24,24 ticks)
Clique table members: 1488.
MIP emphasis: balance optimality and feasibility.
MIP search method: dynamic search.
Parallel mode: deterministic, using up to 24 threads.
Root relaxation solution time = 2,85 sec. (1786,35 ticks)

        Nodes                                         Cuts/
   Node  Left     Objective  IInf  Best Integer    Best Bound    ItCnt     Gap

*     0+    0                           57,5116    24821,1589    18919     --- 
*     0+    0                           85,6687    24821,1589    18919     --- 
*     0+    0                           86,0000    24821,1589    18919     --- 
      0     0     5786,0000  1851       86,0000     5786,0000    18919     --- 
*     0+    0                         2923,0000     5786,0000    66524   97,95%
      0     0     5737,5308  1398     2923,0000    Cuts: 5586    66524   96,29%
      0     0     5717,2290  1600     2923,0000    Cuts: 4791   112131   95,59%
      0     0     5672,1551  1742     2923,0000    Cuts: 5256   128847   94,05%
*     0+    0                         3037,4460     5672,1551   128847   86,74%
*     0+    0                         4192,1764     5672,1551   128847   35,30%
*     0+    0                         4202,2193     5672,1551   128847   34,98%
*     0+    0                         4210,5019     5672,1551   128847   34,71%
      0     0     5649,2457  1789     4210,5019    Cuts: 4866   198223   34,17%
      0     0     5624,8183  1901     4210,5019    Cuts: 5021   252015   33,59%
      0     0     5595,8252  1868     4210,5019    Cuts: 5183   305178   32,90%
*     0+    0                         4548,9565     5595,8252   305178   23,01%
      0     0     5578,4575  1882     4548,9565    Cuts: 4633   325251   22,63%
      0     0     5565,9497  1706     4548,9565    Cuts: 4231   343853   22,36%
      0     0     5554,9854  1496     4548,9565    Cuts: 3674   355525   22,12%
*     0+    0                         4874,4774     5554,9854   355525   13,96%
*     0+    0                         4874,6288     5554,9854   355525   13,96%
      0     0     5544,9608  1560     4874,6288    Cuts: 3316   396646   13,75%
      0     0     5538,2220  1598     4874,6288    Cuts: 3518   417676   13,61%
      0     0     5531,4138  1746     4874,6288    Cuts: 3656   442357   13,47%
*     0+    0                         5034,0904     5531,4138   442357    9,88%
      0     0     5523,4273  1475     5034,0904    Cuts: 3379   461854    9,72%
*     0+    0                         5054,2529     5523,4273   490314    9,28%
      0     0     5518,6004  1371     5054,2529    Cuts: 2653   490314    9,19%
*     0+    0                         5056,1356     5518,6004   512387    9,15%
      0     0     5514,5380  1163     5056,1356    Cuts: 2189   512387    9,07%
*     0+    0                         5212,7255     5514,5380   512387    5,79%
      0     0     5511,5485  1151     5212,7255    Cuts: 1736   536618    5,73%
*     0+    0                         5214,8232     5511,5485   567430    5,69%
      0     0     5508,2217  1146     5214,8232    Cuts: 1700   567430    5,63%
*     0+    0                         5216,1809     5508,2217   583836    5,60%
      0     0     5505,4074  1058     5216,1809    Cuts: 1543   583836    5,54%
*     0+    0                         5216,3086     5505,4074   600869    5,54%
      0     0     5503,4628  1065     5216,3086    Cuts: 1367   600869    5,50%
      0     0     5501,9747   870     5216,3086    Cuts: 1346   632121    5,48%
      0     0     5500,3511   754     5216,3086     Cuts: 983   656150    5,45%
      0     0     5499,5290   845     5216,3086     Cuts: 820   685149    5,43%
      0     0     5498,9232   754     5216,3086     Cuts: 821   691668    5,42%
      0     0     5498,3507   758     5216,3086     Cuts: 664   740958    5,41%
*     0+    0                         5363,4069     5498,3507   740958    2,52%
*     0+    0                         5375,7295     5498,3507   740958    2,28%
Heuristic still looking.
Heuristic still looking.
*     0+    0                         5388,7125     5498,3507   740958    2,03%
*     0+    0                         5398,5295     5498,3507   740958    1,85%
*     0+    0                         5406,5557     5498,3507   740958    1,70%
      0     2     5498,3507   758     5406,5557     5498,3507   740958    1,70%
Elapsed time = 3454,78 sec. (2185027,46 ticks, tree = 0,01 MB, solutions = 23)
      1     3     5498,2439   727     5406,5557     5498,3507   756275    1,70%
      2     4     5498,1817   751     5406,5557     5498,3507   760826    1,70%
      3     5     5498,2741   753     5406,5557     5498,3507   767084    1,70%
      4     6     5497,9052   756     5406,5557     5498,3507   773409    1,70%
      6     8     5498,2374   760     5406,5557     5498,3507   789294    1,70%
      7     9     5497,2118   765     5406,5557     5498,2562   796954    1,70%
      9    11     5498,0324   820     5406,5557     5498,2562   813538    1,70%
     13    15     5497,5801   747     5406,5557     5498,2562   841736    1,70%
     15    17     5497,8803   741     5406,5557     5498,2562   855553    1,70%
     17    19     5498,0529   689     5406,5557     5498,2514   866672    1,70%
Elapsed time = 3681,37 sec. (2299897,94 ticks, tree = 0,09 MB, solutions = 23)
     22    24     5497,4515   806     5406,5557     5498,2514   921446    1,70%
     26    28     5497,4140   801     5406,5557     5498,2514  1014451    1,70%
     30    32     5497,4198   794     5406,5557     5498,2514  1062214    1,70%
     34    36     5497,8701   630     5406,5557     5498,2488  1105356    1,70%
     36    38     5497,0314   796     5406,5557     5498,2488  1116213    1,70%
     39    41     5497,3774   825     5406,5557     5498,2488  1141024    1,70%
     42    44     5496,4712   790     5406,5557     5498,2488  1183849    1,70%
*    43+   43                         5420,0173     5498,2488  1197631    1,44%
     43    45     5496,6545   706     5420,0173     5498,2488  1197631    1,44%
*    44+   44                         5420,4040     5498,2488  1236768    1,44%
*    44+   44                         5420,4696     5498,2488  1236768    1,43%
*    44+   44                         5420,5282     5498,2488  1236768    1,43%
*    44+   44                         5421,8327     5498,2488  1236768    1,41%
     44    46     5496,6994   817     5421,8327     5498,2488  1236768    1,41%
     45    47     5496,7098   814     5421,8327     5498,2488  1248450    1,41%
Elapsed time = 4720,71 sec. (2799514,14 ticks, tree = 0,01 MB, solutions = 29)
     50    52     5496,6774   819     5421,8327     5498,2488  1311839    1,41%
     55    57     5496,5628   756     5421,8327     5498,2488  1388038    1,41%
     57    59     5497,8589   624     5421,8327     5498,2488  1397497    1,41%
     58    60     5497,7853   697     5421,8327     5498,2488  1406853    1,41%
     62    64     5497,2212   768     5421,8327     5498,2488  1452622    1,41%
*    71+   71                         5428,5084     5498,2488  1556299    1,28%
*    71+   71                         5428,9914     5498,2488  1556299    1,28%
*    71+   71                         5429,1646     5498,2488  1556299    1,27%
     71    73     5497,2179   784     5429,1646     5498,2488  1556299    1,27%
*    72+   72                         5429,4804     5498,2488  1587860    1,27%
     72    74     5496,9801   834     5429,4804     5498,2488  1587860    1,27%
*    74+   74                         5432,5264     5498,2488  1640986    1,21%
*    74+   74                         5433,0877     5498,2488  1640986    1,20%
*    75+   75                         5436,7955     5498,2488  1696117    1,13%
*    75+   75                         5437,5818     5498,2488  1696117    1,12%
*    75+   75                         5437,7979     5498,2488  1696117    1,11%
*    75+   75                         5438,2922     5498,2488  1696117    1,10%
     75    77     5496,6219   697     5438,2922     5498,2488  1696117    1,10%
   1082  1084     5497,6048   618     5438,2922     5498,2488  4569528    1,10%
   1083  1085     5497,3590   625     5438,2922     5498,2488  4570153    1,10%
Elapsed time = 5947,28 sec. (3101251,18 ticks, tree = 8,14 MB, solutions = 39)
   1084  1086     5497,0270   636     5438,2922     5498,2488  4580576    1,10%
   1086  1088     5496,5828   592     5438,2922     5498,2488  4592214    1,10%
   1093  1095     5496,4993   747     5438,2922     5498,2488  4624050    1,10%
   1108  1110     5497,0039   648     5438,2922     5498,2488  4665181    1,10%
   1132  1134     5496,9244   636     5438,2922     5498,2488  4739822    1,10%
   1208  1210     5495,3398   834     5438,2922     5498,2488  4964318    1,10%
   1400  1400     5494,6412   848     5438,2922     5498,2488  5216603    1,10%
   2553  2551     5496,7648   566     5438,2922     5498,2488  5460621    1,10%
   2555  2553     5496,9179   621     5438,2922     5498,2488  5475720    1,10%
   2556  2554     5496,9871   577     5438,2922     5498,2488  5485154    1,10%
Elapsed time = 7095,53 sec. (3296482,79 ticks, tree = 68,28 MB, solutions = 69)
   2566  2564     5495,2225   620     5438,2922     5498,2488  5553299    1,10%
   2582  2580     5496,9872   576     5438,2922     5498,2488  5589645    1,10%

Implied bound cuts applied:  213
Flow cuts applied:  26382
Mixed integer rounding cuts applied:  23019
Flow path cuts applied:  3641
Gomory fractional cuts applied:  214

Root node processing (before b&c):
  Real time             = 3438,81 sec. (2173248,70 ticks)
Parallel b&c, 24 threads:
  Real time             = 3750,37 sec. (1128008,33 ticks)
  Sync time (average)   =    0,07 sec.
  Wait time (average)   =    0,00 sec.
                          ------------
Total (root+branch&cut) = 7189,18 sec. (3301257,03 ticks)

<<< solve


OBJECTIVE: 5438.292
avg_utility = 0.9399053309713007

<<< post process


<<< done

