
<<< setup


<<< generate

Aggregator has done 267531 substitutions...
Tried aggregator 12 times.
MIP Presolve eliminated 193003 rows and 1008762 columns.
MIP Presolve modified 23851 coefficients.
Aggregator did 320500 substitutions.
Reduced MIP has 53501 rows, 152739 columns, and 435701 nonzeros.
Reduced MIP has 24996 binaries, 15574 generals, 0 SOSs, and 0 indicators.
Presolve time = 29,78 sec. (19586,04 ticks)
Found incumbent of value 2721,000000 after 30,03 sec. (19796,14 ticks)
Probing time = 0,49 sec. (91,21 ticks)
Tried aggregator 1 time.
Presolve time = 0,23 sec. (155,22 ticks)
Probing time = 0,92 sec. (91,21 ticks)
Clique table members: 2738.
MIP emphasis: balance optimality and feasibility.
MIP search method: dynamic search.
Parallel mode: deterministic, using up to 24 threads.
Root relaxation solution time = 4,02 sec. (3147,45 ticks)

        Nodes                                         Cuts/
   Node  Left     Objective  IInf  Best Integer    Best Bound    ItCnt     Gap

*     0+    0                         2721,0000    85607,2000    23425     --- 
*     0+    0                         4578,2000    85607,2000    23425     --- 
      0     0    32236,0000  5046     4578,2000    32236,0000    23425  604,12%
*     0+    0                        18977,6000    32236,0000    71063   69,86%
      0     0    21614,2338   543    18977,6000   Cuts: 10000    71063   13,89%
      0     0    19711,7363   202    18977,6000     Cuts: 993    73984    3,87%
      0     0    19706,4783   486    18977,6000     Cuts: 272    74959    3,84%
*     0+    0                        19601,4000    19706,4783    74959    0,54%

Implied bound cuts applied:  113
Flow cuts applied:  6990
Mixed integer rounding cuts applied:  3710
Gomory fractional cuts applied:  278

Root node processing (before b&c):
  Real time             =   42,60 sec. (39968,13 ticks)
Parallel b&c, 24 threads:
  Real time             =    0,00 sec. (0,00 ticks)
  Sync time (average)   =    0,00 sec.
  Wait time (average)   =    0,00 sec.
                          ------------
Total (root+branch&cut) =   42,60 sec. (39968,13 ticks)

<<< solve


OBJECTIVE: 19601.4
avg_utility = 0.6080593125698038

<<< post process


<<< done

