
<<< setup


<<< generate

Found incumbent of value 0,000000 after 0,01 sec. (4,62 ticks)
Tried aggregator 2 times.
MIP Presolve eliminated 20768 rows and 34797 columns.
MIP Presolve modified 1780 coefficients.
Aggregator did 2340 substitutions.
Reduced MIP has 37496 rows, 115480 columns, and 314616 nonzeros.
Reduced MIP has 5812 binaries, 2496 generals, 0 SOSs, and 0 indicators.
Presolve time = 0,29 sec. (190,53 ticks)
Probing time = 0,38 sec. (33,99 ticks)
Tried aggregator 1 time.
MIP Presolve eliminated 4914 rows and 12719 columns.
Reduced MIP has 32582 rows, 102761 columns, and 276914 nonzeros.
Reduced MIP has 5812 binaries, 2496 generals, 0 SOSs, and 0 indicators.
Presolve time = 0,28 sec. (159,31 ticks)
Probing time = 0,23 sec. (31,87 ticks)
Tried aggregator 1 time.
Reduced MIP has 32582 rows, 102761 columns, and 276914 nonzeros.
Reduced MIP has 5812 binaries, 2496 generals, 0 SOSs, and 0 indicators.
Presolve time = 0,22 sec. (130,51 ticks)
Probing time = 0,32 sec. (33,71 ticks)
Clique table members: 3352.
MIP emphasis: balance optimality and feasibility.
MIP search method: dynamic search.
Parallel mode: deterministic, using up to 24 threads.
Root relaxation solution time = 0,80 sec. (364,00 ticks)

        Nodes                                         Cuts/
   Node  Left     Objective  IInf  Best Integer    Best Bound    ItCnt     Gap

*     0+    0                            0,0000        4,2899              --- 
      0     0        0,9857   483        0,0000        0,9857     1468     --- 
*     0+    0                            0,2546        0,9857           287,20%
      0     0        0,9598   495        0,2546    Cuts: 1162     2683  277,02%
      0     0        0,9109   485        0,2546    Cuts: 1538     3879  257,83%
      0     0        0,8481   489        0,2546    Cuts: 1412     4991  233,14%
      0     0        0,7660   478        0,2546    Cuts: 1363     5952  200,91%
      0     0        0,5370   145        0,2546    Cuts: 1222     6668  110,93%
      0     0        0,4643    22        0,2546     Cuts: 331     6853   82,40%
      0     0        0,4480    20        0,2546      Cuts: 11     6889   75,99%
      0     0        0,4560    23        0,2546       Cuts: 5     6943   75,99%
      0     0        0,4541    25        0,2546      Cuts: 18     6965   75,99%
      0     0        0,4539    13        0,2546       Cuts: 5     6968   75,99%
      0     0        0,4536    25        0,2546       Cuts: 4     6976   75,99%
*     0+    0                            0,3768        0,4480            18,90%
      0     2        0,4536    25        0,3768        0,4480     6976   18,90%
Elapsed time = 16,59 sec. (11711,89 ticks, tree = 0,00 MB, solutions = 3)
     10    12        0,4498     6        0,3768        0,4480     6998   18,90%
     28    30        0,4437    11        0,3768        0,4480     7056   18,90%
     44    46        0,4429     1        0,3768        0,4480     7483   18,90%
*    45    45      integral     0        0,4375        0,4480     7850    2,41%
*    45    45      integral     0        0,4375        0,4480     7850    2,41%
*    56    54      integral     0        0,4377        0,4480     7963    2,35%
*    56    54      integral     0        0,4377        0,4480     7963    2,35%
*   111+   91                            0,4477        0,4480             0,06%
    112    91        0,4428     3        0,4477        0,4480     9552    0,06%
*   128+   98                            0,4480        0,4480            -0,00%
    152   102        0,8382   437        0,4480        0,4480    35051   -0,00%
*   195+  118                            0,4486        0,4480            -0,13%

Cover cuts applied:  35
Implied bound cuts applied:  144
Flow cuts applied:  3133
Mixed integer rounding cuts applied:  3292
Zero-half cuts applied:  1
Gomory fractional cuts applied:  248

Root node processing (before b&c):
  Real time             =   15,83 sec. (11568,19 ticks)
Parallel b&c, 24 threads:
  Real time             =   10,34 sec. (6540,54 ticks)
  Sync time (average)   =    7,06 sec.
  Wait time (average)   =    7,46 sec.
                          ------------
Total (root+branch&cut) =   26,17 sec. (18108,73 ticks)

<<< solve


OBJECTIVE: 0.4486088
avg_utility = 0.448609

<<< post process


<<< done

