
<<< setup


<<< generate

Found incumbent of value 0.000000 after 0.08 sec. (26.57 ticks)
Tried aggregator 6 times.
MIP Presolve eliminated 174439 rows and 578654 columns.
MIP Presolve modified 7784 coefficients.
Aggregator did 182810 substitutions.
Reduced MIP has 35890 rows, 97737 columns, and 273815 nonzeros.
Reduced MIP has 18244 binaries, 6788 generals, 0 SOSs, and 0 indicators.
Presolve time = 32.52 sec. (7784.73 ticks)
Probing time = 3.50 sec. (80.98 ticks)
Tried aggregator 1 time.
Reduced MIP has 35890 rows, 97737 columns, and 273815 nonzeros.
Reduced MIP has 18244 binaries, 6788 generals, 0 SOSs, and 0 indicators.
Presolve time = 0.48 sec. (134.30 ticks)
Probing time = 1.60 sec. (77.39 ticks)
Clique table members: 1870.
MIP emphasis: balance optimality and feasibility.
MIP search method: dynamic search.
Parallel mode: deterministic, using up to 8 threads.
Root relaxation solution time = 1.68 sec. (696.29 ticks)

        Nodes                                         Cuts/
   Node  Left     Objective  IInf  Best Integer    Best Bound    ItCnt     Gap

*     0+    0                         1202.4933    48279.2845              --- 
*     0+    0                         4472.4147    48279.2845           979.49%
*     0+    0                         4485.1514    48279.2845           976.42%
      0     0    12375.0000  3023     4485.1514    12375.0000     3608  175.91%
      0     0    11464.8702  1006     4485.1514    Cuts: 9034    24916  155.62%
      0     0    11077.4079   640     4485.1514    Cuts: 2723    29256  146.98%
      0     0    11052.4924   604     4485.1514    Cuts: 1052    32211  146.42%
      0     0    11036.5358   549     4485.1514     Cuts: 857    33503  146.07%
      0     0    11023.0171   561     4485.1514     Cuts: 792    34965  145.77%
      0     0    11013.7462   437     4485.1514     Cuts: 731    35890  145.56%
      0     0    11007.0692   341     4485.1514     Cuts: 559    36697  145.41%
      0     0    10997.6659   254     4485.1514     Cuts: 406    37607  145.20%
      0     0    10994.6775   201     4485.1514     Cuts: 273    38131  145.14%
      0     0    10992.6792   182     4485.1514     Cuts: 239    38736  145.09%
      0     0    10992.4173   177     4485.1514     Cuts: 177    39474  145.08%
      0     0    10992.2867   194     4485.1514     Cuts: 136    39617  145.08%
Heuristic still looking.
      0     2    10992.2867   194     4485.1514    10992.2867    39617  145.08%
Elapsed time = 230.81 sec. (81937.17 ticks, tree = 0.00 MB, solutions = 3)
      1     3    10992.2468   172     4485.1514    10992.2867    39952  145.08%
      2     4    10992.2171   163     4485.1514    10992.2823    40398  145.08%
      3     5    10992.2233   166     4485.1514    10992.2823    40915  145.08%
      5     7    10992.1402   160     4485.1514    10992.2823    41125  145.08%
      6     8    10992.1495   201     4485.1514    10992.2454    41410  145.08%
      8    10    10992.0934   202     4485.1514    10992.2454    41693  145.08%
     11    13    10992.0666   209     4485.1514    10992.2454    41977  145.08%
     13    15    10989.5254   199     4485.1514    10992.2454    42246  145.08%
     16    18    10992.0630   221     4485.1514    10992.2454    42578  145.08%
     28    30    10991.8625   226     4485.1514    10992.2454    44899  145.08%
Elapsed time = 257.23 sec. (89717.39 ticks, tree = 0.00 MB, solutions = 3)
     55    57    10991.1693   209     4485.1514    10992.2454    49515  145.08%
     78    80    10991.1497   211     4485.1514    10992.2454    51396  145.08%
    107   109    10986.5206   209     4485.1514    10992.2454    55097  145.08%
    123   125    10983.1962   240     4485.1514    10992.2454    57365  145.08%
    139   141    10980.2433   256     4485.1514    10992.2454    60424  145.08%
    151   153    10990.2253   124     4485.1514    10992.2454    63359  145.08%
    223   225    10986.1099   134     4485.1514    10992.2454    67628  145.08%
    228   230    10977.9176   227     4485.1514    10992.2454    69470  145.08%
    268   270    10989.6081    88     4485.1514    10992.2454    71708  145.08%
    294   296    10990.2613   135     4485.1514    10992.2454    73292  145.08%
Elapsed time = 375.74 sec. (108605.76 ticks, tree = 24.83 MB, solutions = 3)
    321   323    10984.5487   135     4485.1514    10992.2454    74864  145.08%
    385   387    10982.0282   111     4485.1514    10992.2454    75661  145.08%
    510   512    10962.7839   120     4485.1514    10992.2454    76987  145.08%
   1096  1098    10991.0725   137     4485.1514    10992.2454    84487  145.08%
   1112  1114    10991.0523   145     4485.1514    10992.2454    85203  145.08%
   1141  1143    10980.0264   139     4485.1514    10992.2454    87657  145.08%
   1318  1320    10976.2871    91     4485.1514    10992.2454    92268  145.08%
   1358  1360    10971.0845    67     4485.1514    10992.2454    94105  145.08%
   1371  1373    10954.6683   152     4485.1514    10992.2454    95432  145.08%
   1723  1725    10977.9563   100     4485.1514    10992.2454   103307  145.08%
Elapsed time = 462.62 sec. (121264.13 ticks, tree = 98.07 MB, solutions = 3)
   1760  1762    10984.1538   106     4485.1514    10992.2454   106371  145.08%
   1787  1789    10977.9550    96     4485.1514    10992.2454   107422  145.08%
   1794  1796    10977.8170    68     4485.1514    10992.2454   107924  145.08%
   1972  1974    10946.3345    90     4485.1514    10992.2454   115627  145.08%
   1980  1982    10983.8606    74     4485.1514    10992.2454   116789  145.08%
   1988  1990    10935.7980   118     4485.1514    10992.2454   118587  145.08%
   2020  2022    10970.9628    73     4485.1514    10992.2454   120090  145.08%
   2327  2329    10756.6508   135     4485.1514    10992.2454   134556  145.08%
   2883  2885    10982.3602   123     4485.1514    10992.2454   149323  145.08%
   2907  2909    10979.2670    88     4485.1514    10992.2454   151053  145.08%
Elapsed time = 651.92 sec. (160182.70 ticks, tree = 110.58 MB, solutions = 3)
   3020  3022    10964.2155    60     4485.1514    10992.2454   155194  145.08%
   3098  3100    10979.8828    68     4485.1514    10992.2454   158287  145.08%
   3130  3132    10979.7823    68     4485.1514    10992.2454   159375  145.08%
   3168  3170    10974.5507   101     4485.1514    10992.2454   161702  145.08%
*  3523+ 3523                        10984.5941    10992.2454             0.07%

Implied bound cuts applied:  409
Flow cuts applied:  8158
Mixed integer rounding cuts applied:  5426
Gomory fractional cuts applied:  239

Root node processing (before b&c):
  Real time             =  222.60 sec. (80159.34 ticks)
Parallel b&c, 8 threads:
  Real time             =  601.41 sec. (101463.45 ticks)
  Sync time (average)   =  103.76 sec.
  Wait time (average)   =  104.22 sec.
                          ------------
Total (root+branch&cut) =  824.01 sec. (181622.80 ticks)

<<< solve


OBJECTIVE: 10984.59
avg_utility = 0.887644

<<< post process


<<< done

