
<<< setup


<<< generate

Found incumbent of value 0,000000 after 0,03 sec. (16,97 ticks)
Tried aggregator 4 times.
MIP Presolve eliminated 179292 rows and 387881 columns.
MIP Presolve modified 4842 coefficients.
Aggregator did 106112 substitutions.
Reduced MIP has 16146 rows, 37128 columns, and 113959 nonzeros.
Reduced MIP has 2820 binaries, 0 generals, 0 SOSs, and 0 indicators.
Presolve time = 5,55 sec. (3549,18 ticks)
Probing time = 0,11 sec. (1,39 ticks)
Tried aggregator 1 time.
Reduced MIP has 16146 rows, 37128 columns, and 113959 nonzeros.
Reduced MIP has 2820 binaries, 0 generals, 0 SOSs, and 0 indicators.
Presolve time = 0,09 sec. (53,27 ticks)
Probing time = 0,06 sec. (1,39 ticks)
MIP emphasis: balance optimality and feasibility.
MIP search method: dynamic search.
Parallel mode: deterministic, using up to 24 threads.
Root relaxation solution time = 1,30 sec. (619,19 ticks)

        Nodes                                         Cuts/
   Node  Left     Objective  IInf  Best Integer    Best Bound    ItCnt     Gap

*     0+    0                         1706,0000    19784,0000              --- 
*     0+    0                         3134,2250    19784,0000           531,22%
      0     0     6804,4437   613     3134,2250     6804,4437       56  117,10%
*     0+    0                         4682,3215     6804,4437            45,32%
      0     0     5640,0865   823     4682,3215    Cuts: 2047     7154   20,45%
      0     0     4800,4654   132     4682,3215    Cuts: 2721    11801    2,52%
      0     0     4709,9885     2     4682,3215     Cuts: 333    12920    0,59%

Implied bound cuts applied:  293
Flow cuts applied:  3288
Mixed integer rounding cuts applied:  990
Gomory fractional cuts applied:  301

Root node processing (before b&c):
  Real time             =   15,11 sec. (12044,07 ticks)
Parallel b&c, 24 threads:
  Real time             =    0,00 sec. (0,00 ticks)
  Sync time (average)   =    0,00 sec.
  Wait time (average)   =    0,00 sec.
                          ------------
Total (root+branch&cut) =   15,11 sec. (12044,07 ticks)

<<< solve


OBJECTIVE: 4682.322
avg_utility = 0.59511

<<< post process


<<< done

