
<<< setup


<<< generate

Found incumbent of value 0.000000 after 0.00 sec. (2.03 ticks)
Tried aggregator 2 times.
MIP Presolve eliminated 38507 rows and 36155 columns.
MIP Presolve modified 6261 coefficients.
Aggregator did 6260 substitutions.
Reduced MIP has 6889 rows, 13146 columns, and 28796 nonzeros.
Reduced MIP has 4696 binaries, 2190 generals, 0 SOSs, and 0 indicators.
Presolve time = 0.16 sec. (64.75 ticks)
Probing time = 0.01 sec. (4.14 ticks)
Tried aggregator 1 time.
Reduced MIP has 6889 rows, 13146 columns, and 28796 nonzeros.
Reduced MIP has 4696 binaries, 2190 generals, 0 SOSs, and 0 indicators.
Presolve time = 0.04 sec. (18.37 ticks)
Probing time = 0.02 sec. (4.12 ticks)
Clique table members: 261.
MIP emphasis: balance optimality and feasibility.
MIP search method: dynamic search.
Parallel mode: deterministic, using up to 8 threads.
Root relaxation solution time = 0.25 sec. (221.86 ticks)

        Nodes                                         Cuts/
   Node  Left     Objective  IInf  Best Integer    Best Bound    ItCnt     Gap

*     0+    0                            0.0000    13807.2492              --- 
      0     0     2184.1681     2        0.0000     2184.1681       28     --- 
*     0+    0                         2183.4361     2184.1681             0.03%
*     0+    0                         2184.1048     2184.1681             0.00%

Root node processing (before b&c):
  Real time             =    0.78 sec. (533.16 ticks)
Parallel b&c, 8 threads:
  Real time             =    0.00 sec. (0.00 ticks)
  Sync time (average)   =    0.00 sec.
  Wait time (average)   =    0.00 sec.
                          ------------
Total (root+branch&cut) =    0.78 sec. (533.16 ticks)

<<< solve


OBJECTIVE: 2184.105
avg_utility = 0.66874

<<< post process


<<< done

