
<<< setup


<<< generate

Tried aggregator 2 times.
MIP Presolve eliminated 151140 rows and 146691 columns.
MIP Presolve modified 410 coefficients.
Aggregator did 5672 substitutions.
Reduced MIP has 1226 rows, 3672 columns, and 6936 nonzeros.
Reduced MIP has 1926 binaries, 930 generals, 0 SOSs, and 0 indicators.
Presolve time = 1,38 sec. (2962,03 ticks)
Found incumbent of value 0,000000 after 1,42 sec. (2973,51 ticks)
Probing time = 0,00 sec. (1,85 ticks)
Tried aggregator 1 time.
Reduced MIP has 1226 rows, 3672 columns, and 6936 nonzeros.
Reduced MIP has 1926 binaries, 930 generals, 0 SOSs, and 0 indicators.
Presolve time = 0,01 sec. (6,25 ticks)
Probing time = 0,00 sec. (1,85 ticks)
Clique table members: 253.
MIP emphasis: balance optimality and feasibility.
MIP search method: dynamic search.
Parallel mode: deterministic, using up to 8 threads.
Root relaxation solution time = 0,01 sec. (7,93 ticks)

        Nodes                                         Cuts/
   Node  Left     Objective  IInf  Best Integer    Best Bound    ItCnt     Gap

*     0+    0                            0,0000     4684,7206              --- 
*     0+    0                          319,4340     4684,7206              --- 
      0     0      927,6451     2      319,4340      927,6451      436  190,40%
*     0+    0                          927,2688      927,6451             0,04%
*     0+    0                          927,5698      927,6451             0,01%

Root node processing (before b&c):
  Real time             =    1,69 sec. (3081,13 ticks)
Parallel b&c, 8 threads:
  Real time             =    0,00 sec. (0,00 ticks)
  Sync time (average)   =    0,00 sec.
  Wait time (average)   =    0,00 sec.
                          ------------
Total (root+branch&cut) =    1,69 sec. (3081,13 ticks)

<<< solve


OBJECTIVE: 927.5698

<<< post process


<<< done

