
<<< setup


<<< generate

Found incumbent of value 0,000000 after 0,25 sec. (274,61 ticks)
Tried aggregator 2 times.
MIP Presolve eliminated 3266299 rows and 8953946 columns.
MIP Presolve modified 31187 coefficients.
Aggregator did 125141 substitutions.
Reduced MIP has 68622 rows, 130914 columns, and 287225 nonzeros.
Reduced MIP has 54066 binaries, 14508 generals, 0 SOSs, and 0 indicators.
Presolve time = 8,85 sec. (6073,29 ticks)
Probing time = 0,06 sec. (9,28 ticks)
Tried aggregator 1 time.
Reduced MIP has 68622 rows, 130914 columns, and 287225 nonzeros.
Reduced MIP has 54066 binaries, 14508 generals, 0 SOSs, and 0 indicators.
Presolve time = 0,30 sec. (253,50 ticks)
Probing time = 0,08 sec. (10,96 ticks)
Clique table members: 3816.
MIP emphasis: balance optimality and feasibility.
MIP search method: dynamic search.
Parallel mode: deterministic, using up to 8 threads.
Root relaxation solution time = 0,24 sec. (252,85 ticks)

        Nodes                                         Cuts/
   Node  Left     Objective  IInf  Best Integer    Best Bound    ItCnt     Gap

*     0+    0                            0,0000    75015,0000              --- 
      0     0    12572,7983    43        0,0000    12572,7983      684     --- 
      0     0    12572,5509    64        0,0000      Cuts: 33      728     --- 
      0     0    12572,3477    95        0,0000      Cuts: 19      753     --- 
      0     0    12572,1872   106        0,0000      Cuts: 18      777     --- 
      0     2    12572,1872   106        0,0000    12572,1872      777     --- 
Elapsed time = 14,21 sec. (12526,32 ticks, tree = 0,00 MB, solutions = 1)
      7     9    12571,6959    93        0,0000    12572,1172      809     --- 
     21    23    12571,8409    86        0,0000    12572,1172      964     --- 
     62    64    12571,1359    59        0,0000    12572,1172     1320     --- 
    105   107    12570,7071    54        0,0000    12572,1172     1537     --- 
    152   154    12570,5976    31        0,0000    12572,1172     1724     --- 
    273   275    12568,5867    17        0,0000    12572,1172     2230     --- 
    332   334    12568,5000    20        0,0000    12572,1172     2490     --- 
    393   395    12567,7667    17        0,0000    12572,1172     2750     --- 
    406   408    12567,5167    23        0,0000    12572,1172     2791     --- 
    511   513    12566,7833    18        0,0000    12572,1172     3310     --- 
Elapsed time = 23,30 sec. (16750,17 ticks, tree = 9,53 MB, solutions = 1)
    740   742    12564,8476     9        0,0000    12572,1172     4833     --- 
    952   954    12566,3500    25        0,0000    12572,1172     7166     --- 
   1228  1226    12496,4400    18        0,0000    12572,1172    11926     --- 
   1412  1410    12494,8400    18        0,0000    12572,1172    14128     --- 
   1450  1448    12566,3093    17        0,0000    12572,1172    14879     --- 
   1681  1679    12562,2476     7        0,0000    12572,1172    18501     --- 
*  1733+ 1729                        12554,2000    12572,1172             0,14%
   1733  1731    12558,7120    17    12554,2000    12572,1172    19031    0,14%
*  1734+ 1730                        12561,0000    12572,1172             0,09%
   1738  1729    12564,1333    18    12561,0000    12572,1172    19253    0,09%
   1741  1018    12571,6455   103    12561,0000    12571,6455    20382    0,08%
   1745  1020    12571,3926    75    12561,0000    12571,5926    20397    0,08%
Elapsed time = 73,73 sec. (54840,22 ticks, tree = 40,61 MB, solutions = 11)
   1755  1026    12571,4759    38    12561,0000    12571,5259    20495    0,08%
   1792  1046    12571,3333    15    12561,0000    12571,5259    20687    0,08%
   1847  1081    12570,8933    25    12561,0000    12571,5259    20834    0,08%
   1898  1114    12570,9333    16    12561,0000    12571,5259    20965    0,08%
   1961  1151    12570,0567    17    12561,0000    12571,5259    21182    0,08%
   2014  1178    12570,4133    13    12561,0000    12571,5259    21520    0,08%
   2067  1199        cutoff          12561,0000    12571,5259    21991    0,08%
   2138  1225    12568,5905    11    12561,0000    12571,5259    22302    0,08%
   2209  1254    12568,4933    20    12561,0000    12571,5259    22521    0,08%
   2273  1278    12568,4762    19    12561,0000    12571,5259    22789    0,08%
Elapsed time = 100,98 sec. (64704,86 ticks, tree = 41,57 MB, solutions = 11)
   2350  1296    12568,4248    19    12561,0000    12571,5259    22976    0,08%
   2418  1301    12562,5333    11    12561,0000    12571,5259    23716    0,08%
   2496  1298    12562,0667     9    12561,0000    12571,5259    23959    0,08%
   2583  1318    12568,3573    19    12561,0000    12571,5259    24536    0,08%
   2697  1330    12568,3333    19    12561,0000    12571,5259    25139    0,08%
   2794  1330    12568,3048    11    12561,0000    12571,5259    26311    0,08%
   2870  1349    12568,2476    11    12561,0000    12571,5259    27857    0,08%
   2960  1385    12568,1905    11    12561,0000    12571,5259    28806    0,08%
   3136  1480    12564,7356     9    12561,0000    12571,5259    31286    0,08%
   3264  1548    12567,5905    11    12561,0000    12571,5259    32729    0,08%
Elapsed time = 133,91 sec. (74665,72 ticks, tree = 53,53 MB, solutions = 11)
   3287  1562    12564,7333     6    12561,0000    12571,5259    32782    0,08%
   3462  1656    12569,5333     4    12561,0000    12571,5259    33845    0,08%
   3619  1734    12566,8707    15    12561,0000    12571,5259    36095    0,08%
   3727  1792    12566,0041    12    12561,0000    12571,5259    38063    0,08%
   3840  1855    12564,7333     6    12561,0000    12571,5259    39355    0,08%
   3875  1875    12569,5333    15    12561,0000    12571,5259    39921    0,08%
   4097  1989    12568,0171    19    12561,0000    12571,5259    40830    0,08%
   4256  2141    12567,5333     4    12561,0000    12571,5259    41235    0,08%
   4367  2244    12567,9321    16    12561,0000    12571,5259    41672    0,08%
   4482  2350    12567,9127    19    12561,0000    12571,5259    42065    0,08%
Elapsed time = 169,00 sec. (88591,30 ticks, tree = 95,75 MB, solutions = 11)
   4591  2453    12567,8738    16    12561,0000    12571,5259    43911    0,08%
   4743  2605    12567,4531    14    12561,0000    12571,5259    44390    0,08%
   4758  2620    12567,5333     4    12561,0000    12571,5259    44413    0,08%
   4977  2839    12570,5333     4    12561,0000    12571,5259    45427    0,08%
   5100  2958    12565,9450    12    12561,0000    12571,5259    45945    0,08%
   5225  3071    12565,9067    12    12561,0000    12571,5259    46359    0,08%
   5297  3136    12565,8600    12    12561,0000    12571,5259    47471    0,08%
   5428  3263    12565,8400    11    12561,0000    12571,5259    48579    0,08%
   5582  3413    12565,8127    12    12561,0000    12571,5259    49190    0,08%
   5783  3606    12567,5333     4    12561,0000    12571,5259    49796    0,08%
Elapsed time = 203,78 sec. (99631,78 ticks, tree = 169,31 MB, solutions = 11)
   5874  3686    12565,7680    11    12561,0000    12571,5259    49990    0,08%
   6053  3846    12565,7200    11    12561,0000    12571,5259    52255    0,08%
   6081  3871    12566,2000     5    12561,0000    12571,5259    52347    0,08%
   6268  4047    12565,6480    11    12561,0000    12571,5259    53938    0,08%
   6449  4222    12565,6240    11    12561,0000    12571,5259    55589    0,08%
   6569  4340    12565,6000    19    12561,0000    12571,5259    56561    0,08%
   6718  4489    12569,5333     4    12561,0000    12571,5259    57076    0,08%
   6795  4566    12564,7333     6    12561,0000    12571,5259    58200    0,08%
   6950  4721    12565,6000    19    12561,0000    12571,5259    59234    0,08%
   7328  5099    12570,5333     4    12561,0000    12571,5259    61457    0,08%
Elapsed time = 244,31 sec. (111118,62 ticks, tree = 253,93 MB, solutions = 11)
   7449  5220    12567,5333     4    12561,0000    12571,5259    61906    0,08%
   7648  5419    12570,5333     4    12561,0000    12571,5259    63077    0,08%
   7752  5523    12570,5333     4    12561,0000    12571,5259    63701    0,08%
   7961  5732    12570,5333     4    12561,0000    12571,5259    64641    0,08%
*  7997+ 5753                        12568,4000    12571,5259             0,02%
*  7997+ 5753                        12569,2000    12571,5259             0,02%
*  7997+ 5722                        12569,8000    12571,5259             0,01%
   8290  1005    12570,8667     9    12569,8000    12571,5259    65943    0,01%
   8538  1226    12571,0568    43    12569,8000    12571,5259    66962    0,01%
*  8777+ 1280                        12570,4000    12571,4083             0,01%
   8802  1292    12570,5333     4    12570,4000    12571,4083    67907    0,01%
   8921  1369    12570,5333     4    12570,4000    12571,4083    68968    0,01%
   9198  1496    12571,4083    21    12570,4000    12571,4083    72480    0,01%

Cover cuts applied:  4
Flow cuts applied:  5
Mixed integer rounding cuts applied:  26
Zero-half cuts applied:  8
Lift and project cuts applied:  5
Gomory fractional cuts applied:  5

Root node processing (before b&c):
  Real time             =   14,85 sec. (13524,85 ticks)
Parallel b&c, 8 threads:
  Real time             =  268,43 sec. (111717,54 ticks)
  Sync time (average)   =   22,53 sec.
  Wait time (average)   =   23,73 sec.
                          ------------
Total (root+branch&cut) =  283,28 sec. (125242,39 ticks)

<<< solve


OBJECTIVE: 12570.4
avg_utility = 0.502715

<<< post process


<<< done

