
<<< setup


<<< generate

Found incumbent of value 0.000000 after 0.04 sec. (16.49 ticks)
Tried aggregator 8 times.
MIP Presolve eliminated 108626 rows and 312633 columns.
MIP Presolve modified 19966 coefficients.
Aggregator did 79930 substitutions.
Reduced MIP has 62994 rows, 138558 columns, and 417602 nonzeros.
Reduced MIP has 14765 binaries, 0 generals, 0 SOSs, and 0 indicators.
Presolve time = 21.13 sec. (8511.75 ticks)
Probing time = 0.10 sec. (5.79 ticks)
Tried aggregator 1 time.
Reduced MIP has 62994 rows, 138558 columns, and 417602 nonzeros.
Reduced MIP has 14765 binaries, 0 generals, 0 SOSs, and 0 indicators.
Presolve time = 0.69 sec. (199.45 ticks)
Probing time = 0.12 sec. (6.10 ticks)
MIP emphasis: balance optimality and feasibility.
MIP search method: dynamic search.
Parallel mode: deterministic, using up to 8 threads.
Root relaxation solution time = 6.52 sec. (2120.45 ticks)

        Nodes                                         Cuts/
   Node  Left     Objective  IInf  Best Integer    Best Bound    ItCnt     Gap

*     0+    0                            0.0000    38485.3388              --- 
      0     0     7432.2240  1477        0.0000     7432.2240     8237     --- 
      0     0     7360.7590  1259        0.0000    Cuts: 4014    35785     --- 
      0     0     7282.0930  1149        0.0000    Cuts: 3911   103563     --- 
      0     0     7199.1449  1240        0.0000    Cuts: 3533   114625     --- 
*     0+    0                         5581.6681     7199.1449            28.98%
*     0+    0                         5626.8647     7199.1449            27.94%
*     0+    0                         5792.8493     7199.1449            24.28%
*     0+    0                         5793.5325     7199.1449            24.26%
*     0+    0                         5797.8651     7199.1449            24.17%
*     0+    0                         5802.0378     7199.1449            24.08%
*     0+    0                         5802.5942     7199.1449            24.07%
*     0+    0                         5804.4477     7199.1449            24.03%
*     0+    0                         5806.1189     7199.1449            23.99%
*     0+    0                         5807.5436     7199.1449            23.96%
      0     0     7069.0279  1015     5807.5436    Cuts: 3711   135636   21.72%
      0     0     7019.2686  1075     5807.5436    Cuts: 2761   155464   20.86%
      0     0     6975.2267   735     5807.5436    Cuts: 3300   175261   20.11%
*     0+    0                         6419.7720     6975.2267             8.65%
*     0+    0                         6459.9340     6975.2267             7.98%
*     0+    0                         6485.1995     6975.2267             7.56%
*     0+    0                         6487.0144     6975.2267             7.53%
      0     0     6963.8518   760     6487.0144    Cuts: 2124   184607    7.35%
      0     0     6954.8421   662     6487.0144    Cuts: 2140   198232    7.21%
      0     0     6948.5324   473     6487.0144    Cuts: 1826   211089    7.11%
*     0+    0                         6784.9166     6948.5324             2.41%
*     0+    0                         6813.9146     6948.5324             1.98%
*     0+    0                         6831.3536     6948.5324             1.72%
*     0+    0                         6832.1346     6948.5324             1.70%
*     0+    0                         6832.7443     6948.5324             1.69%
*     0+    0                         6833.2152     6948.5324             1.69%
      0     0     6945.6809   367     6833.2152    Cuts: 1098   213468    1.65%
      0     0     6941.6309   157     6833.2152     Cuts: 928   215910    1.59%
      0     0     6938.6418   166     6833.2152     Cuts: 454   218098    1.54%
      0     0     6936.9546   107     6833.2152     Cuts: 821   219274    1.52%
      0     0     6936.4805    71     6833.2152     Cuts: 312   219658    1.51%
      0     0     6936.3688    90     6833.2152     Cuts: 183   223105    1.51%
      0     0     6936.0056    80     6833.2152     Cuts: 291   224240    1.50%
*     0+    0                         6901.9509     6936.0056             0.49%

Implied bound cuts applied:  949
Flow cuts applied:  20297
Mixed integer rounding cuts applied:  5359
Flow path cuts applied:  729
Gomory fractional cuts applied:  150

Root node processing (before b&c):
  Real time             = 1063.25 sec. (338927.07 ticks)
Parallel b&c, 8 threads:
  Real time             =    0.00 sec. (0.00 ticks)
  Sync time (average)   =    0.00 sec.
  Wait time (average)   =    0.00 sec.
                          ------------
Total (root+branch&cut) = 1063.25 sec. (338927.07 ticks)

<<< solve


OBJECTIVE: 6901.951
avg_utility = 0.877218

<<< post process


<<< done

