
<<< setup


<<< generate

Found incumbent of value 0,000000 after 0,07 sec. (68,25 ticks)
Tried aggregator 10 times.
MIP Presolve eliminated 3612149 rows and 1255521 columns.
Aggregator did 19085 substitutions.
Reduced MIP has 1736 rows, 8675 columns, and 17350 nonzeros.
Reduced MIP has 0 binaries, 0 generals, 0 SOSs, and 0 indicators.
Presolve time = 2,95 sec. (5033,44 ticks)
Tried aggregator 1 time.
MIP Presolve eliminated 1705 rows and 8525 columns.
Reduced MIP has 31 rows, 150 columns, and 300 nonzeros.
Reduced MIP has 0 binaries, 0 generals, 0 SOSs, and 0 indicators.
Presolve time = 0,04 sec. (53,12 ticks)
Tried aggregator 1 time.
Reduced MIP has 31 rows, 150 columns, and 300 nonzeros.
Reduced MIP has 0 binaries, 0 generals, 0 SOSs, and 0 indicators.
Presolve time = 0,03 sec. (40,94 ticks)
MIP emphasis: balance optimality and feasibility.
MIP search method: dynamic search.
Parallel mode: deterministic, using up to 8 threads.
Root relaxation solution time = 0,00 sec. (0,20 ticks)

        Nodes                                         Cuts/
   Node  Left     Objective  IInf  Best Integer    Best Bound    ItCnt     Gap

*     0+    0                            0,0000     9445,8830              --- 
*     0     0      integral     0     1092,2753     1092,2753       64    0,00%
Elapsed time = 3,12 sec. (5272,80 ticks, tree = 0,00 MB, solutions = 2)

Root node processing (before b&c):
  Real time             =    3,18 sec. (5319,57 ticks)
Parallel b&c, 8 threads:
  Real time             =    0,00 sec. (0,00 ticks)
  Sync time (average)   =    0,00 sec.
  Wait time (average)   =    0,00 sec.
                          ------------
Total (root+branch&cut) =    3,18 sec. (5319,57 ticks)

<<< solve


OBJECTIVE: 1092.275
avg_utility = 0.334438

<<< post process


<<< done

