ans = epochs are
ans =  360
1/360; 2/360; 3/360; 4/360; 5/360; 6/360; 7/360; 8/360; 9/360; 10/360; 11/360; 12/360; 13/360; 14/360; 15/360; 16/360; 17/360; 18/360; 19/360; 20/360; 21/360; 22/360; 23/360; 24/360; 25/360; 26/360; 27/360; 28/360; 29/360; 30/360; 31/360; 32/360; 33/360; 34/360; 35/360; 36/360; 37/360; 38/360; 39/360; 40/360; 41/360; 42/360; 43/360; 44/360; 45/360; 46/360; 47/360; 48/360; 49/360; 50/360; 51/360; 52/360; 53/360; 54/360; 55/360; 56/360; 57/360; 58/360; 59/360; 60/360; 61/360; 62/360; 63/360; 64/360; 65/360; 66/360; 67/360; 68/360; 69/360; 70/360; 71/360; 72/360; 73/360; 74/360; 75/360; 76/360; 77/360; 78/360; 79/360; 80/360; 81/360; 82/360; 83/360; 84/360; 85/360; 86/360; 87/360; 88/360; 89/360; 90/360; 91/360; 92/360; 93/360; 94/360; 95/360; 96/360; 97/360; 98/360; 99/360; 100/360; 101/360; 102/360; 103/360; 104/360; 105/360; 106/360; 107/360; 108/360; 109/360; 110/360; 111/360; 112/360; 113/360; 114/360; 115/360; 116/360; 117/360; 118/360; 119/360; 120/360; 121/360; 122/360; 123/360; 124/360; 125/360; 126/360; 127/360; 128/360; 129/360; 130/360; 131/360; 132/360; 133/360; 134/360; 135/360; 136/360; 137/360; 138/360; 139/360; 140/360; 141/360; 142/360; 143/360; 144/360; 145/360; 146/360; 147/360; 148/360; 149/360; 150/360; 151/360; 152/360; 153/360; 154/360; 155/360; 156/360; 157/360; 158/360; 159/360; 160/360; 161/360; 162/360; 163/360; 164/360; 165/360; 166/360; 167/360; 168/360; 169/360; 170/360; 171/360; 172/360; 173/360; 174/360; 175/360; 176/360; 177/360; 178/360; 179/360; 180/360; 181/360; 182/360; 183/360; 184/360; 185/360; 186/360; 187/360; 188/360; 189/360; 190/360; 191/360; 192/360; 193/360; 194/360; 195/360; 196/360; 197/360; 198/360; 199/360; 200/360; 201/360; 202/360; 203/360; 204/360; 205/360; 206/360; 207/360; 208/360; 209/360; 210/360; 211/360; 212/360; 213/360; 214/360; 215/360; 216/360; 217/360; 218/360; 219/360; 220/360; 221/360; 222/360; 223/360; 224/360; 225/360; 226/360; 227/360; 228/360; 229/360; 230/360; 231/360; 232/360; 233/360; 234/360; 235/360; 236/360; 237/360; 238/360; 239/360; 240/360; 241/360; 242/360; 243/360; 244/360; 245/360; 246/360; 247/360; 248/360; 249/360; 250/360; 251/360; 252/360; 253/360; 254/360; 255/360; 256/360; 257/360; 258/360; 259/360; 260/360; 261/360; 262/360; 263/360; 264/360; 265/360; 266/360; 267/360; 268/360; 269/360; 270/360; 271/360; 272/360; 273/360; 274/360; 275/360; 276/360; 277/360; 278/360; 279/360; 280/360; 281/360; 282/360; 283/360; 284/360; 285/360; 286/360; 287/360; 288/360; 289/360; 290/360; 291/360; 292/360; 293/360; 294/360; 295/360; 296/360; 297/360; 298/360; 299/360; 300/360; 301/360; 302/360; 303/360; 304/360; 305/360; 306/360; 307/360; 308/360; 309/360; 310/360; 311/360; 312/360; 313/360; 314/360; 315/360; 316/360; 317/360; 318/360; 319/360; 320/360; 321/360; 322/360; 323/360; 324/360; 325/360; 326/360; 327/360; 328/360; 329/360; 330/360; 331/360; 332/360; 333/360; 334/360; 335/360; 336/360; 337/360; 338/360; 339/360; 340/360; 341/360; 342/360; 343/360; 344/360; 345/360; 346/360; 347/360; 348/360; 349/360; 350/360; 351/360; 352/360; 353/360; 354/360; 355/360; 356/360; 357/360; 358/360; 359/360; 360/360; hist_theta =

 Columns 1 through 6:

   9.6944e+01   9.6389e+01   1.0484e+02   1.0613e+02   1.0604e+02   1.0154e+02
   9.6944e+01   9.7500e+01   8.9046e+01   9.0338e+01   9.0436e+01   9.4934e+01
   1.0206e+02   1.0261e+02   1.1106e+02   1.1236e+02   1.1245e+02   1.0796e+02
   1.0206e+02   1.0261e+02   9.4157e+01   9.5449e+01   9.5548e+01   9.1050e+01
   9.6944e+01   9.7500e+01   1.0595e+02   1.0725e+02   1.0734e+02   1.1184e+02
   9.6944e+01   9.7500e+01   8.9046e+01   8.7755e+01   8.7656e+01   9.2153e+01
   1.0206e+02   1.0150e+02   1.0995e+02   1.0866e+02   1.0876e+02   1.1326e+02
   9.6944e+01   9.6389e+01   8.7935e+01   8.6644e+01   8.6545e+01   8.2047e+01
   1.0206e+02   1.0150e+02   1.0995e+02   1.0866e+02   1.0856e+02   1.1306e+02
   1.0206e+02   1.0150e+02   9.3047e+01   9.1755e+01   9.1656e+01   8.7159e+01

 Columns 7 through 12:

   9.9375e+01   9.8218e+01   9.8864e+01   1.0227e+02   1.0385e+02   1.0457e+02
   9.7097e+01   9.8254e+01   9.7608e+01   1.0102e+02   9.9445e+01   9.8726e+01
   1.0579e+02   1.0464e+02   1.0399e+02   1.0058e+02   9.9010e+01   9.8291e+01
   9.3213e+01   9.4370e+01   9.5015e+01   9.1606e+01   9.3178e+01   9.3898e+01
   1.0968e+02   1.0852e+02   1.0788e+02   1.0447e+02   1.0604e+02   1.0676e+02
   8.9990e+01   9.1146e+01   9.0501e+01   8.7091e+01   8.5519e+01   8.4799e+01
   1.1110e+02   1.0994e+02   1.1058e+02   1.1399e+02   1.1557e+02   1.1629e+02
   8.4211e+01   8.3055e+01   8.2409e+01   7.9000e+01   8.0572e+01   7.9852e+01
   1.1522e+02   1.1638e+02   1.1703e+02   1.2044e+02   1.1886e+02   1.1958e+02
   8.9322e+01   9.0478e+01   9.1124e+01   9.4533e+01   9.2961e+01   9.2241e+01

 Columns 13 through 18:

   1.0183e+02   1.0495e+02   1.0739e+02   1.1411e+02   1.1446e+02   1.1567e+02
   9.5990e+01   9.2868e+01   9.5311e+01   8.8592e+01   8.8250e+01   8.7040e+01
   9.5555e+01   9.2433e+01   9.4876e+01   1.0160e+02   1.0125e+02   1.0246e+02
   9.1162e+01   9.4284e+01   9.1841e+01   8.5122e+01   8.4780e+01   8.3571e+01
   1.0402e+02   1.0715e+02   1.0959e+02   1.0287e+02   1.0253e+02   1.0374e+02
   8.7535e+01   9.0657e+01   8.8214e+01   8.1495e+01   8.1836e+01   8.3046e+01
   1.1902e+02   1.2214e+02   1.1970e+02   1.2642e+02   1.2608e+02   1.2487e+02
   8.2587e+01   7.9465e+01   7.7023e+01   8.3742e+01   8.4084e+01   8.5293e+01
   1.2232e+02   1.1920e+02   1.1675e+02   1.2347e+02   1.2382e+02   1.2261e+02
   9.4977e+01   9.1855e+01   9.4298e+01   8.7578e+01   8.7920e+01   8.6710e+01

 Columns 19 through 24:

   1.0939e+02   1.1194e+02   1.0674e+02   1.1272e+02   1.2024e+02   1.2198e+02
   8.0767e+01   8.3315e+01   7.8115e+01   7.2136e+01   7.9662e+01   7.7929e+01
   9.6190e+01   9.3643e+01   8.8443e+01   9.4422e+01   1.0195e+02   1.0021e+02
   8.9844e+01   8.7296e+01   9.2496e+01   8.6517e+01   7.8991e+01   8.0724e+01
   1.1001e+02   1.0746e+02   1.1266e+02   1.0668e+02   9.9157e+01   1.0089e+02
   7.6773e+01   7.9321e+01   8.4520e+01   9.0499e+01   8.2973e+01   8.1239e+01
   1.3114e+02   1.3369e+02   1.3889e+02   1.4487e+02   1.3734e+02   1.3907e+02
   9.1566e+01   8.9019e+01   8.3819e+01   7.7840e+01   7.0314e+01   7.2048e+01
   1.2888e+02   1.2633e+02   1.2113e+02   1.2711e+02   1.3464e+02   1.3290e+02
   8.0437e+01   8.2985e+01   8.8184e+01   8.2205e+01   8.9732e+01   8.7998e+01

 Columns 25 through 30:

   1.2199e+02   1.2256e+02   1.2590e+02   1.3040e+02   1.3135e+02   1.3432e+02
   7.7940e+01   7.7365e+01   8.0704e+01   7.6209e+01   7.7159e+01   7.4185e+01
   1.0023e+02   1.0080e+02   1.0414e+02   1.0864e+02   1.0959e+02   1.1256e+02
   8.0736e+01   8.1311e+01   7.7971e+01   7.3476e+01   7.4426e+01   7.1451e+01
   1.0088e+02   1.0145e+02   9.8115e+01   1.0261e+02   1.0356e+02   1.0059e+02
   8.1228e+01   8.0653e+01   7.7314e+01   8.1809e+01   8.0859e+01   7.7885e+01
   1.3906e+02   1.3849e+02   1.3515e+02   1.3964e+02   1.3869e+02   1.4167e+02
   7.2037e+01   7.1462e+01   7.4802e+01   7.0307e+01   6.9357e+01   7.2331e+01
   1.3289e+02   1.3232e+02   1.2898e+02   1.2448e+02   1.2353e+02   1.2056e+02
   8.8009e+01   8.8584e+01   9.1924e+01   8.7429e+01   8.6479e+01   8.9453e+01

 Columns 31 through 36:

   1.2684e+02   1.2455e+02   1.3017e+02   1.2691e+02   1.2738e+02   1.3160e+02
   8.1673e+01   8.3962e+01   7.8342e+01   8.1600e+01   8.2071e+01   8.6288e+01
   1.0507e+02   1.0736e+02   1.0174e+02   1.0500e+02   1.0453e+02   1.0875e+02
   7.8939e+01   7.6650e+01   7.1031e+01   7.4289e+01   7.3818e+01   7.8036e+01
   1.0807e+02   1.1036e+02   1.0474e+02   1.0800e+02   1.0847e+02   1.0425e+02
   7.0397e+01   7.2686e+01   7.8305e+01   7.5047e+01   7.4577e+01   7.0360e+01
   1.4916e+02   1.4687e+02   1.5249e+02   1.4923e+02   1.4876e+02   1.5298e+02
   6.4843e+01   6.2554e+01   5.6934e+01   5.3676e+01   5.4146e+01   4.9929e+01
   1.2805e+02   1.2576e+02   1.3138e+02   1.2812e+02   1.2765e+02   1.2343e+02
   8.1965e+01   8.4254e+01   8.9874e+01   9.3132e+01   9.3602e+01   8.9385e+01

 Columns 37 through 42:

   1.3178e+02   1.2520e+02   1.3132e+02   1.3363e+02   1.3403e+02   1.2713e+02
   8.6475e+01   7.9897e+01   7.3776e+01   7.1467e+01   7.1074e+01   7.7970e+01
   1.0856e+02   1.0198e+02   1.0810e+02   1.1041e+02   1.1002e+02   1.0312e+02
   7.8222e+01   8.4800e+01   7.8680e+01   7.6371e+01   7.6764e+01   6.9868e+01
   1.0444e+02   9.7863e+01   1.0398e+02   1.0167e+02   1.0128e+02   1.0818e+02
   7.0173e+01   6.3595e+01   6.9716e+01   6.7406e+01   6.7013e+01   6.0117e+01
   1.5316e+02   1.5974e+02   1.6586e+02   1.6817e+02   1.6856e+02   1.7546e+02
   4.9743e+01   5.6320e+01   5.0200e+01   4.7891e+01   4.8284e+01   5.5180e+01
   1.2324e+02   1.2982e+02   1.2370e+02   1.2601e+02   1.2562e+02   1.3251e+02
   8.9198e+01   9.5776e+01   8.9656e+01   9.1965e+01   9.2358e+01   8.5462e+01

 Columns 43 through 48:

   1.3270e+02   1.2925e+02   1.2950e+02   1.2930e+02   1.2781e+02   1.3063e+02
   8.3541e+01   8.6992e+01   8.7236e+01   8.7044e+01   8.5552e+01   8.8366e+01
   1.0869e+02   1.1214e+02   1.1239e+02   1.1220e+02   1.1369e+02   1.1650e+02
   7.5440e+01   7.1989e+01   7.1745e+01   7.1552e+01   7.0060e+01   7.2874e+01
   1.1375e+02   1.1720e+02   1.1695e+02   1.1676e+02   1.1825e+02   1.1544e+02
   5.4546e+01   5.7996e+01   5.8241e+01   5.8433e+01   5.6941e+01   5.4128e+01
   1.6989e+02   1.7334e+02   1.7309e+02   1.7329e+02   1.7478e+02   1.7196e+02
   4.9608e+01   4.6157e+01   4.6402e+01   4.6594e+01   4.5102e+01   4.2289e+01
   1.2694e+02   1.2349e+02   1.2325e+02   1.2344e+02   1.2493e+02   1.2774e+02
   7.9891e+01   7.6440e+01   7.6196e+01   7.6388e+01   7.7880e+01   7.5067e+01

 Columns 49 through 54:

   1.3309e+02   1.3417e+02   1.3135e+02   1.3631e+02   1.2961e+02   1.2473e+02
   9.0828e+01   9.1914e+01   8.9085e+01   9.4046e+01   1.0074e+02   9.5857e+01
   1.1896e+02   1.1788e+02   1.1505e+02   1.1009e+02   1.1678e+02   1.2166e+02
   7.0412e+01   7.1498e+01   7.4327e+01   7.9288e+01   8.5981e+01   8.1098e+01
   1.1298e+02   1.1407e+02   1.1689e+02   1.1193e+02   1.1863e+02   1.1374e+02
   5.1666e+01   5.0579e+01   5.3408e+01   5.8369e+01   5.1676e+01   4.6793e+01
   1.6950e+02   1.6842e+02   1.6559e+02   1.6063e+02   1.6732e+02   1.7220e+02
   4.4751e+01   4.3664e+01   4.6493e+01   4.1532e+01   3.4839e+01   3.9722e+01
   1.3021e+02   1.3129e+02   1.3412e+02   1.3908e+02   1.3239e+02   1.3727e+02
   7.2605e+01   7.1518e+01   6.8690e+01   6.3729e+01   5.7036e+01   6.1918e+01

 Columns 55 through 60:

   1.2247e+02   1.2300e+02   1.2693e+02   1.2982e+02   1.2595e+02   1.2593e+02
   9.3595e+01   9.3065e+01   9.6999e+01   9.9884e+01   1.0375e+02   1.0373e+02
   1.1940e+02   1.1887e+02   1.2281e+02   1.1992e+02   1.1605e+02   1.1603e+02
   7.8836e+01   7.8306e+01   8.2240e+01   8.5125e+01   8.1258e+01   8.1276e+01
   1.1148e+02   1.1201e+02   1.0808e+02   1.1096e+02   1.1483e+02   1.1481e+02
   4.9055e+01   4.9585e+01   4.5651e+01   4.2766e+01   4.6634e+01   4.6653e+01
   1.7446e+02   1.7393e+02   1.7000e+02   1.6712e+02   1.7098e+02   1.7096e+02
   4.1984e+01   4.1454e+01   4.5388e+01   4.2503e+01   3.8636e+01   3.8655e+01
   1.3953e+02   1.4006e+02   1.3613e+02   1.3325e+02   1.3711e+02   1.3713e+02
   6.4180e+01   6.4710e+01   6.0776e+01   6.3661e+01   5.9793e+01   5.9812e+01

 Columns 61 through 66:

   1.3062e+02   1.2820e+02   1.2507e+02   1.2454e+02   1.2116e+02   1.2052e+02
   9.9048e+01   9.6633e+01   9.3508e+01   9.4041e+01   9.7424e+01   9.6789e+01
   1.1135e+02   1.1377e+02   1.1689e+02   1.1742e+02   1.1404e+02   1.1468e+02
   8.5961e+01   8.3546e+01   8.6671e+01   8.6138e+01   8.2755e+01   8.3390e+01
   1.1013e+02   1.0771e+02   1.1084e+02   1.1137e+02   1.0799e+02   1.0862e+02
   4.1968e+01   4.4383e+01   4.7509e+01   4.8042e+01   5.1425e+01   5.2059e+01
   1.7565e+02   1.7806e+02   1.7494e+02   1.7440e+02   1.7102e+02   1.7039e+02
   4.3339e+01   4.5754e+01   4.2629e+01   4.2095e+01   4.5478e+01   4.4844e+01
   1.3245e+02   1.3003e+02   1.3316e+02   1.3369e+02   1.3707e+02   1.3644e+02
   6.4496e+01   6.6911e+01   6.3786e+01   6.3253e+01   6.6635e+01   6.7270e+01

 Columns 67 through 72:

   1.1902e+02   1.2399e+02   1.2633e+02   1.2314e+02   1.2670e+02   1.3245e+02
   9.8289e+01   1.0325e+02   1.0091e+02   1.0410e+02   1.0766e+02   1.1340e+02
   1.1618e+02   1.2114e+02   1.1880e+02   1.2198e+02   1.1842e+02   1.2417e+02
   8.1890e+01   7.6928e+01   7.9268e+01   7.6082e+01   7.9642e+01   8.5388e+01
   1.1012e+02   1.1508e+02   1.1742e+02   1.2061e+02   1.2417e+02   1.2992e+02
   5.0560e+01   4.5597e+01   4.3257e+01   4.6443e+01   4.2883e+01   3.7137e+01
   1.7189e+02   1.6693e+02   1.6927e+02   1.6608e+02   1.6252e+02   1.5677e+02
   4.3344e+01   3.8382e+01   4.0723e+01   4.3909e+01   4.0349e+01   3.4603e+01
   1.3794e+02   1.4290e+02   1.4056e+02   1.3737e+02   1.4093e+02   1.3519e+02
   6.5770e+01   6.0808e+01   5.8467e+01   5.5281e+01   5.1721e+01   4.5975e+01

 Columns 73 through 78:

   1.3298e+02   1.3130e+02   1.3166e+02   1.3460e+02   1.3318e+02   1.3721e+02
   1.1394e+02   1.1226e+02   1.1262e+02   1.0968e+02   1.1110e+02   1.0707e+02
   1.2363e+02   1.2531e+02   1.2495e+02   1.2202e+02   1.2060e+02   1.2463e+02
   8.4851e+01   8.6532e+01   8.6171e+01   8.9106e+01   8.7692e+01   8.3667e+01
   1.3045e+02   1.2877e+02   1.2841e+02   1.3135e+02   1.3276e+02   1.2873e+02
   3.6601e+01   3.4920e+01   3.5281e+01   3.2346e+01   3.0932e+01   3.4957e+01
   1.5624e+02   1.5456e+02   1.5420e+02   1.5126e+02   1.5268e+02   1.5670e+02
   3.4067e+01   3.5747e+01   3.5386e+01   3.8321e+01   3.9735e+01   4.3760e+01
   1.3573e+02   1.3741e+02   1.3777e+02   1.4070e+02   1.4212e+02   1.3809e+02
   4.6512e+01   4.8192e+01   4.8553e+01   4.5619e+01   4.4204e+01   4.0180e+01

 Columns 79 through 84:

   1.3517e+02   1.3514e+02   1.3491e+02   1.4039e+02   1.4072e+02   1.4145e+02
   1.0911e+02   1.0914e+02   1.0892e+02   1.1440e+02   1.1407e+02   1.1334e+02
   1.2667e+02   1.2664e+02   1.2686e+02   1.2139e+02   1.2106e+02   1.2179e+02
   8.5707e+01   8.5677e+01   8.5903e+01   8.0426e+01   8.0099e+01   8.0830e+01
   1.2669e+02   1.2666e+02   1.2644e+02   1.3192e+02   1.3159e+02   1.3086e+02
   3.2916e+01   3.2947e+01   3.3172e+01   2.7695e+01   2.8021e+01   2.7291e+01
   1.5874e+02   1.5877e+02   1.5900e+02   1.6447e+02   1.6415e+02   1.6488e+02
   4.1719e+01   4.1689e+01   4.1463e+01   3.5986e+01   3.6312e+01   3.5582e+01
   1.3605e+02   1.3608e+02   1.3631e+02   1.4178e+02   1.4211e+02   1.4284e+02
   4.2220e+01   4.2250e+01   4.2025e+01   3.6547e+01   3.6873e+01   3.6143e+01

 Columns 85 through 90:

   1.4314e+02   1.4188e+02   1.3805e+02   1.3551e+02   1.3047e+02   1.2920e+02
   1.1503e+02   1.1628e+02   1.2011e+02   1.1757e+02   1.2261e+02   1.2388e+02
   1.2010e+02   1.2136e+02   1.1753e+02   1.2007e+02   1.2511e+02   1.2638e+02
   7.9141e+01   8.0395e+01   8.4224e+01   8.1682e+01   8.6720e+01   8.7995e+01
   1.2917e+02   1.3042e+02   1.2660e+02   1.2405e+02   1.1902e+02   1.1774e+02
   2.8980e+01   2.7726e+01   3.1555e+01   2.9013e+01   2.3976e+01   2.2700e+01
   1.6319e+02   1.6444e+02   1.6061e+02   1.6316e+02   1.6819e+02   1.6947e+02
   3.3893e+01   3.2639e+01   2.8810e+01   3.1352e+01   2.6314e+01   2.5039e+01
   1.4453e+02   1.4327e+02   1.4710e+02   1.4965e+02   1.5468e+02   1.5341e+02
   3.7832e+01   3.6578e+01   4.0408e+01   4.2949e+01   3.7912e+01   3.9187e+01

 Columns 91 through 96:

   1.2514e+02   1.3060e+02   1.3126e+02   1.3529e+02   1.3445e+02   1.3061e+02
   1.1982e+02   1.2529e+02   1.2594e+02   1.2191e+02   1.2108e+02   1.1723e+02
   1.2232e+02   1.1686e+02   1.1751e+02   1.1348e+02   1.1265e+02   1.1649e+02
   8.3936e+01   8.9400e+01   8.8746e+01   8.4715e+01   8.5551e+01   8.1706e+01
   1.2180e+02   1.1634e+02   1.1568e+02   1.1971e+02   1.2055e+02   1.2439e+02
   2.6760e+01   2.1295e+01   2.0641e+01   1.6611e+01   1.7446e+01   1.3601e+01
   1.7353e+02   1.6806e+02   1.6872e+02   1.7275e+02   1.7358e+02   1.6974e+02
   2.0979e+01   1.5515e+01   1.4861e+01   1.8891e+01   1.8056e+01   2.1901e+01
   1.5747e+02   1.6293e+02   1.6359e+02   1.5956e+02   1.6039e+02   1.6424e+02
   4.3246e+01   4.8711e+01   4.8056e+01   5.2087e+01   5.1252e+01   5.5096e+01

 Columns 97 through 102:

   1.3433e+02   1.3690e+02   1.3526e+02   1.4030e+02   1.4108e+02   1.3919e+02
   1.2095e+02   1.2353e+02   1.2188e+02   1.1683e+02   1.1761e+02   1.1572e+02
   1.2021e+02   1.1764e+02   1.1928e+02   1.2433e+02   1.2511e+02   1.2321e+02
   7.7985e+01   7.5411e+01   7.7057e+01   7.2009e+01   7.1229e+01   6.9330e+01
   1.2067e+02   1.1810e+02   1.1645e+02   1.2150e+02   1.2072e+02   1.1882e+02
   9.8801e+00   1.2454e+01   1.4099e+01   9.0517e+00   9.8324e+00   1.1731e+01
   1.6602e+02   1.6344e+02   1.6509e+02   1.7014e+02   1.6936e+02   1.7126e+02
   2.5622e+01   2.8195e+01   2.6550e+01   2.1502e+01   2.2283e+01   2.4181e+01
   1.6796e+02   1.7053e+02   1.7218e+02   1.6713e+02   1.6635e+02   1.6825e+02
   5.1375e+01   4.8802e+01   4.7156e+01   5.2204e+01   5.1423e+01   5.3321e+01

 Columns 103 through 108:

   1.3752e+02   1.4057e+02   1.4298e+02   1.4681e+02   1.4287e+02   1.4094e+02
   1.1405e+02   1.1710e+02   1.1952e+02   1.1569e+02   1.1963e+02   1.1770e+02
   1.2488e+02   1.2793e+02   1.3035e+02   1.3417e+02   1.3023e+02   1.3216e+02
   6.7662e+01   6.4609e+01   6.7023e+01   6.3198e+01   6.7138e+01   6.5211e+01
   1.2049e+02   1.2354e+02   1.2595e+02   1.2213e+02   1.2607e+02   1.2414e+02
   1.0063e+01   7.0099e+00   4.5956e+00   8.4211e+00   4.4807e+00   6.4081e+00
   1.7292e+02   1.6987e+02   1.6746e+02   1.7128e+02   1.6734e+02   1.6927e+02
   2.5849e+01   2.8902e+01   2.6488e+01   3.0314e+01   3.4254e+01   3.6181e+01
   1.6991e+02   1.6686e+02   1.6445e+02   1.6062e+02   1.5668e+02   1.5475e+02
   5.1653e+01   4.8600e+01   4.6186e+01   4.2361e+01   4.6301e+01   4.8228e+01

 Columns 109 through 114:

   1.4124e+02   1.4285e+02   1.3993e+02   1.4104e+02   1.3742e+02   1.3709e+02
   1.1740e+02   1.1900e+02   1.1609e+02   1.1720e+02   1.1357e+02   1.1325e+02
   1.3246e+02   1.3406e+02   1.3698e+02   1.3809e+02   1.4172e+02   1.4140e+02
   6.4909e+01   6.3308e+01   6.6223e+01   6.7336e+01   7.0963e+01   7.0640e+01
   1.2384e+02   1.2544e+02   1.2253e+02   1.2141e+02   1.2504e+02   1.2472e+02
   6.7103e+00   5.1093e+00   2.1941e+00   1.0808e+00   4.7081e+00   5.0319e+00
   1.6897e+02   1.6737e+02   1.7028e+02   1.6917e+02   1.6554e+02   1.6586e+02
   3.5879e+01   3.4278e+01   3.1363e+01   3.0250e+01   3.3877e+01   3.4201e+01
   1.5506e+02   1.5666e+02   1.5957e+02   1.5846e+02   1.5483e+02   1.5515e+02
   4.8531e+01   4.6929e+01   4.9845e+01   5.0958e+01   4.7331e+01   4.7654e+01

 Columns 115 through 120:

   1.3303e+02   1.3696e+02   1.3500e+02   1.3857e+02   1.3852e+02   1.3832e+02
   1.1731e+02   1.2125e+02   1.1929e+02   1.1573e+02   1.1577e+02   1.1557e+02
   1.4546e+02   1.4940e+02   1.5136e+02   1.5492e+02   1.5487e+02   1.5467e+02
   6.6575e+01   6.2640e+01   6.4600e+01   6.1038e+01   6.0993e+01   6.1197e+01
   1.2065e+02   1.1672e+02   1.1476e+02   1.1832e+02   1.1827e+02   1.1807e+02
   9.0965e+00   5.1619e+00   7.1220e+00   1.0685e+01   1.0729e+01   1.0934e+01
   1.6993e+02   1.7386e+02   1.7582e+02   1.7226e+02   1.7231e+02   1.7210e+02
   3.0136e+01   3.4071e+01   3.2111e+01   2.8548e+01   2.8592e+01   2.8797e+01
   1.5922e+02   1.5528e+02   1.5332e+02   1.5689e+02   1.5684e+02   1.5705e+02
   4.3590e+01   3.9655e+01   4.1615e+01   3.8053e+01   3.8097e+01   3.8301e+01

 Columns 121 through 126:

   1.3505e+02   1.3524e+02   1.3509e+02   1.3486e+02   1.3274e+02   1.3357e+02
   1.1883e+02   1.1901e+02   1.1916e+02   1.1938e+02   1.1726e+02   1.1809e+02
   1.5141e+02   1.5123e+02   1.5108e+02   1.5130e+02   1.5343e+02   1.5259e+02
   6.4460e+01   6.4640e+01   6.4790e+01   6.5014e+01   6.7138e+01   6.7973e+01
   1.2133e+02   1.2151e+02   1.2136e+02   1.2114e+02   1.1902e+02   1.1818e+02
   1.4196e+01   1.4015e+01   1.3866e+01   1.4089e+01   1.6214e+01   1.5379e+01
   1.6884e+02   1.6866e+02   1.6851e+02   1.6828e+02   1.7041e+02   1.7124e+02
   2.5534e+01   2.5354e+01   2.5504e+01   2.5280e+01   2.3155e+01   2.3990e+01
   1.5379e+02   1.5360e+02   1.5375e+02   1.5398e+02   1.5610e+02   1.5527e+02
   4.1564e+01   4.1744e+01   4.1894e+01   4.1670e+01   3.9546e+01   3.8711e+01

 Columns 127 through 132:

   1.3456e+02   1.3167e+02   1.2834e+02   1.2566e+02   1.2732e+02   1.2524e+02
   1.1710e+02   1.1421e+02   1.1754e+02   1.2022e+02   1.2188e+02   1.1981e+02
   1.5160e+02   1.4871e+02   1.5204e+02   1.5472e+02   1.5638e+02   1.5845e+02
   6.8962e+01   6.6070e+01   6.2739e+01   6.0059e+01   6.1717e+01   6.3792e+01
   1.1719e+02   1.2008e+02   1.2341e+02   1.2073e+02   1.1908e+02   1.1700e+02
   1.4390e+01   1.7282e+01   2.0613e+01   1.7933e+01   1.6274e+01   1.8349e+01
   1.7223e+02   1.7513e+02   1.7846e+02   1.8114e+02   1.8280e+02   1.8487e+02
   2.3001e+01   2.5893e+01   2.2562e+01   1.9882e+01   1.8223e+01   2.0298e+01
   1.5626e+02   1.5915e+02   1.5582e+02   1.5850e+02   1.5684e+02   1.5476e+02
   3.9700e+01   3.6808e+01   3.3477e+01   3.6157e+01   3.4499e+01   3.2424e+01

 Columns 133 through 138:

   1.2560e+02   1.2599e+02   1.2683e+02   1.2524e+02   1.2475e+02   1.2303e+02
   1.2016e+02   1.2055e+02   1.1971e+02   1.2130e+02   1.2179e+02   1.2351e+02
   1.5810e+02   1.5771e+02   1.5856e+02   1.6015e+02   1.5966e+02   1.5794e+02
   6.3437e+01   6.3828e+01   6.4673e+01   6.3080e+01   6.3573e+01   6.5290e+01
   1.1736e+02   1.1775e+02   1.1859e+02   1.2018e+02   1.1969e+02   1.1797e+02
   1.7995e+01   1.8385e+01   1.7540e+01   1.5946e+01   1.6439e+01   1.4722e+01
   1.8452e+02   1.8413e+02   1.8328e+02   1.8169e+02   1.8218e+02   1.8390e+02
   1.9943e+01   1.9553e+01   1.8707e+01   1.7114e+01   1.6622e+01   1.8339e+01
   1.5512e+02   1.5473e+02   1.5388e+02   1.5548e+02   1.5498e+02   1.5670e+02
   3.2778e+01   3.2388e+01   3.3233e+01   3.4826e+01   3.5319e+01   3.3602e+01

 Columns 139 through 144:

   1.2219e+02   1.2157e+02   1.2577e+02   1.2068e+02   1.2256e+02   1.2229e+02
   1.2435e+02   1.2373e+02   1.1953e+02   1.2462e+02   1.2651e+02   1.2678e+02
   1.5710e+02   1.5648e+02   1.6068e+02   1.6577e+02   1.6389e+02   1.6416e+02
   6.6128e+01   6.6748e+01   7.0946e+01   6.5853e+01   6.7739e+01   6.7467e+01
   1.1881e+02   1.1943e+02   1.1523e+02   1.2033e+02   1.2221e+02   1.2248e+02
   1.3884e+01   1.4504e+01   1.0306e+01   5.2141e+00   7.0998e+00   6.8276e+00
   1.8306e+02   1.8244e+02   1.7824e+02   1.8333e+02   1.8145e+02   1.8172e+02
   1.7501e+01   1.8121e+01   1.3923e+01   1.9015e+01   1.7130e+01   1.6857e+01
   1.5754e+02   1.5692e+02   1.6112e+02   1.5602e+02   1.5414e+02   1.5441e+02
   3.4440e+01   3.5060e+01   3.9257e+01   3.4165e+01   3.2280e+01   3.2007e+01

 Columns 145 through 150:

   1.2095e+02   1.1974e+02   1.1844e+02   1.2101e+02   1.2180e+02   1.2335e+02
   1.2544e+02   1.2422e+02   1.2552e+02   1.2808e+02   1.2728e+02   1.2573e+02
   1.6550e+02   1.6671e+02   1.6800e+02   1.7056e+02   1.7136e+02   1.7291e+02
   6.6128e+01   6.7343e+01   6.8635e+01   6.6073e+01   6.6871e+01   6.5321e+01
   1.2382e+02   1.2261e+02   1.2390e+02   1.2646e+02   1.2566e+02   1.2721e+02
   8.1664e+00   9.3814e+00   1.0673e+01   8.1112e+00   7.3129e+00   8.8634e+00
   1.8038e+02   1.8160e+02   1.8030e+02   1.7774e+02   1.7854e+02   1.8009e+02
   1.8196e+01   1.9411e+01   1.8119e+01   2.0681e+01   1.9883e+01   1.8333e+01
   1.5575e+02   1.5453e+02   1.5324e+02   1.5068e+02   1.5148e+02   1.4993e+02
   3.0669e+01   2.9454e+01   2.8162e+01   2.5600e+01   2.4802e+01   2.3251e+01

 Columns 151 through 156:

   1.2439e+02   1.2316e+02   1.2187e+02   1.1996e+02   1.1778e+02   1.1971e+02
   1.2676e+02   1.2799e+02   1.2671e+02   1.2862e+02   1.2644e+02   1.2837e+02
   1.7188e+02   1.7065e+02   1.7194e+02   1.7002e+02   1.6784e+02   1.6591e+02
   6.6353e+01   6.5124e+01   6.6407e+01   6.4493e+01   6.2311e+01   6.4239e+01
   1.2825e+02   1.2947e+02   1.2819e+02   1.3011e+02   1.3229e+02   1.3422e+02
   7.8315e+00   6.6026e+00   7.8859e+00   5.9718e+00   8.1537e+00   6.2260e+00
   1.7906e+02   1.7783e+02   1.7911e+02   1.8103e+02   1.7885e+02   1.7692e+02
   1.9365e+01   2.0593e+01   1.9310e+01   2.1224e+01   2.3406e+01   2.1478e+01
   1.4890e+02   1.5013e+02   1.5141e+02   1.5332e+02   1.5551e+02   1.5358e+02
   2.2219e+01   2.3448e+01   2.2165e+01   2.0251e+01   2.2433e+01   2.4360e+01

 Columns 157 through 162:

   1.2362e+02   1.2484e+02   1.2706e+02   1.3037e+02   1.3616e+02   1.3750e+02
   1.3228e+02   1.3350e+02   1.3127e+02   1.3458e+02   1.4037e+02   1.3904e+02
   1.6200e+02   1.6321e+02   1.6098e+02   1.6429e+02   1.7008e+02   1.6875e+02
   6.8156e+01   6.6943e+01   6.9170e+01   6.5862e+01   6.0070e+01   6.1404e+01
   1.3813e+02   1.3935e+02   1.4157e+02   1.3827e+02   1.3247e+02   1.3381e+02
   2.3087e+00   1.0950e+00  -1.1322e+00  -4.4402e+00  -1.0232e+01  -8.8976e+00
   1.7300e+02   1.7421e+02   1.7199e+02   1.7529e+02   1.6950e+02   1.7084e+02
   1.7561e+01   1.6347e+01   1.4120e+01   1.0812e+01   1.6604e+01   1.5270e+01
   1.4966e+02   1.4845e+02   1.5067e+02   1.5398e+02   1.5977e+02   1.5844e+02
   2.8278e+01   2.7064e+01   2.9291e+01   2.5984e+01   2.0192e+01   1.8858e+01

 Columns 163 through 168:

   1.3509e+02   1.3789e+02   1.3875e+02   1.3958e+02   1.4034e+02   1.3955e+02
   1.3663e+02   1.3383e+02   1.3469e+02   1.3385e+02   1.3461e+02   1.3540e+02
   1.6634e+02   1.6914e+02   1.7000e+02   1.7083e+02   1.7008e+02   1.6929e+02
   6.3813e+01   6.1013e+01   6.0154e+01   6.0989e+01   6.0232e+01   5.9444e+01
   1.3622e+02   1.3342e+02   1.3428e+02   1.3344e+02   1.3420e+02   1.3499e+02
  -6.4886e+00  -9.2886e+00  -1.0148e+01  -9.3134e+00  -1.0070e+01  -9.2813e+00
   1.7325e+02   1.7605e+02   1.7519e+02   1.7435e+02   1.7360e+02   1.7438e+02
   1.7679e+01   1.4879e+01   1.4019e+01   1.3184e+01   1.3941e+01   1.4729e+01
   1.5603e+02   1.5883e+02   1.5797e+02   1.5881e+02   1.5956e+02   1.5877e+02
   1.6449e+01   1.9249e+01   2.0108e+01   1.9274e+01   1.8517e+01   1.7729e+01

 Columns 169 through 174:

   1.4086e+02   1.3499e+02   1.3482e+02   1.3294e+02   1.3902e+02   1.3851e+02
   1.3670e+02   1.3083e+02   1.3099e+02   1.3287e+02   1.2680e+02   1.2630e+02
   1.7059e+02   1.7646e+02   1.7630e+02   1.7817e+02   1.7210e+02   1.7160e+02
   6.0748e+01   6.6618e+01   6.6454e+01   6.8330e+01   6.2259e+01   6.2762e+01
   1.3629e+02   1.4216e+02   1.4200e+02   1.4387e+02   1.3780e+02   1.3730e+02
  -1.0585e+01  -4.7150e+00  -4.5508e+00  -6.4271e+00  -3.5594e-01   1.4731e-01
   1.7308e+02   1.7895e+02   1.7911e+02   1.8099e+02   1.8706e+02   1.8656e+02
   1.3425e+01   7.5550e+00   7.3909e+00   5.5146e+00  -5.5663e-01  -5.3380e-02
   1.5747e+02   1.5160e+02   1.5176e+02   1.4989e+02   1.5596e+02   1.5646e+02
   1.6425e+01   1.0555e+01   1.0719e+01   8.8424e+00   1.4914e+01   1.5417e+01

 Columns 175 through 180:

   1.3607e+02   1.3708e+02   1.3257e+02   1.2790e+02   1.2475e+02   1.2339e+02
   1.2385e+02   1.2487e+02   1.2938e+02   1.3404e+02   1.3719e+02   1.3583e+02
   1.7404e+02   1.7506e+02   1.7957e+02   1.8424e+02   1.8108e+02   1.7972e+02
   6.0317e+01   5.9303e+01   5.4787e+01   5.0125e+01   4.6974e+01   4.5607e+01
   1.3485e+02   1.3587e+02   1.4038e+02   1.4505e+02   1.4820e+02   1.4683e+02
   2.5921e+00   1.5776e+00   6.0935e+00   1.0755e+01   7.6040e+00   8.9713e+00
   1.8900e+02   1.8799e+02   1.9251e+02   1.8784e+02   1.9099e+02   1.9236e+02
  -2.4982e+00  -1.4837e+00  -5.9996e+00  -1.3380e+00   1.8131e+00   3.1804e+00
   1.5891e+02   1.5789e+02   1.5338e+02   1.4871e+02   1.4556e+02   1.4693e+02
   1.7862e+01   1.6847e+01   1.2331e+01   7.6697e+00   1.0821e+01   1.2188e+01

 Columns 181 through 186:

   1.2223e+02   1.2166e+02   1.2227e+02   1.1973e+02   1.2226e+02   1.1925e+02
   1.3468e+02   1.3524e+02   1.3585e+02   1.3839e+02   1.4091e+02   1.4393e+02
   1.8087e+02   1.8144e+02   1.8083e+02   1.8337e+02   1.8590e+02   1.8891e+02
   4.6759e+01   4.6190e+01   4.6795e+01   4.4260e+01   4.6788e+01   4.3773e+01
   1.4798e+02   1.4741e+02   1.4681e+02   1.4934e+02   1.5187e+02   1.5489e+02
   7.8190e+00   8.3883e+00   7.7831e+00   5.2475e+00   2.7192e+00   5.7338e+00
   1.9121e+02   1.9178e+02   1.9238e+02   1.9492e+02   1.9239e+02   1.8938e+02
   4.3328e+00   3.7634e+00   4.3687e+00   6.9043e+00   4.3760e+00   1.3613e+00
   1.4808e+02   1.4865e+02   1.4805e+02   1.4551e+02   1.4298e+02   1.4600e+02
   1.1036e+01   1.0466e+01   9.8611e+00   7.3255e+00   4.7972e+00   1.7825e+00

 Columns 187 through 192:

   1.2032e+02   1.1793e+02   1.2439e+02   1.2212e+02   1.2295e+02   1.2416e+02
   1.4286e+02   1.4047e+02   1.3401e+02   1.3174e+02   1.3090e+02   1.3211e+02
   1.8999e+02   1.9237e+02   1.9883e+02   1.9655e+02   1.9572e+02   1.9692e+02
   4.2700e+01   4.5087e+01   5.1541e+01   4.9268e+01   5.0106e+01   5.1314e+01
   1.5596e+02   1.5835e+02   1.6480e+02   1.6707e+02   1.6791e+02   1.6670e+02
   4.6607e+00   7.0476e+00   5.9305e-01   2.8664e+00   3.7041e+00   2.4955e+00
   1.9045e+02   1.8806e+02   1.8161e+02   1.8388e+02   1.8472e+02   1.8351e+02
   2.4345e+00   4.8213e+00  -1.6332e+00   6.4010e-01  -1.9761e-01  -1.4062e+00
   1.4492e+02   1.4254e+02   1.4899e+02   1.5127e+02   1.5043e+02   1.5164e+02
   7.0938e-01  -1.6775e+00  -8.1320e+00  -1.0405e+01  -1.1243e+01  -1.2452e+01

 Columns 193 through 198:

   1.2694e+02   1.3073e+02   1.3246e+02   1.3275e+02   1.3129e+02   1.3508e+02
   1.3489e+02   1.3868e+02   1.3695e+02   1.3724e+02   1.3869e+02   1.4248e+02
   1.9971e+02   1.9592e+02   1.9765e+02   1.9736e+02   1.9591e+02   1.9970e+02
   4.8533e+01   5.2323e+01   5.4053e+01   5.4336e+01   5.5791e+01   5.2001e+01
   1.6392e+02   1.6771e+02   1.6598e+02   1.6570e+02   1.6715e+02   1.6336e+02
  -2.8638e-01  -4.0771e+00  -5.8068e+00  -5.5234e+00  -4.0693e+00  -7.8593e+00
   1.8629e+02   1.8250e+02   1.8423e+02   1.8395e+02   1.8249e+02   1.8628e+02
  -4.1881e+00  -3.9737e-01   1.3324e+00   1.6158e+00   1.6181e-01  -3.6281e+00
   1.5442e+02   1.5063e+02   1.4890e+02   1.4861e+02   1.4716e+02   1.5095e+02
  -1.5234e+01  -1.9024e+01  -2.0754e+01  -2.1038e+01  -1.9583e+01  -2.3373e+01

 Columns 199 through 204:

   1.3847e+02   1.3840e+02   1.4291e+02   1.4033e+02   1.4413e+02   1.4473e+02
   1.4587e+02   1.4580e+02   1.4129e+02   1.4387e+02   1.4766e+02   1.4827e+02
   2.0308e+02   2.0301e+02   2.0752e+02   2.1010e+02   2.0630e+02   2.0570e+02
   5.5385e+01   5.5454e+01   5.9962e+01   6.2542e+01   5.8744e+01   5.9350e+01
   1.6675e+02   1.6668e+02   1.7119e+02   1.6861e+02   1.7240e+02   1.7301e+02
  -1.1243e+01  -1.1175e+01  -1.5683e+01  -1.3104e+01  -9.3064e+00  -9.9119e+00
   1.8290e+02   1.8297e+02   1.8748e+02   1.8490e+02   1.8110e+02   1.8050e+02
  -7.0123e+00  -6.9434e+00  -1.1452e+01  -1.4031e+01  -1.7829e+01  -1.8434e+01
   1.4757e+02   1.4764e+02   1.4313e+02   1.4055e+02   1.4434e+02   1.4495e+02
  -2.6758e+01  -2.6827e+01  -3.1335e+01  -2.8756e+01  -3.2554e+01  -3.3159e+01

 Columns 205 through 210:

   1.4259e+02   1.4082e+02   1.4196e+02   1.4114e+02   1.3815e+02   1.3849e+02
   1.5041e+02   1.4863e+02   1.4977e+02   1.5060e+02   1.4761e+02   1.4795e+02
   2.0356e+02   2.0178e+02   2.0293e+02   2.0210e+02   1.9911e+02   1.9945e+02
   6.1486e+01   5.9706e+01   5.8558e+01   5.9384e+01   5.6393e+01   5.6053e+01
   1.7515e+02   1.7337e+02   1.7222e+02   1.7304e+02   1.7604e+02   1.7638e+02
  -7.7756e+00  -5.9958e+00  -4.8481e+00  -4.0226e+00  -1.0319e+00  -1.3719e+00
   1.7836e+02   1.8014e+02   1.7899e+02   1.7817e+02   1.8116e+02   1.8150e+02
  -2.0571e+01  -1.8791e+01  -1.9939e+01  -2.0764e+01  -1.7774e+01  -1.8113e+01
   1.4709e+02   1.4887e+02   1.5001e+02   1.4919e+02   1.5218e+02   1.5184e+02
  -3.5295e+01  -3.3516e+01  -3.4663e+01  -3.3838e+01  -3.6828e+01  -3.7168e+01

 Columns 211 through 216:

   1.3818e+02   1.4306e+02   1.4473e+02   1.4145e+02   1.4205e+02   1.4095e+02
   1.4764e+02   1.4276e+02   1.4442e+02   1.4114e+02   1.4053e+02   1.4164e+02
   1.9915e+02   1.9426e+02   1.9592e+02   1.9921e+02   1.9860e+02   1.9750e+02
   5.6361e+01   6.1247e+01   6.2912e+01   6.6194e+01   6.6800e+01   6.7902e+01
   1.7607e+02   1.7118e+02   1.7285e+02   1.6956e+02   1.6896e+02   1.7006e+02
  -1.0638e+00   3.8218e+00   2.1570e+00   5.4394e+00   6.0447e+00   7.1469e+00
   1.8180e+02   1.7692e+02   1.7525e+02   1.7197e+02   1.7258e+02   1.7147e+02
  -1.8422e+01  -1.3536e+01  -1.5201e+01  -1.8483e+01  -1.9088e+01  -2.0191e+01
   1.5215e+02   1.4726e+02   1.4560e+02   1.4888e+02   1.4827e+02   1.4717e+02
  -3.6860e+01  -3.1975e+01  -3.3639e+01  -3.0357e+01  -2.9752e+01  -2.8649e+01

 Columns 217 through 222:

   1.4179e+02   1.4263e+02   1.4206e+02   1.4123e+02   1.4225e+02   1.4191e+02
   1.4247e+02   1.4331e+02   1.4388e+02   1.4304e+02   1.4406e+02   1.4373e+02
   1.9666e+02   1.9582e+02   1.9639e+02   1.9722e+02   1.9824e+02   1.9791e+02
   6.7064e+01   6.6223e+01   6.5659e+01   6.4824e+01   6.3805e+01   6.3470e+01
   1.7090e+02   1.7174e+02   1.7230e+02   1.7147e+02   1.7249e+02   1.7215e+02
   6.3089e+00   5.4686e+00   6.0335e+00   6.8679e+00   5.8484e+00   6.1832e+00
   1.7064e+02   1.6980e+02   1.7036e+02   1.7120e+02   1.7018e+02   1.7051e+02
  -1.9353e+01  -1.8512e+01  -1.9077e+01  -1.8243e+01  -1.7223e+01  -1.6889e+01
   1.4801e+02   1.4717e+02   1.4660e+02   1.4744e+02   1.4642e+02   1.4675e+02
  -2.9488e+01  -2.8647e+01  -2.9212e+01  -3.0046e+01  -3.1066e+01  -3.0731e+01

 Columns 223 through 228:

   1.4180e+02   1.4097e+02   1.4096e+02   1.3957e+02   1.3920e+02   1.3947e+02
   1.4384e+02   1.4467e+02   1.4466e+02   1.4327e+02   1.4291e+02   1.4318e+02
   1.9802e+02   1.9718e+02   1.9717e+02   1.9578e+02   1.9542e+02   1.9569e+02
   6.3358e+01   6.2526e+01   6.2539e+01   6.1149e+01   6.0785e+01   6.1057e+01
   1.7227e+02   1.7143e+02   1.7145e+02   1.7284e+02   1.7247e+02   1.7220e+02
   6.0713e+00   6.9037e+00   6.9169e+00   8.3069e+00   8.6709e+00   8.3992e+00
   1.7062e+02   1.6979e+02   1.6980e+02   1.7119e+02   1.7156e+02   1.7183e+02
  -1.6777e+01  -1.5944e+01  -1.5958e+01  -1.7348e+01  -1.6984e+01  -1.7255e+01
   1.4664e+02   1.4747e+02   1.4749e+02   1.4888e+02   1.4924e+02   1.4897e+02
  -3.0843e+01  -3.0011e+01  -3.0024e+01  -2.8634e+01  -2.8270e+01  -2.8542e+01

 Columns 229 through 234:

   1.4179e+02   1.4326e+02   1.4096e+02   1.4280e+02   1.4403e+02   1.4505e+02
   1.4086e+02   1.3939e+02   1.4169e+02   1.3985e+02   1.4108e+02   1.4005e+02
   1.9801e+02   1.9947e+02   2.0176e+02   2.0360e+02   2.0483e+02   2.0380e+02
   6.3376e+01   6.4840e+01   6.7132e+01   6.8968e+01   6.7742e+01   6.8768e+01
   1.7452e+02   1.7598e+02   1.7369e+02   1.7186e+02   1.7063e+02   1.6960e+02
   6.0795e+00   4.6158e+00   6.9078e+00   5.0715e+00   3.8453e+00   4.8711e+00
   1.6951e+02   1.6805e+02   1.7034e+02   1.7217e+02   1.7340e+02   1.7237e+02
  -1.4936e+01  -1.6399e+01  -1.8691e+01  -1.6855e+01  -1.5629e+01  -1.4603e+01
   1.4665e+02   1.4811e+02   1.4582e+02   1.4399e+02   1.4276e+02   1.4173e+02
  -3.0861e+01  -3.2325e+01  -3.4617e+01  -3.6453e+01  -3.7680e+01  -3.6654e+01

 Columns 235 through 240:

   1.4326e+02   1.4336e+02   1.4357e+02   1.4175e+02   1.4248e+02   1.4461e+02
   1.4184e+02   1.4194e+02   1.4215e+02   1.4034e+02   1.4107e+02   1.4320e+02
   2.0201e+02   2.0191e+02   2.0212e+02   2.0031e+02   1.9958e+02   1.9745e+02
   7.0563e+01   7.0466e+01   7.0678e+01   7.2491e+01   7.1760e+01   6.9635e+01
   1.6781e+02   1.6771e+02   1.6750e+02   1.6569e+02   1.6642e+02   1.6429e+02
   3.0761e+00   2.9791e+00   2.7673e+00   9.5447e-01   2.2382e-01   2.3489e+00
   1.7417e+02   1.7427e+02   1.7406e+02   1.7587e+02   1.7660e+02   1.7447e+02
  -1.2808e+01  -1.2711e+01  -1.2499e+01  -1.0686e+01  -9.9554e+00  -7.8304e+00
   1.4353e+02   1.4343e+02   1.4322e+02   1.4503e+02   1.4430e+02   1.4218e+02
  -3.8449e+01  -3.8352e+01  -3.8563e+01  -3.6751e+01  -3.7481e+01  -3.5356e+01

 Columns 241 through 246:

   1.4419e+02   1.4460e+02   1.4402e+02   1.4559e+02   1.4543e+02   1.4704e+02
   1.4362e+02   1.4403e+02   1.4346e+02   1.4502e+02   1.4486e+02   1.4325e+02
   1.9788e+02   1.9829e+02   1.9771e+02   1.9615e+02   1.9631e+02   1.9470e+02
   6.9212e+01   6.9623e+01   7.0199e+01   7.1765e+01   7.1605e+01   7.3214e+01
   1.6387e+02   1.6346e+02   1.6403e+02   1.6560e+02   1.6544e+02   1.6383e+02
   2.7721e+00   2.3606e+00   1.7846e+00   3.3506e+00   3.1908e+00   4.7995e+00
   1.7490e+02   1.7531e+02   1.7473e+02   1.7317e+02   1.7333e+02   1.7493e+02
  -8.2535e+00  -8.6650e+00  -8.0890e+00  -9.6550e+00  -9.4952e+00  -1.1104e+01
   1.4175e+02   1.4134e+02   1.4192e+02   1.4035e+02   1.4051e+02   1.3890e+02
  -3.4933e+01  -3.5344e+01  -3.4768e+01  -3.6334e+01  -3.6175e+01  -3.4566e+01

 Columns 247 through 252:

   1.4703e+02   1.5035e+02   1.5353e+02   1.5249e+02   1.5252e+02   1.5567e+02
   1.4324e+02   1.3992e+02   1.3673e+02   1.3777e+02   1.3780e+02   1.4095e+02
   1.9471e+02   1.9803e+02   1.9484e+02   1.9588e+02   1.9585e+02   1.9270e+02
   7.3226e+01   6.9905e+01   7.3093e+01   7.2050e+01   7.2081e+01   7.5230e+01
   1.6382e+02   1.6714e+02   1.7033e+02   1.6929e+02   1.6932e+02   1.6617e+02
   4.8114e+00   8.1327e+00   1.1321e+01   1.2364e+01   1.2333e+01   1.5482e+01
   1.7495e+02   1.7163e+02   1.6844e+02   1.6948e+02   1.6945e+02   1.7260e+02
  -1.1092e+01  -7.7707e+00  -4.5823e+00  -5.6251e+00  -5.5943e+00  -8.7434e+00
   1.3889e+02   1.3557e+02   1.3238e+02   1.3134e+02   1.3131e+02   1.2816e+02
  -3.4578e+01  -3.7899e+01  -4.1087e+01  -4.0045e+01  -4.0075e+01  -4.3225e+01

 Columns 253 through 258:

   1.5460e+02   1.5802e+02   1.5916e+02   1.5449e+02   1.5484e+02   1.5334e+02
   1.3988e+02   1.4330e+02   1.4444e+02   1.3977e+02   1.4012e+02   1.3862e+02
   1.9377e+02   1.9719e+02   1.9833e+02   2.0299e+02   2.0334e+02   2.0184e+02
   7.4161e+01   7.7578e+01   7.6441e+01   8.1107e+01   8.1460e+01   7.9960e+01
   1.6510e+02   1.6852e+02   1.6965e+02   1.7432e+02   1.7467e+02   1.7317e+02
   1.6551e+01   1.3135e+01   1.1998e+01   1.6664e+01   1.6312e+01   1.7811e+01
   1.7367e+02   1.7025e+02   1.7139e+02   1.6672e+02   1.6637e+02   1.6787e+02
  -7.6746e+00  -1.1091e+01  -1.2227e+01  -7.5613e+00  -7.9140e+00  -6.4143e+00
   1.2923e+02   1.2581e+02   1.2468e+02   1.2001e+02   1.1966e+02   1.2116e+02
  -4.4293e+01  -4.7710e+01  -4.8846e+01  -5.3512e+01  -5.3865e+01  -5.2365e+01

 Columns 259 through 264:

   1.5398e+02   1.5241e+02   1.5281e+02   1.5014e+02   1.5207e+02   1.5162e+02
   1.3799e+02   1.3641e+02   1.3681e+02   1.3415e+02   1.3608e+02   1.3653e+02
   2.0248e+02   2.0405e+02   2.0445e+02   2.0712e+02   2.0904e+02   2.0860e+02
   7.9324e+01   8.0898e+01   8.0498e+01   7.7835e+01   7.5908e+01   7.5459e+01
   1.7381e+02   1.7538e+02   1.7498e+02   1.7232e+02   1.7425e+02   1.7380e+02
   1.8447e+01   1.6874e+01   1.6474e+01   1.3811e+01   1.1884e+01   1.1434e+01
   1.6723e+02   1.6881e+02   1.6921e+02   1.7187e+02   1.7380e+02   1.7425e+02
  -7.0503e+00  -5.4765e+00  -5.8767e+00  -3.2144e+00  -5.1420e+00  -4.6927e+00
   1.2179e+02   1.2022e+02   1.1982e+02   1.2248e+02   1.2055e+02   1.2100e+02
  -5.3001e+01  -5.4575e+01  -5.4175e+01  -5.1513e+01  -5.3440e+01  -5.2991e+01

 Columns 265 through 270:

   1.5153e+02   1.5195e+02   1.5370e+02   1.4991e+02   1.4897e+02   1.4874e+02
   1.3662e+02   1.3703e+02   1.3878e+02   1.4258e+02   1.4164e+02   1.4141e+02
   2.0851e+02   2.0809e+02   2.0634e+02   2.0255e+02   2.0348e+02   2.0372e+02
   7.5369e+01   7.5783e+01   7.4031e+01   7.0240e+01   6.9306e+01   6.9539e+01
   1.7371e+02   1.7329e+02   1.7154e+02   1.6775e+02   1.6869e+02   1.6845e+02
   1.1524e+01   1.1110e+01   1.2862e+01   1.6652e+01   1.7587e+01   1.7819e+01
   1.7416e+02   1.7457e+02   1.7282e+02   1.6903e+02   1.6809e+02   1.6833e+02
  -4.6033e+00  -5.0172e+00  -3.2651e+00   5.2533e-01  -4.0909e-01  -6.4158e-01
   1.2109e+02   1.2068e+02   1.1893e+02   1.2272e+02   1.2365e+02   1.2388e+02
  -5.2902e+01  -5.2488e+01  -5.0735e+01  -4.6945e+01  -4.6011e+01  -4.6243e+01

 Columns 271 through 276:

   1.4574e+02   1.4666e+02   1.4642e+02   1.4985e+02   1.4951e+02   1.4837e+02
   1.4441e+02   1.4534e+02   1.4558e+02   1.4900e+02   1.4866e+02   1.4753e+02
   2.0071e+02   2.0164e+02   2.0188e+02   2.0530e+02   2.0564e+02   2.0678e+02
   6.6536e+01   6.7462e+01   6.7704e+01   6.4280e+01   6.4617e+01   6.5752e+01
   1.6545e+02   1.6638e+02   1.6662e+02   1.7004e+02   1.6971e+02   1.6857e+02
   2.0821e+01   1.9896e+01   1.9654e+01   2.3078e+01   2.3414e+01   2.2279e+01
   1.7133e+02   1.7040e+02   1.7016e+02   1.6674e+02   1.6640e+02   1.6754e+02
   2.3605e+00   1.4349e+00   1.1932e+00  -2.2304e+00  -1.8936e+00  -7.5813e-01
   1.2688e+02   1.2596e+02   1.2620e+02   1.2278e+02   1.2311e+02   1.2198e+02
  -4.9245e+01  -5.0171e+01  -5.0412e+01  -5.3836e+01  -5.4173e+01  -5.3037e+01

 Columns 277 through 282:

   1.4898e+02   1.5073e+02   1.5129e+02   1.4928e+02   1.4762e+02   1.4651e+02
   1.4692e+02   1.4517e+02   1.4461e+02   1.4662e+02   1.4828e+02   1.4939e+02
   2.0617e+02   2.0791e+02   2.0847e+02   2.1048e+02   2.0882e+02   2.0993e+02
   6.5142e+01   6.6889e+01   6.7449e+01   6.5442e+01   6.3780e+01   6.4894e+01
   1.6918e+02   1.7093e+02   1.7037e+02   1.7238e+02   1.7404e+02   1.7292e+02
   2.2890e+01   2.4637e+01   2.5197e+01   2.7204e+01   2.5542e+01   2.4428e+01
   1.6815e+02   1.6640e+02   1.6584e+02   1.6383e+02   1.6217e+02   1.6106e+02
  -1.3690e+00  -3.1166e+00  -3.6764e+00  -1.6692e+00  -7.3551e-03  -1.1214e+00
   1.2259e+02   1.2084e+02   1.2140e+02   1.1939e+02   1.2106e+02   1.2217e+02
  -5.3648e+01  -5.5396e+01  -5.5956e+01  -5.7963e+01  -5.6301e+01  -5.5187e+01

 Columns 283 through 288:

   1.4515e+02   1.4722e+02   1.4767e+02   1.4590e+02   1.4561e+02   1.4502e+02
   1.5075e+02   1.5283e+02   1.5327e+02   1.5151e+02   1.5121e+02   1.5063e+02
   2.0857e+02   2.1065e+02   2.1021e+02   2.1197e+02   2.1227e+02   2.1285e+02
   6.6254e+01   6.4179e+01   6.3736e+01   6.1972e+01   6.2268e+01   6.1681e+01
   1.7428e+02   1.7221e+02   1.7177e+02   1.7000e+02   1.7030e+02   1.7088e+02
   2.3068e+01   2.0993e+01   2.0550e+01   2.2315e+01   2.2610e+01   2.3196e+01
   1.5970e+02   1.5762e+02   1.5806e+02   1.5983e+02   1.5953e+02   1.6012e+02
  -2.4815e+00  -4.0627e-01  -8.4907e-01   9.1520e-01   1.2110e+00   6.2487e-01
   1.2353e+02   1.2561e+02   1.2605e+02   1.2781e+02   1.2752e+02   1.2810e+02
  -5.3827e+01  -5.5902e+01  -5.5459e+01  -5.7223e+01  -5.7519e+01  -5.8105e+01

 Columns 289 through 294:

   1.4443e+02   1.4430e+02   1.4210e+02   1.3961e+02   1.4124e+02   1.4136e+02
   1.5004e+02   1.4990e+02   1.4770e+02   1.5020e+02   1.5183e+02   1.5195e+02
   2.1226e+02   2.1240e+02   2.1460e+02   2.1210e+02   2.1374e+02   2.1362e+02
   6.1093e+01   6.0960e+01   5.8760e+01   6.1251e+01   6.2884e+01   6.2765e+01
   1.7029e+02   1.7016e+02   1.7236e+02   1.7485e+02   1.7649e+02   1.7661e+02
   2.3785e+01   2.3918e+01   2.6118e+01   2.8610e+01   2.6976e+01   2.7096e+01
   1.6071e+02   1.6084e+02   1.6304e+02   1.6553e+02   1.6390e+02   1.6378e+02
   1.2136e+00   1.3461e+00  -8.5445e-01  -3.3460e+00  -4.9793e+00  -4.8599e+00
   1.2869e+02   1.2882e+02   1.3103e+02   1.2853e+02   1.2690e+02   1.2678e+02
  -5.7517e+01  -5.7649e+01  -5.9850e+01  -6.2341e+01  -6.3974e+01  -6.4094e+01

 Columns 295 through 300:

   1.4254e+02   1.4071e+02   1.3916e+02   1.3966e+02   1.3852e+02   1.3804e+02
   1.5313e+02   1.5130e+02   1.5285e+02   1.5235e+02   1.5349e+02   1.5301e+02
   2.1480e+02   2.1664e+02   2.1819e+02   2.1869e+02   2.1755e+02   2.1803e+02
   6.1581e+01   5.9748e+01   6.1298e+01   6.0796e+01   6.1938e+01   6.1455e+01
   1.7779e+02   1.7962e+02   1.7807e+02   1.7858e+02   1.7972e+02   1.8020e+02
   2.5912e+01   2.4079e+01   2.2528e+01   2.2026e+01   2.3168e+01   2.3650e+01
   1.6259e+02   1.6443e+02   1.6598e+02   1.6648e+02   1.6534e+02   1.6486e+02
  -6.0439e+00  -7.8772e+00  -9.4276e+00  -9.9300e+00  -1.1072e+01  -1.1555e+01
   1.2797e+02   1.2980e+02   1.2825e+02   1.2875e+02   1.2989e+02   1.3037e+02
  -6.5278e+01  -6.3445e+01  -6.1894e+01  -6.2397e+01  -6.3538e+01  -6.3056e+01

 Columns 301 through 306:

   1.3769e+02   1.3576e+02   1.3443e+02   1.3361e+02   1.3314e+02   1.3336e+02
   1.5266e+02   1.5072e+02   1.5205e+02   1.5124e+02   1.5171e+02   1.5149e+02
   2.1837e+02   2.1643e+02   2.1776e+02   2.1858e+02   2.1905e+02   2.1883e+02
   6.1798e+01   5.9860e+01   5.8533e+01   5.7717e+01   5.7240e+01   5.7466e+01
   1.7986e+02   1.8179e+02   1.8047e+02   1.8128e+02   1.8081e+02   1.8058e+02
   2.3994e+01   2.5932e+01   2.7260e+01   2.6444e+01   2.5967e+01   2.6193e+01
   1.6520e+02   1.6714e+02   1.6581e+02   1.6663e+02   1.6710e+02   1.6733e+02
  -1.1898e+01  -1.3836e+01  -1.5164e+01  -1.5980e+01  -1.5504e+01  -1.5730e+01
   1.3072e+02   1.3266e+02   1.3398e+02   1.3480e+02   1.3528e+02   1.3550e+02
  -6.3399e+01  -6.1461e+01  -6.0133e+01  -5.9317e+01  -5.9794e+01  -6.0019e+01

 Columns 307 through 312:

   1.3404e+02   1.3602e+02   1.3357e+02   1.3389e+02   1.3394e+02   1.3223e+02
   1.5217e+02   1.5019e+02   1.4774e+02   1.4742e+02   1.4737e+02   1.4908e+02
   2.1815e+02   2.1617e+02   2.1862e+02   2.1830e+02   2.1825e+02   2.1996e+02
   5.6787e+01   5.8764e+01   6.1212e+01   6.0887e+01   6.0937e+01   6.2652e+01
   1.7990e+02   1.8188e+02   1.8433e+02   1.8400e+02   1.8395e+02   1.8224e+02
   2.6873e+01   2.8849e+01   3.1297e+01   3.1622e+01   3.1672e+01   2.9957e+01
   1.6665e+02   1.6863e+02   1.6618e+02   1.6650e+02   1.6645e+02   1.6474e+02
  -1.6409e+01  -1.8386e+01  -1.5937e+01  -1.6262e+01  -1.6213e+01  -1.4497e+01
   1.3618e+02   1.3421e+02   1.3176e+02   1.3208e+02   1.3213e+02   1.3385e+02
  -5.9340e+01  -6.1317e+01  -6.3765e+01  -6.3440e+01  -6.3490e+01  -6.5205e+01

 Columns 313 through 318:

   1.3202e+02   1.3194e+02   1.3205e+02   1.3244e+02   1.3135e+02   1.3007e+02
   1.4887e+02   1.4896e+02   1.4884e+02   1.4846e+02   1.4737e+02   1.4609e+02
   2.1976e+02   2.1967e+02   2.1956e+02   2.1917e+02   2.2026e+02   2.2154e+02
   6.2859e+01   6.2775e+01   6.2890e+01   6.2504e+01   6.1419e+01   6.0136e+01
   1.8244e+02   1.8236e+02   1.8224e+02   1.8263e+02   1.8154e+02   1.8026e+02
   3.0164e+01   3.0080e+01   3.0195e+01   2.9809e+01   2.8723e+01   3.0006e+01
   1.6494e+02   1.6503e+02   1.6491e+02   1.6530e+02   1.6638e+02   1.6767e+02
  -1.4704e+01  -1.4620e+01  -1.4505e+01  -1.4119e+01  -1.3033e+01  -1.4316e+01
   1.3364e+02   1.3372e+02   1.3384e+02   1.3345e+02   1.3454e+02   1.3582e+02
  -6.4998e+01  -6.4914e+01  -6.5029e+01  -6.4644e+01  -6.3558e+01  -6.2275e+01

 Columns 319 through 324:

   1.3198e+02   1.3101e+02   1.2912e+02   1.2979e+02   1.3152e+02   1.2918e+02
   1.4800e+02   1.4703e+02   1.4514e+02   1.4447e+02   1.4620e+02   1.4854e+02
   2.1963e+02   2.1867e+02   2.1677e+02   2.1610e+02   2.1784e+02   2.1549e+02
   6.2043e+01   6.1078e+01   5.9185e+01   5.8515e+01   6.0248e+01   6.2589e+01
   1.7835e+02   1.7739e+02   1.7928e+02   1.7861e+02   1.7688e+02   1.7454e+02
   2.8099e+01   2.9064e+01   2.7171e+01   2.7841e+01   2.9574e+01   3.1914e+01
   1.6576e+02   1.6672e+02   1.6862e+02   1.6929e+02   1.6755e+02   1.6521e+02
  -1.2409e+01  -1.1443e+01  -9.5504e+00  -8.8804e+00  -1.0613e+01  -1.2954e+01
   1.3773e+02   1.3869e+02   1.4059e+02   1.4126e+02   1.3953e+02   1.4187e+02
  -6.4183e+01  -6.3218e+01  -6.1325e+01  -6.1995e+01  -6.3727e+01  -6.1387e+01

 Columns 325 through 330:

   1.2991e+02   1.3061e+02   1.3255e+02   1.3361e+02   1.3655e+02   1.3696e+02
   1.4781e+02   1.4851e+02   1.4657e+02   1.4551e+02   1.4846e+02   1.4886e+02
   2.1477e+02   2.1407e+02   2.1601e+02   2.1707e+02   2.2001e+02   2.1961e+02
   6.1860e+01   6.2559e+01   6.0616e+01   5.9559e+01   6.2503e+01   6.2100e+01
   1.7527e+02   1.7457e+02   1.7651e+02   1.7757e+02   1.8051e+02   1.8092e+02
   3.2643e+01   3.1944e+01   3.0002e+01   3.1060e+01   2.8115e+01   2.7712e+01
   1.6594e+02   1.6524e+02   1.6719e+02   1.6613e+02   1.6318e+02   1.6359e+02
  -1.3683e+01  -1.2984e+01  -1.1041e+01  -1.2099e+01  -1.5043e+01  -1.4640e+01
   1.4114e+02   1.4184e+02   1.3989e+02   1.4095e+02   1.3801e+02   1.3760e+02
  -6.0658e+01  -6.1357e+01  -6.3299e+01  -6.4357e+01  -6.7301e+01  -6.7704e+01

 Columns 331 through 336:

   1.3939e+02   1.3842e+02   1.3838e+02   1.3949e+02   1.3953e+02   1.3936e+02
   1.5130e+02   1.5227e+02   1.5224e+02   1.5113e+02   1.5109e+02   1.5092e+02
   2.1717e+02   2.1619e+02   2.1623e+02   2.1734e+02   2.1738e+02   2.1721e+02
   5.9664e+01   5.8686e+01   5.8720e+01   5.7608e+01   5.7571e+01   5.7400e+01
   1.8335e+02   1.8433e+02   1.8430e+02   1.8318e+02   1.8315e+02   1.8298e+02
   3.0148e+01   3.1126e+01   3.1092e+01   3.2204e+01   3.2167e+01   3.2338e+01
   1.6115e+02   1.6017e+02   1.6021e+02   1.6132e+02   1.6136e+02   1.6153e+02
  -1.7076e+01  -1.8054e+01  -1.8088e+01  -1.9200e+01  -1.9164e+01  -1.8992e+01
   1.4004e+02   1.4102e+02   1.4105e+02   1.3994e+02   1.3998e+02   1.4015e+02
  -7.0140e+01  -6.9163e+01  -6.9128e+01  -6.8016e+01  -6.8053e+01  -6.7882e+01

 Columns 337 through 342:

   1.4062e+02   1.4163e+02   1.4151e+02   1.4173e+02   1.4218e+02   1.4047e+02
   1.5218e+02   1.5116e+02   1.5129e+02   1.5107e+02   1.5152e+02   1.4981e+02
   2.1846e+02   2.1745e+02   2.1733e+02   2.1755e+02   2.1709e+02   2.1538e+02
   5.6143e+01   5.7156e+01   5.7278e+01   5.7498e+01   5.7043e+01   5.8757e+01
   1.8423e+02   1.8525e+02   1.8537e+02   1.8559e+02   1.8513e+02   1.8342e+02
   3.1081e+01   3.0069e+01   2.9946e+01   2.9727e+01   3.0182e+01   2.8467e+01
   1.6027e+02   1.5926e+02   1.5914e+02   1.5892e+02   1.5937e+02   1.6109e+02
  -2.0249e+01  -1.9236e+01  -1.9359e+01  -1.9579e+01  -2.0033e+01  -1.8319e+01
   1.4140e+02   1.4242e+02   1.4254e+02   1.4232e+02   1.4187e+02   1.4358e+02
  -6.9139e+01  -7.0151e+01  -7.0028e+01  -6.9809e+01  -6.9354e+01  -6.7640e+01

 Columns 343 through 348:

   1.3871e+02   1.3931e+02   1.4097e+02   1.4029e+02   1.4046e+02   1.4278e+02
   1.4805e+02   1.4745e+02   1.4579e+02   1.4647e+02   1.4630e+02   1.4862e+02
   2.1362e+02   2.1422e+02   2.1588e+02   2.1520e+02   2.1537e+02   2.1770e+02
   5.7001e+01   5.6399e+01   5.4743e+01   5.5418e+01   5.5590e+01   5.3268e+01
   1.8166e+02   1.8106e+02   1.7940e+02   1.8008e+02   1.7991e+02   1.8223e+02
   3.0224e+01   3.0826e+01   3.2481e+01   3.3157e+01   3.2985e+01   3.0663e+01
   1.6284e+02   1.6344e+02   1.6510e+02   1.6443e+02   1.6460e+02   1.6227e+02
  -1.6562e+01  -1.7164e+01  -1.5508e+01  -1.6184e+01  -1.6355e+01  -1.4033e+01
   1.4534e+02   1.4594e+02   1.4428e+02   1.4361e+02   1.4378e+02   1.4146e+02
  -6.5883e+01  -6.6485e+01  -6.8140e+01  -6.7465e+01  -6.7636e+01  -6.9958e+01

 Columns 349 through 354:

   1.4480e+02   1.4412e+02   1.4738e+02   1.4764e+02   1.4860e+02   1.5239e+02
   1.5063e+02   1.4995e+02   1.4670e+02   1.4643e+02   1.4548e+02   1.4168e+02
   2.1568e+02   2.1500e+02   2.1174e+02   2.1148e+02   2.1243e+02   2.0864e+02
   5.1253e+01   5.0572e+01   5.3830e+01   5.4094e+01   5.3138e+01   5.6929e+01
   1.8021e+02   1.7953e+02   1.7628e+02   1.7654e+02   1.7750e+02   1.7370e+02
   3.2678e+01   3.3359e+01   3.0101e+01   3.0365e+01   2.9409e+01   2.5617e+01
   1.6429e+02   1.6497e+02   1.6171e+02   1.6145e+02   1.6240e+02   1.5861e+02
  -1.6048e+01  -1.5368e+01  -1.2110e+01  -1.2374e+01  -1.3330e+01  -9.5383e+00
   1.4347e+02   1.4415e+02   1.4741e+02   1.4715e+02   1.4619e+02   1.4998e+02
  -7.1974e+01  -7.1293e+01  -6.8035e+01  -6.7771e+01  -6.6815e+01  -6.3024e+01

 Columns 355 through 360:

   1.4915e+02   1.4950e+02   1.4877e+02   1.5074e+02   1.5020e+02   1.5109e+02
   1.4492e+02   1.4457e+02   1.4531e+02   1.4334e+02   1.4280e+02   1.4369e+02
   2.0541e+02   2.0575e+02   2.0648e+02   2.0451e+02   2.0397e+02   2.0487e+02
   5.3695e+01   5.4040e+01   5.3309e+01   5.5278e+01   5.5818e+01   5.6715e+01
   1.7047e+02   1.7012e+02   1.6939e+02   1.6742e+02   1.6688e+02   1.6599e+02
   2.8852e+01   2.8507e+01   2.9238e+01   3.1207e+01   3.1747e+01   3.0850e+01
   1.6185e+02   1.6219e+02   1.6146e+02   1.5949e+02   1.6003e+02   1.5914e+02
  -6.3037e+00  -5.9586e+00  -6.6897e+00  -4.7206e+00  -5.2609e+00  -6.1580e+00
   1.4675e+02   1.4640e+02   1.4713e+02   1.4910e+02   1.4964e+02   1.5054e+02
  -5.9789e+01  -6.0134e+01  -5.9403e+01  -6.1372e+01  -6.0832e+01  -6.1729e+01

data/rawdata/iteration_duration/p_10-ctlg_1e+06-ctlg_eps_0-ctlg_perm_1-alpha0_1-alpha_eps_0-lambda_10000-req_prop_0.28_0.28_0.28_0.04_0.02_0.02_0.02_0.02_0.02_0.02-R_perm_1-T_1e+01-K_1e+03-dspsa_orig-norm_no-coeff_adaptive-boost_1-tot_time_1-seed_1.mdat written

success
