ans = epochs are
ans =  360
1/360; 2/360; 3/360; 4/360; 5/360; 6/360; 7/360; 8/360; 9/360; 10/360; 11/360; 12/360; 13/360; 14/360; 15/360; 16/360; 17/360; 18/360; 19/360; 20/360; 21/360; 22/360; 23/360; 24/360; 25/360; 26/360; 27/360; 28/360; 29/360; 30/360; 31/360; 32/360; 33/360; 34/360; 35/360; 36/360; 37/360; 38/360; 39/360; 40/360; 41/360; 42/360; 43/360; 44/360; 45/360; 46/360; 47/360; 48/360; 49/360; 50/360; 51/360; 52/360; 53/360; 54/360; 55/360; 56/360; 57/360; 58/360; 59/360; 60/360; 61/360; 62/360; 63/360; 64/360; 65/360; 66/360; 67/360; 68/360; 69/360; 70/360; 71/360; 72/360; 73/360; 74/360; 75/360; 76/360; 77/360; 78/360; 79/360; 80/360; 81/360; 82/360; 83/360; 84/360; 85/360; 86/360; 87/360; 88/360; 89/360; 90/360; 91/360; 92/360; 93/360; 94/360; 95/360; 96/360; 97/360; 98/360; 99/360; 100/360; 101/360; 102/360; 103/360; 104/360; 105/360; 106/360; 107/360; 108/360; 109/360; 110/360; 111/360; 112/360; 113/360; 114/360; 115/360; 116/360; 117/360; 118/360; 119/360; 120/360; 121/360; 122/360; 123/360; 124/360; 125/360; 126/360; 127/360; 128/360; 129/360; 130/360; 131/360; 132/360; 133/360; 134/360; 135/360; 136/360; 137/360; 138/360; 139/360; 140/360; 141/360; 142/360; 143/360; 144/360; 145/360; 146/360; 147/360; 148/360; 149/360; 150/360; 151/360; 152/360; 153/360; 154/360; 155/360; 156/360; 157/360; 158/360; 159/360; 160/360; 161/360; 162/360; 163/360; 164/360; 165/360; 166/360; 167/360; 168/360; 169/360; 170/360; 171/360; 172/360; 173/360; 174/360; 175/360; 176/360; 177/360; 178/360; 179/360; 180/360; 181/360; 182/360; 183/360; 184/360; 185/360; 186/360; 187/360; 188/360; 189/360; 190/360; 191/360; 192/360; 193/360; 194/360; 195/360; 196/360; 197/360; 198/360; 199/360; 200/360; 201/360; 202/360; 203/360; 204/360; 205/360; 206/360; 207/360; 208/360; 209/360; 210/360; 211/360; 212/360; 213/360; 214/360; 215/360; 216/360; 217/360; 218/360; 219/360; 220/360; 221/360; 222/360; 223/360; 224/360; 225/360; 226/360; 227/360; 228/360; 229/360; 230/360; 231/360; 232/360; 233/360; 234/360; 235/360; 236/360; 237/360; 238/360; 239/360; 240/360; 241/360; 242/360; 243/360; 244/360; 245/360; 246/360; 247/360; 248/360; 249/360; 250/360; 251/360; 252/360; 253/360; 254/360; 255/360; 256/360; 257/360; 258/360; 259/360; 260/360; 261/360; 262/360; 263/360; 264/360; 265/360; 266/360; 267/360; 268/360; 269/360; 270/360; 271/360; 272/360; 273/360; 274/360; 275/360; 276/360; 277/360; 278/360; 279/360; 280/360; 281/360; 282/360; 283/360; 284/360; 285/360; 286/360; 287/360; 288/360; 289/360; 290/360; 291/360; 292/360; 293/360; 294/360; 295/360; 296/360; 297/360; 298/360; 299/360; 300/360; 301/360; 302/360; 303/360; 304/360; 305/360; 306/360; 307/360; 308/360; 309/360; 310/360; 311/360; 312/360; 313/360; 314/360; 315/360; 316/360; 317/360; 318/360; 319/360; 320/360; 321/360; 322/360; 323/360; 324/360; 325/360; 326/360; 327/360; 328/360; 329/360; 330/360; 331/360; 332/360; 333/360; 334/360; 335/360; 336/360; 337/360; 338/360; 339/360; 340/360; 341/360; 342/360; 343/360; 344/360; 345/360; 346/360; 347/360; 348/360; 349/360; 350/360; 351/360; 352/360; 353/360; 354/360; 355/360; 356/360; 357/360; 358/360; 359/360; 360/360; hist_theta =

 Columns 1 through 8:

   102.811   106.592   110.608   112.979   116.032   119.294   122.404   125.371
   103.728   106.446   110.067   114.300   116.605   119.743   122.563   124.739
   103.552   108.277   112.042   115.399   118.678   121.064   123.879   127.312
    98.607    97.304    95.696    94.670    93.892    93.222    92.290    91.207
    97.855    96.177    94.518    92.979    91.725    90.263    89.104    87.633
    97.905    96.251    94.441    93.154    91.847    90.447    88.941    87.658
    97.746    96.341    94.976    93.555    92.288    90.928    89.622    88.476
    97.381    95.494    93.938    92.271    90.816    89.484    88.180    86.990
    97.815    96.349    94.569    93.231    92.115    90.726    89.494    88.165
    97.601    95.768    94.147    92.462    91.002    89.830    88.525    87.449

 Columns 9 through 16:

   127.537   130.079   132.919   135.271   137.807   139.989   143.112   144.849
   126.721   129.270   131.359   133.860   136.961   138.950   141.281   143.468
   129.924   132.104   135.136   138.027   139.719   142.316   143.292   145.818
    90.640    89.860    89.323    88.323    87.565    86.966    86.376    86.078
    86.811    85.908    84.656    83.664    82.729    81.641    80.980    80.007
    86.317    85.441    84.310    83.253    82.014    80.925    79.599    78.483
    87.598    86.299    85.221    83.892    82.821    81.661    80.859    79.866
    86.111    84.988    83.367    82.416    81.318    80.324    79.302    78.314
    87.236    86.224    85.171    84.209    83.056    82.017    80.840    79.792
    86.105    84.827    83.539    82.085    81.010    80.210    79.359    78.325

 Columns 17 through 24:

   146.712   148.042   149.660   151.755   153.834   155.800   157.164   158.555
   145.385   147.475   149.664   151.315   153.424   155.753   157.792   159.822
   148.070   150.654   153.114   154.787   156.679   158.654   160.978   162.814
    85.227    84.755    84.046    83.393    82.675    81.914    81.086    80.942
    79.024    77.939    76.782    76.040    75.085    74.072    73.316    72.406
    77.431    76.554    75.777    75.046    74.011    73.042    72.428    71.453
    79.106    78.417    77.661    76.927    76.005    75.030    74.046    73.242
    77.447    76.580    75.677    74.953    74.169    73.547    72.909    72.324
    79.064    78.099    77.057    76.155    75.218    74.184    73.112    72.077
    77.535    76.486    75.564    74.629    73.900    73.005    72.169    71.363

 Columns 25 through 32:

   160.592   162.282   163.374   165.150   165.866   167.536   168.679   170.265
   161.096   162.746   164.585   165.932   167.558   169.320   170.318   171.776
   164.294   166.133   167.914   169.148   171.307   172.145   174.040   175.774
    80.454    80.071    79.950    79.721    79.639    79.225    78.975    78.752
    71.753    70.998    70.254    69.825    69.062    68.270    67.654    66.973
    70.894    69.915    69.279    68.550    67.736    67.135    66.367    65.622
    72.491    71.723    71.072    70.527    69.888    69.383    68.896    67.864
    71.387    70.490    69.444    68.728    68.002    67.397    66.876    66.191
    71.206    70.551    69.793    68.785    68.059    67.335    66.667    65.900
    70.833    70.091    69.335    68.635    67.885    67.254    66.528    65.882

 Columns 33 through 40:

   172.088   174.479   175.964   176.690   177.425   179.560   180.738   182.467
   173.113   174.617   175.888   177.474   179.040   180.074   181.659   183.591
   176.868   178.098   179.610   180.843   182.146   182.548   184.068   184.479
    78.329    77.964    77.693    77.414    77.232    77.173    77.021    76.672
    66.354    65.491    64.878    64.296    63.595    63.093    62.212    61.649
    65.129    64.660    64.032    63.368    62.777    62.081    61.373    60.796
    67.347    66.606    65.694    65.266    64.897    64.238    63.582    63.022
    65.387    64.448    63.674    63.315    62.783    62.161    61.388    60.655
    65.099    64.213    63.667    62.985    62.308    61.862    61.242    60.717
    65.285    64.425    63.901    63.348    62.797    62.210    61.717    60.953

 Columns 41 through 48:

   183.896   185.257   186.831   187.476   188.731   190.170   191.529   192.136
   185.212   186.635   187.729   188.751   189.896   191.113   191.646   193.878
   185.899   187.636   189.117   190.224   191.174   191.953   193.131   193.538
    76.197    75.862    75.377    75.365    75.078    75.026    75.098    74.924
    61.017    60.526    59.963    59.527    59.109    58.444    58.095    57.642
    60.239    59.338    58.848    58.300    57.868    57.187    56.631    56.019
    62.353    61.688    61.002    60.628    60.027    59.517    58.992    58.557
    60.113    59.562    58.965    58.624    58.011    57.690    56.986    56.427
    60.026    59.291    58.677    58.138    57.709    57.076    56.586    56.056
    60.047    59.205    58.490    57.967    57.396    56.824    56.306    55.823

 Columns 49 through 56:

   193.393   194.172   195.882   196.914   197.396   198.599   198.973   200.255
   194.844   195.935   196.787   197.443   198.732   199.642   200.702   201.791
   194.723   195.945   196.585   196.894   197.835   198.892   199.965   200.395
    74.846    74.602    74.066    73.952    74.013    73.895    73.651    73.645
    57.231    56.690    56.271    56.098    55.539    54.889    54.629    54.119
    55.482    54.743    54.161    53.795    53.253    52.710    52.343    51.873
    57.996    57.416    57.084    56.777    56.184    55.785    55.303    54.928
    55.600    55.220    54.911    54.439    54.188    53.611    53.270    52.714
    55.657    55.365    54.826    54.633    54.135    53.699    53.379    52.910
    55.227    54.913    54.427    54.054    53.725    53.278    52.786    52.370

 Columns 57 through 64:

   201.096   201.910   203.101   203.663   204.283   205.309   206.270   207.272
   202.905   203.888   204.522   205.192   205.691   206.853   207.560   208.208
   200.606   201.193   202.879   204.639   205.873   206.898   207.946   208.670
    73.652    73.329    72.912    72.668    72.889    72.663    72.486    72.309
    53.932    53.487    52.954    52.489    52.143    51.652    51.243    50.988
    51.568    51.259    50.752    50.433    50.079    49.584    49.275    48.901
    54.417    53.973    53.605    53.219    52.739    52.065    51.702    51.336
    52.326    52.135    51.614    51.068    50.490    50.285    49.917    49.519
    52.499    52.244    51.670    51.059    50.812    50.093    49.476    49.048
    51.999    51.581    50.992    50.570    50.002    49.599    49.124    48.748

 Columns 65 through 72:

   208.363   208.938   210.183   210.775   211.725   212.587   213.005   213.652
   208.778   209.928   211.360   212.010   212.737   213.828   214.757   215.520
   209.032   210.132   210.869   212.205   213.433   213.852   214.385   215.441
    72.065    71.679    71.662    71.271    70.906    70.817    70.512    70.261
    50.783    50.390    49.975    49.481    48.927    48.312    48.028    47.631
    48.743    48.268    47.617    47.344    46.815    46.625    46.324    45.962
    50.967    50.483    50.025    49.580    48.997    48.471    48.205    47.753
    49.284    48.711    47.952    47.542    47.363    47.222    46.861    46.483
    48.682    48.332    47.634    47.377    46.902    46.616    46.448    46.090
    48.302    48.139    47.722    47.414    47.194    46.669    46.477    46.207

 Columns 73 through 80:

   214.401   215.345   215.945   216.073   217.058   217.551   217.878   218.757
   216.279   217.220   218.225   218.698   219.465   220.899   221.400   221.868
   216.399   217.114   217.719   218.885   219.830   220.990   221.305   222.048
    69.937    70.046    69.668    69.663    69.481    69.207    69.242    68.962
    47.265    46.823    46.664    46.220    45.832    45.270    45.076    44.640
    45.580    45.221    44.918    44.532    44.144    43.759    43.661    43.456
    47.358    46.803    46.515    46.119    45.689    45.282    45.057    44.738
    46.085    45.553    45.161    44.950    44.606    44.246    43.885    43.547
    45.797    45.368    44.943    44.833    44.481    44.023    43.838    43.654
    45.899    45.507    45.240    45.026    44.413    43.772    43.658    43.329

 Columns 81 through 88:

   219.673   220.566   221.436   221.849   222.581   223.053   223.791   224.873
   222.614   223.252   224.255   225.168   225.808   226.854   227.127   227.116
   222.407   223.577   223.762   224.577   225.814   226.654   227.443   228.177
    68.871    68.622    68.316    68.066    67.735    67.386    67.431    67.225
    44.327    43.650    43.197    42.877    42.691    42.433    42.089    41.843
    43.048    42.585    42.278    41.974    41.485    41.035    40.722    40.495
    44.380    43.981    43.713    43.355    42.892    42.489    42.034    41.706
    43.409    43.138    42.908    42.758    42.272    42.097    41.764    41.438
    43.381    42.906    42.754    42.446    42.102    41.805    41.662    41.250
    42.890    42.722    42.381    41.929    41.621    41.195    40.937    40.876

 Columns 89 through 96:

   225.859   226.767   227.313   227.655   228.596   228.683   229.803   230.156
   227.983   228.681   229.532   230.360   231.013   231.958   232.276   233.473
   228.475   229.022   229.402   230.190   230.500   231.234   231.583   231.950
    67.078    66.938    66.534    66.301    66.151    65.950    65.818    65.686
    41.616    41.211    40.997    40.645    40.160    39.887    39.562    39.237
    40.131    39.936    39.550    39.170    38.774    38.575    38.166    37.839
    41.423    40.993    40.888    40.564    40.258    39.896    39.630    39.316
    40.994    40.782    40.627    40.401    40.094    39.798    39.681    39.558
    40.980    40.612    40.283    40.167    40.077    39.782    39.488    39.152
    40.461    40.057    39.875    39.547    39.376    39.235    38.993    38.632

 Columns 97 through 104:

   230.773   231.612   232.253   233.130   233.572   233.685   234.527   235.073
   234.034   234.666   235.944   236.224   237.100   238.319   239.298   239.899
   232.279   232.231   232.432   232.859   233.621   233.703   233.997   234.538
    65.517    65.391    65.124    64.857    64.692    64.679    64.389    64.167
    38.937    38.852    38.529    38.299    38.019    37.742    37.429    37.212
    37.597    37.514    37.328    37.175    36.946    36.715    36.423    36.258
    39.106    38.817    38.475    38.109    37.851    37.711    37.362    37.194
    39.374    39.228    38.814    38.418    38.032    37.967    37.680    37.402
    38.914    38.512    38.134    38.154    37.769    37.484    37.160    36.850
    38.468    38.178    37.967    37.775    37.398    36.995    36.735    36.406

 Columns 105 through 112:

   235.718   236.302   236.496   237.160   236.905   237.530   237.669   237.874
   239.851   240.285   240.965   241.108   240.983   241.510   241.760   242.305
   235.426   236.218   236.340   237.208   238.375   238.826   239.386   239.819
    63.979    63.802    63.911    63.552    63.521    63.306    63.072    62.937
    37.004    36.837    36.537    36.351    36.395    36.145    36.125    36.040
    36.072    35.675    35.565    35.404    35.273    35.125    35.168    34.851
    36.906    36.612    36.396    36.076    35.888    35.672    35.339    35.098
    37.306    37.025    36.748    36.525    36.477    36.177    35.998    35.827
    36.652    36.493    36.357    36.111    35.932    35.770    35.633    35.537
    36.086    35.752    35.686    35.505    35.252    34.938    34.849    34.712

 Columns 113 through 120:

   238.314   238.711   239.370   239.572   239.937   240.732   241.295   241.828
   243.058   243.626   244.444   244.681   245.299   245.655   245.778   246.111
   240.175   240.354   240.863   241.436   241.279   241.952   242.265   243.008
    62.730    62.606    62.179    61.908    61.904    61.853    61.660    61.498
    35.960    35.848    35.482    35.386    35.269    34.914    34.931    34.535
    34.730    34.544    34.276    34.059    33.923    33.690    33.576    33.226
    34.778    34.578    34.281    34.249    34.068    33.766    33.455    33.296
    35.562    35.435    35.362    35.167    35.082    34.760    34.555    34.465
    35.267    35.045    34.825    34.733    34.470    34.291    34.145    33.905
    34.427    34.253    33.917    33.809    33.768    33.386    33.340    33.129

 Columns 121 through 128:

   242.190   242.044   242.498   242.569   242.983   243.772   244.277   244.391
   246.995   247.290   248.212   248.935   249.451   249.740   250.299   250.744
   243.065   243.091   243.286   243.886   244.304   244.416   244.609   244.665
    61.338    61.420    61.333    61.065    61.095    60.934    60.642    60.690
    34.279    34.301    34.018    33.803    33.548    33.252    33.135    32.967
    33.052    33.003    32.836    32.483    32.270    32.067    31.970    31.899
    33.130    33.140    33.000    32.750    32.531    32.317    32.106    32.066
    34.206    34.203    33.871    33.758    33.482    33.323    33.057    32.973
    33.871    33.778    33.657    33.661    33.405    33.188    33.011    32.835
    32.875    32.730    32.290    32.091    31.932    31.991    31.893    31.770

 Columns 129 through 136:

   244.290   244.449   245.111   245.529   245.546   245.774   245.920   246.218
   251.603   251.886   252.683   252.651   252.628   252.993   253.451   253.721
   244.979   245.463   245.458   245.825   246.047   246.399   246.677   247.244
    60.501    60.653    60.446    60.301    60.236    60.253    60.131    60.006
    32.857    32.645    32.409    32.379    32.308    32.093    31.959    31.621
    31.771    31.735    31.483    31.377    31.375    31.184    31.108    30.983
    31.845    31.609    31.359    31.045    30.926    30.906    30.738    30.466
    32.895    32.650    32.453    32.387    32.358    32.123    32.026    31.973
    32.645    32.597    32.304    32.191    32.141    31.874    31.697    31.609
    31.614    31.312    31.294    31.315    31.435    31.401    31.293    31.157

 Columns 137 through 144:

   246.431   246.814   246.883   247.767   248.210   248.312   248.725   249.497
   253.766   253.899   254.520   255.125   254.952   254.958   255.627   255.527
   247.889   248.300   248.583   248.764   249.284   249.688   249.629   250.577
    59.923    59.755    59.508    59.379    59.286    59.211    59.072    58.995
    31.343    31.291    31.095    30.896    30.828    30.761    30.540    30.312
    30.915    30.731    30.752    30.512    30.410    30.349    30.164    29.767
    30.527    30.298    30.194    29.829    29.720    29.667    29.538    29.499
    31.911    31.713    31.538    31.235    31.121    30.949    30.881    30.616
    31.403    31.318    31.197    31.004    30.872    30.921    30.795    30.447
    30.892    30.881    30.731    30.489    30.316    30.184    30.028    29.762

 Columns 145 through 152:

   249.771   250.722   251.546   251.949   252.492   253.165   253.599   253.739
   256.292   256.190   256.399   256.756   257.141   257.283   257.568   258.019
   250.751   250.805   251.078   251.296   251.610   251.647   251.979   252.222
    58.792    58.560    58.435    58.257    58.091    58.171    57.905    57.823
    30.080    29.961    29.654    29.622    29.470    29.237    28.983    28.775
    29.559    29.402    29.289    29.078    28.919    28.739    28.594    28.400
    29.454    29.387    29.174    29.065    28.897    28.809    28.784    28.825
    30.600    30.469    30.252    29.983    29.829    29.640    29.513    29.507
    30.133    29.962    29.733    29.679    29.380    29.277    29.137    29.023
    29.568    29.543    29.440    29.314    29.171    29.033    28.938    28.667

 Columns 153 through 160:

   253.855   253.988   254.573   254.886   255.139   255.494   255.624   255.389
   258.527   258.974   259.114   259.528   259.774   260.089   260.086   260.649
   252.722   253.358   253.335   253.763   253.974   254.320   254.756   254.917
    57.516    57.330    57.226    57.019    56.888    56.815    56.618    56.517
    28.684    28.609    28.399    28.246    28.220    28.055    28.093    28.068
    28.162    28.002    27.900    27.812    27.806    27.633    27.613    27.581
    28.732    28.475    28.420    28.243    28.192    27.956    27.848    27.728
    29.311    29.121    29.114    28.899    28.657    28.592    28.363    28.290
    28.990    28.853    28.723    28.611    28.445    28.281    28.258    28.211
    28.503    28.291    28.196    27.994    27.905    27.765    27.741    27.650

 Columns 161 through 168:

   255.675   255.707   255.637   255.928   256.444   256.813   257.212   257.065
   260.905   261.263   261.423   261.520   261.824   262.353   262.487   262.336
   255.024   255.474   256.026   256.365   256.421   256.635   256.926   257.048
    56.413    56.250    56.142    56.071    55.866    55.653    55.348    55.259
    27.970    27.849    27.567    27.557    27.495    27.358    27.358    27.283
    27.583    27.570    27.498    27.482    27.368    27.153    26.989    27.002
    27.722    27.604    27.627    27.527    27.302    27.073    27.025    27.174
    28.185    28.003    27.964    27.799    27.696    27.553    27.507    27.529
    28.023    28.009    27.909    27.754    27.618    27.472    27.400    27.439
    27.500    27.274    27.207    26.996    26.966    26.938    26.747    26.866

 Columns 169 through 176:

   257.092   256.949   257.307   257.251   257.524   257.812   258.337   258.349
   262.351   262.702   262.719   263.338   263.429   263.538   263.385   263.881
   257.390   257.760   258.164   258.258   258.627   258.445   258.502   258.563
    55.229    55.162    54.853    54.773    54.611    54.403    54.436    54.324
    27.313    27.162    27.063    26.864    26.618    26.691    26.580    26.550
    26.900    26.820    26.661    26.581    26.464    26.416    26.461    26.392
    27.053    26.985    26.838    26.733    26.753    26.826    26.727    26.796
    27.498    27.339    27.211    27.142    27.125    27.049    26.923    26.831
    27.407    27.360    27.384    27.256    26.955    26.803    26.834    26.629
    26.766    26.761    26.799    26.804    26.894    27.017    26.814    26.685

 Columns 177 through 184:

   258.892   258.905   259.174   258.946   258.769   259.038   259.326   259.642
   264.072   264.148   264.605   265.183   265.113   265.410   265.774   265.638
   258.904   259.097   259.331   259.725   259.569   259.680   259.709   259.895
    53.984    53.955    53.782    53.598    53.736    53.525    53.483    53.444
    26.608    26.529    26.371    26.333    26.464    26.462    26.521    26.469
    26.202    26.272    26.052    26.016    25.971    25.888    25.756    25.751
    26.518    26.501    26.457    26.309    26.391    26.458    26.354    26.253
    26.718    26.736    26.691    26.738    26.684    26.684    26.356    26.312
    26.486    26.307    26.187    26.073    26.156    25.925    25.736    25.645
    26.615    26.549    26.350    26.079    26.146    25.928    25.985    25.951

 Columns 185 through 192:

   259.624   259.628   259.935   260.091   260.047   260.518   260.644   260.875
   265.799   265.888   266.310   266.459   266.674   266.557   266.841   266.798
   260.079   260.652   260.723   260.999   261.173   261.457   261.813   262.120
    53.423    53.321    53.199    53.149    53.006    53.118    52.997    52.905
    26.456    26.384    26.261    26.171    26.075    25.950    25.930    25.919
    25.763    25.591    25.595    25.505    25.539    25.443    25.305    25.305
    26.210    26.022    25.782    25.786    25.741    25.693    25.555    25.469
    26.234    26.056    25.910    25.747    25.723    25.465    25.348    25.232
    25.534    25.512    25.327    25.275    25.290    25.232    25.106    24.984
    25.875    25.946    25.958    25.816    25.729    25.567    25.460    25.391

 Columns 193 through 200:

   260.802   260.829   260.991   261.127   261.450   261.780   261.600   262.140
   267.354   267.768   268.212   268.409   268.900   269.110   269.310   269.382
   262.238   262.124   262.160   262.483   262.890   262.886   263.089   263.373
    52.670    52.388    52.382    52.156    51.961    51.841    51.840    51.796
    25.812    25.721    25.490    25.390    25.246    25.145    25.048    24.814
    25.233    25.215    25.034    24.974    24.736    24.644    24.541    24.474
    25.501    25.590    25.567    25.596    25.265    25.107    25.139    25.013
    25.115    25.175    25.066    24.962    24.970    24.872    24.888    24.757
    24.921    24.899    24.891    24.795    24.569    24.561    24.480    24.438
    25.352    25.292    25.207    25.109    25.012    25.055    25.066    24.812

 Columns 201 through 208:

   262.254   262.169   262.483   262.714   262.973   263.164   263.156   263.494
   269.361   269.419   269.478   269.528   269.410   269.796   270.248   270.353
   263.628   263.744   263.622   263.595   263.582   263.336   263.431   263.730
    51.706    51.686    51.557    51.570    51.423    51.341    51.165    51.122
    24.847    24.930    24.817    24.692    24.648    24.515    24.453    24.419
    24.437    24.428    24.364    24.396    24.445    24.476    24.274    24.092
    24.958    24.878    24.886    24.745    24.670    24.598    24.628    24.494
    24.744    24.858    24.924    24.805    24.924    24.925    24.911    24.718
    24.394    24.397    24.296    24.361    24.364    24.341    24.256    24.225
    24.670    24.491    24.574    24.594    24.559    24.508    24.477    24.353

 Columns 209 through 216:

   263.973   263.953   264.421   264.545   264.626   264.577   264.502   264.433
   270.597   271.108   271.293   271.637   271.768   271.994   272.170   272.414
   263.972   263.868   263.646   264.078   264.210   264.121   263.980   264.514
    50.910    50.849    50.784    50.571    50.498    50.476    50.478    50.359
    24.247    24.137    24.122    24.073    24.051    24.023    24.007    23.923
    23.920    23.870    23.829    23.743    23.588    23.649    23.608    23.532
    24.358    24.216    24.206    24.144    24.158    24.120    24.049    23.914
    24.753    24.704    24.511    24.266    24.356    24.279    24.319    24.128
    24.078    24.085    24.078    23.915    23.792    23.933    23.930    23.833
    24.192    24.210    24.111    24.029    23.952    23.830    23.955    23.950

 Columns 217 through 224:

   264.674   264.734   265.170   265.558   265.686   265.776   266.133   266.146
   272.109   272.060   272.234   272.542   272.532   272.938   273.245   273.291
   264.907   264.817   265.152   265.496   265.617   265.606   265.797   265.877
    50.257    50.230    50.107    49.925    49.887    49.800    49.781    49.756
    23.903    23.789    23.757    23.628    23.674    23.593    23.607    23.649
    23.529    23.527    23.351    23.154    23.119    23.040    22.831    22.885
    23.877    24.008    23.829    23.663    23.747    23.757    23.566    23.592
    24.097    24.159    23.896    23.766    23.645    23.554    23.286    23.269
    23.767    23.760    23.706    23.539    23.446    23.348    23.194    23.116
    23.881    23.917    23.797    23.728    23.647    23.589    23.560    23.418

 Columns 225 through 232:

   266.054   265.992   265.810   265.605   265.546   265.842   266.007   266.234
   273.372   273.579   273.660   274.097   274.042   274.182   274.410   274.263
   266.200   266.447   266.997   266.773   266.957   267.219   267.587   267.856
    49.710    49.623    49.426    49.544    49.463    49.334    49.198    49.017
    23.527    23.491    23.350    23.310    23.235    23.129    23.033    23.056
    22.889    22.726    22.725    22.721    22.801    22.655    22.519    22.475
    23.589    23.366    23.240    23.219    23.137    23.086    23.042    23.049
    23.156    23.139    23.239    23.198    23.242    23.154    23.013    23.028
    23.109    23.243    23.224    23.212    23.298    23.195    23.027    22.922
    23.395    23.394    23.330    23.322    23.278    23.204    23.163    23.100

 Columns 233 through 240:

   266.655   266.827   266.674   266.917   267.195   267.048   266.885   267.032
   273.923   273.998   274.173   274.245   274.195   274.312   274.615   274.874
   267.839   267.868   268.136   268.150   268.053   268.386   268.310   268.079
    48.933    48.868    48.820    48.662    48.597    48.501    48.530    48.365
    23.161    23.199    23.238    23.159    23.045    22.968    23.098    23.148
    22.478    22.399    22.391    22.462    22.424    22.421    22.338    22.348
    22.995    22.972    22.815    22.771    22.792    22.731    22.768    22.801
    23.047    22.870    22.807    22.760    22.684    22.675    22.655    22.567
    22.890    22.994    22.998    22.999    23.067    23.021    22.943    22.976
    23.081    23.005    22.947    22.873    22.947    22.936    22.858    22.811

 Columns 241 through 248:

   267.134   267.313   267.565   267.697   268.331   268.358   268.672   268.750
   274.884   275.170   275.456   275.448   275.869   275.796   275.734   275.922
   268.323   268.405   268.169   268.339   268.290   268.602   268.711   268.738
    48.285    48.174    48.100    48.023    47.908    48.040    48.093    47.887
    23.177    23.114    23.117    23.087    22.830    22.865    22.735    22.632
    22.310    22.232    22.207    22.234    22.045    21.948    21.959    21.934
    22.660    22.641    22.497    22.372    22.373    22.271    22.305    22.203
    22.559    22.478    22.554    22.572    22.455    22.396    22.193    22.247
    22.840    22.754    22.652    22.596    22.421    22.423    22.348    22.406
    22.827    22.720    22.683    22.633    22.476    22.302    22.249    22.281

 Columns 249 through 256:

   268.742   268.551   268.846   269.076   268.950   269.089   269.155   269.251
   275.892   275.698   276.223   276.409   276.564   276.781   276.722   276.639
   268.657   268.844   268.535   268.397   268.745   268.627   268.878   269.031
    47.864    47.928    47.767    47.643    47.698    47.547    47.279    47.206
    22.686    22.630    22.508    22.555    22.498    22.449    22.372    22.348
    21.940    22.054    22.047    22.088    21.956    21.959    22.027    22.101
    22.279    22.339    22.311    22.224    22.127    22.071    22.049    22.013
    22.248    22.173    22.077    21.912    21.832    21.856    21.824    21.740
    22.412    22.437    22.362    22.378    22.322    22.308    22.259    22.281
    22.280    22.346    22.325    22.319    22.308    22.312    22.436    22.390

 Columns 257 through 264:

   269.385   269.802   269.746   269.494   269.782   269.792   270.015   270.075
   276.648   276.647   276.751   276.888   276.891   276.911   276.833   277.065
   269.127   269.427   269.079   268.953   268.885   268.663   268.825   269.007
    47.131    46.958    46.901    46.911    46.918    47.060    46.924    46.816
    22.389    22.174    22.269    22.289    22.421    22.431    22.378    22.243
    22.032    22.079    22.139    22.075    21.946    21.970    22.031    21.927
    21.896    21.803    21.904    22.086    22.021    22.048    21.988    21.955
    21.774    21.684    21.782    21.756    21.734    21.700    21.639    21.663
    22.178    22.040    22.115    22.147    22.072    22.048    21.969    21.948
    22.440    22.385    22.314    22.403    22.329    22.377    22.398    22.300

 Columns 265 through 272:

   270.266   270.272   270.560   270.632   270.810   270.929   271.245   271.450
   277.228   277.302   277.340   277.264   277.479   277.128   277.289   277.252
   269.114   269.334   269.364   269.357   269.577   269.637   269.647   269.815
    46.669    46.734    46.683    46.682    46.660    46.593    46.462    46.416
    22.136    22.008    21.857    21.699    21.700    21.787    21.749    21.656
    21.995    21.969    22.005    21.927    21.822    21.826    21.762    21.840
    21.887    21.880    21.804    21.846    21.767    21.765    21.745    21.656
    21.611    21.627    21.484    21.644    21.463    21.527    21.411    21.364
    21.866    21.788    21.766    21.785    21.715    21.687    21.697    21.613
    22.226    22.085    22.138    22.163    22.007    22.122    21.994    21.938

 Columns 273 through 280:

   271.239   271.321   271.204   270.992   270.763   270.569   270.474   270.594
   277.443   277.556   277.763   277.956   277.895   277.615   277.518   277.514
   270.380   270.498   270.326   270.313   270.272   270.565   270.666   270.674
    46.209    46.145    46.223    46.259    46.343    46.341    46.336    46.306
    21.492    21.384    21.373    21.349    21.443    21.528    21.478    21.475
    21.837    21.865    21.850    22.003    22.017    22.092    22.200    22.181
    21.584    21.467    21.489    21.435    21.494    21.590    21.586    21.571
    21.403    21.415    21.398    21.340    21.341    21.246    21.298    21.228
    21.486    21.533    21.512    21.422    21.498    21.484    21.530    21.562
    21.928    21.814    21.861    21.931    21.934    21.971    21.914    21.897

 Columns 281 through 288:

   270.707   271.075   270.931   270.847   270.829   270.859   270.866   270.905
   277.576   277.418   277.545   277.668   277.633   277.513   277.424   277.222
   270.753   271.064   271.102   271.045   270.961   271.071   271.538   271.599
    46.279    46.193    46.125    46.068    45.970    45.951    45.855    45.886
    21.438    21.261    21.173    21.211    21.271    21.346    21.221    21.285
    22.166    22.048    22.002    21.994    22.042    22.062    21.915    21.887
    21.483    21.352    21.392    21.353    21.371    21.307    21.185    21.197
    21.201    21.217    21.234    21.235    21.264    21.198    21.185    21.290
    21.451    21.482    21.596    21.674    21.694    21.641    21.759    21.719
    21.945    21.889    21.900    21.905    21.964    22.052    22.052    22.011

 Columns 289 through 296:

   271.275   271.511   271.634   271.543   271.578   271.826   271.983   271.981
   277.054   276.903   276.624   276.822   276.959   276.906   277.051   277.135
   271.292   271.400   271.589   271.938   272.223   272.602   273.161   272.909
    45.837    45.675    45.614    45.467    45.367    45.235    45.137    45.214
    21.350    21.319    21.299    21.092    21.075    21.036    20.858    20.980
    21.838    21.815    21.787    21.725    21.653    21.659    21.602    21.610
    21.227    21.141    21.185    21.120    21.015    21.029    20.837    20.879
    21.236    21.187    21.292    21.333    21.310    21.129    21.015    20.936
    21.780    21.852    21.892    21.906    21.856    21.788    21.633    21.611
    22.112    22.196    22.085    22.054    21.964    21.790    21.722    21.744

 Columns 297 through 304:

   271.857   271.604   271.655   271.735   271.762   271.617   271.658   271.800
   277.378   277.431   277.308   277.185   277.034   277.299   277.332   277.159
   272.994   273.408   273.382   273.361   273.376   273.297   273.384   273.521
    45.338    45.220    45.233    45.303    45.302    45.340    45.327    45.237
    20.884    20.941    20.905    20.797    20.851    20.779    20.846    20.879
    21.427    21.311    21.283    21.361    21.324    21.340    21.338    21.363
    20.887    20.899    20.994    21.183    21.200    21.190    21.099    21.083
    20.916    21.013    21.055    20.973    20.921    20.946    21.023    21.028
    21.610    21.571    21.609    21.546    21.632    21.635    21.494    21.534
    21.708    21.602    21.577    21.558    21.597    21.559    21.499    21.397

 Columns 305 through 312:

   271.546   271.383   271.563   271.687   271.949   272.036   271.900   272.025
   277.150   277.471   277.587   277.733   277.653   277.453   277.233   277.555
   273.707   273.565   273.735   274.004   273.924   274.013   274.220   274.190
    45.274    45.398    45.281    45.150    45.155    45.033    44.997    44.862
    20.981    20.955    21.002    21.004    21.043    21.035    21.094    21.053
    21.389    21.424    21.396    21.391    21.374    21.462    21.534    21.398
    21.048    20.990    20.925    20.791    20.710    20.795    20.849    20.842
    20.964    20.950    20.797    20.695    20.636    20.726    20.781    20.878
    21.572    21.588    21.459    21.384    21.486    21.393    21.369    21.267
    21.369    21.276    21.254    21.160    21.071    21.055    21.024    20.929

 Columns 313 through 320:

   272.181   271.919   271.839   271.757   271.588   271.747   271.919   272.087
   277.636   277.785   277.820   277.913   277.999   277.957   278.224   278.236
   273.866   274.240   274.566   274.654   274.938   275.028   275.235   275.491
    44.830    44.681    44.623    44.476    44.509    44.454    44.318    44.197
    21.048    20.974    20.924    20.874    20.880    20.779    20.782    20.749
    21.432    21.465    21.426    21.454    21.379    21.349    21.227    21.198
    20.834    20.668    20.595    20.627    20.635    20.621    20.511    20.479
    20.929    20.989    21.007    21.112    21.094    21.033    20.946    20.907
    21.266    21.261    21.200    21.227    21.218    21.265    21.114    21.037
    20.978    21.019    21.000    20.907    20.758    20.767    20.724    20.619

 Columns 321 through 328:

   272.175   272.008   271.801   271.567   271.591   271.297   271.784   272.114
   278.188   278.116   277.980   278.594   278.438   278.622   278.712   278.422
   275.575   275.747   276.016   275.802   276.145   276.015   275.758   275.535
    44.153    44.055    44.077    43.851    43.715    43.816    43.669    43.705
    20.719    20.734    20.675    20.732    20.708    20.812    20.732    20.687
    21.081    21.103    21.087    21.044    20.968    20.987    20.930    20.933
    20.594    20.586    20.671    20.763    20.773    20.759    20.780    20.787
    20.815    20.865    20.809    20.819    20.835    20.799    20.768    20.847
    21.100    21.200    21.308    21.260    21.267    21.253    21.205    21.224
    20.601    20.587    20.576    20.568    20.562    20.641    20.661    20.746

 Columns 329 through 336:

   272.181   272.382   272.489   272.435   272.393   272.547   272.685   272.858
   278.274   278.329   278.139   278.223   278.197   278.124   278.314   278.199
   275.713   275.338   275.680   275.517   275.691   275.718   275.635   275.761
    43.730    43.699    43.513    43.634    43.552    43.607    43.426    43.334
    20.686    20.720    20.781    20.836    20.856    20.843    20.953    20.963
    20.970    20.980    21.011    20.976    20.934    20.958    20.884    20.801
    20.692    20.642    20.646    20.707    20.698    20.637    20.586    20.600
    20.759    20.838    20.821    20.832    20.785    20.773    20.701    20.654
    21.218    21.255    21.163    21.034    21.078    21.027    20.965    20.979
    20.777    20.816    20.756    20.806    20.817    20.766    20.851    20.853

 Columns 337 through 344:

   272.962   273.023   273.000   272.661   272.902   272.909   272.819   272.599
   278.214   277.887   278.089   278.410   278.450   277.911   277.893   277.810
   275.990   276.143   276.406   276.506   276.724   276.870   276.749   276.731
    43.180    43.209    43.010    42.989    42.774    42.896    42.875    42.817
    20.982    21.013    20.899    20.931    20.809    20.899    20.997    21.171
    20.770    20.891    20.768    20.742    20.787    20.747    20.733    20.847
    20.545    20.632    20.612    20.584    20.524    20.620    20.600    20.630
    20.651    20.639    20.601    20.492    20.450    20.499    20.552    20.598
    20.895    20.894    20.936    20.998    20.962    21.023    21.048    21.045
    20.811    20.669    20.679    20.688    20.618    20.627    20.733    20.752

 Columns 345 through 352:

   272.491   272.395   272.410   272.489   272.725   272.606   272.745   273.135
   277.763   278.170   278.334   278.312   278.172   278.168   278.125   277.868
   276.703   277.073   277.179   277.083   276.938   277.040   277.206   277.183
    42.915    42.918    42.860    42.806    42.972    42.945    42.795    42.719
    21.163    20.989    20.976    21.095    21.088    21.035    21.078    21.004
    20.901    20.894    20.806    20.808    20.733    20.759    20.678    20.632
    20.621    20.435    20.419    20.494    20.504    20.620    20.703    20.775
    20.759    20.659    20.648    20.553    20.478    20.388    20.389    20.394
    20.926    20.882    20.810    20.800    20.801    20.837    20.749    20.833
    20.759    20.586    20.557    20.560    20.591    20.602    20.531    20.457

 Columns 353 through 360:

   272.997   273.081   273.278   273.278   273.423   273.478   273.634   273.934
   277.760   277.619   277.665   277.231   277.309   277.420   277.603   277.624
   277.355   277.362   277.268   277.500   277.685   277.480   277.463   277.596
    42.779    42.836    42.816    42.710    42.693    42.839    42.900    42.784
    21.021    21.093    21.049    21.127    20.998    20.924    20.862    20.827
    20.574    20.610    20.621    20.651    20.557    20.492    20.427    20.423
    20.726    20.741    20.732    20.859    20.904    21.004    20.879    20.733
    20.414    20.385    20.339    20.416    20.304    20.250    20.199    20.104
    20.862    20.865    20.867    20.872    20.701    20.688    20.687    20.617
    20.512    20.407    20.366    20.354    20.427    20.425    20.345    20.358

data/rawdata/iteration_duration/p_10-ctlg_1e+06-ctlg_eps_0-ctlg_perm_1-alpha0_1-alpha_eps_0-lambda_1e+08-req_prop_0.28_0.28_0.28_0.04_0.02_0.02_0.02_0.02_0.02_0.02-R_perm_1-T_1e+01-K_1e+03-opencache-norm_no-coeff_adaptive-boost_1-tot_time_1-seed_1.mdat written

success
