ans = epochs are
ans =  36
1/36; 2/36; 3/36; 4/36; 5/36; 6/36; 7/36; 8/36; 9/36; 10/36; 11/36; 12/36; 13/36; 14/36; 15/36; 16/36; 17/36; 18/36; 19/36; 20/36; 21/36; 22/36; 23/36; 24/36; 25/36; 26/36; 27/36; 28/36; 29/36; 30/36; 31/36; 32/36; 33/36; 34/36; 35/36; 36/36; hist_theta =

 Columns 1 through 8:

   106.103   104.271   102.124   103.380    97.068   104.712   100.978    99.722
   111.291   114.665   124.660   127.492   128.752   124.501   123.163   117.534
    86.428    85.512    93.367    81.135    80.328    73.569    81.262    81.162
   104.158   102.378    99.274   100.627    98.380   101.616   102.760   101.616
    92.376    94.191    94.527    91.555    94.743    95.293    93.183    92.342
    97.725    98.555    98.365    99.003   102.479   102.387   103.695   106.991
    99.849    98.216    94.297    96.868    96.904    95.207    93.217    95.282
    99.761   101.124    97.168   101.415   101.277   100.185    99.611    99.347
   101.318    99.618    96.453    97.382    97.930    96.394    98.456   100.587
    95.992    96.470    94.766    96.143    97.140   101.137    98.675   100.418

 Columns 9 through 16:

   106.809   107.900   108.512   114.852   117.843   128.798   129.278   134.580
   117.849   123.274   117.774   118.524   113.669   123.036   127.444   127.499
    76.824    71.736    80.787    80.774    80.957    84.981    85.836    83.557
   103.263   102.462   102.618   101.164   100.849    96.883    95.574    91.105
    92.716    92.372    94.732    94.052    91.639    88.584    87.612    86.909
   104.734   106.780   107.657   108.479   107.300   103.280   105.470   105.066
    94.131    93.830    92.727    90.552    93.632    88.652    88.660    90.183
    97.094    94.394    92.777    91.553    92.501    90.160    87.194    87.194
   100.223   101.561    96.196    95.887    98.310    94.841    92.497    94.168
   101.358   100.690   101.219    99.162    98.302    95.787    95.435    94.739

 Columns 17 through 24:

   133.733   138.954   136.893   130.960   133.912   133.481   135.764   137.216
   125.426   123.011   125.139   128.568   130.139   134.702   137.629   132.739
    83.281    88.652    87.183    90.039    86.352    94.750    90.447    92.141
    93.020    89.852    88.919    88.848    87.725    88.080    91.919    94.351
    87.592    87.055    88.725    89.866    91.407    90.587    88.214    89.629
   103.614   103.367   103.609   102.093   100.338    95.579    93.566    92.300
    89.961    90.706    90.814    93.130    94.111    93.215    91.604    90.194
    87.615    84.913    85.309    84.651    85.646    83.359    85.402    84.759
    95.072    93.937    94.625    91.155    89.790    85.958    86.091    86.505
    95.686    94.551    93.783    95.689    95.580    95.288    94.364    95.166

 Columns 25 through 32:

   134.271   134.106   133.762   128.777   125.273   125.713   130.033   129.331
   124.906   126.279   131.017   133.611   134.719   134.996   135.572   141.125
    93.455    86.046    84.927    85.483    89.329    85.113    84.280    82.640
    95.719    96.141    97.791   100.434    97.529    94.881    95.214    93.351
    91.232    90.505    92.392    94.113    94.742    95.516    96.652    96.653
    95.215    97.150    95.819    95.081    97.886    99.355    97.921    97.676
    92.451    93.369    93.266    92.766    92.323    93.045    92.068    92.600
    84.412    86.348    83.154    80.850    80.784    83.785    81.886    82.188
    86.554    86.327    84.001    84.502    82.997    82.791    82.296    81.413
    96.785    98.730    98.871    99.383    99.416    99.806    99.078    98.023

 Columns 33 through 36:

   125.040   126.760   132.114   133.082
   138.435   138.999   138.552   140.880
    83.675    87.081    83.601    82.276
    95.114    92.800    92.436    91.708
    96.155    96.071    96.482    95.713
    99.648    98.350    98.614    99.705
    91.752    90.674    91.492    91.917
    84.170    82.755    83.272    82.397
    82.707    82.513    80.464    80.014
    98.303    98.997    97.976    97.309

data/rawdata/iteration_duration/p_10-ctlg_1e+06-ctlg_eps_0-ctlg_perm_1-alpha0_1-alpha_eps_0-lambda_100-req_prop_0.28_0.28_0.28_0.04_0.02_0.02_0.02_0.02_0.02_0.02-R_perm_1-T_1e+02-K_1e+03-opencache-norm_no-coeff_adaptive-boost_1-tot_time_1-seed_1.mdat written

success
