ans = epochs are
ans =  360
1/360; 2/360; 3/360; 4/360; 5/360; 6/360; 7/360; 8/360; 9/360; 10/360; 11/360; 12/360; 13/360; 14/360; 15/360; 16/360; 17/360; 18/360; 19/360; 20/360; 21/360; 22/360; 23/360; 24/360; 25/360; 26/360; 27/360; 28/360; 29/360; 30/360; 31/360; 32/360; 33/360; 34/360; 35/360; 36/360; 37/360; 38/360; 39/360; 40/360; 41/360; 42/360; 43/360; 44/360; 45/360; 46/360; 47/360; 48/360; 49/360; 50/360; 51/360; 52/360; 53/360; 54/360; 55/360; 56/360; 57/360; 58/360; 59/360; 60/360; 61/360; 62/360; 63/360; 64/360; 65/360; 66/360; 67/360; 68/360; 69/360; 70/360; 71/360; 72/360; 73/360; 74/360; 75/360; 76/360; 77/360; 78/360; 79/360; 80/360; 81/360; 82/360; 83/360; 84/360; 85/360; 86/360; 87/360; 88/360; 89/360; 90/360; 91/360; 92/360; 93/360; 94/360; 95/360; 96/360; 97/360; 98/360; 99/360; 100/360; 101/360; 102/360; 103/360; 104/360; 105/360; 106/360; 107/360; 108/360; 109/360; 110/360; 111/360; 112/360; 113/360; 114/360; 115/360; 116/360; 117/360; 118/360; 119/360; 120/360; 121/360; 122/360; 123/360; 124/360; 125/360; 126/360; 127/360; 128/360; 129/360; 130/360; 131/360; 132/360; 133/360; 134/360; 135/360; 136/360; 137/360; 138/360; 139/360; 140/360; 141/360; 142/360; 143/360; 144/360; 145/360; 146/360; 147/360; 148/360; 149/360; 150/360; 151/360; 152/360; 153/360; 154/360; 155/360; 156/360; 157/360; 158/360; 159/360; 160/360; 161/360; 162/360; 163/360; 164/360; 165/360; 166/360; 167/360; 168/360; 169/360; 170/360; 171/360; 172/360; 173/360; 174/360; 175/360; 176/360; 177/360; 178/360; 179/360; 180/360; 181/360; 182/360; 183/360; 184/360; 185/360; 186/360; 187/360; 188/360; 189/360; 190/360; 191/360; 192/360; 193/360; 194/360; 195/360; 196/360; 197/360; 198/360; 199/360; 200/360; 201/360; 202/360; 203/360; 204/360; 205/360; 206/360; 207/360; 208/360; 209/360; 210/360; 211/360; 212/360; 213/360; 214/360; 215/360; 216/360; 217/360; 218/360; 219/360; 220/360; 221/360; 222/360; 223/360; 224/360; 225/360; 226/360; 227/360; 228/360; 229/360; 230/360; 231/360; 232/360; 233/360; 234/360; 235/360; 236/360; 237/360; 238/360; 239/360; 240/360; 241/360; 242/360; 243/360; 244/360; 245/360; 246/360; 247/360; 248/360; 249/360; 250/360; 251/360; 252/360; 253/360; 254/360; 255/360; 256/360; 257/360; 258/360; 259/360; 260/360; 261/360; 262/360; 263/360; 264/360; 265/360; 266/360; 267/360; 268/360; 269/360; 270/360; 271/360; 272/360; 273/360; 274/360; 275/360; 276/360; 277/360; 278/360; 279/360; 280/360; 281/360; 282/360; 283/360; 284/360; 285/360; 286/360; 287/360; 288/360; 289/360; 290/360; 291/360; 292/360; 293/360; 294/360; 295/360; 296/360; 297/360; 298/360; 299/360; 300/360; 301/360; 302/360; 303/360; 304/360; 305/360; 306/360; 307/360; 308/360; 309/360; 310/360; 311/360; 312/360; 313/360; 314/360; 315/360; 316/360; 317/360; 318/360; 319/360; 320/360; 321/360; 322/360; 323/360; 324/360; 325/360; 326/360; 327/360; 328/360; 329/360; 330/360; 331/360; 332/360; 333/360; 334/360; 335/360; 336/360; 337/360; 338/360; 339/360; 340/360; 341/360; 342/360; 343/360; 344/360; 345/360; 346/360; 347/360; 348/360; 349/360; 350/360; 351/360; 352/360; 353/360; 354/360; 355/360; 356/360; 357/360; 358/360; 359/360; 360/360; hist_theta =

 Columns 1 through 8:

    92.410    93.298    94.926    98.210    96.740    94.090    94.074    94.583
   100.875   102.744   103.932   102.664   106.280   110.490   110.535   108.369
    97.482    93.612    92.235    90.892    89.647    92.186    92.978    92.114
   100.062   100.455   100.265   101.736   101.630   101.401   101.353   100.728
   100.405   101.077    99.611    99.440    98.256    98.603    98.482    98.036
   100.642   100.010    99.811    98.636    99.470    98.143    99.223   100.084
   100.564   102.342   101.122   101.664   101.083   100.470    99.400    98.976
   100.747   100.728   101.282   100.594   101.126   100.600   101.558   103.893
   100.906   100.887   101.417   100.748   100.421    99.172    98.501    97.549
   100.906    99.848   100.400   100.416   100.347    99.847    98.897   100.669

 Columns 9 through 16:

    94.924    93.657    94.109    93.104    92.080    91.634    90.403    86.658
   111.265   109.551   110.480   108.730   109.056   111.800   111.607   109.014
    92.112    94.852    96.019    94.263    92.336    90.419    91.288    92.819
   102.221   104.831   104.907   105.460   106.874   107.482   107.504   107.884
    97.551    96.953    96.160    96.937    97.041    97.020    95.589    96.298
    99.377    99.214    99.134    99.904    99.813    98.743    99.556    99.369
    98.200   100.023   100.342   100.212   101.002   101.416   101.380   102.467
   102.942   101.691   100.453   100.769   100.025   100.470    99.983   100.821
    96.975    95.995    95.470    95.340    96.800    96.211    96.391    97.678
    99.432    98.234    97.926   100.281    99.974    99.805   101.299   101.992

 Columns 17 through 24:

    87.668    89.409    88.835    89.001    89.909    92.092    91.544    93.996
   109.038   108.579   108.082   106.964   109.808   111.611   111.279   109.990
    93.882    92.325    92.477    91.077    90.401    85.765    87.505    91.309
   106.456   105.909   105.763   106.449   106.686   106.986   107.727   106.483
    96.073    95.890    94.798    94.887    94.977    94.655    95.184    94.931
    98.500    98.950    99.620   100.581   100.636   100.469   100.375    99.236
   103.974   104.090   104.695   105.874   105.730   105.346   103.802   103.352
   100.468   101.555   102.601   102.888   101.904   102.387   102.089   101.436
    96.810    95.407    95.831    94.652    94.577    95.240    94.936    94.421
   102.132   102.885   102.298   102.626   100.372   100.450   100.559    99.847

 Columns 25 through 32:

    94.935    97.017   100.302   100.754   100.026   100.720    96.897    94.077
   111.073   111.741   109.990   110.428   113.307   113.062   110.619   110.930
    93.698    92.141    91.979    94.997    94.660    96.762    99.512    98.030
   105.394   105.252   106.273   106.399   105.159   106.089   107.285   107.452
    92.397    92.256    92.356    91.670    91.526    90.847    91.679    92.297
    99.050    99.313    99.762    98.934    98.558    97.076    95.980    97.785
   103.754   103.410   101.945   101.664   102.030   101.950   103.507   104.482
   100.864   100.924    99.937    99.647    98.879    98.398    98.419    98.810
    94.429    93.883    93.594    93.255    93.426    93.550    93.705    93.702
    99.406    99.063    98.862    97.252    97.428    96.545    97.397    97.434

 Columns 33 through 40:

    97.629    99.979   100.286    98.122   100.695   103.112   103.459   101.821
   109.889   112.869   111.402   115.447   113.217   113.428   110.586   111.777
    93.592    91.095    91.188    89.072    88.479    87.237    83.437    84.779
   110.019   110.244   110.427   110.104   110.680   110.760   112.793   113.096
    93.259    92.725    93.668    92.462    91.990    91.417    92.758    92.244
    97.835    96.228    96.536    97.430    98.089    97.157    97.695    97.352
   104.335   103.607   102.771   102.671   102.185   102.010   102.600   101.806
    98.797    98.583    99.506   100.027    99.240   100.571   101.481   101.823
    92.568    93.492    93.809    94.521    94.642    93.860    94.769    93.965
    97.077    96.177    95.406    95.143    95.784    95.447    95.422    96.338

 Columns 41 through 48:

   100.652   101.090   103.493   102.499   100.273   101.178   103.155   104.389
   112.329   110.342   112.257   113.245   116.704   115.957   117.032   116.226
    83.076    84.233    82.977    82.979    81.403    79.908    77.229    79.713
   114.047   113.552   112.777   112.842   113.000   113.010   112.769   112.361
    92.376    91.691    90.735    90.602    90.116    90.060    90.202    90.110
    97.483    98.229    97.403    97.300    97.614    98.950    98.339    97.555
   101.532   102.449   101.791   101.320   102.127   101.916   102.224   102.478
   102.085   101.934   102.503   102.240   102.554   102.854   103.088   102.473
    94.633    95.193    94.896    95.022    94.412    94.214    94.201    93.871
    96.787    96.288    96.167    96.951    96.797    96.953    96.759    95.824

 Columns 49 through 56:

   103.013   103.702   104.554   104.509   105.810   106.948   107.516   106.575
   117.648   118.210   117.126   117.096   120.718   122.211   121.034   121.018
    79.068    77.662    78.567    79.882    75.839    74.609    77.086    78.837
   112.765   111.795   110.682   110.325   110.103   109.597   108.280   106.889
    89.749    89.993    90.138    89.631    88.678    87.783    87.900    87.885
    96.569    96.566    96.333    96.085    96.269    96.043    95.528    95.509
   103.283   102.279   102.503   102.481   103.241   103.409   103.052   103.241
   103.291   104.273   104.242   104.412   104.435   104.614   104.735   104.757
    93.681    93.754    94.384    93.312    92.815    92.034    92.154    91.969
    95.934    96.767    96.472    97.267    97.092    97.752    97.715    98.322

 Columns 57 through 64:

   104.505   102.557   104.943   102.902   101.818   103.083   102.212    99.146
   122.201   122.163   119.257   119.730   115.713   113.031   110.960   112.633
    76.941    77.531    76.790    76.588    78.329    75.545    78.833    79.445
   107.608   107.280   107.621   107.437   107.536   106.495   105.913   106.267
    88.580    89.335    89.402    90.114    90.357    90.785    90.180    89.402
    95.877    95.387    94.646    95.487    96.367    97.092    98.171    98.590
   103.932   104.710   105.264   105.475   106.215   106.608   106.576   107.030
   105.149   105.448   106.098   105.935   106.674   108.222   107.893   108.020
    92.008    92.317    92.396    92.569    93.134    94.224    93.161    93.239
    98.198    98.272    98.583    98.763    98.860    99.915   101.101   101.227

 Columns 65 through 72:

    98.684   102.237   102.641   105.213   107.206   110.011   110.984   112.091
   110.799   108.324   106.272   104.253   104.168   105.544   101.346    99.151
    77.314    76.071    75.802    76.630    77.308    77.073    76.252    77.853
   107.155   107.054   107.603   108.889   108.194   106.544   108.000   107.967
    90.421    89.775    89.802    90.103    89.013    89.422    90.118    90.070
    99.843   100.910   100.150    99.773    99.466    98.952    99.183    99.100
   108.060   108.041   108.395   107.843   107.822   107.356   106.981   107.188
   107.587   107.400   107.442   105.940   105.157   103.729   103.952   103.716
    93.407    93.412    94.340    93.703    93.678    93.827    94.823    94.431
   101.730   101.776   102.555   102.653   102.986   102.540   103.361   103.433

 Columns 73 through 80:

   110.383   112.547   112.168   111.444   111.433   109.930   108.395   107.271
    98.945    98.576    97.995    97.336    96.048    94.304    92.853    90.568
    74.305    72.209    72.435    73.112    71.446    71.711    71.875    70.613
   108.542   109.501   110.223   109.850   111.096   111.888   112.411   112.598
    90.519    89.945    89.612    88.956    88.636    88.942    89.243    89.429
    99.983   100.740   100.855   100.528   100.425   100.758   101.335   101.554
   108.519   107.780   108.563   108.553   109.389   108.994   109.539   110.746
   104.748   104.608   103.363   103.740   103.005   104.202   104.646   106.318
    95.176    94.896    95.165    96.283    96.978    97.990    97.873    98.254
   103.882   104.198   104.621   105.198   106.545   106.282   106.830   107.648

 Columns 81 through 88:

   106.467   106.273   106.737   105.691   103.536   103.409   101.032   100.667
    91.665    89.874    88.459    87.337    86.617    88.764    86.580    85.778
    72.733    71.050    70.589    70.535    69.582    70.447    72.191    73.266
   111.940   112.764   112.463   112.601   113.547   111.700   112.476   112.067
    89.356    89.217    89.704    90.067    90.189    90.455    90.090    90.249
   101.919   102.616   103.336   104.154   104.628   104.098   103.982   104.388
   110.527   111.259   111.704   111.864   112.262   111.519   112.486   112.819
   104.930   105.054   105.373   106.035   106.704   106.460   107.133   107.496
    98.034    98.334    97.338    97.653    98.545    98.440    98.651    97.791
   107.429   108.559   109.297   109.063   109.390   109.710   110.378   110.479

 Columns 89 through 96:

   100.664   100.991   101.780   100.684   103.717   102.831   102.427   103.464
    86.514    87.185    85.777    85.654    86.231    85.119    84.286    85.745
    76.707    77.739    77.016    76.653    72.845    71.867    72.708    72.046
   111.935   111.342   111.688   112.386   112.132   112.178   111.672   110.273
    89.943    89.661    90.304    90.253    90.935    91.235    91.885    92.479
   103.198   102.680   102.779   102.455   102.559   103.697   104.335   104.235
   111.292   110.926   111.298   111.526   111.541   111.706   111.935   111.251
   107.726   107.176   106.442   106.524   106.340   106.505   106.077   106.390
    96.575    96.715    97.229    97.640    97.796    98.382    98.083    97.656
   110.447   110.585   110.687   111.227   110.904   111.479   111.592   111.461

 Columns 97 through 104:

   102.193   101.734    99.579   100.188    99.525    97.517    99.717   101.750
    86.536    86.804    87.948    89.419    89.969    88.919    89.023    88.784
    71.500    72.584    73.752    73.982    77.256    80.735    81.504    80.610
   110.417   109.584   109.644   109.605   109.331   109.435   109.390   109.914
    92.255    92.049    92.066    91.977    91.406    91.104    91.156    91.134
   104.270   104.120   103.926   102.820   102.061   102.457   101.744   101.600
   111.699   110.844   111.110   111.012   110.026   110.009   109.233   108.291
   106.607   107.363   107.286   106.581   106.359   106.204   106.819   106.525
    97.744    98.230    97.612    97.558    97.247    97.501    96.849    96.437
   111.780   111.687   112.076   111.857   111.819   111.118   109.564   109.955

 Columns 105 through 112:

   100.369   100.600    99.999    97.902    99.325    98.036    96.414    95.919
    89.717    92.274    92.858    93.010    91.442    91.558    94.159    95.713
    80.346    80.253    82.395    82.101    80.434    82.432    81.442    81.349
   109.804   109.370   107.765   108.741   109.049   109.620   109.884   110.066
    90.943    90.475    90.457    90.874    91.215    90.800    90.716    90.517
   101.703   101.866   102.021   101.696   101.863   102.294   102.189   101.526
   108.792   108.683   108.692   108.490   109.079   108.303   108.645   108.911
   106.729   106.338   106.051   105.719   106.059   106.215   106.383   106.206
    96.028    94.757    94.007    94.975    95.134    94.451    94.152    93.869
   110.570   110.384   110.756   111.490   111.401   111.293   111.015   110.922

 Columns 113 through 120:

    95.182    96.877    97.444    95.583    97.430    99.345    98.283    98.481
    95.948    97.302    96.477    97.390    96.674    95.946    95.100    95.519
    79.224    79.080    79.376    79.285    79.101    77.836    76.730    75.802
   110.903   109.944   110.231   110.304   111.401   111.205   110.535   110.719
    90.368    89.713    89.876    89.816    88.803    88.767    90.211    90.605
   102.503   102.499   102.244   102.049   101.638   101.471   102.100   102.035
   109.452   109.953   109.465   109.892   109.587   109.611   110.236   110.502
   106.181   105.901   105.729   106.528   106.725   106.793   106.556   105.864
    94.149    93.594    93.844    93.650    93.429    94.048    94.769    94.942
   111.089   110.138   110.315   110.503   110.213   109.977   110.480   110.532

 Columns 121 through 128:

    97.428    97.612    97.127    97.264    95.685    93.308    93.558    95.509
    97.667    97.318    96.328    95.127    96.943    97.850    99.362    99.903
    75.122    75.816    75.696    77.300    78.647    77.463    78.700    76.386
   110.391   110.340   110.240   110.310   109.843   110.341   110.034   110.920
    90.277    90.590    91.243    90.717    90.852    91.076    90.327    90.761
   101.957   101.615   101.149   100.982   100.601   100.969   100.324   100.494
   111.049   110.969   111.014   111.097   110.723   111.045   111.057   110.832
   105.913   106.082   106.411   106.374   105.678   105.920   105.312   105.078
    94.742    94.913    95.711    95.786    95.641    96.001    94.919    93.899
   110.454   109.744   110.080   110.044   110.386   111.026   111.407   111.217

 Columns 129 through 136:

    95.138    95.059    95.068    96.234    95.896    95.779    95.673    95.557
   100.349    99.707   100.948   101.242   101.014   102.208   100.292    99.975
    73.304    75.284    74.380    74.343    74.010    75.129    75.722    75.605
   111.322   111.671   110.865   111.236   111.151   110.919   111.333   110.672
    91.202    91.020    91.799    91.354    91.477    90.492    90.683    90.433
   100.813   100.880   100.577    99.606    99.686    99.518    99.733    99.771
   111.278   111.050   111.014   110.781   111.121   110.918   111.019   111.429
   105.458   105.648   105.452   106.100   106.163   105.961   105.950   106.121
    94.406    93.309    93.605    93.137    93.646    93.564    93.665    94.751
   111.730   111.371   111.292   110.966   110.835   110.512   110.931   110.686

 Columns 137 through 144:

    97.167   100.050    99.610   100.641   101.975   103.100   104.372   103.368
   100.258    98.434    98.395    98.978   100.849   101.360    97.677    98.078
    73.607    73.463    74.034    72.703    70.456    70.836    71.023    71.075
   110.424   111.377   111.648   111.285   111.188   111.205   111.761   112.696
    90.835    89.973    89.621    89.233    88.670    87.716    88.029    87.552
    99.097    98.010    97.945    98.427    98.111    97.624    97.808    98.273
   111.984   112.487   113.013   113.098   112.788   112.298   112.302   112.876
   106.187   105.191   104.530   104.514   104.415   104.569   104.560   103.741
    94.818    95.441    95.409    95.230    95.555    95.673    96.152    96.375
   110.622   110.573   110.795   110.890   110.992   110.620   111.318   110.965

 Columns 145 through 152:

   104.781   104.472   104.397   104.132   102.967   103.316   101.812   101.229
    96.231    95.075    94.502    96.529    95.024    95.067    95.891    96.160
    70.190    69.316    68.795    68.392    68.039    69.089    70.091    69.804
   113.016   113.024   112.942   112.975   113.555   113.656   113.280   113.336
    87.597    87.825    87.916    87.904    88.178    88.445    88.713    89.196
    98.690    99.201    99.654    99.553    99.943    99.756   100.036   100.384
   112.616   113.134   113.345   113.124   113.862   113.446   113.087   112.962
   104.403   104.783   104.873   104.630   104.984   104.655   104.922   104.609
    96.063    97.011    96.515    96.285    96.705    96.261    96.008    95.926
   111.412   111.159   112.062   111.476   111.743   111.307   111.160   111.394

 Columns 153 through 160:

   102.037   100.271   100.934   101.834   100.830    99.065    98.258    98.777
    94.216    92.851    92.799    90.507    89.591    89.240    89.340    90.075
    69.874    72.841    73.013    73.890    75.458    75.147    74.776    73.558
   112.967   113.016   113.578   113.645   114.385   114.631   114.990   115.286
    89.121    88.416    88.035    88.635    88.494    88.928    89.285    89.200
   100.244   100.191   100.186   100.241    99.948   100.109   100.109    99.990
   113.072   113.270   112.845   112.694   112.510   114.241   114.241   114.237
   105.097   105.405   105.002   104.313   104.496   104.645   104.763   104.883
    96.139    95.769    95.954    95.895    95.585    95.149    95.152    95.376
   112.232   112.970   112.654   113.346   113.702   113.845   114.085   113.618

 Columns 161 through 168:

    98.342    98.144    98.852    98.174    96.097    96.251    97.056    96.164
    91.030    90.974    91.256    91.570    91.148    94.148    92.741    93.983
    74.534    76.349    76.873    76.178    78.256    78.106    77.690    79.553
   114.998   115.108   114.786   114.995   115.211   115.588   116.631   116.666
    89.430    88.787    88.471    88.035    88.078    87.269    86.877    87.413
   100.255    99.824    99.401    99.634    99.300    98.458    98.440    98.207
   113.572   113.524   113.102   112.721   113.170   112.798   113.008   112.889
   104.250   104.022   104.360   104.905   105.140   104.775   104.372   104.047
    94.872    94.670    94.487    94.438    93.987    93.694    94.082    93.458
   113.719   113.597   113.412   114.349   114.613   113.913   114.102   112.620

 Columns 169 through 176:

    94.161    95.742    94.724    93.454    93.392    91.482    92.264    93.290
    94.702    94.040    93.280    93.747    93.974    93.681    91.345    91.305
    79.836    80.456    80.814    81.383    80.519    80.927    80.254    80.193
   117.384   116.924   117.247   116.571   116.245   116.696   117.021   116.960
    87.260    86.991    87.577    88.025    88.146    87.846    88.583    88.349
    98.164    97.891    98.047    98.476    98.613    99.245    99.457    99.305
   113.063   112.893   113.481   113.137   113.277   113.518   113.729   113.580
   104.112   104.221   104.170   104.482   104.828   105.130   105.451   105.003
    93.850    93.764    93.097    92.958    92.989    93.384    93.594    94.192
   112.468   112.078   112.562   112.767   113.016   113.091   113.302   112.823

 Columns 177 through 184:

    93.951    94.719    95.466    93.996    94.587    94.504    96.409    97.204
    88.228    87.913    85.759    86.941    89.291    88.985    87.525    88.001
    81.284    83.227    83.224    81.873    82.069    82.929    81.225    82.091
   116.609   116.098   115.703   116.153   115.817   116.287   116.501   116.952
    88.175    87.691    88.238    87.934    87.118    87.281    86.760    86.011
    99.684    99.412    98.898    99.275    99.219    98.310    98.814    98.369
   114.173   113.945   114.918   115.309   115.241   115.029   114.749   113.904
   105.509   105.802   105.808   105.326   105.335   105.282   106.003   106.044
    94.485    93.776    94.566    95.172    94.684    94.783    95.093    95.142
   112.903   112.417   112.420   113.021   111.639   111.609   111.920   111.281

 Columns 185 through 192:

    97.645    97.143    96.408    96.611    97.607    96.199    97.211    98.122
    86.853    85.469    85.272    85.297    83.629    85.136    83.914    82.229
    84.352    85.379    85.860    86.526    85.873    86.221    85.353    85.114
   116.835   117.113   117.628   117.048   117.578   117.024   117.251   117.530
    86.159    85.862    85.743    85.816    86.012    85.683    85.646    85.871
    97.944    98.091    98.015    97.987    98.475    98.844    98.893    99.390
   113.893   114.051   113.615   113.061   113.138   113.445   113.806   113.945
   105.807   105.854   105.950   105.472   105.751   105.634   105.429   105.184
    95.270    95.307    95.645    96.092    95.458    95.553    95.846    95.541
   110.242   110.731   110.865   111.090   111.478   111.260   111.651   112.076

 Columns 193 through 200:

    98.801    98.936    99.907    99.902    99.935   100.681   101.271   102.463
    80.900    81.429    81.365    81.744    81.944    81.234    80.972    81.368
    84.562    83.106    83.172    83.698    82.997    82.882    83.062    83.157
   118.248   118.026   117.843   117.317   117.447   117.889   117.815   117.494
    86.036    86.225    85.874    86.510    86.132    86.046    85.733    84.966
    99.543    99.384    99.292    99.156    99.622    99.539    99.590    99.580
   114.099   114.991   114.476   114.164   114.234   114.421   114.592   114.187
   105.247   104.798   105.114   105.180   105.464   105.080   105.040   104.532
    95.323    95.594    95.798    95.159    95.542    95.523    95.689    95.197
   112.241   112.511   112.160   112.170   111.683   111.705   111.237   112.055

 Columns 201 through 208:

   102.681   102.813   101.491   102.736   103.762   102.106   103.244   103.463
    81.899    83.737    84.373    82.648    81.839    81.481    80.393    77.551
    83.159    82.427    81.525    82.431    81.598    83.064    82.475    80.879
   117.229   116.180   116.787   116.930   117.105   117.034   117.083   117.962
    85.125    85.156    85.917    85.935    85.979    85.907    86.288    87.274
    99.643    99.227    99.047    98.994    99.239    99.701    99.644   100.843
   113.823   113.340   113.424   113.178   112.976   113.114   113.295   113.958
   104.488   105.034   105.230   104.790   104.985   104.908   104.971   105.098
    95.153    95.283    95.309    95.033    94.900    95.145    95.095    95.329
   111.800   111.802   111.897   112.325   112.618   112.541   112.513   112.644

 Columns 209 through 216:

   102.629   103.901   104.553   102.827   102.454   102.353   102.004   103.004
    77.232    76.935    74.887    76.060    77.892    77.131    76.171    75.987
    80.146    78.863    80.193    78.058    75.222    74.125    74.475    75.121
   118.289   119.310   119.493   120.222   120.205   120.985   120.870   120.579
    88.021    87.287    87.658    87.598    88.077    88.551    88.875    88.949
   100.964   100.810   100.358   100.949   101.115   101.125   101.226   101.277
   113.871   113.822   113.557   113.805   113.960   114.328   114.529   113.558
   105.532   105.376   105.659   105.931   106.589   106.678   107.111   107.011
    95.553    95.890    95.615    96.553    96.425    96.139    96.257    96.260
   112.762   112.805   113.027   112.997   113.061   113.584   113.483   113.254

 Columns 217 through 224:

   101.617   101.398   101.145    99.870   100.161   100.476   100.406    99.586
    75.935    76.734    76.822    76.936    75.504    75.104    75.589    76.804
    77.028    75.082    73.542    72.230    72.856    71.560    70.281    68.906
   120.090   120.509   120.825   120.702   120.614   120.725   120.705   120.575
    89.292    89.022    89.144    89.129    89.426    89.538    89.875    90.210
   100.876   101.193   101.789   101.897   101.900   101.488   101.985   102.142
   113.160   113.681   113.710   114.214   114.218   114.207   114.340   115.045
   107.262   107.390   107.571   108.380   108.674   109.574   109.708   109.955
    96.320    96.741    97.112    98.017    98.019    98.409    98.000    97.971
   113.421   113.250   113.338   113.625   113.628   113.920   114.112   113.805

 Columns 225 through 232:

    98.914    98.583    97.438    96.063    95.814    96.626    97.963    98.637
    76.070    74.447    75.122    75.348    76.096    76.591    75.977    76.012
    69.922    69.838    70.714    69.064    69.744    69.005    69.235    67.467
   120.126   120.837   120.803   121.952   121.590   121.424   121.234   121.764
    90.117    90.389    90.084    90.347    90.271    90.585    90.221    90.143
   102.233   102.426   102.432   102.618   102.126   101.697   101.264   101.373
   115.034   115.114   115.121   115.437   114.839   114.709   114.847   114.828
   110.205   110.656   110.659   110.626   111.053   111.024   110.565   110.757
    98.041    98.065    98.165    98.133    98.145    98.156    98.426    98.453
   114.339   114.645   114.462   115.413   115.322   115.184   115.269   115.565

 Columns 233 through 240:

    98.620    97.937    98.090    98.850   101.416   100.390   101.676   100.206
    76.372    75.229    74.119    73.736    73.774    73.837    72.502    72.543
    68.334    68.185    67.742    67.831    67.875    69.394    70.043    70.942
   121.296   121.297   121.881   121.747   120.695   120.633   120.493   120.551
    89.669    89.865    89.517    89.884    88.734    88.132    87.650    87.972
   101.282   101.175   100.842   101.033   100.812   100.504   100.761   101.296
   114.630   115.389   116.166   115.838   116.095   116.105   116.601   116.447
   110.269   110.634   110.463   110.135   110.094   109.814   109.539   109.494
    98.950    99.425   100.085    99.882    99.474   100.063    99.347    99.193
   115.577   115.864   116.097   116.064   116.030   116.128   116.388   116.357

 Columns 241 through 248:

   100.382    97.833    97.837    97.978    98.300    95.745    97.200    96.575
    72.955    74.222    75.279    75.270    74.885    75.800    75.199    75.541
    69.560    70.103    69.918    70.070    69.762    70.856    71.365    73.149
   120.640   121.242   120.921   120.014   120.101   119.872   120.416   121.498
    88.265    88.544    88.541    88.672    88.768    88.715    88.307    88.204
   100.761   100.706   100.474   100.513   100.316   100.175    99.626    98.365
   116.486   116.754   116.402   116.457   116.873   117.185   117.599   117.323
   109.794   109.424   110.147   110.034   110.056   110.002   109.073   108.972
    99.761   100.118    99.737   100.127   100.153   100.190    99.688    99.317
   116.396   116.054   115.743   115.865   115.785   116.460   116.526   116.054

 Columns 249 through 256:

    95.900    96.468    96.192    94.820    93.916    94.286    94.951    94.664
    74.631    73.448    75.336    77.038    77.066    77.618    77.590    76.757
    71.787    71.664    72.890    73.494    75.455    74.659    74.708    74.482
   121.789   120.959   120.762   120.854   120.457   120.532   120.337   120.670
    88.583    88.530    88.061    88.059    88.028    87.924    87.777    88.021
    98.853    98.753    97.831    97.669    97.537    97.249    97.605    97.757
   117.421   117.894   118.054   118.076   118.037   117.928   117.878   118.033
   109.359   109.513   108.864   108.569   108.249   107.871   108.034   108.549
    99.920   100.636   100.076    99.786    99.560    99.901    99.212    98.639
   116.757   117.136   116.935   116.634   116.695   117.034   116.909   117.427

 Columns 257 through 264:

    93.974    94.060    93.534    93.486    95.421    95.488    97.852    98.356
    77.505    77.265    78.432    78.869    78.274    77.701    75.684    76.679
    74.545    75.691    76.845    79.062    79.519    79.564    79.523    79.495
   120.473   120.116   120.062   120.133   119.898   120.264   120.408   120.811
    88.903    89.259    89.166    88.479    88.548    88.583    88.871    88.489
    97.402    97.098    96.238    96.036    95.631    95.665    95.416    95.643
   117.777   117.786   117.756   117.258   117.275   117.128   116.825   116.830
   108.583   108.211   108.264   107.764   107.449   107.211   107.828   106.878
    98.672    98.645    98.217    97.917    97.428    97.480    97.124    96.952
   117.166   116.869   116.485   115.997   115.557   115.916   115.468   114.867

 Columns 265 through 272:

    98.756    99.603   100.221    99.950   100.020   100.876   101.497    99.969
    75.507    73.946    72.559    72.521    72.866    73.727    72.307    72.605
    78.665    78.296    78.898    79.564    80.302    80.652    81.364    82.714
   120.809   120.919   120.396   120.254   120.276   119.759   119.766   119.573
    89.020    89.087    89.557    89.148    89.070    88.650    88.752    88.953
    95.651    95.887    95.868    96.569    96.748    96.682    96.790    96.480
   117.372   117.783   118.146   118.102   118.039   117.794   118.086   118.130
   107.168   107.750   108.035   108.364   108.210   108.058   107.516   107.560
    97.160    97.127    96.925    96.396    96.031    95.965    96.351    96.481
   114.893   114.604   114.396   114.134   113.439   112.839   112.572   112.536

 Columns 273 through 280:

    99.365    97.786    98.347    98.023    98.482    99.346    98.152    98.265
    73.043    73.760    71.595    71.603    72.778    72.943    72.794    71.600
    81.958    79.225    78.034    77.300    78.495    78.145    78.252    77.772
   120.068   120.535   120.194   120.688   120.366   120.319   120.893   121.535
    89.076    89.709    90.613    90.450    90.574    90.885    90.458    90.504
    96.749    97.384    97.725    98.215    97.881    97.579    97.601    97.463
   118.221   118.510   119.319   119.463   119.149   119.212   119.438   119.735
   107.655   108.476   109.002   109.412   109.148   108.676   109.086   109.480
    96.060    96.790    97.147    97.340    96.068    95.942    96.245    96.449
   112.805   112.826   113.025   112.505   112.060   111.952   112.081   112.196

 Columns 281 through 288:

    97.921    97.340    98.706    99.152   100.049   101.012   100.907   100.502
    71.361    72.595    73.520    73.928    73.093    73.382    73.622    74.504
    78.358    77.516    77.827    78.191    77.861    78.430    78.738    77.787
   121.818   121.717   121.371   121.190   121.971   121.696   121.249   121.720
    90.677    90.738    90.299    90.321    90.262    89.721    90.334    89.899
    97.568    97.541    97.082    96.939    96.806    96.454    96.376    96.025
   119.376   119.350   118.981   118.220   118.214   118.031   117.603   118.105
   109.558   109.877   109.688   109.656   109.761   109.426   109.503   109.440
    96.349    96.243    96.068    95.969    95.717    95.921    96.151    96.058
   112.014   112.080   111.458   111.435   111.266   110.927   110.517   110.960

 Columns 289 through 296:

    99.745    98.465    96.510    95.676    94.949    94.651    94.556    95.433
    74.339    75.082    77.581    79.320    79.312    79.675    79.584    79.792
    78.215    77.914    78.356    79.220    78.382    78.179    77.735    77.606
   121.442   121.787   121.857   121.657   121.754   122.390   122.943   123.030
    90.105    90.360    90.845    90.819    91.190    91.058    91.149    90.721
    96.082    96.444    97.012    96.454    96.416    96.741    96.941    96.435
   118.404   118.308   117.723   117.273   117.846   117.603   117.441   117.517
   109.387   109.471   109.354   109.307   109.343   108.944   108.874   108.537
    96.193    96.278    95.609    95.277    95.501    95.787    96.144    96.136
   111.089   110.890   110.152   109.997   110.307   109.972   109.631   109.792

 Columns 297 through 304:

    95.321    96.845    97.325    97.862    97.422    98.434    96.596    96.480
    79.983    79.942    78.355    78.388    77.416    78.684    78.853    79.474
    78.097    76.755    76.062    75.407    75.306    76.149    75.197    74.225
   122.062   121.896   122.780   122.797   122.943   121.694   122.378   122.709
    90.627    90.541    90.435    90.461    90.843    90.785    91.205    91.349
    96.500    96.940    96.923    96.868    97.178    97.205    97.429    97.942
   117.619   117.533   117.794   118.064   118.372   117.891   118.396   118.449
   108.687   108.260   108.522   108.123   108.151   107.666   107.826   107.697
    96.117    96.379    96.903    96.596    96.640    96.158    96.648    96.609
   109.987   109.909   109.901   110.434   110.729   110.333   110.472   110.066

 Columns 305 through 312:

    95.596    96.322    95.471    95.466    94.260    96.146    95.971    97.039
    79.547    78.709    79.457    79.334    80.626    80.684    81.786    82.923
    73.804    74.261    73.809    74.897    74.458    74.432    74.293    73.874
   122.839   122.826   122.413   122.629   122.748   122.293   122.727   122.639
    91.545    91.853    92.201    91.994    92.040    91.580    91.188    91.082
    98.056    98.284    98.063    97.927    97.626    97.323    96.827    96.553
   118.449   118.273   118.536   118.001   118.060   117.925   117.697   117.178
   107.623   107.202   107.551   107.463   107.682   107.731   107.596   107.449
    96.778    96.926    96.956    96.766    96.829    96.442    96.611    96.224
   110.764   110.343   110.543   110.525   110.671   110.446   110.305   110.037

 Columns 313 through 320:

    95.668    96.758    97.696    98.294    98.715    98.409   100.809   100.749
    81.460    82.111    81.816    82.543    82.066    82.742    82.160    82.565
    75.513    74.458    73.757    72.150    73.913    72.482    72.860    71.736
   122.493   122.370   122.491   122.951   122.602   122.815   122.085   122.443
    91.602    92.058    92.219    92.094    91.694    91.608    91.353    91.874
    96.431    96.632    96.511    96.316    96.320    96.743    96.308    96.767
   117.385   117.208   117.352   117.590   117.220   117.480   117.398   117.138
   107.921   107.568   107.706   107.213   106.843   107.044   107.094   106.833
    96.375    95.856    95.708    95.970    95.772    95.674    95.458    95.517
   110.152   109.980   109.743   109.881   109.855   110.002   109.474   109.378

 Columns 321 through 328:

    99.810    99.661   100.186    99.530    98.834    98.156    98.925    98.961
    83.924    84.522    84.216    85.305    86.239    87.595    88.232    87.963
    71.670    70.644    70.612    70.789    70.992    71.609    71.571    73.333
   122.558   122.574   121.923   121.819   121.910   122.458   122.223   121.851
    91.599    91.332    91.465    91.447    91.185    90.659    90.594    90.308
    96.489    96.527    96.999    97.230    97.386    97.195    97.126    96.794
   117.495   118.042   117.985   117.784   117.440   117.418   117.271   117.383
   106.794   106.911   107.020   106.812   106.735   106.357   105.562   105.572
    95.163    95.122    95.154    95.049    95.142    95.191    95.284    95.088
   109.498   109.663   109.440   109.236   109.137   108.362   108.211   107.747

 Columns 329 through 336:

   100.628   101.029   101.398   102.824   101.180   100.517   101.133   102.009
    87.406    87.645    87.766    87.043    88.153    88.188    87.653    87.903
    72.313    71.040    70.675    69.870    70.534    71.087    70.239    68.737
   122.342   122.964   123.425   123.592   123.748   123.653   123.431   123.041
    90.591    90.876    90.524    90.557    90.677    90.872    90.964    91.459
    96.482    96.469    96.941    96.645    96.597    96.598    96.528    96.352
   117.388   117.113   117.692   118.077   118.057   118.077   118.075   118.217
   105.260   105.306   104.895   104.963   104.836   104.766   105.084   105.206
    95.085    94.990    94.197    94.070    93.648    93.578    93.733    93.700
   107.505   107.569   107.488   107.357   107.571   107.663   108.159   108.376

 Columns 337 through 344:

   101.656   100.392   101.009   101.894   103.032   103.993   103.461   102.340
    88.127    89.440    89.358    90.490    89.198    89.117    88.646    88.626
    69.376    68.879    68.626    68.188    68.328    67.975    68.986    69.889
   122.756   122.456   123.005   122.901   123.295   123.574   123.756   123.474
    91.341    91.318    90.919    90.620    90.691    90.457    90.105    90.115
    96.149    96.215    96.097    95.602    95.189    95.120    94.636    94.524
   118.096   118.272   118.075   118.137   118.129   117.874   117.712   117.923
   105.085   105.160   105.201   104.377   104.610   104.604   104.751   104.928
    93.829    93.969    93.971    94.508    94.335    94.341    94.953    95.345
   108.585   108.899   108.738   108.283   108.194   107.944   107.994   107.836

 Columns 345 through 352:

   101.898   102.455   101.742   101.955   101.637   101.449   101.632   102.415
    88.842    88.977    88.673    89.206    90.432    90.339    90.551    90.982
    68.175    67.767    68.231    67.778    67.635    68.311    67.065    66.890
   123.557   123.157   123.267   122.814   123.135   123.282   123.222   122.952
    90.162    90.253    90.586    90.460    90.481    90.052    90.008    89.963
    95.148    95.480    95.577    95.814    96.014    95.955    95.913    96.124
   118.410   118.279   118.466   118.398   118.062   118.166   118.605   118.202
   104.866   104.895   104.779   104.956   104.442   104.466   104.893   105.137
    95.886    96.074    96.101    96.112    96.090    96.037    96.143    96.221
   108.057   107.663   107.577   107.507   107.073   106.941   106.968   106.114

 Columns 353 through 360:

   101.968   102.261   101.102   100.317   100.901   101.244   101.501   100.469
    90.193    88.538    88.500    88.123    87.549    88.189    87.034    87.224
    65.670    66.495    67.079    67.437    68.132    68.091    68.076    67.773
   122.668   123.322   123.868   123.595   123.812   123.705   123.804   124.010
    90.324    90.699    90.404    89.897    89.839    89.684    89.841    90.014
    97.067    96.958    97.141    97.929    97.844    97.644    97.458    97.549
   118.743   118.798   118.568   118.673   118.467   117.974   117.912   117.927
   105.526   104.989   105.012   105.270   105.384   105.505   105.635   105.567
    96.444    96.693    96.808    96.986    96.540    96.503    96.931    97.559
   106.397   106.248   106.518   106.773   106.531   106.464   106.808   106.908

data/rawdata/iteration_duration/p_10-ctlg_1e+06-ctlg_eps_0-ctlg_perm_1-alpha0_1-alpha_eps_0-lambda_100-req_prop_0.28_0.28_0.28_0.04_0.02_0.02_0.02_0.02_0.02_0.02-R_perm_1-T_1e+01-K_1e+03-opencache-norm_no-coeff_adaptive-boost_1-tot_time_1-seed_1.mdat written

success
