ans = epochs are
ans =  360
1/360; 2/360; 3/360; 4/360; 5/360; 6/360; 7/360; 8/360; 9/360; 10/360; 11/360; 12/360; 13/360; 14/360; 15/360; 16/360; 17/360; 18/360; 19/360; 20/360; 21/360; 22/360; 23/360; 24/360; 25/360; 26/360; 27/360; 28/360; 29/360; 30/360; 31/360; 32/360; 33/360; 34/360; 35/360; 36/360; 37/360; 38/360; 39/360; 40/360; 41/360; 42/360; 43/360; 44/360; 45/360; 46/360; 47/360; 48/360; 49/360; 50/360; 51/360; 52/360; 53/360; 54/360; 55/360; 56/360; 57/360; 58/360; 59/360; 60/360; 61/360; 62/360; 63/360; 64/360; 65/360; 66/360; 67/360; 68/360; 69/360; 70/360; 71/360; 72/360; 73/360; 74/360; 75/360; 76/360; 77/360; 78/360; 79/360; 80/360; 81/360; 82/360; 83/360; 84/360; 85/360; 86/360; 87/360; 88/360; 89/360; 90/360; 91/360; 92/360; 93/360; 94/360; 95/360; 96/360; 97/360; 98/360; 99/360; 100/360; 101/360; 102/360; 103/360; 104/360; 105/360; 106/360; 107/360; 108/360; 109/360; 110/360; 111/360; 112/360; 113/360; 114/360; 115/360; 116/360; 117/360; 118/360; 119/360; 120/360; 121/360; 122/360; 123/360; 124/360; 125/360; 126/360; 127/360; 128/360; 129/360; 130/360; 131/360; 132/360; 133/360; 134/360; 135/360; 136/360; 137/360; 138/360; 139/360; 140/360; 141/360; 142/360; 143/360; 144/360; 145/360; 146/360; 147/360; 148/360; 149/360; 150/360; 151/360; 152/360; 153/360; 154/360; 155/360; 156/360; 157/360; 158/360; 159/360; 160/360; 161/360; 162/360; 163/360; 164/360; 165/360; 166/360; 167/360; 168/360; 169/360; 170/360; 171/360; 172/360; 173/360; 174/360; 175/360; 176/360; 177/360; 178/360; 179/360; 180/360; 181/360; 182/360; 183/360; 184/360; 185/360; 186/360; 187/360; 188/360; 189/360; 190/360; 191/360; 192/360; 193/360; 194/360; 195/360; 196/360; 197/360; 198/360; 199/360; 200/360; 201/360; 202/360; 203/360; 204/360; 205/360; 206/360; 207/360; 208/360; 209/360; 210/360; 211/360; 212/360; 213/360; 214/360; 215/360; 216/360; 217/360; 218/360; 219/360; 220/360; 221/360; 222/360; 223/360; 224/360; 225/360; 226/360; 227/360; 228/360; 229/360; 230/360; 231/360; 232/360; 233/360; 234/360; 235/360; 236/360; 237/360; 238/360; 239/360; 240/360; 241/360; 242/360; 243/360; 244/360; 245/360; 246/360; 247/360; 248/360; 249/360; 250/360; 251/360; 252/360; 253/360; 254/360; 255/360; 256/360; 257/360; 258/360; 259/360; 260/360; 261/360; 262/360; 263/360; 264/360; 265/360; 266/360; 267/360; 268/360; 269/360; 270/360; 271/360; 272/360; 273/360; 274/360; 275/360; 276/360; 277/360; 278/360; 279/360; 280/360; 281/360; 282/360; 283/360; 284/360; 285/360; 286/360; 287/360; 288/360; 289/360; 290/360; 291/360; 292/360; 293/360; 294/360; 295/360; 296/360; 297/360; 298/360; 299/360; 300/360; 301/360; 302/360; 303/360; 304/360; 305/360; 306/360; 307/360; 308/360; 309/360; 310/360; 311/360; 312/360; 313/360; 314/360; 315/360; 316/360; 317/360; 318/360; 319/360; 320/360; 321/360; 322/360; 323/360; 324/360; 325/360; 326/360; 327/360; 328/360; 329/360; 330/360; 331/360; 332/360; 333/360; 334/360; 335/360; 336/360; 337/360; 338/360; 339/360; 340/360; 341/360; 342/360; 343/360; 344/360; 345/360; 346/360; 347/360; 348/360; 349/360; 350/360; 351/360; 352/360; 353/360; 354/360; 355/360; 356/360; 357/360; 358/360; 359/360; 360/360; hist_theta =

 Columns 1 through 8:

   102.056    98.987   101.449   110.145   107.578   110.649   112.164   114.281
   102.056   105.125   102.662   111.357   113.925   110.853   109.339   107.221
    96.944   100.013   102.476   111.172   113.740   116.811   118.326   120.443
    96.944   100.013    97.551   106.246   108.814   111.885   110.371   108.253
   102.056   105.125   107.588   116.283   118.851   115.779   117.294   119.411
   102.056   105.125   102.662    93.966    91.399    88.327    89.842    87.724
    96.944    93.875    96.338    87.643    90.210    87.138    88.653    90.771
   102.056    98.987    96.524    87.828    85.260    88.332    86.817    88.935
    96.944    93.875    96.338    87.643    85.075    82.003    80.489    78.371
    96.944    93.875    91.412    82.717    80.149    83.221    81.706    79.589

 Columns 9 through 16:

   112.326   114.682   111.898   110.126   116.190   114.489   120.535   121.823
   109.176   111.532   114.315   116.087   122.151   123.852   129.898   128.610
   122.398   120.043   122.827   124.599   130.663   132.364   138.410   139.699
   106.298   103.943   101.159    99.387   105.451   103.749    97.703    96.415
   121.366   119.011   116.227   114.455   120.519   118.817   124.863   123.575
    89.679    87.324    90.108    91.880    85.816    84.115    78.069    76.780
    88.816    91.171    88.387    86.615    80.551    78.850    72.804    74.093
    90.890    88.534    85.751    87.523    81.459    83.160    77.114    78.403
    76.416    78.772    81.555    79.783    73.720    75.421    69.375    70.664
    77.634    79.989    82.773    84.545    78.481    80.183    86.229    84.940

 Columns 17 through 24:

   119.687   120.929   125.306   126.874   131.385   133.033   137.344   135.731
   130.746   129.504   133.881   135.449   139.960   138.312   142.623   144.236
   141.835   143.077   147.454   145.886   150.397   152.045   156.356   157.969
    98.551    97.309    92.932    91.364    86.853    85.205    80.894    79.281
   125.711   126.953   122.576   121.008   116.497   114.849   110.538   108.925
    74.643    75.885    80.262    81.831    77.320    78.968    74.657    76.270
    76.230    74.987    70.610    72.179    67.668    69.316    65.005    63.392
    76.266    77.508    73.131    71.563    76.074    74.426    70.115    68.502
    68.527    67.285    62.908    61.340    65.851    67.499    71.810    73.423
    82.803    81.561    85.938    87.506    82.995    81.347    85.658    87.271

 Columns 25 through 32:

   139.787   141.526   145.417   146.736   150.411   151.537   152.401   151.365
   148.292   146.553   150.444   149.125   152.800   151.673   150.809   151.845
   162.025   163.764   167.655   168.974   172.649   173.775   174.639   175.674
    83.337    85.076    81.185    79.866    83.541    82.414    81.551    80.515
   104.869   106.609   102.718   104.037   107.711   106.585   105.721   106.757
    72.214    70.475    66.584    67.903    64.228    63.102    63.966    65.001
    59.336    57.597    53.706    55.025    51.350    52.477    51.613    50.577
    64.447    62.707    66.598    65.279    61.604    62.731    63.595    62.559
    69.367    67.628    63.737    62.418    58.743    57.617    56.753    55.717
    91.327    93.066    96.957    95.638    91.963    93.089    93.953    94.989

 Columns 33 through 40:

   150.427   149.403   150.104   153.457   154.419   157.116   158.039   158.955
   152.783   153.808   154.508   157.861   158.823   161.521   160.598   159.682
   176.613   177.637   176.936   180.289   179.327   182.025   182.948   183.864
    81.453    82.477    81.777    85.130    86.092    83.394    82.471    81.555
   107.695   108.720   109.420   106.067   107.029   109.727   110.649   109.733
    64.063    63.039    62.338    58.985    58.023    60.721    61.643    60.727
    49.639    48.615    47.914    51.267    52.229    49.531    50.454    51.371
    63.497    62.473    63.174    59.821    58.859    56.162    55.239    54.322
    54.779    53.755    53.054    49.701    48.739    46.041    45.119    46.035
    94.050    95.074    95.775    92.422    91.460    88.763    87.840    88.757

 Columns 41 through 48:

   157.961   158.890   161.468   160.857   163.437   166.076   167.214   170.425
   160.676   159.747   162.324   162.935   165.515   168.155   169.292   172.503
   184.859   185.788   188.365   188.976   191.556   194.196   193.058   196.269
    80.560    81.490    84.067    83.456    80.876    83.515    84.653    87.864
   110.727   109.798   112.375   112.986   110.406   113.045   111.908   108.697
    61.721    62.650    60.073    60.684    63.264    60.624    61.762    58.551
    50.376    49.447    46.870    47.481    44.901    42.261    41.124    37.913
    53.328    52.399    49.821    49.210    51.791    49.151    50.288    47.078
    47.030    46.101    43.523    42.912    40.332    37.693    36.555    39.766
    87.762    88.691    86.114    85.503    82.923    80.283    79.146    75.935

 Columns 49 through 56:

   173.494   173.960   176.130   177.058   175.864   176.790   179.176   178.298
   175.572   176.039   178.208   179.136   180.330   181.255   183.642   184.520
   199.339   198.873   201.042   200.114   201.307   200.382   202.768   203.647
    84.794    85.260    83.091    84.019    85.212    86.138    88.524    89.403
   105.628   106.094   103.924   102.996   104.190   105.115   107.502   106.623
    55.481    55.015    52.846    53.774    52.581    53.506    51.120    50.241
    34.843    34.377    36.547    35.619    36.812    35.887    33.500    34.378
    50.147    49.681    47.511    46.583    45.390    44.464    42.078    42.956
    42.836    43.302    41.132    42.060    40.867    39.941    37.555    36.676
    72.866    72.400    74.569    73.641    72.447    71.522    69.135    68.257

 Columns 57 through 64:

   180.600   180.940   181.572   183.425   182.789   183.720   184.804   183.824
   186.822   187.162   186.530   188.383   189.020   189.951   191.035   192.015
   205.948   205.608   206.241   208.094   208.731   207.799   206.715   207.695
    91.705    92.045    92.677    90.823    90.187    91.118    90.034    89.054
   104.322   104.662   104.029   105.883   106.520   107.451   106.367   107.347
    47.940    47.600    46.967    45.114    45.751    44.819    43.735    44.715
    32.077    31.737    31.105    32.958    32.321    31.390    32.474    31.494
    45.258    44.918    45.550    43.696    43.060    42.128    43.212    42.232
    34.375    34.035    33.403    31.549    32.186    33.117    32.033    33.013
    65.955    66.295    66.928    65.074    64.437    63.506    64.590    63.610

 Columns 65 through 72:

   184.650   186.405   186.220   187.923   187.140   186.785   187.460   188.830
   191.190   192.945   193.130   194.833   195.616   195.971   196.646   198.017
   208.521   206.765   206.950   208.653   209.436   209.791   209.116   210.486
    89.880    88.124    87.939    86.237    85.454    85.098    85.774    87.144
   108.173   106.417   106.602   108.305   107.522   107.877   108.552   109.923
    43.889    42.134    41.949    40.246    41.029    41.385    40.709    39.339
    32.319    34.075    34.260    32.557    31.774    31.419    30.744    29.373
    41.406    43.162    42.977    41.274    40.491    40.846    40.171    38.801
    32.188    33.943    34.128    35.831    36.614    36.258    36.934    35.564
    62.784    61.029    60.844    59.141    59.924    59.569    58.894    57.523

 Columns 73 through 80:

   189.367   189.695   190.213   189.349   189.799   190.817   190.274   190.847
   198.554   198.882   199.400   200.264   199.814   198.796   199.339   198.766
   209.949   209.621   209.103   209.968   210.418   211.436   211.979   212.552
    86.607    86.279    85.761    84.897    85.347    84.329    84.872    85.445
   110.460   110.788   110.270   109.406   108.955   107.937   107.395   107.968
    38.802    39.130    39.648    40.513    40.963    41.981    41.438    40.865
    28.836    29.165    28.647    29.511    29.061    30.079    30.622    30.049
    38.264    37.936    37.418    36.553    36.103    37.121    36.578    37.151
    36.101    35.772    36.290    35.426    34.976    33.958    33.415    32.842
    58.060    57.732    58.250    59.114    59.565    58.547    59.089    58.516

 Columns 81 through 88:

   190.698   191.353   191.117   191.786   192.004   191.489   191.914   192.389
   198.617   199.271   199.507   198.838   199.057   199.572   199.147   199.622
   212.701   212.046   212.282   212.951   212.732   213.247   213.672   213.197
    85.594    84.939    85.175    85.844    85.625    86.140    85.715    86.190
   107.818   108.473   108.709   108.040   107.821   108.336   108.761   109.236
    41.014    40.360    40.124    39.455    39.674    39.158    38.734    39.209
    30.198    30.853    31.089    31.757    31.539    32.054    32.479    32.004
    37.002    36.347    36.111    35.442    35.224    34.709    35.134    34.659
    32.991    33.646    33.410    34.079    34.298    33.783    33.358    32.883
    58.367    57.712    57.477    56.808    57.026    56.511    56.086    55.611

 Columns 89 through 96:

   191.133   190.970   192.585   193.154   194.722   194.108   195.166   196.269
   200.879   201.041   202.656   203.225   204.793   205.406   206.464   207.567
   214.454   214.616   216.231   215.662   217.230   217.843   218.901   217.798
    87.447    87.609    89.224    89.793    88.225    88.839    87.782    88.885
   107.980   107.817   106.202   105.633   104.066   103.452   102.394   101.291
    37.952    37.790    36.175    35.606    34.038    34.652    33.594    34.697
    33.260    33.423    31.808    31.239    32.806    32.192    31.135    32.238
    33.402    33.240    34.855    34.286    32.718    32.104    33.162    32.059
    34.139    33.977    32.362    32.931    34.498    35.112    34.054    32.951
    54.355    54.517    52.902    53.471    51.904    51.290    52.348    51.245

 Columns 97 through 104:

   198.042   198.612   198.861   198.926   200.551   201.654   202.393   203.613
   209.341   209.910   210.160   210.095   211.719   212.822   213.561   214.781
   219.572   219.003   218.753   218.818   220.443   221.546   220.807   222.027
    87.111    86.542    86.292    86.227    84.603    85.706    86.445    85.225
    99.517    98.948    99.198    99.263    97.639    98.742    98.003    99.223
    32.924    33.493    33.243    33.178    34.802    33.699    34.438    33.218
    30.464    29.895    29.645    29.710    28.086    26.983    26.244    25.024
    33.833    34.402    34.651    34.586    36.210    35.107    34.368    35.589
    34.725    35.294    35.045    34.980    33.355    32.252    31.513    30.293
    49.471    48.902    49.151    49.217    47.592    46.489    47.228    46.008

 Columns 105 through 112:

   204.779   205.441   206.231   206.508   206.971   208.031   208.183   208.925
   215.947   215.286   214.496   214.773   214.310   215.370   215.523   216.264
   223.193   223.855   224.645   224.368   224.830   225.890   225.738   226.480
    86.391    85.729    84.939    85.216    84.753    83.693    83.541    84.283
   100.389    99.727    98.938    99.215    98.752    99.812    99.964    99.222
    32.052    32.714    33.503    33.226    33.689    32.629    32.781    32.040
    23.857    24.519    25.309    25.032    24.569    23.509    23.357    22.615
    34.423    35.084    34.295    34.017    33.555    32.495    32.647    31.905
    29.127    28.465    29.255    29.532    29.994    31.054    30.902    30.160
    44.842    44.180    43.390    43.113    43.575    42.516    42.363    43.105

 Columns 113 through 120:

   209.742   210.361   209.217   210.824   211.110   211.358   211.538   212.401
   217.081   217.700   218.845   220.452   220.739   220.491   220.311   221.174
   225.663   226.282   227.426   229.034   228.747   228.995   229.175   230.038
    83.466    84.085    82.941    81.333    81.047    80.799    80.979    80.115
    98.405    99.024    97.880    96.273    96.559    96.807    96.987    97.850
    31.223    30.603    31.748    30.140    29.854    30.102    29.923    29.059
    23.432    22.813    23.958    25.565    25.279    25.031    24.851    25.714
    31.088    30.469    29.325    30.932    31.219    30.971    30.791    29.928
    30.977    30.358    31.502    29.895    30.181    30.429    30.609    29.746
    43.922    43.303    42.159    40.551    40.265    40.017    39.838    38.974

 Columns 121 through 128:

   213.239   213.202   213.925   213.671   213.618   214.058   213.883   215.039
   220.336   220.298   219.576   219.829   219.776   220.216   220.391   221.547
   230.876   230.914   231.636   231.890   231.943   231.503   231.678   232.833
    79.277    79.239    78.517    78.770    78.823    79.263    79.088    80.244
    97.011    96.974    97.696    97.443    97.390    96.950    97.125    95.969
    28.221    28.258    28.981    29.234    29.287    28.847    29.022    27.866
    26.553    26.590    27.313    27.060    27.113    27.553    27.378    26.222
    30.767    30.804    30.082    29.828    29.775    30.215    30.391    29.235
    30.584    30.622    29.899    30.153    30.205    29.765    29.590    28.435
    38.136    38.098    37.376    37.123    37.070    36.630    36.455    37.610

 Columns 129 through 136:

   214.797   213.989   215.378   215.400   215.656   215.475   215.480   215.962
   221.789   222.597   223.986   224.008   224.264   224.083   224.078   223.596
   233.076   233.883   235.273   235.251   234.995   235.176   235.181   234.699
    80.001    79.194    80.583    80.561    80.305    80.125    80.130    80.612
    96.212    95.404    94.015    94.036    94.292    94.112    94.117    93.635
    28.109    27.301    25.911    25.890    25.634    25.453    25.448    25.930
    26.464    27.272    28.661    28.639    28.384    28.564    28.559    29.041
    28.993    28.185    26.796    26.774    26.518    26.699    26.694    27.176
    28.192    29.000    27.611    27.633    27.888    28.069    28.064    27.582
    37.368    38.176    36.786    36.808    37.064    37.245    37.250    36.768

 Columns 137 through 144:

   216.144   216.076   216.803   217.721   218.031   217.815   217.952   218.037
   223.414   223.483   222.756   223.674   223.363   223.579   223.716   223.631
   234.881   234.812   235.539   236.457   236.768   236.983   236.846   236.761
    80.430    80.498    79.771    78.853    79.163    78.947    79.084    79.170
    93.817    93.748    93.021    92.103    91.793    92.008    92.146    92.061
    25.748    25.679    26.407    25.489    25.178    24.963    25.100    25.185
    28.859    28.928    29.655    30.573    30.263    30.478    30.341    30.256
    27.358    27.426    28.153    27.235    26.925    27.141    27.004    27.089
    27.764    27.833    27.106    28.024    28.334    28.118    27.981    27.896
    36.586    36.517    35.790    34.872    35.182    34.966    34.829    34.914

 Columns 145 through 152:

   218.169   218.645   218.719   219.450   219.904   220.110   219.952   220.335
   223.763   224.239   224.164   224.896   224.442   224.235   224.077   223.693
   236.629   236.154   236.080   236.811   237.265   237.471   237.630   238.013
    79.301    78.826    78.752    78.020    78.474    78.267    78.109    78.492
    91.929    92.404    92.330    93.061    92.608    92.814    92.655    92.272
    25.053    24.577    24.503    23.772    23.318    23.525    23.684    24.067
    30.388    29.913    29.987    29.256    29.709    29.916    30.075    30.458
    26.957    26.482    26.556    27.287    26.833    26.627    26.468    26.085
    27.764    28.240    28.314    27.583    28.036    27.830    27.988    27.605
    35.046    35.521    35.596    34.864    34.411    34.204    34.363    33.980

 Columns 153 through 160:

   220.827   221.357   222.114   221.821   221.752   222.398   221.744   222.838
   224.185   223.655   224.411   224.118   224.049   224.696   225.350   226.445
   237.522   238.052   238.809   239.102   239.171   239.818   240.472   241.567
    78.000    78.530    79.287    78.994    78.925    78.278    77.624    76.529
    92.764    92.233    91.477    91.183    91.114    91.761    91.106    90.011
    23.575    24.106    23.349    23.642    23.711    23.065    23.719    22.624
    29.966    29.436    30.193    30.486    30.555    31.201    31.856    32.951
    26.577    26.046    25.289    25.583    25.652    25.005    25.660    24.565
    27.113    26.583    25.826    26.120    26.188    25.542    24.887    25.982
    34.472    35.002    34.245    33.952    33.883    33.236    32.582    31.487

 Columns 161 through 168:

   224.025   223.282   224.351   224.629   224.996   225.501   225.689   225.883
   227.632   228.374   229.444   229.167   229.534   229.029   229.217   229.024
   242.753   243.496   244.566   244.843   245.210   245.715   245.527   245.721
    75.342    74.600    73.530    73.253    72.885    73.390    73.202    73.396
    88.825    88.082    87.013    86.735    87.103    86.598    86.786    86.592
    21.438    20.695    19.626    19.349    18.981    19.486    19.298    19.104
    31.765    31.022    29.953    30.230    29.862    29.358    29.169    28.975
    25.751    26.494    25.424    25.147    24.780    24.275    24.463    24.269
    27.168    27.911    28.981    29.258    28.890    29.395    29.584    29.778
    30.300    31.043    32.113    32.390    32.757    32.253    32.064    32.258

 Columns 169 through 176:

   226.200   226.805   226.839   227.104   227.040   227.421   227.477   227.721
   229.341   229.945   229.911   229.647   229.710   230.090   230.146   230.390
   246.039   245.434   245.468   245.204   245.267   245.647   245.591   245.835
    73.713    73.109    73.143    72.879    72.942    72.562    72.618    72.374
    86.909    86.305    86.339    86.074    86.138    86.518    86.574    86.818
    18.787    18.182    18.148    18.412    18.349    17.969    17.913    17.669
    28.658    28.053    28.019    27.755    27.692    28.072    28.016    27.772
    23.952    24.556    24.590    24.855    24.918    24.538    24.594    24.838
    29.460    30.065    30.031    30.295    30.232    29.852    29.796    29.552
    31.941    32.545    32.511    32.776    32.713    32.332    32.276    32.032

 Columns 177 through 184:

   227.257   226.911   227.142   226.939   227.575   226.902   227.343   227.349
   230.854   231.200   230.969   230.766   231.402   232.075   232.515   232.510
   246.299   246.645   246.876   246.673   246.037   246.710   246.269   246.263
    71.910    71.564    71.795    71.592    70.957    70.284    70.725    70.731
    87.282    87.628    87.397    87.194    86.558    85.885    85.445    85.439
    18.133    18.478    18.709    18.912    19.548    20.221    19.780    19.786
    28.235    27.890    27.659    27.861    28.497    29.170    29.611    29.605
    24.374    24.720    24.489    24.692    24.056    23.383    23.824    23.818
    29.088    28.742    28.973    29.176    28.540    29.213    28.772    28.778
    31.568    31.223    30.992    31.194    31.830    31.157    30.716    30.722

 Columns 185 through 192:

   227.513   227.098   226.998   227.586   227.251   227.760   227.193   227.575
   232.674   233.089   233.189   233.777   234.112   234.622   235.189   235.571
   246.427   246.842   246.742   246.154   245.819   246.328   246.896   247.278
    70.895    70.480    70.580    69.992    69.656    70.166    69.598    69.980
    85.603    86.018    85.918    85.329    84.994    84.484    83.917    83.535
    19.621    20.036    20.136    19.548    19.884    19.374    18.807    18.425
    29.441    29.026    28.926    29.514    29.849    29.340    28.772    28.390
    23.654    23.239    23.139    22.551    22.887    22.377    22.945    22.563
    28.614    29.029    29.129    29.717    29.381    28.872    29.439    29.821
    30.558    30.143    30.243    30.832    31.167    31.676    32.244    31.862

 Columns 193 through 200:

   228.219   228.232   228.316   228.852   229.288   229.786   230.202   230.295
   236.215   236.228   236.144   236.680   236.245   236.743   237.158   237.251
   247.922   247.908   247.993   247.457   247.892   248.390   248.806   248.899
    69.336    69.349    69.434    69.970    69.534    69.036    69.452    69.359
    82.891    82.904    82.820    82.284    81.848    81.350    81.765    81.858
    17.781    17.767    17.683    18.219    17.784    17.286    16.870    16.777
    29.034    29.021    29.105    28.569    29.005    29.503    29.087    28.994
    21.919    21.932    22.016    22.553    22.988    22.490    22.075    21.982
    30.465    30.452    30.368    29.832    30.267    30.765    30.350    30.257
    31.218    31.205    31.121    30.584    30.149    29.651    29.235    29.328

 Columns 201 through 208:

   229.953   229.488   229.720   229.605   229.698   229.812   230.924   231.152
   237.592   238.058   238.290   238.175   238.082   238.196   239.309   239.082
   248.557   249.023   248.791   248.906   248.998   249.112   250.225   250.452
    69.018    69.483    69.251    69.136    69.043    69.157    68.045    67.817
    81.517    81.051    81.284    81.169    81.076    81.190    80.078    79.850
    17.119    17.584    17.816    17.931    17.838    17.724    18.837    18.610
    28.653    28.188    27.956    28.071    28.163    28.049    26.937    27.164
    22.323    21.858    21.625    21.740    21.833    21.719    20.607    20.834
    30.598    30.133    30.365    30.250    30.157    30.043    31.156    31.383
    29.669    30.135    29.903    30.018    30.111    29.996    28.884    28.657

 Columns 209 through 216:

   231.453   231.829   232.292   232.614   232.869   232.405   232.351   232.753
   239.383   239.759   240.222   239.901   240.156   239.693   239.747   239.346
   250.754   251.130   251.593   251.272   251.527   251.990   252.045   252.447
    68.119    67.743    67.280    67.601    67.856    68.320    68.265    67.863
    79.549    79.925    80.388    80.067    80.322    79.859    79.913    79.511
    18.308    17.932    17.469    17.790    17.535    17.998    17.944    17.542
    26.862    27.239    26.775    26.454    26.199    25.736    25.681    26.083
    20.532    20.156    20.619    20.941    20.685    20.222    20.276    20.678
    31.081    30.705    30.242    29.921    29.666    30.129    30.183    30.585
    28.958    28.582    28.119    28.440    28.185    28.648    28.594    28.192

 Columns 217 through 224:

   232.865   232.792   232.695   232.547   232.697   232.781   232.700   232.289
   239.458   239.385   239.482   239.333   239.483   239.567   239.649   240.060
   252.334   252.407   252.504   252.653   252.803   252.887   252.969   252.558
    67.751    67.824    67.727    67.579    67.429    67.513    67.432    67.021
    79.624    79.551    79.647    79.499    79.649    79.733    79.814    79.403
    17.429    17.502    17.599    17.748    17.598    17.514    17.432    17.843
    25.970    26.044    26.140    26.289    26.139    26.055    26.136    25.725
    20.791    20.718    20.621    20.770    20.920    20.835    20.917    21.327
    30.698    30.771    30.675    30.823    30.673    30.589    30.508    30.919
    28.079    28.006    27.909    27.760    27.610    27.526    27.445    27.856

 Columns 225 through 232:

   233.109   233.717   233.605   234.092   233.761   233.437   233.094   233.363
   240.880   241.488   241.376   241.863   242.193   242.517   242.860   242.592
   253.378   253.986   253.874   254.361   254.030   253.706   254.049   254.318
    66.200    66.808    66.696    67.183    66.852    66.528    66.872    67.140
    78.583    77.975    77.863    77.377    77.046    76.722    76.379    76.110
    17.023    16.415    16.527    16.040    16.371    16.695    17.038    16.769
    24.905    24.297    24.409    24.895    25.226    25.550    25.893    26.161
    22.148    22.756    22.867    22.381    22.050    22.373    22.030    22.299
    30.098    29.490    29.602    29.116    29.447    29.123    28.780    28.511
    28.676    28.068    28.180    27.693    28.024    28.348    28.005    27.736

 Columns 233 through 240:

   233.945   234.242   234.431   234.709   235.270   236.065   235.882   236.539
   243.174   242.877   242.687   242.964   243.526   244.321   244.137   244.795
   254.900   254.603   254.793   254.516   255.077   255.872   256.055   255.398
    66.558    66.855    66.665    66.387    66.949    66.154    66.337    65.680
    75.528    75.232    75.422    75.144    74.583    75.378    75.195    74.537
    16.187    16.484    16.674    16.396    15.835    16.630    16.813    17.471
    26.744    26.447    26.257    26.534    25.973    25.178    24.995    24.338
    22.881    23.178    22.988    23.265    23.826    23.032    22.849    23.506
    27.929    27.632    27.442    27.165    26.604    25.809    25.992    25.335
    27.154    27.451    27.641    27.918    27.357    26.562    26.745    27.403

 Columns 241 through 248:

   236.205   236.562   237.631   237.697   237.380   237.474   237.427   237.485
   245.129   245.486   246.555   246.621   246.304   246.210   246.164   246.107
   255.732   256.088   257.158   257.092   257.409   257.315   257.361   257.418
    65.345    65.702    64.632    64.698    64.381    64.475    64.522    64.465
    74.203    73.847    72.777    72.843    72.526    72.432    72.386    72.443
    17.805    17.448    18.518    18.584    18.267    18.361    18.407    18.464
    24.672    25.028    26.098    26.032    26.349    26.442    26.489    26.432
    23.172    22.816    21.746    21.680    21.997    21.903    21.950    22.007
    25.001    24.644    23.575    23.509    23.826    23.732    23.685    23.628
    27.737    27.380    26.311    26.245    26.562    26.656    26.609    26.552

 Columns 249 through 256:

   237.361   237.193   237.068   237.551   237.433   237.379   237.414   237.878
   246.230   246.398   246.272   246.755   246.637   246.583   246.618   247.082
   257.542   257.710   257.835   257.352   257.470   257.416   257.451   256.988
    64.341    64.173    64.048    64.531    64.413    64.359    64.324    63.860
    72.319    72.152    72.026    71.543    71.425    71.371    71.406    70.942
    18.341    18.509    18.634    19.117    19.235    19.289    19.254    18.790
    26.555    26.723    26.849    27.332    27.450    27.504    27.539    28.003
    21.883    21.716    21.590    21.107    21.225    21.279    21.244    20.780
    23.752    23.584    23.710    23.226    23.345    23.398    23.363    23.827
    26.675    26.843    26.969    26.486    26.367    26.421    26.386    26.850

 Columns 257 through 264:

   238.157   238.277   238.092   238.790   239.179   239.261   239.257   239.153
   247.361   247.482   247.667   248.364   248.754   248.836   248.832   248.936
   257.267   257.387   257.202   256.504   256.894   256.812   256.808   256.704
    64.139    64.259    64.445    63.747    63.357    63.439    63.443    63.339
    71.221    71.342    71.156    70.459    70.069    70.151    70.147    70.043
    18.511    18.391    18.206    18.903    18.513    18.595    18.600    18.495
    27.724    27.603    27.789    27.091    27.481    27.399    27.395    27.499
    20.501    20.381    20.566    19.868    19.478    19.396    19.401    19.505
    23.548    23.428    23.242    23.940    23.550    23.468    23.472    23.576
    26.571    26.451    26.636    27.333    27.723    27.641    27.645    27.750

 Columns 265 through 272:

   238.920   239.144   239.848   239.514   239.751   239.706   239.359   239.238
   249.169   249.392   250.096   250.430   250.667   250.622   250.970   250.848
   256.471   256.248   255.544   255.210   254.973   255.017   254.670   254.549
    63.107    63.330    62.627    62.293    62.530    62.574    62.227    62.106
    69.810    69.587    68.883    68.549    68.312    68.268    67.920    67.799
    18.728    18.504    19.208    19.542    19.304    19.349    19.696    19.818
    27.267    27.490    26.787    26.453    26.690    26.734    27.081    27.203
    19.737    19.514    20.217    20.551    20.788    20.744    21.091    21.212
    23.809    23.585    22.882    23.216    22.978    23.023    23.370    23.492
    27.982    28.206    28.909    29.243    29.006    28.962    28.614    28.736

 Columns 273 through 280:

   239.427   239.798   239.492   239.384   239.269   239.287   239.594   239.692
   250.659   251.031   250.724   250.616   250.732   250.713   250.406   250.309
   254.360   254.731   255.038   255.146   255.261   255.280   255.586   255.489
    61.917    61.545    61.852    61.960    62.075    62.093    62.400    62.498
    67.610    67.982    67.675    67.567    67.452    67.470    67.164    67.066
    20.007    20.378    20.685    20.577    20.462    20.480    20.787    20.689
    27.392    27.020    26.714    26.821    26.706    26.687    26.380    26.478
    21.401    21.030    21.337    21.444    21.560    21.541    21.234    21.137
    23.303    22.931    23.238    23.130    23.015    22.996    23.303    23.401
    28.925    28.553    28.247    28.354    28.470    28.451    28.144    28.242

 Columns 281 through 288:

   239.934   239.896   240.242   240.649   240.900   240.912   241.288   241.572
   250.066   250.105   249.759   250.166   250.417   250.428   250.804   251.089
   255.731   255.769   256.116   256.523   256.272   256.260   255.884   255.600
    62.740    62.779    62.433    62.025    61.774    61.786    61.410    61.694
    66.823    66.785    66.439    66.031    65.781    65.793    65.417    65.132
    20.932    20.893    21.239    20.832    20.581    20.570    20.194    19.909
    26.721    26.682    27.028    26.621    26.872    26.860    27.236    26.952
    20.894    20.856    21.202    21.610    21.359    21.347    20.971    21.255
    23.159    23.197    22.851    23.258    23.509    23.497    23.873    23.589
    28.000    28.038    27.692    27.285    27.535    27.547    27.923    28.207

 Columns 289 through 296:

   241.774   241.437   241.704   241.934   242.295   242.596   242.887   243.422
   251.291   250.953   251.221   250.990   251.351   251.652   251.943   252.478
   255.803   256.141   255.873   256.104   256.464   256.163   256.455   255.920
    61.897    61.559    61.827    61.596    61.957    61.656    61.364    61.898
    65.335    64.997    64.730    64.499    64.860    65.161    65.452    64.918
    19.707    20.045    19.777    19.547    19.186    19.487    19.196    19.730
    26.749    27.087    26.819    26.589    26.228    25.927    25.636    25.102
    21.053    21.390    21.658    21.888    21.528    21.829    21.537    22.072
    23.386    23.724    23.457    23.687    23.327    23.026    23.317    22.783
    28.005    27.667    27.934    28.165    27.804    27.503    27.212    26.678

 Columns 297 through 304:

   243.434   243.538   243.628   243.692   243.471   243.952   243.477   243.731
   252.465   252.361   252.271   252.334   252.114   252.595   253.070   253.324
   255.908   256.011   256.102   256.039   256.259   256.740   257.215   256.961
    61.886    61.782    61.692    61.755    61.975    62.456    61.981    62.235
    64.930    65.034    64.944    64.881    64.660    64.179    63.704    63.450
    19.743    19.639    19.549    19.486    19.706    19.225    19.700    19.954
    25.089    25.192    25.283    25.346    25.566    25.085    24.610    24.356
    22.084    21.981    22.071    22.134    21.914    22.395    21.920    22.174
    22.796    22.899    22.809    22.746    22.966    22.485    22.960    22.706
    26.665    26.561    26.652    26.589    26.368    25.887    26.362    26.108

 Columns 305 through 312:

   243.365   243.316   243.751   243.192   243.732   244.147   244.393   244.241
   253.690   253.739   254.174   254.734   255.275   254.860   254.614   254.766
   257.327   257.376   256.941   257.500   256.960   256.545   256.299   256.451
    61.869    61.820    61.385    60.825    60.285    59.870    60.116    60.268
    63.084    63.133    62.698    62.138    61.597    61.183    60.937    60.785
    19.589    19.540    19.975    19.415    18.874    19.289    19.535    19.383
    24.722    24.673    24.238    23.678    24.219    24.633    24.387    24.235
    22.540    22.589    22.154    22.713    22.173    21.758    22.004    22.156
    23.072    23.023    23.458    24.018    24.559    24.973    25.219    25.371
    25.742    25.791    26.227    26.786    27.327    27.742    27.496    27.344

 Columns 313 through 320:

   244.753   244.705   244.883   244.567   244.411   244.411   244.461   244.442
   255.278   255.326   255.148   255.464   255.308   255.308   255.358   255.339
   256.963   256.915   256.737   257.053   257.208   257.208   257.159   257.140
    59.756    59.708    59.885    60.201    60.045    60.045    60.095    60.076
    60.273    60.224    60.047    59.731    59.576    59.576    59.526    59.508
    18.871    18.823    19.001    19.316    19.161    19.161    19.111    19.130
    23.723    23.772    23.594    23.278    23.434    23.434    23.384    23.403
    22.668    22.716    22.894    22.578    22.734    22.734    22.783    22.802
    25.883    25.932    26.109    26.425    26.580    26.580    26.630    26.648
    26.832    26.880    26.702    26.387    26.542    26.542    26.493    26.511

 Columns 321 through 328:

   244.773   245.043   245.560   245.620   245.385   245.496   245.464   245.511
   255.670   255.401   255.918   255.858   256.093   256.204   256.237   256.189
   257.471   257.202   257.719   257.779   258.014   257.904   257.871   257.919
    60.407    60.138    60.655    60.595    60.830    60.941    60.974    60.926
    59.177    58.907    58.390    58.450    58.215    58.104    58.072    58.119
    19.461    19.730    20.247    20.187    19.952    19.841    19.874    19.922
    23.072    23.341    22.824    22.884    22.649    22.538    22.506    22.458
    22.471    22.740    22.223    22.283    22.518    22.629    22.596    22.548
    26.317    26.587    26.069    26.009    26.244    26.355    26.388    26.435
    26.180    25.911    25.394    25.333    25.098    24.988    25.020    24.973

 Columns 329 through 336:

   245.570   245.557   245.598   245.527   245.507   245.957   246.446   246.380
   256.248   256.235   256.276   256.346   256.325   255.875   255.386   255.320
   257.978   257.991   257.950   257.880   257.900   258.351   258.840   258.774
    60.985    60.998    60.957    60.887    60.908    60.457    59.968    59.903
    58.178    58.165    58.206    58.276    58.255    57.805    57.316    57.250
    19.863    19.876    19.917    19.987    19.966    20.416    19.927    19.993
    22.399    22.386    22.345    22.275    22.296    22.746    23.235    23.301
    22.489    22.476    22.436    22.365    22.344    21.894    22.383    22.449
    26.376    26.389    26.430    26.500    26.521    26.071    26.560    26.626
    24.914    24.927    24.886    24.956    24.977    25.428    24.938    25.004

 Columns 337 through 344:

   246.512   246.024   246.312   246.170   246.543   246.526   246.495   246.760
   255.452   255.941   255.652   255.794   256.167   256.150   256.119   255.854
   258.906   259.395   259.684   259.542   259.169   259.153   259.122   259.387
    59.770    59.282    58.993    58.851    58.479    58.495    58.464    58.199
    57.382    56.894    56.605    56.463    56.091    56.074    56.043    55.778
    19.861    20.350    20.638    20.780    21.153    21.136    21.167    21.432
    23.169    23.657    23.946    24.088    24.460    24.477    24.508    24.773
    22.317    21.828    22.116    22.258    21.886    21.903    21.934    21.669
    26.758    26.269    25.980    26.123    25.750    25.767    25.798    26.063
    24.872    25.361    25.072    24.930    25.302    25.319    25.350    25.085

 Columns 345 through 352:

   247.413   247.772   247.808   248.133   248.243   248.215   248.321   248.069
   255.201   254.842   254.806   255.131   255.241   255.213   255.107   255.359
   260.040   260.399   260.435   260.759   260.649   260.621   260.515   260.767
    57.546    57.187    57.223    56.898    56.788    56.760    56.865    56.614
    55.125    54.766    54.730    55.055    54.944    54.916    54.810    54.558
    22.085    21.726    21.690    21.365    21.476    21.504    21.399    21.147
    25.426    25.785    25.821    25.496    25.607    25.635    25.530    25.781
    22.322    22.681    22.645    22.970    22.859    22.887    22.993    23.245
    25.410    25.769    25.805    25.480    25.591    25.619    25.725    25.977
    24.432    24.073    24.037    23.712    23.602    23.630    23.736    23.484

 Columns 353 through 360:

   248.099   248.165   248.006   248.207   248.036   247.865   248.104   248.415
   255.329   255.263   255.422   255.221   255.392   255.563   255.803   256.114
   260.796   260.731   260.572   260.772   260.943   261.114   261.354   261.665
    56.584    56.650    56.491    56.692    56.521    56.350    56.110    56.422
    54.588    54.522    54.364    54.163    53.992    54.163    54.403    54.092
    21.117    21.051    21.210    21.009    21.180    21.009    20.769    20.458
    25.811    25.745    25.904    26.104    25.934    26.105    25.866    25.554
    23.215    23.281    23.439    23.640    23.469    23.298    23.537    23.226
    25.947    26.013    25.854    25.654    25.824    25.653    25.414    25.725
    23.514    23.580    23.738    23.538    23.708    23.879    23.640    23.329

data/rawdata/iteration_duration/p_10-ctlg_1e+06-ctlg_eps_0-ctlg_perm_1-alpha0_1-alpha_eps_0-lambda_1e+08-req_prop_0.28_0.28_0.28_0.04_0.02_0.02_0.02_0.02_0.02_0.02-R_perm_1-T_1e+01-K_1e+03-dspsa_orig-norm_no-coeff_adaptive-boost_1-tot_time_1-seed_1.mdat written

success
