ans = epochs are
ans =  36
1/36; 2/36; 3/36; 4/36; 5/36; 6/36; 7/36; 8/36; 9/36; 10/36; 11/36; 12/36; 13/36; 14/36; 15/36; 16/36; 17/36; 18/36; 19/36; 20/36; 21/36; 22/36; 23/36; 24/36; 25/36; 26/36; 27/36; 28/36; 29/36; 30/36; 31/36; 32/36; 33/36; 34/36; 35/36; 36/36; hist_theta =

 Columns 1 through 8:

   99.500   99.500   99.500   99.500   99.500   99.500   99.500   99.500
   99.500   99.500   99.500   99.500   99.500   99.500   99.500   99.500
   99.500   99.500   99.500   99.500   99.500   99.500   99.500   99.500
   99.500   99.500   99.500   99.500   99.500   99.500   99.500   99.500
   99.500   99.500   99.500   99.500   99.500   99.500   99.500   99.500
   99.500   99.500   99.500   99.500   99.500   99.500   99.500   99.500
   99.500   99.500   99.500   99.500   99.500   99.500   99.500   99.500
   99.500   99.500   99.500   99.500   99.500   99.500   99.500   99.500
   99.500   99.500   99.500   99.500   99.500   99.500   99.500   99.500
   99.500   99.500   99.500   99.500   99.500   99.500   99.500   99.500

 Columns 9 through 16:

   99.500   99.500   99.500   99.500   99.500   99.500   99.500   99.500
   99.500   99.500   99.500   99.500   99.500   99.500   99.500   99.500
   99.500   99.500   99.500   99.500   99.500   99.500   99.500   99.500
   99.500   99.500   99.500   99.500   99.500   99.500   99.500   99.500
   99.500   99.500   99.500   99.500   99.500   99.500   99.500   99.500
   99.500   99.500   99.500   99.500   99.500   99.500   99.500   99.500
   99.500   99.500   99.500   99.500   99.500   99.500   99.500   99.500
   99.500   99.500   99.500   99.500   99.500   99.500   99.500   99.500
   99.500   99.500   99.500   99.500   99.500   99.500   99.500   99.500
   99.500   99.500   99.500   99.500   99.500   99.500   99.500   99.500

 Columns 17 through 24:

   99.500   99.500   99.500   99.500   99.500   99.500   99.500   99.500
   99.500   99.500   99.500   99.500   99.500   99.500   99.500   99.500
   99.500   99.500   99.500   99.500   99.500   99.500   99.500   99.500
   99.500   99.500   99.500   99.500   99.500   99.500   99.500   99.500
   99.500   99.500   99.500   99.500   99.500   99.500   99.500   99.500
   99.500   99.500   99.500   99.500   99.500   99.500   99.500   99.500
   99.500   99.500   99.500   99.500   99.500   99.500   99.500   99.500
   99.500   99.500   99.500   99.500   99.500   99.500   99.500   99.500
   99.500   99.500   99.500   99.500   99.500   99.500   99.500   99.500
   99.500   99.500   99.500   99.500   99.500   99.500   99.500   99.500

 Columns 25 through 32:

   99.500   99.500   99.500   99.500   99.500   99.500   99.500   99.500
   99.500   99.500   99.500   99.500   99.500   99.500   99.500   99.500
   99.500   99.500   99.500   99.500   99.500   99.500   99.500   99.500
   99.500   99.500   99.500   99.500   99.500   99.500   99.500   99.500
   99.500   99.500   99.500   99.500   99.500   99.500   99.500   99.500
   99.500   99.500   99.500   99.500   99.500   99.500   99.500   99.500
   99.500   99.500   99.500   99.500   99.500   99.500   99.500   99.500
   99.500   99.500   99.500   99.500   99.500   99.500   99.500   99.500
   99.500   99.500   99.500   99.500   99.500   99.500   99.500   99.500
   99.500   99.500   99.500   99.500   99.500   99.500   99.500   99.500

 Columns 33 through 36:

   99.500   99.500   99.500   99.500
   99.500   99.500   99.500   99.500
   99.500   99.500   99.500   99.500
   99.500   99.500   99.500   99.500
   99.500   99.500   99.500   99.500
   99.500   99.500   99.500   99.500
   99.500   99.500   99.500   99.500
   99.500   99.500   99.500   99.500
   99.500   99.500   99.500   99.500
   99.500   99.500   99.500   99.500

data/rawdata/iteration_duration/p_10-ctlg_1e+06-ctlg_eps_0-ctlg_perm_1-alpha0_1-alpha_eps_0-lambda_1e+08-req_prop_0.28_0.28_0.28_0.04_0.02_0.02_0.02_0.02_0.02_0.02-R_perm_1-T_1e+02-K_1e+03-csda-norm_no-coeff_no-boost_1-tot_time_1-seed_1.mdat written

success
