
<<< setup


<<< generate

Found incumbent of value 0.000000 after 0.02 sec. (7.73 ticks)
Tried aggregator 5 times.
MIP Presolve eliminated 344352 rows and 145232 columns.
MIP Presolve modified 873 coefficients.
Aggregator did 8701 substitutions.
Reduced MIP has 3482 rows, 7828 columns, and 17396 nonzeros.
Reduced MIP has 870 binaries, 0 generals, 0 SOSs, and 0 indicators.
Presolve time = 0.88 sec. (542.52 ticks)
Probing time = 0.01 sec. (0.34 ticks)
Tried aggregator 1 time.
Reduced MIP has 3482 rows, 7828 columns, and 17396 nonzeros.
Reduced MIP has 870 binaries, 0 generals, 0 SOSs, and 0 indicators.
Presolve time = 0.03 sec. (13.36 ticks)
Probing time = 0.01 sec. (0.34 ticks)
MIP emphasis: balance optimality and feasibility.
MIP search method: dynamic search.
Parallel mode: deterministic, using up to 8 threads.
Root relaxation solution time = 0.12 sec. (91.41 ticks)

        Nodes                                         Cuts/
   Node  Left     Objective  IInf  Best Integer    Best Bound    ItCnt     Gap

*     0+    0                            0.0000     8731.9709              --- 
*     0+    0                         1198.2753     8731.9709           628.71%
      0     0     2041.0000   763     1198.2753     2041.0000     3062   70.33%
*     0+    0                         1779.2177     2041.0000            14.71%
      0     0     1940.8224   233     1779.2177     Cuts: 970     4985    9.08%
*     0+    0                         1784.7578     1940.8224             8.74%
*     0     0      integral     0     1818.4243     Cuts: 678     6540    0.00%
      0     0        cutoff           1818.4243     1818.4243     6540    0.00%
Elapsed time = 1.87 sec. (1270.10 ticks, tree = 0.00 MB, solutions = 5)

Implied bound cuts applied:  14
Flow cuts applied:  805
Mixed integer rounding cuts applied:  515
Gomory fractional cuts applied:  314

Root node processing (before b&c):
  Real time             =    1.90 sec. (1279.35 ticks)
Parallel b&c, 8 threads:
  Real time             =    0.00 sec. (0.00 ticks)
  Sync time (average)   =    0.00 sec.
  Wait time (average)   =    0.00 sec.
                          ------------
Total (root+branch&cut) =    1.90 sec. (1279.35 ticks)

<<< solve


OBJECTIVE: 1818.424
avg_utility = 0.890948

<<< post process


<<< done

