
<<< setup


<<< generate

Found incumbent of value 0.000000 after 0.02 sec. (7.30 ticks)
Tried aggregator 4 times.
MIP Presolve eliminated 342972 rows and 137228 columns.
MIP Presolve modified 597 coefficients.
Aggregator did 5941 substitutions.
Reduced MIP has 2378 rows, 5344 columns, and 11876 nonzeros.
Reduced MIP has 594 binaries, 0 generals, 0 SOSs, and 0 indicators.
Presolve time = 0.62 sec. (381.62 ticks)
Probing time = 0.00 sec. (0.21 ticks)
Tried aggregator 1 time.
Reduced MIP has 2378 rows, 5344 columns, and 11876 nonzeros.
Reduced MIP has 594 binaries, 0 generals, 0 SOSs, and 0 indicators.
Presolve time = 0.03 sec. (10.37 ticks)
Probing time = 0.01 sec. (0.21 ticks)
MIP emphasis: balance optimality and feasibility.
MIP search method: dynamic search.
Parallel mode: deterministic, using up to 8 threads.
Root relaxation solution time = 0.06 sec. (45.06 ticks)

        Nodes                                         Cuts/
   Node  Left     Objective  IInf  Best Integer    Best Bound    ItCnt     Gap

*     0+    0                            0.0000     5255.0846              --- 
*     0+    0                          900.5724     5255.0846           483.53%
      0     0     1225.0000   498      900.5724     1225.0000     1929   36.02%
*     0+    0                         1119.3500     1225.0000             9.44%
      0     0     1208.2108   276     1119.3500     Cuts: 694     2898    7.94%
      0     0     1144.0381    26     1119.3500     Cuts: 694     4543    2.21%
*     0     0      integral     0     1131.3454      Cuts: 75     4631    0.00%
      0     0        cutoff           1131.3454     1131.3454     4631    0.00%
Elapsed time = 1.44 sec. (984.93 ticks, tree = 0.00 MB, solutions = 4)

Flow cuts applied:  931
Mixed integer rounding cuts applied:  212
Gomory fractional cuts applied:  320

Root node processing (before b&c):
  Real time             =    1.46 sec. (992.40 ticks)
Parallel b&c, 8 threads:
  Real time             =    0.00 sec. (0.00 ticks)
  Sync time (average)   =    0.00 sec.
  Wait time (average)   =    0.00 sec.
                          ------------
Total (root+branch&cut) =    1.46 sec. (992.40 ticks)

<<< solve


OBJECTIVE: 1131.345
avg_utility = 0.923547

<<< post process


<<< done

