
<<< setup


<<< generate

Found incumbent of value 0,000000 after 0,02 sec. (7,44 ticks)
Tried aggregator 2 times.
MIP Presolve eliminated 236132 rows and 141932 columns.
MIP Presolve modified 7744 coefficients.
Aggregator did 7741 substitutions.
Reduced MIP has 20642 rows, 32248 columns, and 77396 nonzeros.
Reduced MIP has 6450 binaries, 0 generals, 0 SOSs, and 0 indicators.
Presolve time = 0,27 sec. (227,99 ticks)
Probing time = 0,01 sec. (1,63 ticks)
Tried aggregator 1 time.
Reduced MIP has 20642 rows, 32248 columns, and 77396 nonzeros.
Reduced MIP has 6450 binaries, 0 generals, 0 SOSs, and 0 indicators.
Presolve time = 0,06 sec. (43,28 ticks)
Probing time = 0,02 sec. (1,63 ticks)
MIP emphasis: balance optimality and feasibility.
MIP search method: dynamic search.
Parallel mode: deterministic, using up to 24 threads.
Root relaxation solution time = 0,11 sec. (85,86 ticks)

        Nodes                                         Cuts/
   Node  Left     Objective  IInf  Best Integer    Best Bound    ItCnt     Gap

*     0+    0                            0,0000     9798,0000              --- 
      0     0     3266,0000  1202        0,0000     3266,0000     1290     --- 
*     0+    0                         1979,8000     3266,0000            64,97%
      0     0     3040,6705  1081     1979,8000    Cuts: 2604     3510   53,58%
      0     0     2792,6425  1055     1979,8000    Cuts: 2361     5101   41,06%
*     0+    0                         2058,6333     2792,6425            35,66%
      0     0     2563,0094  1056     2058,6333    Cuts: 2110     6420   24,50%
*     0+    0                         2059,7600     2563,0094            24,43%
      0     0     2366,4240   491     2059,7600    Cuts: 2113     8715   14,89%
      0     0     2247,9615   499     2059,7600     Cuts: 982    10235    9,14%
      0     0     2223,9486   606     2059,7600     Cuts: 995    10788    7,97%
      0     0     2156,4112   207     2059,7600    Cuts: 1209    11950    4,69%
*     0+    0                         2081,1500     2156,4112             3,62%
      0     0     2117,2801    17     2081,1500     Cuts: 415    12575    1,74%
      0     0     2113,8000     2     2081,1500      Cuts: 42    12819    1,57%
      0     2     2113,8000     2     2081,1500     2113,8000    12819    1,57%
Elapsed time = 16,83 sec. (21326,87 ticks, tree = 0,00 MB, solutions = 5)
      3     5     2113,8000     2     2081,1500     2113,8000    12947    1,57%
      7     9     2113,8000     1     2081,1500     2113,8000    13026    1,57%
     13    15     2113,8000     1     2081,1500     2113,8000    13159    1,57%
     21    23     2113,8000     1     2081,1500     2113,8000    13259    1,57%
     28    30     2113,8000     2     2081,1500     2113,8000    13390    1,57%
*    29    29      integral     0     2113,8000     2113,8000    13394    0,00%

Cover cuts applied:  8
Implied bound cuts applied:  15
Flow cuts applied:  9764
Mixed integer rounding cuts applied:  2649
Gomory fractional cuts applied:  400

Root node processing (before b&c):
  Real time             =   16,56 sec. (21290,30 ticks)
Parallel b&c, 24 threads:
  Real time             =    1,61 sec. (2056,36 ticks)
  Sync time (average)   =    0,98 sec.
  Wait time (average)   =    1,11 sec.
                          ------------
Total (root+branch&cut) =   18,17 sec. (23346,66 ticks)

<<< solve


OBJECTIVE: 2113.8
avg_utility = 0.647214

<<< post process


<<< done

