
<<< setup


<<< generate

Found incumbent of value 0.000000 after 0.00 sec. (1.72 ticks)
Tried aggregator 2 times.
MIP Presolve eliminated 37859 rows and 31457 columns.
MIP Presolve modified 4643 coefficients.
Aggregator did 4640 substitutions.
Reduced MIP has 5107 rows, 9744 columns, and 21344 nonzeros.
Reduced MIP has 3934 binaries, 1170 generals, 0 SOSs, and 0 indicators.
Presolve time = 0.12 sec. (52.65 ticks)
Probing time = 0.01 sec. (1.06 ticks)
Tried aggregator 1 time.
Reduced MIP has 5107 rows, 9744 columns, and 21344 nonzeros.
Reduced MIP has 3934 binaries, 1170 generals, 0 SOSs, and 0 indicators.
Presolve time = 0.03 sec. (13.56 ticks)
Probing time = 0.02 sec. (1.06 ticks)
Clique table members: 269.
MIP emphasis: balance optimality and feasibility.
MIP search method: dynamic search.
Parallel mode: deterministic, using up to 8 threads.
Root relaxation solution time = 0.19 sec. (160.78 ticks)

        Nodes                                         Cuts/
   Node  Left     Objective  IInf  Best Integer    Best Bound    ItCnt     Gap

*     0+    0                            0.0000     7005.3495              --- 
      0     0     1368.6566     7        0.0000     1368.6566     3618     --- 
      0     0     1368.5232    14        0.0000       Cuts: 4     3671     --- 
      0     0     1368.5232    16        0.0000   Flowcuts: 1     3672     --- 
      0     0     1368.5232    14        0.0000    MIRcuts: 1     3675     --- 
*     0+    0                         1310.0523     1368.5232             4.46%
*     0+    0                         1366.1439     1368.5232             0.17%

Mixed integer rounding cuts applied:  1
Gomory fractional cuts applied:  1

Root node processing (before b&c):
  Real time             =    1.42 sec. (930.53 ticks)
Parallel b&c, 8 threads:
  Real time             =    0.00 sec. (0.00 ticks)
  Sync time (average)   =    0.00 sec.
  Wait time (average)   =    0.00 sec.
                          ------------
Total (root+branch&cut) =    1.42 sec. (930.53 ticks)

<<< solve


OBJECTIVE: 1366.144
avg_utility = 0.836585

<<< post process


<<< done

