
<<< setup


<<< generate

Found incumbent of value 0.000000 after 0.01 sec. (2.75 ticks)
Tried aggregator 2 times.
MIP Presolve eliminated 109507 rows and 34659 columns.
MIP Presolve modified 6263 coefficients.
Aggregator did 10260 substitutions.
Reduced MIP has 6889 rows, 10642 columns, and 26292 nonzeros.
Reduced MIP has 2192 binaries, 2190 generals, 0 SOSs, and 0 indicators.
Presolve time = 0.28 sec. (125.85 ticks)
Probing time = 0.01 sec. (3.81 ticks)
Tried aggregator 1 time.
Reduced MIP has 6889 rows, 10642 columns, and 26292 nonzeros.
Reduced MIP has 2192 binaries, 2190 generals, 0 SOSs, and 0 indicators.
Presolve time = 0.04 sec. (17.31 ticks)
Probing time = 0.02 sec. (3.79 ticks)
Clique table members: 261.
MIP emphasis: balance optimality and feasibility.
MIP search method: dynamic search.
Parallel mode: deterministic, using up to 8 threads.
Root relaxation solution time = 0.38 sec. (256.47 ticks)

        Nodes                                         Cuts/
   Node  Left     Objective  IInf  Best Integer    Best Bound    ItCnt     Gap

*     0+    0                            0.0000    13807.2492              --- 
      0     0     1900.0513    21        0.0000     1900.0513     4278     --- 
*     0+    0                         1771.4810     1900.0513             7.26%
      0     0     1825.2944    13     1771.4810       Cuts: 7     4315    3.04%
      0     0     1812.5794    15     1771.4810       Cuts: 2     4338    2.32%
      0     0     1807.5892    15     1771.4810    MIRcuts: 2     4353    2.04%

Repeating presolve.
Tried aggregator 2 times.
MIP Presolve eliminated 2907 rows and 3485 columns.
MIP Presolve modified 21 coefficients.
Aggregator did 2900 substitutions.
Reduced MIP has 1082 rows, 4257 columns, and 11193 nonzeros.
Reduced MIP has 1611 binaries, 2190 generals, 0 SOSs, and 0 indicators.
Presolve time = 0.04 sec. (19.56 ticks)
Probing time = 0.00 sec. (0.41 ticks)
Tried aggregator 1 time.
Reduced MIP has 1082 rows, 4257 columns, and 11193 nonzeros.
Reduced MIP has 1611 binaries, 2190 generals, 0 SOSs, and 0 indicators.
Presolve time = 0.01 sec. (6.27 ticks)
Represolve time = 0.07 sec. (31.18 ticks)
Probing time = 0.00 sec. (0.41 ticks)
Clique table members: 261.
MIP emphasis: balance optimality and feasibility.
MIP search method: dynamic search.
Parallel mode: deterministic, using up to 8 threads.
Root relaxation solution time = 0.04 sec. (30.74 ticks)

        Nodes                                         Cuts/
   Node  Left     Objective  IInf  Best Integer    Best Bound    ItCnt     Gap

*     0+    0                         1771.4810     1807.5892             2.04%
      0     0     1807.5892    15     1771.4810     1807.5892     4692    2.04%
      0     0     1800.6171    12     1771.4810       Cuts: 6     4702    1.64%
      0     0     1789.2626    17     1771.4810       Cuts: 4     4710    1.00%
      0     0     1785.2731    18     1771.4810    MIRcuts: 2     4746    0.78%

Mixed integer rounding cuts applied:  10
Lift and project cuts applied:  2
Gomory fractional cuts applied:  9

Root node processing (before b&c):
  Real time             =    1.72 sec. (903.49 ticks)
Parallel b&c, 8 threads:
  Real time             =    0.00 sec. (0.00 ticks)
  Sync time (average)   =    0.00 sec.
  Wait time (average)   =    0.00 sec.
                          ------------
Total (root+branch&cut) =    1.72 sec. (903.49 ticks)

<<< solve


OBJECTIVE: 1771.481
avg_utility = 0.542401

<<< post process


<<< done

