
<<< setup


<<< generate

Found incumbent of value 0.000000 after 0.02 sec. (6.57 ticks)
Tried aggregator 2 times.
MIP Presolve eliminated 237791 rows and 132531 columns.
MIP Presolve modified 4426 coefficients.
Aggregator did 4423 substitutions.
Reduced MIP has 11794 rows, 18423 columns, and 44216 nonzeros.
Reduced MIP has 3685 binaries, 0 generals, 0 SOSs, and 0 indicators.
Presolve time = 0.38 sec. (189.52 ticks)
Probing time = 0.01 sec. (0.93 ticks)
Tried aggregator 1 time.
Reduced MIP has 11794 rows, 18423 columns, and 44216 nonzeros.
Reduced MIP has 3685 binaries, 0 generals, 0 SOSs, and 0 indicators.
Presolve time = 0.06 sec. (26.10 ticks)
Probing time = 0.03 sec. (0.93 ticks)
MIP emphasis: balance optimality and feasibility.
MIP search method: dynamic search.
Parallel mode: deterministic, using up to 8 threads.
Root relaxation solution time = 0.08 sec. (48.72 ticks)

        Nodes                                         Cuts/
   Node  Left     Objective  IInf  Best Integer    Best Bound    ItCnt     Gap

*     0+    0                            0.0000     7005.3495              --- 
      0     0     1633.0000   643        0.0000     1633.0000      737     --- 
*     0+    0                         1469.6603     1633.0000            11.11%
      0     0     1618.4579   506     1469.6603    Cuts: 1159     1823   10.12%
      0     0     1594.2430   500     1469.6603    Cuts: 1214     2940    8.48%
      0     0     1568.1526   500     1469.6603     Cuts: 999     3826    6.70%
*     0+    0                         1486.1176     1568.1526             5.52%
      0     0     1531.6760   443     1486.1176    Cuts: 1002     4963    3.07%
      0     0     1518.2867   265     1486.1176     Cuts: 887     6035    2.16%
      0     0     1499.5044    97     1486.1176     Cuts: 533     7178    0.90%

Implied bound cuts applied:  1
Flow cuts applied:  3991
Mixed integer rounding cuts applied:  1441
Gomory fractional cuts applied:  357

Root node processing (before b&c):
  Real time             =    4.73 sec. (3484.20 ticks)
Parallel b&c, 8 threads:
  Real time             =    0.00 sec. (0.00 ticks)
  Sync time (average)   =    0.00 sec.
  Wait time (average)   =    0.00 sec.
                          ------------
Total (root+branch&cut) =    4.73 sec. (3484.20 ticks)

<<< solve


OBJECTIVE: 1486.118
avg_utility = 0.910054

<<< post process


<<< done

