
<<< setup


<<< generate

Found incumbent of value 0,000000 after 0,02 sec. (17,01 ticks)
Tried aggregator 8 times.
MIP Presolve eliminated 112360 rows and 353278 columns.
MIP Presolve modified 34629 coefficients.
Aggregator did 99278 substitutions.
Reduced MIP has 44930 rows, 96325 columns, and 294533 nonzeros.
Reduced MIP has 14340 binaries, 0 generals, 0 SOSs, and 0 indicators.
Presolve time = 7,22 sec. (7014,62 ticks)
Probing time = 0,02 sec. (4,33 ticks)
Tried aggregator 1 time.
Reduced MIP has 44930 rows, 96325 columns, and 294533 nonzeros.
Reduced MIP has 14340 binaries, 0 generals, 0 SOSs, and 0 indicators.
Presolve time = 0,20 sec. (164,39 ticks)
Probing time = 0,03 sec. (4,62 ticks)
MIP emphasis: balance optimality and feasibility.
MIP search method: dynamic search.
Parallel mode: deterministic, using up to 8 threads.
Root relaxation solution time = 0,96 sec. (767,74 ticks)

        Nodes                                         Cuts/
   Node  Left     Objective  IInf  Best Integer    Best Bound    ItCnt     Gap

*     0+    0                         1590,0000    20520,0000              --- 
      0     0     7900,0000  1503     1590,0000     7900,0000     4419  396,86%
      0     0     7240,5805  1295     1590,0000    Cuts: 4603    17066  355,38%
      0     0     6846,6852  1254     1590,0000    Cuts: 3900    25866  330,61%
      0     0     6479,8841  1241     1590,0000    Cuts: 3579    38270  307,54%
*     0+    0                         5098,8857     6479,8841            27,08%
*     0+    0                         5105,8857     6479,8841            26,91%
*     0+    0                         5246,4571     6479,8841            23,51%
*     0+    0                         5252,2571     6479,8841            23,37%
      0     0     6163,0663  1301     5252,2571    Cuts: 3316    87182   17,34%
      0     0     5892,5107    96     5252,2571    Cuts: 3402   114679   12,19%
      0     0     5863,7398    44     5252,2571     Cuts: 256   119649   11,64%
*     0+    0                         5765,6963     5863,7398             1,70%
*     0+    0                         5794,5435     5863,7398             1,19%
*     0+    0                         5795,7465     5863,7398             1,17%
*     0+    0                         5802,3965     5863,7398             1,06%
*     0+    0                         5803,5368     5863,7398             1,04%
      0     0     5859,3201    68     5803,5368     Cuts: 240   128429    0,96%

Implied bound cuts applied:  598
Flow cuts applied:  14617
Mixed integer rounding cuts applied:  3260
Flow path cuts applied:  31
Lift and project cuts applied:  3
Gomory fractional cuts applied:  292

Root node processing (before b&c):
  Real time             =  223,38 sec. (135196,88 ticks)
Parallel b&c, 8 threads:
  Real time             =    0,00 sec. (0,00 ticks)
  Sync time (average)   =    0,00 sec.
  Wait time (average)   =    0,00 sec.
                          ------------
Total (root+branch&cut) =  223,38 sec. (135196,88 ticks)

<<< solve


OBJECTIVE: 5803.537
avg_utility = 0.734625

<<< post process


<<< done

