
<<< setup


<<< generate

Found incumbent of value 0,000000 after 0,01 sec. (11,72 ticks)
Tried aggregator 3 times.
MIP Presolve eliminated 188039 rows and 272233 columns.
Aggregator did 71578 substitutions.
Reduced MIP has 946 rows, 4670 columns, and 16695 nonzeros.
Reduced MIP has 0 binaries, 0 generals, 0 SOSs, and 0 indicators.
Presolve time = 1,39 sec. (1459,15 ticks)
Tried aggregator 1 time.
MIP Presolve eliminated 781 rows and 3905 columns.
Reduced MIP has 165 rows, 765 columns, and 2745 nonzeros.
Reduced MIP has 0 binaries, 0 generals, 0 SOSs, and 0 indicators.
Presolve time = 0,01 sec. (9,62 ticks)
Tried aggregator 1 time.
Reduced MIP has 165 rows, 765 columns, and 2745 nonzeros.
Reduced MIP has 0 binaries, 0 generals, 0 SOSs, and 0 indicators.
Presolve time = 0,00 sec. (5,23 ticks)
MIP emphasis: balance optimality and feasibility.
MIP search method: dynamic search.
Parallel mode: deterministic, using up to 8 threads.
Root relaxation solution time = 0,00 sec. (3,00 ticks)

        Nodes                                         Cuts/
   Node  Left     Objective  IInf  Best Integer    Best Bound    ItCnt     Gap

*     0+    0                          840,0000     9611,0000              --- 
*     0     0      integral     0     2016,1250     2016,1250      339    0,00%
Elapsed time = 1,43 sec. (1507,61 ticks, tree = 0,00 MB, solutions = 2)

Root node processing (before b&c):
  Real time             =    1,44 sec. (1522,38 ticks)
Parallel b&c, 8 threads:
  Real time             =    0,00 sec. (0,00 ticks)
  Sync time (average)   =    0,00 sec.
  Wait time (average)   =    0,00 sec.
                          ------------
Total (root+branch&cut) =    1,44 sec. (1522,38 ticks)

<<< solve


OBJECTIVE: 2016.125
avg_utility = 0.532662

<<< post process


<<< done

