
<<< setup


<<< generate

Found incumbent of value 0,000000 after 0,07 sec. (24,41 ticks)
Tried aggregator 5 times.
MIP Presolve eliminated 185541 rows and 571618 columns.
MIP Presolve modified 6528 coefficients.
Aggregator did 168883 substitutions.
Reduced MIP has 18146 rows, 45020 columns, and 143618 nonzeros.
Reduced MIP has 3665 binaries, 0 generals, 0 SOSs, and 0 indicators.
Presolve time = 22,78 sec. (6915,47 ticks)
Probing time = 0,09 sec. (24,75 ticks)
Tried aggregator 1 time.
Reduced MIP has 18146 rows, 45020 columns, and 143618 nonzeros.
Reduced MIP has 3665 binaries, 0 generals, 0 SOSs, and 0 indicators.
Presolve time = 0,17 sec. (67,16 ticks)
Probing time = 0,10 sec. (24,77 ticks)
Clique table members: 5.
MIP emphasis: balance optimality and feasibility.
MIP search method: dynamic search.
Parallel mode: deterministic, using up to 8 threads.
Root relaxation solution time = 3,06 sec. (868,90 ticks)

        Nodes                                         Cuts/
   Node  Left     Objective  IInf  Best Integer    Best Bound    ItCnt     Gap

*     0+    0                            0,0000    39948,0000              --- 
*     0+    0                         6873,3333    39948,0000           481,20%
      0     0     8765,5136   296     6873,3333     8765,5136       58   27,53%
*     0+    0                         7179,1833     8765,5136            22,10%
      0     0     8085,3892   227     7179,1833    Cuts: 1088     1366   12,62%
      0     0     7887,8626   233     7179,1833     Cuts: 880     2714    9,87%
      0     0     7662,9282   404     7179,1833     Cuts: 699     4413    6,74%
      0     0     7261,6974   223     7179,1833    Cuts: 1211     5589    1,15%
      0     0        cutoff           7179,1833                   5811    0,00%
Elapsed time = 32,14 sec. (11759,81 ticks, tree = 0,00 MB, solutions = 2)

Implied bound cuts applied:  427
Flow cuts applied:  2711
Mixed integer rounding cuts applied:  996
Gomory fractional cuts applied:  400

Root node processing (before b&c):
  Real time             =   32,23 sec. (11793,39 ticks)
Parallel b&c, 8 threads:
  Real time             =    0,00 sec. (0,00 ticks)
  Sync time (average)   =    0,00 sec.
  Wait time (average)   =    0,00 sec.
                          ------------
Total (root+branch&cut) =   32,23 sec. (11793,39 ticks)

<<< solve


OBJECTIVE: 7179.183
avg_utility = 0.445165

<<< post process


<<< done

