
<<< setup


<<< generate

Found incumbent of value 0,000000 after 0,06 sec. (64,07 ticks)
Tried aggregator 3 times.
MIP Presolve eliminated 3401737 rows and 1208960 columns.
Aggregator did 2890 substitutions.
Reduced MIP has 869 rows, 2023 columns, and 4624 nonzeros.
Reduced MIP has 0 binaries, 0 generals, 0 SOSs, and 0 indicators.
Presolve time = 1,07 sec. (1908,35 ticks)
Tried aggregator 2 times.
MIP Presolve eliminated 844 rows and 1964 columns.
Aggregator did 4 substitutions.
Reduced MIP has 21 rows, 55 columns, and 116 nonzeros.
Reduced MIP has 0 binaries, 0 generals, 0 SOSs, and 0 indicators.
Presolve time = 0,03 sec. (44,29 ticks)
Tried aggregator 1 time.
Reduced MIP has 21 rows, 55 columns, and 116 nonzeros.
Reduced MIP has 0 binaries, 0 generals, 0 SOSs, and 0 indicators.
Presolve time = 0,03 sec. (41,69 ticks)
MIP emphasis: balance optimality and feasibility.
MIP search method: dynamic search.
Parallel mode: deterministic, using up to 8 threads.
Root relaxation solution time = 0,00 sec. (0,04 ticks)

        Nodes                                         Cuts/
   Node  Left     Objective  IInf  Best Integer    Best Bound    ItCnt     Gap

*     0+    0                            0,0000     1579,4661              --- 
*     0     0      integral     0      346,1474      346,1474       14    0,00%
Elapsed time = 1,21 sec. (2119,69 ticks, tree = 0,00 MB, solutions = 1)

Root node processing (before b&c):
  Real time             =    1,25 sec. (2161,41 ticks)
Parallel b&c, 8 threads:
  Real time             =    0,00 sec. (0,00 ticks)
  Sync time (average)   =    0,00 sec.
  Wait time (average)   =    0,00 sec.
                          ------------
Total (root+branch&cut) =    1,25 sec. (2161,41 ticks)

<<< solve


OBJECTIVE: 346.1474
avg_utility = 0.848401

<<< post process


<<< done

