
<<< setup


<<< generate

Found incumbent of value 0,000000 after 0,02 sec. (16,51 ticks)
Tried aggregator 5 times.
MIP Presolve eliminated 125064 rows and 375311 columns.
MIP Presolve modified 9157 coefficients.
Aggregator did 103231 substitutions.
Reduced MIP has 23516 rows, 53299 columns, and 174352 nonzeros.
Reduced MIP has 5496 binaries, 0 generals, 0 SOSs, and 0 indicators.
Presolve time = 5,12 sec. (4801,70 ticks)
Probing time = 0,02 sec. (2,31 ticks)
Tried aggregator 1 time.
Reduced MIP has 23516 rows, 53299 columns, and 174352 nonzeros.
Reduced MIP has 5496 binaries, 0 generals, 0 SOSs, and 0 indicators.
Presolve time = 0,08 sec. (76,84 ticks)
Probing time = 0,01 sec. (2,43 ticks)
MIP emphasis: balance optimality and feasibility.
MIP search method: dynamic search.
Parallel mode: deterministic, using up to 8 threads.
Root relaxation solution time = 0,68 sec. (539,75 ticks)

        Nodes                                         Cuts/
   Node  Left     Objective  IInf  Best Integer    Best Bound    ItCnt     Gap

*     0+    0                            0,0000    19568,8000              --- 
*     0+    0                         3062,4667    19568,8000           538,99%
      0     0     4487,4000  1403     3062,4667     4487,4000     3230   46,53%
      0     0     4116,6508   504     3062,4667    Cuts: 2917    29964   34,42%
      0     0     3841,8000   344     3062,4667    Cuts: 1369    33622   25,45%
      0     0     3841,8000   303     3062,4667     Cuts: 770    35917   25,45%
      0     0     3841,8000   197     3062,4667     Cuts: 649    37591   25,45%
      0     0     3841,8000   213     3062,4667     Cuts: 431    39090   25,45%
*     0+    0                         3726,2500     3841,8000             3,10%
      0     0     3841,8000   220     3726,2500     Cuts: 167    41825    3,10%
*     0+    0                         3785,3786     3841,8000             1,49%
*     0+    0                         3785,9357     3841,8000             1,48%
Heuristic still looking.
      0     2     3841,8000   195     3785,9357     3841,8000    41825    1,48%
Elapsed time = 45,63 sec. (50897,47 ticks, tree = 0,00 MB, solutions = 4)
      2     4     3841,8000   203     3785,9357     3841,8000    50880    1,48%
      4     6     3836,0456   217     3785,9357     3841,8000    53264    1,48%
     14    16     3835,6039   221     3785,9357     3841,8000    61024    1,48%
     31    33     3838,5432   193     3785,9357     3841,8000    73458    1,48%
     39    41     3827,6663   230     3785,9357     3841,8000    97532    1,48%
     40    42     3838,5432   217     3785,9357     3841,8000   106924    1,48%
     56    58     3823,0500   176     3785,9357     3841,8000   160524    1,48%
     67    69     3814,9130   171     3785,9357     3841,8000   180438    1,48%
     89    91     3838,5432   194     3785,9357     3841,8000   186189    1,48%
    111   113     3814,9138   226     3785,9357     3841,8000   203788    1,48%
Elapsed time = 60,07 sec. (57174,27 ticks, tree = 0,00 MB, solutions = 4)
    255   253     3794,0685   124     3785,9357     3841,8000   290010    1,48%
    347   332     3797,2500   160     3785,9357     3841,8000   384150    1,48%
    399   374     3806,6317   194     3785,9357     3841,8000   426702    1,48%
    494   453     3797,2500   166     3785,9357     3841,8000   507241    1,48%
    614   546        cutoff           3785,9357     3841,8000   613976    1,48%
    697   617        cutoff           3785,9357     3841,8000   680009    1,48%
    838   742        cutoff           3785,9357     3841,8000   783123    1,48%
    906   794        cutoff           3785,9357     3841,8000   881727    1,48%
   1023   892     3797,2500   127     3785,9357     3841,8000   967114    1,48%
*  1033+  895                         3791,8500     3841,8000             1,32%
   1232   756     3801,7272   295     3791,8500     3841,8000  1111506    1,32%
Elapsed time = 178,77 sec. (117513,97 ticks, tree = 9,26 MB, solutions = 5)
   1478   992     3827,2456   143     3791,8500     3841,8000  1225677    1,32%
   1610  1118     3801,7329   197     3791,8500     3841,8000  1300568    1,32%
   1707  1209     3803,0308   198     3791,8500     3841,8000  1346536    1,32%
   2066  1536     3802,9317   215     3791,8500     3841,8000  1494339    1,32%
   2567  1977     3797,2500    95     3791,8500     3841,8000  1803523    1,32%
   2569  1977     3813,2991   177     3791,8500     3841,8000  1810996    1,32%
   2580  1986     3802,8978   229     3791,8500     3841,8000  1852154    1,32%
   2655  2055     3806,8491   224     3791,8500     3841,8000  1933058    1,32%
   2914  2260        cutoff           3791,8500     3841,8000  2155931    1,32%
   2915  2261     3829,9500   184     3791,8500     3841,8000  2168908    1,32%
Elapsed time = 298,44 sec. (172811,25 ticks, tree = 64,64 MB, solutions = 5)
   2919  2265     3797,2500   130     3791,8500     3841,8000  2188079    1,32%
*  3210+ 2504                         3801,7500     3841,8000             1,05%
*  3210+ 2504                         3805,9010     3841,8000             0,94%
*  3210+ 2503                         3805,9500     3841,8000             0,94%
   3211  2500     3799,8000   135     3805,9500     3841,8000  2460315    0,94%
   3212  2500     3821,4000   174     3805,9500     3841,8000  2461193    0,94%
*  3213+ 2499                         3806,4000     3841,8000             0,93%

Implied bound cuts applied:  142
Flow cuts applied:  5405
Mixed integer rounding cuts applied:  546
Lift and project cuts applied:  1
Gomory fractional cuts applied:  258

Root node processing (before b&c):
  Real time             =   45,58 sec. (50934,51 ticks)
Parallel b&c, 8 threads:
  Real time             =  302,19 sec. (151110,47 ticks)
  Sync time (average)   =  105,88 sec.
  Wait time (average)   =  106,03 sec.
                          ------------
Total (root+branch&cut) =  347,77 sec. (202044,98 ticks)

<<< solve


OBJECTIVE: 3806.4
avg_utility = 0.48409

<<< post process


<<< done

