
<<< setup


<<< generate

Found incumbent of value 0,000000 after 0,02 sec. (17,01 ticks)
Tried aggregator 8 times.
MIP Presolve eliminated 112325 rows and 353278 columns.
MIP Presolve modified 34551 coefficients.
Aggregator did 99278 substitutions.
Reduced MIP has 44905 rows, 96325 columns, and 280193 nonzeros.
Reduced MIP has 14340 binaries, 0 generals, 0 SOSs, and 0 indicators.
Presolve time = 7,14 sec. (6929,60 ticks)
Probing time = 0,02 sec. (4,17 ticks)
Tried aggregator 1 time.
Reduced MIP has 44905 rows, 96325 columns, and 280193 nonzeros.
Reduced MIP has 14340 binaries, 0 generals, 0 SOSs, and 0 indicators.
Presolve time = 0,19 sec. (158,73 ticks)
Probing time = 0,03 sec. (4,44 ticks)
MIP emphasis: balance optimality and feasibility.
MIP search method: dynamic search.
Parallel mode: deterministic, using up to 8 threads.
Root relaxation solution time = 1,40 sec. (986,31 ticks)

        Nodes                                         Cuts/
   Node  Left     Objective  IInf  Best Integer    Best Bound    ItCnt     Gap

*     0+    0                         1590,0000    20520,0000              --- 
      0     0     7900,0000  1573     1590,0000     7900,0000     3525  396,86%
      0     0     7452,3737   946     1590,0000    Cuts: 4696    42825  368,70%
      0     0     7059,1448  1159     1590,0000    Cuts: 2980    67497  343,97%
      0     0     6712,1789  1383     1590,0000    Cuts: 3256    82742  322,15%
*     0+    0                         5212,7043     6712,1789            28,77%
*     0+    0                         5360,4571     6712,1789            25,22%
*     0+    0                         5366,0571     6712,1789            25,09%
*     0+    0                         5367,0857     6712,1789            25,06%
*     0+    0                         5367,6571     6712,1789            25,05%
*     0+    0                         5367,8857     6712,1789            25,04%
      0     0     6368,7639  1379     5367,8857    Cuts: 3830    91756   18,65%
      0     0     6026,9530    78     5367,8857    Cuts: 3464   104733   12,28%
      0     0     5997,2038   101     5367,8857     Cuts: 293   106431   11,72%
      0     0     5982,3251   134     5367,8857     Cuts: 600   110821   11,45%
      0     0     5974,4707   218     5367,8857     Cuts: 774   112533   11,30%
      0     0     5971,3053   263     5367,8857    Cuts: 1242   115181   11,24%
      0     0     5968,5947   207     5367,8857    Cuts: 1255   119713   11,19%
      0     0     5966,7317   206     5367,8857     Cuts: 868   122411   11,16%
      0     0     5965,4003   271     5367,8857     Cuts: 793   124941   11,13%
*     0+    0                         5792,7659     5965,4003             2,98%
*     0+    0                         5843,1605     5965,4003             2,09%
*     0+    0                         5869,1643     5965,4003             1,64%
*     0+    0                         5875,1059     5965,4003             1,54%
      0     0     5963,6066   306     5875,1059    Cuts: 1052   129141    1,51%
      0     0     5962,0142   342     5875,1059     Cuts: 944   133975    1,48%
      0     0     5959,9600   190     5875,1059     Cuts: 901   139729    1,44%
      0     0     5959,4384   251     5875,1059     Cuts: 452   141749    1,44%
      0     0     5958,9869   203     5875,1059     Cuts: 634   145216    1,43%
      0     0     5953,5984   176     5875,1059     Cuts: 466   149641    1,34%
*     0+    0                         5882,5107     5953,5984             1,21%
*     0+    0                         5908,0829     5953,5984             0,77%

Cover cuts applied:  1
Implied bound cuts applied:  1787
Flow cuts applied:  20760
Mixed integer rounding cuts applied:  4307
Flow path cuts applied:  33
Gomory fractional cuts applied:  232

Root node processing (before b&c):
  Real time             =  308,14 sec. (296675,31 ticks)
Parallel b&c, 8 threads:
  Real time             =    0,00 sec. (0,00 ticks)
  Sync time (average)   =    0,00 sec.
  Wait time (average)   =    0,00 sec.
                          ------------
Total (root+branch&cut) =  308,14 sec. (296675,31 ticks)

<<< solve


OBJECTIVE: 5908.083
avg_utility = 0.747859

<<< post process


<<< done

