
<<< setup


<<< generate

Found incumbent of value 0.000000 after 0.05 sec. (16.90 ticks)
Tried aggregator 5 times.
MIP Presolve eliminated 179550 rows and 387715 columns.
MIP Presolve modified 5912 coefficients.
Aggregator did 106518 substitutions.
Reduced MIP has 14812 rows, 34488 columns, and 110911 nonzeros.
Reduced MIP has 2753 binaries, 0 generals, 0 SOSs, and 0 indicators.
Presolve time = 9.53 sec. (3906.28 ticks)
Probing time = 0.04 sec. (1.41 ticks)
Tried aggregator 1 time.
Reduced MIP has 14812 rows, 34488 columns, and 110911 nonzeros.
Reduced MIP has 2753 binaries, 0 generals, 0 SOSs, and 0 indicators.
Presolve time = 0.13 sec. (54.38 ticks)
Probing time = 0.15 sec. (1.46 ticks)
MIP emphasis: balance optimality and feasibility.
MIP search method: dynamic search.
Parallel mode: deterministic, using up to 8 threads.
Root relaxation solution time = 0.35 sec. (174.65 ticks)

        Nodes                                         Cuts/
   Node  Left     Objective  IInf  Best Integer    Best Bound    ItCnt     Gap

*     0+    0                         1581.0000    19685.2000              --- 
      0     0     7851.0000  1487     1581.0000     7851.0000     1092  396.58%
*     0+    0                         6205.2708     7851.0000            26.52%
      0     0     6806.0844   220     6205.2708    Cuts: 3803    17813    9.68%
      0     0     6413.0927    56     6205.2708    Cuts: 1117    24538    3.35%
      0     0     6412.5153    78     6205.2708     Cuts: 481    25495    3.34%
*     0+    0                         6375.9335     6412.5153             0.57%

Implied bound cuts applied:  132
Flow cuts applied:  3433
Mixed integer rounding cuts applied:  872
Flow path cuts applied:  88
Gomory fractional cuts applied:  275

Root node processing (before b&c):
  Real time             =   27.07 sec. (16602.93 ticks)
Parallel b&c, 8 threads:
  Real time             =    0.00 sec. (0.00 ticks)
  Sync time (average)   =    0.00 sec.
  Wait time (average)   =    0.00 sec.
                          ------------
Total (root+branch&cut) =   27.07 sec. (16602.93 ticks)

<<< solve


OBJECTIVE: 6375.933
avg_utility = 0.812117

<<< post process


<<< done

