File ~/software/araldo-phd-code/utility_based_caching/examples/collaboration/impact_of_inter_link/inter_link_1e+06/seed_1/scenario.dat written

<<< setup


<<< generate

Found incumbent of value 0.000000 after 0.01 sec. (2.97 ticks)
Tried aggregator 2 times.
MIP Presolve eliminated 12364 rows and 24941 columns.
MIP Presolve modified 4004 coefficients.
Aggregator did 2424 substitutions.
Reduced MIP has 29222 rows, 65636 columns, and 172060 nonzeros.
Reduced MIP has 7752 binaries, 1884 generals, 0 SOSs, and 0 indicators.
Presolve time = 0.99 sec. (104.93 ticks)
Probing time = 0.40 sec. (2.61 ticks)
Tried aggregator 1 time.
MIP Presolve eliminated 3633 rows and 7266 columns.
Reduced MIP has 25589 rows, 58370 columns, and 153016 nonzeros.
Reduced MIP has 7752 binaries, 1884 generals, 0 SOSs, and 0 indicators.
Presolve time = 5.23 sec. (199.48 ticks)
Probing time = 0.57 sec. (2.34 ticks)
Tried aggregator 1 time.
MIP Presolve eliminated 4348 rows and 8696 columns.
Reduced MIP has 21241 rows, 49674 columns, and 128172 nonzeros.
Reduced MIP has 7752 binaries, 1884 generals, 0 SOSs, and 0 indicators.
Presolve time = 0.59 sec. (76.01 ticks)
Probing time = 0.54 sec. (2.18 ticks)
Clique table members: 584.
MIP emphasis: balance optimality and feasibility.
MIP search method: dynamic search.
Parallel mode: deterministic, using up to 8 threads.
Root relaxation solution time = 2.58 sec. (434.93 ticks)

        Nodes                                         Cuts/
   Node  Left     Objective  IInf  Best Integer    Best Bound    ItCnt     Gap

*     0+    0                            0.0000    16800.0000     6703     --- 
      0     0    11200.0000  1025        0.0000    11200.0000     6703     --- 
*     0+    0                         3904.0000    11200.0000    13580  186.89%
      0     0     9102.7325  1106     3904.0000    Cuts: 2546    13580  133.16%
      0     0     7978.0925  1002     3904.0000    Cuts: 2734    17615  104.36%
      0     0     7841.9456   864     3904.0000    Cuts: 2416    24729  100.87%
      0     0     7821.9627   125     3904.0000    Cuts: 1721    26249  100.36%
      0     0     7817.7559   204     3904.0000     Cuts: 356    26867  100.25%
      0     0     7816.3906   447     3904.0000     Cuts: 546    28487  100.21%
      0     0     7815.6944   831     3904.0000     Cuts: 947    29284  100.20%
      0     0     7756.8056   347     3904.0000    Cuts: 1730    30256   98.69%
      0     0     7680.4132    26     3904.0000     Cuts: 464    30527   96.73%
      0     0     7672.7694    95     3904.0000      Cuts: 43    30725   96.54%
      0     0     7671.0391    77     3904.0000     Cuts: 370    30952   96.49%
      0     0     7670.0704    21     3904.0000     Cuts: 160    31052   96.47%
      0     0     7670.0631    18     3904.0000      Cuts: 19    31056   96.47%
      0     0     7669.9353    22     3904.0000      Cuts: 15    31067   96.46%
Heuristic still looking.
*     0+    0                         7095.0000     7669.9353    31067    8.10%
      0     2     7669.9353    22     7095.0000     7669.9353    31067    8.10%
Elapsed time = 780.62 sec. (40534.75 ticks, tree = 0.01 MB, solutions = 3)
      2     4     7669.9352    26     7095.0000     7669.9353    31129    8.10%
      3     5     7669.9353    30     7095.0000     7669.9353    31302    8.10%
      6     8     7664.7698    30     7095.0000     7669.9353    31633    8.10%
     12    14     7667.9886    25     7095.0000     7669.9353    32092    8.10%
     15    17     7625.8715    19     7095.0000     7669.9353    34918    8.10%
     23    25     7668.0046    20     7095.0000     7669.9353    37364    8.10%
     24    26     7664.6589    27     7095.0000     7669.9353    38446    8.10%
     25    27     7616.8552    20     7095.0000     7669.9353    42147    8.10%
     41    43     7406.5358    18     7095.0000     7669.9353    57509    8.10%
     58    60     7664.7531    23     7095.0000     7669.9353    63855    8.10%
Elapsed time = 1117.47 sec. (59426.47 ticks, tree = 1.94 MB, solutions = 3)
     64    66     7592.9193    34     7095.0000     7669.9353    67389    8.10%
     71    73     7634.2395    23     7095.0000     7669.9353    71616    8.10%
     74    76     7663.5530    24     7095.0000     7669.9353    74158    8.10%
     86    88     7398.6947    18     7095.0000     7669.9353    78940    8.10%
     97    99     7615.0488    37     7095.0000     7669.9353    81874    8.10%
    103   105     7664.7531    23     7095.0000     7669.9353    83624    8.10%
    116   118     7589.8433    12     7095.0000     7669.9353    87720    8.10%
    129   131     7630.0337    25     7095.0000     7669.9353   100652    8.10%
    156   158     7630.0337    30     7095.0000     7669.9353   116634    8.10%
    164   166     7383.8583    27     7095.0000     7669.9353   128533    8.10%
Elapsed time = 1913.16 sec. (92199.37 ticks, tree = 3.67 MB, solutions = 3)
    165   167     7661.4597    22     7095.0000     7669.9353   131264    8.10%
    541   543     7378.5739    18     7095.0000     7669.9353   160153    8.10%
    557   559     7576.3037    26     7095.0000     7669.9353   163470    8.10%
    573   575     7547.3531    45     7095.0000     7669.9353   169651    8.10%
    581   583     7630.0337    27     7095.0000     7669.9353   172359    8.10%
*  1287+ 1287                         7433.0000     7669.9353   190595    3.19%
   1495  1226        cutoff           7433.0000     7669.9353   194035    3.19%
*  1499+ 1228                         7513.0000     7669.9353   194335    2.09%
*  1499+ 1228                         7551.0000     7669.9353   194335    1.58%
*  1499+ 1228                         7555.0000     7669.9353   194335    1.52%
*  1499+ 1228                         7556.0000     7669.9353   194335    1.51%
   1499  1230     7654.3312    40     7556.0000     7669.9353   194335    1.51%
   1630  1152     7665.2065    31     7556.0000     7669.9353   217192    1.51%
   1641  1161     7650.7425    37     7556.0000     7669.9353   220183    1.51%
   1649  1167     7591.6075    17     7556.0000     7669.9353   222816    1.51%
Elapsed time = 2578.08 sec. (133469.68 ticks, tree = 115.69 MB, solutions = 8)
   1673  1189     7583.9143    18     7556.0000     7669.9353   224384    1.51%
   1853  1367     7606.9448    13     7556.0000     7669.9353   266483    1.51%
   1898  1408     7578.5546    15     7556.0000     7669.9353   270294    1.51%
   1912  1420     7558.9727    12     7556.0000     7669.9353   275898    1.51%
   1919  1425     7612.0077    16     7556.0000     7669.9353   282158    1.51%
   1931  1434     7573.1457    10     7556.0000     7669.9353   287446    1.51%
*  2045+ 1526                         7584.0000     7669.9353   303490    1.13%
   2207  1022     7667.1090    33     7584.0000     7669.9353   306902    1.13%
*  2212+ 1025                         7587.0000     7669.9353   307015    1.09%
   2212  1027     7667.1788    30     7587.0000     7669.9353   307015    1.09%
   2332   964     7659.0778    29     7587.0000     7668.8624   334701    1.08%
   2334   966     7611.0006    43     7587.0000     7668.8624   335456    1.08%
Elapsed time = 3332.56 sec. (170038.85 ticks, tree = 91.71 MB, solutions = 9)
   2349   981     7659.0778    27     7587.0000     7668.8624   339843    1.08%
   2353   981     7661.6607    34     7587.0000     7668.8624   340794    1.08%
   2369   988     7602.5729    18     7587.0000     7668.8624   346014    1.08%
   2397  1000     7619.2650    17     7587.0000     7668.8624   364606    1.08%
   2549  1136     7660.1129    33     7587.0000     7668.8624   391415    1.08%
   2575  1158     7618.3309    33     7587.0000     7668.8624   392852    1.08%
   2591  1170     7636.2099    32     7587.0000     7668.8624   395184    1.08%
   2605  1183     7659.2877   186     7587.0000     7668.8624   395940    1.08%
   2653  1219     7651.3280    42     7587.0000     7668.8624   401782    1.08%
   2661  1224     7617.8328    41     7587.0000     7668.8624   403541    1.08%
Elapsed time = 3646.74 sec. (198852.10 ticks, tree = 103.84 MB, solutions = 10)
   2679  1238     7658.2195    61     7587.0000     7668.8624   407948    1.08%
*  2802+ 1332                         7598.0000     7668.8624   428322    0.93%
   2863  1004     7615.8656    37     7598.0000     7668.8624   436882    0.93%
*  2865+ 1004                         7599.0000     7668.8624   437121    0.92%
*  2865+ 1004                         7600.0000     7668.8624   437121    0.91%
*  2865+ 1004                         7601.0000     7668.8624   437121    0.89%
*  2865+ 1004                         7603.0000     7668.8624   437121    0.87%
   2865  1006     7661.8479    40     7603.0000     7668.8624   437121    0.87%
   2876  1012     7634.3945    39     7603.0000     7668.8624   442872    0.87%
   2890  1017     7663.5156    24     7603.0000     7668.8624   444085    0.87%
   3162  1007     7612.4350    17     7603.0000     7668.8624   467386    0.87%
   3173  1015     7657.2977    78     7603.0000     7668.8624   468767    0.87%
   3178  1020     7612.3378    17     7603.0000     7668.8624   470906    0.87%
   3234  1067     7666.4527    33     7603.0000     7668.8624   478971    0.87%
   3295  1111        cutoff           7603.0000     7668.8624   487207    0.87%
Elapsed time = 4003.90 sec. (230145.95 ticks, tree = 87.15 MB, solutions = 20)
   3296  1112     7637.7975    41     7603.0000     7668.8624   488340    0.87%
   3311  1121        cutoff           7603.0000     7668.8624   490486    0.87%
   3335  1137     7610.6853    30     7603.0000     7668.8624   495150    0.87%
   3343  1139     7662.3509    35     7603.0000     7668.8624   497278    0.87%
   3347  1143     7665.5662    47     7603.0000     7665.5813   531909    0.82%
   3348  1142     7665.5243    70     7603.0000     7665.5813   531911    0.82%
   3350   762        cutoff           7603.0000     7665.5243   531915    0.82%
   3351   761     7665.5122    71     7603.0000     7665.5243   531947    0.82%
   3353   761     7664.6655    65     7603.0000     7665.5122   531969    0.82%
   3355   760     7664.5324    65     7603.0000     7665.5122   532065    0.82%
Elapsed time = 4374.34 sec. (291342.67 ticks, tree = 142.59 MB, solutions = 20)
   3359   761     7664.4039    95     7603.0000     7665.5122   532192    0.82%
   3360   761     7665.5002    74     7603.0000     7665.5002   532195    0.82%
   3363   633     7665.4640    74     7603.0000     7665.4881   532257    0.82%
   3366   504     7665.4520    69     7603.0000     7665.4640   532290    0.82%
   3372   375     7664.3493   107     7603.0000     7665.4520   532308    0.82%
   3378   277     7665.4469    69     7603.0000     7665.4520   532326    0.82%
   3379   276     7665.4219    69     7603.0000     7665.4520   532444    0.82%
   3380   276     7665.3012    87     7603.0000     7665.4520   532482    0.82%
   3381   277     7665.3012    87     7603.0000     7665.4520   532492    0.82%
   3382   276     7665.2922    90     7603.0000     7665.4520   532496    0.82%
Elapsed time = 4440.30 sec. (307633.66 ticks, tree = 51.17 MB, solutions = 20)
   3384   276     7664.3493   107     7603.0000     7665.2832   532502    0.82%
   3394   163     7665.2742   101     7603.0000     7665.2742   532611    0.82%
   3401   159     7665.2742   101     7603.0000     7665.2742   532632    0.82%
   3406   156     7665.2742    97     7603.0000     7665.2742   532659    0.82%
   3410   154     7664.2462    99     7603.0000     7665.2742   532694    0.82%
   3420   119     7665.2742    93     7603.0000     7665.2742   532761    0.82%
   3427   116     7665.2742    89     7603.0000     7665.2742   532776    0.82%
   3430   115     7665.2742    85     7603.0000     7665.2742   532783    0.82%
   3431   114     7665.2595    93     7603.0000     7665.2742   533243    0.82%
   3432   114     7665.2293   122     7603.0000     7665.2742   533273    0.82%
Elapsed time = 4687.33 sec. (325670.34 ticks, tree = 20.70 MB, solutions = 20)
   3433   114     7665.2293   122     7603.0000     7665.2742   533305    0.82%
   3434   114     7665.2293   122     7603.0000     7665.2742   533372    0.82%
   3435   114     7665.2293   125     7603.0000     7665.2742   533416    0.82%
   3436   113     7665.2293   122     7603.0000     7665.2742   533478    0.82%
   3437   113     7665.2293   122     7603.0000     7665.2742   533543    0.82%
   3438   112     7665.2293   121     7603.0000     7665.2742   533617    0.82%
   3439   112     7665.2293   114     7603.0000     7665.2742   534257    0.82%
   3440   111     7665.2293   122     7603.0000     7665.2742   534336    0.82%
   3441   110     7665.2293   122     7603.0000     7665.2742   534375    0.82%
   3444   110     7665.2293   122     7603.0000     7665.2742   534497    0.82%
Elapsed time = 4687.33 sec. (348629.02 ticks, tree = 19.95 MB, solutions = 20)
   3449   107     7664.4751   109     7603.0000     7665.2742   534669    0.82%
   3475   101     7625.8715    17     7603.0000     7664.2462   537204    0.81%
   3589    88     7609.0215    19     7603.0000     7664.1506   546643    0.80%
   3657   112     7626.2139    49     7603.0000     7662.0978   570090    0.78%
   3759   177     7615.9728    34     7603.0000     7661.8411   590891    0.77%
   3801   212     7625.1424    42     7603.0000     7661.8411   603572    0.77%
   3888   255     7635.9729    37     7603.0000     7661.8411   635058    0.77%
   3944   289     7619.5500    35     7603.0000     7661.8411   692049    0.77%
   3993   318     7613.8016    19     7603.0000     7661.8411   718950    0.77%
   4049   348     7636.5346    37     7603.0000     7661.8411   733732    0.77%
Elapsed time = 5138.65 sec. (395234.08 ticks, tree = 11.60 MB, solutions = 20)
   4149   386     7619.4605    20     7603.0000     7660.6984   754160    0.76%
   4150   386     7660.6314   160     7603.0000     7660.6984   754292    0.76%
   4267   455     7660.6314   164     7603.0000     7660.6314   801904    0.76%
   4386   507     7660.6314   168     7603.0000     7660.6314   839012    0.76%
   4533   563     7660.6131   156     7603.0000     7660.6314   872505    0.76%
   4629   597     7657.1501   104     7603.0000     7659.4259   902387    0.74%
   4746   635     7642.9170    40     7603.0000     7659.4259   931421    0.74%
   4884   707     7631.5214    18     7603.0000     7657.1501   963429    0.71%
   5009   737     7616.3702    19     7603.0000     7657.1501   983707    0.71%
   5144   802     7611.8128    15     7603.0000     7656.5228  1026475    0.70%
Elapsed time = 5836.26 sec. (444111.18 ticks, tree = 27.93 MB, solutions = 20)
   5254   838     7606.9023    12     7603.0000     7656.5228  1053075    0.70%
   5469   915     7610.7827    22     7603.0000     7653.4248  1097188    0.66%
   5541   933     7609.0166    26     7603.0000     7653.4248  1121985    0.66%
   5695   981     7607.3536    21     7603.0000     7646.2465  1166111    0.57%
   5717   983     7605.2113    15     7603.0000     7646.2465  1171020    0.57%
   5848  1032     7608.9373    17     7603.0000     7646.2465  1237221    0.57%
   5914  1066     7609.2129    12     7603.0000     7643.0299  1276209    0.53%
   6149  1151     7605.3662    12     7603.0000     7640.0064  1371106    0.49%
   6246  1193     7605.2440     9     7603.0000     7640.0064  1396523    0.49%
   6294  1209     7621.3818    18     7603.0000     7640.0064  1408163    0.49%
Elapsed time = 6492.23 sec. (493077.22 ticks, tree = 30.66 MB, solutions = 20)
   6342  1225     7609.2257    10     7603.0000     7640.0064  1421509    0.49%
   6572  1319     7617.3314    31     7603.0000     7638.5519  1511387    0.47%
   6644  1350     7613.5264    17     7603.0000     7638.5519  1533607    0.47%
   6764  1411     7608.6050    17     7603.0000     7638.5519  1565018    0.47%
   6840  1432        cutoff           7603.0000     7638.5519  1596517    0.47%
   7029  1484     7604.0012    14     7603.0000     7635.9117  1697945    0.43%
   7143  1523     7609.7747    16     7603.0000     7635.9117  1805804    0.43%
   7322  1547     7615.8401    17     7603.0000     7633.7947  1894648    0.41%
   7386  1547     7617.3094    24     7603.0000     7633.7947  1915880    0.41%
   7466  1563        cutoff           7603.0000     7633.7947  1945344    0.41%
Elapsed time = 7336.33 sec. (545203.84 ticks, tree = 36.46 MB, solutions = 20)
   7593  1573     7610.0580    15     7603.0000     7633.7947  1985309    0.41%
   7672  1605        cutoff           7603.0000     7633.7947  2026418    0.41%
   7741  1621     7614.3603    20     7603.0000     7631.1776  2066078    0.37%
   7835  1648     7606.9302    11     7603.0000     7631.1776  2101154    0.37%
   7982  1688     7609.5220    13     7603.0000     7631.1776  2169414    0.37%
   8038  1695     7626.5265    22     7603.0000     7631.1776  2190392    0.37%
   8222  1740     7604.8885    15     7603.0000     7626.7093  2287083    0.31%
   8275  1737     7616.5908    15     7603.0000     7626.7093  2311075    0.31%
   8459  1786     7623.2320    40     7603.0000     7626.7093  2388982    0.31%
   8563  1823     7619.1710    49     7603.0000     7626.7093  2456559    0.31%
Elapsed time = 8170.02 sec. (599871.86 ticks, tree = 37.92 MB, solutions = 20)
   8891  1902     7609.1152    16     7603.0000     7623.3003  2594692    0.27%
   8939  1915     7616.7086    20     7603.0000     7623.3003  2618989    0.27%
   9083  1948     7610.3375    19     7603.0000     7623.3003  2661691    0.27%
   9219  1982     7605.1395    12     7603.0000     7623.3003  2707593    0.27%
   9451  2052     7617.4540    19     7603.0000     7623.3003  2770086    0.27%
   9587  2106     7616.9877    22     7603.0000     7623.3003  2806046    0.27%
   9952  2192     7615.8439    17     7603.0000     7619.9925  2943688    0.22%
  10192  2249     7614.3867    19     7603.0000     7619.9925  3018385    0.22%
  10320  2300     7605.0831    12     7603.0000     7619.9925  3066664    0.22%
  10400  2314     7604.9302    10     7603.0000     7619.9925  3105000    0.22%
Elapsed time = 8923.73 sec. (650831.43 ticks, tree = 40.66 MB, solutions = 20)
  11016  2530     7610.3641    17     7603.0000     7619.9925  3307864    0.22%
  11115  2571     7606.3655    10     7603.0000     7616.7127  3347424    0.18%
  11176  2603     7604.6803     6     7603.0000     7616.7127  3380384    0.18%
  11347  2669     7605.7002    10     7603.0000     7616.7127  3434577    0.18%
  11427  2690     7612.8244    17     7603.0000     7616.7127  3465522    0.18%
  11555  2732     7612.8522    14     7603.0000     7616.7127  3529977    0.18%
  11635  2772     7612.8522    15     7603.0000     7616.7127  3559187    0.18%
  12263  2925     7604.8930    13     7603.0000     7615.9807  3745629    0.17%
  12319  2936     7604.7765    19     7603.0000     7615.9807  3755419    0.17%
  12511  2998     7607.8085    13     7603.0000     7615.9807  3798547    0.17%
Elapsed time = 9544.15 sec. (701278.89 ticks, tree = 46.19 MB, solutions = 20)
  12599  3024     7604.9302    12     7603.0000     7615.9807  3836515    0.17%
  12791  3101     7604.8866    13     7603.0000     7615.9807  3901322    0.17%
  12929  3143     7605.9370    30     7603.0000     7615.9807  3937970    0.17%
  13081  3175     7610.6747    15     7603.0000     7615.9807  3980372    0.17%
  13202  3211     7605.2113    10     7603.0000     7615.9807  4050554    0.17%
  13333  3269     7606.8993    13     7603.0000     7615.9807  4085922    0.17%
  13737  3417     7607.2113    14     7603.0000     7613.8032  4240140    0.14%
  13785  3439     7605.2426    10     7603.0000     7613.8032  4262600    0.14%
  13935  3488     7604.3655    12     7603.0000     7613.8032  4322629    0.14%
  14041  3536        cutoff           7603.0000     7613.8032  4364868    0.14%
Elapsed time = 10123.24 sec. (745784.68 ticks, tree = 52.90 MB, solutions = 20)
  14239  3623     7604.0249     8     7603.0000     7613.8032  4425172    0.14%
  14279  3642     7606.9265    12     7603.0000     7613.8032  4440214    0.14%
  14423  3712     7606.9265    13     7603.0000     7613.8032  4525415    0.14%
  14607  3796     7604.7765     8     7603.0000     7613.8032  4591034    0.14%
  14995  3912     7610.0132    11     7603.0000     7613.2431  4772867    0.13%
  15126  3949     7610.3019    16     7603.0000     7613.2431  4836286    0.13%
  15222  3974     7609.8059    14     7603.0000     7613.2431  4886501    0.13%
  15283  3997     7604.7572    14     7603.0000     7613.2431  4910269    0.13%
  15403  4043     7606.3737    11     7603.0000     7613.2431  4982740    0.13%
  15523  4056     7606.4441    14     7603.0000     7613.2431  5024117    0.13%
Elapsed time = 10707.04 sec. (791216.22 ticks, tree = 60.73 MB, solutions = 20)
  15667  4102     7610.3132    13     7603.0000     7613.2431  5094365    0.13%
  15795  4137     7604.7761     8     7603.0000     7613.2431  5165721    0.13%
  16049  4226     7606.6461    10     7603.0000     7612.6835  5304766    0.13%
  16185  4276     7606.9542    16     7603.0000     7612.6835  5343665    0.13%
  16302  4311     7606.9694    11     7603.0000     7612.6835  5406927    0.13%
  16422  4336     7609.2479    13     7603.0000     7612.6835  5451568    0.13%
  16590  4390     7609.2060    18     7603.0000     7612.6835  5499357    0.13%
  16775  4435     7605.4280    18     7603.0000     7612.6835  5548235    0.13%
  16879  4449     7608.9564    12     7603.0000     7612.6835  5584638    0.13%
  17111  4504     7605.7714    14     7603.0000     7612.6835  5663721    0.13%
Elapsed time = 11253.51 sec. (832311.25 ticks, tree = 66.66 MB, solutions = 20)
  17192  4523     7604.7732     6     7603.0000     7612.6835  5685296    0.13%
  17380  4559     7608.9959    12     7603.0000     7612.6835  5731703    0.13%
  17849  4638     7605.4275    16     7603.0000     7611.9310  5871004    0.12%
  18112  4673     7604.9302    10     7603.0000     7611.9310  5940225    0.12%
  18178  4687     7606.0602    18     7603.0000     7611.9310  5968802    0.12%
  18456  4745     7611.2465    15     7603.0000     7611.9310  6055185    0.12%
  18593  4775     7604.9023    12     7603.0000     7611.9310  6124833    0.12%
  18769  4814     7607.9480    12     7603.0000     7611.9310  6168370    0.12%
  19001  4867     7605.1123     9     7603.0000     7611.9310  6250640    0.12%
  19293  4934     7604.8586    12     7603.0000     7611.2041  6399604    0.11%
Elapsed time = 11951.43 sec. (881849.67 ticks, tree = 77.86 MB, solutions = 20)
  19479  4979     7605.0598    11     7603.0000     7611.2041  6458113    0.11%
  19585  5020     7609.2757    14     7603.0000     7611.2041  6497066    0.11%
  19696  5031     7609.8694    15     7603.0000     7611.2041  6543109    0.11%
  19776  5048     7604.1263    14     7603.0000     7611.2041  6578859    0.11%
  19912  5084     7606.9299    14     7603.0000     7611.2041  6633526    0.11%
  20032  5136     7607.7714    15     7603.0000     7611.2041  6696980    0.11%
  20168  5191     7605.2221     8     7603.0000     7611.2041  6744433    0.11%
  20445  5263     7607.0182    10     7603.0000     7611.2041  6868478    0.11%
  20570  5272     7608.9959    12     7603.0000     7610.6440  6922697    0.10%
  20706  5282     7609.0189    15     7603.0000     7610.6440  6961224    0.10%
Elapsed time = 12583.68 sec. (923243.37 ticks, tree = 83.74 MB, solutions = 20)
  20896  5314     7607.2111    13     7603.0000     7610.6440  7056966    0.10%
  21000  5331     7607.4971    23     7603.0000     7610.6440  7080767    0.10%
  21165  5402     7605.7124     6     7603.0000     7610.6440  7179273    0.10%
  21357  5469     7605.7124     6     7603.0000     7610.6440  7262591    0.10%
  21621  5562     7607.1280    12     7603.0000     7610.6440  7363592    0.10%
  22076  5655     7606.9915    16     7603.0000     7610.3132  7543108    0.10%
  22192  5682     7606.9265    11     7603.0000     7610.3132  7622669    0.10%
  22245  5704     7604.7761     9     7603.0000     7610.3132  7663791    0.10%
  22325  5738     7606.9292    14     7603.0000     7610.3132  7693619    0.10%
  22389  5762     7606.3618     9     7603.0000     7610.3132  7721534    0.10%
Elapsed time = 13291.56 sec. (973706.95 ticks, tree = 88.36 MB, solutions = 20)
  22509  5798     7604.7765     8     7603.0000     7610.3132  7781243    0.10%
  22605  5835     7610.0889    13     7603.0000     7610.3132  7817839    0.10%
  23346  5992     7604.0238    12     7603.0000     7610.0861  8170544    0.09%
  23494  6014        cutoff           7603.0000     7610.0861  8233702    0.09%
  23614  6033     7606.8993    10     7603.0000     7610.0861  8291961    0.09%
  23742  6041     7606.8962    15     7603.0000     7610.0861  8328013    0.09%
  23838  6040     7604.6826     7     7603.0000     7610.0861  8359291    0.09%
  23998  6057     7605.3111    13     7603.0000     7610.0861  8411830    0.09%
  24174  6095     7606.6439    16     7603.0000     7610.0861  8475338    0.09%
  24286  6120     7609.8059    14     7603.0000     7610.0861  8520371    0.09%
Elapsed time = 13989.32 sec. (1017448.76 ticks, tree = 94.30 MB, solutions = 20)
  24634  6101     7604.7761     6     7603.0000     7610.0861  8692792    0.09%
  24833  6125     7604.5767    18     7603.0000     7609.7788  8776043    0.09%
  24913  6128     7606.4595    10     7603.0000     7609.7788  8812668    0.09%
  25033  6148     7606.1510    12     7603.0000     7609.7788  8875424    0.09%
  25145  6156     7605.1520     9     7603.0000     7609.7788  8943855    0.09%
  25289  6171     7605.9627    11     7603.0000     7609.7788  9007762    0.09%
  25401  6156     7608.2498    20     7603.0000     7609.7788  9038355    0.09%
  25513  6136     7606.0910    12     7603.0000     7609.7788  9073988    0.09%
  25649  6118     7605.0586     8     7603.0000     7609.7788  9125573    0.09%
  26288  6090     7605.6996     9     7603.0000     7609.2484  9346687    0.08%
Elapsed time = 14672.97 sec. (1063437.08 ticks, tree = 95.65 MB, solutions = 20)
  26345  6087     7604.7761     4     7603.0000     7609.2484  9382958    0.08%
  26549  6046     7605.6789    12     7603.0000     7609.2484  9434785    0.08%
  26601  6034     7606.6507    13     7603.0000     7609.2484  9473695    0.08%
  26761  6026     7605.5961    13     7603.0000     7609.2484  9515899    0.08%
  26825  6011     7605.4894     8     7603.0000     7609.2484  9544470    0.08%
  27049  6011     7604.1798     8     7603.0000     7609.2484  9623075    0.08%
  27257  6001     7605.4915    13     7603.0000     7609.2484  9717181    0.08%
  27837  5967     7604.3143    14     7603.0000     7608.6431  9878058    0.07%
  27956  5954     7605.0470     9     7603.0000     7608.6431  9905248    0.07%
  28140  5969     7604.2706     9     7603.0000     7608.6431  9948547    0.07%
Elapsed time = 15223.92 sec. (1107161.15 ticks, tree = 91.74 MB, solutions = 20)
  28236  5969     7604.6500    10     7603.0000     7608.6431  9997057    0.07%
  28468  5954     7604.7320     7     7603.0000     7608.6431 10046468    0.07%
  28756  5963     7604.9314    11     7603.0000     7608.6431 10143782    0.07%
  28908  5986     7604.9309    11     7603.0000     7608.6431 10165816    0.07%
  29084  6002     7604.3564    10     7603.0000     7608.6431 10206522    0.07%
  29795  6015     7607.9661    11     7603.0000     7608.0614 10415957    0.07%
  30001  5994     7604.6496    11     7603.0000     7608.0614 10478730    0.07%
  30117  5984     7607.7758    14     7603.0000     7608.0614 10528775    0.07%
  30237  5990     7606.9302    12     7603.0000     7608.0614 10592245    0.07%
  30384  6044     7604.7761     6     7603.0000     7608.0614 10643638    0.07%
Elapsed time = 15803.69 sec. (1149226.52 ticks, tree = 90.62 MB, solutions = 20)
  30517  6088     7604.6059    14     7603.0000     7608.0614 10699421    0.07%
  30685  6100     7604.0171    13     7603.0000     7608.0614 10767019    0.07%
  30765  6104     7604.7749     8     7603.0000     7608.0614 10801047    0.07%
  31386  6036     7607.4885    12     7603.0000     7607.6489 11004406    0.06%
  31613  6025     7604.3021    14     7603.0000     7607.6489 11076838    0.06%
  31837  5968     7604.6459    12     7603.0000     7607.6489 11131776    0.06%
  32117  5927     7604.7761     4     7603.0000     7607.6489 11198254    0.06%
  32182  5948        cutoff           7603.0000     7607.6489 11237787    0.06%
  32294  5987     7604.7761     4     7603.0000     7607.6489 11294351    0.06%
  32334  5997     7604.7725    10     7603.0000     7607.6489 11331426    0.06%
Elapsed time = 16449.46 sec. (1193591.57 ticks, tree = 89.87 MB, solutions = 20)
  32438  6044     7605.9866     9     7603.0000     7607.6489 11374568    0.06%
  33025  6083     7604.0587    11     7603.0000     7607.2113 11639187    0.06%
  33164  6089     7607.1937     9     7603.0000     7607.2113 11732249    0.06%
  33356  6083     7606.8040    20     7603.0000     7607.2113 11849534    0.06%
  33516  6067     7607.0182    12     7603.0000     7607.2113 11972467    0.06%
  33713  5994     7605.5258     7     7603.0000     7607.2113 12175196    0.06%
  33913  5940        cutoff           7603.0000     7607.2113 12249911    0.06%
  34159  5902     7606.3693    13     7603.0000     7607.2113 12368551    0.06%
  34545  5930     7604.7765     8     7603.0000     7606.9314 12503827    0.05%
  34549  5926     7604.7728     7     7603.0000     7606.9314 12506970    0.05%
Elapsed time = 19506.72 sec. (1551419.71 ticks, tree = 117.45 MB, solutions = 20)
  34552  5927        cutoff           7603.0000     7606.9314 12507094    0.05%
  34553  5928     7655.0298    20     7603.0000     7606.9314 12537349    0.05%
  34558  5932     7640.3163    22     7603.0000     7606.9314 12545120    0.05%
  34570  4544     7652.4562    25     7603.0000     7606.9314 12550102    0.05%
  34583  4246     7652.9061    13     7603.0000     7606.9314 12583221    0.05%
  34625  3842     7642.0161    30     7603.0000     7606.9314 12640061    0.05%
  34694  3173     7638.6528    38     7603.0000     7606.9314 12661108    0.05%
  34728  2965     7637.4896    19     7603.0000     7606.9314 12705834    0.05%
  34810  2672     7636.5118    21     7603.0000     7606.9314 12741880    0.05%
  34998  2352     7638.8903    25     7603.0000     7606.9314 12782493    0.05%
Elapsed time = 20283.22 sec. (1726759.93 ticks, tree = 47.75 MB, solutions = 20)
  35018  2304     7640.6375    32     7603.0000     7606.9314 12784854    0.05%
  35298  2082     7607.5215    14     7603.0000     7606.9314 12821140    0.05%
  35493  1878     7604.3692    12     7603.0000     7606.9314 12853131    0.05%
  35785  1583     7610.1715    15     7603.0000     7606.9314 12883148    0.05%
  35984  1381     7620.2730    34     7603.0000     7606.9314 12920703    0.05%
  36395  1019     7607.5251    13     7603.0000     7606.9314 12952447    0.05%
  37137   859     7607.5251    13     7603.0000     7606.9314 12976711    0.05%
  37619   928     7609.2338    15     7603.0000     7606.9314 13003786    0.05%
  38473  1081     7605.9921    14     7603.0000     7606.9314 13028424    0.05%
  38906  1094     7605.1454     7     7603.0000     7606.9314 13041822    0.05%
Elapsed time = 20669.94 sec. (1767293.54 ticks, tree = 82.58 MB, solutions = 20)
  40055  1086     7606.3695    10     7603.0000     7606.9314 13072865    0.05%
  41205  1262     7606.3694    10     7603.0000     7606.3708 13099469    0.04%
  42511  1057     7605.9921    12     7603.0000     7606.3694 13146904    0.04%
  43934  1081     7605.2434     6     7603.0000     7605.7160 13176092    0.04%
  44591  1074     7605.5258    11     7603.0000     7605.7160 13205890    0.04%
  46264   662     7605.0586    13     7603.0000     7605.5233 13229950    0.03%

Cover cuts applied:  3
Flow cuts applied:  2189
Mixed integer rounding cuts applied:  1294
Gomory fractional cuts applied:  32

Root node processing (before b&c):
  Real time             =  777.60 sec. (40439.30 ticks)
Parallel b&c, 8 threads:
  Real time             = 20218.57 sec. (1755855.91 ticks)
  Sync time (average)   = 3111.68 sec.
  Wait time (average)   =    0.00 sec.
                          ------------
Total (root+branch&cut) = 20996.17 sec. (1796295.21 ticks)

<<< solve


OBJECTIVE: 7603

<<< post process


<<< done

