
<<< setup


<<< generate

Found incumbent of value 0,000000 after 0,03 sec. (18,90 ticks)
Tried aggregator 8 times.
MIP Presolve eliminated 342231 rows and 327238 columns.
MIP Presolve modified 31170 coefficients.
Aggregator did 111380 substitutions.
Reduced MIP has 48140 rows, 93223 columns, and 286707 nonzeros.
Reduced MIP has 2720 binaries, 0 generals, 0 SOSs, and 0 indicators.
Presolve time = 10,54 sec. (8332,67 ticks)
Probing time = 0,26 sec. (3,59 ticks)
Tried aggregator 1 time.
Reduced MIP has 48140 rows, 93223 columns, and 286707 nonzeros.
Reduced MIP has 2720 binaries, 0 generals, 0 SOSs, and 0 indicators.
Presolve time = 0,27 sec. (160,78 ticks)
Probing time = 0,08 sec. (3,61 ticks)
MIP emphasis: balance optimality and feasibility.
MIP search method: dynamic search.
Parallel mode: deterministic, using up to 24 threads.
Root relaxation solution time = 0,68 sec. (345,72 ticks)

        Nodes                                         Cuts/
   Node  Left     Objective  IInf  Best Integer    Best Bound    ItCnt     Gap

*     0+    0                            0,0000    21489,0000              --- 
      0     0     7863,0000  1562        0,0000     7863,0000     3970     --- 
      0     0     7133,5398   982        0,0000    Cuts: 4725    49242     --- 
      0     0     6621,4432  1109        0,0000    Cuts: 5748    85554     --- 
      0     0     6213,2527  1367        0,0000    Cuts: 7009   120663     --- 
*     0+    0                         3473,3851     6213,2527            78,88%
*     0+    0                         4555,8000     6213,2527            36,38%
      0     0     5902,2307  1270     4555,8000    Cuts: 8474   144225   29,55%
      0     0     5629,1697   105     4555,8000    Cuts: 8059   166568   23,56%
      0     0     5624,3913   151     4555,8000     Cuts: 539   169516   23,46%
*     0+    0                         4960,3171     5624,3913            13,39%
      0     0     5623,1398   243     4960,3171     Cuts: 901   177809   13,36%
*     0+    0                         5021,0500     5623,1398            11,99%
      0     0     5621,3975   247     5021,0500    Cuts: 1450   184420   11,96%
      0     0     5618,3339   259     5021,0500    Cuts: 1532   189939   11,90%
      0     0     5614,6803   290     5021,0500    Cuts: 1512   195808   11,82%
      0     0     5603,2693   215     5021,0500    Cuts: 1564   203445   11,60%
      0     0     5597,8681   259     5021,0500     Cuts: 854   227696   11,49%
*     0+    0                         5101,4071     5597,8681             9,73%
*     0+    0                         5134,7821     5597,8681             9,02%
      0     0     5595,8409   256     5134,7821    Cuts: 1085   237071    8,98%
      0     0     5593,6487   233     5134,7821    Cuts: 1193   262256    8,94%
      0     0     5591,7280   296     5134,7821     Cuts: 937   277391    8,90%
*     0+    0                         5143,9643     5591,7280             8,70%
      0     0     5584,4939   202     5143,9643    Cuts: 1392   306283    8,56%
      0     0     5581,5862   129     5143,9643     Cuts: 768   320737    8,51%
      0     0     5576,5721    98     5143,9643     Cuts: 614   336924    8,41%
*     0+    0                         5146,2786     5576,5721             8,36%
      0     0     5575,2530   117     5146,2786     Cuts: 650   354180    8,34%
      0     0     5574,5231   118     5146,2786     Cuts: 792   385934    8,32%
      0     0     5573,8007   119     5146,2786     Cuts: 527   399548    8,31%
*     0+    0                         5149,8468     5573,8007             8,23%
*     0+    0                         5151,9417     5573,8007             8,19%
Heuristic still looking.
Heuristic still looking.
Heuristic still looking.
*     0+    0                         5158,4500     5573,8007             8,05%
      0     2     5573,8007   119     5158,4500     5573,8007   399548    8,05%
Elapsed time = 1039,71 sec. (708708,10 ticks, tree = 0,00 MB, solutions = 12)
      1     3     5512,9011   115     5158,4500     5573,8007   408255    8,05%
      2     4     5565,6219   114     5158,4500     5573,8007   411089    8,05%
      3     5     5557,5109   114     5158,4500     5558,0090   412122    7,75%
      4     6     5496,3312   104     5158,4500     5558,0090   415165    7,75%
      9    11     5477,2399   112     5158,4500     5558,0090   421794    7,75%
     10    12     5547,9107   103     5158,4500     5548,4559   424058    7,56%
     11    13     5459,3669   107     5158,4500     5548,4559   436641    7,56%
*    13+   13                         5163,2000     5548,4559             7,46%
     13    15     5429,5654    99     5163,2000     5548,4559   446246    7,46%
*    15+   15                         5163,2000     5548,4559             7,46%
     16    18     5417,6070   112     5163,2000     5548,4559   466827    7,46%
     19    21     5400,3282   120     5163,2000     5548,4559   479025    7,46%
Elapsed time = 1162,69 sec. (803099,46 ticks, tree = 0,00 MB, solutions = 12)
     21    23     5535,5220   106     5163,2000     5545,1659   490117    7,40%
     22    24     5328,2621   159     5163,2000     5545,1659   495266    7,40%
     23    25     5455,9273    98     5163,2000     5545,1659   511290    7,40%
     27    29     5373,5436   150     5163,2000     5545,1659   535761    7,40%
     29    31     5387,6606   116     5163,2000     5545,1659   574566    7,40%
     34    36     5379,0519   100     5163,2000     5545,1659   600822    7,40%
     37    39     5518,3415    96     5163,2000     5545,1659   614828    7,40%
     38    40     5439,7987    88     5163,2000     5545,1659   627711    7,40%
     39    41     5418,6144    77     5163,2000     5545,1659   649565    7,40%
     52    54     5302,0033   155     5163,2000     5545,1659   759285    7,40%
Elapsed time = 1361,49 sec. (894403,90 ticks, tree = 0,00 MB, solutions = 14)
     70    72     5416,7165   120     5163,2000     5545,1659   875448    7,40%
     96    98     5468,2865    90     5163,2000     5545,1659  1001297    7,40%
    103   105     5447,1516   104     5163,2000     5545,1659  1029381    7,40%
    105   107     5395,3502    81     5163,2000     5545,1659  1054181    7,40%
    120   122     5412,5768   113     5163,2000     5545,1659  1128065    7,40%
    144   146     5407,7711   114     5163,2000     5545,1659  1453133    7,40%
    168   168     5387,4399   108     5163,2000     5545,1659  1703176    7,40%
    387   362     5337,1698    66     5163,2000     5545,1659  2697721    7,40%
    388   363     5297,2248    77     5163,2000     5545,1659  2708632    7,40%
    389   364     5358,6643    80     5163,2000     5545,1659  2738020    7,40%
Elapsed time = 2129,45 sec. (1058259,19 ticks, tree = 0,00 MB, solutions = 14)
    405   372     5293,2847    67     5163,2000     5545,1659  2802409    7,40%
    413   380     5325,7866    81     5163,2000     5545,1659  2867231    7,40%
    437   398     5338,2525    79     5163,2000     5545,1659  2958068    7,40%
    461   413     5327,5227    79     5163,2000     5545,1659  3084224    7,40%
    475   418     5226,3106   193     5163,2000     5545,1659  3147846    7,40%
    485   427     5176,9859   189     5163,2000     5545,1659  3219026    7,40%
    499   435     5221,0942   199     5163,2000     5545,1659  3294345    7,40%
    509   443     5305,1262    71     5163,2000     5545,1659  3383976    7,40%
    533   455     5297,8168    75     5163,2000     5545,1659  3516880    7,40%
    557   466     5245,9762    64     5163,2000     5545,1659  3627398    7,40%
Elapsed time = 2761,12 sec. (1176888,52 ticks, tree = 0,00 MB, solutions = 14)
    587   485     5348,0979    78     5163,2000     5545,1659  3820258    7,40%
    656   529     5180,9539   182     5163,2000     5545,1659  4152240    7,40%
    710   564     5415,4306    80     5163,2000     5545,1659  4398783    7,40%
    851   669     5229,0270   129     5163,2000     5528,5190  4955295    7,08%
    855   673     5343,2760    94     5163,2000     5528,5190  4976996    7,08%
    865   683     5253,3731    98     5163,2000     5528,5190  5067437    7,08%
    872   690     5190,3228    89     5163,2000     5528,5190  5125118    7,08%
    878   696     5455,3695    94     5163,2000     5528,5190  5203220    7,08%
    896   710     5181,8338    68     5163,2000     5528,5190  5326614    7,08%
    902   716     5447,6929    92     5163,2000     5528,5190  5378828    7,08%
Elapsed time = 3366,25 sec. (1302985,08 ticks, tree = 0,00 MB, solutions = 14)
    926   736     5437,9340    99     5163,2000     5528,5190  5585233    7,08%
    950   756     5391,2234   119     5163,2000     5528,5190  5785478    7,08%
    963   769     5391,4820    83     5163,2000     5528,5190  5904467    7,08%
    987   789     5377,5290    79     5163,2000     5528,5190  6086659    7,08%
   1011   809     5372,6954    78     5163,2000     5528,5190  6333362    7,08%
   1022   817     5390,8718    85     5163,2000     5528,5190  6445435    7,08%
   1046   839     5384,3468    91     5163,2000     5528,5190  6590701    7,08%
   1062   852     5336,6708   129     5163,2000     5528,5190  6715684    7,08%
   1086   868     5366,1934   113     5163,2000     5528,5190  6843072    7,08%
   1117   892     5362,4033    93     5163,2000     5528,5190  7048531    7,08%
Elapsed time = 4195,81 sec. (1463739,01 ticks, tree = 0,00 MB, solutions = 14)
   1250   998     5177,5829   103     5163,2000     5528,5190  7916987    7,08%
   1431  1138        cutoff           5163,2000     5528,5190  8724416    7,08%
   1432  1139     5254,5296    78     5163,2000     5528,5190  8730104    7,08%
   1433  1140     5403,4125   129     5163,2000     5528,5190  8742671    7,08%
   1434  1141     5359,4989   108     5163,2000     5528,5190  8775954    7,08%
   1450  1153     5316,2506    79     5163,2000     5528,5190  8904724    7,08%
   1453  1156     5350,9061   119     5163,2000     5528,5190  8955564    7,08%
   1474  1171     5310,8039    91     5163,2000     5528,5190  9123307    7,08%
   1477  1172     5333,8001   121     5163,2000     5528,5190  9137321    7,08%
   1481  1176     5393,9518   121     5163,2000     5528,5190  9206305    7,08%
Elapsed time = 4650,81 sec. (1566177,54 ticks, tree = 0,00 MB, solutions = 14)
   1505  1192     5393,8775    95     5163,2000     5528,5190  9529228    7,08%
   1529  1208     5386,5589   104     5163,2000     5528,5190  9730546    7,08%
   1553  1224     5192,0570   110     5163,2000     5528,5190  9932087    7,08%
*  1563+ 1232                         5164,8000     5528,5190             7,04%
   1577  1241     5380,0668    96     5164,8000     5528,5190 10186081    7,04%
   1601  1257     5375,1116    95     5164,8000     5528,5190 10410246    7,04%
   1625  1273     5358,1475    92     5164,8000     5528,5190 10585850    7,04%
   1649  1295     5340,1718   108     5164,8000     5528,5190 10796538    7,04%
   1673  1319     5341,7770   105     5164,8000     5528,5190 10991834    7,04%
   1697  1343     5321,7331   113     5164,8000     5528,5190 11218686    7,04%
   1721  1366     5319,3651   106     5164,8000     5528,5190 11403659    7,04%
Elapsed time = 5740,57 sec. (1754708,94 ticks, tree = 0,00 MB, solutions = 14)
   1745  1388     5316,6140   105     5164,8000     5528,5190 11664281    7,04%
   1769  1410     5309,8829   108     5164,8000     5528,5190 11841926    7,04%
   1847  1472     5250,9138   126     5164,8000     5528,5190 12434080    7,04%
   1851  1476     5409,1681   103     5164,8000     5528,5190 12453697    7,04%
   1854  1479     5302,9696   126     5164,8000     5528,5190 12499818    7,04%
   1959  1549     5385,9036   114     5164,8000     5528,5190 13211122    7,04%
   2126  1651     5296,5936    96     5164,8000     5507,5752 13967701    6,64%
   2128  1653     5295,2507   110     5164,8000     5507,5752 13973274    6,64%
   2152  1677     5306,9148   108     5164,8000     5507,5752 14226850    6,64%
   2153  1678     5237,5945   207     5164,8000     5507,5752 14247211    6,64%
Elapsed time = 6281,60 sec. (1864060,96 ticks, tree = 7,37 MB, solutions = 15)
   2176  1701     5258,5608    72     5164,8000     5507,5752 14458527    6,64%
   2177  1702     5224,0222   207     5164,8000     5507,5752 14470127    6,64%
   2200  1723     5250,6302    74     5164,8000     5507,5752 14659571    6,64%
   2201  1724     5219,0258   207     5164,8000     5507,5752 14678817    6,64%
   2224  1747     5237,5754    84     5164,8000     5507,5752 14918764    6,64%
   2248  1767     5236,2964   106     5164,8000     5507,5752 15124026    6,64%
   2263  1777     5326,4601    97     5164,8000     5507,5752 15239487    6,64%
   2287  1797     5307,9307   121     5164,8000     5507,5752 15439154    6,64%
   2297  1806     5170,7110   172     5164,8000     5507,5752 15552586    6,64%
   2321  1818     5165,1150   130     5164,8000     5507,5752 15693388    6,64%
Elapsed time = 7063,84 sec. (1982869,39 ticks, tree = 7,37 MB, solutions = 15)
   2335  1828     5279,6594   120     5164,8000     5507,5752 15799711    6,64%
   2359  1843     5265,5727   130     5164,8000     5507,5752 15998763    6,64%
   2369  1851     5463,1459    86     5164,8000     5507,5752 16096696    6,64%
   2393  1867     5449,3738    87     5164,8000     5507,5752 16303003    6,64%
   2417  1887     5430,1495   108     5164,8000     5507,5752 16532332    6,64%
   2441  1907     5414,4065   126     5164,8000     5507,5752 16739996    6,64%
   2465  1929     5396,0378   137     5164,8000     5507,5752 16972825    6,64%
   2489  1953     5373,5579   128     5164,8000     5507,5752 17227165    6,64%
   2513  1976     5368,5555   125     5164,8000     5507,5752 17490358    6,64%
   2537  1994     5351,3225   128     5164,8000     5507,5752 17717322    6,64%
Elapsed time = 8231,58 sec. (2159952,98 ticks, tree = 7,37 MB, solutions = 15)
   2561  2016     5333,8317   117     5164,8000     5507,5752 17977544    6,64%
   2585  2032     5327,7741   115     5164,8000     5507,5752 18213236    6,64%
   2609  2046     5319,2517   113     5164,8000     5507,5752 18439406    6,64%
   2633  2065     5304,9273   139     5164,8000     5507,5752 18718354    6,64%
   2657  2085     5291,2694   137     5164,8000     5507,5752 18886074    6,64%
   2681  2105     5283,1512   137     5164,8000     5507,5752 19136702    6,64%
   2902  2310     5238,4188   157     5164,8000     5507,5752 21139752    6,64%
   2915  2321     5433,8112    86     5164,8000     5507,5752 21261285    6,64%
   3060  2437     5293,3461   119     5164,8000     5483,7385 22060177    6,18%
   3067  2442     5427,7118    80     5164,8000     5483,7385 22156389    6,18%
Elapsed time = 9169,98 sec. (2353645,17 ticks, tree = 19,47 MB, solutions = 15)
   3084  2457     5281,8012   133     5164,8000     5483,7385 22392761    6,18%
   3108  2479     5265,3238   131     5164,8000     5483,7385 22709825    6,18%
   3113  2484     5340,8671    81     5164,8000     5483,7385 22853003    6,18%
   3119  2490     5400,5907    80     5164,8000     5483,7385 22947383    6,18%
   3132  2503     5257,1273   135     5164,8000     5483,7385 23112472    6,18%
   3133  2504     5278,9135   139     5164,8000     5483,7385 23136052    6,18%
   3137  2508     5332,6182    74     5164,8000     5483,7385 23202841    6,18%
   3157  2527     5272,2702   125     5164,8000     5483,7385 23673763    6,18%
   3161  2531     5307,9103    84     5164,8000     5483,7385 23725959    6,18%
   3185  2552     5295,5055   106     5164,8000     5483,7385 24405421    6,18%
Elapsed time = 9727,28 sec. (2464148,41 ticks, tree = 19,47 MB, solutions = 15)
   3209  2574     5303,0696    91     5164,8000     5483,7385 24932709    6,18%
   3233  2597     5263,5136   132     5164,8000     5483,7385 25382900    6,18%
   3281  2634     5285,4044   102     5164,8000     5483,7385 26250823    6,18%
   3305  2648     5266,8773    99     5164,8000     5483,7385 26736965    6,18%
   3329  2668     5253,6857    94     5164,8000     5483,7385 27121915    6,18%
   3353  2690     5237,0955    72     5164,8000     5483,7385 27589308    6,18%
   3401  2725     5224,6143    73     5164,8000     5483,7385 28277057    6,18%
   3425  2745     5195,1458   161     5164,8000     5483,7385 28706222    6,18%
   3430  2748     5396,8626   105     5164,8000     5483,7385 28841421    6,18%
   3454  2766     5382,0220   100     5164,8000     5483,7385 29269095    6,18%
Elapsed time = 10388,87 sec. (2617326,22 ticks, tree = 19,47 MB, solutions = 15)
   3478  2788     5376,9497    90     5164,8000     5483,7385 29709930    6,18%
   3502  2812     5352,3247   109     5164,8000     5483,7385 30301561    6,18%
   3526  2832     5331,7698   114     5164,8000     5483,7385 30551209    6,18%
   3550  2850     5326,8803   119     5164,8000     5483,7385 30962310    6,18%
   3574  2870     5320,9892   123     5164,8000     5483,7385 31239513    6,18%
   3598  2890     5309,4621   126     5164,8000     5483,7385 31490882    6,18%
   3622  2910     5292,9198   126     5164,8000     5483,7385 31926354    6,18%
   3670  2948     5280,6474   133     5164,8000     5483,7385 32620366    6,18%
   3694  2968     5273,1966   134     5164,8000     5483,7385 32937438    6,18%
   3718  2990     5270,3743   123     5164,8000     5483,7385 33225879    6,18%
Elapsed time = 11084,62 sec. (2769941,36 ticks, tree = 19,47 MB, solutions = 15)
   3742  3012     5269,0012   116     5164,8000     5483,7385 33437966    6,18%
   3766  3032     5262,2223   113     5164,8000     5483,7385 33803617    6,18%
   3814  3066     5258,0390   118     5164,8000     5483,7385 34418079    6,18%
   3838  3086     5255,2647   117     5164,8000     5483,7385 34619682    6,18%
   3862  3106     5244,5843   111     5164,8000     5483,7385 34924882    6,18%
   3886  3124     5223,6865   119     5164,8000     5483,7385 35128792    6,18%
   3910  3146     5221,8603   118     5164,8000     5483,7385 35309402    6,18%
   3934  3164     5220,1036   106     5164,8000     5483,7385 35499919    6,18%
   3958  3184     5218,4655   103     5164,8000     5483,7385 35709014    6,18%
   3976  3202     5197,5898   191     5164,8000     5483,7385 36071717    6,18%
Elapsed time = 11873,11 sec. (2943055,75 ticks, tree = 19,47 MB, solutions = 15)
   4308  3477     5394,0752    94     5164,8000     5483,7385 39611690    6,18%
   4330  3497     5317,3275    82     5164,8000     5483,7385 39822987    6,18%
   4521  3634     5223,5496   110     5164,8000     5483,7385 42276403    6,18%
   4699  3787     5196,9175    83     5164,8000     5461,3542 44882812    5,74%
   4700  3788     5220,0038   108     5164,8000     5461,3542 44940295    5,74%
   4716  3804     5309,1010    83     5164,8000     5461,3542 45686144    5,74%
   4736  3816     5380,2344    90     5164,8000     5461,3542 46282727    5,74%
   4760  3836     5368,6221   100     5164,8000     5461,3542 46932164    5,74%
   4784  3851     5359,7965   102     5164,8000     5461,3542 47413176    5,74%
   4808  3865     5343,6976   127     5164,8000     5461,3542 47910767    5,74%
Elapsed time = 13477,01 sec. (3124326,45 ticks, tree = 41,29 MB, solutions = 15)
   4827  3884     5237,7598   103     5164,8000     5461,3542 48176605    5,74%
   4832  3887     5326,2130   122     5164,8000     5461,3542 48261097    5,74%
   4851  3900     5219,0551    94     5164,8000     5461,3542 48483615    5,74%
   4875  3916     5205,8715    94     5164,8000     5461,3542 48843737    5,74%
   4899  3930     5197,3798    83     5164,8000     5461,3542 49118267    5,74%
   4923  3948     5186,4491    80     5164,8000     5461,3542 49397118    5,74%
   4971  3990     5168,1912    68     5164,8000     5461,3542 49959256    5,74%
   5003  4011     5179,6590   144     5164,8000     5461,3542 50477222    5,74%
   5004  4012     5221,5506   133     5164,8000     5461,3542 50527890    5,74%
   5028  4032     5219,1930    68     5164,8000     5461,3542 50816877    5,74%
Elapsed time = 14532,17 sec. (3248393,22 ticks, tree = 41,29 MB, solutions = 15)
   5052  4050     5215,6355    71     5164,8000     5461,3542 51016470    5,74%
   5076  4069     5183,1600   107     5164,8000     5461,3542 51389761    5,74%
   5100  4086     5208,6944    64     5164,8000     5461,3542 51618523    5,74%
   5124  4106     5199,8873    66     5164,8000     5461,3542 51926724    5,74%
   5148  4126     5189,3422    88     5164,8000     5461,3542 52114250    5,74%
   5159  4137     5242,0269   113     5164,8000     5461,3542 52257056    5,74%
   5183  4157     5238,1039   108     5164,8000     5461,3542 52475380    5,74%
   5207  4175     5224,9864   108     5164,8000     5461,3542 52734022    5,74%
   5244  4208     5175,7309    56     5164,8000     5461,3542 53112505    5,74%
   5267  4223     5305,6382   105     5164,8000     5461,3542 53282984    5,74%
Elapsed time = 15317,31 sec. (3374104,74 ticks, tree = 41,29 MB, solutions = 15)
   5288  4242     5411,3981   106     5164,8000     5461,3542 53554746    5,74%
   5312  4260     5395,7425    93     5164,8000     5461,3542 53775258    5,74%
   5336  4278     5383,7425   104     5164,8000     5461,3542 53971565    5,74%
   5360  4298     5374,8899   101     5164,8000     5461,3542 54242638    5,74%
   5384  4321     5371,4071   104     5164,8000     5461,3542 54555124    5,74%
   5408  4343     5368,3197   108     5164,8000     5461,3542 54803344    5,74%
   5432  4365     5354,2536   114     5164,8000     5461,3542 54977304    5,74%
   5456  4386     5328,6593   121     5164,8000     5461,3542 55238853    5,74%
   5480  4403     5290,3566   113     5164,8000     5461,3542 55462804    5,74%
   5504  4421     5284,0018   121     5164,8000     5461,3542 55625400    5,74%
Elapsed time = 16721,44 sec. (3552720,88 ticks, tree = 41,29 MB, solutions = 15)
   5552  4460     5270,8336   145     5164,8000     5461,3542 55952763    5,74%
   5600  4500     5264,1259   155     5164,8000     5461,3542 56370758    5,74%
   5602  4502     5366,1884   130     5164,8000     5461,3542 56383189    5,74%
   5626  4522     5354,6656   137     5164,8000     5461,3542 56583187    5,74%
   5650  4538     5334,4882   160     5164,8000     5461,3542 56760898    5,74%
   5674  4553     5325,7947   165     5164,8000     5461,3542 56953465    5,74%
   5698  4571     5308,9872   140     5164,8000     5461,3542 57164004    5,74%
   5722  4587     5293,2878   162     5164,8000     5461,3542 57383231    5,74%
   5746  4605     5279,1183   165     5164,8000     5461,3542 57617326    5,74%
   5770  4626     5260,5356   132     5164,8000     5461,3542 58058922    5,74%
Elapsed time = 17648,10 sec. (3667531,67 ticks, tree = 41,29 MB, solutions = 15)
   5794  4646     5254,0210   143     5164,8000     5461,3542 58219320    5,74%
   5818  4664     5207,2213    43     5164,8000     5461,3542 58465891    5,74%
   5842  4684     5188,1919    41     5164,8000     5461,3542 58650495    5,74%
   5866  4706     5185,5668    42     5164,8000     5461,3542 58909954    5,74%
   5879  4719     5189,4801   146     5164,8000     5461,3542 59083959    5,74%
   5903  4743     5180,3989   154     5164,8000     5461,3542 59308777    5,74%
   5927  4765     5177,9793   163     5164,8000     5461,3542 59501815    5,74%
   5951  4786     5176,3525   163     5164,8000     5461,3542 59728993    5,74%
   5975  4806     5173,5432   162     5164,8000     5461,3542 59914193    5,74%
   6047  4857     5372,5319   150     5164,8000     5461,3542 60492090    5,74%
Elapsed time = 18822,14 sec. (3849072,83 ticks, tree = 41,29 MB, solutions = 15)
   6071  4875     5360,3073   163     5164,8000     5461,3542 60751539    5,74%
   6095  4895     5351,3155   164     5164,8000     5461,3542 61015868    5,74%
   6119  4915     5334,3901   163     5164,8000     5461,3542 61282885    5,74%
   6143  4937     5317,6737   156     5164,8000     5461,3542 61479930    5,74%
   6253  5032     5204,0956    66     5164,8000     5461,3542 62409567    5,74%
   6334  5092     5208,1940   159     5164,8000     5461,3542 63250409    5,74%
   6426  5168     5374,4611    96     5164,8000     5461,3542 64113935    5,74%
   6455  5196     5213,7026   187     5164,8000     5461,3542 64426795    5,74%

Implied bound cuts applied:  734
Flow cuts applied:  19156
Mixed integer rounding cuts applied:  13835
Flow path cuts applied:  85
Gomory fractional cuts applied:  155

Root node processing (before b&c):
  Real time             = 1038,76 sec. (708544,03 ticks)
Parallel b&c, 24 threads:
  Real time             = 18719,18 sec. (3368127,55 ticks)
  Sync time (average)   = 2384,79 sec.
  Wait time (average)   = 2385,88 sec.
                          ------------
Total (root+branch&cut) = 19757,93 sec. (4076671,58 ticks)

<<< solve


OBJECTIVE: 5164.8
avg_utility = 0.656849

<<< post process


<<< done

