
<<< setup


<<< generate

Found incumbent of value 0,000000 after 0,00 sec. (0,75 ticks)
Tried aggregator 2 times.
MIP Presolve eliminated 20679 rows and 11150 columns.
MIP Presolve modified 2238 coefficients.
Aggregator did 2118 substitutions.
Reduced MIP has 2797 rows, 4472 columns, and 8944 nonzeros.
Reduced MIP has 1405 binaries, 831 generals, 0 SOSs, and 0 indicators.
Presolve time = 0,02 sec. (27,78 ticks)
Probing time = 0,00 sec. (0,84 ticks)
Tried aggregator 1 time.
Reduced MIP has 2797 rows, 4472 columns, and 8944 nonzeros.
Reduced MIP has 1405 binaries, 831 generals, 0 SOSs, and 0 indicators.
Presolve time = 0,01 sec. (5,60 ticks)
Probing time = 0,00 sec. (0,84 ticks)
Clique table members: 282.
MIP emphasis: balance optimality and feasibility.
MIP search method: dynamic search.
Parallel mode: deterministic, using up to 8 threads.
Root relaxation solution time = 0,02 sec. (35,26 ticks)

        Nodes                                         Cuts/
   Node  Left     Objective  IInf  Best Integer    Best Bound    ItCnt     Gap

*     0+    0                            0,0000     4088,4130              --- 
      0     0     1942,8927     6        0,0000     1942,8927     2650     --- 
      0     0     1942,0335     2        0,0000       Cuts: 4     2656     --- 
*     0+    0                         1938,8347     1942,0335             0,16%

Gomory fractional cuts applied:  2

Root node processing (before b&c):
  Real time             =    0,17 sec. (261,49 ticks)
Parallel b&c, 8 threads:
  Real time             =    0,00 sec. (0,00 ticks)
  Sync time (average)   =    0,00 sec.
  Wait time (average)   =    0,00 sec.
                          ------------
Total (root+branch&cut) =    0,17 sec. (261,49 ticks)

<<< solve


OBJECTIVE: 1938.835
avg_utility = 0.791361

<<< post process


<<< done

