
<<< setup


<<< generate

Found incumbent of value 0,000000 after 0,00 sec. (0,79 ticks)
Tried aggregator 2 times.
MIP Presolve eliminated 20880 rows and 11887 columns.
MIP Presolve modified 2505 coefficients.
Aggregator did 2252 substitutions.
Reduced MIP has 3132 rows, 5008 columns, and 10016 nonzeros.
Reduced MIP has 1409 binaries, 1095 generals, 0 SOSs, and 0 indicators.
Presolve time = 0,03 sec. (29,26 ticks)
Probing time = 0,00 sec. (0,36 ticks)
Tried aggregator 1 time.
Reduced MIP has 3132 rows, 5008 columns, and 10016 nonzeros.
Reduced MIP has 1409 binaries, 1095 generals, 0 SOSs, and 0 indicators.
Presolve time = 0,01 sec. (6,18 ticks)
Probing time = 0,00 sec. (0,36 ticks)
Clique table members: 261.
MIP emphasis: balance optimality and feasibility.
MIP search method: dynamic search.
Parallel mode: deterministic, using up to 8 threads.
Root relaxation solution time = 0,05 sec. (94,94 ticks)

        Nodes                                         Cuts/
   Node  Left     Objective  IInf  Best Integer    Best Bound    ItCnt     Gap

*     0+    0                            0,0000     5450,1048              --- 
      0     0     2430,1189    32        0,0000     2430,1189     3524     --- 
      0     0     2325,2753     2        0,0000      Cuts: 13     3537     --- 
*     0+    0                         2325,0524     2325,2753             0,01%

Mixed integer rounding cuts applied:  1
Gomory fractional cuts applied:  12

Root node processing (before b&c):
  Real time             =    0,20 sec. (262,90 ticks)
Parallel b&c, 8 threads:
  Real time             =    0,00 sec. (0,00 ticks)
  Sync time (average)   =    0,00 sec.
  Wait time (average)   =    0,00 sec.
                          ------------
Total (root+branch&cut) =    0,20 sec. (262,90 ticks)

<<< solve


OBJECTIVE: 2325.052
avg_utility = 0.711896

<<< post process


<<< done

