
<<< setup


<<< generate

Found incumbent of value 0,000000 after 0,02 sec. (16,90 ticks)
Tried aggregator 4 times.
MIP Presolve eliminated 179013 rows and 385547 columns.
MIP Presolve modified 4947 coefficients.
Aggregator did 104878 substitutions.
Reduced MIP has 16989 rows, 38296 columns, and 121695 nonzeros.
Reduced MIP has 2832 binaries, 0 generals, 0 SOSs, and 0 indicators.
Presolve time = 5,29 sec. (3878,35 ticks)
Probing time = 0,01 sec. (1,55 ticks)
Tried aggregator 1 time.
Reduced MIP has 16989 rows, 38296 columns, and 121695 nonzeros.
Reduced MIP has 2832 binaries, 0 generals, 0 SOSs, and 0 indicators.
Presolve time = 0,06 sec. (55,92 ticks)
Probing time = 0,01 sec. (1,61 ticks)
MIP emphasis: balance optimality and feasibility.
MIP search method: dynamic search.
Parallel mode: deterministic, using up to 8 threads.
Root relaxation solution time = 1,59 sec. (847,96 ticks)

        Nodes                                         Cuts/
   Node  Left     Objective  IInf  Best Integer    Best Bound    ItCnt     Gap

*     0+    0                         1581,0000    19685,2000              --- 
*     0+    0                         3056,6750    19685,2000           544,01%
      0     0     6738,9623   580     3056,6750     6738,9623       56  120,47%
*     0+    0                         4671,8750     6738,9623            44,25%
      0     0     5602,5751   730     4671,8750    Cuts: 1947     5112   19,92%
      0     0     4858,7690   223     4671,8750    Cuts: 2260     7850    4,00%
      0     0     4693,9048    28     4671,8750     Cuts: 633     8689    0,47%

Implied bound cuts applied:  298
Flow cuts applied:  3218
Mixed integer rounding cuts applied:  907
Gomory fractional cuts applied:  313

Root node processing (before b&c):
  Real time             =   12,96 sec. (10662,72 ticks)
Parallel b&c, 8 threads:
  Real time             =    0,00 sec. (0,00 ticks)
  Sync time (average)   =    0,00 sec.
  Wait time (average)   =    0,00 sec.
                          ------------
Total (root+branch&cut) =   12,96 sec. (10662,72 ticks)

<<< solve


OBJECTIVE: 4671.875
avg_utility = 0.595068

<<< post process


<<< done

