
<<< setup


<<< generate

Found incumbent of value 0.000000 after 0.02 sec. (6.34 ticks)
Tried aggregator 4 times.
MIP Presolve eliminated 55501 rows and 146039 columns.
MIP Presolve modified 8 coefficients.
Aggregator did 44744 substitutions.
Reduced MIP has 1231 rows, 7338 columns, and 18368 nonzeros.
Reduced MIP has 3540 binaries, 3798 generals, 0 SOSs, and 0 indicators.
Presolve time = 1.71 sec. (1061.42 ticks)
Tried aggregator 1 time.
Reduced MIP has 1231 rows, 7338 columns, and 18368 nonzeros.
Reduced MIP has 3540 binaries, 3798 generals, 0 SOSs, and 0 indicators.
Presolve time = 0.02 sec. (10.00 ticks)
Probing time = 0.13 sec. (3.03 ticks)
Clique table members: 590.
MIP emphasis: balance optimality and feasibility.
MIP search method: dynamic search.
Parallel mode: deterministic, using up to 8 threads.
Root relaxation solution time = 0.05 sec. (31.87 ticks)

        Nodes                                         Cuts/
   Node  Left     Objective  IInf  Best Integer    Best Bound    ItCnt     Gap

*     0+    0                         1784.0000    19486.8000           992.31%
*     0+    0                         2658.8000    19486.8000           632.92%
      0     0     3399.0167    14     2658.8000     3399.0167     1114   27.84%
*     0+    0                         3398.2000     3399.0167             0.02%

Root node processing (before b&c):
  Real time             =    2.08 sec. (1179.97 ticks)
Parallel b&c, 8 threads:
  Real time             =    0.00 sec. (0.00 ticks)
  Sync time (average)   =    0.00 sec.
  Wait time (average)   =    0.00 sec.
                          ------------
Total (root+branch&cut) =    2.08 sec. (1179.97 ticks)

<<< solve


OBJECTIVE: 3398.2
avg_utility = 0.421613

<<< post process


<<< done

