
<<< setup


<<< generate

Found incumbent of value 0,000000 after 0,01 sec. (6,83 ticks)
Tried aggregator 2 times.
MIP Presolve eliminated 237308 rows and 135268 columns.
MIP Presolve modified 5392 coefficients.
Aggregator did 5389 substitutions.
Reduced MIP has 14370 rows, 22448 columns, and 53876 nonzeros.
Reduced MIP has 4490 binaries, 0 generals, 0 SOSs, and 0 indicators.
Presolve time = 0,22 sec. (199,72 ticks)
Probing time = 0,01 sec. (1,13 ticks)
Tried aggregator 1 time.
Reduced MIP has 14370 rows, 22448 columns, and 53876 nonzeros.
Reduced MIP has 4490 binaries, 0 generals, 0 SOSs, and 0 indicators.
Presolve time = 0,04 sec. (31,10 ticks)
Probing time = 0,02 sec. (1,13 ticks)
MIP emphasis: balance optimality and feasibility.
MIP search method: dynamic search.
Parallel mode: deterministic, using up to 24 threads.
Root relaxation solution time = 0,07 sec. (59,51 ticks)

        Nodes                                         Cuts/
   Node  Left     Objective  IInf  Best Integer    Best Bound    ItCnt     Gap

*     0+    0                            0,0000     6123,0000              --- 
      0     0     2041,0000   805        0,0000     2041,0000      898     --- 
*     0+    0                         1345,5000     2041,0000            51,69%
      0     0     1917,6234   668     1345,5000    Cuts: 1810     2303   42,52%
      0     0     1793,2321   661     1345,5000    Cuts: 1534     3232   33,28%
      0     0     1678,7842   661     1345,5000    Cuts: 1322     3999   24,77%
*     0+    0                         1366,7333     1678,7842            22,83%
      0     0     1564,6900   549     1366,7333    Cuts: 1323     5103   14,48%
*     0+    0                         1366,8000     1564,6900            14,48%
      0     0     1475,2561    58     1366,8000    Cuts: 1099     6510    7,94%
      0     0     1452,6800    27     1366,8000     Cuts: 117     6712    6,28%
      0     0     1449,4365    35     1366,8000      Cuts: 70     6758    6,05%
      0     0     1444,9258   113     1366,8000      Cuts: 94     7039    5,72%
      0     0     1444,8362   213     1366,8000     Cuts: 231     7360    5,71%
*     0+    0                         1408,1500     1444,8362             2,61%
      0     0     1444,6898   216     1408,1500     Cuts: 426     7584    2,59%
      0     0     1444,5769   212     1408,1500     Cuts: 438     7802    2,59%
*     0+    0                         1413,1000     1444,5769             2,23%
      0     2     1444,5769   212     1413,1000     1444,5769     7802    2,23%
Elapsed time = 8,74 sec. (10314,22 ticks, tree = 0,00 MB, solutions = 6)
      7     9     1443,1460    69     1413,1000     1444,5769     9166    2,23%
      8    10     1444,0574   163     1413,1000     1444,5769    10202    2,23%
     12    14     1443,2005    74     1413,1000     1444,5769    11327    2,23%
*    15+   15                         1414,1000     1444,5769             2,16%
     15    17     1438,9456   168     1414,1000     1444,5769    11420    2,16%
*    16+   16                         1420,7000     1444,5769             1,68%
     21    23     1442,0231   152     1420,7000     1444,5769    11909    1,68%
     26    28     1441,3538   140     1420,7000     1444,5769    14992    1,68%
     29    31     1441,3809   139     1420,7000     1444,5769    17115    1,68%
     42    44     1441,4080   137     1420,7000     1444,5769    20787    1,68%
     51    53     1437,5142   146     1420,7000     1444,5769    21112    1,68%
*    53+   53                         1421,8000     1444,5769             1,60%
*    53+   53                         1421,9000     1444,5769             1,59%
*    53+   53                         1422,7000     1444,5769             1,54%
*    97+   97                         1430,9500     1444,5769             0,95%

Cover cuts applied:  10
Implied bound cuts applied:  260
Flow cuts applied:  5092
Mixed integer rounding cuts applied:  3036
Gomory fractional cuts applied:  399

Root node processing (before b&c):
  Real time             =    8,56 sec. (10303,01 ticks)
Parallel b&c, 24 threads:
  Real time             =    5,88 sec. (6582,90 ticks)
  Sync time (average)   =    3,62 sec.
  Wait time (average)   =    3,75 sec.
                          ------------
Total (root+branch&cut) =   14,44 sec. (16885,91 ticks)

<<< solve


OBJECTIVE: 1430.95
avg_utility = 0.701102

<<< post process


<<< done

