
<<< setup


<<< generate

Found incumbent of value 0,000000 after 0,02 sec. (19,11 ticks)
Aggregator has done 81148 substitutions...
Aggregator has done 128567 substitutions...
Tried aggregator 12 times.
MIP Presolve eliminated 94472 rows and 311320 columns.
MIP Presolve modified 49889 coefficients.
Aggregator did 128567 substitutions.
Reduced MIP has 53502 rows, 180754 columns, and 563562 nonzeros.
Reduced MIP has 30200 binaries, 0 generals, 0 SOSs, and 0 indicators.
Presolve time = 25,51 sec. (20153,67 ticks)
Probing time = 0,04 sec. (8,23 ticks)
Tried aggregator 1 time.
Reduced MIP has 53502 rows, 180754 columns, and 563562 nonzeros.
Reduced MIP has 30200 binaries, 0 generals, 0 SOSs, and 0 indicators.
Presolve time = 0,32 sec. (224,68 ticks)
Probing time = 0,04 sec. (8,98 ticks)
MIP emphasis: balance optimality and feasibility.
MIP search method: dynamic search.
Parallel mode: deterministic, using up to 8 threads.
Root relaxation solution time = 4,80 sec. (6552,52 ticks)

        Nodes                                         Cuts/
   Node  Left     Objective  IInf  Best Integer    Best Bound    ItCnt     Gap

*     0+    0                            0,0000   112925,6529              --- 
*     0+    0                            5,0000   112925,6529              --- 
      0     0     7449,0000  2207        5,0000     7449,0000     8628     --- 
*     0+    0                          343,0000     7449,0000              --- 
      0     0     7371,2274  1941      343,0000    Cuts: 5411    63455     --- 
      0     0     7322,6898  2008      343,0000    Cuts: 6239    78918     --- 
      0     0     7231,5157  2115      343,0000    Cuts: 6234    87778     --- 
      0     0     7155,3325  2063      343,0000    Cuts: 6538   100789     --- 
      0     0     7086,5627  2032      343,0000    Cuts: 6222   110367     --- 
      0     0     7048,4727  1982      343,0000    Cuts: 6228   122492     --- 
      0     0     6992,7072  1944      343,0000    Cuts: 6123   132598     --- 
      0     0     6944,6481  1939      343,0000    Cuts: 6359   144237     --- 
      0     0     6900,7017  1856      343,0000    Cuts: 5930   161601     --- 
      0     0     6858,0078  1771      343,0000    Cuts: 5822   216368     --- 
      0     0     6821,7857  1843      343,0000    Cuts: 5368   331245     --- 
*     0+    0                         2491,8189     6821,7857           173,77%
      0     0     6791,4631  1857     2491,8189    Cuts: 5081   473173  172,55%
*     0+    0                         4859,2281     6791,4631            39,76%
*     0+    0                         5554,7699     6791,4631            22,26%
*     0+    0                         5587,8231     6791,4631            21,54%
*     0+    0                         5688,7342     6791,4631            19,38%
*     0+    0                         5715,3709     6791,4631            18,83%
*     0+    0                         5785,2640     6791,4631            17,39%
*     0+    0                         5863,8277     6791,4631            15,82%
      0     0     6760,8360  1812     5863,8277    Cuts: 4934   540941   15,30%
      0     0     6733,4789  1749     5863,8277    Cuts: 4682   620040   14,83%
*     0+    0                         5985,1832     6733,4789            12,50%
      0     0     6700,7955  1674     5985,1832    Cuts: 4364   658183   11,96%
*     0+    0                         6223,6412     6700,7955             7,67%
      0     0     6662,6198  1570     6223,6412    Cuts: 3813   703496    7,05%
      0     0     6634,7602  1535     6223,6412    Cuts: 3767   760665    6,61%
      0     0     6613,3189  1415     6223,6412    Cuts: 3552   943695    6,26%
*     0+    0                         6264,0455     6613,3189             5,58%
*     0+    0                         6363,7638     6613,3189             3,92%
*     0+    0                         6382,3096     6613,3189             3,62%
*     0+    0                         6384,7837     6613,3189             3,58%
*     0+    0                         6386,3964     6613,3189             3,55%
      0     0     6596,3515  1409     6386,3964    Cuts: 3206  1006957    3,29%
      0     0     6582,6752  1330     6386,3964    Cuts: 3121  1108780    3,07%
*     0+    0                         6414,0891     6582,6752             2,63%
      0     0     6571,9081  1291     6414,0891    Cuts: 3141  1139184    2,46%
*     0+    0                         6418,4036     6571,9081             2,39%
      0     0     6561,1135  1337     6418,4036    Cuts: 2840  1169185    2,22%
      0     0     6551,4601  1252     6418,4036    Cuts: 2854  1294233    2,07%
      0     0     6544,0435  1183     6418,4036    Cuts: 2601  1366214    1,96%
