
<<< setup


<<< generate

Found incumbent of value 0.000000 after 0.02 sec. (7.44 ticks)
Tried aggregator 2 times.
MIP Presolve eliminated 236132 rows and 141932 columns.
MIP Presolve modified 7744 coefficients.
Aggregator did 7741 substitutions.
Reduced MIP has 20642 rows, 32248 columns, and 77396 nonzeros.
Reduced MIP has 6450 binaries, 0 generals, 0 SOSs, and 0 indicators.
Presolve time = 0.51 sec. (227.99 ticks)
Probing time = 0.02 sec. (1.63 ticks)
Tried aggregator 1 time.
Reduced MIP has 20642 rows, 32248 columns, and 77396 nonzeros.
Reduced MIP has 6450 binaries, 0 generals, 0 SOSs, and 0 indicators.
Presolve time = 0.11 sec. (43.28 ticks)
Probing time = 0.03 sec. (1.63 ticks)
MIP emphasis: balance optimality and feasibility.
MIP search method: dynamic search.
Parallel mode: deterministic, using up to 8 threads.
Root relaxation solution time = 0.18 sec. (85.86 ticks)

        Nodes                                         Cuts/
   Node  Left     Objective  IInf  Best Integer    Best Bound    ItCnt     Gap

*     0+    0                            0.0000    14010.6991              --- 
      0     0     3266.0000  1202        0.0000     3266.0000     1290     --- 
*     0+    0                         2182.2640     3266.0000            49.66%
      0     0     3204.8704  1079     2182.2640    Cuts: 2604     3501   46.86%
      0     0     3126.5181  1054     2182.2640    Cuts: 2357     5039   43.27%
*     0+    0                         2768.8129     3126.5181            12.92%
      0     0     3037.6011   991     2768.8129    Cuts: 2108     7502    9.71%
*     0+    0                         2768.9111     3037.6011             9.70%
      0     0     2971.0065   611     2768.9111    Cuts: 1983     9636    7.30%
      0     0     2893.8517   337     2768.9111    Cuts: 1223    11287    4.51%
      0     0     2878.6049   308     2768.9111     Cuts: 674    11701    3.96%
      0     0     2873.3201   400     2768.9111     Cuts: 617    12072    3.77%
*     0+    0                         2791.5416     2873.3201             2.93%
      0     0     2861.8058   215     2791.5416     Cuts: 802    12599    2.52%
      0     0     2840.3612    15     2791.5416     Cuts: 426    13057    1.75%
      0     0     2838.2391     9     2791.5416      Cuts: 45    13085    1.67%
      0     0     2838.2391     9     2791.5416      Cuts: 28    13101    1.67%
      0     0     2838.2391     9     2791.5416      Cuts: 28    13117    1.67%
      0     2     2838.2391     9     2791.5416     2838.2391    13117    1.67%
Elapsed time = 32.20 sec. (19297.36 ticks, tree = 0.00 MB, solutions = 5)
      5     7     2835.3846    38     2791.5416     2838.2391    13296    1.67%
     14    16     2838.2391     9     2791.5416     2838.2391    13499    1.67%
     25    27     2838.2391     9     2791.5416     2838.2391    14111    1.67%
     31    33     2834.3223    38     2791.5416     2838.2391    14143    1.67%
     53    55     2835.3792    38     2791.5416     2838.2391    14237    1.67%
     99   101     2838.2389     9     2791.5416     2838.2391    14717    1.67%
    105   107     2834.3165    40     2791.5416     2838.2391    14874    1.67%
    180   182     2834.1719    38     2791.5416     2838.2391    15381    1.67%
    212   214     2834.3093    38     2791.5416     2838.2391    15987    1.67%
    335   337     2834.3201    37     2791.5416     2838.2391    18090    1.67%
Elapsed time = 42.81 sec. (23876.53 ticks, tree = 17.51 MB, solutions = 5)
    338   340     2835.1871    38     2791.5416     2838.2391    18135    1.67%
    417   419     2835.1934    38     2791.5416     2838.2391    21551    1.67%
    515   517     2834.3201    37     2791.5416     2838.2391    23168    1.67%
    861   863     2835.1906    38     2791.5416     2838.2391    25335    1.67%
    877   879     2835.1013    37     2791.5416     2838.2391    25907    1.67%
    912   914     2834.2812    38     2791.5416     2838.2391    27778    1.67%
*   971   957      integral     0     2837.0100     2838.2391    31188    0.04%

Cover cuts applied:  6
Implied bound cuts applied:  36
Flow cuts applied:  9755
Mixed integer rounding cuts applied:  2706
Gomory fractional cuts applied:  400

Root node processing (before b&c):
  Real time             =   32.04 sec. (19263.96 ticks)
Parallel b&c, 8 threads:
  Real time             =   31.11 sec. (13712.24 ticks)
  Sync time (average)   =    8.01 sec.
  Wait time (average)   =    8.16 sec.
                          ------------
Total (root+branch&cut) =   63.15 sec. (32976.20 ticks)

<<< solve


OBJECTIVE: 2837.01
avg_utility = 0.86865

<<< post process


<<< done

