
<<< setup


<<< generate

Found incumbent of value 0.000000 after 0.02 sec. (6.37 ticks)
Tried aggregator 4 times.
MIP Presolve eliminated 111952 rows and 103871 columns.
MIP Presolve modified 941 coefficients.
Aggregator did 20147 substitutions.
Reduced MIP has 22837 rows, 61023 columns, and 165770 nonzeros.
Reduced MIP has 10309 binaries, 930 generals, 0 SOSs, and 0 indicators.
Presolve time = 1.65 sec. (863.06 ticks)
Probing time = 0.05 sec. (2.71 ticks)
Tried aggregator 1 time.
Reduced MIP has 22837 rows, 61023 columns, and 165770 nonzeros.
Reduced MIP has 10309 binaries, 930 generals, 0 SOSs, and 0 indicators.
Presolve time = 0.23 sec. (73.23 ticks)
Probing time = 0.06 sec. (2.91 ticks)
Clique table members: 366.
MIP emphasis: balance optimality and feasibility.
MIP search method: dynamic search.
Parallel mode: deterministic, using up to 8 threads.
Root relaxation solution time = 0.43 sec. (246.17 ticks)

        Nodes                                         Cuts/
   Node  Left     Objective  IInf  Best Integer    Best Bound    ItCnt     Gap

*     0+    0                            0.0000     5122.0988              --- 
      0     0     1194.0000   428        0.0000     1194.0000     5940     --- 
*     0+    0                         1032.0000     1194.0000            15.70%
      0     0     1194.0000   321     1032.0000    Cuts: 1178     7484   15.70%
      0     0     1194.0000   248     1032.0000    Cuts: 1042     9262   15.70%
*     0+    0                         1193.3091     1194.0000             0.06%

Implied bound cuts applied:  4
Flow cuts applied:  1568
Mixed integer rounding cuts applied:  930
Flow path cuts applied:  69
Gomory fractional cuts applied:  292

Root node processing (before b&c):
  Real time             =    6.79 sec. (3921.29 ticks)
Parallel b&c, 8 threads:
  Real time             =    0.00 sec. (0.00 ticks)
  Sync time (average)   =    0.00 sec.
  Wait time (average)   =    0.00 sec.
                          ------------
Total (root+branch&cut) =    6.79 sec. (3921.29 ticks)

<<< solve


OBJECTIVE: 1193.309
avg_utility = 0.999421

<<< post process


<<< done

