
<<< setup


<<< generate

Found incumbent of value 0,000000 after 0,11 sec. (65,33 ticks)
Aggregator has done 133021 substitutions...
Aggregator has done 156794 substitutions...
Aggregator has done 180003 substitutions...
Aggregator has done 200969 substitutions...
Aggregator has done 223675 substitutions...
Aggregator has done 243003 substitutions...
Aggregator has done 265239 substitutions...
Aggregator has done 287373 substitutions...
Aggregator has done 306003 substitutions...
Aggregator has done 327684 substitutions...
Aggregator has done 345299 substitutions...
Tried aggregator 28 times.
MIP Presolve eliminated 124968 rows and 980780 columns.
MIP Presolve modified 124380 coefficients.
Aggregator did 351482 substitutions.
Reduced MIP has 273566 rows, 873099 columns, and 2394797 nonzeros.
Reduced MIP has 62803 binaries, 0 generals, 0 SOSs, and 0 indicators.
Presolve time = 236,57 sec. (115788,37 ticks)
Probing time = 0,50 sec. (29,09 ticks)
Tried aggregator 1 time.
Reduced MIP has 273566 rows, 873099 columns, and 2394797 nonzeros.
Reduced MIP has 62803 binaries, 0 generals, 0 SOSs, and 0 indicators.
Presolve time = 3,69 sec. (985,98 ticks)
Probing time = 0,77 sec. (29,49 ticks)
MIP emphasis: balance optimality and feasibility.
MIP search method: dynamic search.
Parallel mode: deterministic, using up to 24 threads.
Root relaxation solution time = 4,13 sec. (1585,83 ticks)

        Nodes                                         Cuts/
   Node  Left     Objective  IInf  Best Integer    Best Bound    ItCnt     Gap

*     0+    0                            0,0000   100545,8559              --- 
      0     0    23438,0000  5438        0,0000    23438,0000    11446     --- 
      0     0    23080,3156  4372        0,0000   Cuts: 10000    39629     --- 
      0     0    22723,0571  4740        0,0000    Cuts: 9890   202430     --- 
      0     0    22310,6081  4662        0,0000    Cuts: 9913   264099     --- 
*     0+    0                        16894,5283    22310,6081            32,06%
      0     0    21950,3566  4526    16894,5283    Cuts: 9891   371648   29,93%
      0     0    21603,4555  3324    16894,5283    Cuts: 9872   547708   27,87%
*     0+    0                        17893,7833    21603,4555            20,73%
      0     0    21470,6085  3461    17893,7833    Cuts: 9635   660485   19,99%
*     0+    0                        18915,3433    21470,6085            13,51%
*     0+    0                        19016,8092    21470,6085            12,90%
*     0+    0                        19022,2903    21470,6085            12,87%
*     0+    0                        19023,1592    21470,6085            12,87%
*     0+    0                        19023,3946    21470,6085            12,86%
      0     0    21369,2692  3176    19023,3946    Cuts: 9530   824107   12,33%
*     0+    0                        19363,3960    21369,2692            10,36%
      0     0    21262,3183  3103    19363,3960    Cuts: 9372  1010492    9,81%
      0     0    21209,2472  3218    19363,3960    Cuts: 9156  1089020    9,53%
*     0+    0                        19738,2097    21209,2472             7,45%
*     0+    0                        19762,8022    21209,2472             7,32%
*     0+    0                        19764,2622    21209,2472             7,31%
*     0+    0                        19764,3465    21209,2472             7,31%
*     0+    0                        19764,9011    21209,2472             7,31%
*     0+    0                        19765,2442    21209,2472             7,31%
*     0+    0                        19765,4034    21209,2472             7,30%
      0     0    21145,4402  2644    19765,4034    Cuts: 9177  1176382    6,98%
      0     0    21074,0984  2490    19765,4034    Cuts: 8855  1238619    6,62%
*     0+    0                        19773,2855    21074,0984             6,58%
      0     0    21029,4274  2352    19773,2855    Cuts: 8883  1316417    6,35%
*     0+    0                        20007,7228    21029,4274             5,11%
      0     0    20988,2505  2342    20007,7228    Cuts: 8915  1403312    4,90%
*     0+    0                        20084,5654    20988,2505             4,50%
      0     0    20952,3799  2072    20084,5654    Cuts: 8685  1485179    4,32%
*     0+    0                        20523,9932    20952,3799             2,09%
      0     0    20926,6777  1932    20523,9932    Cuts: 8148  1584901    1,96%
*     0+    0                        20525,1162    20926,6777             1,96%
      0     0    20904,0827  1790    20525,1162    Cuts: 7027  1661499    1,85%
*     0+    0                        20528,2954    20904,0827             1,83%
      0     0    20883,3958  1679    20528,2954    Cuts: 6184  1727397    1,73%
*     0+    0                        20543,7034    20883,3958             1,65%
      0     0    20864,4605  1715    20543,7034    Cuts: 5939  1820252    1,56%
*     0+    0                        20678,8799    20864,4605             0,90%

Cover cuts applied:  1
Implied bound cuts applied:  190
Flow cuts applied:  86676
Mixed integer rounding cuts applied:  38133
Flow path cuts applied:  3451
Gomory fractional cuts applied:  335

Root node processing (before b&c):
  Real time             = 24623,74 sec. (14704627,22 ticks)
Parallel b&c, 24 threads:
  Real time             =    0,00 sec. (0,00 ticks)
  Sync time (average)   =    0,00 sec.
  Wait time (average)   =    0,00 sec.
                          ------------
Total (root+branch&cut) = 24623,74 sec. (14704627,22 ticks)

<<< solve


OBJECTIVE: 20678.88
avg_utility = 0.88228

<<< post process


<<< done

