
<<< setup


<<< generate

Found incumbent of value 0,000000 after 0,04 sec. (19,81 ticks)
Tried aggregator 7 times.
MIP Presolve eliminated 134050 rows and 439508 columns.
MIP Presolve modified 13311 coefficients.
Aggregator did 138295 substitutions.
Reduced MIP has 19645 rows, 57238 columns, and 159364 nonzeros.
Reduced MIP has 14951 binaries, 8250 generals, 0 SOSs, and 0 indicators.
Presolve time = 8,44 sec. (6363,33 ticks)
Probing time = 1,24 sec. (32,05 ticks)
Tried aggregator 1 time.
Reduced MIP has 19645 rows, 57238 columns, and 159364 nonzeros.
Reduced MIP has 14951 binaries, 8250 generals, 0 SOSs, and 0 indicators.
Presolve time = 0,18 sec. (80,97 ticks)
Probing time = 0,45 sec. (31,59 ticks)
Clique table members: 1659.
MIP emphasis: balance optimality and feasibility.
MIP search method: dynamic search.
Parallel mode: deterministic, using up to 24 threads.
Root relaxation solution time = 0,53 sec. (506,70 ticks)

        Nodes                                         Cuts/
   Node  Left     Objective  IInf  Best Integer    Best Bound    ItCnt     Gap

*     0+    0                         2366,0000    61806,6690              --- 
*     0+    0                         4765,6759    61806,6690              --- 
      0     0    16775,0000  2960     4765,6759    16775,0000      796  252,00%
*     0+    0                         6450,9987    16775,0000           160,04%
      0     0    15358,9557   842     6450,9987    Cuts: 5011    17198  138,09%
      0     0    14204,6892   131     6450,9987    Cuts: 2410    21344  120,19%
      0     0    14202,6711   189     6450,9987     Cuts: 149    21675  120,16%
*     0+    0                        14143,5324    14202,6711             0,42%

Implied bound cuts applied:  175
Flow cuts applied:  4469
Mixed integer rounding cuts applied:  2380
Gomory fractional cuts applied:  359

Root node processing (before b&c):
  Real time             =   22,50 sec. (18635,27 ticks)
Parallel b&c, 24 threads:
  Real time             =    0,00 sec. (0,00 ticks)
  Sync time (average)   =    0,00 sec.
  Wait time (average)   =    0,00 sec.
                          ------------
Total (root+branch&cut) =   22,50 sec. (18635,27 ticks)

<<< solve


OBJECTIVE: 14143.53
avg_utility = 0.843132

<<< post process


<<< done

