
<<< setup


<<< generate

Found incumbent of value 0,000000 after 0,02 sec. (17,09 ticks)
Tried aggregator 6 times.
MIP Presolve eliminated 194179 rows and 408027 columns.
Aggregator did 115999 substitutions.
Reduced MIP has 1573 rows, 7815 columns, and 24855 nonzeros.
Reduced MIP has 0 binaries, 0 generals, 0 SOSs, and 0 indicators.
Presolve time = 3,58 sec. (2915,78 ticks)
Tried aggregator 1 time.
MIP Presolve eliminated 1333 rows and 6665 columns.
Reduced MIP has 240 rows, 1150 columns, and 3665 nonzeros.
Reduced MIP has 0 binaries, 0 generals, 0 SOSs, and 0 indicators.
Presolve time = 0,02 sec. (14,44 ticks)
Tried aggregator 1 time.
Reduced MIP has 240 rows, 1150 columns, and 3665 nonzeros.
Reduced MIP has 0 binaries, 0 generals, 0 SOSs, and 0 indicators.
Presolve time = 0,01 sec. (7,22 ticks)
MIP emphasis: balance optimality and feasibility.
MIP search method: dynamic search.
Parallel mode: deterministic, using up to 24 threads.
Root relaxation solution time = 0,01 sec. (3,05 ticks)

        Nodes                                         Cuts/
   Node  Left     Objective  IInf  Best Integer    Best Bound    ItCnt     Gap

*     0+    0                         1537,0000    19096,6000              --- 
*     0     0      integral     0     3012,9900     3012,9900      304    0,00%
Elapsed time = 3,66 sec. (2986,14 ticks, tree = 0,00 MB, solutions = 2)

Root node processing (before b&c):
  Real time             =    3,70 sec. (3008,77 ticks)
Parallel b&c, 24 threads:
  Real time             =    0,00 sec. (0,00 ticks)
  Sync time (average)   =    0,00 sec.
  Wait time (average)   =    0,00 sec.
                          ------------
Total (root+branch&cut) =    3,70 sec. (3008,77 ticks)

<<< solve


OBJECTIVE: 3012.99
avg_utility = 0.383186

<<< post process


<<< done

