
<<< setup


<<< generate

Found incumbent of value 0,000000 after 0,06 sec. (64,78 ticks)
Tried aggregator 4 times.
MIP Presolve eliminated 3404437 rows and 1222910 columns.
Aggregator did 7390 substitutions.
Reduced MIP has 2219 rows, 5173 columns, and 11824 nonzeros.
Reduced MIP has 0 binaries, 0 generals, 0 SOSs, and 0 indicators.
Presolve time = 1,31 sec. (2335,83 ticks)
Tried aggregator 2 times.
MIP Presolve eliminated 2174 rows and 5062 columns.
Aggregator did 8 substitutions.
Reduced MIP has 37 rows, 103 columns, and 216 nonzeros.
Reduced MIP has 0 binaries, 0 generals, 0 SOSs, and 0 indicators.
Presolve time = 0,03 sec. (49,02 ticks)
Tried aggregator 1 time.
Reduced MIP has 37 rows, 103 columns, and 216 nonzeros.
Reduced MIP has 0 binaries, 0 generals, 0 SOSs, and 0 indicators.
Presolve time = 0,03 sec. (41,94 ticks)
MIP emphasis: balance optimality and feasibility.
MIP search method: dynamic search.
Parallel mode: deterministic, using up to 8 threads.
Root relaxation solution time = 0,00 sec. (0,08 ticks)

        Nodes                                         Cuts/
   Node  Left     Objective  IInf  Best Integer    Best Bound    ItCnt     Gap

*     0+    0                            0,0000     4090,4911              --- 
*     0     0      integral     0      907,7782      907,7782       28    0,00%
Elapsed time = 1,45 sec. (2554,57 ticks, tree = 0,00 MB, solutions = 1)

Root node processing (before b&c):
  Real time             =    1,50 sec. (2597,11 ticks)
Parallel b&c, 8 threads:
  Real time             =    0,00 sec. (0,00 ticks)
  Sync time (average)   =    0,00 sec.
  Wait time (average)   =    0,00 sec.
                          ------------
Total (root+branch&cut) =    1,50 sec. (2597,11 ticks)

<<< solve


OBJECTIVE: 907.7782
avg_utility = 0.741043

<<< post process


<<< done

