
<<< setup


<<< generate

Found incumbent of value 0,000000 after 0,08 sec. (56,50 ticks)
Tried aggregator 2 times.
MIP Presolve eliminated 2395398 rows and 1226131 columns.
MIP Presolve modified 9238 coefficients.
Aggregator did 9223 substitutions.
Reduced MIP has 24599 rows, 38423 columns, and 99901 nonzeros.
Reduced MIP has 7685 binaries, 0 generals, 0 SOSs, and 0 indicators.
Presolve time = 1,60 sec. (1637,25 ticks)
Probing time = 0,01 sec. (2,06 ticks)
Tried aggregator 1 time.
Reduced MIP has 24599 rows, 38423 columns, and 99901 nonzeros.
Reduced MIP has 7685 binaries, 0 generals, 0 SOSs, and 0 indicators.
Presolve time = 0,13 sec. (84,01 ticks)
Probing time = 0,01 sec. (2,06 ticks)
MIP emphasis: balance optimality and feasibility.
MIP search method: dynamic search.
Parallel mode: deterministic, using up to 8 threads.
Root relaxation solution time = 0,18 sec. (201,13 ticks)

        Nodes                                         Cuts/
   Node  Left     Objective  IInf  Best Integer    Best Bound    ItCnt     Gap

*     0+    0                            0,0000    12260,4342              --- 
*     0+    0                         1505,2753    12260,4342           714,50%
      0     0     2858,0000  1135     1505,2753     2858,0000     3074   89,87%
*     0+    0                         1982,8611     2858,0000            44,14%
      0     0     2825,7914   587     1982,8611    Cuts: 2470     6008   42,51%
      0     0     2804,5016   578     1982,8611    Cuts: 1373     7472   41,44%
      0     0     2801,7240   582     1982,8611    Cuts: 1156     8802   41,30%
*     0+    0                         2444,0230     2801,7240            14,64%
*     0+    0                         2446,7868     2801,7240            14,51%
*     0+    0                         2509,7076     2801,7240            11,64%
      0     0     2767,6639   167     2509,7076    Cuts: 1161    12005   10,28%
      0     0     2766,7644   165     2509,7076     Cuts: 332    12502   10,24%
      0     0     2766,7644   165     2509,7076 Flowcuts: 330    12848   10,24%
      0     0     2766,7644   165     2509,7076 Flowcuts: 330    13162   10,24%
*     0+    0                         2752,1130     2766,7644             0,53%

Implied bound cuts applied:  1
Flow cuts applied:  5221
Mixed integer rounding cuts applied:  1530
Gomory fractional cuts applied:  400

Root node processing (before b&c):
  Real time             =   10,13 sec. (9183,41 ticks)
Parallel b&c, 8 threads:
  Real time             =    0,00 sec. (0,00 ticks)
  Sync time (average)   =    0,00 sec.
  Wait time (average)   =    0,00 sec.
                          ------------
Total (root+branch&cut) =   10,13 sec. (9183,41 ticks)

<<< solve


OBJECTIVE: 2752.113
avg_utility = 0.962951

<<< post process


<<< done

