
<<< setup


<<< generate

Found incumbent of value 0,000000 after 0,01 sec. (6,57 ticks)
Tried aggregator 2 times.
MIP Presolve eliminated 237791 rows and 132531 columns.
MIP Presolve modified 4426 coefficients.
Aggregator did 4423 substitutions.
Reduced MIP has 11794 rows, 18423 columns, and 44216 nonzeros.
Reduced MIP has 3685 binaries, 0 generals, 0 SOSs, and 0 indicators.
Presolve time = 0,19 sec. (189,52 ticks)
Probing time = 0,01 sec. (0,93 ticks)
Tried aggregator 1 time.
Reduced MIP has 11794 rows, 18423 columns, and 44216 nonzeros.
Reduced MIP has 3685 binaries, 0 generals, 0 SOSs, and 0 indicators.
Presolve time = 0,04 sec. (26,10 ticks)
Probing time = 0,02 sec. (0,93 ticks)
MIP emphasis: balance optimality and feasibility.
MIP search method: dynamic search.
Parallel mode: deterministic, using up to 24 threads.
Root relaxation solution time = 0,05 sec. (48,72 ticks)

        Nodes                                         Cuts/
   Node  Left     Objective  IInf  Best Integer    Best Bound    ItCnt     Gap

*     0+    0                            0,0000     4899,0000              --- 
      0     0     1633,0000   643        0,0000     1633,0000      737     --- 
*     0+    0                         1168,3500     1633,0000            39,77%
      0     0     1579,3966   506     1168,3500    Cuts: 1159     1698   35,18%
      0     0     1494,9062   500     1168,3500    Cuts: 1213     2898   27,95%
      0     0     1420,7791   500     1168,3500    Cuts: 1001     3697   21,61%
*     0+    0                         1204,9750     1420,7791            17,91%
*     0+    0                         1205,3500     1420,7791            17,87%
*     0+    0                         1205,7750     1420,7791            17,83%
      0     0     1324,5418   499     1205,7750    Cuts: 1002     4675    9,85%
      0     0     1265,8127   217     1205,7750     Cuts: 999     6003    4,98%
*     0+    0                         1206,2160     1265,8127             4,94%
      0     0     1235,6206    63     1206,2160     Cuts: 435     6476    2,44%
*     0+    0                         1214,5500     1235,6206             1,73%
      0     0     1222,5313    18     1214,5500     Cuts: 189     6636    0,66%

Implied bound cuts applied:  62
Flow cuts applied:  4142
Mixed integer rounding cuts applied:  1435
Gomory fractional cuts applied:  357

Root node processing (before b&c):
  Real time             =    3,51 sec. (3643,25 ticks)
Parallel b&c, 24 threads:
  Real time             =    0,00 sec. (0,00 ticks)
  Sync time (average)   =    0,00 sec.
  Wait time (average)   =    0,00 sec.
                          ------------
Total (root+branch&cut) =    3,51 sec. (3643,25 ticks)

<<< solve


OBJECTIVE: 1214.55
avg_utility = 0.743754

<<< post process


<<< done

