
<<< setup


<<< generate

Found incumbent of value 0.000000 after 0.00 sec. (0.03 ticks)
Tried aggregator 2 times.
MIP Presolve eliminated 443 rows and 561 columns.
MIP Presolve modified 24 coefficients.
Aggregator did 150 substitutions.
Reduced MIP has 23 rows, 70 columns, and 200 nonzeros.
Reduced MIP has 10 binaries, 0 generals, 0 SOSs, and 0 indicators.
Presolve time = 0.00 sec. (0.74 ticks)
Probing time = 0.00 sec. (0.02 ticks)
Tried aggregator 1 time.
Reduced MIP has 23 rows, 70 columns, and 200 nonzeros.
Reduced MIP has 10 binaries, 0 generals, 0 SOSs, and 0 indicators.
Presolve time = 0.00 sec. (0.09 ticks)
Probing time = 0.00 sec. (0.02 ticks)
Clique table members: 1.
MIP emphasis: balance optimality and feasibility.
MIP search method: dynamic search.
Parallel mode: deterministic, using up to 2 threads.
Root relaxation solution time = 0.00 sec. (0.15 ticks)

        Nodes                                         Cuts/
   Node  Left     Objective  IInf  Best Integer    Best Bound    ItCnt     Gap

*     0+    0                            0.0000    11538.9295              --- 
*     0+    0                         1172.5241    11538.9295           884.11%
*     0     0      integral     0     1837.9204     1837.9204       36    0.00%
Elapsed time = 0.01 sec. (1.16 ticks, tree = 0.00 MB, solutions = 2)

Root node processing (before b&c):
  Real time             =    0.01 sec. (1.20 ticks)
Parallel b&c, 2 threads:
  Real time             =    0.00 sec. (0.00 ticks)
  Sync time (average)   =    0.00 sec.
  Wait time (average)   =    0.00 sec.
                          ------------
Total (root+branch&cut) =    0.01 sec. (1.20 ticks)

<<< solve


OBJECTIVE: 1837.92
avg_utility = 0.562744

<<< post process


<<< done

