
<<< setup


<<< generate

Found incumbent of value -7,8680000e+13 after 0,03 sec. (18,88 ticks)
Tried aggregator 8 times.
MIP Presolve eliminated 341813 rows and 321636 columns.
MIP Presolve modified 31038 coefficients.
Aggregator did 107923 substitutions.
Reduced MIP has 51814 rows, 101562 columns, and 313657 nonzeros.
Reduced MIP has 2796 binaries, 0 generals, 0 SOSs, and 0 indicators.
Presolve time = 10,88 sec. (8938,11 ticks)
Probing time = 0,19 sec. (3,89 ticks)
Tried aggregator 1 time.
Reduced MIP has 51814 rows, 101562 columns, and 313657 nonzeros.
Reduced MIP has 2796 binaries, 0 generals, 0 SOSs, and 0 indicators.
Presolve time = 0,30 sec. (174,30 ticks)
Probing time = 0,09 sec. (3,92 ticks)
MIP emphasis: balance optimality and feasibility.
MIP search method: dynamic search.
Parallel mode: deterministic, using up to 24 threads.
Root relaxation solution time = 0,47 sec. (158,54 ticks)

        Nodes                                         Cuts/
   Node  Left     Objective  IInf  Best Integer    Best Bound    ItCnt     Gap

*     0+    0                      -6,49700e+13    29242,2529           100,00%
      0     0     7868,0000  1587  -6,49700e+13     7868,0000     3272  100,00%
      0     0     7670,8176  1125  -6,49700e+13    Cuts: 4772    40605  100,00%
      0     0     7496,9937  1300  -6,49700e+13    Cuts: 7419   103714  100,00%
      0     0     7302,7709  1423  -6,49700e+13    Cuts: 9049   144213  100,00%
*     0+    0                      -4,54229e+13     7302,7709           100,00%
*     0+    0                      -3,45700e+13     7302,7709           100,00%
*     0+    0                      -3,45400e+13     7302,7709           100,00%
      0     0     7181,1963  1285  -3,45400e+13    Cuts: 9486   186464  100,00%
      0     0     7059,6121   500  -3,45400e+13    Cuts: 9297   208721  100,00%
      0     0     7038,2184   421  -3,45400e+13    Cuts: 2870   218436  100,00%
      0     0     7024,8817   492  -3,45400e+13    Cuts: 2047   231310  100,00%
      0     0     7009,7133   344  -3,45400e+13    Cuts: 3955   242068  100,00%
      0     0     6998,2046   233  -3,45400e+13    Cuts: 3224   248020  100,00%
      0     0     6992,8768   359  -3,45400e+13    Cuts: 1582   252980  100,00%
      0     0     6986,6979   290  -3,45400e+13    Cuts: 2333   265845  100,00%
      0     0     6982,3509   328  -3,45400e+13    Cuts: 1607   275012  100,00%
      0     0     6972,9372    99  -3,45400e+13    Cuts: 1662   288933  100,00%
      0     0     6971,1869   144  -3,45400e+13     Cuts: 687   295388  100,00%
*     0+    0                         6794,7468     6971,1869             2,60%
      0     0     6970,5636   137     6794,7468     Cuts: 780   303167    2,59%
*     0+    0                         6840,8656     6970,5636             1,90%
      0     0     6970,4079   165     6840,8656     Cuts: 625   318365    1,89%
Heuristic still looking.
Heuristic still looking.
      0     2     6970,4079   165     6840,8656     6970,4079   318365    1,89%
Elapsed time = 955,86 sec. (527233,21 ticks, tree = 0,00 MB, solutions = 6)
      1     3     6967,7439   166     6840,8656     6970,4079   346143    1,89%
      2     4     6970,2893   164     6840,8656     6970,4079   346217    1,89%
      3     5     6963,2415   159     6840,8656     6970,0745   347963    1,89%
      4     6     6965,9147   169     6840,8656     6970,0745   352523    1,89%
      7     9     6965,0250   161     6840,8656     6970,0745   382113    1,89%
     10    12     6967,3850   155     6840,8656     6967,7551   413674    1,85%
     11    13     6958,5542   158     6840,8656     6967,7551   445646    1,85%
     13    15     6954,1074   217     6840,8656     6967,7551   477690    1,85%
     16    18     6943,2340   191     6840,8656     6967,7551   521226    1,85%
     19    21     6948,8274   208     6840,8656     6967,7551   568049    1,85%
Elapsed time = 1333,58 sec. (750107,77 ticks, tree = 0,00 MB, solutions = 6)
     21    23     6965,0215   168     6840,8656     6967,7551   604367    1,85%
     27    29     6947,5165   201     6840,8656     6967,7551   706019    1,85%
*    28+   28                         6844,1903     6967,7551             1,81%
     29    31     6941,3329   188     6844,1906     6967,7551   743667    1,81%
     33    35     6935,8699   189     6844,1906     6967,7551   793893    1,81%
     35    37     6940,4827   188     6844,1906     6967,7551   837957    1,81%
     36    38     6959,7328   173     6844,1906     6967,7551   844655    1,81%
     37    39     6955,2625   161     6844,1906     6967,7551   859319    1,81%
     45    47     6946,4054   170     6844,1906     6967,7551   899059    1,81%
     47    49     6939,3529   155     6844,1906     6967,7551   933834    1,81%
     48    50     6930,7361   171     6844,1906     6967,7551   973323    1,81%
Elapsed time = 1695,61 sec. (886935,12 ticks, tree = 0,00 MB, solutions = 7)
     72    74     6952,3187   168     6844,1906     6967,7551  1194733    1,81%
     81    83     6945,3995   158     6844,1906     6967,7551  1227939    1,81%
     82    84     6936,8526   184     6844,1906     6967,7551  1236310    1,81%
     84    86     6925,1723   192     6844,1906     6967,7551  1275782    1,81%
     89    91     6921,0870   157     6844,1906     6967,7551  1344073    1,81%
    107   109     6950,2511   177     6844,1906     6967,7551  1539248    1,81%
    170   172     6951,1779   164     6844,1906     6967,7551  2159165    1,81%
    171   173     6940,2892   163     6844,1906     6967,7551  2211953    1,81%
    172   174     6923,4677   159     6844,1906     6967,7551  2269713    1,81%
    175   177     6896,4034   169     6844,1906     6967,7551  2475212    1,81%
Elapsed time = 2037,65 sec. (972147,70 ticks, tree = 0,00 MB, solutions = 7)
*   183+  183                         6867,2373     6967,7551             1,46%
    183   185     6924,7477   166     6867,2373     6967,7551  2823193    1,46%
    188   190     6942,8383   168     6867,2373     6967,7551  3047437    1,46%
    192   192     6943,0397   192     6867,2373     6967,7551  3253220    1,46%
    193   193     6938,3240   165     6867,2373     6967,7551  3272187    1,46%
*   272+  268                         6870,8400     6967,7551             1,41%
    327   319     6922,0590   181     6870,8400     6967,7551  7144151    1,41%
    328   320     6930,8959   141     6870,8400     6967,7551  7187683    1,41%
    331   321     6915,5728   164     6870,8400     6967,7551  7232107    1,41%
    333   323     6891,4483   174     6870,8400     6967,7551  7265345    1,41%
    338   328     6883,3045   170     6870,8400     6967,7551  7391271    1,41%
    351   339     6922,5955   175     6870,8400     6967,7551  7641636    1,41%
Elapsed time = 3855,01 sec. (1231312,94 ticks, tree = 8,15 MB, solutions = 13)
    355   343     6903,0423   176     6870,8400     6967,7551  7741459    1,41%
    368   352     6888,7542   179     6870,8400     6967,7551  8027501    1,41%
    392   371     6888,4058   198     6870,8400     6967,7551  8508319    1,41%
    416   393     6880,7055   180     6870,8400     6967,7551  8802970    1,41%
    429   406     6891,8070   166     6870,8400     6967,7551  8937940    1,41%
    450   427     6896,8304   164     6870,8400     6967,7551  9284188    1,41%
    493   456    infeasible           6870,8400     6967,7551  9806008    1,41%
    514   471     6895,0824   173     6870,8400     6967,7551 10024533    1,41%
    525   482     6895,7894   161     6870,8400     6967,7551 10219959    1,41%
    550   501     6898,4772   140     6870,8400     6967,7551 10492425    1,41%
Elapsed time = 4604,69 sec. (1394549,11 ticks, tree = 8,15 MB, solutions = 13)
    588   526     6905,3663   169     6870,8400     6967,7551 10891924    1,41%
    612   544     6898,0311   179     6870,8400     6967,7551 11425535    1,41%
    636   562     6904,9832   171     6870,8400     6967,7551 12107986    1,41%
    660   578     6895,9253   160     6870,8400     6967,7551 12861467    1,41%
    684   598     6896,8240   172     6870,8400     6967,7551 13542000    1,41%
    708   614     6892,2658   175     6870,8400     6967,7551 14199117    1,41%
    710   616     6932,9868   180     6870,8400     6967,7551 14299417    1,41%
    734   632     6890,5852   231     6870,8400     6967,7551 14969591    1,41%
    758   650     6932,5502   184     6870,8400     6967,7551 15798443    1,41%
    782   667     6922,6280   180     6870,8400     6967,7551 16490798    1,41%
Elapsed time = 5633,09 sec. (1596632,98 ticks, tree = 8,15 MB, solutions = 13)
    806   679     6930,2085   181     6870,8400     6967,7551 17084935    1,41%
    830   693     6926,0221   180     6870,8400     6967,7551 17789093    1,41%
    854   705     6927,7424   192     6870,8400     6967,7551 18487826    1,41%
    878   725     6923,9921   181     6870,8400     6967,7551 18870949    1,41%
    900   741     6923,4053   173     6870,8400     6967,7551 19464710    1,41%
   1001   821     6927,5851   181     6870,8400     6967,7551 22067686    1,41%
   1071   869     6930,8454   179     6870,8400     6967,7551 23929062    1,41%
   1182   934     6918,7163   146     6870,8400     6962,6052 27185160    1,34%
   1185   937     6917,8423   172     6870,8400     6962,6052 27249300    1,34%
   1198   948     6926,8458   145     6870,8400     6962,6052 27527144    1,34%
Elapsed time = 6527,28 sec. (1806626,98 ticks, tree = 35,73 MB, solutions = 13)
   1205   951     6909,2602   160     6870,8400     6962,6052 27757104    1,34%
   1222   966     6922,3271   158     6870,8400     6962,6052 28043842    1,34%
   1229   969     6905,7772   167     6870,8400     6962,6052 28095611    1,34%
   1230   970     6902,8890   170     6870,8400     6962,6052 28132585    1,34%
   1254   992     6913,0866   162     6870,8400     6962,6052 28448323    1,34%
   1263   999     6939,6819   183     6870,8400     6962,6052 28567881    1,34%
   1280  1010     6902,0633   184     6870,8400     6962,6052 28902296    1,34%
   1303  1023     6900,9290   184     6870,8400     6962,6052 29197451    1,34%
   1316  1034     6927,1283   185     6870,8400     6962,6052 29458145    1,34%
   1338  1048     6926,0026   185     6870,8400     6962,6052 29848734    1,34%
Elapsed time = 8498,19 sec. (2086141,53 ticks, tree = 35,73 MB, solutions = 13)
   1359  1059     6925,0031   185     6870,8400     6962,6052 30044826    1,34%
   1380  1076     6923,7228   190     6870,8400     6962,6052 30209031    1,34%
*  1382+ 1074                         6874,5983     6962,6052             1,28%
   1400  1092     6920,6376   195     6874,5983     6962,6052 30486485    1,28%
   1418  1104     6918,9377   200     6874,5983     6962,6052 30599948    1,28%
   1436  1120     6918,6065   201     6874,5983     6962,6052 30763720    1,28%
   1454  1134     6918,4333   201     6874,5983     6962,6052 30986649    1,28%
   1510  1179     6881,0605   210     6874,5983     6962,6052 31648272    1,28%
   1530  1189     6931,4047   163     6874,5983     6962,6052 31919569    1,28%
   1561  1208     6897,8484   172     6874,5983     6962,6052 32195063    1,28%
   1607  1231     6923,3001   210     6874,5983     6962,6052 32563116    1,28%
Elapsed time = 8498,19 sec. (2205280,30 ticks, tree = 35,73 MB, solutions = 13)
   1661  1168     6890,7268   211     6874,5983     6962,6052 33028341    1,28%
   1665  1172     6926,5846   198     6874,5983     6962,6052 33283761    1,28%
