
<<< setup


<<< generate

Presolve has eliminated 99231 rows and 166329 columns...
Tried aggregator 2 times.
MIP Presolve eliminated 234775 rows and 275875 columns.
MIP Presolve modified 4469 coefficients.
Aggregator did 30452 substitutions.
Reduced MIP has 9809 rows, 18692 columns, and 45400 nonzeros.
Reduced MIP has 7594 binaries, 2196 generals, 0 SOSs, and 0 indicators.
Presolve time = 4,00 sec. (12058,29 ticks)
Found incumbent of value 0,000000 after 4,14 sec. (12096,49 ticks)
Probing time = 0,14 sec. (6,53 ticks)
Tried aggregator 2 times.
Aggregator did 2 substitutions.
Reduced MIP has 9807 rows, 18690 columns, and 45396 nonzeros.
Reduced MIP has 7594 binaries, 2196 generals, 0 SOSs, and 0 indicators.
Presolve time = 0,07 sec. (34,37 ticks)
Probing time = 0,25 sec. (6,69 ticks)
Clique table members: 528.
MIP emphasis: balance optimality and feasibility.
MIP search method: dynamic search.
Parallel mode: deterministic, using up to 8 threads.
Root relaxation solution time = 0,10 sec. (54,73 ticks)

        Nodes                                         Cuts/
   Node  Left     Objective  IInf  Best Integer    Best Bound    ItCnt     Gap

*     0+    0                            0,0000    20902,4000              --- 
*     0     0      integral     0     3954,8000     3954,8000      987    0,00%
Elapsed time = 4,82 sec. (12237,79 ticks, tree = 0,00 MB, solutions = 2)

Root node processing (before b&c):
  Real time             =    4,90 sec. (12248,72 ticks)
Parallel b&c, 8 threads:
  Real time             =    0,00 sec. (0,00 ticks)
  Sync time (average)   =    0,00 sec.
  Wait time (average)   =    0,00 sec.
                          ------------
Total (root+branch&cut) =    4,90 sec. (12248,72 ticks)

<<< solve


OBJECTIVE: 3954.8

<<< post process


<<< done

