
<<< setup


<<< generate

Found incumbent of value 0,000000 after 0,01 sec. (9,38 ticks)
Tried aggregator 9 times.
MIP Presolve eliminated 49808 rows and 142606 columns.
MIP Presolve modified 40629 coefficients.
Aggregator did 41532 substitutions.
Reduced MIP has 50777 rows, 112143 columns, and 298734 nonzeros.
Reduced MIP has 22113 binaries, 5562 generals, 0 SOSs, and 0 indicators.
Presolve time = 4,45 sec. (4333,14 ticks)
Probing time = 0,04 sec. (5,80 ticks)
Tried aggregator 1 time.
Reduced MIP has 50777 rows, 112143 columns, and 298734 nonzeros.
Reduced MIP has 22113 binaries, 5562 generals, 0 SOSs, and 0 indicators.
Presolve time = 0,23 sec. (138,84 ticks)
Probing time = 0,04 sec. (6,18 ticks)
Clique table members: 1292.
MIP emphasis: balance optimality and feasibility.
MIP search method: dynamic search.
Parallel mode: deterministic, using up to 8 threads.
Root relaxation solution time = 1,17 sec. (1632,23 ticks)

        Nodes                                         Cuts/
   Node  Left     Objective  IInf  Best Integer    Best Bound    ItCnt     Gap

*     0+    0                            0,0000    28605,0000              --- 
      0     0     9535,0000  1738        0,0000     9535,0000     6055     --- 
*     0+    0                         6551,0000     9535,0000            45,55%
      0     0     9036,7502  1128     6551,0000    Cuts: 5038    15352   37,94%
      0     0     8648,5772  1870     6551,0000    Cuts: 3408    21352   32,02%
      0     0     8226,8777  1684     6551,0000    Cuts: 4647    26603   25,58%
      0     0     7890,5060  1984     6551,0000    Cuts: 4237    35386   20,45%
      0     0     7573,1089  1586     6551,0000    Cuts: 4542    45742   15,60%
      0     0     7449,6453  1891     6551,0000    Cuts: 3867    54352   13,72%
      0     0     7364,1759  1938     6551,0000    Cuts: 3501    60863   12,41%
      0     0     7264,5031  1677     6551,0000    Cuts: 3586    68233   10,89%
      0     0     7171,5324  1375     6551,0000    Cuts: 3246    72613    9,47%
      0     0     7133,4671  1415     6551,0000    Cuts: 2374    76078    8,89%
*     0+    0                         6559,6000     7133,4671             8,75%
      0     0     7104,1179  1157     6559,6000    Cuts: 2180    77960    8,30%
*     0+    0                         6563,8000     7104,1179             8,23%
      0     0     7090,2528   608     6563,8000    Cuts: 1564    79392    8,02%
      0     0     7077,9898   425     6563,8000     Cuts: 869    80499    7,83%
      0     0     7070,6122   356     6563,8000     Cuts: 608    82003    7,72%
*     0+    0                         6565,8000     7070,6122             7,69%
      0     0     7065,3640   248     6565,8000     Cuts: 489    82704    7,61%
      0     0     7063,0940   176     6565,8000     Cuts: 325    83521    7,57%
*     0+    0                         6567,4000     7063,0940             7,55%
      0     0     7062,0786   289     6567,4000     Cuts: 149    84003    7,53%
*     0+    0                         6587,8000     7062,0786             7,20%
      0     0     7061,0764   266     6587,8000     Cuts: 287    84350    7,18%
*     0+    0                         6761,0000     7061,0764             4,44%
      0     0     7059,1121   155     6761,0000     Cuts: 319    85652    4,41%
      0     0     7058,2914   157     6761,0000     Cuts: 179    85968    4,40%
*     0+    0                         6774,0000     7058,2914             4,20%
Heuristic still looking.
Heuristic still looking.
Heuristic still looking.
*     0+    0                         6774,2000     7058,2914             4,19%
      0     2     7058,2914   157     6774,2000     7058,2914    85968    4,19%
Elapsed time = 344,22 sec. (333887,09 ticks, tree = 0,00 MB, solutions = 10)
      2     4     7058,2617   141     6774,2000     7058,2914    86380    4,19%
      3     5     7058,0761   162     6774,2000     7058,2504    86698    4,19%
      4     6     7058,1071   155     6774,2000     7058,2504    86744    4,19%
      5     7     7058,1048   147     6774,2000     7058,2504    86913    4,19%
      8    10     7057,9023   168     6774,2000     7058,2504    87418    4,19%
      9    11     7058,0915   148     6774,2000     7058,2504    87442    4,19%
     10    12     7057,9751   147     6774,2000     7058,2425    87625    4,19%
     11    13     7057,7606   147     6774,2000     7058,2425    88019    4,19%
     12    14     7057,7647   140     6774,2000     7058,2425    88629    4,19%
     13    15     7057,3853   154     6774,2000     7058,2425    90023    4,19%
Elapsed time = 369,32 sec. (362943,33 ticks, tree = 0,00 MB, solutions = 10)
     18    20     7057,8842   145     6774,2000     7058,1056    93701    4,19%
     24    26     7057,1400   149     6774,2000     7058,1056    94983    4,19%
     50    52     7057,4212   150     6774,2000     7058,1056   100940    4,19%
     51    53     7032,6492   170     6774,2000     7058,1056   101090    4,19%
     53    55     7050,1747   130     6774,2000     7058,1056   101315    4,19%
    112   114     7057,5493   134     6774,2000     7058,1056   110492    4,19%
    118   120     7056,6589   121     6774,2000     7058,1056   111473    4,19%
    152   154     7056,6154   135     6774,2000     7058,1056   117309    4,19%
    229   231     7056,2970   125     6774,2000     7058,1056   126589    4,19%
    232   234     7055,1819    40     6774,2000     7058,1056   127416    4,19%
Elapsed time = 546,29 sec. (476332,75 ticks, tree = 11,25 MB, solutions = 10)
    233   235     7031,9739   141     6774,2000     7058,1056   128041    4,19%
    237   239     7051,6475   133     6774,2000     7058,1056   129953    4,19%
    248   250     7055,1783    39     6774,2000     7058,1056   132691    4,19%
    256   258     7055,1318    45     6774,2000     7058,1056   133844    4,19%
    261   263     7056,2447   128     6774,2000     7058,1056   134560    4,19%
    351   353     7056,2529   123     6774,2000     7058,1056   147332    4,19%
    355   357     7056,2959   127     6774,2000     7058,1056   147435    4,19%
    403   405     7053,3554    56     6774,2000     7058,1056   153947    4,19%
    406   408     7055,3643    48     6774,2000     7058,1056   154583    4,19%
    411   413     7051,9017    39     6774,2000     7058,1056   154978    4,19%
Elapsed time = 853,34 sec. (626487,99 ticks, tree = 111,49 MB, solutions = 10)
    413   415     7054,7951   114     6774,2000     7058,1056   155215    4,19%
    457   459     7055,8584   122     6774,2000     7058,1056   162302    4,19%
    508   510     7048,2161   103     6774,2000     7058,1056   167312    4,19%
    511   513     7045,1788    40     6774,2000     7058,1056   167596    4,19%
    519   521     7049,3537    44     6774,2000     7058,1056   168049    4,19%
    520   522     7033,5979   152     6774,2000     7058,1056   170324    4,19%
    528   530     7055,7728   132     6774,2000     7058,1056   171993    4,19%
    536   538     7055,7776   132     6774,2000     7058,1056   173373    4,19%
    552   554     7055,7312   124     6774,2000     7058,1056   174902    4,19%
    560   562     7031,9603   147     6774,2000     7058,1056   176460    4,19%
Elapsed time = 1055,47 sec. (701374,19 ticks, tree = 144,82 MB, solutions = 10)
    912   912     7043,2960    35     6774,2000     7058,1056   188686    4,19%
   1228  1226     7043,6095    25     6774,2000     7058,1056   193653    4,19%
   1232  1230     7054,9157    42     6774,2000     7058,1056   193891    4,19%
   1238  1236     7055,6818   131     6774,2000     7058,1056   195538    4,19%
   1246  1244     7031,0553   150     6774,2000     7058,1056   197068    4,19%
   1262  1260     7030,9953   145     6774,2000     7058,1056   198694    4,19%
   1286  1284     7055,4973   126     6774,2000     7058,1056   199593    4,19%
   1318  1316     7055,3696   104     6774,2000     7058,1056   200752    4,19%
   1334  1332     7053,9605   110     6774,2000     7058,1056   201246    4,19%
   1358  1356     7053,8218   109     6774,2000     7058,1056   202331    4,19%
Elapsed time = 1142,03 sec. (743855,14 ticks, tree = 794,05 MB, solutions = 10)
   1703  1699     6946,2829    72     6774,2000     7058,1056   215853    4,19%
   1709  1705     7054,8872    41     6774,2000     7058,1056   216583    4,19%
   1927  1923     7048,2108    54     6774,2000     7058,1056   256385    4,19%
   1928  1924     7054,5379   107     6774,2000     7058,1056   256628    4,19%
   1934  1930     7043,6013    31     6774,2000     7058,1056   256788    4,19%
   1936  1932     7053,0160   120     6774,2000     7058,1056   257623    4,19%
   1944  1940     7054,5344   107     6774,2000     7058,1056   258631    4,19%
   1952  1948     7048,0464   116     6774,2000     7058,1056   261115    4,19%
   1968  1964     7054,2886    99     6774,2000     7058,1056   263522    4,19%
   1976  1972     7054,2171   104     6774,2000     7058,1056   264053    4,19%
Elapsed time = 1439,71 sec. (874179,71 ticks, tree = 1355,86 MB, solutions = 10)
   1984  1980     7053,2454   106     6774,2000     7058,1056   266255    4,19%
   1992  1988     7054,2171   104     6774,2000     7058,1056   266419    4,19%
   2032  2028     7053,7726   113     6774,2000     7058,1056   268836    4,19%
   2040  2036     7054,1440   100     6774,2000     7058,1056   270331    4,19%
   2237  2233     7006,0102    44     6774,2000     7058,1056   283905    4,19%
   2386  2382     7019,5057   106     6774,2000     7058,1056   290716    4,19%
   2389  2385     7053,7770    95     6774,2000     7058,1056   291476    4,19%
   2392  2388     7039,3388   103     6774,2000     7058,1056   292610    4,19%
   2400  2396     7045,9406    89     6774,2000     7058,1056   294145    4,19%
   2402  2398     7012,3161    95     6774,2000     7058,1056   294429    4,19%
Elapsed time = 1609,50 sec. (964890,33 ticks, tree = 1763,02 MB, solutions = 10)
   2410  2406     7012,2848    99     6774,2000     7058,1056   296080    4,19%
   2418  2414     7012,2876    89     6774,2000     7058,1056   296999    4,19%
   2609  2605     7043,5686    32     6774,2000     7058,1056   313722    4,19%
   2797  2793     7043,7396    29     6774,2000     7058,1056   324671    4,19%
   2798  2794     7051,3164   104     6774,2000     7058,1056   324979    4,19%
   2805  2801     7042,5167    38     6774,2000     7058,1056   326186    4,19%
   2821  2817     7043,6670    27     6774,2000     7058,1056   326786    4,19%
   2823  2819     7046,1915    77     6774,2000     7058,1056   326880    4,19%
   2855  2851     7046,1891    77     6774,2000     7058,1056   328625    4,19%
   2866  2862     7005,9107    53     6774,2000     7058,1056   330923    4,19%
Elapsed time = 1806,54 sec. (1022239,98 ticks, tree = 1964,50 MB, solutions = 10)
   2890  2886     7005,8546    59     6774,2000     7058,1056   333421    4,19%
   2893  2889     7040,3735    33     6774,2000     7058,1056   333991    4,19%
   3196  3190     7011,0228    56     6774,2000     7058,1056   357796    4,19%
   3200  3194     7044,8837    86     6774,2000     7058,1056   358166    4,19%
   3205  3199     7043,5850    34     6774,2000     7058,1056   358668    4,19%
   3216  3210     7025,7860    92     6774,2000     7058,1056   359737    4,19%
   3217  3211     7050,4602    45     6774,2000     7058,1056   360261    4,19%
   3225  3219     7051,1543    34     6774,2000     7058,1056   360663    4,19%
   3230  3224     7036,2684    41     6774,2000     7058,1056   361764    4,19%
   3246  3240     7040,4672    31     6774,2000     7058,1056   366135    4,19%
Elapsed time = 1913,94 sec. (1126075,73 ticks, tree = 2318,19 MB, solutions = 10)
Nodefile size = 148,64 MB (93,37 MB after compression)
   3254  3248     7033,9745    39     6774,2000     7058,1056   367265    4,19%
   3326  3320     7040,4630    27     6774,2000     7058,1056   373499    4,19%
   3358  3352     7040,4630    27     6774,2000     7058,1056   374541    4,19%
   3381  3375     7043,6013    31     6774,2000     7058,1056   375523    4,19%
   3397  3391     7043,6013    31     6774,2000     7058,1056   375996    4,19%
   3413  3407     7043,6013    31     6774,2000     7058,1056   376862    4,19%
   3429  3423     7043,6013    31     6774,2000     7058,1056   377295    4,19%
   3445  3439     7043,6013    31     6774,2000     7058,1056   377901    4,19%
   3547  3539     7045,4275    46     6774,2000     7058,1056   384879    4,19%
*  3834+ 2544                         7045,2000     7055,8408             0,15%

Cover cuts applied:  4
Implied bound cuts applied:  532
Flow cuts applied:  20914
Mixed integer rounding cuts applied:  14292
Flow path cuts applied:  2584
Gomory fractional cuts applied:  353

Root node processing (before b&c):
  Real time             =  343,82 sec. (333158,20 ticks)
Parallel b&c, 8 threads:
  Real time             = 1732,53 sec. (883254,37 ticks)
  Sync time (average)   =  442,50 sec.
  Wait time (average)   =  455,11 sec.
                          ------------
Total (root+branch&cut) = 2076,35 sec. (1216412,57 ticks)

<<< solve


OBJECTIVE: 7045.2
avg_utility = 0.738878

<<< post process


<<< done

