
<<< setup


<<< generate

Found incumbent of value 0,000000 after 0,01 sec. (6,10 ticks)
Tried aggregator 2 times.
MIP Presolve eliminated 238685 rows and 127465 columns.
MIP Presolve modified 2638 coefficients.
Aggregator did 2635 substitutions.
Reduced MIP has 7026 rows, 10973 columns, and 26336 nonzeros.
Reduced MIP has 2195 binaries, 0 generals, 0 SOSs, and 0 indicators.
Presolve time = 0,15 sec. (169,54 ticks)
Probing time = 0,00 sec. (0,56 ticks)
Tried aggregator 1 time.
Reduced MIP has 7026 rows, 10973 columns, and 26336 nonzeros.
Reduced MIP has 2195 binaries, 0 generals, 0 SOSs, and 0 indicators.
Presolve time = 0,03 sec. (16,86 ticks)
Probing time = 0,02 sec. (0,56 ticks)
MIP emphasis: balance optimality and feasibility.
MIP search method: dynamic search.
Parallel mode: deterministic, using up to 24 threads.
Root relaxation solution time = 0,04 sec. (29,11 ticks)

        Nodes                                         Cuts/
   Node  Left     Objective  IInf  Best Integer    Best Bound    ItCnt     Gap

*     0+    0                            0,0000     3500,5298              --- 
      0     0      816,0000   342        0,0000      816,0000      439     --- 
*     0+    0                          765,5850      816,0000             6,59%
      0     0      816,0000   206      765,5850     Cuts: 523      971    6,59%
      0     0      806,5684   201      765,5850     Cuts: 610     1392    5,35%
      0     0      804,0308   201      765,5850     Cuts: 494     1747    5,02%
*     0+    0                          771,3817      804,0308             4,23%
*     0+    0                          773,1171      804,0308             4,00%
      0     0      792,3670   201      773,1171     Cuts: 464     2112    2,49%
*     0+    0                          773,9064      792,3670             2,39%
      0     0      790,9092   192      773,9064     Cuts: 400     2627    2,20%

Implied bound cuts applied:  26
Flow cuts applied:  1961
Mixed integer rounding cuts applied:  455
Gomory fractional cuts applied:  426

Root node processing (before b&c):
  Real time             =    2,07 sec. (2363,90 ticks)
Parallel b&c, 24 threads:
  Real time             =    0,00 sec. (0,00 ticks)
  Sync time (average)   =    0,00 sec.
  Wait time (average)   =    0,00 sec.
                          ------------
Total (root+branch&cut) =    2,07 sec. (2363,90 ticks)

<<< solve


OBJECTIVE: 773.9064
avg_utility = 0.948415

<<< post process


<<< done

