
<<< setup


<<< generate

Found incumbent of value 0,000000 after 0,04 sec. (41,70 ticks)
Tried aggregator 2 times.
MIP Presolve eliminated 179665 rows and 563982 columns.
MIP Presolve modified 4496 coefficients.
Aggregator did 21335 substitutions.
Reduced MIP has 297531 rows, 811988 columns, and 2349818 nonzeros.
Reduced MIP has 8986 binaries, 0 generals, 0 SOSs, and 0 indicators.
Presolve time = 1,81 sec. (1298,01 ticks)
Probing time = 0,15 sec. (27,19 ticks)
Tried aggregator 1 time.
MIP Presolve eliminated 15491 rows and 40497 columns.
MIP Presolve modified 1500 coefficients.
Reduced MIP has 281790 rows, 771491 columns, and 2228896 nonzeros.
Reduced MIP has 8986 binaries, 0 generals, 0 SOSs, and 0 indicators.
Presolve time = 2,36 sec. (1104,89 ticks)
Probing time = 0,21 sec. (26,05 ticks)
MIP emphasis: balance optimality and feasibility.
MIP search method: dynamic search.
Parallel mode: deterministic, using up to 8 threads.
Root relaxation solution time = 5,06 sec. (1645,72 ticks)

        Nodes                                         Cuts/
   Node  Left     Objective  IInf  Best Integer    Best Bound    ItCnt     Gap

*     0+    0                            0,0000    73789,9679              --- 
      0     0    17201,0000  3907        0,0000    17201,0000    12771     --- 
      0     0    16175,9286  1021        0,0000    Cuts: 9961   426305     --- 
      0     0    15720,1598   672        0,0000    Cuts: 4618   490699     --- 
      0     0    15701,7927   715        0,0000    Cuts: 3390   646904     --- 
*     0+    0                        13041,8423    15701,7927            20,40%
*     0+    0                        14271,0924    15701,7927            10,03%
*     0+    0                        14466,5035    15701,7927             8,54%
      0     0    15649,1245   583    14466,5035    Cuts: 3429  1714985    8,17%
      0     0    15620,8971   459    14466,5035    Cuts: 2743  1828780    7,98%
      0     0    15605,2783   328    14466,5035    Cuts: 1998  1882530    7,87%
*     0+    0                        15137,8080    15605,2783             3,09%
*     0+    0                        15456,8904    15605,2783             0,96%

Implied bound cuts applied:  60
Flow cuts applied:  11728
Mixed integer rounding cuts applied:  9292
Gomory fractional cuts applied:  275

Root node processing (before b&c):
  Real time             = 22514,31 sec. (11686778,42 ticks)
Parallel b&c, 8 threads:
  Real time             =    0,00 sec. (0,00 ticks)
  Sync time (average)   =    0,00 sec.
  Wait time (average)   =    0,00 sec.
                          ------------
Total (root+branch&cut) = 22514,31 sec. (11686778,42 ticks)

<<< solve


OBJECTIVE: 15456.89
avg_utility = 0.898604

<<< post process


<<< done

