
<<< setup


<<< generate

Found incumbent of value 0,000000 after 0,01 sec. (13,50 ticks)
Tried aggregator 5 times.
MIP Presolve eliminated 358336 rows and 251593 columns.
MIP Presolve modified 11578 coefficients.
Aggregator did 90928 substitutions.
Reduced MIP has 964 rows, 4760 columns, and 17095 nonzeros.
Reduced MIP has 0 binaries, 0 generals, 0 SOSs, and 0 indicators.
Presolve time = 2,82 sec. (2937,82 ticks)
Tried aggregator 1 time.
MIP Presolve eliminated 797 rows and 3985 columns.
Reduced MIP has 167 rows, 775 columns, and 2795 nonzeros.
Reduced MIP has 0 binaries, 0 generals, 0 SOSs, and 0 indicators.
Presolve time = 0,01 sec. (11,43 ticks)
Tried aggregator 1 time.
Reduced MIP has 167 rows, 775 columns, and 2795 nonzeros.
Reduced MIP has 0 binaries, 0 generals, 0 SOSs, and 0 indicators.
Presolve time = 0,00 sec. (6,94 ticks)
MIP emphasis: balance optimality and feasibility.
MIP search method: dynamic search.
Parallel mode: deterministic, using up to 8 threads.
Root relaxation solution time = 0,00 sec. (2,53 ticks)

        Nodes                                         Cuts/
   Node  Left     Objective  IInf  Best Integer    Best Bound    ItCnt     Gap

*     0+    0                          834,0000     9592,6000              --- 
*     0     0      integral     0     2025,5550     2025,5550      271    0,00%
Elapsed time = 2,86 sec. (2992,91 ticks, tree = 0,00 MB, solutions = 2)

Root node processing (before b&c):
  Real time             =    2,88 sec. (3007,78 ticks)
Parallel b&c, 8 threads:
  Real time             =    0,00 sec. (0,00 ticks)
  Sync time (average)   =    0,00 sec.
  Wait time (average)   =    0,00 sec.
                          ------------
Total (root+branch&cut) =    2,88 sec. (3007,78 ticks)

<<< solve


OBJECTIVE: 2025.555
avg_utility = 0.536287

<<< post process


<<< done

