
<<< setup


<<< generate

Found incumbent of value 0,000000 after 0,00 sec. (0,56 ticks)
Tried aggregator 2 times.
MIP Presolve eliminated 13230 rows and 10081 columns.
MIP Presolve modified 1637 coefficients.
Aggregator did 816 substitutions.
Reduced MIP has 2044 rows, 3672 columns, and 7752 nonzeros.
Reduced MIP has 1575 binaries, 465 generals, 0 SOSs, and 0 indicators.
Presolve time = 0,02 sec. (18,09 ticks)
Probing time = 0,00 sec. (0,81 ticks)
Tried aggregator 1 time.
Reduced MIP has 2044 rows, 3672 columns, and 7752 nonzeros.
Reduced MIP has 1575 binaries, 465 generals, 0 SOSs, and 0 indicators.
Presolve time = 0,01 sec. (5,23 ticks)
Probing time = 0,00 sec. (0,81 ticks)
Clique table members: 253.
MIP emphasis: balance optimality and feasibility.
MIP search method: dynamic search.
Parallel mode: deterministic, using up to 8 threads.
Root relaxation solution time = 0,01 sec. (8,48 ticks)

        Nodes                                         Cuts/
   Node  Left     Objective  IInf  Best Integer    Best Bound    ItCnt     Gap

*     0+    0                            0,0000     1567,2000              --- 
      0     0      712,1250     2        0,0000      712,1250      438     --- 
      0     0      712,1250     4        0,0000   Flowcuts: 1      439     --- 
*     0+    0                           66,6000      712,1250           969,26%
      0     0      712,1250     4       66,6000       Cuts: 2      441  969,26%
*     0+    0                          106,8000      712,1250           566,78%
*     0+    0                          111,2000      712,1250           540,40%
      0     2      712,1250     4      111,2000      712,1250      441  540,40%
Elapsed time = 0,39 sec. (511,92 ticks, tree = 0,00 MB, solutions = 4)
*     3+    3                          115,4000      712,1250           517,09%
*     7+    7                          120,4000      712,1250           491,47%
*    12+   12                          131,4000      712,1250           441,95%
     12    14      712,1250     2      131,4000      712,1250      505  441,95%
*    21+   21                          132,4000      712,1250           437,86%
*    22+   22                          132,8000      712,1250           436,24%
*    23+   23                          711,6000      712,1250             0,07%

Flow cuts applied:  1

Root node processing (before b&c):
  Real time             =    0,39 sec. (511,44 ticks)
Parallel b&c, 8 threads:
  Real time             =    0,21 sec. (379,17 ticks)
  Sync time (average)   =    0,15 sec.
  Wait time (average)   =    0,16 sec.
                          ------------
Total (root+branch&cut) =    0,60 sec. (890,61 ticks)

<<< solve


OBJECTIVE: 711.6
avg_utility = 0.54487

<<< post process


<<< done

