
<<< setup


<<< generate

Aggregator has done 327877 substitutions...
Aggregator has done 371650 substitutions...
Aggregator has done 417749 substitutions...
Tried aggregator 14 times.
MIP Presolve eliminated 1721093 rows and 1853376 columns.
MIP Presolve modified 45999 coefficients.
Aggregator did 426988 substitutions.
Reduced MIP has 80243 rows, 212037 columns, and 606493 nonzeros.
Reduced MIP has 51523 binaries, 12607 generals, 0 SOSs, and 0 indicators.
Presolve time = 56,75 sec. (34163,82 ticks)
Found incumbent of value 2336,070786 after 57,15 sec. (34495,63 ticks)
Probing time = 0,65 sec. (120,72 ticks)
Tried aggregator 1 time.
Presolve time = 0,35 sec. (239,76 ticks)
Probing time = 1,07 sec. (120,72 ticks)
Clique table members: 4998.
MIP emphasis: balance optimality and feasibility.
MIP search method: dynamic search.
Parallel mode: deterministic, using up to 24 threads.
Root relaxation solution time = 6,11 sec. (6430,66 ticks)

        Nodes                                         Cuts/
   Node  Left     Objective  IInf  Best Integer    Best Bound    ItCnt     Gap

*     0+    0                         2336,0708   104980,9081    35050     --- 
*     0+    0                         5887,4409   104980,9081    35050     --- 
      0     0    27317,0000  6876     5887,4409    27317,0000    35050  363,99%
      0     0    21850,2543  1148     5887,4409   Cuts: 10000    94037  271,13%
      0     0    20223,3636   153     5887,4409    Cuts: 3378    97508  243,50%
      0     0    20216,7261   250     5887,4409     Cuts: 232    98830  243,39%
      0     0    20214,1457   320     5887,4409     Cuts: 285    99536  243,34%
      0     0    20211,4272   225     5887,4409     Cuts: 305   100808  243,30%
      0     0    20207,7764   213     5887,4409     Cuts: 222   101690  243,24%
*     0+    0                         6403,5918    20207,7764   102448  215,57%
      0     0    20206,4174   208     6403,5918     Cuts: 196   102448  215,55%
*     0+    0                         6568,4027    20206,4174   102813  207,63%
      0     0    20206,2904   213     6568,4027     Cuts: 196   102813  207,63%
Heuristic still looking.
Heuristic still looking.
*     0+    0                         8154,9144    20206,2904   102813  147,78%
      0     2    20206,2904   213     8154,9144    20206,2904   102813  147,78%
Elapsed time = 224,24 sec. (173184,22 ticks, tree = 0,01 MB, solutions = 5)
      2     4    20205,4041   167     8154,9144    20206,2904   103048  147,78%
      3     5    20205,2962   175     8154,9144    20206,2787   103313  147,78%
      5     7    20205,2831   224     8154,9144    20206,2787   103694  147,78%
      7     9    20199,0534   216     8154,9144    20206,2787   104882  147,78%
     11    13    20204,8535   220     8154,9144    20205,8182   105665  147,77%
     15    17    20203,7716   250     8154,9144    20205,8182   106909  147,77%
     23    25    20202,8072   262     8154,9144    20205,8182   107811  147,77%
     24    26    20203,3972   243     8154,9144    20205,8182   108139  147,77%
     26    28    20204,7225   220     8154,9144    20205,6169   109392  147,77%
     27    29    20198,1984   282     8154,9144    20205,6169   110028  147,77%
Elapsed time = 244,99 sec. (188058,40 ticks, tree = 0,20 MB, solutions = 5)
     33    35    20201,7106   202     8154,9144    20205,6169   112734  147,77%
     48    50    20204,3461   300     8154,9144    20205,6169   116179  147,77%
     51    53    20199,5591   270     8154,9144    20205,6169   117664  147,77%
     64    66    20192,0804   300     8154,9144    20205,6169   123290  147,77%
     70    72    20195,0799   285     8154,9144    20205,6169   126327  147,77%
    106   108    20173,6533   318     8154,9144    20205,6169   133634  147,77%
    175   177    20195,0563   283     8154,9144    20205,6169   148303  147,77%
    184   186    20203,0902   292     8154,9144    20205,3554   150833  147,77%
    205   207    20193,9323   317     8154,9144    20205,3554   168155  147,77%
    206   208    20198,0751   282     8154,9144    20205,3554   168322  147,77%
Elapsed time = 328,61 sec. (215369,22 ticks, tree = 3,51 MB, solutions = 5)
    209   211    20192,6410   260     8154,9144    20205,3554   171012  147,77%
    232   234    20202,3222   308     8154,9144    20205,3554   181747  147,77%
    342   344    20178,8404   302     8154,9144    20205,3554   239142  147,77%
    343   345    20188,7380   268     8154,9144    20205,3554   240826  147,77%
    363   365    20162,5005   237     8154,9144    20205,3554   251244  147,77%
    367   369    19943,3814   295     8154,9144    20205,3554   253913  147,77%
    391   393    20185,5307   218     8154,9144    20205,3554   264347  147,77%
    435   437    19906,6018   268     8154,9144    20205,3554   277153  147,77%
    496   498    20191,7862   263     8154,9144    20205,3554   297826  147,77%
   1489  1491    20198,2119   226     8154,9144    20205,3554   339370  147,77%
Elapsed time = 534,08 sec. (249763,26 ticks, tree = 299,66 MB, solutions = 5)
Nodefile size = 121,96 MB (55,83 MB after compression)
   1497  1499    20185,3052   233     8154,9144    20205,3554   342877  147,77%
   1507  1509    20124,7681   263     8154,9144    20205,3554   344756  147,77%
   2003  2005    20179,0578   105     8154,9144    20205,3554   390696  147,77%
   2012  2014    20175,5651   182     8154,9144    20205,3554   393198  147,77%
   2759  2761    20178,6058   232     8154,9144    20205,3554   506032  147,77%
   2766  2768    20165,1856    97     8154,9144    20205,3554   511491  147,77%
   2790  2792    20160,6994   107     8154,9144    20205,3554   526247  147,77%
   2814  2816    20165,1653    91     8154,9144    20205,3554   535059  147,77%
   2871  2873    19460,6373   176     8154,9144    20205,3554   550237  147,77%
   2895  2897    20156,8646   189     8154,9144    20205,3554   553984  147,77%
Elapsed time = 959,95 sec. (413265,18 ticks, tree = 868,80 MB, solutions = 5)
Nodefile size = 667,22 MB (313,18 MB after compression)
   2919  2921    20152,1063   168     8154,9144    20205,3554   557843  147,77%
   4427  4429    20146,5051    84     8154,9144    20205,3554   619531  147,77%
   6095  6097    19979,8687    69     8154,9144    20205,3554   682989  147,77%
*  6492+ 4328                        20112,4190    20204,9659   773586    0,46%
*  6492+ 2885                        20143,8462    20204,9659   773586    0,30%

Implied bound cuts applied:  242
Flow cuts applied:  9713
Mixed integer rounding cuts applied:  4864
Gomory fractional cuts applied:  356

Root node processing (before b&c):
  Real time             =  155,58 sec. (134514,56 ticks)
Parallel b&c, 24 threads:
  Real time             =  920,98 sec. (327521,80 ticks)
  Sync time (average)   =    0,09 sec.
  Wait time (average)   =    0,00 sec.
                          ------------
Total (root+branch&cut) = 1076,56 sec. (462036,37 ticks)

<<< solve


OBJECTIVE: 20143.85
avg_utility = 0.7374106324266619

<<< post process


<<< done

