
<<< setup


<<< generate

Found incumbent of value 0,000000 after 0,03 sec. (16,97 ticks)
Tried aggregator 4 times.
MIP Presolve eliminated 179348 rows and 391268 columns.
MIP Presolve modified 5023 coefficients.
Aggregator did 109158 substitutions.
Reduced MIP has 13044 rows, 30695 columns, and 95209 nonzeros.
Reduced MIP has 2808 binaries, 0 generals, 0 SOSs, and 0 indicators.
Presolve time = 4,17 sec. (3284,51 ticks)
Probing time = 0,01 sec. (1,41 ticks)
Tried aggregator 1 time.
Reduced MIP has 13044 rows, 30695 columns, and 95209 nonzeros.
Reduced MIP has 2808 binaries, 0 generals, 0 SOSs, and 0 indicators.
Presolve time = 0,05 sec. (45,39 ticks)
Probing time = 0,01 sec. (1,41 ticks)
MIP emphasis: balance optimality and feasibility.
MIP search method: dynamic search.
Parallel mode: deterministic, using up to 8 threads.
Root relaxation solution time = 0,44 sec. (304,16 ticks)

        Nodes                                         Cuts/
   Node  Left     Objective  IInf  Best Integer    Best Bound    ItCnt     Gap

*     0+    0                         1706,0000    27105,7973              --- 
      0     0     6261,7378   188     1706,0000     6261,7378     1983  267,04%
*     0+    0                         6252,5539     6261,7378             0,15%

Flow cuts applied:  9
Mixed integer rounding cuts applied:  1

Root node processing (before b&c):
  Real time             =    6,89 sec. (5683,58 ticks)
Parallel b&c, 8 threads:
  Real time             =    0,00 sec. (0,00 ticks)
  Sync time (average)   =    0,00 sec.
  Wait time (average)   =    0,00 sec.
                          ------------
Total (root+branch&cut) =    6,89 sec. (5683,58 ticks)

<<< solve


OBJECTIVE: 6252.554
avg_utility = 0.794681

<<< post process


<<< done

