
<<< setup


<<< generate

Found incumbent of value 0,000000 after 0,06 sec. (55,63 ticks)
Tried aggregator 2 times.
MIP Presolve eliminated 2397053 rows and 1216713 columns.
MIP Presolve modified 5902 coefficients.
Aggregator did 5899 substitutions.
Reduced MIP has 15730 rows, 24573 columns, and 58976 nonzeros.
Reduced MIP has 4915 binaries, 0 generals, 0 SOSs, and 0 indicators.
Presolve time = 0,90 sec. (1477,84 ticks)
Probing time = 0,01 sec. (1,24 ticks)
Tried aggregator 1 time.
Reduced MIP has 15730 rows, 24573 columns, and 58976 nonzeros.
Reduced MIP has 4915 binaries, 0 generals, 0 SOSs, and 0 indicators.
Presolve time = 0,06 sec. (64,02 ticks)
Probing time = 0,01 sec. (1,24 ticks)
MIP emphasis: balance optimality and feasibility.
MIP search method: dynamic search.
Parallel mode: deterministic, using up to 8 threads.
Root relaxation solution time = 0,11 sec. (214,21 ticks)

        Nodes                                         Cuts/
   Node  Left     Objective  IInf  Best Integer    Best Bound    ItCnt     Gap

*     0+    0                            0,0000     7005,3495              --- 
*     0+    0                         1267,6613     7005,3495           452,62%
*     0     0      integral     0     1633,0000     1633,0000      983    0,00%
Elapsed time = 1,28 sec. (1910,12 ticks, tree = 0,00 MB, solutions = 3)

Root node processing (before b&c):
  Real time             =    1,35 sec. (1963,88 ticks)
Parallel b&c, 8 threads:
  Real time             =    0,00 sec. (0,00 ticks)
  Sync time (average)   =    0,00 sec.
  Wait time (average)   =    0,00 sec.
                          ------------
Total (root+branch&cut) =    1,35 sec. (1963,88 ticks)

<<< solve


OBJECTIVE: 1633
avg_utility = 1

<<< post process


<<< done

