
<<< setup


<<< generate

Found incumbent of value 0,000000 after 0,02 sec. (17,01 ticks)
Tried aggregator 8 times.
MIP Presolve eliminated 112325 rows and 353278 columns.
MIP Presolve modified 34551 coefficients.
Aggregator did 99278 substitutions.
Reduced MIP has 44905 rows, 96325 columns, and 280193 nonzeros.
Reduced MIP has 14340 binaries, 0 generals, 0 SOSs, and 0 indicators.
Presolve time = 7,17 sec. (6929,60 ticks)
Probing time = 0,02 sec. (4,17 ticks)
Tried aggregator 1 time.
Reduced MIP has 44905 rows, 96325 columns, and 280193 nonzeros.
Reduced MIP has 14340 binaries, 0 generals, 0 SOSs, and 0 indicators.
Presolve time = 0,19 sec. (158,73 ticks)
Probing time = 0,02 sec. (4,44 ticks)
MIP emphasis: balance optimality and feasibility.
MIP search method: dynamic search.
Parallel mode: deterministic, using up to 8 threads.
Root relaxation solution time = 4,11 sec. (2211,96 ticks)

        Nodes                                         Cuts/
   Node  Left     Objective  IInf  Best Integer    Best Bound    ItCnt     Gap

*     0+    0                         1590,0000    20520,0000              --- 
*     0+    0                         3057,2583    20520,0000           571,19%
      0     0     7033,3985  1031     3057,2583     7033,3985      238  130,06%
      0     0     6838,2839  1183     3057,2583    Cuts: 3302    11286  123,67%
      0     0     6465,4667  1327     3057,2583    Cuts: 3883    18605  111,48%
      0     0     5783,7935  1430     3057,2583    Cuts: 4169    24777   89,18%
*     0+    0                         4309,4979     5783,7935            34,21%
      0     0     5227,0178  1170     4309,4979    Cuts: 4095    34406   21,29%
      0     0     4872,2110   561     4309,4979    Cuts: 3211    39876   13,06%
      0     0     4817,2973   559     4309,4979    Cuts: 1395    44906   11,78%
      0     0     4793,7567   617     4309,4979    Cuts: 1745    51065   11,24%
      0     0     4775,4026   740     4309,4979    Cuts: 1797    60423   10,81%
*     0+    0                         4364,5324     4775,4026             9,41%
      0     0     4724,3187   568     4364,5324    Cuts: 2387    66495    8,24%
*     0+    0                         4557,7667     4724,3187             3,65%
      0     0     4690,5156   270     4557,7667    Cuts: 1384    75382    2,91%
      0     0     4682,2688   288     4557,7667     Cuts: 698    80093    2,73%
      0     0     4673,4876   231     4557,7667     Cuts: 784    82083    2,54%
      0     0     4670,9253    63     4557,7667     Cuts: 551    85440    2,48%
      0     0     4670,0338    42     4557,7667     Cuts: 134    86340    2,46%
      0     0     4669,8520    39     4557,7667     Cuts: 103    86866    2,46%
      0     0     4669,8056    48     4557,7667     Cuts: 101    87436    2,46%
*     0+    0                         4559,8362     4669,8056             2,41%
Heuristic still looking.
Heuristic still looking.
      0     2     4669,8056    48     4559,8362     4669,8056    87436    2,41%
Elapsed time = 526,45 sec. (359027,47 ticks, tree = 0,00 MB, solutions = 6)
      1     3     4669,2396    59     4559,8362     4669,8056    90072    2,41%
      2     4     4668,7205    46     4559,8362     4669,8056    90253    2,41%
      3     5     4665,8033    40     4559,8362     4669,2396    91566    2,40%
      4     6     4667,4573    54     4559,8362     4669,2396    97629    2,40%
      5     7     4653,1232    38     4559,8362     4669,2396   106258    2,40%
      7     9     4652,6725    27     4559,8362     4669,2396   107090    2,40%
      8    10     4665,7973    40     4559,8362     4668,5917   108594    2,39%
     10    12     4652,4367    46     4559,8362     4668,5917   111512    2,39%
     11    13     4652,2174    42     4559,8362     4668,5917   118944    2,39%
     13    15     4652,0714    61     4559,8362     4668,5917   121022    2,39%
Elapsed time = 583,38 sec. (418506,18 ticks, tree = 0,00 MB, solutions = 6)
     14    16     4651,8346    34     4559,8362     4668,5917   121378    2,39%
     15    17     4665,1624    58     4559,8362     4668,5917   121782    2,39%
     16    18     4666,4979    64     4559,8362     4668,5917   123292    2,39%
*    19+   19                         4621,4054     4668,5917             1,02%
*    19+   19                         4642,2279     4668,5917             0,57%
*    19+   18                         4650,9362     4668,5917             0,38%
     21    20     4651,2071    32     4650,9362     4668,5917   141225    0,38%
     22    21     4650,0843    42     4650,9362     4668,5917   142590    0,38%
     26    25     4651,5380    34     4650,9362     4668,5917   144515    0,38%
     29    28     4645,6790    34     4650,9362     4668,5917   145736    0,38%
     33    32     4652,1123     6     4650,9362     4668,5917   150678    0,38%

Cover cuts applied:  3
Implied bound cuts applied:  2933
Flow cuts applied:  21529
Mixed integer rounding cuts applied:  3871
Flow path cuts applied:  56
Gomory fractional cuts applied:  356

Root node processing (before b&c):
  Real time             =  526,22 sec. (358638,88 ticks)
Parallel b&c, 8 threads:
  Real time             =  104,50 sec. (90099,55 ticks)
  Sync time (average)   =   62,59 sec.
  Wait time (average)   =   62,64 sec.
                          ------------
Total (root+branch&cut) =  630,72 sec. (448738,43 ticks)

<<< solve


OBJECTIVE: 4650.936
avg_utility = 0.588726

<<< post process


<<< done

