
<<< setup


<<< generate

Found incumbent of value 0,000000 after 0,02 sec. (24,03 ticks)
Tried aggregator 6 times.
MIP Presolve eliminated 185471 rows and 566462 columns.
MIP Presolve modified 6929 coefficients.
Aggregator did 169041 substitutions.
Reduced MIP has 14440 rows, 37058 columns, and 114284 nonzeros.
Reduced MIP has 3576 binaries, 0 generals, 0 SOSs, and 0 indicators.
Presolve time = 6,10 sec. (5415,44 ticks)
Probing time = 0,01 sec. (1,50 ticks)
Tried aggregator 1 time.
Reduced MIP has 14440 rows, 37058 columns, and 114284 nonzeros.
Reduced MIP has 3576 binaries, 0 generals, 0 SOSs, and 0 indicators.
Presolve time = 0,06 sec. (55,76 ticks)
Probing time = 0,01 sec. (1,57 ticks)
MIP emphasis: balance optimality and feasibility.
MIP search method: dynamic search.
Parallel mode: deterministic, using up to 8 threads.
Root relaxation solution time = 0,26 sec. (223,66 ticks)

        Nodes                                         Cuts/
   Node  Left     Objective  IInf  Best Integer    Best Bound    ItCnt     Gap

*     0+    0                         3609,0000    38074,4000           954,98%
      0     0     6809,8000  1085     3609,0000     6809,8000     1928   88,69%
*     0+    0                         6607,9014     6809,8000             3,06%
      0     0     6809,8000   395     6607,9014     Cuts: 543     2397    3,06%
      0     0     6809,8000   318     6607,9014     Cuts: 995     3298    3,06%
      0     0     6809,8000   200     6607,9014     Cuts: 667     3775    3,06%
*     0+    0                         6792,6892     6809,8000             0,25%

Flow cuts applied:  1491
Mixed integer rounding cuts applied:  425
Gomory fractional cuts applied:  119

Root node processing (before b&c):
  Real time             =    8,46 sec. (8343,67 ticks)
Parallel b&c, 8 threads:
  Real time             =    0,00 sec. (0,00 ticks)
  Sync time (average)   =    0,00 sec.
  Wait time (average)   =    0,00 sec.
                          ------------
Total (root+branch&cut) =    8,46 sec. (8343,67 ticks)

<<< solve


OBJECTIVE: 6792.689
avg_utility = 0.421566

<<< post process


<<< done

