
<<< setup


<<< generate

Found incumbent of value 0,000000 after 0,02 sec. (16,51 ticks)
Tried aggregator 8 times.
MIP Presolve eliminated 112346 rows and 333908 columns.
MIP Presolve modified 28117 coefficients.
Aggregator did 88525 substitutions.
Reduced MIP has 50940 rows, 109408 columns, and 343112 nonzeros.
Reduced MIP has 13620 binaries, 0 generals, 0 SOSs, and 0 indicators.
Presolve time = 8,26 sec. (8045,06 ticks)
Probing time = 0,02 sec. (4,84 ticks)
Tried aggregator 1 time.
Reduced MIP has 50940 rows, 109408 columns, and 343112 nonzeros.
Reduced MIP has 13620 binaries, 0 generals, 0 SOSs, and 0 indicators.
Presolve time = 0,23 sec. (185,92 ticks)
Probing time = 0,03 sec. (5,13 ticks)
MIP emphasis: balance optimality and feasibility.
MIP search method: dynamic search.
Parallel mode: deterministic, using up to 8 threads.
Root relaxation solution time = 1,22 sec. (1032,29 ticks)

        Nodes                                         Cuts/
   Node  Left     Objective  IInf  Best Integer    Best Bound    ItCnt     Gap

*     0+    0                            0,0000    20809,0000              --- 
      0     0     7863,0000  1561        0,0000     7863,0000     3689     --- 
      0     0     7201,4595  1283        0,0000    Cuts: 4714    23529     --- 
      0     0     6797,9637  1217        0,0000    Cuts: 3858    53081     --- 
      0     0     6437,5203  1184        0,0000    Cuts: 3497    63377     --- 
*     0+    0                         5123,1714     6437,5203            25,65%
*     0+    0                         5166,1886     6437,5203            24,61%
*     0+    0                         5239,0514     6437,5203            22,88%
*     0+    0                         5241,8781     6437,5203            22,81%
      0     0     6143,4591  1250     5241,8781    Cuts: 3192    80033   17,20%
      0     0     5874,4293   135     5241,8781    Cuts: 3304   120842   12,07%
      0     0     5851,5333    81     5241,8781     Cuts: 455   130629   11,63%
*     0+    0                         5741,6879     5851,5333             1,91%
*     0+    0                         5760,2964     5851,5333             1,58%
*     0+    0                         5774,8031     5851,5333             1,33%
*     0+    0                         5782,9031     5851,5333             1,19%
*     0+    0                         5784,2564     5851,5333             1,16%
      0     0     5844,0605    88     5784,2564     Cuts: 837   136551    1,03%
      0     0     5842,9736   131     5784,2564     Cuts: 390   141202    1,02%
      0     0     5842,7822    80     5784,2564    Cuts: 1002   150234    1,01%
*     0+    0                         5791,7671     5842,7822             0,88%

Implied bound cuts applied:  694
Flow cuts applied:  15672
Mixed integer rounding cuts applied:  2935
Flow path cuts applied:  569
Gomory fractional cuts applied:  267

Root node processing (before b&c):
  Real time             =  282,17 sec. (209563,61 ticks)
Parallel b&c, 8 threads:
  Real time             =    0,00 sec. (0,00 ticks)
  Sync time (average)   =    0,00 sec.
  Wait time (average)   =    0,00 sec.
                          ------------
Total (root+branch&cut) =  282,17 sec. (209563,61 ticks)

<<< solve


OBJECTIVE: 5791.767
avg_utility = 0.736585

<<< post process


<<< done

