
<<< setup


<<< generate

Tried aggregator 2 times.
MIP Presolve eliminated 245195 rows and 136875 columns.
MIP Presolve modified 6491 coefficients.
Aggregator did 6490 substitutions.
Reduced MIP has 650 rows, 3894 columns, and 7139 nonzeros.
Reduced MIP has 3108 binaries, 786 generals, 0 SOSs, and 0 indicators.
Presolve time = 0,12 sec. (143,96 ticks)
Found incumbent of value 0,000000 after 0,13 sec. (155,28 ticks)
Probing time = 0,00 sec. (1,32 ticks)
Tried aggregator 1 time.
Presolve time = 0,01 sec. (6,91 ticks)
Probing time = 0,00 sec. (1,32 ticks)
Clique table members: 518.
MIP emphasis: balance optimality and feasibility.
MIP search method: dynamic search.
Parallel mode: deterministic, using up to 24 threads.
Root relaxation solution time = 0,02 sec. (14,87 ticks)

        Nodes                                         Cuts/
   Node  Left     Objective  IInf  Best Integer    Best Bound    ItCnt     Gap

*     0+    0                            0,0000     5602,5637      659     --- 
*     0+    0                          378,0786     5602,5637      659     --- 
      0     0      904,4378     2      378,0786      904,4378      659  139,22%
*     0+    0                          904,3745      904,4378      659    0,01%

Root node processing (before b&c):
  Real time             =    0,06 sec. (29,18 ticks)
Parallel b&c, 24 threads:
  Real time             =    0,00 sec. (0,00 ticks)
  Sync time (average)   =    0,00 sec.
  Wait time (average)   =    0,00 sec.
                          ------------
Total (root+branch&cut) =    0,06 sec. (29,18 ticks)

<<< solve


OBJECTIVE: 904.3745
avg_utility = 0.6924766730474593

<<< post process


<<< done

