
<<< setup


<<< generate

Found incumbent of value 0,000000 after 0,01 sec. (7,25 ticks)
Tried aggregator 2 times.
MIP Presolve eliminated 236504 rows and 139824 columns.
MIP Presolve modified 7000 coefficients.
Aggregator did 6997 substitutions.
Reduced MIP has 18658 rows, 29148 columns, and 69956 nonzeros.
Reduced MIP has 5830 binaries, 0 generals, 0 SOSs, and 0 indicators.
Presolve time = 0,23 sec. (220,31 ticks)
Probing time = 0,01 sec. (1,47 ticks)
Tried aggregator 1 time.
Reduced MIP has 18658 rows, 29148 columns, and 69956 nonzeros.
Reduced MIP has 5830 binaries, 0 generals, 0 SOSs, and 0 indicators.
Presolve time = 0,05 sec. (39,43 ticks)
Probing time = 0,02 sec. (1,47 ticks)
MIP emphasis: balance optimality and feasibility.
MIP search method: dynamic search.
Parallel mode: deterministic, using up to 24 threads.
Root relaxation solution time = 0,10 sec. (77,54 ticks)

        Nodes                                         Cuts/
   Node  Left     Objective  IInf  Best Integer    Best Bound    ItCnt     Gap

*     0+    0                            0,0000    12260,4342              --- 
      0     0     2858,0000  1076        0,0000     2858,0000     1166     --- 
*     0+    0                         1944,0245     2858,0000            47,01%
      0     0     2806,2453   938     1944,0245    Cuts: 2352     3188   44,35%
*     0+    0                         2425,7544     2806,2453            15,69%
      0     0     2741,9557   930     2425,7544    Cuts: 1989     4916   13,04%
      0     0     2669,9334   860     2425,7544    Cuts: 1860     6835   10,07%
      0     0     2616,1193   629     2425,7544    Cuts: 1721     8818    7,85%
      0     0     2550,2128   258     2425,7544    Cuts: 1259    10209    5,13%
*     0+    0                         2445,9324     2550,2128             4,26%
      0     0     2540,8030   228     2445,9324     Cuts: 513    10581    3,88%
      0     0     2534,3418   200     2445,9324     Cuts: 457    10898    3,61%
      0     0     2532,8074   204     2445,9324     Cuts: 403    11113    3,55%
      0     0     2529,0534   192     2445,9324     Cuts: 410    11320    3,40%
*     0+    0                         2473,8113     2529,0534             2,23%
      0     0     2515,0169    38     2473,8113     Cuts: 385    11693    1,67%
      0     0     2515,0171    39     2473,8113     Cuts: 112    11768    1,67%
      0     0     2514,8355    11     2473,8113     Cuts: 118    11884    1,66%
      0     0     2513,9826     6     2473,8113      Cuts: 32    11905    1,62%
      0     0     2513,8979     5     2473,8113      Cuts: 20    12005    1,62%
*     0+    0                         2501,3288     2513,8979             0,50%

Implied bound cuts applied:  89
Flow cuts applied:  8302
Mixed integer rounding cuts applied:  2917
Gomory fractional cuts applied:  312

Root node processing (before b&c):
  Real time             =   14,28 sec. (17455,66 ticks)
Parallel b&c, 24 threads:
  Real time             =    0,00 sec. (0,00 ticks)
  Sync time (average)   =    0,00 sec.
  Wait time (average)   =    0,00 sec.
                          ------------
Total (root+branch&cut) =   14,28 sec. (17455,66 ticks)

<<< solve


OBJECTIVE: 2501.329
avg_utility = 0.875203

<<< post process


<<< done

