
<<< setup


<<< generate

Found incumbent of value 0,000000 after 0,02 sec. (16,99 ticks)
Tried aggregator 4 times.
MIP Presolve eliminated 179399 rows and 392141 columns.
MIP Presolve modified 5011 coefficients.
Aggregator did 109540 substitutions.
Reduced MIP has 12812 rows, 30160 columns, and 93867 nonzeros.
Reduced MIP has 2836 binaries, 0 generals, 0 SOSs, and 0 indicators.
Presolve time = 3,50 sec. (3272,04 ticks)
Probing time = 0,01 sec. (1,40 ticks)
Tried aggregator 1 time.
Reduced MIP has 12812 rows, 30160 columns, and 93867 nonzeros.
Reduced MIP has 2836 binaries, 0 generals, 0 SOSs, and 0 indicators.
Presolve time = 0,05 sec. (44,81 ticks)
Probing time = 0,01 sec. (1,40 ticks)
MIP emphasis: balance optimality and feasibility.
MIP search method: dynamic search.
Parallel mode: deterministic, using up to 8 threads.
Root relaxation solution time = 0,24 sec. (212,47 ticks)

        Nodes                                         Cuts/
   Node  Left     Objective  IInf  Best Integer    Best Bound    ItCnt     Gap

*     0+    0                         1255,0000    28948,5406              --- 
      0     0     7845,0000  1524     1255,0000     7845,0000     4074  525,10%
*     0+    0                         6881,7747     7845,0000            14,00%
      0     0     7259,5918    50     6881,7747    Cuts: 3303    19307    5,49%
*     0     0      integral     0     7085,7955     Cuts: 198    23761    0,00%
      0     0        cutoff           7085,7955     7085,7955    23761    0,00%
Elapsed time = 14,25 sec. (13005,60 ticks, tree = 0,00 MB, solutions = 3)

Implied bound cuts applied:  16
Flow cuts applied:  2276
Mixed integer rounding cuts applied:  900
Flow path cuts applied:  3
Gomory fractional cuts applied:  225

Root node processing (before b&c):
  Real time             =   14,27 sec. (13031,84 ticks)
Parallel b&c, 8 threads:
  Real time             =    0,00 sec. (0,00 ticks)
  Sync time (average)   =    0,00 sec.
  Wait time (average)   =    0,00 sec.
                          ------------
Total (root+branch&cut) =   14,27 sec. (13031,84 ticks)

<<< solve


OBJECTIVE: 7085.795
avg_utility = 0.903224

<<< post process


<<< done

