
<<< setup


<<< generate

Found incumbent of value 0.000000 after 0.02 sec. (8.19 ticks)
Tried aggregator 6 times.
MIP Presolve eliminated 345807 rows and 153671 columns.
MIP Presolve modified 1164 coefficients.
Aggregator did 11611 substitutions.
Reduced MIP has 4646 rows, 10447 columns, and 23216 nonzeros.
Reduced MIP has 1161 binaries, 0 generals, 0 SOSs, and 0 indicators.
Presolve time = 1.22 sec. (753.83 ticks)
Probing time = 0.01 sec. (0.46 ticks)
Tried aggregator 1 time.
Reduced MIP has 4646 rows, 10447 columns, and 23216 nonzeros.
Reduced MIP has 1161 binaries, 0 generals, 0 SOSs, and 0 indicators.
Presolve time = 0.04 sec. (16.62 ticks)
Probing time = 0.03 sec. (0.46 ticks)
MIP emphasis: balance optimality and feasibility.
MIP search method: dynamic search.
Parallel mode: deterministic, using up to 8 threads.
Root relaxation solution time = 0.15 sec. (120.88 ticks)

        Nodes                                         Cuts/
   Node  Left     Objective  IInf  Best Integer    Best Bound    ItCnt     Gap

*     0+    0                            0.0000    12165.8600              --- 
*     0+    0                         1196.2753    12165.8600           916.98%
      0     0     2858.0000  1054     1196.2753     2858.0000     4267  138.91%
*     0+    0                         2421.0667     2858.0000            18.05%
      0     0     2683.8533   300     2421.0667    Cuts: 1261     7710   10.85%
*     0     0      integral     0     2457.2901     Cuts: 825     9008    0.00%
      0     0        cutoff           2457.2901     2457.2901     9008    0.00%
Elapsed time = 2.57 sec. (1830.00 ticks, tree = 0.00 MB, solutions = 4)

Implied bound cuts applied:  18
Flow cuts applied:  1028
Mixed integer rounding cuts applied:  748
Gomory fractional cuts applied:  292

Root node processing (before b&c):
  Real time             =    2.59 sec. (1838.91 ticks)
Parallel b&c, 8 threads:
  Real time             =    0.00 sec. (0.00 ticks)
  Sync time (average)   =    0.00 sec.
  Wait time (average)   =    0.00 sec.
                          ------------
Total (root+branch&cut) =    2.59 sec. (1838.91 ticks)

<<< solve


OBJECTIVE: 2457.29
avg_utility = 0.859794

<<< post process


<<< done

