
<<< setup


<<< generate

Found incumbent of value 0,000000 after 0,01 sec. (3,81 ticks)
Tried aggregator 3 times.
MIP Presolve eliminated 79269 rows and 64111 columns.
MIP Presolve modified 1072 coefficients.
Aggregator did 10977 substitutions.
Reduced MIP has 12632 rows, 31425 columns, and 89036 nonzeros.
Reduced MIP has 6383 binaries, 696 generals, 0 SOSs, and 0 indicators.
Presolve time = 0,46 sec. (393,08 ticks)
Probing time = 0,01 sec. (2,02 ticks)
Tried aggregator 1 time.
Reduced MIP has 12632 rows, 31425 columns, and 89036 nonzeros.
Reduced MIP has 6383 binaries, 696 generals, 0 SOSs, and 0 indicators.
Presolve time = 0,08 sec. (43,59 ticks)
Probing time = 0,02 sec. (1,99 ticks)
Clique table members: 268.
MIP emphasis: balance optimality and feasibility.
MIP search method: dynamic search.
Parallel mode: deterministic, using up to 24 threads.
Root relaxation solution time = 0,12 sec. (96,70 ticks)

        Nodes                                         Cuts/
   Node  Left     Objective  IInf  Best Integer    Best Bound    ItCnt     Gap

*     0+    0                            0,0000     3612,0663              --- 
      0     0      842,0000   347        0,0000      842,0000     3603     --- 
*     0+    0                          604,0000      842,0000            39,40%
      0     0      842,0000   247      604,0000     Cuts: 977     4766   39,40%
      0     0      842,0000   200      604,0000     Cuts: 858     6058   39,40%
*     0+    0                          842,0000      842,0000             0,00%
      0     0        cutoff            842,0000      842,0000     6058    0,00%
Elapsed time = 1,80 sec. (1317,06 ticks, tree = 0,00 MB, solutions = 3)

Implied bound cuts applied:  9
Flow cuts applied:  863
Mixed integer rounding cuts applied:  431
Flow path cuts applied:  26
Gomory fractional cuts applied:  225

Root node processing (before b&c):
  Real time             =    1,81 sec. (1322,34 ticks)
Parallel b&c, 24 threads:
  Real time             =    0,00 sec. (0,00 ticks)
  Sync time (average)   =    0,00 sec.
  Wait time (average)   =    0,00 sec.
                          ------------
Total (root+branch&cut) =    1,81 sec. (1322,34 ticks)

<<< solve


OBJECTIVE: 842
avg_utility = 1

<<< post process


<<< done

