
<<< setup


<<< generate

Found incumbent of value 0.000000 after 0.02 sec. (6.63 ticks)
Tried aggregator 2 times.
MIP Presolve eliminated 237681 rows and 133194 columns.
MIP Presolve modified 4672 coefficients.
Aggregator did 4657 substitutions.
Reduced MIP has 12423 rows, 19398 columns, and 50436 nonzeros.
Reduced MIP has 3880 binaries, 0 generals, 0 SOSs, and 0 indicators.
Presolve time = 0.42 sec. (206.16 ticks)
Probing time = 0.01 sec. (1.04 ticks)
Tried aggregator 1 time.
Reduced MIP has 12423 rows, 19398 columns, and 50436 nonzeros.
Reduced MIP has 3880 binaries, 0 generals, 0 SOSs, and 0 indicators.
Presolve time = 0.07 sec. (28.78 ticks)
Probing time = 0.02 sec. (1.04 ticks)
MIP emphasis: balance optimality and feasibility.
MIP search method: dynamic search.
Parallel mode: deterministic, using up to 8 threads.
Root relaxation solution time = 0.09 sec. (52.91 ticks)

        Nodes                                         Cuts/
   Node  Left     Objective  IInf  Best Integer    Best Bound    ItCnt     Gap

*     0+    0                            0.0000     7005.3495              --- 
      0     0     1633.0000   742        0.0000     1633.0000     1552     --- 
*     0+    0                         1374.6270     1633.0000            18.80%
      0     0     1596.3966   574     1374.6270    Cuts: 1684     3468   16.13%
      0     0     1565.9488   518     1374.6270    Cuts: 1349     5485   13.92%
      0     0     1539.1064   422     1374.6270    Cuts: 1034     7257   11.97%
*     0+    0                         1455.9125     1539.1064             5.71%
      0     0     1506.3685   422     1455.9125     Cuts: 838     8991    3.47%
      0     0     1497.9325   253     1455.9125     Cuts: 840    10334    2.89%
      0     0     1482.4874    50     1455.9125     Cuts: 501    11199    1.83%
*     0+    0                         1477.5571     1482.4874             0.33%
      0     0     1479.2174    14     1477.5571      Cuts: 92    11427    0.11%
      0     0     1479.0378     9     1477.5571      Cuts: 24    11463    0.10%
*     0     0      integral     0     1478.7299      Cuts: 15    11486    0.00%
      0     0        cutoff           1478.7299     1478.7299    11486    0.00%
Elapsed time = 5.18 sec. (3745.10 ticks, tree = 0.00 MB, solutions = 5)

Implied bound cuts applied:  13
Flow cuts applied:  4365
Mixed integer rounding cuts applied:  1596
Gomory fractional cuts applied:  400

Root node processing (before b&c):
  Real time             =    5.21 sec. (3754.17 ticks)
Parallel b&c, 8 threads:
  Real time             =    0.00 sec. (0.00 ticks)
  Sync time (average)   =    0.00 sec.
  Wait time (average)   =    0.00 sec.
                          ------------
Total (root+branch&cut) =    5.21 sec. (3754.17 ticks)

<<< solve


OBJECTIVE: 1478.73
avg_utility = 0.90553

<<< post process


<<< done

