
<<< setup


<<< generate

Found incumbent of value 0,000000 after 0,03 sec. (31,98 ticks)
Aggregator has done 110997 substitutions...
Aggregator has done 146588 substitutions...
Aggregator has done 179146 substitutions...
Tried aggregator 15 times.
MIP Presolve eliminated 111330 rows and 642096 columns.
MIP Presolve modified 51105 coefficients.
Aggregator did 185499 substitutions.
Reduced MIP has 102516 rows, 232726 columns, and 722751 nonzeros.
Reduced MIP has 20000 binaries, 0 generals, 0 SOSs, and 0 indicators.
Presolve time = 54,85 sec. (32882,97 ticks)
Probing time = 0,06 sec. (9,83 ticks)
Tried aggregator 1 time.
Reduced MIP has 102516 rows, 232726 columns, and 722751 nonzeros.
Reduced MIP has 20000 binaries, 0 generals, 0 SOSs, and 0 indicators.
Presolve time = 0,57 sec. (372,01 ticks)
Probing time = 0,07 sec. (10,36 ticks)
MIP emphasis: balance optimality and feasibility.
MIP search method: dynamic search.
Parallel mode: deterministic, using up to 8 threads.
Root relaxation solution time = 13,90 sec. (3521,96 ticks)

        Nodes                                         Cuts/
   Node  Left     Objective  IInf  Best Integer    Best Bound    ItCnt     Gap

*     0+    0                            0,0000    63471,0121              --- 
      0     0    15950,5779  3110        0,0000    15950,5779     2937     --- 
      0     0    15858,9846  3129        0,0000    Cuts: 9320    29153     --- 
      0     0    15000,0856  3156        0,0000    Cuts: 9064    81018     --- 
      0     0    14175,2596  3061        0,0000    Cuts: 9438   103128     --- 
*     0+    0                         6721,5074    14175,2596           110,89%
*     0+    0                         6736,0451    14175,2596           110,44%
*     0+    0                         6790,5761    14175,2596           108,75%
*     0+    0                         6793,7622    14175,2596           108,65%
*     0+    0                         6800,3985    14175,2596           108,45%
*     0+    0                         6806,0838    14175,2596           108,27%
      0     0    13338,2733  2407     6806,0838    Cuts: 8539   193625   95,98%
      0     0    12918,2921  2457     6806,0838    Cuts: 6170   240109   89,81%
      0     0    11377,8179   335     6806,0838    Cuts: 6541   289787   67,17%
*     0+    0                        10195,9194    11377,8179            11,59%
*     0+    0                        10335,7527    11377,8179            10,08%
*     0+    0                        10346,5426    11377,8179             9,97%
*     0+    0                        10380,3410    11377,8179             9,61%
*     0+    0                        10395,6278    11377,8179             9,45%
*     0+    0                        10396,7755    11377,8179             9,44%
      0     0    10985,5902   216    10396,7755     Cuts: 989   300070    5,66%
      0     0    10929,6927   160    10396,7755     Cuts: 732   310503    5,13%
      0     0    10924,4923   210    10396,7755     Cuts: 648   317628    5,08%
*     0+    0                        10571,7133    10924,4923             3,34%
*     0+    0                        10574,6342    10924,4923             3,31%
*     0+    0                        10606,6623    10924,4923             3,00%
*     0+    0                        10643,6093    10924,4923             2,64%
*     0+    0                        10649,6540    10924,4923             2,58%
      0     0    10876,8923   132    10649,6540    Cuts: 1403   325134    2,13%
      0     0    10780,1594    90    10649,6540     Cuts: 481   342893    1,23%
      0     0    10779,3827    79    10649,6540     Cuts: 844   347507    1,22%
      0     0    10779,2586    96    10649,6540     Cuts: 841   356281    1,22%
Heuristic still looking.
Heuristic still looking.
Heuristic still looking.
Heuristic still looking.
      0     2    10779,2586    96    10649,6540    10779,2586   356281    1,22%
Elapsed time = 2234,44 sec. (1335486,77 ticks, tree = 0,00 MB, solutions = 18)
      1     3    10779,2395    85    10649,6540    10779,2586   366283    1,22%
      2     4    10779,2316    91    10649,6540    10779,2514   372831    1,22%
      3     5    10779,2514    93    10649,6540    10779,2514   384211    1,22%
      6     8    10779,2315    87    10649,6540    10779,2514   384518    1,22%
      7     9    10779,1763    88    10649,6540    10779,2409   386951    1,22%
      8    10    10779,2091    87    10649,6540    10779,2409   389531    1,22%
      9    11    10779,2252    92    10649,6540    10779,2409   413505    1,22%
     13    15    10779,2212    90    10649,6540    10779,2409   443399    1,22%
     17    19    10778,9854    85    10649,6540    10779,2409   447935    1,22%
     18    20    10779,1814    89    10649,6540    10779,2409   450541    1,22%
Elapsed time = 2456,30 sec. (1434948,42 ticks, tree = 0,00 MB, solutions = 18)
     19    21    10779,1784    93    10649,6540    10779,2409   455949    1,22%
*    22+   22                        10661,9621    10779,2409             1,10%
*    22+   22                        10671,2358    10779,2409             1,01%
     22    24    10778,9477    93    10671,2358    10779,2409   474656    1,01%
     51    53    10778,4973    82    10671,2358    10779,2409   540703    1,01%
     55    57    10778,3142    86    10671,2358    10779,2409   544453    1,01%
     63    65    10778,3977    91    10671,2358    10779,2409   551955    1,01%
     71    73    10778,3198    79    10671,2358    10779,2409   555007    1,01%
     79    81    10778,3055    89    10671,2358    10779,2409   560586    1,01%
     87    89    10778,0849    87    10671,2358    10779,2409   563088    1,01%
     93    95    10778,2840    93    10671,2358    10779,2409   571636    1,01%
    101   103    10778,3709    84    10671,2358    10779,2409   574925    1,01%
Elapsed time = 2821,09 sec. (1510837,30 ticks, tree = 0,00 MB, solutions = 25)
    109   111    10778,2572    87    10671,2358    10779,2409   583823    1,01%
    111   113    10777,8033    89    10671,2358    10779,2409   587858    1,01%
    119   121    10777,7988    93    10671,2358    10779,2409   589475    1,01%
    127   129    10777,7915    90    10671,2358    10779,2409   591703    1,01%
    143   145    10777,6672    87    10671,2358    10779,2409   603090    1,01%
    156   158    10778,1955    87    10671,2358    10779,2409   615735    1,01%
    175   177    10777,4027    84    10671,2358    10779,2409   662311    1,01%
    201   203    10777,6012    80    10671,2358    10779,2409   689215    1,01%
    205   207    10777,5715    86    10671,2358    10779,2409   690237    1,01%
    215   217    10777,3586    85    10671,2358    10779,2409   700400    1,01%
Elapsed time = 3159,86 sec. (1579241,10 ticks, tree = 0,00 MB, solutions = 25)
    231   233    10777,3594    82    10671,2358    10779,2409   713134    1,01%
    234   236    10778,1547    85    10671,2358    10779,2409   713748    1,01%
    253   255    10777,3259    83    10671,2358    10779,2409   743020    1,01%
    284   286    10777,2084    82    10671,2358    10779,2409   791126    1,01%
    285   287    10722,4878    50    10671,2358    10779,2409   807859    1,01%
    300   302    10775,5366    87    10671,2358    10779,2409   851520    1,01%
    321   323    10721,6945    59    10671,2358    10779,2409   917241    1,01%
    341   343    10726,7623    51    10671,2358    10779,2409   950853    1,01%
    356   358    10775,6436    91    10671,2358    10779,2409   960722    1,01%
    366   368    10775,7709    73    10671,2358    10779,2409   964565    1,01%
Elapsed time = 4108,22 sec. (1779528,12 ticks, tree = 9,74 MB, solutions = 25)
    368   370    10776,6917    84    10671,2358    10779,2409   977071    1,01%
    370   372    10724,7362    53    10671,2358    10779,2409   989322    1,01%
    373   375    10716,0689    57    10671,2358    10779,2409  1017974    1,01%
    376   378    10776,4210    80    10671,2358    10779,2409  1034899    1,01%
    384   386    10776,6164    86    10671,2358    10779,2409  1065882    1,01%
    459   461    10773,5432    85    10671,2358    10779,2409  1184272    1,01%
    460   462    10776,4693    84    10671,2358    10779,2409  1184298    1,01%
    476   476    10720,0356    58    10671,2358    10779,2409  1231345    1,01%
    535   535    10772,2743    69    10671,2358    10779,2409  1364532    1,01%
    537   537    10774,8082    75    10671,2358    10779,2409  1371246    1,01%
Elapsed time = 5515,70 sec. (1986615,52 ticks, tree = 44,97 MB, solutions = 25)
    538   538    10716,6254    49    10671,2358    10779,2409  1408350    1,01%
    554   554    10769,8626    74    10671,2358    10779,2409  1498048    1,01%
    557   557    10776,1340    81    10671,2358    10779,2409  1526579    1,01%
    559   559    10725,8463    54    10671,2358    10779,2409  1585153    1,01%
    569   569    10716,2408    46    10671,2358    10779,2409  1659318    1,01%
    664   664    10769,8533    82    10671,2358    10779,2409  1842856    1,01%
    666   666    10774,7644    75    10671,2358    10779,2409  1849755    1,01%
    667   667    10726,8929    47    10671,2358    10779,2409  1869010    1,01%
    672   672    10715,8563    46    10671,2358    10779,2409  1937878    1,01%
    691   691    10724,6917    53    10671,2358    10779,2409  2077475    1,01%
Elapsed time = 7269,79 sec. (2241576,40 ticks, tree = 53,40 MB, solutions = 25)
    699   699    10718,5730    54    10671,2358    10779,2409  2144008    1,01%
    709   709    10770,4035    80    10671,2358    10779,2409  2194287    1,01%
    713   713    10719,1825    57    10671,2358    10779,2409  2223609    1,01%
    722   722    10715,8586    53    10671,2358    10779,2409  2265413    1,01%
    729   729    10719,1825    57    10671,2358    10779,2409  2317452    1,01%
    730   730    10772,8363    79    10671,2358    10779,2409  2321381    1,01%
    737   737    10718,7803    57    10671,2358    10779,2409  2352891    1,01%
    745   745    10774,0924    80    10671,2358    10779,2409  2406040    1,01%
    747   747    10769,1563    64    10671,2358    10779,2409  2441545    1,01%
    754   754    10719,8008    55    10671,2358    10779,2409  2477792    1,01%
Elapsed time = 8394,03 sec. (2387529,67 ticks, tree = 56,81 MB, solutions = 25)
    755   755    10716,5992    46    10671,2358    10779,2409  2497875    1,01%
    796   796    10771,5611    68    10671,2358    10779,2409  2805487    1,01%
    798   798    10772,0603    82    10671,2358    10779,2409  2810317    1,01%
    804   804    10723,7468    56    10671,2358    10779,2409  2854527    1,01%
    806   806    10720,0767    53    10671,2358    10779,2409  2882091    1,01%
    807   807    10715,4455    46    10671,2358    10779,2409  2896771    1,01%
    812   812    10771,5586    66    10671,2358    10779,2409  2940077    1,01%
    823   823    10715,4455    46    10671,2358    10779,2409  2998529    1,01%
    876   876    10717,4852    57    10671,2358    10779,2409  3272286    1,01%
    884   884    10771,5586    62    10671,2358    10779,2409  3316864    1,01%
Elapsed time = 10506,74 sec. (2655625,71 ticks, tree = 68,53 MB, solutions = 25)
    888   888    10711,1780    49    10671,2358    10779,2409  3337662    1,01%
    898   898    10772,8441    72    10671,2358    10779,2409  3379465    1,01%
    900   900    10723,3618    58    10671,2358    10779,2409  3408174    1,01%
    903   903    10715,0610    46    10671,2358    10779,2409  3456107    1,01%
    908   908    10771,5583    69    10671,2358    10779,2409  3489113    1,01%
    912   912    10708,9319    46    10671,2358    10779,2409  3537770    1,01%
    920   920    10765,1322    66    10671,2358    10779,2409  3575230    1,01%
    923   923    10695,1518    52    10671,2358    10779,2409  3606050    1,01%
    924   924    10723,3618    51    10671,2358    10779,2409  3625538    1,01%
    940   940    10723,3618    52    10671,2358    10779,2409  3761396    1,01%
Elapsed time = 12238,83 sec. (2858089,82 ticks, tree = 68,53 MB, solutions = 25)
    964   964    10712,6953    47    10671,2358    10779,2409  3932316    1,01%
    983   983    10771,5509    69    10671,2358    10779,2409  4047766    1,01%
    986   986    10713,9073    46    10671,2358    10779,2409  4076062    1,01%
    991   991    10771,4734    65    10671,2358    10779,2409  4105279    1,01%
    994   994    10769,0005    69    10671,2358    10779,2409  4135748    1,01%
    995   995    10712,3097    48    10671,2358    10779,2409  4152109    1,01%
   1002  1002    10714,2919    45    10671,2358    10779,2409  4201977    1,01%
   1010  1010    10768,9713    69    10671,2358    10779,2409  4274289    1,01%
   1018  1018    10711,2873    47    10671,2358    10779,2409  4328262    1,01%
   1034  1034    10768,8602    70    10671,2358    10779,2409  4461547    1,01%
Elapsed time = 14241,31 sec. (3081429,05 ticks, tree = 75,17 MB, solutions = 25)
   1042  1042    10768,5895    70    10671,2358    10779,2409  4541079    1,01%
   1055  1055    10716,3050    57    10671,2358    10779,2409  4608389    1,01%
   1089  1089    10772,3123    71    10671,2358    10779,2409  4818129    1,01%
   1091  1091    10768,5142    78    10671,2358    10779,2409  4830219    1,01%
   1099  1099    10768,4562    63    10671,2358    10779,2409  4962047    1,01%
   1210  1210    10770,8410    63    10671,2358    10779,2409  5661277    1,01%
   1211  1211    10715,9201    57    10671,2358    10779,2409  5674517    1,01%
   1219  1219    10772,2473    72    10671,2358    10779,2409  5712898    1,01%
   1221  1221    10715,5883    44    10671,2358    10779,2409  5733364    1,01%
   1229  1228    10768,4522    65    10671,2358    10779,2409  5810975    1,01%
Elapsed time = 18762,28 sec. (3606779,69 ticks, tree = 89,88 MB, solutions = 25)
   1236  1233    10769,2192    76    10671,2358    10779,2409  5861221    1,01%
   1244  1241    10714,7051    52    10671,2358    10779,2409  5936768    1,01%
   1253  1249    10714,4347    44    10671,2358    10779,2409  5997440    1,01%
   1260  1255    10714,3193    52    10671,2358    10779,2409  6051620    1,01%
*  1270+ 1259                        10679,5359    10779,2409             0,93%
   1270  1260    10767,5518    66    10679,5359    10779,2409  6088197    0,93%
   1277  1267    10710,2130    52    10679,5359    10779,2409  6155767    0,93%
   1335  1325    10686,9863    47    10679,5359    10779,2409  6583392    0,93%

Implied bound cuts applied:  2780
Flow cuts applied:  39184
Mixed integer rounding cuts applied:  9948
Flow path cuts applied:  777
Gomory fractional cuts applied:  261

Root node processing (before b&c):
  Real time             = 2234,06 sec. (1335432,94 ticks)
Parallel b&c, 8 threads:
  Real time             = 18285,86 sec. (2516473,60 ticks)
  Sync time (average)   = 1554,59 sec.
  Wait time (average)   = 1555,06 sec.
                          ------------
Total (root+branch&cut) = 20519,92 sec. (3851906,54 ticks)

<<< solve


OBJECTIVE: 10679.54
avg_utility = 0.657404

<<< post process


<<< done

