
<<< setup


<<< generate

Found incumbent of value 0,000000 after 0,06 sec. (23,94 ticks)
Tried aggregator 7 times.
MIP Presolve eliminated 129262 rows and 549705 columns.
MIP Presolve modified 12809 coefficients.
Aggregator did 161179 substitutions.
Reduced MIP has 32189 rows, 74637 columns, and 241909 nonzeros.
Reduced MIP has 7320 binaries, 0 generals, 0 SOSs, and 0 indicators.
Presolve time = 27,72 sec. (8705,92 ticks)
Probing time = 0,27 sec. (33,11 ticks)
Tried aggregator 1 time.
Reduced MIP has 32189 rows, 74637 columns, and 241909 nonzeros.
Reduced MIP has 7320 binaries, 0 generals, 0 SOSs, and 0 indicators.
Presolve time = 0,31 sec. (108,24 ticks)
Probing time = 0,25 sec. (33,03 ticks)
Clique table members: 5.
MIP emphasis: balance optimality and feasibility.
MIP search method: dynamic search.
Parallel mode: deterministic, using up to 8 threads.
Root relaxation solution time = 3,86 sec. (1132,39 ticks)

        Nodes                                         Cuts/
   Node  Left     Objective  IInf  Best Integer    Best Bound    ItCnt     Gap

*     0+    0                            0,0000    38572,4000              --- 
      0     0     8838,2000  2062        0,0000     8838,2000       27     --- 
*     0+    0                         5271,1200     8838,2000            67,67%
      0     0     7100,4499  1796     5271,1200    Cuts: 5717    18710   34,70%
      0     0     6719,0178  1215     5271,1200    Cuts: 4234    44930   27,47%
*     0+    0                         5882,1619     6719,0178            14,23%
      0     0     6115,0123   126     5882,1619    Cuts: 3455    55774    3,96%
*     0+    0                         6037,2667     6115,0123             1,29%
*     0+    0                         6045,2429     6115,0123             1,15%
*     0+    0                         6046,7000     6115,0123             1,13%
      0     0     6110,8494   299     6046,7000     Cuts: 523    75176    1,06%
      0     0     6103,6504   224     6046,7000    Cuts: 1689    87359    0,94%

Implied bound cuts applied:  572
Flow cuts applied:  12438
Mixed integer rounding cuts applied:  1603
Flow path cuts applied:  427
Lift and project cuts applied:  1
Gomory fractional cuts applied:  254

Root node processing (before b&c):
  Real time             =  238,90 sec. (94808,75 ticks)
Parallel b&c, 8 threads:
  Real time             =    0,00 sec. (0,00 ticks)
  Sync time (average)   =    0,00 sec.
  Wait time (average)   =    0,00 sec.
                          ------------
Total (root+branch&cut) =  238,90 sec. (94808,75 ticks)

<<< solve


OBJECTIVE: 6046.7
avg_utility = 0.374943

<<< post process


<<< done

