
<<< setup


<<< generate

Found incumbent of value 0,000000 after 0,00 sec. (0,76 ticks)
Tried aggregator 2 times.
MIP Presolve eliminated 18506 rows and 13513 columns.
MIP Presolve modified 1256 coefficients.
Aggregator did 1878 substitutions.
Reduced MIP has 1880 rows, 3756 columns, and 6886 nonzeros.
Reduced MIP has 1409 binaries, 1095 generals, 0 SOSs, and 0 indicators.
Presolve time = 0,02 sec. (21,71 ticks)
Probing time = 0,00 sec. (1,81 ticks)
Tried aggregator 1 time.
Reduced MIP has 1880 rows, 3756 columns, and 6886 nonzeros.
Reduced MIP has 1409 binaries, 1095 generals, 0 SOSs, and 0 indicators.
Presolve time = 0,00 sec. (4,39 ticks)
Probing time = 0,00 sec. (1,81 ticks)
Clique table members: 261.
MIP emphasis: balance optimality and feasibility.
MIP search method: dynamic search.
Parallel mode: deterministic, using up to 8 threads.
Root relaxation solution time = 0,01 sec. (15,55 ticks)

        Nodes                                         Cuts/
   Node  Left     Objective  IInf  Best Integer    Best Bound    ItCnt     Gap

*     0+    0                            0,0000     3546,2000              --- 
*     0+    0                          140,0000     3546,2000              --- 
      0     0      709,1000     2      140,0000      709,1000      916  406,50%
      0     0      709,1000     4      140,0000    MIRcuts: 1      917  406,50%
      0     0      709,1000     4      140,0000    MIRcuts: 1      918  406,50%
*     0+    0                          708,2000      709,1000             0,13%
*     0+    0                          708,4000      709,1000             0,10%

Mixed integer rounding cuts applied:  1

Root node processing (before b&c):
  Real time             =    0,14 sec. (149,02 ticks)
Parallel b&c, 8 threads:
  Real time             =    0,00 sec. (0,00 ticks)
  Sync time (average)   =    0,00 sec.
  Wait time (average)   =    0,00 sec.
                          ------------
Total (root+branch&cut) =    0,14 sec. (149,02 ticks)

<<< solve


OBJECTIVE: 708.4
avg_utility = 0.216901

<<< post process


<<< done

