
<<< setup


<<< generate

Found incumbent of value 0,000000 after 0,02 sec. (18,88 ticks)
Tried aggregator 8 times.
MIP Presolve eliminated 341813 rows and 322014 columns.
MIP Presolve modified 26743 coefficients.
Aggregator did 106648 substitutions.
Reduced MIP has 53089 rows, 102459 columns, and 323043 nonzeros.
Reduced MIP has 2796 binaries, 0 generals, 0 SOSs, and 0 indicators.
Presolve time = 10,37 sec. (8648,39 ticks)
Probing time = 0,02 sec. (4,32 ticks)
Tried aggregator 1 time.
Reduced MIP has 53089 rows, 102459 columns, and 323043 nonzeros.
Reduced MIP has 2796 binaries, 0 generals, 0 SOSs, and 0 indicators.
Presolve time = 0,24 sec. (177,46 ticks)
Probing time = 0,02 sec. (4,50 ticks)
MIP emphasis: balance optimality and feasibility.
MIP search method: dynamic search.
Parallel mode: deterministic, using up to 8 threads.
Root relaxation solution time = 0,25 sec. (176,92 ticks)

        Nodes                                         Cuts/
   Node  Left     Objective  IInf  Best Integer    Best Bound    ItCnt     Gap

*     0+    0                            0,0000    29242,2529              --- 
      0     0     7868,0000  1585        0,0000     7868,0000     3245     --- 
      0     0     7674,4410  1097        0,0000    Cuts: 4763    50258     --- 
      0     0     7513,9509  1261        0,0000    Cuts: 5905    91373     --- 
      0     0     7350,5425  1149        0,0000    Cuts: 7899   142976     --- 
*     0+    0                         3591,1620     7350,5425           104,68%
*     0+    0                         4813,1612     7350,5425            52,72%
      0     0     7245,8171  1273     4813,1612    Cuts: 7355   164775   50,54%
      0     0     7141,9591   177     4813,1612    Cuts: 8762   190600   48,38%
      0     0     7134,1898   225     4813,1612     Cuts: 940   203741   48,22%
*     0+    0                         4938,8268     7134,1898            44,45%
*     0+    0                         5912,0538     7134,1898            20,67%
*     0+    0                         6047,9288     7134,1898            17,96%
      0     0     7131,2493   308     6047,9288    Cuts: 1598   210047   17,91%
      0     0     7129,6908   363     6047,9288    Cuts: 1802   221075   17,89%
      0     0     7125,3674   349     6047,9288    Cuts: 2007   228617   17,82%
      0     0     7121,3986   322     6047,9288    Cuts: 1842   234348   17,75%
*     0+    0                         6693,9095     7121,3986             6,39%
      0     0     7115,7178   245     6693,9095    Cuts: 1286   248756    6,30%
*     0+    0                         6695,2249     7115,7178             6,28%
      0     0     7112,6034   255     6695,2249    Cuts: 2240   258962    6,23%
      0     0     7111,3341   300     6695,2249    Cuts: 1612   262352    6,22%
      0     0     7109,2516   370     6695,2249    Cuts: 1727   273388    6,18%
      0     0     7104,7190   287     6695,2249    Cuts: 1837   277238    6,12%
      0     0     7101,0363   193     6695,2249    Cuts: 1123   285106    6,06%
      0     0     7099,5838   182     6695,2249     Cuts: 596   288901    6,04%
      0     0     7099,0557   220     6695,2249     Cuts: 569   293123    6,03%
      0     0     7097,7063   241     6695,2249     Cuts: 488   298718    6,01%
      0     0     7095,6654   234     6695,2249     Cuts: 714   302231    5,98%
      0     0     7092,8554   217     6695,2249     Cuts: 806   326186    5,94%
*     0+    0                         6810,5346     7092,8554             4,15%
      0     0     7092,1613   214     6810,5346    Cuts: 1046   348040    4,14%
Heuristic still looking.
Heuristic still looking.
Heuristic still looking.
      0     2     7092,1613   214     6810,5346     7092,1613   348040    4,14%
Elapsed time = 1078,51 sec. (687439,33 ticks, tree = 0,00 MB, solutions = 9)
      1     3     7073,5736   211     6810,5346     7092,1613   362428    4,14%
      2     4     7086,5235   218     6810,5346     7092,1613   364858    4,14%
      3     5     7081,9472   220     6810,5346     7083,1790   365254    4,00%
      4     6     7050,3818   232     6810,5346     7083,1790   370915    4,00%
      5     7     7068,9830   214     6810,5346     7083,1790   385720    4,00%
      7     9     7043,2347   239     6810,5346     7083,1790   398513    4,00%
      9    11     7038,5710   224     6810,5346     7083,1790   406193    4,00%
     11    13     7076,4938   254     6810,5346     7080,8311   422655    3,97%
*    14+   14                         6813,5221     7080,8311             3,92%
     14    16     7040,1564   236     6813,5221     7080,8311   473927    3,92%
*    15+   15                         6813,5295     7080,8311             3,92%
     15    17     7044,7949   251     6813,5295     7080,8311   491180    3,92%
Elapsed time = 1462,10 sec. (858717,74 ticks, tree = 0,00 MB, solutions = 9)
*    16+   16                         6816,0642     7080,8311             3,88%
     16    18     7018,5204   240     6816,0642     7080,8311   526700    3,88%
*    17+   17                         6818,1804     7080,8311             3,85%
     17    19     7033,4152   239     6818,1804     7080,8311   569588    3,85%
     21    23     7068,6533   253     6818,1804     7076,4428   620917    3,79%
     22    24     7028,1286   252     6818,1804     7076,4428   642891    3,79%
     27    29     7026,4634   261     6818,1804     7076,4428   703943    3,79%
     30    32     7031,4991   246     6818,1804     7076,4428   734792    3,79%
     54    56     7053,3982   258     6818,1804     7064,6466   839395    3,61%
     55    57     7025,1974   256     6818,1804     7064,6466   844785    3,61%
     58    60     7027,0925   254     6818,1804     7064,6466   862912    3,61%
     60    62     7020,6623   246     6818,1804     7064,6466   888291    3,61%
Elapsed time = 2109,09 sec. (997373,96 ticks, tree = 0,00 MB, solutions = 13)
     66    68     7023,8728   273     6818,1804     7064,6466   917616    3,61%
     74    76     7023,6776   267     6818,1804     7064,6466   978970    3,61%
     79    81     7012,1206   259     6818,1804     7064,6466  1078798    3,61%
     82    84     7018,7454   249     6818,1804     7064,6466  1091838    3,61%
     84    86     7012,2275   242     6818,1804     7064,6466  1126922    3,61%
    119   121     7021,2409   280     6818,1804     7064,6466  1224002    3,61%
    120   122     7009,9545   261     6818,1804     7064,6466  1271148    3,61%
    126   128     6983,9588   283     6818,1804     7064,6466  1461916    3,61%
    128   130     7010,8997   279     6818,1804     7064,6466  1535341    3,61%
    134   136     6977,0954   272     6818,1804     7064,6466  1665602    3,61%
Elapsed time = 3128,73 sec. (1138665,25 ticks, tree = 0,00 MB, solutions = 13)
    136   138     7006,2939   262     6818,1804     7064,6466  1684887    3,61%
    139   141     7010,1344   247     6818,1804     7064,6466  1778294    3,61%
    151   153     7000,3066   254     6818,1804     7064,6466  1964363    3,61%
    162   164     6957,2662   303     6818,1804     7064,6466  2190565    3,61%
    204   206     6972,3197   268     6818,1804     7064,6466  2712731    3,61%
    206   208     6970,3145   279     6818,1804     7064,6466  2728382    3,61%
    209   211     6949,7984   306     6818,1804     7064,6466  2750512    3,61%
    211   213     6916,7069   343     6818,1804     7064,6466  2792292    3,61%
    217   219     6956,3816   318     6818,1804     7064,6466  2839990    3,61%
    219   221     6956,3280   305     6818,1804     7064,6466  2875565    3,61%
Elapsed time = 4490,81 sec. (1374367,31 ticks, tree = 0,04 MB, solutions = 13)
    222   224     6957,5536   264     6818,1804     7064,6466  2952301    3,61%
    229   231     6983,8262   277     6818,1804     7064,6466  3036929    3,61%
    235   237     6954,0287   298     6818,1804     7064,6466  3115976    3,61%
    243   245     6950,4614   291     6818,1804     7064,6466  3284888    3,61%
    250   252     6910,5911   375     6818,1804     7064,6466  3364727    3,61%
    252   254     6915,5703   168     6818,1804     7064,6466  3417362    3,61%
    259   261     6962,4273   297     6818,1804     7064,6466  3539842    3,61%
    315   313     6906,1290   203     6818,1804     7064,6466  4340895    3,61%
    316   314     6918,1428   342     6818,1804     7064,6466  4376076    3,61%
    322   320     6934,8779   322     6818,1804     7064,6466  4474445    3,61%
Elapsed time = 5676,90 sec. (1571084,17 ticks, tree = 43,83 MB, solutions = 13)
    330   328     6942,7646   298     6818,1804     7064,6466  4577731    3,61%
    338   334     6935,6194   305     6818,1804     7064,6466  4714799    3,61%
    344   340     6932,8127   324     6818,1804     7064,6466  4834111    3,61%
    345   341     6954,7399   283     6818,1804     7064,6466  4930159    3,61%
    353   349     6943,4421   273     6818,1804     7064,6466  5134299    3,61%
    361   355     6941,0702   260     6818,1804     7064,6466  5354718    3,61%
    369   363     6934,9427   314     6818,1804     7064,6466  5628462    3,61%
    377   371     6929,9556   270     6818,1804     7064,6466  5880982    3,61%
    385   377     6925,6026   287     6818,1804     7064,6466  6123083    3,61%
    387   379     6864,2271     8     6818,1804     7064,6466  6170951    3,61%
Elapsed time = 6355,09 sec. (1674410,69 ticks, tree = 43,83 MB, solutions = 13)
    395   385     6854,6944     6     6818,1804     7064,6466  6461274    3,61%
    403   391     6864,2271     7     6818,1804     7064,6466  6708887    3,61%
    407   395     6892,6680   291     6818,1804     7064,6466  6944205    3,61%
    463   449     6864,0271     8     6818,1804     7064,6466  8462353    3,61%
    464   450     6915,3105   330     6818,1804     7064,6466  8489620    3,61%
    465   451     7047,2719   257     6818,1804     7064,6466  8539260    3,61%
    473   459     7053,2386   258     6818,1804     7064,6466  8848349    3,61%
    481   467     7047,3777   266     6818,1804     7064,6466  9135239    3,61%
    486   472     6904,7990   324     6818,1804     7064,6466  9318628    3,61%
    489   475     7043,3145   262     6818,1804     7064,6466  9431836    3,61%
Elapsed time = 6971,14 sec. (1802192,02 ticks, tree = 47,84 MB, solutions = 13)
    497   481     7039,1066   264     6818,1804     7064,6466  9643168    3,61%
    504   486     6918,5333   340     6818,1804     7064,6466  9858117    3,61%
    512   492     6912,1239   330     6818,1804     7064,6466 10071432    3,61%
    520   500     6914,7816   348     6818,1804     7064,6466 10378099    3,61%
    528   508     6908,4585   329     6818,1804     7064,6466 10683329    3,61%
    536   516     6907,8522   332     6818,1804     7064,6466 10975011    3,61%
    544   524     6896,4227   331     6818,1804     7064,6466 11285323    3,61%
    552   532     6905,9185   331     6818,1804     7064,6466 11595152    3,61%
    553   533     7013,5590   265     6818,1804     7064,6466 11701928    3,61%
    561   541     7004,4448   296     6818,1804     7064,6466 12097877    3,61%
Elapsed time = 7665,36 sec. (1953178,83 ticks, tree = 47,84 MB, solutions = 13)
    615   591     6844,5214   418     6818,1804     7064,6466 14421310    3,61%
*   635+  609                         6854,4707     7064,6466             3,07%
    642   553     7034,4559   248     6854,4707     7064,6466 15389155    3,07%
    646   557     7051,6027   244     6854,4707     7064,6466 15486660    3,07%
    650   561     7028,6742   247     6854,4707     7064,6466 15619077    3,07%
    651   562     6887,9925   394     6854,4707     7064,6466 15654229    3,07%
    659   568     6882,4256   383     6854,4707     7064,6466 15998988    3,07%
    661   570     6937,4019   367     6854,4707     7064,6466 16191751    3,07%
    666   573     7022,7538   244     6854,4707     7064,6466 16623932    3,07%
    671   578     7046,1900   311     6854,4707     7064,6466 16817169    3,07%
    679   586     7038,2795   313     6854,4707     7064,6466 16998421    3,07%
Elapsed time = 8877,22 sec. (2151777,22 ticks, tree = 52,91 MB, solutions = 14)
    687   592     7028,9372   321     6854,4707     7064,6466 17272796    3,07%
    783   678     6940,0005   331     6854,4707     7064,6466 20060145    3,07%
    804   699     6980,0959   325     6854,4707     7064,6466 20740286    3,07%
    805   700     6868,4724   385     6854,4707     7064,6466 20766213    3,07%
    812   705     6974,2133   291     6854,4707     7064,6466 20842766    3,07%
    815   708     6912,3201   345     6854,4707     7064,6466 20935377    3,07%
    820   711     6967,5884   266     6854,4707     7064,6466 21039063    3,07%
    825   716     7024,3458   318     6854,4707     7064,6466 21090788    3,07%
    828   719     6956,6941   274     6854,4707     7064,6466 21141121    3,07%
    841   732     7017,2133   325     6854,4707     7064,6466 21292845    3,07%
Elapsed time = 9080,96 sec. (2270100,67 ticks, tree = 58,89 MB, solutions = 14)
    843   734     6898,3352   426     6854,4707     7064,6466 21351382    3,07%
    851   742     7020,8880   332     6854,4707     7064,6466 21471675    3,07%
    859   750     7030,8157   258     6854,4707     7064,6466 21654205    3,07%
    867   758     7022,6693   272     6854,4707     7064,6466 21821391    3,07%
    875   766     7020,2456   269     6854,4707     7064,6466 21921577    3,07%
    883   774     7003,0897   248     6854,4707     7064,6466 22244162    3,07%
    899   790     7011,5254   258     6854,4707     7064,6466 22373382    3,07%
    907   798     7004,6633   258     6854,4707     7064,6466 22481229    3,07%
    915   806     7003,2062   268     6854,4707     7064,6466 22596763    3,07%
    931   820     6992,7721   272     6854,4707     7064,6466 22817590    3,07%
Elapsed time = 10125,53 sec. (2468136,57 ticks, tree = 58,89 MB, solutions = 14)
    939   828     6994,3909   288     6854,4707     7064,6466 22917453    3,07%
    947   832     6982,0819   312     6854,4707     7064,6466 23124043    3,07%
   1100   963     6957,2615   316     6854,4707     7064,6466 26049012    3,07%
   1116   977     6901,7368   431     6854,4707     7064,6466 26556155    3,07%
   1154   997     6910,0496   337     6854,4707     7059,7065 27310577    2,99%
   1162  1005     6953,5251   314     6854,4707     7059,7065 27427746    2,99%
   1170  1013     6947,2830   333     6854,4707     7059,7065 27532078    2,99%
   1178  1019     6950,4230   344     6854,4707     7059,7065 27675206    2,99%
   1186  1027     6944,1695   315     6854,4707     7059,7065 27772076    2,99%
   1202  1039     6936,4379   319     6854,4707     7059,7065 28022808    2,99%
Elapsed time = 10768,76 sec. (2592070,33 ticks, tree = 67,38 MB, solutions = 14)
   1205  1042     6890,4008   404     6854,4707     7059,7065 28165834    2,99%
   1213  1048     6897,0000   389     6854,4707     7059,7065 28263596    2,99%
   1229  1062     6885,5586   241     6854,4707     7059,7065 28477321    2,99%
   1253  1080     6867,8716   188     6854,4707     7059,7065 28828934    2,99%
   1269  1096     6860,0265   176     6854,4707     7059,7065 29095841    2,99%
   1285  1110        cutoff           6854,4707     7059,7065 29406369    2,99%
   1301  1122        cutoff           6854,4707     7059,7065 29644789    2,99%
   1317  1136     6855,2696   183     6854,4707     7059,7065 29796550    2,99%
   1325  1142        cutoff           6854,4707     7059,7065 29927004    2,99%
   1333  1146        cutoff           6854,4707     7059,7065 30031169    2,99%
Elapsed time = 12182,61 sec. (2786024,64 ticks, tree = 67,38 MB, solutions = 14)
   1341  1148        cutoff           6854,4707     7059,7065 30174298    2,99%
   1347  1152     6949,5119   282     6854,4707     7059,7065 30341341    2,99%
   1349  1154     7043,7184   256     6854,4707     7059,7065 30369475    2,99%
   1412  1207     6935,2850   306     6854,4707     7059,7065 31313566    2,99%
   1533  1292     6914,7736   415     6854,4707     7059,7065 32528339    2,99%
   1535  1294     7040,3494   260     6854,4707     7059,7065 32553550    2,99%
   1543  1302     7024,5861   331     6854,4707     7059,7065 32668384    2,99%
   1551  1308     7015,9524   340     6854,4707     7059,7065 32789838    2,99%
   1559  1316     7003,6066   366     6854,4707     7059,7065 32938106    2,99%
   1567  1322     6997,5438   387     6854,4707     7059,7065 33100178    2,99%
Elapsed time = 13236,50 sec. (3078765,91 ticks, tree = 79,14 MB, solutions = 14)
   1575  1328     6988,9520   385     6854,4707     7059,7065 33200932    2,99%
   1591  1342     6970,7625   393     6854,4707     7059,7065 33484104    2,99%
   1607  1356     6964,7043   389     6854,4707     7059,7065 33675725    2,99%
   1623  1370     6947,3763   412     6854,4707     7059,7065 33828430    2,99%
   1639  1380     6934,2223   423     6854,4707     7059,7065 34061828    2,99%
   1647  1388     6926,1733   417     6854,4707     7059,7065 34184506    2,99%
   1655  1396     6918,7384   439     6854,4707     7059,7065 34282368    2,99%
   1671  1406     6909,9544   450     6854,4707     7059,7065 34458726    2,99%
   1687  1418     6900,8073   412     6854,4707     7059,7065 34649286    2,99%
   1703  1434     6895,2349   430     6854,4707     7059,7065 34743104    2,99%
Elapsed time = 13919,55 sec. (3163045,43 ticks, tree = 79,14 MB, solutions = 14)
   1719  1450     6890,7624   434     6854,4707     7059,7065 34868070    2,99%
   1734  1465     6990,2352   358     6854,4707     7059,7065 34985760    2,99%
   1750  1481     6975,2441   354     6854,4707     7059,7065 35084074    2,99%
   1758  1489     6962,4666   348     6854,4707     7059,7065 35152446    2,99%
   1766  1497     6947,7396   361     6854,4707     7059,7065 35215766    2,99%
   1850  1569     6986,4691   331     6854,4707     7059,7065 35952916    2,99%
   1875  1590     7014,6162   265     6854,4707     7059,7065 36209940    2,99%
   1878  1593     6930,4548   372     6854,4707     7050,4245 36240292    2,86%
   1880  1595     6863,9257   537     6854,4707     7050,4245 36264291    2,86%
   1883  1598     6898,6224   418     6854,4707     7050,4245 36295347    2,86%
Elapsed time = 14305,50 sec. (3285098,40 ticks, tree = 90,83 MB, solutions = 14)
   1907  1622     6894,8594   422     6854,4707     7050,4245 36553088    2,86%
   1915  1630     6886,5547   438     6854,4707     7050,4245 36653431    2,86%
   1939  1654     6878,5815   425     6854,4707     7050,4245 36846624    2,86%
   1955  1666     6874,1557   447     6854,4707     7050,4245 36984576    2,86%
   1960  1671     6906,7906   425     6854,4707     7050,4245 37071456    2,86%
   1976  1687     6889,0751   440     6854,4707     7050,4245 37237687    2,86%
   1984  1695     6879,9712   450     6854,4707     7050,4245 37362735    2,86%
   2008  1719     6854,9027   471     6854,4707     7050,4245 37582499    2,86%
   2024  1731        cutoff           6854,4707     7050,4245 37707753    2,86%
   2032  1737     7025,9582   264     6854,4707     7050,4245 37776643    2,86%
Elapsed time = 14770,81 sec. (3375015,44 ticks, tree = 90,83 MB, solutions = 14)
   2048  1751     7020,5298   261     6854,4707     7050,4245 37899977    2,86%
   2056  1759     7015,7759   259     6854,4707     7050,4245 38048716    2,86%
   2064  1765     6998,6119   262     6854,4707     7050,4245 38143417    2,86%
   2072  1771     7000,7621   347     6854,4707     7050,4245 38217030    2,86%
   2086  1785     6976,7854   303     6854,4707     7050,4245 38317951    2,86%
   2096  1793     7001,8100   262     6854,4707     7050,4245 38380352    2,86%
   2104  1799     6993,9931   271     6854,4707     7050,4245 38447796    2,86%
   2116  1811     7033,1615   271     6854,4707     7050,4245 38551659    2,86%
   2124  1819     7029,0702   269     6854,4707     7050,4245 38618864    2,86%
   2132  1825     7013,1495   336     6854,4707     7050,4245 38716838    2,86%
Elapsed time = 15301,49 sec. (3501997,24 ticks, tree = 90,83 MB, solutions = 14)
   2140  1831     7004,4989   350     6854,4707     7050,4245 38760191    2,86%
   2148  1839     7003,8344   351     6854,4707     7050,4245 38816612    2,86%
   2156  1847     6996,5267   360     6854,4707     7050,4245 38877484    2,86%
   2164  1855     6988,7769   344     6854,4707     7050,4245 38935666    2,86%
   2172  1863     6978,1652   353     6854,4707     7050,4245 38993757    2,86%
   2188  1879     6968,6687   345     6854,4707     7050,4245 39132892    2,86%
   2196  1887     6964,2732   356     6854,4707     7050,4245 39195492    2,86%
   2212  1901     6951,9416   349     6854,4707     7050,4245 39347544    2,86%
   2228  1915     6944,5301   365     6854,4707     7050,4245 39618637    2,86%
   2244  1931     6936,8013   362     6854,4707     7050,4245 39855893    2,86%
Elapsed time = 15705,57 sec. (3572947,10 ticks, tree = 90,83 MB, solutions = 14)
   2252  1939     6933,5471   368     6854,4707     7050,4245 39928039    2,86%
   2268  1953     6929,5951   378     6854,4707     7050,4245 40095782    2,86%
   2444  2121     6983,6550   240     6854,4707     7044,1103 41718029    2,77%
   2452  2127     6977,2555   268     6854,4707     7044,1103 41837409    2,77%
   2460  2131     6971,2192   276     6854,4707     7044,1103 41921719    2,77%
   2468  2135     6972,0737   280     6854,4707     7044,1103 42010449    2,77%
   2471  2138     7032,9225   279     6854,4707     7044,1103 42054719    2,77%
   2479  2146     7026,0299   282     6854,4707     7044,1103 42118268    2,77%
   2487  2154     7016,8405   278     6854,4707     7044,1103 42220639    2,77%
   2494  2161     6994,3181   329     6854,4707     7044,1103 42285919    2,77%
Elapsed time = 16419,49 sec. (3690856,12 ticks, tree = 102,40 MB, solutions = 14)
   2502  2169     6986,7762   336     6854,4707     7044,1103 42364773    2,77%
   2503  2170     6993,5630   334     6854,4707     7044,1103 42415312    2,77%
   2519  2186     6973,5241   334     6854,4707     7044,1103 42701422    2,77%
   2535  2202     6963,8253   332     6854,4707     7044,1103 42929179    2,77%
   2551  2218     6950,8605   322     6854,4707     7044,1103 43165719    2,77%
   2559  2226     6945,6054   331     6854,4707     7044,1103 43279239    2,77%
   2567  2234     6942,8407   350     6854,4707     7044,1103 43357242    2,77%
   2583  2250     6935,0046   361     6854,4707     7044,1103 43518847    2,77%
   2599  2264     6930,6970   356     6854,4707     7044,1103 43658361    2,77%
   2607  2270     6921,6313   364     6854,4707     7044,1103 43824328    2,77%
Elapsed time = 17073,04 sec. (3820105,66 ticks, tree = 102,40 MB, solutions = 14)
   2623  2282     6917,5714   363     6854,4707     7044,1103 44087324    2,77%
   2639  2298     6914,5354   360     6854,4707     7044,1103 44246703    2,77%
   2647  2304     6909,6068   383     6854,4707     7044,1103 44367223    2,77%
   2655  2312     6905,9348   428     6854,4707     7044,1103 44458123    2,77%
   2663  2320     6901,1375   481     6854,4707     7044,1103 44540784    2,77%
   2679  2332     6896,2891   475     6854,4707     7044,1103 44710996    2,77%
   2687  2336     6893,6409   468     6854,4707     7044,1103 44799013    2,77%
   2695  2342     6889,0223   482     6854,4707     7044,1103 44861743    2,77%
   2703  2350     6885,2815   484     6854,4707     7044,1103 44923119    2,77%
   2775  2418     6947,1930   295     6854,4707     7044,1103 45626608    2,77%
Elapsed time = 17931,67 sec. (3960207,00 ticks, tree = 102,40 MB, solutions = 14)
   2864  2499     6954,1786   291     6854,4707     7044,1103 46537061    2,77%
   2920  2551     6881,7763   482     6854,4707     7037,1897 47102750    2,67%
   2927  2558     6949,8938   316     6854,4707     7037,1897 47180327    2,67%
   2931  2562     6935,4795   280     6854,4707     7037,1897 47249421    2,67%
   2939  2570     6957,4696   351     6854,4707     7037,1897 47339844    2,67%
   2947  2578     6935,1189   316     6854,4707     7037,1897 47442025    2,67%
   2955  2584     6949,4110   393     6854,4707     7037,1897 47552651    2,67%
   2963  2590     6945,0496   352     6854,4707     7037,1897 47687174    2,67%
   2964  2591     6941,8908   359     6854,4707     7037,1897 47741248    2,67%
   2969  2596     7025,5595   283     6854,4707     7037,1897 47815288    2,67%
Elapsed time = 18613,29 sec. (4134112,36 ticks, tree = 115,79 MB, solutions = 14)
   2977  2604     7015,0693   287     6854,4707     7037,1897 47930636    2,67%
   2985  2612     7020,1160   278     6854,4707     7037,1897 48009050    2,67%
   2993  2620     7012,4405   290     6854,4707     7037,1897 48115417    2,67%
   3009  2636     7005,6581   273     6854,4707     7037,1897 48314133    2,67%
   3017  2644     7002,3943   286     6854,4707     7037,1897 48439507    2,67%
   3025  2652     6994,5492   289     6854,4707     7037,1897 48552784    2,67%
   3033  2658     6997,0140   290     6854,4707     7037,1897 48652524    2,67%
   3049  2670     6982,4181   284     6854,4707     7037,1897 48835574    2,67%
   3065  2684     6985,4485   297     6854,4707     7037,1897 48971576    2,67%
   3073  2690     6981,7943   277     6854,4707     7037,1897 49068310    2,67%
Elapsed time = 18791,29 sec. (4206316,55 ticks, tree = 115,79 MB, solutions = 14)
   3081  2698     6977,1349   275     6854,4707     7037,1897 49123690    2,67%
   3097  2714     6975,4222   276     6854,4707     7037,1897 49293757    2,67%
   3105  2722     6967,4725   344     6854,4707     7037,1897 49365704    2,67%
   3113  2728     6961,1985   276     6854,4707     7037,1897 49414045    2,67%
   3121  2734     6950,6974   339     6854,4707     7037,1897 49540971    2,67%
   3129  2742     6904,1603   353     6854,4707     7037,1897 49627037    2,67%
   3137  2750     6947,2662   330     6854,4707     7037,1897 49724350    2,67%
   3153  2766     6936,7846   329     6854,4707     7037,1897 49812155    2,67%
   3169  2782     6935,2018   326     6854,4707     7037,1897 50002539    2,67%
   3177  2790     6930,2561   321     6854,4707     7037,1897 50087835    2,67%
Elapsed time = 19500,71 sec. (4334071,49 ticks, tree = 115,79 MB, solutions = 14)
   3193  2806     6922,3648   305     6854,4707     7037,1897 50296307    2,67%
   3217  2828     6918,5779   314     6854,4707     7037,1897 50724233    2,67%
   3233  2844     6918,0569   319     6854,4707     7037,1897 50993754    2,67%
   3241  2852     6886,4296   379     6854,4707     7037,1897 51191066    2,67%
*  3590+ 2088                         6860,2470     6929,3224             1,01%

Implied bound cuts applied:  802
Flow cuts applied:  24702
Mixed integer rounding cuts applied:  14341
Flow path cuts applied:  65
Gomory fractional cuts applied:  141

Root node processing (before b&c):
  Real time             = 1078,26 sec. (687244,10 ticks)
Parallel b&c, 8 threads:
  Real time             = 19459,03 sec. (3964672,06 ticks)
  Sync time (average)   = 2333,98 sec.
  Wait time (average)   = 2334,27 sec.
                          ------------
Total (root+branch&cut) = 20537,28 sec. (4651916,16 ticks)

<<< solve


OBJECTIVE: 6860.247
avg_utility = 0.871918

<<< post process


<<< done

