
<<< setup


<<< generate

Aggregator has done 50075 substitutions...
Aggregator has done 62469 substitutions...
Aggregator has done 75075 substitutions...
Aggregator has done 89975 substitutions...
Aggregator has done 101784 substitutions...
Aggregator has done 115075 substitutions...
Aggregator has done 129656 substitutions...
Aggregator has done 141259 substitutions...
Aggregator has done 155076 substitutions...
Aggregator has done 167459 substitutions...
Aggregator has done 180076 substitutions...
Aggregator has done 190494 substitutions...
Aggregator has done 204411 substitutions...
Aggregator has done 215076 substitutions...
Aggregator has done 226276 substitutions...
Tried aggregator 41 times.
MIP Presolve eliminated 1077230 rows and 1213892 columns.
MIP Presolve modified 333087 coefficients.
Aggregator did 235908 substitutions.
Reduced MIP has 415246 rows, 1042601 columns, and 2972339 nonzeros.
Reduced MIP has 163232 binaries, 14028 generals, 0 SOSs, and 0 indicators.
Presolve time = 407,38 sec. (161916,75 ticks)
Found incumbent of value 1403,685260 after 409,65 sec. (163165,01 ticks)
Probing time = 1,44 sec. (197,51 ticks)
Tried aggregator 1 time.
Presolve time = 1,78 sec. (901,89 ticks)
Probing time = 1,76 sec. (197,51 ticks)
Clique table members: 5557.
MIP emphasis: balance optimality and feasibility.
MIP search method: dynamic search.
Parallel mode: deterministic, using up to 24 threads.
Root relaxation solution time = 129,57 sec. (58367,05 ticks)

        Nodes                                         Cuts/
   Node  Left     Objective  IInf  Best Integer    Best Bound    ItCnt     Gap

*     0+    0                         1403,6853   117186,2422    52207     --- 
*     0+    0                         2072,1679   117186,2422    52207     --- 
*     0+    0                         2075,1493   117186,2422    52207     --- 
*     0+    0                         2078,1306   117186,2422    52207     --- 
*     0+    0                         2080,7807   117186,2422    52207     --- 
*     0+    0                         2082,7683   117186,2422    52207     --- 
*     0+    0                         2084,7558   117186,2422    52207     --- 
*     0+    0                         2086,7434   117186,2422    52207     --- 
*     0+    0                         2088,7309   117186,2422    52207     --- 
*     0+    0                         2090,7185   117186,2422    52207     --- 
      0     0    27317,0000  6658     2090,7185    27317,0000    52207     --- 
*     0+    0                        18755,0000    27317,0000   389346   45,65%
      0     0    27039,1244  5915    18755,0000   Cuts: 10000   389346   44,17%
*     0+    0                        20081,6700    27039,1244   479874   34,65%
      0     0    26760,5134  5929    20081,6700   Cuts: 10000   479874   33,26%
      0     0    26533,9487  6111    20081,6700    Cuts: 9996   507391   32,13%
*     0+    0                        20146,4864    26533,9487   541553   31,71%
      0     0    26324,3056  6754    20146,4865    Cuts: 9995   541553   30,66%
*     0+    0                        20152,6472    26324,3056   568101   30,62%
      0     0    26207,1413  5490    20152,6472    Cuts: 9960   568101   30,04%
*     0+    0                        20342,3341    26207,1413   612344   28,83%
      0     0    26114,9772  5240    20342,3341    Cuts: 9984   612344   28,38%
      0     0    26039,4378  5780    20342,3341    Cuts: 9948   644683   28,01%
      0     0    25988,9740  5084    20342,3341    Cuts: 9883   670310   27,76%
      0     0    25957,5562  4790    20342,3341    Cuts: 9872   694046   27,60%
*     0+    0                        20580,8842    25957,5562   714113   26,12%
      0     0    25930,2648  4625    20580,8842    Cuts: 9842   714113   25,99%
*     0+    0                        20641,5022    25930,2648   728596   25,62%
      0     0    25900,3560  4694    20641,5022    Cuts: 8942   728596   25,48%
      0     0    25869,9825  4021    20641,5022    Cuts: 8241   746723   25,33%
*     0+    0                        20651,9054    25869,9825   817159   25,27%
      0     0    25843,4321  3396    20651,9054    Cuts: 7432   817159   25,14%

Implied bound cuts applied:  193
Flow cuts applied:  56015
Mixed integer rounding cuts applied:  52438
Flow path cuts applied:  8086
Gomory fractional cuts applied:  358

Root node processing (before b&c):
  Real time             = 6787,57 sec. (4537349,38 ticks)
Parallel b&c, 24 threads:
  Real time             =    0,00 sec. (0,00 ticks)
  Sync time (average)   =    0,00 sec.
  Wait time (average)   =    0,00 sec.
                          ------------
Total (root+branch&cut) = 6787,57 sec. (4537349,38 ticks)

<<< solve


OBJECTIVE: 20651.91
avg_utility = 0.7560092762016319

<<< post process


<<< done

