
<<< setup


<<< generate

Found incumbent of value 0,000000 after 0,02 sec. (18,91 ticks)
Tried aggregator 8 times.
MIP Presolve eliminated 341545 rows and 324010 columns.
MIP Presolve modified 31261 coefficients.
Aggregator did 108048 substitutions.
Reduced MIP has 52292 rows, 100263 columns, and 313382 nonzeros.
Reduced MIP has 2860 binaries, 0 generals, 0 SOSs, and 0 indicators.
Presolve time = 8,67 sec. (8916,02 ticks)
Probing time = 0,02 sec. (4,22 ticks)
Tried aggregator 1 time.
Reduced MIP has 52292 rows, 100263 columns, and 313382 nonzeros.
Reduced MIP has 2860 binaries, 0 generals, 0 SOSs, and 0 indicators.
Presolve time = 0,21 sec. (173,72 ticks)
Probing time = 0,02 sec. (4,40 ticks)
MIP emphasis: balance optimality and feasibility.
MIP search method: dynamic search.
Parallel mode: deterministic, using up to 8 threads.
Root relaxation solution time = 1,33 sec. (593,58 ticks)

        Nodes                                         Cuts/
   Node  Left     Objective  IInf  Best Integer    Best Bound    ItCnt     Gap

*     0+    0                            0,0000    29885,3563              --- 
      0     0     7863,0000  1545        0,0000     7863,0000     3796     --- 
*     0+    0                         3596,3923     7863,0000           118,64%
      0     0     7668,5905  1041     3596,3923    Cuts: 4645    43562  113,23%
      0     0     7503,3140  1127     3596,3923    Cuts: 5709    76196  108,63%
      0     0     7335,7498  1212     3596,3923    Cuts: 7093   129191  103,98%
*     0+    0                         3894,9147     7335,7498            88,34%
*     0+    0                         4457,2989     7335,7498            64,58%
*     0+    0                         4943,7568     7335,7498            48,38%
*     0+    0                         5042,4931     7335,7498            45,48%
*     0+    0                         5050,4189     7335,7498            45,25%
*     0+    0                         5051,4189     7335,7498            45,22%
*     0+    0                         5052,4931     7335,7498            45,19%
      0     0     7236,1051  1347     5052,4931    Cuts: 7897   158212   43,22%
      0     0     7125,7063    99     5052,4931    Cuts: 9159   183583   41,03%
      0     0     7122,8722   128     5052,4931     Cuts: 434   200573   40,98%
*     0+    0                         5784,2289     7122,8722            23,14%
*     0+    0                         6231,0707     7122,8722            14,31%
*     0+    0                         6268,7879     7122,8722            13,62%
*     0+    0                         6268,8351     7122,8722            13,62%
      0     0     7121,6317   194     6268,8351     Cuts: 675   210104   13,60%
      0     0     7120,8756   227     6268,8351    Cuts: 1176   217947   13,59%
*     0+    0                         6776,8963     7120,8756             5,08%
      0     0     7117,7090   256     6776,8963    Cuts: 1859   225186    5,03%
*     0+    0                         6851,7682     7117,7090             3,88%
      0     0     7111,7604   162     6851,7682    Cuts: 1369   232108    3,79%
      0     0     7110,6271   178     6851,7682     Cuts: 714   242789    3,78%
      0     0     7110,0286   275     6851,7682     Cuts: 702   246475    3,77%
      0     0     7109,5673   243     6851,7682    Cuts: 1608   248228    3,76%
      0     0     7109,1447   297     6851,7682    Cuts: 1406   250723    3,76%
      0     2     7109,1447   297     6851,7682     7109,1447   250723    3,76%
Elapsed time = 435,45 sec. (322948,72 ticks, tree = 0,00 MB, solutions = 15)
      1     3     7081,6712   256     6851,7682     7109,1447   267382    3,76%
      2     4     7104,7509   294     6851,7682     7109,1447   287991    3,76%
      3     5     7062,7407   259     6851,7682     7104,2976   302087    3,69%
      4     6     7088,8527   294     6851,7682     7104,2976   317087    3,69%
      5     7     7098,9499   299     6851,7682     7104,2976   318542    3,69%
      8    10     7096,0689   311     6851,7682     7104,2976   328293    3,69%
      9    11     7062,3401   275     6851,7682     7104,2976   335857    3,69%
     10    12     7072,5028   280     6851,7682     7104,2976   344039    3,69%
     11    13     7059,1385   266     6851,7682     7096,0689   348154    3,57%
     14    16     7082,1953   303     6851,7682     7096,0689   361998    3,57%
Elapsed time = 584,33 sec. (407790,14 ticks, tree = 0,00 MB, solutions = 15)
     15    17     7058,6684   302     6851,7682     7096,0689   382541    3,57%
     17    19     7050,4748   269     6851,7682     7096,0689   394261    3,57%
     27    29     7032,3999   262     6851,7682     7096,0689   454404    3,57%
     30    32     7077,8537   312     6851,7682     7096,0689   486963    3,57%
*    34+   34                         6861,2875     7096,0689             3,42%
     45    47     7013,3820   336     6861,2875     7096,0689   640763    3,42%
     48    50     7041,8231   276     6861,2875     7096,0689   649365    3,42%
     50    52     7027,1596   310     6861,2875     7096,0689   657165    3,42%
     51    53     7067,0750   298     6861,2875     7096,0689   694934    3,42%
    136   138     7019,3969   276     6861,2875     7096,0689  1359386    3,42%
    137   139     7006,3274   233     6861,2875     7096,0689  1381602    3,42%
Elapsed time = 1263,35 sec. (564619,93 ticks, tree = 0,00 MB, solutions = 16)
    138   140     6983,6700   216     6861,2875     7096,0689  1409628    3,42%
    146   146     6986,7369   211     6861,2875     7096,0689  1504645    3,42%
    154   154     6981,5757   195     6861,2875     7096,0689  1563965    3,42%
    162   162     6972,6769   216     6861,2875     7096,0689  1623383    3,42%
    170   170     6976,8203   215     6861,2875     7096,0689  1695354    3,42%
    178   178     6970,6168   209     6861,2875     7096,0689  1754972    3,42%
    181   181     6951,8624   176     6861,2875     7096,0689  1771550    3,42%
    189   189     6947,5871   189     6861,2875     7096,0689  1810707    3,42%
    197   197     6934,8194   158     6861,2875     7096,0689  1872841    3,42%
    198   198     6939,7457   195     6861,2875     7096,0689  1878161    3,42%
Elapsed time = 1448,65 sec. (603159,84 ticks, tree = 0,00 MB, solutions = 16)
    217   217     7008,3909   244     6861,2875     7096,0689  2046957    3,42%
    229   229     6954,1265   206     6861,2875     7096,0689  2129314    3,42%
    243   243     6980,2917   270     6861,2875     7096,0689  2296919    3,42%
    251   251     6975,4378   266     6861,2875     7096,0689  2349123    3,42%
    253   253     6983,0467   227     6861,2875     7096,0689  2362866    3,42%
    254   254     6909,7487   215     6861,2875     7096,0689  2372676    3,42%
    262   262     6918,8491   191     6861,2875     7096,0689  2453496    3,42%
    263   263     6884,2897   123     6861,2875     7096,0689  2462146    3,42%
    279   277     6876,8112   124     6861,2875     7096,0689  2614587    3,42%
    287   285     6872,8876   122     6861,2875     7096,0689  2690193    3,42%
Elapsed time = 1627,75 sec. (631488,47 ticks, tree = 1,35 MB, solutions = 16)
    298   296     6862,2002   214     6861,2875     7096,0689  2766191    3,42%
    311   307        cutoff           6861,2875     7096,0689  2905631    3,42%
    318   312     6897,6168   205     6861,2875     7096,0689  2967326    3,42%
    327   317     7070,4986   288     6861,2875     7096,0689  3094053    3,42%
    330   320     7063,8525   298     6861,2875     7096,0689  3120651    3,42%
    346   332     7021,1992   267     6861,2875     7096,0689  3241026    3,42%
    397   369    infeasible           6861,2875     7096,0689  3769694    3,42%
    443   391     7018,5794   259     6861,2875     7096,0689  4086972    3,42%
    444   392     7069,2489   298     6861,2875     7096,0689  4102907    3,42%
    446   394     6897,0198   198     6861,2875     7096,0689  4110350    3,42%
Elapsed time = 1996,14 sec. (707681,68 ticks, tree = 5,49 MB, solutions = 16)
    451   397     7011,3306   255     6861,2875     7096,0689  4172946    3,42%
    459   401     7004,6501   260     6861,2875     7096,0689  4206720    3,42%
    467   405     7004,2152   260     6861,2875     7096,0689  4290996    3,42%
    475   411     7001,0691   258     6861,2875     7096,0689  4334535    3,42%
    479   415     7066,2251   303     6861,2875     7096,0689  4390271    3,42%
    568   502     6982,5538   259     6861,2875     7096,0689  5043707    3,42%
    594   526     7048,8194   304     6861,2875     7096,0689  5218178    3,42%
    617   541     6942,6534   189     6861,2875     7092,1433  5464772    3,36%
    621   545     7024,2690   266     6861,2875     7092,1433  5500650    3,36%
    626   548        cutoff           6861,2875     7092,1433  5547959    3,36%
Elapsed time = 2170,22 sec. (750622,21 ticks, tree = 9,41 MB, solutions = 16)
    631   553     6916,2632   203     6861,2875     7092,1433  5606621    3,36%
    633   553     6935,7508   202     6861,2875     7092,1433  5634544    3,36%
    641   561     6937,1451   187     6861,2875     7092,1433  5712091    3,36%
    657   575     6888,9728   157     6861,2875     7092,1433  5851923    3,36%
    665   583     6882,4446   161     6861,2875     7092,1433  5953158    3,36%
    673   589     6881,9050   158     6861,2875     7092,1433  6059609    3,36%
    681   595     6874,6481   170     6861,2875     7092,1433  6141857    3,36%
    697   609     6874,4407   153     6861,2875     7092,1433  6332932    3,36%
    705   613     6868,4951   175     6861,2875     7092,1433  6449405    3,36%
    712   618     7045,6962   268     6861,2875     7092,1433  6555485    3,36%
Elapsed time = 2331,79 sec. (784996,07 ticks, tree = 9,41 MB, solutions = 16)
    725   627     6958,0941   183     6861,2875     7092,1433  6685642    3,36%
    733   635     6954,7247   185     6861,2875     7092,1433  6764645    3,36%
    736   636     7033,6647   247     6861,2875     7092,1433  6812643    3,36%
    743   641     6871,4908   123     6861,2875     7092,1433  6950784    3,36%
    744   642     7029,0087   255     6861,2875     7092,1433  6994625    3,36%
    817   697     7062,8960   293     6861,2875     7086,4111  7664138    3,28%
*   818+  696                         6866,1049     7086,4111             3,21%
    818   698     7066,6180   299     6866,1049     7086,4111  7669129    3,21%
    826   706     7062,1699   319     6866,1049     7086,4111  7755027    3,21%
    834   712     7057,6806   308     6866,1049     7086,4111  7847003    3,21%
    840   718     7018,6528   250     6866,1049     7086,4111  7888714    3,21%
Elapsed time = 2877,42 sec. (896767,90 ticks, tree = 13,82 MB, solutions = 16)
    845   723     6905,8243   120     6866,1049     7086,4111  7918742    3,21%
*   871+  743                         6866,1049     7086,4111             3,21%
    891   753     7004,1332   215     6866,1049     7086,4111  8312537    3,21%
    962   809     6999,1832   229     6866,1049     7086,4111  8532382    3,21%
    969   816     7004,7045   265     6866,1049     7086,4111  8585872    3,21%
    972   819     6963,4889   269     6866,1049     7086,4111  8615001    3,21%
    973   820     7047,4728   260     6866,1049     7086,4111  8626165    3,21%
    981   826     7042,9777   270     6866,1049     7086,4111  8693040    3,21%
    989   834     7038,7494   275     6866,1049     7086,4111  8734705    3,21%
    997   840     7032,5399   276     6866,1049     7086,4111  8830798    3,21%
    998   841     6903,4048   148     6866,1049     7086,4111  8844195    3,21%
Elapsed time = 2960,00 sec. (914998,53 ticks, tree = 16,81 MB, solutions = 17)
   1005   848     7024,8629   271     6866,1049     7086,4111  8882484    3,21%
   1006   849     6866,5713   108     6866,1049     7086,4111  8912454    3,21%
   1013   856     7020,9656   248     6866,1049     7086,4111  8945923    3,21%
   1014   855        cutoff           6866,1049     7086,4111  8996123    3,21%
   1022   861        cutoff           6866,1049     7086,4111  9052120    3,21%
   1029   868     7015,0929   233     6866,1049     7086,4111  9103199    3,21%
   1030   869     7057,4338   295     6866,1049     7086,4111  9112465    3,21%
   1038   877     7050,8101   273     6866,1049     7086,4111  9147448    3,21%
   1046   885     7044,6708   271     6866,1049     7086,4111  9197439    3,21%
   1062   901     7032,6938   229     6866,1049     7086,4111  9294818    3,21%
Elapsed time = 3128,35 sec. (949741,90 ticks, tree = 16,81 MB, solutions = 17)
   1077   916     6983,7988   259     6866,1049     7086,4111  9412394    3,21%
   1109   948     6965,4107   243     6866,1049     7086,4111  9561229    3,21%
   1133   972     6956,6033   249     6866,1049     7086,4111  9678285    3,21%
   1150   989     6985,0477   232     6866,1049     7086,4111  9755379    3,21%
   1447  1286     6974,4499   283     6866,1049     7086,4111 10599929    3,21%
   1452  1291     6931,0954   370     6866,1049     7086,4111 10626961    3,21%
   1460  1299     6930,5035   356     6866,1049     7086,4111 10695934    3,21%
   1492  1331     6925,7474   375     6866,1049     7086,4111 10792531    3,21%
   1532  1371     6924,7717   365     6866,1049     7086,4111 10876822    3,21%
   1572  1411     6923,6936   376     6866,1049     7086,4111 10988172    3,21%
Elapsed time = 3601,75 sec. (1024129,40 ticks, tree = 30,15 MB, solutions = 17)
   1612  1449     6922,0524   379     6866,1049     7086,4111 11075120    3,21%
   1652  1487     6921,5960   396     6866,1049     7086,4111 11206137    3,21%
   1692  1527     6919,8868   407     6866,1049     7086,4111 11345439    3,21%
   1724  1559     6919,0584   401     6866,1049     7086,4111 11440193    3,21%
   1732  1567     6916,6027   405     6866,1049     7086,4111 11466044    3,21%
   1770  1605     6987,2914   258     6866,1049     7086,4111 11595251    3,21%
   1778  1613     6985,8260   248     6866,1049     7086,4111 11658324    3,21%
   2146  1977     7047,1679   291     6866,1049     7086,4111 12460580    3,21%
   2162  1993     7036,7977   270     6866,1049     7086,4111 12550079    3,21%
   2178  2009     7029,3382   247     6866,1049     7086,4111 12639239    3,21%
Elapsed time = 3982,62 sec. (1103830,72 ticks, tree = 50,27 MB, solutions = 17)
   2196  2027     7014,7745   287     6866,1049     7086,4111 12717401    3,21%
   2210  2041     7009,6145   225     6866,1049     7086,4111 12790478    3,21%
   2234  2065     7000,6897   210     6866,1049     7086,4111 12865028    3,21%
   2250  2081     6989,7905   268     6866,1049     7086,4111 12918968    3,21%
   2266  2097     6979,4348   300     6866,1049     7086,4111 12987200    3,21%
   2282  2113     6967,6511   291     6866,1049     7086,4111 13048890    3,21%
   2298  2129     6958,3636   281     6866,1049     7086,4111 13093088    3,21%
   2330  2161     6951,1789   258     6866,1049     7086,4111 13234741    3,21%
   2354  2185     6946,3354   268     6866,1049     7086,4111 13314465    3,21%
   2378  2209     6938,3488   280     6866,1049     7086,4111 13380548    3,21%
Elapsed time = 4240,02 sec. (1152264,63 ticks, tree = 50,27 MB, solutions = 17)
   2397  2228     6870,4333   508     6866,1049     7086,4111 13467750    3,21%
   2615  2446     6875,7200   579     6866,1049     7086,4111 13934553    3,21%
   2637  2468     7065,4154   298     6866,1049     7086,4111 13984462    3,21%
   2661  2488     7048,9387   293     6866,1049     7086,4111 14060793    3,21%
   2669  2496     7044,8793   295     6866,1049     7086,4111 14093267    3,21%
   2685  2512     7031,1968   257     6866,1049     7086,4111 14148205    3,21%
   2709  2536     7020,2592   247     6866,1049     7086,4111 14232805    3,21%
   2733  2560     7005,3484   234     6866,1049     7086,4111 14300263    3,21%
   2749  2576     6994,9542   284     6866,1049     7086,4111 14362344    3,21%
   2765  2592     6987,0659   287     6866,1049     7086,4111 14425592    3,21%
Elapsed time = 4809,30 sec. (1254238,15 ticks, tree = 63,52 MB, solutions = 17)
   2781  2608     6975,4269   271     6866,1049     7086,4111 14490446    3,21%
   3182  3001     6869,0935   575     6866,1049     7082,2833 15649971    3,15%
   3202  3019     7033,4050   287     6866,1049     7082,2833 15765720    3,15%
   3210  3025     7033,1851   283     6866,1049     7082,2833 15807265    3,15%
   3226  3041     7020,7853   256     6866,1049     7082,2833 15903112    3,15%
   3254  3069     7035,2370   239     6866,1049     7082,2833 16052244    3,15%
   3258  3073     7005,0165   266     6866,1049     7082,2833 16083088    3,15%
   3274  3089     6992,3475   224     6866,1049     7082,2833 16176650    3,15%
   3290  3105     6987,8125   212     6866,1049     7082,2833 16253112    3,15%
   3306  3121     6976,8689   270     6866,1049     7082,2833 16360181    3,15%
Elapsed time = 5156,96 sec. (1306107,60 ticks, tree = 79,41 MB, solutions = 17)
   3330  3145     6964,1029   257     6866,1049     7082,2833 16440506    3,15%
   3346  3161     6953,1531   240     6866,1049     7082,2833 16510184    3,15%
   3370  3185     6941,9250   233     6866,1049     7082,2833 16607221    3,15%
   3378  3193     6940,8924   243     6866,1049     7082,2833 16675233    3,15%
   3410  3225     6929,4648   241     6866,1049     7082,2833 16774031    3,15%
   3418  3233     6933,1052   247     6866,1049     7082,2833 16834658    3,15%
   3434  3249     6928,7445   265     6866,1049     7082,2833 16899775    3,15%
   3450  3265     6923,9753   308     6866,1049     7082,2833 16963733    3,15%
   3474  3289     6918,7313   312     6866,1049     7082,2833 17026454    3,15%
   3482  3297     6917,6855   319     6866,1049     7082,2833 17069542    3,15%
Elapsed time = 5490,20 sec. (1361436,37 ticks, tree = 79,41 MB, solutions = 17)
   3514  3329     6913,9664   318     6866,1049     7082,2833 17161702    3,15%
   3538  3353     6908,7695   377     6866,1049     7082,2833 17320720    3,15%
   3737  3552     7023,2424   268     6866,1049     7082,2833 17880557    3,15%
*  3949+ 2508                         6872,4945     6965,7915             1,36%
*  3949+ 1672                         6874,5482     6965,7915             1,33%
*  3949+ 1114                         6874,9744     6965,7915             1,32%

Implied bound cuts applied:  551
Flow cuts applied:  16368
Mixed integer rounding cuts applied:  17076
Flow path cuts applied:  19
Gomory fractional cuts applied:  163

Root node processing (before b&c):
  Real time             =  435,27 sec. (322888,11 ticks)
Parallel b&c, 8 threads:
  Real time             = 5451,14 sec. (1261380,83 ticks)
  Sync time (average)   =  473,68 sec.
  Wait time (average)   =  473,90 sec.
                          ------------
Total (root+branch&cut) = 5886,41 sec. (1584268,94 ticks)

<<< solve


OBJECTIVE: 6874.974
avg_utility = 0.874345

<<< post process


<<< done

