
<<< setup


<<< generate

Aggregator has done 227978 substitutions...
Tried aggregator 9 times.
MIP Presolve eliminated 1708886 rows and 1351384 columns.
MIP Presolve modified 22192 coefficients.
Aggregator did 260839 substitutions.
Reduced MIP has 49492 rows, 131138 columns, and 374391 nonzeros.
Reduced MIP has 31319 binaries, 8019 generals, 0 SOSs, and 0 indicators.
Presolve time = 23,10 sec. (15720,59 ticks)
Found incumbent of value 1615,934958 after 23,37 sec. (15943,97 ticks)
Probing time = 0,38 sec. (76,01 ticks)
Tried aggregator 1 time.
Presolve time = 0,23 sec. (151,31 ticks)
Probing time = 0,64 sec. (76,01 ticks)
Clique table members: 2973.
MIP emphasis: balance optimality and feasibility.
MIP search method: dynamic search.
Parallel mode: deterministic, using up to 24 threads.
Root relaxation solution time = 2,95 sec. (2221,87 ticks)

        Nodes                                         Cuts/
   Node  Left     Objective  IInf  Best Integer    Best Bound    ItCnt     Gap

*     0+    0                         1615,9350    59502,2584    20896     --- 
*     0+    0                         5211,2491    59502,2584    20896     --- 
*     0+    0                         5211,5308    59502,2584    20896     --- 
      0     0    15423,0000  4134     5211,5308    15423,0000    20896  195,94%
      0     0    13653,3136   665     5211,5308    Cuts: 9681    53612  161,98%
      0     0    13072,0599   690     5211,5308    Cuts: 1630    59364  150,83%
      0     0    13032,6858   717     5211,5308     Cuts: 986    62052  150,07%
*     0+    0                        12726,4052    13032,6858    62052    2,41%
*     0+    0                        12737,8532    13032,6858    62052    2,31%
      0     0    13004,5455   585    12737,8532     Cuts: 954    63791    2,09%
      0     0    12983,3319   512    12737,8532     Cuts: 779    65544    1,93%
      0     0    12963,9327   370    12737,8532     Cuts: 714    67146    1,77%
      0     0    12941,7352   284    12737,8532     Cuts: 543    68692    1,60%
      0     0    12933,7138   276    12737,8532     Cuts: 308    69768    1,54%
      0     0    12926,1079   238    12737,8532     Cuts: 250    71070    1,48%
      0     0    12918,2260   235    12737,8532     Cuts: 271    71903    1,42%
      0     0    12906,7665   157    12737,8532     Cuts: 266    72787    1,33%
      0     0    12903,6980   155    12737,8532     Cuts: 144    73306    1,30%
      0     0    12901,5159   138    12737,8532     Cuts: 148    73973    1,28%
      0     0    12901,0614   126    12737,8532     Cuts: 118    74269    1,28%
      0     0    12900,8338   124    12737,8532      Cuts: 72    74388    1,28%
Heuristic still looking.
Heuristic still looking.
*     0+    0                        12738,3588    12900,8338    74388    1,28%
      0     2    12900,8338   124    12738,3588    12900,8338    74388    1,28%
Elapsed time = 146,41 sec. (123156,14 ticks, tree = 0,01 MB, solutions = 6)
      2     4    12900,3513    92    12738,3588    12900,8286    74666    1,28%
      4     6    12900,5207   117    12738,3588    12900,8286    74957    1,28%
      5     7    12900,3046    99    12738,3588    12900,8125    75128    1,28%
      9    11    12900,4632   128    12738,3588    12900,8125    75562    1,28%
     10    12    12900,5152   127    12738,3588    12900,8125    75941    1,28%
     11    13    12900,2798   121    12738,3588    12900,8125    76031    1,28%
     14    16    12900,3122   158    12738,3588    12900,8125    77046    1,28%
     21    23    12900,2703   116    12738,3588    12900,8125    77908    1,28%
     22    24    12900,4078   141    12738,3588    12900,8125    78113    1,28%
*    27+   27                        12893,6410    12900,8125    79244    0,06%

Implied bound cuts applied:  507
Flow cuts applied:  7654
Mixed integer rounding cuts applied:  6519
Gomory fractional cuts applied:  263

Root node processing (before b&c):
  Real time             =  115,67 sec. (103972,63 ticks)
Parallel b&c, 24 threads:
  Real time             =   27,71 sec. (18726,34 ticks)
  Sync time (average)   =    0,03 sec.
  Wait time (average)   =    0,00 sec.
                          ------------
Total (root+branch&cut) =  143,38 sec. (122698,97 ticks)

<<< solve


OBJECTIVE: 12893.64
avg_utility = 0.8360008426376162

<<< post process


<<< done

