
<<< setup


<<< generate

Tried aggregator 2 times.
MIP Presolve eliminated 137607 rows and 130966 columns.
MIP Presolve modified 2331 coefficients.
Aggregator did 15320 substitutions.
Reduced MIP has 5111 rows, 9744 columns, and 21344 nonzeros.
Reduced MIP has 3934 binaries, 1170 generals, 0 SOSs, and 0 indicators.
Presolve time = 0,83 sec. (3002,35 ticks)
Found incumbent of value 0,000000 after 0,86 sec. (3020,83 ticks)
Probing time = 0,00 sec. (1,04 ticks)
Tried aggregator 1 time.
Reduced MIP has 5111 rows, 9744 columns, and 21344 nonzeros.
Reduced MIP has 3934 binaries, 1170 generals, 0 SOSs, and 0 indicators.
Presolve time = 0,02 sec. (13,83 ticks)
Probing time = 0,04 sec. (1,04 ticks)
Clique table members: 269.
MIP emphasis: balance optimality and feasibility.
MIP search method: dynamic search.
Parallel mode: deterministic, using up to 8 threads.
Root relaxation solution time = 0,02 sec. (25,07 ticks)

        Nodes                                         Cuts/
   Node  Left     Objective  IInf  Best Integer    Best Bound    ItCnt     Gap

*     0+    0                            0,0000     5853,2125              --- 
      0     0     1110,5526     6        0,0000     1110,5526      697     --- 
*     0+    0                         1110,5526     1110,5526             0,00%
      0     0        cutoff           1110,5526     1110,5526      697    0,00%
Elapsed time = 1,01 sec. (3103,83 ticks, tree = 0,00 MB, solutions = 2)

Root node processing (before b&c):
  Real time             =    1,03 sec. (3109,08 ticks)
Parallel b&c, 8 threads:
  Real time             =    0,00 sec. (0,00 ticks)
  Sync time (average)   =    0,00 sec.
  Wait time (average)   =    0,00 sec.
                          ------------
Total (root+branch&cut) =    1,03 sec. (3109,08 ticks)

<<< solve


OBJECTIVE: 1110.553

<<< post process


<<< done

