
<<< setup


<<< generate

Found incumbent of value 0,000000 after 0,02 sec. (23,39 ticks)
Aggregator has done 103345 substitutions...
Tried aggregator 11 times.
MIP Presolve eliminated 110739 rows and 470917 columns.
MIP Presolve modified 37836 coefficients.
Aggregator did 131536 substitutions.
Reduced MIP has 75069 rows, 164348 columns, and 494532 nonzeros.
Reduced MIP has 17960 binaries, 0 generals, 0 SOSs, and 0 indicators.
Presolve time = 19,52 sec. (16409,64 ticks)
Probing time = 0,04 sec. (6,93 ticks)
Tried aggregator 1 time.
Reduced MIP has 75069 rows, 164348 columns, and 494532 nonzeros.
Reduced MIP has 17960 binaries, 0 generals, 0 SOSs, and 0 indicators.
Presolve time = 0,35 sec. (263,70 ticks)
Probing time = 0,05 sec. (7,31 ticks)
MIP emphasis: balance optimality and feasibility.
MIP search method: dynamic search.
Parallel mode: deterministic, using up to 8 threads.
Root relaxation solution time = 3,55 sec. (2446,35 ticks)

        Nodes                                         Cuts/
   Node  Left     Objective  IInf  Best Integer    Best Bound    ItCnt     Gap

*     0+    0                            0,0000    41822,0000              --- 
      0     0    16124,0000  2323        0,0000    16124,0000     5903     --- 
      0     0    14944,3680  1706        0,0000    Cuts: 7034    72352     --- 
      0     0    13807,8307  1928        0,0000    Cuts: 5248   172507     --- 
      0     0    12754,9488  2021        0,0000    Cuts: 5646   226979     --- 
*     0+    0                         9553,3429    12754,9488            33,51%
*     0+    0                         9561,3429    12754,9488            33,40%
*     0+    0                         9991,4000    12754,9488            27,66%
*     0+    0                         9993,2000    12754,9488            27,64%
*     0+    0                         9996,0000    12754,9488            27,60%
*     0+    0                         9998,0000    12754,9488            27,58%
*     0+    0                        10000,6000    12754,9488            27,54%
*     0+    0                        10002,2000    12754,9488            27,52%
      0     0    11843,8789  1564    10002,2000    Cuts: 5723   248969   18,41%
      0     0    11324,5582   672    10002,2000    Cuts: 3929   270083   13,22%
      0     0    11268,5629  1575    10002,2000    Cuts: 2439   277615   12,66%
*     0+    0                        10454,8057    11268,5629             7,78%
*     0+    0                        10480,4526    11268,5629             7,52%
*     0+    0                        10505,3200    11268,5629             7,27%
*     0+    0                        10506,1200    11268,5629             7,26%
*     0+    0                        10506,9200    11268,5629             7,25%
*     0+    0                        10506,9400    11268,5629             7,25%
*     0+    0                        10507,5200    11268,5629             7,24%
      0     0    10949,0311   442    10507,5200    Cuts: 4306   294984    4,20%
      0     0    10856,3180    65    10507,5200    Cuts: 1263   306677    3,32%
      0     0    10841,9682    67    10507,5200     Cuts: 298   313926    3,18%
*     0+    0                        10698,7158    10841,9682             1,34%
*     0+    0                        10756,7429    10841,9682             0,79%

Implied bound cuts applied:  1505
Flow cuts applied:  27272
Mixed integer rounding cuts applied:  5234
Flow path cuts applied:  180
Gomory fractional cuts applied:  314

Root node processing (before b&c):
  Real time             =  578,53 sec. (505257,35 ticks)
Parallel b&c, 8 threads:
  Real time             =    0,00 sec. (0,00 ticks)
  Sync time (average)   =    0,00 sec.
  Wait time (average)   =    0,00 sec.
                          ------------
Total (root+branch&cut) =  578,53 sec. (505257,35 ticks)

<<< solve


OBJECTIVE: 10756.74
avg_utility = 0.667126

<<< post process


<<< done

