
<<< setup


<<< generate

Found incumbent of value 0.000000 after 0.02 sec. (8.39 ticks)
Tried aggregator 8 times.
MIP Presolve eliminated 76877 rows and 116459 columns.
MIP Presolve modified 32625 coefficients.
Aggregator did 46939 substitutions.
Reduced MIP has 41477 rows, 87643 columns, and 237327 nonzeros.
Reduced MIP has 5846 binaries, 7644 generals, 0 SOSs, and 0 indicators.
Presolve time = 6.18 sec. (3658.45 ticks)
Probing time = 0.07 sec. (4.01 ticks)
Tried aggregator 1 time.
Reduced MIP has 41477 rows, 87643 columns, and 237327 nonzeros.
Reduced MIP has 5846 binaries, 7644 generals, 0 SOSs, and 0 indicators.
Presolve time = 0.37 sec. (115.63 ticks)
Probing time = 0.05 sec. (4.21 ticks)
Clique table members: 675.
MIP emphasis: balance optimality and feasibility.
MIP search method: dynamic search.
Parallel mode: deterministic, using up to 8 threads.
Root relaxation solution time = 3.85 sec. (1066.63 ticks)

        Nodes                                         Cuts/
   Node  Left     Objective  IInf  Best Integer    Best Bound    ItCnt     Gap

*     0+    0                            0.0000    48052.0000              --- 
      0     0    14966.6229  3317        0.0000    14966.6229    14851     --- 
      0     0    12695.1990  5155        0.0000    Cuts: 7255    25563     --- 
      0     0    11496.7829  5535        0.0000    Cuts: 6211    34844     --- 
      0     0    10754.9853  5785        0.0000    Cuts: 5181    44363     --- 
*     0+    0                         2960.8000    10754.9853           263.25%
*     0+    0                         8381.2000    10754.9853            28.32%
      0     0    10231.9955  5603     8381.2000    Cuts: 4611    52767   22.08%
      0     0     9899.7331  3536     8381.2000    Cuts: 5322    63614   18.12%
      0     0     9798.9834  2803     8381.2000    Cuts: 2460    74670   16.92%
      0     0     9718.5773  1582     8381.2000    Cuts: 1451    77344   15.96%
      0     0     9690.1775   550     8381.2000     Cuts: 832    80809   15.62%
      0     0     9685.3593   370     8381.2000     Cuts: 300    81879   15.56%
      0     0     9683.2417   268     8381.2000     Cuts: 218    83977   15.54%
      0     0     9682.1339   235     8381.2000      Cuts: 98    88098   15.52%
      0     0     9680.9710   343     8381.2000      Cuts: 67    89944   15.51%
      0     0     9680.6466   198     8381.2000     Cuts: 112    91890   15.50%
      0     0     9680.4564   212     8381.2000      Cuts: 61    92760   15.50%
      0     0     9677.0259   208     8381.2000      Cuts: 40    92918   15.46%
      0     0     9675.4490   213     8381.2000      Cuts: 43    95333   15.44%
      0     0     9675.3811   241     8381.2000      Cuts: 67    96413   15.44%
      0     2     9675.3811   241     8381.2000     9675.3811    96413   15.44%
Elapsed time = 300.42 sec. (101118.19 ticks, tree = 0.00 MB, solutions = 3)
      1     3     9640.3497   277     8381.2000     9675.3811    98555   15.44%
      2     4     9588.4463   376     8381.2000     9675.3811   100665   15.44%
      3     5     9638.2136   341     8381.2000     9638.7631   101562   15.00%
      4     6     9552.6122   345     8381.2000     9638.7631   103933   15.00%
      5     7     9567.7839   394     8381.2000     9638.7631   104278   15.00%
      8    10     9533.5877   370     8381.2000     9638.7631   106052   15.00%
      9    11     9505.3987   399     8381.2000     9638.7631   108338   15.00%
     11    13     9584.3880   348     8381.2000     9627.3520   118888   14.87%
     14    16     9473.4596   373     8381.2000     9627.3520   152132   14.87%
     16    18     9343.6973   403     8381.2000     9627.3520   176269   14.87%
Elapsed time = 391.17 sec. (124860.21 ticks, tree = 0.00 MB, solutions = 3)
     24    26     9527.7958   360     8381.2000     9580.8086   237949   14.31%
     26    28     9407.2956   383     8381.2000     9580.8086   238537   14.31%
     31    33     9315.6910   405     8381.2000     9580.8086   243651   14.31%
     47    49     9093.0016   274     8381.2000     9579.4729   267560   14.30%
     51    53     9309.5936   267     8381.2000     9579.4729   270835   14.30%
     52    54     9297.1440   366     8381.2000     9579.4729   275274   14.30%
     59    61     9099.9793   151     8381.2000     9579.4729   281461   14.30%
     71    73     9001.9972   191     8381.2000     9579.4729   293924   14.30%
     91    93     9023.4426    64     8381.2000     9579.4729   327055   14.30%
     93    95     9272.1830   373     8381.2000     9579.4729   332154   14.30%
Elapsed time = 660.57 sec. (161051.11 ticks, tree = 0.00 MB, solutions = 3)
     97    99     8923.4660    92     8381.2000     9579.4729   339917   14.30%
    101   103     9300.5959   279     8381.2000     9579.4729   346944   14.30%
    103   105     8983.6045   186     8381.2000     9579.4729   352293   14.30%
    109   111     9269.0267   265     8381.2000     9579.4729   363429   14.30%
    111   113     8973.2828   266     8381.2000     9579.4729   366158   14.30%
    114   116     8953.4349   102     8381.2000     9579.4729   367948   14.30%
*   144+  144                         8772.4000     9579.4729             9.20%
    147   139     8776.2943   100     8772.4000     9579.4729   399981    9.20%
    150   142     8811.0826    79     8772.4000     9579.4729   406644    9.20%
    174   161     9500.0786   359     8772.4000     9579.4729   422272    9.20%
    177   164     8857.1638   119     8772.4000     9579.4729   426716    9.20%
Elapsed time = 1072.06 sec. (201347.12 ticks, tree = 0.00 MB, solutions = 4)
    190   177     9347.3616   269     8772.4000     9579.4729   432255    9.20%
    198   185     9396.4033   359     8772.4000     9579.4729   437123    9.20%
    206   193     9178.3427   212     8772.4000     9579.4729   449785    9.20%
    281   260     9234.1467   236     8772.4000     9579.4729   466444    9.20%
    482   453     9205.6271   245     8772.4000     9538.3071   491112    8.73%
    488   459     9059.4490   187     8772.4000     9538.3071   503121    8.73%
    496   467     9019.7529   184     8772.4000     9538.3071   506273    8.73%
    504   475     8945.0089   210     8772.4000     9538.3071   519634    8.73%
    523   494     8932.2749   180     8772.4000     9538.3071   536241    8.73%
   1299  1266        cutoff           8772.4000     9538.3071   556255    8.73%
Elapsed time = 1466.07 sec. (247881.00 ticks, tree = 7.72 MB, solutions = 4)
   1302  1269     9291.6299   253     8772.4000     9538.3071   556994    8.73%
   1304  1271     8861.6595    29     8772.4000     9538.3071   560962    8.73%
   1323  1290     8891.9630   158     8772.4000     9538.3071   567573    8.73%
   1331  1298     8952.3253   108     8772.4000     9538.3071   570871    8.73%
   1339  1304     8903.8588    81     8772.4000     9538.3071   573514    8.73%
   1347  1312     8858.9008    79     8772.4000     9538.3071   577410    8.73%
   1355  1318     8858.3829   148     8772.4000     9538.3071   583750    8.73%
*  1472+ 1427                         8947.0000     9538.3071             6.61%
   1825   940     9382.6291   270     8947.0000     9503.2336   611144    6.22%
   1826   941     9169.4765   242     8947.0000     9503.2336   614251    6.22%
   1828   943     9255.1692   193     8947.0000     9503.2336   625470    6.22%
Elapsed time = 1922.01 sec. (302607.91 ticks, tree = 325.95 MB, solutions = 5)
   1858   971     9131.3404    91     8947.0000     9503.2336   666916    6.22%
   1862   975     8950.1234    62     8947.0000     9503.2336   677348    6.22%
   1921  1018     9323.8770   227     8947.0000     9479.1007   697141    5.95%
   1924  1019     9225.6772    90     8947.0000     9479.1007   699025    5.95%
   1932  1025     9199.2778    91     8947.0000     9479.1007   705471    5.95%
   1937  1030     9168.4776   112     8947.0000     9479.1007   714181    5.95%
   1945  1034     9147.4451   108     8947.0000     9479.1007   721243    5.95%
   1956  1043     9083.1104    75     8947.0000     9479.1007   736580    5.95%
   1964  1047     9082.7697    85     8947.0000     9479.1007   747541    5.95%
   2038  1097     9301.3912   168     8947.0000     9479.1007   784814    5.95%
Elapsed time = 2223.33 sec. (343285.10 ticks, tree = 351.74 MB, solutions = 5)
   2303  1352        cutoff           8947.0000     9479.1007   801938    5.95%
   2305  1354     9274.9079   118     8947.0000     9479.1007   804092    5.95%
   2310  1359     9036.1791   160     8947.0000     9479.1007   807987    5.95%
   2318  1367     8951.8737   106     8947.0000     9479.1007   812855    5.95%
   2323  1372     9020.7771    98     8947.0000     9479.1007   824719    5.95%
   2331  1376     9056.5475    60     8947.0000     9479.1007   826442    5.95%
   2355  1392     8960.5783    28     8947.0000     9479.1007   840555    5.95%
   2382  1408     8976.7809   140     8947.0000     9479.1007   862398    5.95%
   2387  1412     9353.6501   313     8947.0000     9479.1007   867412    5.95%
   2430  1449     9031.6417     8     8947.0000     9479.1007   894919    5.95%
Elapsed time = 2530.59 sec. (374384.71 ticks, tree = 557.35 MB, solutions = 5)
   2854  1865     9114.5545   164     8947.0000     9372.3483   917775    4.75%
   2862  1870     9085.1135   240     8947.0000     9372.3483   924049    4.75%
   2866  1872     9031.6417     8     8947.0000     9372.3483   927343    4.75%
   2882  1883     9031.6417     8     8947.0000     9372.3483   938482    4.75%
*  2883+ 1877                         8950.0000     9372.3483             4.72%
   2898  1889     9031.6417     8     8950.0000     9372.3483   953379    4.72%
   2967  1936     9066.2293   394     8950.0000     9372.3483  1002462    4.72%
   2992  1949     9238.3755   206     8950.0000     9372.3483  1019208    4.72%
   3051   892     9061.4231   437     8950.0000     9364.7245  1035364    4.63%
   3052   893     9100.1956   194     8950.0000     9364.7245  1042820    4.63%
   3060   901     9072.1718   133     8950.0000     9364.7245  1057727    4.63%
Elapsed time = 3062.92 sec. (433780.35 ticks, tree = 100.73 MB, solutions = 6)
   3068   907     8985.7842   139     8950.0000     9364.7245  1069343    4.63%
   3076   913     9016.5617   111     8950.0000     9364.7245  1078537    4.63%
   3092   927     8967.1884   133     8950.0000     9364.7245  1090027    4.63%
   3095   929     9031.6417     8     8950.0000     9364.7245  1093203    4.63%
   3111   933     9031.6417     8     8950.0000     9364.7245  1102392    4.63%
   3126   946     9108.8203   191     8950.0000     9364.7245  1122257    4.63%
   3134   954     9080.6171   106     8950.0000     9364.7245  1134833    4.63%
   3142   962     9031.6417    10     8950.0000     9364.7245  1145402    4.63%
   3230  1025     8970.7473   228     8950.0000     9348.8440  1195454    4.46%
   3240  1031     9081.0382   138     8950.0000     9348.8440  1202862    4.46%
Elapsed time = 3407.50 sec. (468490.07 ticks, tree = 161.68 MB, solutions = 6)
   3256  1040     9042.4215    90     8950.0000     9348.8440  1211539    4.46%
   3258  1042     9031.6417     8     8950.0000     9348.8440  1214286    4.46%
   3263  1045     9231.8168    97     8950.0000     9348.8440  1236435    4.46%
   3271  1050     9206.2410    83     8950.0000     9348.8440  1248290    4.46%
   3290  1063     9031.6417     8     8950.0000     9348.8440  1263259    4.46%
   3306  1073     9031.6417    10     8950.0000     9348.8440  1282905    4.46%
   3322  1089     9031.6417     8     8950.0000     9348.8440  1295526    4.46%
   3428  1165     9058.4484   135     8950.0000     9092.8570  1389248    1.60%
   3429  1165     9054.2765   173     8950.0000     9092.8570  1390476    1.60%
   3431  1166     9052.8598   171     8950.0000     9053.9785  1391167    1.16%
Elapsed time = 4036.71 sec. (584601.22 ticks, tree = 565.59 MB, solutions = 6)
   3433  1164     9032.7525   163     8950.0000     9053.9785  1395085    1.16%
   3437  1163     8994.4606    55     8950.0000     9052.6107  1454560    1.15%
   3439  1162     8985.9380    48     8950.0000     9052.6107  1491641    1.15%
   3444  1162     9032.5187   120     8950.0000     9052.6107  1511407    1.15%
   3446  1162     9032.3900    75     8950.0000     9052.6107  1515787    1.15%
   3449  1161     8983.0943    22     8950.0000     9052.6107  1517668    1.15%
   3455  1159     8983.0757    26     8950.0000     9052.6107  1518018    1.15%
   3485  1173     9032.2807    82     8950.0000     9052.6107  1518509    1.15%
   3489  1172     9032.2465    46     8950.0000     9052.6107  1518585    1.15%
   3497  1176     9032.2151    66     8950.0000     9052.6107  1520986    1.15%
Elapsed time = 4247.49 sec. (654669.38 ticks, tree = 563.20 MB, solutions = 6)
   3509  1180     9032.1435    33     8950.0000     9052.6107  1524452    1.15%
   3519  1184     8982.8833    12     8950.0000     9052.6107  1527471    1.15%
   3528  1190     8982.8667    10     8950.0000     9052.6107  1529625    1.15%
   3532  1194     8982.8667    10     8950.0000     9052.6107  1531776    1.15%
   3540  1198     9031.7417    10     8950.0000     9052.6107  1539337    1.15%
   3555  1206     8982.7333     6     8950.0000     9052.6107  1546206    1.15%
   3569  1215     8982.7333    10     8950.0000     9052.6107  1554165    1.15%
   3573  1219     8982.7000    12     8950.0000     9052.6107  1556407    1.15%
   3577  1220     8982.6000    14     8950.0000     9052.6107  1561632    1.15%
   3585  1224     9031.6083     6     8950.0000     9052.6107  1564939    1.15%
Elapsed time = 4474.27 sec. (707363.51 ticks, tree = 569.80 MB, solutions = 6)
   3589  1225     9031.5667     8     8950.0000     9052.6107  1566360    1.15%
   3603  1233     9031.5250    10     8950.0000     9052.6107  1571877    1.15%
   3618  1241     9031.4750    12     8950.0000     9052.6107  1575502    1.15%
*  3627+  885                         8982.4000     9052.6107             0.78%
   3632   889     9031.3917    12     8982.4000     9052.6107  1578705    0.78%

Implied bound cuts applied:  204
Flow cuts applied:  15832
Mixed integer rounding cuts applied:  9697
Flow path cuts applied:  429
Lift and project cuts applied:  2
Gomory fractional cuts applied:  147

Root node processing (before b&c):
  Real time             =  299.94 sec. (101001.92 ticks)
Parallel b&c, 8 threads:
  Real time             = 4220.51 sec. (635510.02 ticks)
  Sync time (average)   =  724.32 sec.
  Wait time (average)   =  725.30 sec.
                          ------------
Total (root+branch&cut) = 4520.45 sec. (736511.94 ticks)

<<< solve


OBJECTIVE: 8982.4
avg_utility = 0.551203

<<< post process


<<< done

