
<<< setup


<<< generate

Tried aggregator 4 times.
MIP Presolve eliminated 111962 rows and 103871 columns.
MIP Presolve modified 1041 coefficients.
Aggregator did 20147 substitutions.
Reduced MIP has 22887 rows, 61023 columns, and 173885 nonzeros.
Reduced MIP has 10309 binaries, 930 generals, 0 SOSs, and 0 indicators.
Presolve time = 1,09 sec. (875,60 ticks)
Found incumbent of value 0,400000 after 1,20 sec. (962,22 ticks)
Probing time = 0,01 sec. (5,47 ticks)
Tried aggregator 1 time.
Presolve time = 0,08 sec. (60,22 ticks)
Probing time = 0,07 sec. (5,47 ticks)
Clique table members: 366.
MIP emphasis: balance optimality and feasibility.
MIP search method: dynamic search.
Parallel mode: deterministic, using up to 24 threads.
Root relaxation solution time = 0,29 sec. (200,53 ticks)

        Nodes                                         Cuts/
   Node  Left     Objective  IInf  Best Integer    Best Bound    ItCnt     Gap

*     0+    0                            0,4000     3582,0000     6172     --- 
*     0+    0                            2,6000     3582,0000     6172     --- 
      0     0     1194,0000   471        2,6000     1194,0000     6172     --- 
*     0+    0                          691,0000     1194,0000     7856   72,79%
      0     0     1194,0000   390      691,0000    Cuts: 1273     7856   72,79%
      0     0     1194,0000   321      691,0000    Cuts: 1320     9914   72,79%
      0     0     1194,0000   290      691,0000    Cuts: 1205    12635   72,79%
*     0+    0                          770,0000     1194,0000    12635   55,06%
*     0+    0                          971,0000     1194,0000    12635   22,97%
      0     0     1194,0000   270      971,0000     Cuts: 985    15475   22,97%
      0     0     1194,0000   250      971,0000     Cuts: 884    19260   22,97%
      0     0     1194,0000   230      971,0000     Cuts: 818    21748   22,97%
      0     0     1194,0000   250      971,0000     Cuts: 706    26441   22,97%
      0     0     1194,0000   228      971,0000    Cuts: 1110    30438   22,97%
      0     0     1194,0000   223      971,0000     Cuts: 820    34051   22,97%
*     0+    0                         1136,0000     1194,0000    34051    5,11%
      0     2     1194,0000   223     1136,0000     1194,0000    34051    5,11%
Elapsed time = 65,15 sec. (53873,87 ticks, tree = 0,01 MB, solutions = 6)
      3     5     1194,0000   206     1136,0000     1194,0000    34307    5,11%
      6     8     1194,0000   218     1136,0000     1194,0000    36566    5,11%
     10    12     1194,0000   227     1136,0000     1194,0000    38696    5,11%
     12    14     1194,0000   242     1136,0000     1194,0000    42260    5,11%
     18    20     1194,0000   224     1136,0000     1194,0000    45434    5,11%
     19    21     1194,0000   259     1136,0000     1194,0000    50675    5,11%
     20    22     1194,0000   254     1136,0000     1194,0000    57529    5,11%
     24    26     1194,0000   250     1136,0000     1194,0000    74986    5,11%
     27    29     1194,0000   202     1136,0000     1194,0000   100915    5,11%
*    35+   35                         1172,0000     1194,0000   195022    1,88%
*    36+   36                         1174,0000     1194,0000   206666    1,70%
     36    38     1194,0000   228     1174,0000     1194,0000   206666    1,70%
Elapsed time = 78,50 sec. (63247,96 ticks, tree = 0,01 MB, solutions = 8)
     37    39     1194,0000   267     1174,0000     1194,0000   218004    1,70%
     43    45     1194,0000   202     1174,0000     1194,0000   285743    1,70%
     47    49     1194,0000   228     1174,0000     1194,0000   314196    1,70%
*    60+   60                         1183,0000     1194,0000   370574    0,93%
*    60+   59                         1188,0000     1194,0000   375474    0,51%
*    60+   58                         1194,0000     1194,0000   380621    0,00%
     60    56     1194,0000   203     1194,0000     1194,0000   407816    0,00%
     80    76     1194,0000   216     1194,0000     1194,0000   475649    0,00%

Implied bound cuts applied:  57
Flow cuts applied:  2323
Mixed integer rounding cuts applied:  1216
Flow path cuts applied:  109
Gomory fractional cuts applied:  152

Root node processing (before b&c):
  Real time             =   63,37 sec. (52772,03 ticks)
Parallel b&c, 24 threads:
  Real time             =   43,88 sec. (28016,14 ticks)
  Sync time (average)   =    0,02 sec.
  Wait time (average)   =    0,00 sec.
                          ------------
Total (root+branch&cut) =  107,25 sec. (80788,17 ticks)

<<< solve


OBJECTIVE: 1194
avg_utility = 1

<<< post process


<<< done

