
<<< setup


<<< generate

Presolve has eliminated 77669 rows and 103219 columns...
Tried aggregator 5 times.
MIP Presolve eliminated 213114 rows and 244089 columns.
MIP Presolve modified 5553 coefficients.
Aggregator did 38000 substitutions.
Reduced MIP has 23922 rows, 42940 columns, and 107240 nonzeros.
Reduced MIP has 9790 binaries, 0 generals, 0 SOSs, and 0 indicators.
Presolve time = 4,68 sec. (13258,36 ticks)
Found incumbent of value 0,000000 after 4,96 sec. (13520,47 ticks)
Probing time = 0,02 sec. (6,77 ticks)
Tried aggregator 4 times.
MIP Presolve eliminated 5225 rows and 6450 columns.
MIP Presolve modified 4450 coefficients.
Aggregator did 8900 substitutions.
Reduced MIP has 9797 rows, 27590 columns, and 67640 nonzeros.
Reduced MIP has 9790 binaries, 0 generals, 0 SOSs, and 0 indicators.
Presolve time = 0,39 sec. (405,00 ticks)
Probing time = 0,04 sec. (7,55 ticks)
Clique table members: 890.
MIP emphasis: balance optimality and feasibility.
MIP search method: dynamic search.
Parallel mode: deterministic, using up to 24 threads.
Root relaxation solution time = 0,28 sec. (326,35 ticks)

        Nodes                                         Cuts/
   Node  Left     Objective  IInf  Best Integer    Best Bound    ItCnt     Gap

*     0+    0                            0,0000     5696,0000       14     --- 
      0     0     1121,3750    80        0,0000     1121,3750       14     --- 
      0     0     1121,3750    46        0,0000     Cuts: 134      182     --- 
      0     0     1121,3750    24        0,0000      Cuts: 72      311     --- 
      0     0     1121,3750    20        0,0000      Cuts: 24      414     --- 
*     0+    0                         1120,1000     1121,3750      414    0,11%
*     0+    0                         1121,3000     1121,3750      414    0,01%
*     0     0      integral     0     1121,3000     1121,3750      414    0,01%
Elapsed time = 7,49 sec. (16974,43 ticks, tree = 0,00 MB, solutions = 3)

Implied bound cuts applied:  127
Flow cuts applied:  3
Gomory fractional cuts applied:  81

Root node processing (before b&c):
  Real time             =    1,88 sec. (1950,20 ticks)
Parallel b&c, 24 threads:
  Real time             =    0,00 sec. (0,00 ticks)
  Sync time (average)   =    0,00 sec.
  Wait time (average)   =    0,00 sec.
                          ------------
Total (root+branch&cut) =    1,88 sec. (1950,20 ticks)

<<< solve


OBJECTIVE: 1121.3

<<< post process


<<< done

