
<<< setup


<<< generate

Found incumbent of value 0,000000 after 0,01 sec. (8,58 ticks)
Tried aggregator 8 times.
MIP Presolve eliminated 369006 rows and 161153 columns.
Aggregator did 14146 substitutions.
Reduced MIP has 1287 rows, 6430 columns, and 12860 nonzeros.
Reduced MIP has 0 binaries, 0 generals, 0 SOSs, and 0 indicators.
Presolve time = 0,83 sec. (974,28 ticks)
Tried aggregator 1 time.
MIP Presolve eliminated 1253 rows and 6265 columns.
Reduced MIP has 34 rows, 165 columns, and 330 nonzeros.
Reduced MIP has 0 binaries, 0 generals, 0 SOSs, and 0 indicators.
Presolve time = 0,02 sec. (12,38 ticks)
Tried aggregator 1 time.
Reduced MIP has 34 rows, 165 columns, and 330 nonzeros.
Reduced MIP has 0 binaries, 0 generals, 0 SOSs, and 0 indicators.
Presolve time = 0,00 sec. (4,59 ticks)
MIP emphasis: balance optimality and feasibility.
MIP search method: dynamic search.
Parallel mode: deterministic, using up to 24 threads.
Root relaxation solution time = 0,00 sec. (0,37 ticks)

        Nodes                                         Cuts/
   Node  Left     Objective  IInf  Best Integer    Best Bound    ItCnt     Gap

*     0+    0                            0,0000     7278,4000              --- 
*     0     0      integral     0      326,6667      326,6667       97    0,00%
Elapsed time = 0,87 sec. (1011,87 ticks, tree = 0,00 MB, solutions = 2)

Root node processing (before b&c):
  Real time             =    0,88 sec. (1018,65 ticks)
Parallel b&c, 24 threads:
  Real time             =    0,00 sec. (0,00 ticks)
  Sync time (average)   =    0,00 sec.
  Wait time (average)   =    0,00 sec.
                          ------------
Total (root+branch&cut) =    0,88 sec. (1018,65 ticks)

<<< solve


OBJECTIVE: 326.6667
avg_utility = 0.10002

<<< post process


<<< done

