
<<< setup


<<< generate

Found incumbent of value 0.000000 after 0.11 sec. (38.08 ticks)
Aggregator has done 284603 substitutions...
Tried aggregator 10 times.
MIP Presolve eliminated 152332 rows and 940943 columns.
MIP Presolve modified 18 coefficients.
Aggregator did 300674 substitutions.
Reduced MIP has 4562 rows, 27264 columns, and 94769 nonzeros.
Reduced MIP has 15192 binaries, 12072 generals, 0 SOSs, and 0 indicators.
Presolve time = 47.82 sec. (11843.08 ticks)
Tried aggregator 1 time.
Reduced MIP has 4562 rows, 27264 columns, and 94769 nonzeros.
Reduced MIP has 15192 binaries, 12072 generals, 0 SOSs, and 0 indicators.
Presolve time = 0.11 sec. (53.10 ticks)
Probing time = 0.04 sec. (10.57 ticks)
Clique table members: 2532.
MIP emphasis: balance optimality and feasibility.
MIP search method: dynamic search.
Parallel mode: deterministic, using up to 8 threads.
Root relaxation solution time = 0.35 sec. (197.47 ticks)

        Nodes                                         Cuts/
   Node  Left     Objective  IInf  Best Integer    Best Bound    ItCnt     Gap

*     0+    0                         2230.0000    87840.7867              --- 
*     0+    0                         4576.5062    87840.7867              --- 
      0     0    10620.1865    22     4576.5062    10620.1865     2488  132.06%
*     0+    0                        10619.2431    10620.1865             0.01%

Root node processing (before b&c):
  Real time             =   49.04 sec. (12351.27 ticks)
Parallel b&c, 8 threads:
  Real time             =    0.00 sec. (0.00 ticks)
  Sync time (average)   =    0.00 sec.
  Wait time (average)   =    0.00 sec.
                          ------------
Total (root+branch&cut) =   49.04 sec. (12351.27 ticks)

<<< solve


OBJECTIVE: 10619.24
avg_utility = 0.443577

<<< post process


<<< done

