
<<< setup


<<< generate

Presolve has eliminated 77669 rows and 103219 columns...
Tried aggregator 5 times.
MIP Presolve eliminated 213114 rows and 244089 columns.
MIP Presolve modified 15553 coefficients.
Aggregator did 38000 substitutions.
Reduced MIP has 23922 rows, 42940 columns, and 107240 nonzeros.
Reduced MIP has 9790 binaries, 0 generals, 0 SOSs, and 0 indicators.
Presolve time = 4,78 sec. (13260,17 ticks)
Found incumbent of value 0,000000 after 5,06 sec. (13522,26 ticks)
Probing time = 0,02 sec. (6,77 ticks)
Tried aggregator 4 times.
MIP Presolve eliminated 5225 rows and 6450 columns.
MIP Presolve modified 4450 coefficients.
Aggregator did 8900 substitutions.
Reduced MIP has 9797 rows, 27590 columns, and 67640 nonzeros.
Reduced MIP has 9790 binaries, 0 generals, 0 SOSs, and 0 indicators.
Presolve time = 0,39 sec. (405,00 ticks)
Probing time = 0,02 sec. (7,55 ticks)
Clique table members: 890.
MIP emphasis: balance optimality and feasibility.
MIP search method: dynamic search.
Parallel mode: deterministic, using up to 24 threads.
Root relaxation solution time = 0,25 sec. (329,82 ticks)

        Nodes                                         Cuts/
   Node  Left     Objective  IInf  Best Integer    Best Bound    ItCnt     Gap

*     0+    0                            0,0000     5696,0000       16     --- 
      0     0     1121,3750    72        0,0000     1121,3750       16     --- 
      0     0     1121,3750    44        0,0000     Cuts: 115      175     --- 
      0     0     1121,3750    23        0,0000      Cuts: 76      324     --- 
      0     0     1121,3750    23        0,0000      Cuts: 20      472     --- 
*     0+    0                            6,4000     1121,3750      472     --- 
*     0+    0                         1121,2000     1121,3750      472    0,02%
      0     0     1121,3750    23     1121,2000      Cuts: 20      576    0,02%
      0     2     1121,3750    23     1121,2000     1121,3750      576    0,02%
Elapsed time = 10,76 sec. (21243,49 ticks, tree = 0,01 MB, solutions = 3)
      5     5     1121,3750    71     1121,2000     1121,3750     2545    0,02%
     15     9        cutoff           1121,2000     1121,3750     5908    0,02%
     26    16     1121,3750    24     1121,2000     1121,3750     8307    0,02%
     42    22     1121,3750    64     1121,2000     1121,3750    13038    0,02%
     55    29     1121,3750    70     1121,2000     1121,3750    16845    0,02%
     69    33        cutoff           1121,2000     1121,3750    22354    0,02%
     98    50     1121,3750    53     1121,2000     1121,3750    35283    0,02%
    279   213     1121,3750    44     1121,2000     1121,3750    59247    0,02%
    639   555     1121,3750    53     1121,2000     1121,3750    77567    0,02%
   2352  2260     1121,3750    25     1121,2000     1121,3750   100511    0,02%
Elapsed time = 24,92 sec. (26589,85 ticks, tree = 5,91 MB, solutions = 3)
   3910  3818     1121,3750    28     1121,2000     1121,3750   110950    0,02%
   5205  5113     1121,3750    44     1121,2000     1121,3750   125991    0,02%
*  7335+ 7240                         1121,3000     1121,3750   156109    0,01%
   7335  7237     1121,3750    44     1121,3000     1121,3750   156275    0,01%
*  7343+ 7236                         1121,3000     1121,3750   157374    0,01%

Cover cuts applied:  1
Implied bound cuts applied:  857
Flow cuts applied:  1
Mixed integer rounding cuts applied:  1
Gomory fractional cuts applied:  80

Root node processing (before b&c):
  Real time             =    4,82 sec. (6148,39 ticks)
Parallel b&c, 24 threads:
  Real time             =   31,37 sec. (9391,14 ticks)
  Sync time (average)   =    0,08 sec.
  Wait time (average)   =    0,01 sec.
                          ------------
Total (root+branch&cut) =   36,20 sec. (15539,52 ticks)

<<< solve


OBJECTIVE: 1121.3

<<< post process


<<< done

