
<<< setup


<<< generate

Found incumbent of value 0.000000 after 0.01 sec. (6.21 ticks)
Tried aggregator 6 times.
MIP Presolve eliminated 76699 rows and 81141 columns.
MIP Presolve modified 23554 coefficients.
Aggregator did 35625 substitutions.
Reduced MIP has 30658 rows, 61915 columns, and 169098 nonzeros.
Reduced MIP has 5825 binaries, 3870 generals, 0 SOSs, and 0 indicators.
Presolve time = 3.46 sec. (2044.81 ticks)
Probing time = 0.06 sec. (3.10 ticks)
Tried aggregator 1 time.
Reduced MIP has 30658 rows, 61915 columns, and 169098 nonzeros.
Reduced MIP has 5825 binaries, 3870 generals, 0 SOSs, and 0 indicators.
Presolve time = 0.25 sec. (84.05 ticks)
Probing time = 0.03 sec. (3.27 ticks)
Clique table members: 719.
MIP emphasis: balance optimality and feasibility.
MIP search method: dynamic search.
Parallel mode: deterministic, using up to 8 threads.
Root relaxation solution time = 0.47 sec. (219.87 ticks)

        Nodes                                         Cuts/
   Node  Left     Objective  IInf  Best Integer    Best Bound    ItCnt     Gap

*     0+    0                            0.0000    19212.0000              --- 
      0     0     6309.1838  1419        0.0000     6309.1838     4905     --- 
*     0+    0                         3544.8000     6309.1838            77.98%
      0     0     5752.7135  2247     3544.8000    Cuts: 3666    11597   62.29%
      0     0     5380.9627  3010     3544.8000    Cuts: 3740    17232   51.80%
      0     0     5100.0299  3382     3544.8000    Cuts: 3618    24329   43.87%
*     0+    0                         3717.0000     5100.0299            37.21%
      0     0     4890.2263  3545     3717.0000    Cuts: 3474    31612   31.56%
      0     0     4779.3009  2982     3717.0000    Cuts: 3488    38502   28.58%
      0     0     4697.6129  3490     3717.0000    Cuts: 3386    44474   26.38%
      0     0     4608.5273  3252     3717.0000    Cuts: 3639    52991   23.99%
      0     0     4551.3898  2906     3717.0000    Cuts: 2830    56989   22.45%
      0     0     4521.0262  2519     3717.0000    Cuts: 2048    59737   21.63%
      0     0     4488.9487  1909     3717.0000    Cuts: 1478    61992   20.77%
      0     0     4470.8398  1000     3717.0000     Cuts: 815    63866   20.28%
      0     0     4465.3908   625     3717.0000     Cuts: 464    65573   20.13%
      0     0     4461.6883   308     3717.0000     Cuts: 169    66089   20.03%
      0     0     4461.3603   184     3717.0000      Cuts: 71    66117   20.03%
      0     0     4461.2933   185     3717.0000      Cuts: 46    66158   20.02%
      0     0     4461.2430   224     3717.0000      Cuts: 22    66197   20.02%
Heuristic still looking.
*     0+    0                         3720.6000     4461.2430            19.91%
      0     2     4461.2430   224     3720.6000     4461.2430    66197   19.91%
Elapsed time = 157.82 sec. (59822.94 ticks, tree = 0.00 MB, solutions = 4)
      1     3     4414.7113   265     3720.6000     4461.2430    70969   19.91%
      2     4     4438.8478   236     3720.6000     4461.2430    71055   19.91%
      3     5     4398.2148   206     3720.6000     4437.8526    71902   19.28%
      4     6     4409.1830   207     3720.6000     4437.8526    73438   19.28%
      5     7     4253.1321   671     3720.6000     4437.8526    77713   19.28%
      8    10     4134.0405  1013     3720.6000     4437.8526    80765   19.28%
      9    11     4391.7299   163     3720.6000     4437.8526    81184   19.28%
     10    12     4363.6916   218     3720.6000     4437.8526    81907   19.28%
     12    14     4120.3470   965     3720.6000     4437.8526    83927   19.28%
     13    15     3981.9067   964     3720.6000     4437.8526    87023   19.28%
Elapsed time = 214.50 sec. (78433.80 ticks, tree = 0.00 MB, solutions = 4)
     17    19     4383.4724   152     3720.6000     4437.8526    89138   19.28%
     19    21     4200.6729   454     3720.6000     4437.8526    91558   19.28%
     22    24     3986.3021   782     3720.6000     4437.8526    96264   19.28%
     31    33     4052.4856   555     3720.6000     4437.8526   106426   19.28%
     35    37     4295.1262   151     3720.6000     4437.8526   108878   19.28%
     42    44     4266.2724   262     3720.6000     4437.8526   113255   19.28%
     87    81     4141.4288    64     3720.6000     4437.8526   152175   19.28%
     96    89     4119.3450    89     3720.6000     4437.8526   158956   19.28%
    104    96     4107.4634    76     3720.6000     4437.8526   161758   19.28%
    112   101     4070.4417    53     3720.6000     4437.8526   165846   19.28%
Elapsed time = 379.28 sec. (99115.55 ticks, tree = 0.00 MB, solutions = 4)
    120   107     4051.9600    49     3720.6000     4437.8526   170832   19.28%
    157   144     4046.9482    46     3720.6000     4437.8526   187716   19.28%
    161   148     4149.7154    73     3720.6000     4437.8526   189282   19.28%
    261   248     3737.5350    10     3720.6000     4437.8526   209370   19.28%
    463   450     4107.5883    62     3720.6000     4437.8526   211559   19.28%
    471   458     4130.8358    79     3720.6000     4437.8526   213039   19.28%
    503   490     4030.7274    44     3720.6000     4437.8526   216360   19.28%
    519   506     4023.8858    37     3720.6000     4437.8526   217293   19.28%
    535   522     3980.8450    16     3720.6000     4437.8526   218275   19.28%
    743   730     3980.8450    14     3720.6000     4437.8526   221536   19.28%
Elapsed time = 568.44 sec. (121745.33 ticks, tree = 6.15 MB, solutions = 4)
*   999+  984                         3721.6000     4437.8526            19.25%
*   999+  984                         3722.0000     4437.8526            19.23%
    999   986     3849.9550    10     3722.0000     4437.8526   224117   19.23%
   2029  2016     4014.3012    10     3722.0000     4437.8526   237904   19.23%
   2189  2176     4014.3050    10     3722.0000     4437.8526   240070   19.23%
   2383  2370     3976.5250     6     3722.0000     4437.8526   241774   19.23%
   2448  2435     3780.0833     6     3722.0000     4437.8526   244646   19.23%
   2512  2499     3780.0754     8     3722.0000     4437.8526   245815   19.23%
   3270  3257     4056.2700     4     3722.0000     4437.8526   260381   19.23%
   3345  3332     3737.4750    10     3722.0000     4437.8526   263807   19.23%
   3417  3404     3737.4750     8     3722.0000     4437.8526   266759   19.23%
   3481  3468     3737.4750    14     3722.0000     4437.8526   268603   19.23%
Elapsed time = 678.80 sec. (143955.54 ticks, tree = 70.53 MB, solutions = 6)
   3564  3551     3849.9450    14     3722.0000     4437.8526   271063   19.23%
   3819  3806     4056.2567    10     3722.0000     4437.8526   278516   19.23%
   4209  4196     3980.8200    16     3722.0000     4437.8526   288535   19.23%
*  4250+ 2824                         3938.6000     4173.6429             5.97%
*  4250+ 1882                         3967.6000     4173.6429             5.19%
*  4250+ 1254                         3995.2000     4173.6429             4.47%
*  4250+  836                         3997.6000     4173.6429             4.40%
*  4250+  557                         4046.2000     4077.9345             0.78%

Implied bound cuts applied:  81
Flow cuts applied:  10264
Mixed integer rounding cuts applied:  7845
Flow path cuts applied:  177
Gomory fractional cuts applied:  219

Root node processing (before b&c):
  Real time             =  157.46 sec. (59748.64 ticks)
Parallel b&c, 8 threads:
  Real time             =  668.88 sec. (137545.12 ticks)
  Sync time (average)   =  102.43 sec.
  Wait time (average)   =  102.64 sec.
                          ------------
Total (root+branch&cut) =  826.34 sec. (197293.76 ticks)

<<< solve


OBJECTIVE: 4046.2
avg_utility = 0.631824

<<< post process


<<< done

