
<<< setup


<<< generate

Found incumbent of value 0.000000 after 0.02 sec. (7.03 ticks)
Tried aggregator 2 times.
MIP Presolve eliminated 236916 rows and 137529 columns.
MIP Presolve modified 6202 coefficients.
Aggregator did 6187 substitutions.
Reduced MIP has 16503 rows, 25773 columns, and 67011 nonzeros.
Reduced MIP has 5155 binaries, 0 generals, 0 SOSs, and 0 indicators.
Presolve time = 0.49 sec. (223.39 ticks)
Probing time = 0.01 sec. (1.39 ticks)
Tried aggregator 1 time.
Reduced MIP has 16503 rows, 25773 columns, and 67011 nonzeros.
Reduced MIP has 5155 binaries, 0 generals, 0 SOSs, and 0 indicators.
Presolve time = 0.09 sec. (37.15 ticks)
Probing time = 0.03 sec. (1.38 ticks)
MIP emphasis: balance optimality and feasibility.
MIP search method: dynamic search.
Parallel mode: deterministic, using up to 8 threads.
Root relaxation solution time = 0.13 sec. (73.12 ticks)

        Nodes                                         Cuts/
   Node  Left     Objective  IInf  Best Integer    Best Bound    ItCnt     Gap

*     0+    0                            0.0000    10510.1693              --- 
      0     0     2450.0000  1001        0.0000     2450.0000     2062     --- 
*     0+    0                         1994.3157     2450.0000            22.85%
      0     0     2392.0345   845     1994.3157    Cuts: 2202     4595   19.94%
      0     0     2337.7372   783     1994.3157    Cuts: 1890     7495   17.22%
      0     0     2284.6229   680     1994.3157    Cuts: 1564    10636   14.56%
*     0+    0                         2125.3004     2284.6229             7.50%
      0     0     2246.6111   601     2125.3004    Cuts: 1353    12477    5.71%
      0     0     2199.8526   133     2125.3004    Cuts: 1196    15800    3.51%
*     0+    0                         2148.0891     2199.8526             2.41%
      0     0     2188.3196   133     2148.0891     Cuts: 261    16309    1.87%
*     0+    0                         2168.2631     2188.3196             0.93%

Implied bound cuts applied:  1
Flow cuts applied:  6101
Mixed integer rounding cuts applied:  1963
Gomory fractional cuts applied:  400

Root node processing (before b&c):
  Real time             =    9.33 sec. (6277.58 ticks)
Parallel b&c, 8 threads:
  Real time             =    0.00 sec. (0.00 ticks)
  Sync time (average)   =    0.00 sec.
  Wait time (average)   =    0.00 sec.
                          ------------
Total (root+branch&cut) =    9.33 sec. (6277.58 ticks)

<<< solve


OBJECTIVE: 2168.263
avg_utility = 0.885005

<<< post process


<<< done

