
<<< setup


<<< generate

Found incumbent of value 0.000000 after 0.02 sec. (7.99 ticks)
Tried aggregator 6 times.
MIP Presolve eliminated 345177 rows and 150017 columns.
MIP Presolve modified 1038 coefficients.
Aggregator did 10351 substitutions.
Reduced MIP has 4142 rows, 9313 columns, and 20696 nonzeros.
Reduced MIP has 1035 binaries, 0 generals, 0 SOSs, and 0 indicators.
Presolve time = 1.09 sec. (675.44 ticks)
Probing time = 0.01 sec. (0.41 ticks)
Tried aggregator 1 time.
Reduced MIP has 4142 rows, 9313 columns, and 20696 nonzeros.
Reduced MIP has 1035 binaries, 0 generals, 0 SOSs, and 0 indicators.
Presolve time = 0.04 sec. (15.21 ticks)
Probing time = 0.01 sec. (0.41 ticks)
MIP emphasis: balance optimality and feasibility.
MIP search method: dynamic search.
Parallel mode: deterministic, using up to 8 threads.
Root relaxation solution time = 0.15 sec. (118.21 ticks)

        Nodes                                         Cuts/
   Node  Left     Objective  IInf  Best Integer    Best Bound    ItCnt     Gap

*     0+    0                            0.0000    10467.6109              --- 
*     0+    0                         1194.2753    10467.6109           776.48%
      0     0     2450.0000   934     1194.2753     2450.0000     3788  105.15%
*     0+    0                         2097.8722     2450.0000            16.79%
*     0+    0                         2100.8553     2450.0000            16.62%
      0     0     2309.8108   256     2100.8553    Cuts: 1135     5815    9.95%
*     0+    0                         2128.9817     2309.8108             8.49%
*     0     0      integral     0     2128.9817     2128.9817     7406    0.00%
Elapsed time = 2.25 sec. (1577.75 ticks, tree = 0.00 MB, solutions = 5)

Implied bound cuts applied:  10
Flow cuts applied:  868
Mixed integer rounding cuts applied:  682
Gomory fractional cuts applied:  295

Root node processing (before b&c):
  Real time             =    2.28 sec. (1587.48 ticks)
Parallel b&c, 8 threads:
  Real time             =    0.00 sec. (0.00 ticks)
  Sync time (average)   =    0.00 sec.
  Wait time (average)   =    0.00 sec.
                          ------------
Total (root+branch&cut) =    2.28 sec. (1587.48 ticks)

<<< solve


OBJECTIVE: 2128.982
avg_utility = 0.868972

<<< post process


<<< done

