
<<< setup


<<< generate

Found incumbent of value 0,000000 after 0,06 sec. (64,07 ticks)
Tried aggregator 3 times.
MIP Presolve eliminated 3401761 rows and 1209084 columns.
Aggregator did 2930 substitutions.
Reduced MIP has 881 rows, 2051 columns, and 4688 nonzeros.
Reduced MIP has 0 binaries, 0 generals, 0 SOSs, and 0 indicators.
Presolve time = 1,06 sec. (1909,18 ticks)
Tried aggregator 2 times.
MIP Presolve eliminated 851 rows and 1979 columns.
Aggregator did 5 substitutions.
Reduced MIP has 25 rows, 67 columns, and 141 nonzeros.
Reduced MIP has 0 binaries, 0 generals, 0 SOSs, and 0 indicators.
Presolve time = 0,03 sec. (44,34 ticks)
Tried aggregator 1 time.
Reduced MIP has 25 rows, 67 columns, and 141 nonzeros.
Reduced MIP has 0 binaries, 0 generals, 0 SOSs, and 0 indicators.
Presolve time = 0,03 sec. (41,70 ticks)
MIP emphasis: balance optimality and feasibility.
MIP search method: dynamic search.
Parallel mode: deterministic, using up to 8 threads.
Root relaxation solution time = 0,00 sec. (0,04 ticks)

        Nodes                                         Cuts/
   Node  Left     Objective  IInf  Best Integer    Best Bound    ItCnt     Gap

*     0+    0                            0,0000     1563,9002              --- 
*     0     0      integral     0      346,1474      346,1474       16    0,00%
Elapsed time = 1,20 sec. (2120,62 ticks, tree = 0,00 MB, solutions = 1)

Root node processing (before b&c):
  Real time             =    1,25 sec. (2162,35 ticks)
Parallel b&c, 8 threads:
  Real time             =    0,00 sec. (0,00 ticks)
  Sync time (average)   =    0,00 sec.
  Wait time (average)   =    0,00 sec.
                          ------------
Total (root+branch&cut) =    1,25 sec. (2162,35 ticks)

<<< solve


OBJECTIVE: 346.1474
avg_utility = 0.848401

<<< post process


<<< done

