
<<< setup


<<< generate

Found incumbent of value 0.000000 after 0.02 sec. (7.30 ticks)
Tried aggregator 4 times.
MIP Presolve eliminated 343567 rows and 138415 columns.
Aggregator did 5940 substitutions.
Reduced MIP has 1784 rows, 4158 columns, and 9504 nonzeros.
Reduced MIP has 0 binaries, 0 generals, 0 SOSs, and 0 indicators.
Presolve time = 0.59 sec. (352.84 ticks)
Tried aggregator 2 times.
MIP Presolve eliminated 1739 rows and 4043 columns.
Aggregator did 11 substitutions.
Reduced MIP has 34 rows, 104 columns, and 211 nonzeros.
Reduced MIP has 0 binaries, 0 generals, 0 SOSs, and 0 indicators.
Presolve time = 0.03 sec. (9.88 ticks)
Tried aggregator 1 time.
Reduced MIP has 34 rows, 104 columns, and 211 nonzeros.
Reduced MIP has 0 binaries, 0 generals, 0 SOSs, and 0 indicators.
Presolve time = 0.01 sec. (4.38 ticks)
MIP emphasis: balance optimality and feasibility.
MIP search method: dynamic search.
Parallel mode: deterministic, using up to 8 threads.
Root relaxation solution time = 0.00 sec. (0.08 ticks)

        Nodes                                         Cuts/
   Node  Left     Objective  IInf  Best Integer    Best Bound    ItCnt     Gap

*     0+    0                            0.0000     4551.1053              --- 
*     0     0      integral     0      907.7782      907.7782       29    0.00%
Elapsed time = 0.66 sec. (382.71 ticks, tree = 0.00 MB, solutions = 1)

Root node processing (before b&c):
  Real time             =    0.67 sec. (387.91 ticks)
Parallel b&c, 8 threads:
  Real time             =    0.00 sec. (0.00 ticks)
  Sync time (average)   =    0.00 sec.
  Wait time (average)   =    0.00 sec.
                          ------------
Total (root+branch&cut) =    0.67 sec. (387.91 ticks)

<<< solve


OBJECTIVE: 907.7782
avg_utility = 0.741043

<<< post process


<<< done

