
<<< setup


<<< generate

Presolve has eliminated 115031 rows and 189229 columns...
Tried aggregator 2 times.
MIP Presolve eliminated 268871 rows and 317789 columns.
MIP Presolve modified 183 coefficients.
Aggregator did 5620 substitutions.
Reduced MIP has 545 rows, 1620 columns, and 3240 nonzeros.
Reduced MIP has 1032 binaries, 228 generals, 0 SOSs, and 0 indicators.
Presolve time = 4,40 sec. (11963,36 ticks)
Found incumbent of value 0,000000 after 4,51 sec. (11983,12 ticks)
Probing time = 0,00 sec. (0,70 ticks)
Tried aggregator 1 time.
Reduced MIP has 545 rows, 1620 columns, and 3240 nonzeros.
Reduced MIP has 1032 binaries, 228 generals, 0 SOSs, and 0 indicators.
Presolve time = 0,01 sec. (4,77 ticks)
Probing time = 0,00 sec. (0,70 ticks)
Clique table members: 142.
MIP emphasis: balance optimality and feasibility.
MIP search method: dynamic search.
Parallel mode: deterministic, using up to 8 threads.
Root relaxation solution time = 0,03 sec. (5,19 ticks)

        Nodes                                         Cuts/
   Node  Left     Objective  IInf  Best Integer    Best Bound    ItCnt     Gap

*     0+    0                            0,0000     2086,4000              --- 
*     0+    0                          444,8000     2086,4000           369,06%
*     0+    0                          451,0000     2086,4000           362,62%
*     0+    0                          453,6000     2086,4000           359,96%
*     0     0      integral     0      489,0000      489,0000      464    0,00%
Elapsed time = 4,63 sec. (12024,41 ticks, tree = 0,00 MB, solutions = 5)

Root node processing (before b&c):
  Real time             =    4,68 sec. (12040,66 ticks)
Parallel b&c, 8 threads:
  Real time             =    0,00 sec. (0,00 ticks)
  Sync time (average)   =    0,00 sec.
  Wait time (average)   =    0,00 sec.
                          ------------
Total (root+branch&cut) =    4,68 sec. (12040,66 ticks)

<<< solve


OBJECTIVE: 489

<<< post process


<<< done

