
<<< setup


<<< generate

Found incumbent of value 0,000000 after 0,11 sec. (66,33 ticks)
Aggregator has done 397809 substitutions...
Aggregator has done 454402 substitutions...
Tried aggregator 12 times.
Aggregator has done 508727 substitutions...
MIP Presolve eliminated 267949 rows and 1526553 columns.
MIP Presolve modified 15246 coefficients.
Aggregator did 508727 substitutions.
Reduced MIP has 50959 rows, 179801 columns, and 538459 nonzeros.
Reduced MIP has 12634 binaries, 0 generals, 0 SOSs, and 0 indicators.
Presolve time = 68,64 sec. (30092,44 ticks)
Probing time = 0,23 sec. (6,19 ticks)
Tried aggregator 1 time.
Reduced MIP has 50959 rows, 179801 columns, and 538459 nonzeros.
Reduced MIP has 12634 binaries, 0 generals, 0 SOSs, and 0 indicators.
Presolve time = 0,49 sec. (233,75 ticks)
Probing time = 0,13 sec. (6,27 ticks)
MIP emphasis: balance optimality and feasibility.
MIP search method: dynamic search.
Parallel mode: deterministic, using up to 24 threads.
Root relaxation solution time = 2,75 sec. (1917,71 ticks)

        Nodes                                         Cuts/
   Node  Left     Objective  IInf  Best Integer    Best Bound    ItCnt     Gap

*     0+    0                            0,0000    64041,4000              --- 
*     0+    0                         5663,2883    64041,4000              --- 
      0     0     8479,4393  2063     5663,2883     8479,4393    10067   49,73%
*     0+    0                         8201,4064     8479,4393             3,39%
      0     0     8469,7607  1892     8201,4064    Cuts: 4395    17964    3,27%
      0     0     8430,1744  1321     8201,4064    Cuts: 4099    25560    2,79%
      0     0     8410,2455  1121     8201,4064    Cuts: 3181    31001    2,55%
      0     0     8397,7223   908     8201,4064    Cuts: 2322    47274    2,39%
      0     0     8392,2634   934     8201,4064    Cuts: 1879    53215    2,33%
      0     0     8388,7106   924     8201,4064    Cuts: 1907    57279    2,28%
*     0+    0                         8263,8498     8388,7106             1,51%
      0     0     8386,1903   837     8263,8498    Cuts: 1865    61174    1,48%
      0     0     8384,2203   742     8263,8498    Cuts: 1558    63936    1,46%
      0     0     8382,5649   698     8263,8498    Cuts: 1285    65756    1,44%
      0     0     8381,3415   645     8263,8498    Cuts: 1140    67814    1,42%
      0     0     8380,4370   502     8263,8498    Cuts: 1104    70411    1,41%
      0     0     8379,5122   539     8263,8498     Cuts: 846    72296    1,40%
*     0+    0                         8271,9540     8379,5122             1,30%
*     0+    0                         8365,0477     8379,5122             0,17%

Implied bound cuts applied:  2
Flow cuts applied:  14851
Mixed integer rounding cuts applied:  2313
Flow path cuts applied:  156
Gomory fractional cuts applied:  22

Root node processing (before b&c):
  Real time             =  160,05 sec. (105449,96 ticks)
Parallel b&c, 24 threads:
  Real time             =    0,00 sec. (0,00 ticks)
  Sync time (average)   =    0,00 sec.
  Wait time (average)   =    0,00 sec.
                          ------------
Total (root+branch&cut) =  160,05 sec. (105449,96 ticks)

<<< solve


OBJECTIVE: 8365.048
avg_utility = 0.35646

<<< post process


<<< done

