
<<< setup


<<< generate

Presolve has eliminated 77891 rows and 103611 columns...
Tried aggregator 5 times.
MIP Presolve eliminated 219353 rows and 247959 columns.
MIP Presolve modified 22005 coefficients.
Aggregator did 38000 substitutions.
Reduced MIP has 17711 rows, 39088 columns, and 96424 nonzeros.
Reduced MIP has 9128 binaries, 2268 generals, 0 SOSs, and 0 indicators.
Presolve time = 4,41 sec. (13326,94 ticks)
Found incumbent of value 0,000000 after 4,52 sec. (13417,36 ticks)
Probing time = 0,01 sec. (3,62 ticks)
Tried aggregator 4 times.
MIP Presolve eliminated 2005 rows and 6280 columns.
MIP Presolve modified 6658 coefficients.
Aggregator did 4292 substitutions.
Reduced MIP has 11414 rows, 28516 columns, and 77260 nonzeros.
Reduced MIP has 9128 binaries, 2268 generals, 0 SOSs, and 0 indicators.
Presolve time = 0,38 sec. (440,88 ticks)
Probing time = 0,07 sec. (6,73 ticks)
Clique table members: 478.
MIP emphasis: balance optimality and feasibility.
MIP search method: dynamic search.
Parallel mode: deterministic, using up to 24 threads.
Root relaxation solution time = 0,34 sec. (329,26 ticks)

        Nodes                                         Cuts/
   Node  Left     Objective  IInf  Best Integer    Best Bound    ItCnt     Gap

*     0+    0                            0,0000    14010,6991       41     --- 
      0     0     2884,9621    98        0,0000     2884,9621       41     --- 
      0     0     2876,7455    97        0,0000     Cuts: 114     1544     --- 
*     0+    0                         2781,1642     2876,7455     2458    3,44%
      0     0     2872,0658    59     2781,1642      Cuts: 85     2458    3,27%
      0     0     2868,8506    55     2781,1642      Cuts: 12     3141    3,15%
*     0+    0                         2844,4883     2868,8506     3141    0,86%
*     0+    0                         2844,5300     2868,8506     3141    0,85%
*     0+    0                         2844,7831     2868,8506     3141    0,85%
      0     0     2865,8291    80     2844,7831      Cuts: 12     3492    0,74%
      0     0     2864,1200    47     2844,7831      Cuts: 41     3667    0,68%
      0     0     2863,8297    53     2844,7831      Cuts: 17     3955    0,67%
      0     0     2863,5731    49     2844,7831       Cuts: 9     3981    0,66%
      0     0     2863,5607    65     2844,7831       Cuts: 2     4069    0,66%
      0     0     2863,5514    36     2844,7831       Cuts: 3     4131    0,66%
      0     0     2863,5499    44     2844,7831       Cuts: 2     4760    0,66%
      0     2     2863,5499    44     2844,7831     2863,5499     4760    0,66%
Elapsed time = 11,27 sec. (22926,46 ticks, tree = 0,01 MB, solutions = 5)
      8    10     2861,8515    57     2844,7831     2863,3281     5463    0,65%
     20    22     2851,0984    52     2844,7831     2863,1099     6611    0,64%
     32    34     2847,7462    62     2844,7831     2863,1099     8051    0,64%
     80    74     2849,3906     8     2844,7831     2863,1099    11203    0,64%
    167   159     2851,6933    30     2844,7831     2863,1099    13255    0,64%
    178   168     2860,3948     4     2844,7831     2863,1099    13831    0,64%
    339   326     2858,2074     6     2844,7831     2863,1099    22114    0,64%
    437   424     2856,3937    41     2844,7831     2863,1099    25323    0,64%
   1341  1328     2851,0080    23     2844,7831     2863,1099    32507    0,64%
   2667  2652     2854,8894    39     2844,7831     2863,1099    46031    0,64%
Elapsed time = 18,11 sec. (27160,65 ticks, tree = 54,55 MB, solutions = 5)
   4877  4857     2860,1958    39     2844,7831     2863,1099    52517    0,64%
   4886  4866     2854,4391    40     2844,7831     2863,1099    52539    0,64%
*  5713+ 3794                         2860,4747     2863,1099    63892    0,09%
   5713  3795     2863,5453    46     2860,4747     2863,1099    63905    0,09%
   5716  3793     2862,0270    42     2860,4747     2863,1099    64134    0,09%
   5724  3793     2862,5518    26     2860,4747     2862,9335    64583    0,09%
*  5731+ 2169                         2860,7619     2862,9335    64849    0,08%
   5735  2170     2862,1011    24     2860,7619     2862,9335    65848    0,08%
   5746  2014     2861,7827    37     2860,7619     2862,9335    66214    0,08%
*  5762+ 1185                         2860,9159     2862,9335    67097    0,07%
   5762  1184     2860,7784    50     2860,9159     2862,9335    67097    0,07%
   5777   850     2861,1890    17     2860,9159     2862,9335    69441    0,07%
   5794   662     2862,1425    44     2860,9159     2862,9335    71363    0,07%
Elapsed time = 38,78 sec. (50403,82 ticks, tree = 14,53 MB, solutions = 9)
   5816   571     2861,0838    16     2860,9159     2862,2235    72074    0,05%
   5878   495     2860,9534     6     2860,9159     2862,2113    75491    0,05%
   6238   546     2859,6439    10     2860,9159     2862,1527    79690    0,04%
   6500   684     2860,9218     2     2860,9159     2861,7215    81541    0,03%
   6700   793     2860,9218     2     2860,9159     2861,7215    82097    0,03%
   6850   914     2860,9961    14     2860,9159     2861,7215    82963    0,03%
   6989  1040     2860,9896     2     2860,9159     2861,7215    84282    0,03%
   7202  1243     2861,0042     2     2860,9159     2861,7215    86335    0,03%
   7596  1631     2861,0042     2     2860,9159     2861,7215    87211    0,03%
   7920  1955     2860,9218     2     2860,9159     2861,7215    87546    0,03%
Elapsed time = 48,60 sec. (60373,53 ticks, tree = 29,67 MB, solutions = 9)
   8202  2237     2861,0042     2     2860,9159     2861,7215    87865    0,03%
   8394  2429     2861,0042     2     2860,9159     2861,7215    88057    0,03%
   8493  2518     2860,9218     2     2860,9159     2861,7215    88725    0,03%
   8505  2530     2860,9218     2     2860,9159     2861,7215    88737    0,03%
   8517  2542     2860,9218     2     2860,9159     2861,7215    88749    0,03%
   8529  2554     2860,9218     2     2860,9159     2861,7215    88761    0,03%
   8541  2566     2860,9218     2     2860,9159     2861,7215    88773    0,03%
   8553  2578     2860,9218     2     2860,9159     2861,7215    88787    0,03%
   8571  2594     2860,9218     2     2860,9159     2861,7215    88948    0,03%
   8583  2604     2860,9218     2     2860,9159     2861,7215    89099    0,03%
Elapsed time = 56,47 sec. (70224,31 ticks, tree = 48,05 MB, solutions = 9)
   8657  2674     2860,9218     2     2860,9159     2861,7215    89424    0,03%
   8680  2688     2860,9218     2     2860,9159     2861,7215    89447    0,03%
   8700  2706     2860,9218     2     2860,9159     2861,7215    89467    0,03%

Implied bound cuts applied:  198
Flow cuts applied:  19
Mixed integer rounding cuts applied:  13
Gomory fractional cuts applied:  35

Root node processing (before b&c):
  Real time             =    5,80 sec. (7571,60 ticks)
Parallel b&c, 24 threads:
  Real time             =   48,40 sec. (50925,32 ticks)
  Sync time (average)   =    0,18 sec.
  Wait time (average)   =    0,00 sec.
                          ------------
Total (root+branch&cut) =   54,20 sec. (58496,91 ticks)

<<< solve


OBJECTIVE: 2860.916
avg_utility = 0.8759693563992541

<<< post process


<<< done

