
<<< setup


<<< generate

Found incumbent of value 0,000000 after 0,06 sec. (56,79 ticks)
Tried aggregator 2 times.
MIP Presolve eliminated 2394843 rows and 1229276 columns.
MIP Presolve modified 10348 coefficients.
Aggregator did 10333 substitutions.
Reduced MIP has 27559 rows, 43048 columns, and 111926 nonzeros.
Reduced MIP has 8610 binaries, 0 generals, 0 SOSs, and 0 indicators.
Presolve time = 1,02 sec. (1650,17 ticks)
Probing time = 0,02 sec. (1,94 ticks)
Tried aggregator 1 time.
Reduced MIP has 27559 rows, 43048 columns, and 111926 nonzeros.
Reduced MIP has 8610 binaries, 0 generals, 0 SOSs, and 0 indicators.
Presolve time = 0,08 sec. (90,08 ticks)
Probing time = 0,01 sec. (2,06 ticks)
MIP emphasis: balance optimality and feasibility.
MIP search method: dynamic search.
Parallel mode: deterministic, using up to 8 threads.
Root relaxation solution time = 0,18 sec. (226,08 ticks)

        Nodes                                         Cuts/
   Node  Left     Objective  IInf  Best Integer    Best Bound    ItCnt     Gap

*     0+    0                            0,0000    14010,6991              --- 
*     0+    0                         1503,2753    14010,6991           832,01%
      0     0     3266,0000  1321     1503,2753     3266,0000     3444  117,26%
*     0+    0                         2153,5779     3266,0000            51,65%
      0     0     3223,6364   774     2153,5779    Cuts: 2842     6601   49,69%
      0     0     3202,4639   764     2153,5779    Cuts: 1747     8471   48,70%
      0     0     3174,3616   439     2153,5779    Cuts: 1528    10872   47,40%
*     0+    0                         2933,3942     3174,3616             8,21%
*     0+    0                         2934,5252     3174,3616             8,17%
      0     0     3152,5851   351     2934,5252     Cuts: 876    12136    7,43%
      0     0     3152,5851   351     2934,5252 Flowcuts: 702    12855    7,43%
      0     0     3152,5851   354     2934,5252 Flowcuts: 702    13728    7,43%
*     0+    0                         3109,8182     3152,5851             1,38%
*     0+    0                         3109,9773     3152,5851             1,37%
*     0+    0                         3123,8058     3152,5851             0,92%

Implied bound cuts applied:  1
Flow cuts applied:  6285
Mixed integer rounding cuts applied:  1711
Gomory fractional cuts applied:  400

Root node processing (before b&c):
  Real time             =    8,96 sec. (11783,06 ticks)
Parallel b&c, 8 threads:
  Real time             =    0,00 sec. (0,00 ticks)
  Sync time (average)   =    0,00 sec.
  Wait time (average)   =    0,00 sec.
                          ------------
Total (root+branch&cut) =    8,96 sec. (11783,06 ticks)

<<< solve


OBJECTIVE: 3123.806
avg_utility = 0.956462

<<< post process


<<< done

