
<<< setup


<<< generate

Aggregator has done 80245 substitutions...
Tried aggregator 12 times.
MIP Presolve eliminated 94638 rows and 268981 columns.
MIP Presolve modified 35833 coefficients.
Aggregator did 85145 substitutions.
Reduced MIP has 96818 rows, 266515 columns, and 744810 nonzeros.
Reduced MIP has 37049 binaries, 4392 generals, 0 SOSs, and 0 indicators.
Presolve time = 15,05 sec. (11651,39 ticks)
Found incumbent of value 55,800000 after 15,54 sec. (12017,37 ticks)
Probing time = 0,07 sec. (24,98 ticks)
Tried aggregator 1 time.
Presolve time = 0,32 sec. (222,81 ticks)
Probing time = 0,24 sec. (24,98 ticks)
Clique table members: 1604.
MIP emphasis: balance optimality and feasibility.
MIP search method: dynamic search.
Parallel mode: deterministic, using up to 24 threads.
Root relaxation solution time = 5,56 sec. (3051,36 ticks)

        Nodes                                         Cuts/
   Node  Left     Objective  IInf  Best Integer    Best Bound    ItCnt     Gap

*     0+    0                           55,8000    22347,0000    17342     --- 
*     0+    0                          192,0000    22347,0000    17342     --- 
*     0+    0                          220,0000    22347,0000    17342     --- 
*     0+    0                          234,4000    22347,0000    17342     --- 
*     0+    0                          242,4000    22347,0000    17342     --- 
*     0+    0                          249,6000    22347,0000    17342     --- 
      0     0     7449,0000  2041      249,6000     7449,0000    17342     --- 
*     0+    0                         3722,6000     7449,0000    44662  100,10%
      0     0     7137,1369  1737     3722,6000    Cuts: 6394    44662   91,72%
      0     0     7004,8945  1838     3722,6000    Cuts: 5477   176210   88,17%
      0     0     6812,6294  2199     3722,6000    Cuts: 6236   187713   83,01%
*     0+    0                         4083,2000     6812,6294   187713   66,85%
*     0+    0                         5149,6000     6812,6294   187713   32,29%
*     0+    0                         5156,2000     6812,6294   187713   32,13%
*     0+    0                         5159,6000     6812,6294   187713   32,04%
*     0+    0                         5159,8000     6812,6294   187713   32,03%
      0     0     6642,2574  2292     5159,8000    Cuts: 6196   200402   28,73%
      0     0     6510,6465  2116     5159,8000    Cuts: 6067   207362   26,18%
      0     0     6448,5032  2205     5159,8000    Cuts: 5315   214374   24,98%
      0     0     6388,0541  2266     5159,8000    Cuts: 5172   221213   23,80%
      0     0     6317,9044  2189     5159,8000    Cuts: 5655   244131   22,44%
      0     0     6269,2250  2105     5159,8000    Cuts: 5075   266394   21,50%
      0     0     6230,0516  2037     5159,8000    Cuts: 4896   280712   20,74%
      0     0     6202,8144  2038     5159,8000    Cuts: 4004   316237   20,21%
      0     0     6176,9040  2037     5159,8000    Cuts: 4190   330389   19,71%
*     0+    0                         5835,6000     6176,9040   330389    5,85%
      0     0     6157,6087  1757     5835,6000    Cuts: 3454   341581    5,52%
*     0+    0                         5857,0000     6157,6087   354254    5,13%
      0     0     6142,2139  1680     5857,0000    Cuts: 3134   354254    4,87%
*     0+    0                         5863,0000     6142,2139   369725    4,76%
      0     0     6127,8533  1706     5863,0000    Cuts: 2747   369725    4,52%
      0     0     6115,0808  1764     5863,0000    Cuts: 2662   382541    4,30%
      0     0     6103,9133  1681     5863,0000    Cuts: 2599   392851    4,11%
      0     0     6094,9250  1632     5863,0000    Cuts: 2276   417869    3,96%
      0     0     6088,2325  1657     5863,0000    Cuts: 2021   439402    3,84%
      0     0     6083,1553  1402     5863,0000    Cuts: 1881   459705    3,75%
      0     0     6078,8672  1356     5863,0000    Cuts: 1484   475044    3,68%
      0     0     6073,9288  1328     5863,0000    Cuts: 1313   491822    3,60%
      0     0     6070,5497  1172     5863,0000    Cuts: 1334   501166    3,54%
      0     0     6068,5733   950     5863,0000     Cuts: 981   513656    3,51%
      0     0     6067,2313   992     5863,0000     Cuts: 812   525902    3,48%
      0     0     6066,2508   900     5863,0000     Cuts: 813   536138    3,47%
      0     0     6065,3092   792     5863,0000     Cuts: 739   553263    3,45%
      0     0     6064,5654   739     5863,0000     Cuts: 517   565569    3,44%
      0     0     6063,9979   726     5863,0000     Cuts: 499   574111    3,43%
      0     2     6063,9979   726     5863,0000     6063,9979   574111    3,43%
Elapsed time = 3358,03 sec. (2059707,66 ticks, tree = 0,01 MB, solutions = 15)
      1     3     6063,6889   739     5863,0000     6063,9979   584892    3,43%
      2     4     6063,9286   677     5863,0000     6063,9979   588628    3,43%
      3     5     6063,6530   683     5863,0000     6063,9182   588680    3,43%
      4     6     6063,5585   793     5863,0000     6063,9182   591735    3,43%
      5     7     6062,3627   656     5863,0000     6063,9182   601200    3,43%
      7     9     6062,2326   665     5863,0000     6063,9182   616547    3,43%
     10    12     6063,8897   656     5863,0000     6063,9106   623697    3,43%
     11    13     6062,1814   686     5863,0000     6063,9106   624899    3,43%
     12    14     6062,3398   665     5863,0000     6063,9106   627135    3,43%
     13    15     6063,5187   760     5863,0000     6063,9106   629707    3,43%
Elapsed time = 4253,74 sec. (2498216,17 ticks, tree = 0,01 MB, solutions = 15)
     16    18     6063,5069   752     5863,0000     6063,9106   650065    3,43%
     19    21     6063,4956   831     5863,0000     6063,9106   656211    3,43%
     22    24     6063,8250   643     5863,0000     6063,8892   660683    3,43%
     24    26     6061,6571   633     5863,0000     6063,8892   667623    3,43%
     25    27     6063,4089   722     5863,0000     6063,8892   672786    3,43%
     28    30     6061,1231   732     5863,0000     6063,8892   683409    3,43%
     32    34     6061,1041   720     5863,0000     6063,8892   700901    3,43%
     35    37     6060,4294   726     5863,0000     6063,8892   703960    3,43%
     36    38     6058,6350   756     5863,0000     6063,8892   705804    3,43%
     37    39     6063,5477   733     5863,0000     6063,8234   707859    3,43%
Elapsed time = 4501,76 sec. (2601278,72 ticks, tree = 0,01 MB, solutions = 15)
     38    40     6062,1395   644     5863,0000     6063,8234   711837    3,43%
     39    41     6061,6237   651     5863,0000     6063,8234   721137    3,43%
     40    42     6063,4052   719     5863,0000     6063,8234   741292    3,43%
     49    51     6060,2253   699     5863,0000     6063,8234   878135    3,43%
    154   156     6048,4559   758     5863,0000     6063,6578  1111899    3,42%
    155   157     6061,5993   647     5863,0000     6063,6578  1122106    3,42%
    157   159     6061,7808   672     5863,0000     6063,6578  1143138    3,42%
    161   163     6056,8095   739     5863,0000     6063,6578  1173945    3,42%
    169   171     6056,2322   831     5863,0000     6063,6578  1220860    3,42%
    174   176     6061,4217   697     5863,0000     6063,6578  1260663    3,42%
Elapsed time = 7200,59 sec. (3186497,69 ticks, tree = 4,02 MB, solutions = 15)
    194   196     6061,7486   692     5863,0000     6063,6578  1350955    3,42%
    197   199     6051,2954   592     5863,0000     6063,6578  1353444    3,42%
    198   200     6056,7842   725     5863,0000     6063,6578  1357282    3,42%
    211   213     6063,4009   705     5863,0000     6063,6578  1453046    3,42%
    262   264     6061,1887   661     5863,0000     6063,6578  1729410    3,42%

Implied bound cuts applied:  324
Flow cuts applied:  36516
Mixed integer rounding cuts applied:  26746
Flow path cuts applied:  3636
Gomory fractional cuts applied:  220

Root node processing (before b&c):
  Real time             = 3339,49 sec. (2046658,76 ticks)
Parallel b&c, 24 threads:
  Real time             = 3846,17 sec. (1264222,24 ticks)
  Sync time (average)   =    0,06 sec.
  Wait time (average)   =    0,00 sec.
                          ------------
Total (root+branch&cut) = 7185,66 sec. (3310881,00 ticks)

<<< solve


OBJECTIVE: 5863
avg_utility = 0.7870855148342099

<<< post process


<<< done

