
<<< setup


<<< generate

Tried aggregator 2 times.
MIP Presolve eliminated 133612 rows and 108827 columns.
MIP Presolve modified 2324 coefficients.
Aggregator did 19320 substitutions.
Reduced MIP has 5106 rows, 7888 columns, and 17168 nonzeros.
Reduced MIP has 2078 binaries, 1170 generals, 0 SOSs, and 0 indicators.
Presolve time = 0,33 sec. (191,89 ticks)
Found incumbent of value 0,000000 after 0,35 sec. (202,47 ticks)
Probing time = 0,00 sec. (1,86 ticks)
Tried aggregator 1 time.
Presolve time = 0,01 sec. (9,04 ticks)
Probing time = 0,02 sec. (1,86 ticks)
Clique table members: 269.
MIP emphasis: balance optimality and feasibility.
MIP search method: dynamic search.
Parallel mode: deterministic, using up to 24 threads.
Root relaxation solution time = 0,09 sec. (91,58 ticks)

        Nodes                                         Cuts/
   Node  Left     Objective  IInf  Best Integer    Best Bound    ItCnt     Gap

*     0+    0                            0,0000     7005,3495     4015     --- 
      0     0     1343,6147    67        0,0000     1343,6147     4015     --- 
      0     0     1284,4400    21        0,0000     Fract: 15     4076     --- 
      0     0     1277,0367     2        0,0000       Cuts: 5     4104     --- 
*     0+    0                         1276,9418     1277,0367     4104    0,01%

Mixed integer rounding cuts applied:  4
Gomory fractional cuts applied:  16

Root node processing (before b&c):
  Real time             =    0,83 sec. (1125,06 ticks)
Parallel b&c, 24 threads:
  Real time             =    0,00 sec. (0,00 ticks)
  Sync time (average)   =    0,00 sec.
  Wait time (average)   =    0,00 sec.
                          ------------
Total (root+branch&cut) =    0,83 sec. (1125,06 ticks)

<<< solve


OBJECTIVE: 1276.942
avg_utility = 0.7819607072871989

<<< post process


<<< done

