
<<< setup


<<< generate

Presolve has eliminated 117031 rows and 191229 columns...
Tried aggregator 2 times.
MIP Presolve eliminated 273054 rows and 322149 columns.
MIP Presolve modified 2 coefficients.
Aggregator did 1800 substitutions.
Reduced MIP has 182 rows, 1080 columns, and 1980 nonzeros.
Reduced MIP has 852 binaries, 228 generals, 0 SOSs, and 0 indicators.
Presolve time = 4,88 sec. (11949,60 ticks)
Found incumbent of value 0,000000 after 4,98 sec. (11968,20 ticks)
Probing time = 0,00 sec. (0,49 ticks)
Tried aggregator 1 time.
Reduced MIP has 182 rows, 1080 columns, and 1980 nonzeros.
Reduced MIP has 852 binaries, 228 generals, 0 SOSs, and 0 indicators.
Presolve time = 0,00 sec. (3,64 ticks)
Probing time = 0,00 sec. (0,49 ticks)
Clique table members: 142.
MIP emphasis: balance optimality and feasibility.
MIP search method: dynamic search.
Parallel mode: deterministic, using up to 8 threads.
Root relaxation solution time = 0,01 sec. (4,89 ticks)

        Nodes                                         Cuts/
   Node  Left     Objective  IInf  Best Integer    Best Bound    ItCnt     Gap

*     0+    0                            0,0000     2086,4000              --- 
*     0+    0                          471,6000     2086,4000           342,41%
*     0+    0                          472,0000     2086,4000           342,03%
      0     0      472,9000     4      472,0000      472,9000      495    0,19%
*     0+    0                          472,8000      472,9000             0,02%
*     0     0      integral     0      472,8000                    495    0,00%
Elapsed time = 5,29 sec. (12008,18 ticks, tree = 0,00 MB, solutions = 4)

Mixed integer rounding cuts applied:  2
Zero-half cuts applied:  1
Lift and project cuts applied:  2
Gomory fractional cuts applied:  1

Root node processing (before b&c):
  Real time             =    5,33 sec. (12022,45 ticks)
Parallel b&c, 8 threads:
  Real time             =    0,00 sec. (0,00 ticks)
  Sync time (average)   =    0,00 sec.
  Wait time (average)   =    0,00 sec.
                          ------------
Total (root+branch&cut) =    5,33 sec. (12022,45 ticks)

<<< solve


OBJECTIVE: 472.8

<<< post process


<<< done

