
<<< setup


<<< generate

Found incumbent of value 0,000000 after 0,02 sec. (13,98 ticks)
Tried aggregator 5 times.
MIP Presolve eliminated 126486 rows and 304839 columns.
MIP Presolve modified 7362 coefficients.
Aggregator did 94526 substitutions.
Reduced MIP has 13648 rows, 39116 columns, and 107901 nonzeros.
Reduced MIP has 11747 binaries, 4586 generals, 0 SOSs, and 0 indicators.
Presolve time = 4,38 sec. (3478,47 ticks)
Probing time = 0,87 sec. (21,58 ticks)
Tried aggregator 1 time.
Reduced MIP has 13648 rows, 39116 columns, and 107901 nonzeros.
Reduced MIP has 11747 binaries, 4586 generals, 0 SOSs, and 0 indicators.
Presolve time = 0,12 sec. (55,49 ticks)
Probing time = 0,33 sec. (22,21 ticks)
Clique table members: 1274.
MIP emphasis: balance optimality and feasibility.
MIP search method: dynamic search.
Parallel mode: deterministic, using up to 24 threads.
Root relaxation solution time = 0,38 sec. (410,85 ticks)

        Nodes                                         Cuts/
   Node  Left     Objective  IInf  Best Integer    Best Bound    ItCnt     Gap

*     0+    0                         1070,0000    32180,6692              --- 
*     0+    0                         2668,2857    32180,6692              --- 
      0     0     6811,2147   120     2668,2857     6811,2147     4264  155,27%
*     0+    0                         6766,9460     6811,2147             0,65%

Flow cuts applied:  201
Mixed integer rounding cuts applied:  13
Gomory fractional cuts applied:  9

Root node processing (before b&c):
  Real time             =    6,95 sec. (4397,56 ticks)
Parallel b&c, 24 threads:
  Real time             =    0,00 sec. (0,00 ticks)
  Sync time (average)   =    0,00 sec.
  Wait time (average)   =    0,00 sec.
                          ------------
Total (root+branch&cut) =    6,95 sec. (4397,56 ticks)

<<< solve


OBJECTIVE: 6766.946
avg_utility = 0.778436

<<< post process


<<< done

