File ~/software/araldo-phd-code/utility_based_caching/examples/collaboration/impact_of_inter_link/inter_link_1e+09/seed_1/scenario.dat written

<<< setup


<<< generate

Found incumbent of value 0.000000 after 0.01 sec. (2.97 ticks)
Tried aggregator 2 times.
MIP Presolve eliminated 10364 rows and 20941 columns.
MIP Presolve modified 4 coefficients.
Aggregator did 2424 substitutions.
Reduced MIP has 31222 rows, 69636 columns, and 180060 nonzeros.
Reduced MIP has 7752 binaries, 1884 generals, 0 SOSs, and 0 indicators.
Presolve time = 0.28 sec. (99.00 ticks)
Probing time = 0.05 sec. (2.63 ticks)
Tried aggregator 1 time.
MIP Presolve eliminated 4549 rows and 9098 columns.
Reduced MIP has 26673 rows, 60538 columns, and 157136 nonzeros.
Reduced MIP has 7752 binaries, 1884 generals, 0 SOSs, and 0 indicators.
Presolve time = 0.75 sec. (226.94 ticks)
Probing time = 0.04 sec. (2.33 ticks)
Tried aggregator 1 time.
MIP Presolve eliminated 5430 rows and 10860 columns.
Reduced MIP has 21243 rows, 49678 columns, and 128180 nonzeros.
Reduced MIP has 7752 binaries, 1884 generals, 0 SOSs, and 0 indicators.
Presolve time = 0.24 sec. (79.73 ticks)
Probing time = 0.05 sec. (2.09 ticks)
Clique table members: 584.
MIP emphasis: balance optimality and feasibility.
MIP search method: dynamic search.
Parallel mode: deterministic, using up to 8 threads.
Root relaxation solution time = 0.25 sec. (95.63 ticks)

        Nodes                                         Cuts/
   Node  Left     Objective  IInf  Best Integer    Best Bound    ItCnt     Gap

*     0+    0                            0.0000    16800.0000     1212     --- 
      0     0    11200.0000   332        0.0000    11200.0000     1212     --- 
      0     0    11200.0000   320        0.0000 Flowcuts: 1075     5424     --- 
