File ~/software/araldo-phd-code/utility_based_caching/examples/collaboration/impact_of_inter_link/inter_link_0/seed_1/scenario.dat written

<<< setup


<<< generate

Found incumbent of value 0.000000 after 0.01 sec. (2.97 ticks)
Tried aggregator 4 times.
MIP Presolve eliminated 20732 rows and 58468 columns.
MIP Presolve modified 4009 coefficients.
Aggregator did 8004 substitutions.
Reduced MIP has 15274 rows, 26529 columns, and 67523 nonzeros.
Reduced MIP has 3857 binaries, 990 generals, 0 SOSs, and 0 indicators.
Presolve time = 1.01 sec. (576.09 ticks)
Probing time = 0.12 sec. (1.40 ticks)
Tried aggregator 405 times.
MIP Presolve eliminated 3539 rows and 6320 columns.
MIP Presolve modified 2424 coefficients.
Aggregator did 1620 substitutions.
Reduced MIP has 10115 rows, 18589 columns, and 46887 nonzeros.
Reduced MIP has 3857 binaries, 990 generals, 0 SOSs, and 0 indicators.
Presolve time = 26.09 sec. (7409.42 ticks)
Probing time = 0.02 sec. (1.09 ticks)
Tried aggregator 3 times.
MIP Presolve eliminated 2829 rows and 4046 columns.
MIP Presolve modified 12 coefficients.
Aggregator did 10 substitutions.
Reduced MIP has 7276 rows, 14533 columns, and 35527 nonzeros.
Reduced MIP has 3857 binaries, 990 generals, 0 SOSs, and 0 indicators.
Presolve time = 0.12 sec. (50.81 ticks)
Probing time = 0.01 sec. (0.94 ticks)
Tried aggregator 1 time.
Reduced MIP has 7276 rows, 14533 columns, and 35527 nonzeros.
Reduced MIP has 3857 binaries, 990 generals, 0 SOSs, and 0 indicators.
Presolve time = 0.04 sec. (18.28 ticks)
Probing time = 0.02 sec. (0.94 ticks)
Clique table members: 478.
MIP emphasis: balance optimality and feasibility.
MIP search method: dynamic search.
Parallel mode: deterministic, using up to 8 threads.
Root relaxation solution time = 0.18 sec. (86.43 ticks)

        Nodes                                         Cuts/
   Node  Left     Objective  IInf  Best Integer    Best Bound    ItCnt     Gap

*     0+    0                            0.0000     8400.0000     3393     --- 
*     0+    0                           26.0000     8400.0000     3393     --- 
*     0+    0                           52.0000     8400.0000     3393     --- 
*     0+    0                           78.0000     8400.0000     3393     --- 
*     0+    0                          104.0000     8400.0000     3393     --- 
      0     0     5600.0000   769      104.0000     5600.0000     3393     --- 
*     0+    0                         1781.0000     5600.0000     5882  214.43%
      0     0     4242.9855   606     1781.0000    Cuts: 1919     5882  138.24%
*     0+    0                         1829.0000     4242.9855     7793  131.98%
      0     0     3837.3813   381     1829.0000    Cuts: 1620     7793  109.81%
      0     0     3785.0000     4     1829.0000     Cuts: 767    11595  106.94%
*     0+    0                         2035.0000     3785.0000    11595   86.00%
      0     0     3785.0000     8     2035.0000    MIRcuts: 2    11615   86.00%
      0     0     3785.0000    10     2035.0000    MIRcuts: 2    11619   86.00%
*     0+    0                         3784.0000     3785.0000    11619    0.03%

Repeating presolve.
Tried aggregator 3 times.
MIP Presolve eliminated 3125 rows and 9449 columns.
MIP Presolve modified 1603 coefficients.
Aggregator did 2818 substitutions.
Reduced MIP has 1333 rows, 2266 columns, and 5574 nonzeros.
Reduced MIP has 1139 binaries, 317 generals, 0 SOSs, and 0 indicators.
Presolve time = 0.08 sec. (47.50 ticks)
Probing fixed 0 vars, tightened 6 bounds.
Probing time = 0.01 sec. (2.49 ticks)
Tried aggregator 1 time.
MIP Presolve eliminated 8 rows and 27 columns.
MIP Presolve modified 617 coefficients.
Reduced MIP has 1325 rows, 2239 columns, and 5535 nonzeros.
Reduced MIP has 1136 binaries, 317 generals, 0 SOSs, and 0 indicators.
Presolve time = 0.01 sec. (5.06 ticks)
Probing time = 0.01 sec. (2.26 ticks)
Tried aggregator 1 time.
Reduced MIP has 1325 rows, 2239 columns, and 5535 nonzeros.
Reduced MIP has 1136 binaries, 317 generals, 0 SOSs, and 0 indicators.
Presolve time = 0.01 sec. (4.77 ticks)
Represolve time = 0.30 sec. (307.70 ticks)
Probing time = 0.01 sec. (2.26 ticks)
Clique table members: 4227.
MIP emphasis: balance optimality and feasibility.
MIP search method: dynamic search.
Parallel mode: deterministic, using up to 8 threads.
Root relaxation solution time = 0.05 sec. (41.56 ticks)

        Nodes                                         Cuts/
   Node  Left     Objective  IInf  Best Integer    Best Bound    ItCnt     Gap

*     0+    0                         3784.0000     3785.0000    13548    0.03%
      0     0     3785.0000     2     3784.0000     3785.0000    13548    0.03%
      0     0     3785.0000     4     3784.0000    MIRcuts: 2    13553    0.03%
      0     0     3785.0000     4     3784.0000    MIRcuts: 2    13557    0.03%

Repeating presolve.
Tried aggregator 2 times.
MIP Presolve eliminated 1216 rows and 1735 columns.
MIP Presolve modified 1 coefficients.
Aggregator did 108 substitutions.
Reduced MIP has 1 rows, 396 columns, and 396 nonzeros.
Reduced MIP has 239 binaries, 157 generals, 0 SOSs, and 0 indicators.
Presolve time = 0.01 sec. (3.74 ticks)
Probing time = 0.00 sec. (0.04 ticks)
Tried aggregator 1 time.
Reduced MIP has 1 rows, 396 columns, and 396 nonzeros.
Reduced MIP has 239 binaries, 157 generals, 0 SOSs, and 0 indicators.
Presolve time = 0.00 sec. (1.32 ticks)
Represolve time = 0.03 sec. (20.58 ticks)
Probing time = 0.00 sec. (0.04 ticks)
MIP emphasis: balance optimality and feasibility.
MIP search method: dynamic search.
Parallel mode: deterministic, using up to 8 threads.
Root relaxation solution time = 0.00 sec. (0.19 ticks)

        Nodes                                         Cuts/
   Node  Left     Objective  IInf  Best Integer    Best Bound    ItCnt     Gap

*     0+    0                         3784.0000     3785.0000    13558    0.03%
      0     0     3784.5000     1     3784.0000     3784.5000    13558    0.01%
      0     0        cutoff           3784.0000     3784.5000    13558    0.01%
Elapsed time = 47.64 sec. (13980.50 ticks, tree = 0.00 MB, solutions = 11)

Mixed integer rounding cuts applied:  1

Root node processing (before b&c):
  Real time             =   47.66 sec. (13989.91 ticks)
Parallel b&c, 8 threads:
  Real time             =    0.00 sec. (0.00 ticks)
  Sync time (average)   =    0.00 sec.
  Wait time (average)   =    0.00 sec.
                          ------------
Total (root+branch&cut) =   47.66 sec. (13989.91 ticks)

<<< solve


OBJECTIVE: 3784

<<< post process


<<< done

