File ~/software/araldo-phd-code/utility_based_caching/examples/collaboration/impact_of_inter_link/inter_link_200000/seed_1/scenario.dat written

<<< setup


<<< generate

Found incumbent of value 0.000000 after 0.01 sec. (2.97 ticks)
Tried aggregator 2 times.
MIP Presolve eliminated 12364 rows and 24941 columns.
MIP Presolve modified 4004 coefficients.
Aggregator did 2424 substitutions.
Reduced MIP has 29222 rows, 65636 columns, and 172060 nonzeros.
Reduced MIP has 7752 binaries, 1884 generals, 0 SOSs, and 0 indicators.
Presolve time = 0.71 sec. (104.93 ticks)
Probing time = 0.86 sec. (2.61 ticks)
Tried aggregator 1 time.
MIP Presolve eliminated 3633 rows and 7266 columns.
Reduced MIP has 25589 rows, 58370 columns, and 153016 nonzeros.
Reduced MIP has 7752 binaries, 1884 generals, 0 SOSs, and 0 indicators.
Presolve time = 2.98 sec. (199.48 ticks)
Probing time = 0.50 sec. (2.34 ticks)
Tried aggregator 1 time.
MIP Presolve eliminated 4355 rows and 8710 columns.
Reduced MIP has 21234 rows, 49660 columns, and 128132 nonzeros.
Reduced MIP has 7752 binaries, 1884 generals, 0 SOSs, and 0 indicators.
Presolve time = 0.64 sec. (76.08 ticks)
Probing time = 0.32 sec. (2.18 ticks)
Clique table members: 584.
MIP emphasis: balance optimality and feasibility.
MIP search method: dynamic search.
Parallel mode: deterministic, using up to 8 threads.
Root relaxation solution time = 4.81 sec. (833.99 ticks)

        Nodes                                         Cuts/
   Node  Left     Objective  IInf  Best Integer    Best Bound    ItCnt     Gap

*     0+    0                            0.0000    16800.0000       28     --- 
      0     0    10882.9164   923        0.0000    10882.9164       28     --- 
*     0+    0                         4016.0000    10882.9164     6964  170.99%
      0     0     8226.8153  1171     4016.0000    Cuts: 2333     6964  104.85%
      0     0     7427.6472   543     4016.0000    Cuts: 3395    14586   84.95%
      0     0     7363.5397   601     4016.0000    Cuts: 1612    20650   83.36%
*     0+    0                         5496.0000     7363.5397    20650   33.98%
      0     0     7361.3730   548     5496.0000    Cuts: 1847    22250   33.94%
      0     0     7355.6393    25     5496.0000    Cuts: 1466    22885   33.84%
      0     0     7354.8219    25     5496.0000      Cuts: 30    22907   33.82%
      0     0     7353.9037    31     5496.0000      Cuts: 26    23041   33.80%
      0     0     7353.6919    25     5496.0000      Cuts: 38    23079   33.80%
      0     0     7352.6288    26     5496.0000      Cuts: 29    23153   33.78%
      0     0     7351.7180    27     5496.0000      Cuts: 28    23193   33.76%
      0     0     7350.6989    36     5496.0000      Cuts: 27    23217   33.75%
      0     0     7350.2161    20     5496.0000      Cuts: 27    23259   33.74%
      0     0     7350.2150    22     5496.0000    MIRcuts: 1    23276   33.74%
      0     2     7350.2150    22     5496.0000     7350.2150    23276   33.74%
Elapsed time = 224.02 sec. (25986.05 ticks, tree = 0.01 MB, solutions = 3)
      1     3     7349.1570    15     5496.0000     7350.2150    23457   33.74%
      3     5     7350.2055    16     5496.0000     7350.2057    23650   33.74%
      4     6     7349.8092    35     5496.0000     7350.2057    23745   33.74%
      5     7     7349.1553    16     5496.0000     7350.2057    23800   33.74%
      8    10     7337.7849    10     5496.0000     7349.8078    24225   33.73%
      9    11     7347.2339    10     5496.0000     7349.8078    28123   33.73%
     12    14     7346.7744     9     5496.0000     7349.8078    31003   33.73%
     16    18     7346.7519    12     5496.0000     7349.8078    32474   33.73%
     22    24     7336.5470    14     5496.0000     7349.8078    34059   33.73%
     42    44     7347.1110    12     5496.0000     7349.8078    42267   33.73%
Elapsed time = 422.90 sec. (38056.03 ticks, tree = 0.09 MB, solutions = 3)
     70    72     7277.4947    11     5496.0000     7349.8078    83787   33.73%
     75    77     7346.8920    10     5496.0000     7349.8078    87355   33.73%
     83    85     7345.1611     8     5496.0000     7349.8078    98479   33.73%
     94    96     7242.6881     9     5496.0000     7349.8078   105714   33.73%
    139   141     7331.9694     8     5496.0000     7349.8078   113868   33.73%
    148   150     7011.5343    15     5496.0000     7349.8078   117497   33.73%
    149   151     7033.5562     8     5496.0000     7349.8078   119257   33.73%
    201   203     7344.9794    16     5496.0000     7349.8078   120132   33.73%
*   207+  197                         7327.0000     7349.8078   120225    0.31%
    518   429     7331.7051    13     7327.0000     7349.8078   128016    0.31%
    572   483     7343.4486     8     7327.0000     7349.8078   131689    0.31%
Elapsed time = 814.35 sec. (55270.85 ticks, tree = 61.20 MB, solutions = 3)
    588   499     7334.1637    59     7327.0000     7349.8078   133749    0.31%
   1033   792     7339.8008    14     7327.0000     7349.8078   146315    0.31%
   1044   803     7346.5224    10     7327.0000     7349.8078   150930    0.31%
*  1100+  843                         7330.0000     7349.8078   158920    0.27%
*  1100+  843                         7333.0000     7349.8078   158920    0.23%
   1100   845     7348.6375    13     7333.0000     7349.8078   158920    0.23%
   1309   563     7346.3227     9     7333.0000     7349.8078   162087    0.23%
   1331   580     7345.9441    10     7333.0000     7349.8078   165308    0.23%
   1341   590     7345.5790    10     7333.0000     7349.8078   171759    0.23%
   1512   759     7346.5313     6     7333.0000     7349.8078   184980    0.23%
   1546   789     7340.7261     9     7333.0000     7349.8078   189799    0.23%
   1562   803     7340.7145     9     7333.0000     7349.8078   192700    0.23%
Elapsed time = 1372.31 sec. (80918.34 ticks, tree = 124.04 MB, solutions = 6)
   1767   995     7343.4589     6     7333.0000     7349.8078   210397    0.23%
   1790  1017     7336.8223     8     7333.0000     7349.8078   216284    0.23%
*  1842+ 1008                         7346.0000     7349.8078   219010    0.05%
   1857  1020     7344.0320     9     7346.0000     7349.8078   221374    0.05%
   2077    34     7347.1787     9     7346.0000     7349.8078   243395    0.05%
   2082    31        cutoff           7346.0000     7349.8078   244815    0.05%
