File ~/software/araldo-phd-code/utility_based_caching/examples/collaboration/impact_of_inter_link/inter_link_100000/seed_1/scenario.dat written

<<< setup


<<< generate

Found incumbent of value 0.000000 after 0.01 sec. (2.97 ticks)
Tried aggregator 2 times.
MIP Presolve eliminated 12364 rows and 24941 columns.
MIP Presolve modified 4004 coefficients.
Aggregator did 2424 substitutions.
Reduced MIP has 29222 rows, 65636 columns, and 172060 nonzeros.
Reduced MIP has 7752 binaries, 1884 generals, 0 SOSs, and 0 indicators.
Presolve time = 0.52 sec. (104.93 ticks)
Probing time = 0.50 sec. (2.61 ticks)
Tried aggregator 1 time.
MIP Presolve eliminated 3633 rows and 7266 columns.
Reduced MIP has 25589 rows, 58370 columns, and 153016 nonzeros.
Reduced MIP has 7752 binaries, 1884 generals, 0 SOSs, and 0 indicators.
Presolve time = 1.18 sec. (199.48 ticks)
Probing time = 0.48 sec. (2.34 ticks)
Tried aggregator 1 time.
MIP Presolve eliminated 4355 rows and 8710 columns.
Reduced MIP has 21234 rows, 49660 columns, and 128132 nonzeros.
Reduced MIP has 7752 binaries, 1884 generals, 0 SOSs, and 0 indicators.
Presolve time = 0.29 sec. (75.75 ticks)
Probing time = 0.12 sec. (2.18 ticks)
Clique table members: 584.
MIP emphasis: balance optimality and feasibility.
MIP search method: dynamic search.
Parallel mode: deterministic, using up to 8 threads.
Root relaxation solution time = 2.76 sec. (873.99 ticks)

        Nodes                                         Cuts/
   Node  Left     Objective  IInf  Best Integer    Best Bound    ItCnt     Gap

*     0+    0                            0.0000    16800.0000       30     --- 
      0     0    10330.7244   912        0.0000    10330.7244       30     --- 
*     0+    0                         4058.0000    10330.7244     7138  154.58%
      0     0     8520.6458  1185     4058.0000    Cuts: 2177     7138  109.97%
      0     0     7368.0659   456     4058.0000    Cuts: 3699    14862   81.57%
      0     0     7301.5466    57     4058.0000    Cuts: 1104    22298   79.93%
*     0+    0                         6978.0000     7301.5466    22298    4.64%
      0     0     7301.3921   132     6978.0000     Cuts: 314    22548    4.63%
      0     0     7301.3369   391     6978.0000     Cuts: 791    23151    4.63%
      0     2     7301.3369   391     6978.0000     7301.3369    23151    4.63%
Elapsed time = 136.74 sec. (20899.43 ticks, tree = 0.01 MB, solutions = 3)
      1     3     7301.3050   230     6978.0000     7301.3369    25762    4.63%
      3     5     7301.2722   216     6978.0000     7301.3369    28367    4.63%
      9    11     7301.2707   250     6978.0000     7301.2726    29456    4.63%
     10    12     7301.2703   237     6978.0000     7301.2726    31974    4.63%
     11    13     7300.5303   227     6978.0000     7301.2726    35439    4.63%
     24    26     7301.2714   233     6978.0000     7301.2726    36753    4.63%
     56    58     7300.6229   218     6978.0000     7301.2726    41544    4.63%
    188   190     7301.2714   227     6978.0000     7301.2726    48586    4.63%
    244   246     7301.2714   227     6978.0000     7301.2726    49806    4.63%
    358   360     7300.6207   218     6978.0000     7301.2726    53954    4.63%
Elapsed time = 239.92 sec. (30188.48 ticks, tree = 20.30 MB, solutions = 3)
    390   392     7301.2668   240     6978.0000     7301.2726    56076    4.63%
    436   438     7300.5275   217     6978.0000     7301.2726    58173    4.63%
    498   500     7300.5105   227     6978.0000     7301.2726    61314    4.63%
    536   538     7300.5105   225     6978.0000     7301.2726    63901    4.63%
    649   651     7290.6727   225     6978.0000     7301.2726    68953    4.63%
    701   703     7300.5275   217     6978.0000     7301.2726    71980    4.63%
    832   834     7300.0280   223     6978.0000     7301.2726    76783    4.63%
    946   946     7286.8775   190     6978.0000     7301.2726    82925    4.63%
    958   958     7300.5783   184     6978.0000     7301.2726    84056    4.63%
    987   987     7300.1347   190     6978.0000     7301.2726    88866    4.63%
Elapsed time = 535.15 sec. (46994.02 ticks, tree = 112.62 MB, solutions = 3)
   1034  1034     7260.6981   236     6978.0000     7301.2726    95237    4.63%
   1053  1053     7089.3738    19     6978.0000     7301.2726    99588    4.63%
   1137  1133     7214.3553   208     6978.0000     7301.2726   106957    4.63%
   1146  1142     7088.3799    18     6978.0000     7301.2726   112090    4.63%
   1167  1163     7276.9870   219     6978.0000     7301.2726   114933    4.63%
   1214  1210     7214.3619     4     6978.0000     7301.2726   132109    4.63%
   1245  1239     7080.9500    19     6978.0000     7301.2726   138395    4.63%
   1256  1246     7080.7101    14     6978.0000     7301.2726   146399    4.63%
   1272  1260     7074.7375    17     6978.0000     7301.2726   154496    4.63%
   1352  1332     7095.6026    20     6978.0000     7301.2726   172934    4.63%
Elapsed time = 866.57 sec. (60699.04 ticks, tree = 184.46 MB, solutions = 3)
   1360  1340     7254.0334   103     6978.0000     7301.2726   179443    4.63%
   1375  1353     7061.8844    14     6978.0000     7301.2726   186585    4.63%
   1618  1584     7057.9085    12     6978.0000     7301.2726   209624    4.63%
   1634  1598     7027.9088    12     6978.0000     7301.2726   220382    4.63%
   1636  1600     7067.4789    19     6978.0000     7301.2726   222585    4.63%
   1652  1612     7061.4802    19     6978.0000     7301.2726   233290    4.63%
*  1685+ 1629                         7264.0000     7301.2726   248899    0.51%
   1685  1628     7081.0000     2     7264.0000     7301.2726   248899    0.51%
   1686  1626     7062.2248    53     7264.0000     7301.2726   248909    0.51%
   1688  1623     6991.9142    35     7264.0000     7301.2726   248985    0.51%
*  1689+ 1622                         7267.0000     7301.2726   248986    0.47%
   1689  1621     7220.2701    96     7267.0000     7301.2726   248986    0.47%
Elapsed time = 1489.40 sec. (85266.50 ticks, tree = 254.03 MB, solutions = 4)
   1691  1617     7260.4941   190     7267.0000     7301.2726   249003    0.47%
   1693  1111     7301.2714   230     7267.0000     7301.2726   249034    0.47%
