
<<< setup


<<< generate

Found incumbent of value 0.000000 after 0.02 sec. (7.80 ticks)
Tried aggregator 8 times.
MIP Presolve eliminated 24382 rows and 118727 columns.
MIP Presolve modified 33068 coefficients.
Aggregator did 36939 substitutions.
Reduced MIP has 41502 rows, 95375 columns, and 262456 nonzeros.
Reduced MIP has 13578 binaries, 7644 generals, 0 SOSs, and 0 indicators.
Presolve time = 6.06 sec. (3526.48 ticks)
Probing time = 0.08 sec. (4.50 ticks)
Tried aggregator 1 time.
Reduced MIP has 41502 rows, 95375 columns, and 262456 nonzeros.
Reduced MIP has 13578 binaries, 7644 generals, 0 SOSs, and 0 indicators.
Presolve time = 0.41 sec. (126.77 ticks)
Probing time = 0.22 sec. (4.78 ticks)
Clique table members: 675.
MIP emphasis: balance optimality and feasibility.
MIP search method: dynamic search.
Parallel mode: deterministic, using up to 8 threads.
Root relaxation solution time = 4.01 sec. (1647.25 ticks)

        Nodes                                         Cuts/
   Node  Left     Objective  IInf  Best Integer    Best Bound    ItCnt     Gap

*     0+    0                            0.0000    48052.0000              --- 
      0     0    15238.7197  1437        0.0000    15238.7197     8179     --- 
      0     0    14569.8368  1392        0.0000    Cuts: 4241    17155     --- 
      0     0    13693.1454  1589        0.0000    Cuts: 4186    23712     --- 
      0     0    12505.6206  1486        0.0000    Cuts: 4166    29106     --- 
*     0+    0                         6605.0000    12505.6206            89.34%
*     0+    0                         9821.2000    12505.6206            27.33%
*     0+    0                         9822.2000    12505.6206            27.32%
      0     0    11689.2185  1779     9822.2000    Cuts: 3858    36759   19.01%
      0     0    11333.0384  2038     9822.2000    Cuts: 3874    44875   15.38%
      0     0    11020.5331  1589     9822.2000    Cuts: 3559    51770   12.20%
      0     0    10819.7336   950     9822.2000    Cuts: 3379    58601   10.16%
      0     0    10706.2002   832     9822.2000    Cuts: 1964    61122    9.00%
      0     0    10653.8836   513     9822.2000    Cuts: 1466    62832    8.47%
      0     0    10615.0985   355     9822.2000     Cuts: 831    64341    8.07%
      0     0    10602.0105   245     9822.2000     Cuts: 419    64886    7.94%
      0     0    10600.6681   202     9822.2000     Cuts: 194    65084    7.93%
      0     0    10599.7378   255     9822.2000     Cuts: 341    65924    7.92%
      0     0    10598.7385   316     9822.2000     Cuts: 371    66236    7.91%
Heuristic still looking.
Heuristic still looking.
Heuristic still looking.
      0     2    10598.7385   316     9822.2000    10598.7385    66236    7.91%
Elapsed time = 359.72 sec. (114874.34 ticks, tree = 0.00 MB, solutions = 4)
      1     3    10579.6179   304     9822.2000    10598.7385    66508    7.91%
      2     4    10548.0179   304     9822.2000    10598.7385    66785    7.91%
      4     6    10547.9947   288     9822.2000    10579.6157    66804    7.71%
      6     8    10548.0137   277     9822.2000    10579.6157    67441    7.71%
      8    10    10473.7385   266     9822.2000    10579.6157    67702    7.71%
      9    11    10579.6063   297     9822.2000    10579.5929    68037    7.71%
     13    15    10469.4027   292     9822.2000    10579.5929    73017    7.71%
     17    19    10451.6152   222     9822.2000    10579.5929    78274    7.71%
     18    20    10578.1026   297     9822.2000    10579.5929    78313    7.71%
     19    21    10547.6637   288     9822.2000    10579.5929    79793    7.71%
Elapsed time = 419.42 sec. (128907.58 ticks, tree = 0.00 MB, solutions = 4)
     35    37    10433.9521   220     9822.2000    10579.5929    85973    7.71%
     41    41    10574.2498   268     9822.2000    10579.5929    90876    7.71%
     51    51    10451.0665   260     9822.2000    10579.5929    96928    7.71%
     62    62    10450.7725   244     9822.2000    10579.5929   102364    7.71%
     96    96    10572.8593   204     9822.2000    10579.5929   113570    7.71%
    101   101    10436.9662   208     9822.2000    10579.5929   115824    7.71%
    109   109    10435.9803   240     9822.2000    10579.5929   118293    7.71%
    142   142    10332.8468   217     9822.2000    10579.5929   123251    7.71%
    149   149    10405.8339   198     9822.2000    10579.5929   124092    7.71%
    167   167    10481.7703   253     9822.2000    10579.5929   127744    7.71%
Elapsed time = 650.11 sec. (149448.00 ticks, tree = 0.00 MB, solutions = 4)
    288   288    10572.8201   196     9822.2000    10579.5929   137088    7.71%
    324   324    10569.3783   200     9822.2000    10579.5929   139439    7.71%
    325   325    10479.4689   250     9822.2000    10579.5929   140087    7.71%
    332   332    10569.0306   156     9822.2000    10579.5929   141616    7.71%
    349   347    10476.8104   232     9822.2000    10579.5929   144408    7.71%
    365   363    10478.3295   251     9822.2000    10579.5929   146601    7.71%
    741   739    10393.7617   193     9822.2000    10579.5929   156031    7.71%
    753   751    10475.8536   216     9822.2000    10579.5929   158178    7.71%
    769   767    10520.2089   249     9822.2000    10579.5929   160373    7.71%
   1021  1017    10563.7700    92     9822.2000    10579.5929   176792    7.71%
Elapsed time = 855.76 sec. (193276.60 ticks, tree = 136.08 MB, solutions = 4)
   1038  1034    10374.9192   146     9822.2000    10579.5929   184936    7.71%
   1062  1058    10380.0588   136     9822.2000    10579.5929   192351    7.71%
   1085  1081    10412.2177    61     9822.2000    10579.5929   194683    7.71%
   1123  1119    10380.0583   134     9822.2000    10579.5929   198044    7.71%
   1535  1531    10401.6112    23     9822.2000    10579.5929   217905    7.71%
   1574  1570    10499.1559   152     9822.2000    10579.5929   219782    7.71%
   1590  1586    10480.2034   149     9822.2000    10579.5929   221046    7.71%
   1615  1611    10401.5111    34     9822.2000    10579.5929   223067    7.71%
   1647  1643    10401.4776    32     9822.2000    10579.5929   224137    7.71%
   1663  1659    10400.0809    43     9822.2000    10579.5929   225495    7.71%
Elapsed time = 1187.29 sec. (254862.20 ticks, tree = 154.05 MB, solutions = 4)
*  1843+ 1225                        10547.0000    10579.5929             0.31%

Implied bound cuts applied:  1176
Flow cuts applied:  17236
Mixed integer rounding cuts applied:  9273
Flow path cuts applied:  1205
Gomory fractional cuts applied:  369

Root node processing (before b&c):
  Real time             =  359.22 sec. (114788.03 ticks)
Parallel b&c, 8 threads:
  Real time             =  995.65 sec. (192977.28 ticks)
  Sync time (average)   =  257.26 sec.
  Wait time (average)   =  257.55 sec.
                          ------------
Total (root+branch&cut) = 1354.87 sec. (307765.32 ticks)

<<< solve


OBJECTIVE: 10547
avg_utility = 0.647214

<<< post process


<<< done

