
<<< setup


<<< generate

Found incumbent of value 0,000000 after 0,00 sec. (0,60 ticks)
Tried aggregator 2 times.
MIP Presolve eliminated 13398 rows and 10641 columns.
MIP Presolve modified 1860 coefficients.
Aggregator did 928 substitutions.
Reduced MIP has 2324 rows, 4176 columns, and 8816 nonzeros.
Reduced MIP has 1735 binaries, 585 generals, 0 SOSs, and 0 indicators.
Presolve time = 0,02 sec. (19,42 ticks)
Probing time = 0,00 sec. (0,89 ticks)
Tried aggregator 1 time.
Reduced MIP has 2324 rows, 4176 columns, and 8816 nonzeros.
Reduced MIP has 1735 binaries, 585 generals, 0 SOSs, and 0 indicators.
Presolve time = 0,01 sec. (5,85 ticks)
Probing time = 0,00 sec. (0,89 ticks)
Clique table members: 269.
MIP emphasis: balance optimality and feasibility.
MIP search method: dynamic search.
Parallel mode: deterministic, using up to 8 threads.
Root relaxation solution time = 0,01 sec. (13,93 ticks)

        Nodes                                         Cuts/
   Node  Left     Objective  IInf  Best Integer    Best Bound    ItCnt     Gap

*     0+    0                            0,0000     2725,0524              --- 
      0     0     1281,9576     2        0,0000     1281,9576      667     --- 
*     0+    0                         1281,8644     1281,9576             0,01%

Root node processing (before b&c):
  Real time             =    0,10 sec. (115,65 ticks)
Parallel b&c, 8 threads:
  Real time             =    0,00 sec. (0,00 ticks)
  Sync time (average)   =    0,00 sec.
  Wait time (average)   =    0,00 sec.
                          ------------
Total (root+branch&cut) =    0,10 sec. (115,65 ticks)

<<< solve


OBJECTIVE: 1281.864
avg_utility = 0.784975

<<< post process


<<< done

