
<<< setup


<<< generate

Found incumbent of value 0,000000 after 0,01 sec. (13,10 ticks)
Tried aggregator 11 times.
MIP Presolve eliminated 153870 rows and 175085 columns.
MIP Presolve modified 54386 coefficients.
Aggregator did 74934 substitutions.
Reduced MIP has 64139 rows, 130022 columns, and 354733 nonzeros.
Reduced MIP has 11823 binaries, 8646 generals, 0 SOSs, and 0 indicators.
Presolve time = 7,94 sec. (7935,26 ticks)
Probing time = 0,04 sec. (6,46 ticks)
Tried aggregator 1 time.
Reduced MIP has 64139 rows, 130022 columns, and 354733 nonzeros.
Reduced MIP has 11823 binaries, 8646 generals, 0 SOSs, and 0 indicators.
Presolve time = 0,28 sec. (163,51 ticks)
Probing time = 0,04 sec. (6,81 ticks)
Clique table members: 1445.
MIP emphasis: balance optimality and feasibility.
MIP search method: dynamic search.
Parallel mode: deterministic, using up to 8 threads.
Root relaxation solution time = 1,80 sec. (878,23 ticks)

        Nodes                                         Cuts/
   Node  Left     Objective  IInf  Best Integer    Best Bound    ItCnt     Gap

*     0+    0                            0,0000    47452,0000              --- 
      0     0    15579,9143  4014        0,0000    15579,9143    12287     --- 
      0     0    13748,9092  6573        0,0000    Cuts: 9093    33103     --- 
      0     0    12527,8796  8597        0,0000    Cuts: 7767    44465     --- 
      0     0    11654,0511  7925        0,0000    Cuts: 7774    62771     --- 
*     0+    0                         5450,0000    11654,0511           113,84%
*     0+    0                         8937,8000    11654,0511            30,39%
*     0+    0                         8943,0000    11654,0511            30,31%
*     0+    0                         8943,8000    11654,0511            30,30%
*     0+    0                         8944,0000    11654,0511            30,30%
*     0+    0                         8944,2000    11654,0511            30,30%
      0     0    11139,0906  8939     8944,2000    Cuts: 6770    75453   24,54%
      0     0    10746,3483  7445     8944,2000    Cuts: 7546    97808   20,15%
      0     0    10511,5581  5528     8944,2000    Cuts: 5070   104335   17,52%
      0     0    10405,3045  3517     8944,2000    Cuts: 2844   111962   16,34%
      0     0    10355,5461  1679     8944,2000    Cuts: 1963   119371   15,78%
      0     0    10339,8408  1328     8944,2000     Cuts: 776   122855   15,60%
      0     0    10333,1667   941     8944,2000     Cuts: 647   124908   15,53%
      0     0    10330,2986   818     8944,2000     Cuts: 396   127141   15,50%
      0     0    10328,7986   898     8944,2000     Cuts: 284   128114   15,48%
      0     0    10327,7965   804     8944,2000     Cuts: 321   129372   15,47%
      0     0    10327,1242  1028     8944,2000     Cuts: 272   130647   15,46%
      0     0    10326,2989   743     8944,2000     Cuts: 373   131531   15,45%
      0     0    10325,6027   735     8944,2000     Cuts: 233   132299   15,44%
      0     2    10325,6027   735     8944,2000    10325,6027   132299   15,44%
Elapsed time = 314,22 sec. (196243,17 ticks, tree = 0,00 MB, solutions = 7)
      1     3    10314,0781   662     8944,2000    10325,6027   132955   15,44%
      2     4    10272,6280   619     8944,2000    10325,6027   134154   15,44%
      3     5    10239,1704   547     8944,2000    10306,0785   137301   15,23%
      6     8    10302,9618   612     8944,2000    10306,0785   141374   15,23%
      9    11    10116,6774  1113     8944,2000    10306,0785   144029   15,23%
     10    12    10281,6087   698     8944,2000    10285,2669   146881   14,99%
     12    14    10150,9160  1064     8944,2000    10285,2669   154592   14,99%
     13    15    10167,5461   689     8944,2000    10285,2669   159860   14,99%
     16    18    10236,0077   711     8944,2000    10285,2669   173964   14,99%
     21    23    10159,9832   594     8944,2000    10277,7269   220712   14,91%
Elapsed time = 436,10 sec. (239838,04 ticks, tree = 0,00 MB, solutions = 7)
     22    24    10238,7355   543     8944,2000    10277,7269   231551   14,91%
     27    29    10063,2377   621     8944,2000    10277,7269   270169   14,91%
     30    32    10225,2492   692     8944,2000    10277,7269   283441   14,91%
     35    37    10057,2684   600     8944,2000    10277,7269   292958   14,91%
     43    45     9990,7587   575     8944,2000    10277,7269   309128   14,91%
     44    46    10089,9269   518     8944,2000    10275,7496   309770   14,89%
     45    47    10167,5009   758     8944,2000    10275,7496   311032   14,89%
     49    51     9965,1863   589     8944,2000    10275,7496   317427   14,89%
     62    62    10069,8189   990     8944,2000    10275,7496   324376   14,89%
     70    70    10082,7300   981     8944,2000    10275,7496   328419   14,89%
Elapsed time = 538,45 sec. (262639,40 ticks, tree = 0,00 MB, solutions = 7)
     85    85    10074,8735   430     8944,2000    10275,7496   333828   14,89%
     86    86    10006,7176   983     8944,2000    10275,7496   334374   14,89%
     90    90     9826,9311   516     8944,2000    10275,7496   336551   14,89%
     92    92     9966,7045   382     8944,2000    10275,7496   342120   14,89%
    181   181     9959,6330   402     8944,2000    10275,7496   367889   14,89%
    182   182     9789,9727   418     8944,2000    10275,7496   369528   14,89%
    185   183     9752,5397   721     8944,2000    10275,7496   373111   14,89%
    193   189     9741,1918   723     8944,2000    10275,7496   378191   14,89%
    209   203     9738,9736   709     8944,2000    10275,7496   386006   14,89%
    217   211     9687,1620   675     8944,2000    10275,7496   388058   14,89%
Elapsed time = 719,06 sec. (296160,49 ticks, tree = 0,00 MB, solutions = 7)
    222   216     9711,1455   348     8944,2000    10275,7496   390622   14,89%
    230   224     9686,3937   296     8944,2000    10275,7496   394444   14,89%
    232   226     9642,1102   267     8944,2000    10275,7496   395565   14,89%
    333   327     9514,7333    14     8944,2000    10275,7496   459931   14,89%
    343   337     9653,1754   266     8944,2000    10275,7496   464690   14,89%
    344   338     9313,9914   135     8944,2000    10275,7496   467858   14,89%
    352   346     9253,3417    10     8944,2000    10275,7496   472368   14,89%
    354   348     9407,9367   134     8944,2000    10275,7496   479203   14,89%
    370   364     9400,9877   119     8944,2000    10275,7496   484858   14,89%
    373   367     9514,7333    14     8944,2000    10275,7496   485030   14,89%
Elapsed time = 1003,21 sec. (351396,01 ticks, tree = 33,81 MB, solutions = 7)
    405   399     9134,5833    16     8944,2000    10275,7496   493622   14,89%
    437   431     9496,4448    33     8944,2000    10275,7496   529678   14,89%
    445   439     9440,5333    14     8944,2000    10275,7496   530915   14,89%
    496   490     9383,9586   146     8944,2000    10275,7496   569694   14,89%
    497   491     9257,1917    12     8944,2000    10275,7496   578163   14,89%
    504   498     9134,5833    16     8944,2000    10275,7496   578228   14,89%
    781   775     9439,6536    63     8944,2000    10275,7496   594763   14,89%
    783   777     9333,2275   139     8944,2000    10275,7496   597622   14,89%
    799   793     9303,0211   120     8944,2000    10275,7496   604586   14,89%
    807   801     9335,3755   151     8944,2000    10275,7496   607087   14,89%
Elapsed time = 1433,04 sec. (458746,60 ticks, tree = 184,39 MB, solutions = 7)
    823   817     9265,6487   110     8944,2000    10275,7496   608900   14,89%
    863   857     9166,1750    14     8944,2000    10275,7496   619992   14,89%
   4573  4563     9235,2583     4     8944,2000    10275,7496   670930   14,89%
   4613  4603     9235,3000     4     8944,2000    10275,7496   672851   14,89%
   4677  4667     9235,2533     6     8944,2000    10275,7496   676241   14,89%
   4685  4675     9235,2583     4     8944,2000    10275,7496   678120   14,89%
   4701  4691     9235,2133     6     8944,2000    10275,7496   681845   14,89%
   4733  4723     9235,2333     6     8944,2000    10275,7496   683676   14,89%
   4749  4739     9235,2333     6     8944,2000    10275,7496   685812   14,89%
   5968  5958     9166,0333    10     8944,2000    10275,7496   727834   14,89%
Elapsed time = 1637,64 sec. (506020,81 ticks, tree = 332,55 MB, solutions = 7)
   6460  6448     9575,6243   109     8944,2000     9575,6243   818909    7,06%
   6461  6448     9575,6033   108     8944,2000     9575,6243   820083    7,06%
   6462  6449     9575,5818   106     8944,2000     9575,6030   820768    7,06%
   6463  6449     9533,5679   106     8944,2000     9575,6030   825496    7,06%
   6464  6449     9533,5644   103     8944,2000     9575,6030   825615    7,06%
   6465  6449     9533,5184   101     8944,2000     9575,6030   825710    7,06%
   6466  6450     9575,5628    81     8944,2000     9575,5817   825713    7,06%
   6468  6451     9511,1968   126     8944,2000     9575,5817   828180    7,06%
   6469  6452     9472,9386    95     8944,2000     9575,5817   831726    7,06%
   6471  6453     9455,7700    83     8944,2000     9575,5817   849764    7,06%
Elapsed time = 1943,46 sec. (694631,35 ticks, tree = 694,63 MB, solutions = 7)
   6472  6454     9575,5293    98     8944,2000     9575,5625   873912    7,06%
   6476  6455     9497,3531   102     8944,2000     9575,5625   983187    7,06%
   6477  6456     9446,5361   114     8944,2000     9575,5625  1014586    7,06%
   6480  6459     9575,5268    94     8944,2000     9575,5278  1033750    7,06%
   6483  6459     9379,6425   217     8944,2000     9575,5278  1051598    7,06%
   6492  6464     9575,5016   104     8944,2000     9575,5268  1125308    7,06%
   6498  6468     9404,2118   436     8944,2000     9575,5268  1243264    7,06%
   6500  6469     9575,5005    93     8944,2000     9575,5268  1261998    7,06%
   6506  6473     9404,1924   463     8944,2000     9575,5268  1262528    7,06%
   6515  6477     9508,6969    91     8944,2000     9575,5268  1290232    7,06%
Elapsed time = 2119,46 sec. (746966,90 ticks, tree = 692,47 MB, solutions = 7)
   6522  6478     9575,4628   103     8944,2000     9575,4727  1393726    7,06%
   6553  6494     9575,4195   132     8944,2000     9575,4533  1469545    7,06%
   6557  6498     9494,3976   100     8944,2000     9575,4533  1470614    7,06%
   6560  6499     9486,4125    98     8944,2000     9575,4533  1477281    7,06%
   6565  6502     9494,1892   211     8944,2000     9575,4533  1482814    7,06%
   6568  6504     9463,7789   419     8944,2000     9575,4533  1485845    7,06%
   6573  6507     9492,3213   233     8944,2000     9575,4533  1491909    7,06%
   6581  6514     9494,0631   253     8944,2000     9575,4533  1494956    7,06%
   6589  6517     9574,6645   179     8944,2000     9575,4533  1503190    7,06%
   6602  6525     9574,7017    47     8944,2000     9575,2696  1509381    7,06%
Elapsed time = 2469,95 sec. (822152,36 ticks, tree = 688,26 MB, solutions = 7)
   6610  6528     9574,6214    57     8944,2000     9575,2696  1512368    7,06%
   6618  6531     9574,6153    45     8944,2000     9575,2696  1517212    7,06%
   6622  6532     9489,2319    38     8944,2000     9575,2696  1522798    7,06%
   6626  6535     9573,3251    37     8944,2000     9575,2696  1527170    7,06%
   6630  6537     9493,9108   247     8944,2000     9575,2696  1527633    7,06%
   6643  6543     9377,7605   568     8944,2000     9575,2696  1529346    7,06%
   6687  6571     9530,8349    25     8944,2000     9575,2696  1538054    7,06%
   6688  6571     9572,9073    32     8944,2000     9575,2184  1541650    7,06%
   6696  6575     9572,8877    27     8944,2000     9575,2184  1544284    7,06%
   6704  6581     9572,8707    24     8944,2000     9575,2184  1559281    7,06%
Elapsed time = 2649,29 sec. (855045,33 ticks, tree = 684,52 MB, solutions = 7)
   6720  6588     9572,7418    46     8944,2000     9575,2184  1561595    7,06%
   6721  6589     9530,8346    25     8944,2000     9575,2184  1561596    7,06%
   6790  6631     9403,3975   377     8944,2000     9575,2184  1567263    7,06%
   6798  6636     9403,3767   424     8944,2000     9575,2184  1567662    7,06%
   6808  6641     9572,7244    25     8944,2000     9575,2184  1570198    7,06%
   6862  6673     9403,3248   590     8944,2000     9575,2184  1580123    7,06%
   6870  6677     9403,3119   609     8944,2000     9575,2184  1581779    7,06%
   6878  6681     9403,2982   646     8944,2000     9575,2184  1586250    7,06%
   7103  6807     9441,1686   163     8944,2000     9575,2184  1600666    7,06%
   7123  6822     9403,2618   664     8944,2000     9575,2184  1600944    7,06%
Elapsed time = 3046,04 sec. (960104,36 ticks, tree = 683,07 MB, solutions = 7)
   7131  6826     9403,2482   665     8944,2000     9575,2184  1601214    7,06%
   7375  6971     9403,2386   674     8944,2000     9575,2184  1607741    7,06%
   7399  6984     9403,2026   713     8944,2000     9575,2184  1608436    7,06%
   7431  7003     9403,1531   760     8944,2000     9575,2184  1608945    7,06%
   7645  7129     9506,3786   140     8944,2000     9575,2184  1620116    7,06%
   7661  7138     9506,3574   130     8944,2000     9575,2184  1620310    7,06%
   7681  7151     9403,0871   819     8944,2000     9575,2184  1620771    7,06%
   7880  7265     9530,7083    12     8944,2000     9575,2184  1641835    7,06%
   7928  7291     9322,2377   777     8944,2000     9575,2184  1646415    7,06%
   8096  7386     9530,6750     8     8944,2000     9575,2184  1661179    7,06%
Elapsed time = 3419,15 sec. (1034904,58 ticks, tree = 682,35 MB, solutions = 7)
   8112  7396     9530,5750     8     8944,2000     9575,2184  1669656    7,06%
   8275  7490     9530,5417    10     8944,2000     9575,2184  1684695    7,06%
   8297  7499     9484,1000    14     8944,2000     9575,2184  1694764    7,06%
   8414  7564     9572,6089    17     8944,2000     9575,2184  1709481    7,06%
   8423  7567     9530,4417    12     8944,2000     9575,2184  1716791    7,06%
   8447  7581     9530,4417    12     8944,2000     9575,2184  1729934    7,06%
   8650  7697     9362,9178    39     8944,2000     9575,2184  1742025    7,06%
   8658  7703     9362,9178    40     8944,2000     9575,2184  1742554    7,06%
   8670  7712     9484,0333    14     8944,2000     9575,2184  1748324    7,06%
   8732  7747     9530,4583    12     8944,2000     9575,2184  1760085    7,06%
Elapsed time = 3800,63 sec. (1120591,58 ticks, tree = 677,44 MB, solutions = 7)
   8830  7810     9530,4576    10     8944,2000     9575,2184  1767897    7,06%
   8841  7813     9491,6411   200     8944,2000     9575,2184  1769000    7,06%
   8852  7816     9484,0000    16     8944,2000     9575,2184  1774452    7,06%
   8896  7838     9530,3083    12     8944,2000     9575,2184  1788581    7,06%
   9041  7925     9572,5333     8     8944,2000     9575,2184  1814427    7,06%
   9044  7926     9362,8667    14     8944,2000     9575,2184  1820015    7,06%
   9282  8062     9572,4667     6     8944,2000     9575,2184  1850448    7,06%
   9283  8063     9530,2917     8     8944,2000     9575,2184  1855938    7,06%
   9299  8074     9530,2917     8     8944,2000     9575,2184  1862391    7,06%
   9320  8088     9572,4333     6     8944,2000     9575,2184  1882174    7,06%
Elapsed time = 4279,14 sec. (1219056,49 ticks, tree = 679,78 MB, solutions = 7)
   9464  8168     9572,3667     6     8944,2000     9575,2184  1912457    7,06%
   9495  8186     9483,9238    10     8944,2000     9575,2184  1927550    7,06%
   9528  8201     9572,2333     6     8944,2000     9575,2184  1949714    7,06%
   9621  8256     9572,2333     6     8944,2000     9575,2184  1977797    7,06%
   9629  8260     9572,2333     8     8944,2000     9575,2184  1983327    7,06%
   9637  8263     9572,1667    12     8944,2000     9575,2184  1988110    7,06%
   9789  8353     9572,2333    10     8944,2000     9575,2184  2035589    7,06%
   9798  8358     9530,2917    10     8944,2000     9575,2184  2041217    7,06%
   9814  8367     9530,2917    10     8944,2000     9575,2184  2056914    7,06%
   9837  8382     9572,1333     8     8944,2000     9575,2184  2074107    7,06%
Elapsed time = 4906,46 sec. (1322410,38 ticks, tree = 677,74 MB, solutions = 7)
   9838  8382     9530,2917     8     8944,2000     9575,2184  2079547    7,06%
   9994  8466     9362,2167    14     8944,2000     9575,2184  2120674    7,06%
  10015  8475     9572,0333    10     8944,2000     9575,2184  2136811    7,06%
  10018  8476     9362,2167    14     8944,2000     9575,2184  2142494    7,06%
  10022  8478     9483,7839    22     8944,2000     9575,2184  2142771    7,06%
  10064  8503     9530,2917     8     8944,2000     9575,2184  2158924    7,06%
  10186  8568     9530,1750    16     8944,2000     9575,2184  2191206    7,06%
* 10187+ 6951                         9503,4000     9575,2184             0,76%
  10190  6953     9402,0703   660     9503,4000     9575,2184  2193661    0,76%
  10207  6963     9530,1750    12     9503,4000     9575,2184  2206234    0,76%
  10226  6975     9483,6783     8     9503,4000     9575,2184  2221833    0,76%
Elapsed time = 5430,31 sec. (1408619,38 ticks, tree = 500,53 MB, solutions = 7)
  10289  7011     9530,1583    14     9503,4000     9575,2184  2258345    0,76%

Implied bound cuts applied:  215
Flow cuts applied:  22377
Mixed integer rounding cuts applied:  14662
Flow path cuts applied:  542
Lift and project cuts applied:  3
Gomory fractional cuts applied:  163

Root node processing (before b&c):
  Real time             =  313,87 sec. (195975,86 ticks)
Parallel b&c, 8 threads:
  Real time             = 5116,53 sec. (1219824,93 ticks)
  Sync time (average)   =  821,36 sec.
  Wait time (average)   =  821,96 sec.
                          ------------
Total (root+branch&cut) = 5430,40 sec. (1415800,79 ticks)

<<< solve


OBJECTIVE: 9503.4
avg_utility = 0.58998

<<< post process


<<< done

