
<<< setup


<<< generate

Found incumbent of value 0,000000 after 0,02 sec. (23,39 ticks)
Aggregator has done 102966 substitutions...
Tried aggregator 11 times.
MIP Presolve eliminated 110774 rows and 470917 columns.
MIP Presolve modified 37896 coefficients.
Aggregator did 131536 substitutions.
Reduced MIP has 75094 rows, 164348 columns, and 512492 nonzeros.
Reduced MIP has 17960 binaries, 0 generals, 0 SOSs, and 0 indicators.
Presolve time = 19,52 sec. (16552,37 ticks)
Probing time = 0,04 sec. (7,12 ticks)
Tried aggregator 1 time.
Reduced MIP has 75094 rows, 164348 columns, and 512492 nonzeros.
Reduced MIP has 17960 binaries, 0 generals, 0 SOSs, and 0 indicators.
Presolve time = 0,36 sec. (271,10 ticks)
Probing time = 0,04 sec. (7,54 ticks)
MIP emphasis: balance optimality and feasibility.
MIP search method: dynamic search.
Parallel mode: deterministic, using up to 8 threads.
Root relaxation solution time = 6,90 sec. (4102,99 ticks)

        Nodes                                         Cuts/
   Node  Left     Objective  IInf  Best Integer    Best Bound    ItCnt     Gap

*     0+    0                            0,0000    41822,0000              --- 
*     0+    0                         5347,9167    41822,0000           682,02%
      0     0    15868,9391  1990     5347,9167    15868,9391    24098  196,73%
      0     0    14704,8710  2225     5347,9167    Cuts: 6136    70374  174,96%
      0     0    13421,1503  2082     5347,9167    Cuts: 6924    84325  150,96%
      0     0    12401,9385  2029     5347,9167    Cuts: 6104    98936  131,90%
*     0+    0                        10199,2436    12401,9385            21,60%
*     0+    0                        10200,1350    12401,9385            21,59%
*     0+    0                        10251,6969    12401,9385            20,97%
*     0+    0                        10252,5555    12401,9385            20,96%
      0     0    11581,5929  1231    10252,5555    Cuts: 5371   153742   12,96%
      0     0    11079,2814   872    10252,5555    Cuts: 3416   178798    8,06%
      0     0    11048,4566   958    10252,5555    Cuts: 1992   203456    7,76%
*     0+    0                        10504,0367    11048,4566             5,18%
*     0+    0                        10601,4357    11048,4566             4,22%
*     0+    0                        10608,5500    11048,4566             4,15%
      0     0    10908,3457  1093    10608,5500    Cuts: 2310   221947    2,83%
      0     0    10732,1955   173    10608,5500    Cuts: 2983   246359    1,17%
*     0+    0                        10681,5667    10732,1955             0,47%

Implied bound cuts applied:  1638
Flow cuts applied:  27341
Mixed integer rounding cuts applied:  5679
Flow path cuts applied:  1009
Gomory fractional cuts applied:  400

Root node processing (before b&c):
  Real time             =  611,88 sec. (484045,33 ticks)
Parallel b&c, 8 threads:
  Real time             =    0,00 sec. (0,00 ticks)
  Sync time (average)   =    0,00 sec.
  Wait time (average)   =    0,00 sec.
                          ------------
Total (root+branch&cut) =  611,88 sec. (484045,33 ticks)

<<< solve


OBJECTIVE: 10681.57
avg_utility = 0.662464

<<< post process


<<< done

