
<<< setup


<<< generate

Found incumbent of value 0,000000 after 0,06 sec. (68,23 ticks)
Tried aggregator 10 times.
MIP Presolve eliminated 3612058 rows and 1255105 columns.
Aggregator did 18942 substitutions.
Reduced MIP has 1723 rows, 8610 columns, and 17220 nonzeros.
Reduced MIP has 0 binaries, 0 generals, 0 SOSs, and 0 indicators.
Presolve time = 2,76 sec. (5018,49 ticks)
Tried aggregator 1 time.
MIP Presolve eliminated 1693 rows and 8465 columns.
Reduced MIP has 30 rows, 145 columns, and 290 nonzeros.
Reduced MIP has 0 binaries, 0 generals, 0 SOSs, and 0 indicators.
Presolve time = 0,04 sec. (52,96 ticks)
Tried aggregator 1 time.
Reduced MIP has 30 rows, 145 columns, and 290 nonzeros.
Reduced MIP has 0 binaries, 0 generals, 0 SOSs, and 0 indicators.
Presolve time = 0,03 sec. (40,93 ticks)
MIP emphasis: balance optimality and feasibility.
MIP search method: dynamic search.
Parallel mode: deterministic, using up to 8 threads.
Root relaxation solution time = 0,00 sec. (0,19 ticks)

        Nodes                                         Cuts/
   Node  Left     Objective  IInf  Best Integer    Best Bound    ItCnt     Gap

*     0+    0                            0,0000     9584,1615              --- 
*     0     0      integral     0     1092,2753     1092,2753       62    0,00%
Elapsed time = 2,92 sec. (5257,60 ticks, tree = 0,00 MB, solutions = 2)

Root node processing (before b&c):
  Real time             =    2,98 sec. (5304,35 ticks)
Parallel b&c, 8 threads:
  Real time             =    0,00 sec. (0,00 ticks)
  Sync time (average)   =    0,00 sec.
  Wait time (average)   =    0,00 sec.
                          ------------
Total (root+branch&cut) =    2,98 sec. (5304,35 ticks)

<<< solve


OBJECTIVE: 1092.275
avg_utility = 0.334438

<<< post process


<<< done

