
<<< setup


<<< generate

Tried aggregator 2 times.
MIP Presolve eliminated 138508 rows and 132427 columns.
MIP Presolve modified 2042 coefficients.
Aggregator did 15040 substitutions.
Reduced MIP has 4490 rows, 8568 columns, and 16728 nonzeros.
Reduced MIP has 3558 binaries, 930 generals, 0 SOSs, and 0 indicators.
Presolve time = 0,94 sec. (2975,12 ticks)
Found incumbent of value 0,000000 after 0,97 sec. (2986,14 ticks)
Probing time = 0,00 sec. (1,95 ticks)
Tried aggregator 1 time.
Presolve time = 0,01 sec. (8,11 ticks)
Probing time = 0,02 sec. (1,95 ticks)
Clique table members: 253.
MIP emphasis: balance optimality and feasibility.
MIP search method: dynamic search.
Parallel mode: deterministic, using up to 24 threads.
Root relaxation solution time = 0,02 sec. (14,55 ticks)

        Nodes                                         Cuts/
   Node  Left     Objective  IInf  Best Integer    Best Bound    ItCnt     Gap

*     0+    0                            0,0000     3921,0000      447     --- 
      0     0      795,6500     7        0,0000      795,6500      447     --- 
      0     0      795,6500     3        0,0000     Covers: 1      450     --- 
      0     0      795,6500     6        0,0000     Covers: 1      456     --- 
      0     0      795,6067    13        0,0000       Cuts: 2      460     --- 
*     0+    0                          795,0000      795,6067      460    0,08%

Repeating presolve.
Tried aggregator 2 times.
MIP Presolve eliminated 1496 rows and 2992 columns.
MIP Presolve modified 1259 coefficients.
Aggregator did 3 substitutions.
Reduced MIP has 2991 rows, 5573 columns, and 10729 nonzeros.
Reduced MIP has 2368 binaries, 621 generals, 0 SOSs, and 0 indicators.
Presolve time = 0,01 sec. (9,60 ticks)
Probing time = 0,00 sec. (1,11 ticks)
Tried aggregator 1 time.
Presolve time = 0,01 sec. (5,71 ticks)
Represolve time = 0,05 sec. (28,90 ticks)
Probing time = 0,00 sec. (1,11 ticks)
Clique table members: 314.
MIP emphasis: balance optimality and feasibility.
MIP search method: dynamic search.
Parallel mode: deterministic, using up to 24 threads.
Root relaxation solution time = 0,02 sec. (19,27 ticks)

        Nodes                                         Cuts/
   Node  Left     Objective  IInf  Best Integer    Best Bound    ItCnt     Gap

*     0+    0                          795,0000      795,6067     1405    0,08%
      0     0      795,6067     9      795,0000      795,6067     1405    0,08%
      0     1      795,6067     9      795,0000      795,6067     1405    0,08%
Elapsed time = 3,10 sec. (5054,80 ticks, tree = 0,01 MB, solutions = 2)
     59     6      795,5442     4      795,0000      795,5442     1496    0,07%

Cover cuts applied:  16
Implied bound cuts applied:  2
Flow cuts applied:  1

Root node processing (before b&c):
  Real time             =    2,05 sec. (2047,47 ticks)
Parallel b&c, 24 threads:
  Real time             =    0,71 sec. (394,01 ticks)
  Sync time (average)   =    0,04 sec.
  Wait time (average)   =    0,00 sec.
                          ------------
Total (root+branch&cut) =    2,76 sec. (2441,48 ticks)

<<< solve


OBJECTIVE: 795
avg_utility = 0.6082631981637279

<<< post process


<<< done

