
<<< setup


<<< generate

Found incumbent of value 0.000000 after 0.02 sec. (7.06 ticks)
Tried aggregator 2 times.
MIP Presolve eliminated 236877 rows and 137750 columns.
MIP Presolve modified 6280 coefficients.
Aggregator did 6265 substitutions.
Reduced MIP has 16711 rows, 26098 columns, and 67856 nonzeros.
Reduced MIP has 5220 binaries, 0 generals, 0 SOSs, and 0 indicators.
Presolve time = 0.49 sec. (224.26 ticks)
Probing time = 0.01 sec. (1.40 ticks)
Tried aggregator 1 time.
Reduced MIP has 16711 rows, 26098 columns, and 67856 nonzeros.
Reduced MIP has 5220 binaries, 0 generals, 0 SOSs, and 0 indicators.
Presolve time = 0.09 sec. (37.57 ticks)
Probing time = 0.03 sec. (1.40 ticks)
MIP emphasis: balance optimality and feasibility.
MIP search method: dynamic search.
Parallel mode: deterministic, using up to 8 threads.
Root relaxation solution time = 0.13 sec. (74.12 ticks)

        Nodes                                         Cuts/
   Node  Left     Objective  IInf  Best Integer    Best Bound    ItCnt     Gap

*     0+    0                            0.0000    10510.1693              --- 
      0     0     2450.0000  1014        0.0000     2450.0000     2088     --- 
*     0+    0                         1970.0247     2450.0000            24.36%
      0     0     2389.3722   855     1970.0247    Cuts: 2228     4771   21.29%
      0     0     2332.7339   810     1970.0247    Cuts: 1910     7629   18.41%
      0     0     2275.9032   691     1970.0247    Cuts: 1620    10635   15.53%
*     0+    0                         2101.9383     2275.9032             8.28%
      0     0     2235.9592   603     2101.9383    Cuts: 1379    12322    6.38%
      0     0     2183.7205   174     2101.9383    Cuts: 1200    15383    3.89%
*     0+    0                         2123.7983     2183.7205             2.82%
      0     0     2172.1461   177     2123.7983     Cuts: 343    16167    2.28%
*     0+    0                         2148.6170     2172.1461             1.10%
      0     0     2170.9302   171     2148.6170     Cuts: 357    16848    1.04%
      0     0     2170.4963   181     2148.6170     Cuts: 388    17360    1.02%
      0     0     2170.4963   194     2148.6170     Cuts: 534    17817    1.02%
*     0+    0                         2151.2025     2170.4963             0.90%

Implied bound cuts applied:  212
Flow cuts applied:  6349
Mixed integer rounding cuts applied:  2947
Gomory fractional cuts applied:  400

Root node processing (before b&c):
  Real time             =   12.58 sec. (7571.78 ticks)
Parallel b&c, 8 threads:
  Real time             =    0.00 sec. (0.00 ticks)
  Sync time (average)   =    0.00 sec.
  Wait time (average)   =    0.00 sec.
                          ------------
Total (root+branch&cut) =   12.58 sec. (7571.78 ticks)

<<< solve


OBJECTIVE: 2151.202
avg_utility = 0.878042

<<< post process


<<< done

