
<<< setup


<<< generate

Found incumbent of value 0,000000 after 0,02 sec. (16,90 ticks)
Tried aggregator 4 times.
MIP Presolve eliminated 179316 rows and 389565 columns.
MIP Presolve modified 4928 coefficients.
Aggregator did 108679 substitutions.
Reduced MIP has 12885 rows, 30477 columns, and 94540 nonzeros.
Reduced MIP has 2820 binaries, 0 generals, 0 SOSs, and 0 indicators.
Presolve time = 3,56 sec. (3258,87 ticks)
Probing time = 0,01 sec. (1,40 ticks)
Tried aggregator 1 time.
Reduced MIP has 12885 rows, 30477 columns, and 94540 nonzeros.
Reduced MIP has 2820 binaries, 0 generals, 0 SOSs, and 0 indicators.
Presolve time = 0,05 sec. (45,04 ticks)
Probing time = 0,01 sec. (1,40 ticks)
MIP emphasis: balance optimality and feasibility.
MIP search method: dynamic search.
Parallel mode: deterministic, using up to 8 threads.
Root relaxation solution time = 0,36 sec. (289,75 ticks)

        Nodes                                         Cuts/
   Node  Left     Objective  IInf  Best Integer    Best Bound    ItCnt     Gap

*     0+    0                         1581,0000    18885,2000              --- 
      0     0     3533,3500   119     1581,0000     3533,3500     2551  123,49%
*     0+    0                         3533,3500     3533,3500             0,00%
      0     0        cutoff           3533,3500     3533,3500     2582    0,00%
Elapsed time = 6,48 sec. (6200,86 ticks, tree = 0,00 MB, solutions = 2)

Flow cuts applied:  18
Mixed integer rounding cuts applied:  4

Root node processing (before b&c):
  Real time             =    6,50 sec. (6223,40 ticks)
Parallel b&c, 8 threads:
  Real time             =    0,00 sec. (0,00 ticks)
  Sync time (average)   =    0,00 sec.
  Wait time (average)   =    0,00 sec.
                          ------------
Total (root+branch&cut) =    6,50 sec. (6223,40 ticks)

<<< solve


OBJECTIVE: 3533.35
avg_utility = 0.450051

<<< post process


<<< done

