
<<< setup


<<< generate

Found incumbent of value 0,000000 after 0,05 sec. (29,98 ticks)
Aggregator has done 84284 substitutions...
Aggregator has done 113314 substitutions...
Tried aggregator 18 times.
MIP Presolve eliminated 88744 rows and 434244 columns.
MIP Presolve modified 82471 coefficients.
Aggregator did 136213 substitutions.
Reduced MIP has 155300 rows, 421704 columns, and 1144855 nonzeros.
Reduced MIP has 37185 binaries, 0 generals, 0 SOSs, and 0 indicators.
Presolve time = 52,84 sec. (28998,05 ticks)
Probing time = 0,32 sec. (14,37 ticks)
Tried aggregator 1 time.
Reduced MIP has 155300 rows, 421704 columns, and 1144855 nonzeros.
Reduced MIP has 37185 binaries, 0 generals, 0 SOSs, and 0 indicators.
Presolve time = 1,30 sec. (488,17 ticks)
Probing time = 0,27 sec. (14,55 ticks)
MIP emphasis: balance optimality and feasibility.
MIP search method: dynamic search.
Parallel mode: deterministic, using up to 24 threads.
Root relaxation solution time = 1,90 sec. (735,67 ticks)

        Nodes                                         Cuts/
   Node  Left     Objective  IInf  Best Integer    Best Bound    ItCnt     Gap

*     0+    0                            0,0000    46965,0000              --- 
      0     0    15655,0000  3433        0,0000    15655,0000     7420     --- 
      0     0    14864,8161  2703        0,0000    Cuts: 9654    28508     --- 
      0     0    14226,2924  3055        0,0000    Cuts: 9305    47583     --- 
      0     0    13532,9946  2987        0,0000    Cuts: 9469    59539     --- 
      0     0    12946,8753  3038        0,0000    Cuts: 9560    76573     --- 
      0     0    12395,6977  2362        0,0000    Cuts: 9531    93506     --- 
      0     0    12168,7706  2653        0,0000    Cuts: 9709   111198     --- 
      0     0    12030,3216  2399        0,0000    Cuts: 9691   125965     --- 
      0     0    11847,7494  2084        0,0000    Cuts: 9762   135906     --- 
*     0+    0                         9979,7199    11847,7494            18,72%
      0     0    11727,6047  2251     9979,7199    Cuts: 8925   146418   17,51%
*     0+    0                        10303,8847    11727,6047            13,82%
      0     0    11629,0949  1893    10303,8847    Cuts: 9652   155885   12,86%
      0     0    11552,1462  1747    10303,8847    Cuts: 8560   164942   12,11%
*     0+    0                        10440,5304    11552,1462            10,65%
      0     0    11474,0703  1361    10440,5304    Cuts: 7882   189201    9,90%
*     0+    0                        10506,2760    11474,0703             9,21%
      0     0    11413,4684  1232    10506,2760    Cuts: 5894   213600    8,63%
*     0+    0                        10555,9074    11413,4684             8,12%
      0     0    11362,9117  1061    10555,9074    Cuts: 5152   237804    7,65%
*     0+    0                        10582,4717    11362,9117             7,37%
      0     0    11307,4920   942    10582,4717    Cuts: 4358   263848    6,85%
*     0+    0                        10602,9597    11307,4920             6,64%
      0     0    11277,2708   800    10602,9597    Cuts: 4039   285702    6,36%
*     0+    0                        10620,1607    11277,2708             6,19%
      0     0    11256,2460   903    10620,1607    Cuts: 3334   310368    5,99%
*     0+    0                        10631,9124    11256,2460             5,87%
      0     0    11239,1813   638    10631,9124    Cuts: 3664   327104    5,71%
      0     0    11220,7401   654    10631,9124    Cuts: 2529   347512    5,54%
*     0+    0                        10640,5562    11220,7401             5,45%
      0     0    11208,8059   404    10640,5562    Cuts: 2395   363130    5,34%
*     0+    0                        10649,4697    11208,8059             5,25%
      0     0    11196,8410   387    10649,4697    Cuts: 1620   387063    5,14%
      0     0    11187,6375   435    10649,4697    Cuts: 1531   425970    5,05%
*     0+    0                        10659,8180    11187,6375             4,95%
      0     0    11179,9496   210    10659,8180    Cuts: 1420   463747    4,88%
*     0+    0                        10675,5557    11179,9496             4,72%
      0     0    11174,1325   154    10675,5557     Cuts: 651   490504    4,67%
*     0+    0                        10915,2904    11174,1325             2,37%
      0     0    11171,5217   136    10915,2904     Cuts: 647   516740    2,35%
*     0+    0                        10927,1383    11171,5217             2,24%
      0     0    11169,3936   113    10927,1383     Cuts: 564   542532    2,22%
*     0+    0                        11052,8950    11169,3936             1,05%
      0     2    11169,3936   113    11052,8950    11169,3936   542532    1,05%
Elapsed time = 6534,48 sec. (4204333,92 ticks, tree = 0,00 MB, solutions = 17)
      1     3    11169,3936   114    11052,8950    11169,3936   548795    1,05%
      2     4    11169,3451   114    11052,8950    11169,3936   551206    1,05%
      3     5    11169,3686   120    11052,8950    11169,3922   551395    1,05%
      4     6    11169,3167   115    11052,8950    11169,3922   574294    1,05%
      7     9    11169,2953   125    11052,8950    11169,3922   593620    1,05%
      9    11    11168,9131   112    11052,8950    11169,3922   612191    1,05%
     11    13    11167,8830   140    11052,8950    11169,3672   613366    1,05%
     12    14    11168,1569   146    11052,8950    11169,3672   629717    1,05%
     14    16    11167,9231   135    11052,8950    11169,3672   647874    1,05%
     15    17    11167,6063   132    11052,8950    11169,3672   668096    1,05%
Elapsed time = 7918,81 sec. (5011610,69 ticks, tree = 0,00 MB, solutions = 17)
     16    18    11167,6203   144    11052,8950    11169,3672  1342866    1,05%
     21    23    11167,5299   135    11052,8950    11169,3672  1404786    1,05%
     25    27    11167,8155   141    11052,8950    11169,3672  1416875    1,05%
     26    28    11168,0136   146    11052,8950    11169,3672  1426862    1,05%
     28    30    11167,8125   117    11052,8950    11169,3672  1438249    1,05%
     30    32    11167,1269   152    11052,8950    11169,3672  1462382    1,05%
*    32+   32                        11100,0856    11169,3672             0,62%
*    32+   31                        11106,5164    11169,3672             0,57%

Cover cuts applied:  1
Implied bound cuts applied:  626
Flow cuts applied:  69600
Mixed integer rounding cuts applied:  30559
Flow path cuts applied:  7066
Gomory fractional cuts applied:  306

Root node processing (before b&c):
  Real time             = 6530,75 sec. (4202659,64 ticks)
Parallel b&c, 24 threads:
  Real time             = 4734,59 sec. (2870711,20 ticks)
  Sync time (average)   = 4305,21 sec.
  Wait time (average)   = 4306,02 sec.
                          ------------
Total (root+branch&cut) = 11265,35 sec. (7073370,84 ticks)

<<< solve


OBJECTIVE: 11106.52
avg_utility = 0.709455

<<< post process


<<< done

