
<<< setup


<<< generate

Found incumbent of value 0,000000 after 0,03 sec. (16,97 ticks)
Tried aggregator 4 times.
MIP Presolve eliminated 179414 rows and 390616 columns.
MIP Presolve modified 4987 coefficients.
Aggregator did 108467 substitutions.
Reduced MIP has 13669 rows, 32038 columns, and 102604 nonzeros.
Reduced MIP has 2796 binaries, 0 generals, 0 SOSs, and 0 indicators.
Presolve time = 5,10 sec. (3647,95 ticks)
Probing time = 0,15 sec. (1,23 ticks)
Tried aggregator 1 time.
Reduced MIP has 13669 rows, 32038 columns, and 102604 nonzeros.
Reduced MIP has 2796 binaries, 0 generals, 0 SOSs, and 0 indicators.
Presolve time = 0,08 sec. (47,94 ticks)
Probing time = 0,04 sec. (1,24 ticks)
MIP emphasis: balance optimality and feasibility.
MIP search method: dynamic search.
Parallel mode: deterministic, using up to 24 threads.
Root relaxation solution time = 0,28 sec. (200,49 ticks)

        Nodes                                         Cuts/
   Node  Left     Objective  IInf  Best Integer    Best Bound    ItCnt     Gap

*     0+    0                         1706,0000    19784,0000              --- 
      0     0     7868,0000  1551     1706,0000     7868,0000     4292  361,20%
*     0+    0                         5522,5831     7868,0000            42,47%
      0     0     6214,1329    56     5522,5831    Cuts: 3517    19411   12,52%
      0     0     5877,1954     2     5522,5831     Cuts: 479    25376    6,42%
      0     0     5877,0324     2     5522,5831       Cuts: 8    25969    6,42%
*     0+    0                         5853,8243     5877,0324             0,40%

Implied bound cuts applied:  125
Flow cuts applied:  2519
Mixed integer rounding cuts applied:  805
Flow path cuts applied:  241
Gomory fractional cuts applied:  221

Root node processing (before b&c):
  Real time             =   18,69 sec. (15220,69 ticks)
Parallel b&c, 24 threads:
  Real time             =    0,00 sec. (0,00 ticks)
  Sync time (average)   =    0,00 sec.
  Wait time (average)   =    0,00 sec.
                          ------------
Total (root+branch&cut) =   18,69 sec. (15220,69 ticks)

<<< solve


OBJECTIVE: 5853.824
avg_utility = 0.744004

<<< post process


<<< done

