
<<< setup


<<< generate

Found incumbent of value 0,000000 after 0,07 sec. (65,47 ticks)
Tried aggregator 6 times.
MIP Presolve eliminated 3405907 rows and 1234251 columns.
MIP Presolve modified 1184 coefficients.
Aggregator did 11811 substitutions.
Reduced MIP has 4726 rows, 10627 columns, and 23616 nonzeros.
Reduced MIP has 1181 binaries, 0 generals, 0 SOSs, and 0 indicators.
Presolve time = 2,08 sec. (3509,55 ticks)
Probing time = 0,00 sec. (0,46 ticks)
Tried aggregator 1 time.
Reduced MIP has 4726 rows, 10627 columns, and 23616 nonzeros.
Reduced MIP has 1181 binaries, 0 generals, 0 SOSs, and 0 indicators.
Presolve time = 0,04 sec. (54,59 ticks)
Probing time = 0,00 sec. (0,46 ticks)
MIP emphasis: balance optimality and feasibility.
MIP search method: dynamic search.
Parallel mode: deterministic, using up to 8 threads.
Root relaxation solution time = 0,12 sec. (173,54 ticks)

        Nodes                                         Cuts/
   Node  Left     Objective  IInf  Best Integer    Best Bound    ItCnt     Gap

*     0+    0                            0,0000     8755,6145              --- 
*     0+    0                         1774,1038     8755,6145           393,52%
      0     0     2041,0000   166     1774,1038     2041,0000     4392   15,04%
*     0+    0                         2031,1250     2041,0000             0,49%

Root node processing (before b&c):
  Real time             =    2,49 sec. (3961,50 ticks)
Parallel b&c, 8 threads:
  Real time             =    0,00 sec. (0,00 ticks)
  Sync time (average)   =    0,00 sec.
  Wait time (average)   =    0,00 sec.
                          ------------
Total (root+branch&cut) =    2,49 sec. (3961,50 ticks)

<<< solve


OBJECTIVE: 2031.125
avg_utility = 0.995162

<<< post process


<<< done

