
<<< setup


<<< generate

Found incumbent of value 0,000000 after 0,01 sec. (13,50 ticks)
Tried aggregator 5 times.
MIP Presolve eliminated 342843 rows and 206721 columns.
MIP Presolve modified 13942 coefficients.
Aggregator did 70721 substitutions.
Reduced MIP has 36664 rows, 69839 columns, and 222315 nonzeros.
Reduced MIP has 2009 binaries, 0 generals, 0 SOSs, and 0 indicators.
Presolve time = 4,23 sec. (4332,86 ticks)
Probing time = 0,02 sec. (2,97 ticks)
Tried aggregator 1 time.
Reduced MIP has 36664 rows, 69839 columns, and 222315 nonzeros.
Reduced MIP has 2009 binaries, 0 generals, 0 SOSs, and 0 indicators.
Presolve time = 0,16 sec. (106,16 ticks)
Probing time = 0,02 sec. (3,09 ticks)
MIP emphasis: balance optimality and feasibility.
MIP search method: dynamic search.
Parallel mode: deterministic, using up to 8 threads.
Root relaxation solution time = 0,23 sec. (156,53 ticks)

        Nodes                                         Cuts/
   Node  Left     Objective  IInf  Best Integer    Best Bound    ItCnt     Gap

*     0+    0                            0,0000    13536,0000              --- 
      0     0     3777,0000   943        0,0000     3777,0000     2266     --- 
*     0+    0                         2197,2000     3777,0000            71,90%
      0     0     3561,1154   407     2197,2000    Cuts: 2868    41101   62,08%
      0     0     3465,8911   631     2197,2000    Cuts: 2221    52535   57,74%
      0     0     3322,4078   562     2197,2000    Cuts: 3346    68369   51,21%
*     0+    0                         2355,4000     3322,4078            41,05%
*     0+    0                         2615,9071     3322,4078            27,01%
*     0+    0                         2617,5929     3322,4078            26,93%
*     0+    0                         2617,8821     3322,4078            26,91%
*     0+    0                         2618,9464     3322,4078            26,86%
      0     0     3214,8904   566     2618,9464    Cuts: 3673    85119   22,76%
      0     0     3130,1422   566     2618,9464    Cuts: 3789    93358   19,52%
      0     0     3077,7766   304     2618,9464    Cuts: 4289   117842   17,52%
*     0+    0                         2669,7900     3077,7766            15,28%
*     0+    0                         2726,2471     3077,7766            12,89%
*     0+    0                         2736,2471     3077,7766            12,48%
      0     0     3053,2428   109     2736,2471    Cuts: 2245   130750   11,59%
      0     0     3051,6699   124     2736,2471     Cuts: 630   136278   11,53%
      0     0     3050,8407   125     2736,2471     Cuts: 746   145894   11,50%
*     0+    0                         2799,5320     3050,8407             8,98%
*     0+    0                         2801,2720     3050,8407             8,91%
      0     0     3050,2550   130     2801,2720     Cuts: 579   153323    8,89%
      0     0     3049,5410    91     2801,2720     Cuts: 716   159016    8,86%
      0     0     3049,2144    87     2801,2720     Cuts: 299   168615    8,85%
*     0+    0                         2821,8000     3049,2144             8,06%
*     0+    0                         2822,9000     3049,2144             8,02%
      0     0     3049,0777    92     2822,9000     Cuts: 299   180286    8,01%
Heuristic still looking.
*     0+    0                         2826,6457     3049,0777             7,87%
*     0+    0                         2828,4657     3049,0777             7,80%
*     0+    0                         2828,6133     3049,0777             7,79%
      0     2     3049,0777    92     2828,6133     3049,0777   180286    7,79%
Elapsed time = 340,76 sec. (225875,72 ticks, tree = 0,00 MB, solutions = 17)
      1     3     3033,7999    71     2828,6133     3049,0777   188243    7,79%
      3     5     3033,5932    70     2828,6133     3037,7775   188308    7,39%
      4     6     3031,7717    91     2828,6133     3037,7775   209030    7,39%
      6     6     3030,4630    72     2828,6133     3037,7775   238557    7,39%
      7     7     3026,0951    64     2828,6133     3033,7695   249468    7,25%
      9     9     2965,1039    59     2828,6133     3033,7695   269586    7,25%
     11    11     2951,8382    57     2828,6133     3033,7695   274292    7,25%
     12    12     2961,4622    59     2828,6133     3033,7695   276766    7,25%
     13    13     3014,4853    64     2828,6133     3033,7695   278406    7,25%
     14    14     3016,7185    67     2828,6133     3033,7695   289893    7,25%
Elapsed time = 507,70 sec. (309198,52 ticks, tree = 0,00 MB, solutions = 17)
     15    15     2948,9539    55     2828,6133     3033,7695   312925    7,25%
*    16+   14                         2839,7500     3033,7695             6,83%
     16    16     3008,1769    60     2839,7500     3033,7695   344541    6,83%
*    17+   15                         2839,9900     3033,7695             6,82%
*    18+   16                         2841,6600     3033,7695             6,76%
*    18+   16                         2845,3400     3033,7695             6,62%
     18    18     2949,0711    54     2845,3400     3033,7695   384883    6,62%
     23    23     3017,1268    60     2845,3400     3033,7695   433080    6,62%
     25    25     2956,1289    59     2845,3400     3033,7695   452663    6,62%
     32    32     2938,1350    52     2845,3400     3033,7695   514795    6,62%
     34    34     3016,1902    62     2845,3400     3033,7695   534577    6,62%
     39    39     2945,9228    52     2845,3400     3033,7695   565356    6,62%
     50    50     3017,1733    64     2845,3400     3033,7695   633376    6,62%
     51    51     2997,7638    44     2845,3400     3033,7695   641589    6,62%
Elapsed time = 810,29 sec. (395001,69 ticks, tree = 0,00 MB, solutions = 24)
     60    60     2980,6463    45     2845,3400     3033,7695   691964    6,62%
*    61+   59                         2872,0000     3033,7695             5,63%
     61    61     3013,7563    59     2872,0000     3033,7695   698468    5,63%
     69    69     3012,3518    57     2872,0000     3033,7695   782582    5,63%
     90    90     2991,1123    50     2872,0000     3033,7695   952468    5,63%
    158   153     2985,2963    45     2872,0000     3033,7695  1277554    5,63%
    166   161     2981,5812    42     2872,0000     3033,7695  1326199    5,63%
    182   176     2967,8353    32     2872,0000     3033,7695  1384459    5,63%
    198   186     2967,0933    28     2872,0000     3033,7695  1433285    5,63%
    199   187     2999,7253    49     2872,0000     3033,7695  1443534    5,63%
    207   191     2996,0056    46     2872,0000     3033,7695  1465475    5,63%
Elapsed time = 1501,50 sec. (518855,99 ticks, tree = 0,00 MB, solutions = 27)
    214   198     2960,3681    33     2872,0000     3033,7695  1490931    5,63%
*   217+  199                         2874,0500     3033,7695             5,56%
    223   203     2987,9874    44     2874,0500     3033,7695  1516880    5,56%
    231   211     2990,6784    46     2874,0500     3033,7695  1557595    5,56%
    239   219     2983,8066    49     2874,0500     3033,7695  1577902    5,56%
    305   269     2997,3511    54     2874,0500     3033,7695  1806468    5,56%
    314   271     2944,9764    32     2874,0500     3033,7695  1832794    5,56%
    315   272     2987,9144    47     2874,0500     3033,7695  1848196    5,56%
    322   279     2922,7500    14     2874,0500     3033,7695  1881966    5,56%
    330   287     2919,3773    13     2874,0500     3033,7695  1907081    5,56%
    331   288     2982,1571    42     2874,0500     3033,7695  1927406    5,56%
Elapsed time = 1788,90 sec. (570396,52 ticks, tree = 10,41 MB, solutions = 28)
    339   294     2981,0736    44     2874,0500     3033,7695  1949740    5,56%
    347   300     2970,1603    37     2874,0500     3033,7695  1985407    5,56%
    363   313     2890,5925    34     2874,0500     3033,7695  2070094    5,56%
    371   319     2966,8377    44     2874,0500     3033,7695  2107978    5,56%
    379   325     2949,9224    48     2874,0500     3033,7695  2141993    5,56%
    431   365     2994,5071    42     2874,0500     3033,7695  2417839    5,56%
    437   367     2941,9551    57     2874,0500     3033,7695  2438426    5,56%
    450   380     2891,6781    26     2874,0500     3033,7695  2539456    5,56%
    453   383     2993,5251    47     2874,0500     3033,7695  2586616    5,56%
    459   387     2953,1879    88     2874,0500     3033,7695  2735038    5,56%
Elapsed time = 2161,16 sec. (642073,74 ticks, tree = 14,70 MB, solutions = 28)
    461   389     2982,0172    36     2874,0500     3033,7695  2782759    5,56%
    469   397     2979,0949    35     2874,0500     3033,7695  2853252    5,56%
    477   405     2963,6996    38     2874,0500     3033,7695  2895860    5,56%
    493   417     2902,5111    40     2874,0500     3033,7695  3064272    5,56%
    501   423     2973,4007    46     2874,0500     3033,7695  3120031    5,56%
    502   424     2981,9117    34     2874,0500     3033,7695  3124329    5,56%
    510   432     2979,3961    36     2874,0500     3033,7695  3177368    5,56%
*   515+  433                         2877,8500     3033,7695             5,42%
    518   438     2958,5172    75     2877,8500     3033,7695  3276748    5,42%
*   527+  445                         2893,2000     3033,7695             4,86%
*   612   504      integral     0     2897,2750     3033,7695  4094599    4,71%
*   612   504      integral     0     2897,2750     3033,7695  4094599    4,71%
    615   416     2987,3571    38     2897,2750     3033,7695  4147149    4,71%
Elapsed time = 2656,88 sec. (729903,23 ticks, tree = 7,25 MB, solutions = 31)
    623   424     2983,4256    55     2897,2750     3033,7695  4209552    4,71%
    624   425     2921,0030    65     2897,2750     3033,7695  4216040    4,71%
    632   433     2919,4201    64     2897,2750     3033,7695  4279459    4,71%
    636   437     2987,2679    53     2897,2750     3033,7695  4311956    4,71%
    652   453     2976,1781    55     2897,2750     3033,7695  4392923    4,71%
    668   468     2964,1851    51     2897,2750     3033,7695  4501081    4,71%
    835   619     2963,9444    50     2897,2750     3014,3762  4826825    4,04%
    837   621     2934,3958    41     2897,2750     3014,3762  4832090    4,04%
    838   622     2938,4753    36     2897,2750     3014,3762  4832964    4,04%
    846   630     2935,3929    35     2897,2750     3014,3762  4882763    4,04%
Elapsed time = 3222,47 sec. (825222,67 ticks, tree = 11,53 MB, solutions = 31)
    853   637     2931,4791    44     2897,2750     3014,3762  4930445    4,04%
    861   643     2923,4193    41     2897,2750     3014,3762  4947108    4,04%
    862   644     2932,9313    47     2897,2750     3014,3762  4952935    4,04%
    870   650     2929,2259    33     2897,2750     3014,3762  4993434    4,04%
    873   653     3004,9618    57     2897,2750     3014,3762  5034229    4,04%
    878   658     2909,1256    31     2897,2750     3014,3762  5060911    4,04%
    881   661     2999,2927    42     2897,2750     3014,3762  5084330    4,04%
    889   669     2997,3326    41     2897,2750     3014,3762  5133247    4,04%
    894   674     2908,4281    27     2897,2750     3014,3762  5154827    4,04%
    897   677     2991,0099    51     2897,2750     3014,3762  5210835    4,04%
Elapsed time = 3518,45 sec. (876678,65 ticks, tree = 11,53 MB, solutions = 31)
    905   685     2984,6402    59     2897,2750     3014,3762  5263847    4,04%
    913   693     2980,1235    46     2897,2750     3014,3762  5348721    4,04%
    921   699     2979,6947    44     2897,2750     3014,3762  5414584    4,04%
    929   704     2975,9014    43     2897,2750     3014,3762  5452232    4,04%
    983   733     3008,7533    53     2897,2750     3014,3762  5966577    4,04%
   1000   746     3002,9509    38     2897,2750     3013,2241  6073769    4,00%
   1006   752     2911,9790    54     2897,2750     3013,2241  6113830    4,00%
   1008   754     3000,2676    38     2897,2750     3013,2241  6129923    4,00%
   1014   760     2910,5595    54     2897,2750     3013,2241  6153447    4,00%
   1022   768     2906,2512    53     2897,2750     3013,2241  6207341    4,00%
Elapsed time = 3901,61 sec. (935927,21 ticks, tree = 13,92 MB, solutions = 31)
   1030   776     2900,9720    52     2897,2750     3013,2241  6284623    4,00%
   1033   779     2997,5638    40     2897,2750     3013,2241  6313952    4,00%
   1037   781     2980,5790    50     2897,2750     3013,2241  6359057    4,00%
   1038   782     2900,7326    53     2897,2750     3013,2241  6368577    4,00%
   1041   785     2991,0095    52     2897,2750     3013,2241  6396036    4,00%
   1048   788     2978,8475    41     2897,2750     3013,2241  6415644    4,00%
   1049   789     2984,4118    48     2897,2750     3013,2241  6439853    4,00%
   1057   793     2980,5790    50     2897,2750     3013,2241  6469785    4,00%
   1064   798     2970,2903    44     2897,2750     3013,2241  6557073    4,00%
   1065   799     2977,4376    50     2897,2750     3013,2241  6583859    4,00%
Elapsed time = 4235,12 sec. (996001,09 ticks, tree = 13,92 MB, solutions = 31)
   1073   807     2975,7280    51     2897,2750     3013,2241  6677893    4,00%
   1086   820     2968,9266    44     2897,2750     3013,2241  6720375    4,00%
   1094   828     2967,0772    43     2897,2750     3013,2241  6791634    4,00%
   1097   831     2970,1226    45     2897,2750     3013,2241  6827165    4,00%
   1154   879     2968,6841    27     2897,2750     3013,2241  7174033    4,00%
   1162   887     2965,2099    29     2897,2750     3013,2241  7225861    4,00%
   1167   892     2903,0281    72     2897,2750     3013,2241  7271125    4,00%
   1175   900     2902,4340    72     2897,2750     3013,2241  7334804    4,00%
   1183   907     2898,5002    72     2897,2750     3013,2241  7372572    4,00%
   1194   916     2957,3373    36     2897,2750     3013,2241  7458622    4,00%
Elapsed time = 4735,40 sec. (1068381,36 ticks, tree = 16,52 MB, solutions = 31)
   1199   921     3000,1890    42     2897,2750     3013,2241  7498635    4,00%
   1207   929     2994,8557    42     2897,2750     3013,2241  7571408    4,00%
   1214   936     2930,8573    42     2897,2750     3013,2241  7617635    4,00%
   1222   944     2929,6550    41     2897,2750     3013,2241  7673843    4,00%
   1223   945     2987,4887    42     2897,2750     3013,2241  7702763    4,00%
   1231   953     2980,9333    54     2897,2750     3013,2241  7754847    4,00%
   1239   960     2974,6368    55     2897,2750     3013,2241  7806206    4,00%
   1247   966     2974,0569    54     2897,2750     3013,2241  7872240    4,00%
   1263   982     2968,1715    52     2897,2750     3013,2241  8014142    4,00%
   1271   990     2964,6715    51     2897,2750     3013,2241  8072135    4,00%
Elapsed time = 5332,03 sec. (1165797,42 ticks, tree = 16,52 MB, solutions = 31)
   1303  1010     3005,0841    49     2897,2750     3013,2241  8278197    4,00%
   1350  1046     2914,5796    40     2897,2750     3009,1492  8572811    3,86%
   1351  1047     2974,3876    50     2897,2750     3009,1492  8587359    3,86%
   1366  1062     2912,8626    39     2897,2750     3009,1492  8851931    3,86%
   1374  1070     2907,4192    49     2897,2750     3009,1492  8939038    3,86%
   1382  1078     2907,5931    38     2897,2750     3009,1492  9071997    3,86%
   1390  1084     2903,8621    51     2897,2750     3009,1492  9155577    3,86%
   1406  1091     2898,0800    50     2897,2750     3009,1492  9437033    3,86%
   1414  1097     3000,8375    47     2897,2750     3009,1492  9644094    3,86%
   1422  1105     2995,1081    42     2897,2750     3009,1492  9743180    3,86%
Elapsed time = 5924,74 sec. (1285186,42 ticks, tree = 19,87 MB, solutions = 31)
   1430  1113     2990,8639    44     2897,2750     3009,1492  9845752    3,86%
   1446  1129     2984,4481    51     2897,2750     3009,1492 10010475    3,86%
   1454  1135     2981,0051    62     2897,2750     3009,1492 10139854    3,86%
   1462  1141     2977,6831    69     2897,2750     3009,1492 10249243    3,86%
*  1467+ 1142                         2901,3750     3009,1492             3,71%
*  1467+ 1142                         2902,5000     3009,1492             3,67%
*  1467+ 1142                         2908,2750     3009,1492             3,47%
   1470  1147     2976,4499    70     2908,2750     3009,1492 10383355    3,47%
   1611  1265     3001,1194    49     2908,2750     3009,1492 12463567    3,47%
   1624  1029     2970,2110    95     2908,2750     3003,2570 12772715    3,27%
   1631  1036     2932,2752    65     2908,2750     3003,2570 12830199    3,27%
   1632  1037     2967,2022    90     2908,2750     3003,2570 12847949    3,27%
   1640  1045     2963,0053    91     2908,2750     3003,2570 12940188    3,27%
Elapsed time = 6460,86 sec. (1395212,90 ticks, tree = 20,09 MB, solutions = 39)
   1648  1051     2959,0641    94     2908,2750     3003,2570 13004916    3,27%
   1656  1059     2954,4522   103     2908,2750     3003,2570 13057694    3,27%
   1664  1063     2949,2306   109     2908,2750     3003,2570 13111954    3,27%
   1674  1071     2976,6841    50     2908,2750     3003,2570 13189016    3,27%
   1682  1077     2970,7455    45     2908,2750     3003,2570 13258194    3,27%
   1696  1087     2932,6520    81     2908,2750     3003,2570 13340217    3,27%
   1706  1093     2957,2095    67     2908,2750     3003,2570 13457625    3,27%
   1712  1095     2927,6049    81     2908,2750     3003,2570 13498986    3,27%
   1714  1096     2953,4267    61     2908,2750     3003,2570 13515271    3,27%
   1719  1099     2995,0865    45     2908,2750     3003,2570 13581984    3,27%
Elapsed time = 7009,32 sec. (1472052,29 ticks, tree = 20,09 MB, solutions = 39)
   1724  1102     2942,3082    34     2908,2750     3003,2570 13623819    3,27%
   1732  1110     2953,2032    41     2908,2750     3003,2570 13719952    3,27%
   1740  1118     2953,1895    36     2908,2750     3003,2570 13807708    3,27%
   1756  1134     2945,6867    39     2908,2750     3003,2570 13910464    3,27%
   1764  1140     2942,0668    49     2908,2750     3003,2570 13969759    3,27%
   1800  1162     2999,4725    55     2908,2750     3003,2570 14207182    3,27%
   1863  1212     2914,2590    25     2908,2750     3001,3422 14682896    3,20%
   1864  1213     2944,0066    76     2908,2750     3001,3422 14743533    3,20%
   1880  1227     2946,2435    87     2908,2750     3001,3422 15050269    3,20%
   1888  1235     2961,1957    38     2908,2750     3001,3422 15166039    3,20%
Elapsed time = 7597,03 sec. (1582442,57 ticks, tree = 24,00 MB, solutions = 39)
   1904  1243     2938,2666    31     2908,2750     3001,3422 15357314    3,20%
   1928  1265     2940,6167    71     2908,2750     3001,3422 15703803    3,20%
   1936  1273     2950,7231    49     2908,2750     3001,3422 15758984    3,20%
   1952  1287     2938,6968    43     2908,2750     3001,3422 16005463    3,20%
   1960  1293     2938,5239    43     2908,2750     3001,3422 16091952    3,20%
   1976  1303     2937,3990    63     2908,2750     3001,3422 16392042    3,20%
   2000  1321     2931,8915    69     2908,2750     3001,3422 16659511    3,20%
   2008  1327     2914,6641    15     2908,2750     3001,3422 16848850    3,20%
   2048  1353     2988,0707    53     2908,2750     3001,3422 17449481    3,20%
   2056  1357     2982,4066    36     2908,2750     3001,3422 17549830    3,20%
Elapsed time = 7907,45 sec. (1644483,10 ticks, tree = 24,00 MB, solutions = 39)
   2064  1359     2969,0862    25     2908,2750     3001,3422 17706438    3,20%
   2088  1379     2963,6685    24     2908,2750     3001,3422 18096919    3,20%
   2096  1385     2963,2841    27     2908,2750     3001,3422 18220591    3,20%
   2104  1391     2956,7194    37     2908,2750     3001,3422 18300750    3,20%
   2112  1397     2950,7462    48     2908,2750     3001,3422 18409875    3,20%
   2120  1405     2948,0330    44     2908,2750     3001,3422 18518825    3,20%
   2128  1413     2944,0322    56     2908,2750     3001,3422 18682698    3,20%
   2144  1429     2938,3537    54     2908,2750     3001,3422 18897348    3,20%
   2152  1437     2920,3056    38     2908,2750     3001,3422 19029161    3,20%
   2176  1459     2912,1487    51     2908,2750     3001,3422 19251116    3,20%
Elapsed time = 8244,46 sec. (1717133,28 ticks, tree = 24,00 MB, solutions = 39)
   2200  1480     2992,1127    44     2908,2750     3001,3422 19573270    3,20%
   2216  1488     2988,7794    45     2908,2750     3001,3422 19767922    3,20%
   2224  1492     2981,4776    40     2908,2750     3001,3422 19933499    3,20%
   2479  1699     2978,9108    43     2908,2750     2998,1753 24417956    3,09%
   2496  1716     2909,5787    34     2908,2750     2998,1753 24691426    3,09%
   2510  1728     2932,2806    53     2908,2750     2998,1753 24936911    3,09%
   2520  1734     2990,7657    42     2908,2750     2998,1753 25142309    3,09%
   2527  1739     2958,3744    80     2908,2750     2998,1753 25255235    3,09%
   2552  1756     2970,1871    42     2908,2750     2998,1753 25707655    3,09%
   2576  1774     2959,7822    47     2908,2750     2998,1753 26103917    3,09%
Elapsed time = 8868,02 sec. (1829440,35 ticks, tree = 35,15 MB, solutions = 39)
   2587  1783     2976,3412    59     2908,2750     2998,1753 26240255    3,09%
   2603  1799     2974,2542    62     2908,2750     2998,1753 26543294    3,09%
   2611  1807     2964,2250    98     2908,2750     2998,1753 26694012    3,09%
   2627  1821     2966,0602    60     2908,2750     2998,1753 26919127    3,09%
   2651  1829     2953,8570   102     2908,2750     2998,1753 27424393    3,09%
   2691  1861     2943,0664    50     2908,2750     2998,1753 28159332    3,09%
   2715  1871     2939,4938    59     2908,2750     2998,1753 28551519    3,09%
   2747  1901     2927,4670    55     2908,2750     2998,1753 29125698    3,09%
   2763  1911     2925,2732    64     2908,2750     2998,1753 29383177    3,09%
   2787  1933     2909,3870     7     2908,2750     2998,1753 29732050    3,09%
Elapsed time = 9342,71 sec. (1945395,91 ticks, tree = 35,15 MB, solutions = 39)
   3013  2121     2911,4534    33     2908,2750     2998,1753 33213586    3,09%
   3083  2171     2991,9685    45     2908,2750     2997,1380 34486943    3,06%
   3104  2186     2986,8552    38     2908,2750     2997,1380 34867710    3,06%
   3120  2200     2981,6412    58     2908,2750     2997,1380 35140162    3,06%
   3135  2207     2986,8234    51     2908,2750     2997,1380 35503420    3,06%
   3159  2227     2972,2218    44     2908,2750     2997,1380 35851699    3,06%
   3175  2237     2961,8646    48     2908,2750     2997,1380 36106679    3,06%
   3183  2245     2956,3707    55     2908,2750     2997,1380 36283486    3,06%
   3207  2265     2946,8039    66     2908,2750     2997,1380 36721779    3,06%
   3231  2289     2940,1043    75     2908,2750     2997,1380 37179769    3,06%
Elapsed time = 9781,73 sec. (2033528,18 ticks, tree = 44,03 MB, solutions = 39)
   3237  2295     2973,0893    96     2908,2750     2997,1380 37243109    3,06%
   3269  2319     2953,4624   107     2908,2750     2997,1380 37759381    3,06%
   3301  2343     2943,3911    88     2908,2750     2997,1380 38383664    3,06%
   3333  2371     2927,6505   136     2908,2750     2997,1380 38920084    3,06%
   3357  2389     2921,1131   132     2908,2750     2997,1380 39243702    3,06%
   3381  2403     2910,3200   100     2908,2750     2997,1380 39596718    3,06%
   3405  2419     2992,0405    51     2908,2750     2997,1380 40057690    3,06%
   3445  2449     2979,7689    48     2908,2750     2997,1380 40615998    3,06%
   3469  2469     2972,3098    36     2908,2750     2997,1380 40924933    3,06%
   3496  2490     2955,4258    94     2908,2750     2997,1380 41407416    3,06%
Elapsed time = 10328,73 sec. (2102059,54 ticks, tree = 44,03 MB, solutions = 39)
   3503  2495     2976,2152    57     2908,2750     2997,1380 41549249    3,06%
   3511  2503     2960,1633    49     2908,2750     2997,1380 41713966    3,06%
   3543  2535     2950,9808    49     2908,2750     2997,1380 42235511    3,06%

Implied bound cuts applied:  321
Flow cuts applied:  9318
Mixed integer rounding cuts applied:  7724
Flow path cuts applied:  85
Gomory fractional cuts applied:  120

Root node processing (before b&c):
  Real time             =  340,67 sec. (225886,31 ticks)
Parallel b&c, 8 threads:
  Real time             = 10350,97 sec. (2033051,96 ticks)
  Sync time (average)   =  902,44 sec.
  Wait time (average)   =  902,73 sec.
                          ------------
Total (root+branch&cut) = 10691,64 sec. (2258938,27 ticks)

<<< solve


OBJECTIVE: 2908.275
avg_utility = 0.769996

<<< post process


<<< done

