
<<< setup


<<< generate

Found incumbent of value 0,000000 after 0,02 sec. (23,79 ticks)
Aggregator has done 103563 substitutions...
Tried aggregator 12 times.
MIP Presolve eliminated 111035 rows and 480914 columns.
MIP Presolve modified 43349 coefficients.
Aggregator did 135119 substitutions.
Reduced MIP has 75009 rows, 164448 columns, and 495377 nonzeros.
Reduced MIP has 18000 binaries, 0 generals, 0 SOSs, and 0 indicators.
Presolve time = 25,28 sec. (17623,23 ticks)
Probing time = 0,05 sec. (6,94 ticks)
Tried aggregator 1 time.
Reduced MIP has 75009 rows, 164448 columns, and 495377 nonzeros.
Reduced MIP has 18000 binaries, 0 generals, 0 SOSs, and 0 indicators.
Presolve time = 0,39 sec. (263,84 ticks)
Probing time = 0,08 sec. (7,33 ticks)
MIP emphasis: balance optimality and feasibility.
MIP search method: dynamic search.
Parallel mode: deterministic, using up to 8 threads.
Root relaxation solution time = 3,21 sec. (1493,65 ticks)

        Nodes                                         Cuts/
   Node  Left     Objective  IInf  Best Integer    Best Bound    ItCnt     Gap

*     0+    0                            0,0000    60062,2775              --- 
      0     0    16136,0000  2369        0,0000    16136,0000     5233     --- 
      0     0    15810,9419  1720        0,0000    Cuts: 7181    79309     --- 
      0     0    15463,1090  2000        0,0000    Cuts: 5253   182995     --- 
      0     0    15059,3496  1963        0,0000    Cuts: 5875   226065     --- 
*     0+    0                        10626,8274    15059,3496            41,71%
*     0+    0                        11036,7599    15059,3496            36,45%
*     0+    0                        11307,3484    15059,3496            33,18%
*     0+    0                        11308,1462    15059,3496            33,17%
*     0+    0                        11313,2778    15059,3496            33,11%
*     0+    0                        11319,0937    15059,3496            33,04%
*     0+    0                        11322,9416    15059,3496            33,00%
*     0+    0                        11324,0072    15059,3496            32,99%
      0     0    14767,7097  1540    11324,0072    Cuts: 5426   245323   30,41%
      0     0    14450,2680   665    11324,0072    Cuts: 3787   264062   27,61%
      0     0    14424,9355   871    11324,0072    Cuts: 1681   277871   27,38%
*     0+    0                        13208,9282    14424,9355             9,21%
*     0+    0                        13221,7278    14424,9355             9,10%
*     0+    0                        13302,4673    14424,9355             8,44%
*     0+    0                        13311,0497    14424,9355             8,37%
*     0+    0                        13332,8432    14424,9355             8,19%
*     0+    0                        13338,8131    14424,9355             8,14%
*     0+    0                        13340,7019    14424,9355             8,13%
*     0+    0                        13342,8302    14424,9355             8,11%
      0     0    14401,7222  1246    13342,8302    Cuts: 1992   296294    7,94%
      0     0    14273,2906   234    13342,8302    Cuts: 3963   317597    6,97%
      0     0    14250,5647    97    13342,8302     Cuts: 625   331943    6,80%
*     0+    0                        14009,3731    14250,5647             1,72%
*     0+    0                        14180,4527    14250,5647             0,49%

Implied bound cuts applied:  1576
Flow cuts applied:  27415
Mixed integer rounding cuts applied:  5852
Flow path cuts applied:  38
Gomory fractional cuts applied:  275

Root node processing (before b&c):
  Real time             =  847,42 sec. (672199,12 ticks)
Parallel b&c, 8 threads:
  Real time             =    0,00 sec. (0,00 ticks)
  Sync time (average)   =    0,00 sec.
  Wait time (average)   =    0,00 sec.
                          ------------
Total (root+branch&cut) =  847,42 sec. (672199,12 ticks)

<<< solve


OBJECTIVE: 14180.45
avg_utility = 0.878808

<<< post process


<<< done

