
<<< setup


<<< generate

Found incumbent of value 0,000000 after 0,02 sec. (19,40 ticks)
Tried aggregator 8 times.
MIP Presolve eliminated 341499 rows and 334383 columns.
MIP Presolve modified 32258 coefficients.
Aggregator did 111384 substitutions.
Reduced MIP has 53625 rows, 103114 columns, and 322474 nonzeros.
Reduced MIP has 2916 binaries, 0 generals, 0 SOSs, and 0 indicators.
Presolve time = 9,26 sec. (9365,25 ticks)
Probing time = 0,02 sec. (4,34 ticks)
Tried aggregator 1 time.
Reduced MIP has 53625 rows, 103114 columns, and 322474 nonzeros.
Reduced MIP has 2916 binaries, 0 generals, 0 SOSs, and 0 indicators.
Presolve time = 0,21 sec. (178,23 ticks)
Probing time = 0,02 sec. (4,53 ticks)
MIP emphasis: balance optimality and feasibility.
MIP search method: dynamic search.
Parallel mode: deterministic, using up to 8 threads.
Root relaxation solution time = 1,55 sec. (729,94 ticks)

        Nodes                                         Cuts/
   Node  Left     Objective  IInf  Best Integer    Best Bound    ItCnt     Gap

*     0+    0                            0,0000    21782,0000              --- 
      0     0     7900,0000  1360        0,0000     7900,0000    11365     --- 
      0     0     7241,7135  1159        0,0000    Cuts: 3621    74121     --- 
      0     0     6702,3915  1216        0,0000    Cuts: 5744    94902     --- 
      0     0     6279,7665  1413        0,0000    Cuts: 7044   112089     --- 
*     0+    0                         3166,4571     6279,7665            98,32%
*     0+    0                         4454,8857     6279,7665            40,96%
      0     0     5927,0331  1437     4454,8857    Cuts: 8891   143664   33,05%
      0     0     5624,0971   122     4454,8857    Cuts: 9840   167373   26,25%
      0     0     5616,2815   191     4454,8857    Cuts: 1165   171245   26,07%
*     0+    0                         4844,9302     5616,2815            15,92%
*     0+    0                         5004,4363     5616,2815            12,23%
      0     0     5613,4338   219     5004,4363    Cuts: 1025   176904   12,17%
      0     0     5611,4744   232     5004,4363    Cuts: 1364   180954   12,13%
      0     0     5609,2250   245     5004,4363    Cuts: 1268   186018   12,09%
      0     0     5606,9170   257     5004,4363    Cuts: 1297   191712   12,04%
      0     0     5595,7083   189     5004,4363    Cuts: 1824   208356   11,81%
      0     0     5592,4211   217     5004,4363     Cuts: 935   212825   11,75%
      0     0     5590,4150   206     5004,4363     Cuts: 906   215294   11,71%
      0     0     5588,9865   259     5004,4363     Cuts: 940   217434   11,68%
      0     0     5585,4811   269     5004,4363    Cuts: 1045   221559   11,61%
*     0+    0                         5023,5214     5585,4811            11,19%
*     0+    0                         5033,8951     5585,4811            10,96%
      0     0     5578,1733   182     5033,8951    Cuts: 1031   244742   10,81%
      0     0     5577,0021   183     5033,8951    Cuts: 1247   273671   10,79%
*     0+    0                         5152,5750     5577,0021             8,24%
      0     0     5576,3954   181     5152,5750     Cuts: 543   300631    8,23%
      0     0     5574,8429   174     5152,5750    Cuts: 1113   310752    8,20%
      0     0     5574,2641   162     5152,5750     Cuts: 356   318237    8,18%
      0     2     5574,2641   162     5152,5750     5574,2641   318237    8,18%
Elapsed time = 700,78 sec. (535465,19 ticks, tree = 0,00 MB, solutions = 8)
      1     3     5513,1491   157     5152,5750     5574,2641   337487    8,18%
      2     4     5555,8286   169     5152,5750     5574,2641   342536    8,18%
      3     5     5456,8344   151     5152,5750     5550,0952   346690    7,71%
      4     6     5535,9896   150     5152,5750     5550,0952   362012    7,71%
      6     8     5521,8619   163     5152,5750     5550,0952   366276    7,71%
      7     9     5488,9512   160     5152,5750     5550,0952   373032    7,71%
      8    10     5479,6977   153     5152,5750     5550,0952   377820    7,71%
      9    11     5448,5467   156     5152,5750     5524,5619   382085    7,22%
     11    13     5380,0933    74     5152,5750     5524,5619   404071    7,22%
     16    18     5482,0349   160     5152,5750     5524,5619   437859    7,22%
Elapsed time = 950,31 sec. (722301,35 ticks, tree = 0,00 MB, solutions = 8)
     17    19     5433,8430   146     5152,5750     5524,5619   442279    7,22%
     18    20     5465,8812   142     5152,5750     5524,5619   446977    7,22%
     20    22     5464,2518   146     5152,5750     5524,5619   454544    7,22%
     22    24     5417,2852   160     5152,5750     5524,5619   495097    7,22%
     38    40     5380,6185   158     5152,5750     5524,5619   580578    7,22%
     39    41     5436,2169   149     5152,5750     5524,5619   586408    7,22%
     43    45     5372,4933    74     5152,5750     5524,5619   606036    7,22%
     51    53     5358,0904    71     5152,5750     5524,5619   623197    7,22%
     59    61     5315,9799    75     5152,5750     5524,5619   652825    7,22%
     67    69     5337,6662    68     5152,5750     5524,5619   690004    7,22%
Elapsed time = 1466,88 sec. (821991,35 ticks, tree = 0,00 MB, solutions = 8)
     75    77     5328,0895    66     5152,5750     5524,5619   736349    7,22%
    104   104     5320,5124   142     5152,5750     5524,5619   899209    7,22%
    105   105     5358,3479   142     5152,5750     5524,5619   902192    7,22%
    109   109     5314,2462    73     5152,5750     5524,5619   915373    7,22%
    111   111     5270,3890   149     5152,5750     5524,5619   930239    7,22%
    116   116     5248,6387    95     5152,5750     5524,5619   956522    7,22%
    117   117     5297,6307    67     5152,5750     5524,5619   983439    7,22%
    125   121     5275,6155    52     5152,5750     5524,5619  1116530    7,22%
    133   123     5263,9812    57     5152,5750     5524,5619  1254734    7,22%
    141   129     5205,2585    47     5152,5750     5524,5619  1386991    7,22%
Elapsed time = 2142,69 sec. (957422,95 ticks, tree = 0,00 MB, solutions = 8)
    149   133     5263,3181    57     5152,5750     5524,5619  1449360    7,22%
    157   139     5225,6683    66     5152,5750     5524,5619  1575467    7,22%
    202   164     5305,4421   162     5152,5750     5524,5619  2023012    7,22%
    204   166     5245,4506   143     5152,5750     5524,5619  2029952    7,22%
    205   167     5370,4230   154     5152,5750     5524,5619  2040049    7,22%
    213   171     5367,6629   162     5152,5750     5524,5619  2110190    7,22%
    221   179     5366,6319   163     5152,5750     5524,5619  2162579    7,22%
    229   183        cutoff           5152,5750     5524,5619  2201000    7,22%
    237   191     5358,4702   156     5152,5750     5524,5619  2268551    7,22%
    245   199     5346,1775   167     5152,5750     5524,5619  2323708    7,22%
Elapsed time = 2778,56 sec. (1106943,94 ticks, tree = 0,00 MB, solutions = 8)
    305   255     5380,5484   135     5152,5750     5524,5619  2860933    7,22%
    327   275     5319,8734   142     5152,5750     5524,5619  3072425    7,22%
    363   303        cutoff           5152,5750     5524,5619  3439500    7,22%
    364   304     5264,5270   176     5152,5750     5524,5619  3446531    7,22%
    365   305     5376,6366   133     5152,5750     5524,5619  3479313    7,22%
    372   311     5270,4008   173     5152,5750     5524,5619  3545569    7,22%
    373   312     5374,4750   141     5152,5750     5524,5619  3584993    7,22%
    381   318     5338,3155   132     5152,5750     5524,5619  3638614    7,22%
    389   326     5322,0040   139     5152,5750     5524,5619  3749220    7,22%
    397   332        cutoff           5152,5750     5524,5619  3816390    7,22%
Elapsed time = 3280,08 sec. (1219838,18 ticks, tree = 28,44 MB, solutions = 8)
    405   338     5312,5452   143     5152,5750     5524,5619  3876676    7,22%
    413   344     5289,4742   161     5152,5750     5524,5619  4011773    7,22%
    421   352     5300,5926   144     5152,5750     5524,5619  4070103    7,22%
    429   356     5290,4779   140     5152,5750     5524,5619  4132019    7,22%
    437   362     5273,9980   130     5152,5750     5524,5619  4193255    7,22%
    445   366     5273,6729   134     5152,5750     5524,5619  4327926    7,22%
    453   372     5237,9878   130     5152,5750     5524,5619  4381688    7,22%
    456   373     5395,7723   191     5152,5750     5524,5619  4403679    7,22%
    469   382     5201,7482    91     5152,5750     5524,5619  4544530    7,22%
    472   381     5373,7507   104     5152,5750     5524,5619  4623586    7,22%
Elapsed time = 3514,55 sec. (1283495,58 ticks, tree = 28,44 MB, solutions = 8)
    522   407     5400,8649   152     5152,5750     5524,5619  5244917    7,22%
    533   408     5381,3762    61     5152,5750     5514,0293  5383323    7,02%
    534   409     5512,4420   165     5152,5750     5514,0293  5407400    7,02%
    542   415     5442,7320   151     5152,5750     5514,0293  5486457    7,02%
    550   423     5428,0164   146     5152,5750     5514,0293  5551110    7,02%
    558   429     5409,9264   144     5152,5750     5514,0293  5623545    7,02%
    566   435     5381,6678   153     5152,5750     5514,0293  5722007    7,02%
    574   441     5378,9778   160     5152,5750     5514,0293  5829266    7,02%
    581   448     5318,8983    59     5152,5750     5514,0293  5912772    7,02%
    610   475     5358,5645   171     5152,5750     5514,0293  6300702    7,02%
Elapsed time = 4295,74 sec. (1429188,85 ticks, tree = 52,26 MB, solutions = 8)
    622   487     5197,4368   109     5152,5750     5514,0293  6388655    7,02%
    672   529     5417,3928    80     5152,5750     5514,0293  6868947    7,02%
    710   553     5309,1124    78     5152,5750     5512,4415  7142696    6,98%
    714   557     5410,2321    76     5152,5750     5512,4415  7200627    6,98%
    721   560     5382,2268   164     5152,5750     5512,4415  7321662    6,98%
    729   566     5373,0808   162     5152,5750     5512,4415  7430866    6,98%
    737   574     5364,6412   166     5152,5750     5512,4415  7517849    6,98%
    745   582     5363,3076   177     5152,5750     5512,4415  7581900    6,98%
    753   590     5355,3850   186     5152,5750     5512,4415  7652986    6,98%
    761   596     5343,4351   185     5152,5750     5512,4415  7713930    6,98%
Elapsed time = 4776,43 sec. (1551917,92 ticks, tree = 75,16 MB, solutions = 8)
    769   602     5337,1695   187     5152,5750     5512,4415  7817124    6,98%
    777   610     5332,1996   177     5152,5750     5512,4415  7888192    6,98%
    785   618     5321,8343   185     5152,5750     5512,4415  7960951    6,98%
    793   624     5309,1688   197     5152,5750     5512,4415  8038789    6,98%
    801   632     5307,0666   188     5152,5750     5512,4415  8123014    6,98%
    809   640     5294,1298   177     5152,5750     5512,4415  8189335    6,98%
    817   646     5290,6055   184     5152,5750     5512,4415  8295875    6,98%
    825   654     5279,4060   180     5152,5750     5512,4415  8369827    6,98%
    900   713     5381,4613   168     5152,5750     5512,4415  8995582    6,98%
    918   723     5424,2175   154     5152,5750     5512,4415  9154492    6,98%
Elapsed time = 5208,34 sec. (1647465,17 ticks, tree = 75,16 MB, solutions = 8)
    941   740     5487,3243    92     5152,5750     5512,4415  9394005    6,98%
    965   756     5413,0692   202     5152,5750     5512,4415  9582668    6,98%
    966   757     5353,5008   159     5152,5750     5495,8866  9593204    6,66%
    968   759     5472,4664    80     5152,5750     5495,8866  9645744    6,66%
    975   766     5385,5453   114     5152,5750     5495,8866  9719637    6,66%
    980   771     5398,6092    72     5152,5750     5495,8866  9770767    6,66%
    988   779     5389,3170    67     5152,5750     5495,8866  9840935    6,66%
    994   785     5311,4814   174     5152,5750     5495,8866  9905361    6,66%
   1002   793     5304,3420   172     5152,5750     5495,8866  9996516    6,66%
   1018   809     5257,8809   168     5152,5750     5495,8866 10215608    6,66%
Elapsed time = 5873,98 sec. (1781147,94 ticks, tree = 101,89 MB, solutions = 8)
   1032   823     5349,1999    92     5152,5750     5495,8866 10439285    6,66%
   1048   837     5329,7324    89     5152,5750     5495,8866 10564083    6,66%
   1061   848     5298,6731    71     5152,5750     5495,8866 10749908    6,66%
   1080   867     5284,9761    98     5152,5750     5495,8866 10911147    6,66%
   1141   918     5410,9441    70     5152,5750     5495,8866 11397310    6,66%
   1203   962     5376,2940   155     5152,5750     5495,8866 11877936    6,66%
   1204   963     5372,8946   174     5152,5750     5477,0907 11904754    6,30%
   1212   969        cutoff           5152,5750     5477,0907 12057992    6,30%
   1220   975     5363,9491   170     5152,5750     5477,0907 12141733    6,30%
   1226   981     5265,8620    56     5152,5750     5477,0907 12236616    6,30%
Elapsed time = 6509,10 sec. (1958891,43 ticks, tree = 132,52 MB, solutions = 8)
   1234   989     5258,6712    57     5152,5750     5477,0907 12341715    6,30%
   1250  1005     5244,3882    50     5152,5750     5477,0907 12512860    6,30%
   1266  1021     5219,7469    42     5152,5750     5477,0907 12612426    6,30%
   1274  1029     5193,0462    45     5152,5750     5477,0907 12687133    6,30%
   1290  1045     5179,3548    47     5152,5750     5477,0907 12850894    6,30%
   1298  1051        cutoff           5152,5750     5477,0907 12914877    6,30%
   1306  1059     5165,1575    69     5152,5750     5477,0907 12977123    6,30%
   1330  1079        cutoff           5152,5750     5477,0907 13187220    6,30%
   1346  1091     5351,1218    64     5152,5750     5477,0907 13366473    6,30%
   1374  1111     5355,2819   158     5152,5750     5477,0907 13664124    6,30%
Elapsed time = 7019,35 sec. (2075781,41 ticks, tree = 132,52 MB, solutions = 8)
   1396  1125     5422,4778    71     5152,5750     5477,0907 13857232    6,30%
   1485  1192     5271,6293   185     5152,5750     5438,6194 14861799    5,55%
   1489  1196     5165,8373    27     5152,5750     5438,6194 14923212    5,55%
   1491  1198     5329,5673    95     5152,5750     5438,6194 14945587    5,55%
   1500  1207     5309,0454   146     5152,5750     5438,6194 15043023    5,55%
   1509  1216     5250,6677   213     5152,5750     5438,6194 15126255    5,55%
   1518  1225     5313,6792    55     5152,5750     5438,6194 15192644    5,55%
   1528  1235     5274,1149    96     5152,5750     5438,6194 15303369    5,55%
   1544  1249     5262,9123   110     5152,5750     5438,6194 15432141    5,55%
   1554  1259     5245,2959   204     5152,5750     5438,6194 15516230    5,55%
Elapsed time = 7370,90 sec. (2156689,51 ticks, tree = 166,94 MB, solutions = 8)
   1564  1267     5310,8285   126     5152,5750     5438,6194 15607656    5,55%
   1572  1275     5239,7516    60     5152,5750     5438,6194 15657466    5,55%
   1588  1289     5205,9055    74     5152,5750     5438,6194 15800448    5,55%
   1604  1303     5203,8545    63     5152,5750     5438,6194 15938797    5,55%
   1612  1311     5196,3364    58     5152,5750     5438,6194 16006177    5,55%
   1636  1329     5177,6489    55     5152,5750     5438,6194 16182332    5,55%
   1652  1341     5169,8000    57     5152,5750     5438,6194 16322292    5,55%
   1667  1352     5341,9994   178     5152,5750     5438,6194 16437915    5,55%
   1669  1354     5310,8151   164     5152,5750     5438,6194 16450143    5,55%
   1677  1360     5296,7548   190     5152,5750     5438,6194 16518940    5,55%
Elapsed time = 7784,84 sec. (2243414,23 ticks, tree = 166,94 MB, solutions = 8)
   1693  1374     5265,0674   184     5152,5750     5438,6194 16707962    5,55%
   1709  1386     5255,9757   195     5152,5750     5438,6194 16862022    5,55%
   1714  1391     5294,3953    79     5152,5750     5438,6194 16924878    5,55%
   1738  1405     5280,8165    92     5152,5750     5438,6194 17119877    5,55%
   1754  1415     5263,9762   131     5152,5750     5438,6194 17265679    5,55%
   1778  1435     5239,6914   137     5152,5750     5438,6194 17456151    5,55%
   1782  1439     5384,1264   150     5152,5750     5438,6194 17494605    5,55%
   1846  1489     5392,4704   133     5152,5750     5438,6194 17963866    5,55%
   1850  1493     5376,3276    95     5152,5750     5438,6194 18003600    5,55%
   1867  1506     5337,0023   180     5152,5750     5421,5364 18145820    5,22%
Elapsed time = 8231,34 sec. (2371870,05 ticks, tree = 201,79 MB, solutions = 8)
   1875  1514     5319,8226   178     5152,5750     5421,5364 18223170    5,22%
   1891  1528     5303,4946   168     5152,5750     5421,5364 18345707    5,22%
   1907  1540     5255,8709   170     5152,5750     5421,5364 18485394    5,22%
   1923  1556     5227,9478   191     5152,5750     5421,5364 18603748    5,22%
   1939  1568     5210,0769   202     5152,5750     5421,5364 18712580    5,22%
   1946  1571     5295,9424    64     5152,5750     5421,5364 18747398    5,22%
   1970  1593     5274,5192   108     5152,5750     5421,5364 18934971    5,22%
   1979  1602     5190,4661   211     5152,5750     5421,5364 19062080    5,22%
   2003  1626     5168,7313   227     5152,5750     5421,5364 19233180    5,22%
   2020  1635     5364,6059   154     5152,5750     5421,5364 19375943    5,22%
Elapsed time = 8555,09 sec. (2450747,66 ticks, tree = 201,79 MB, solutions = 8)
   2028  1639     5347,6675   168     5152,5750     5421,5364 19419689    5,22%
   2035  1646     5334,8692   203     5152,5750     5421,5364 19501931    5,22%
   2051  1658     5313,4597   203     5152,5750     5421,5364 19620238    5,22%
   2067  1674     5299,6245   202     5152,5750     5421,5364 19746814    5,22%
   2075  1682     5284,7509   196     5152,5750     5421,5364 19837061    5,22%
   2083  1690     5256,6504   174     5152,5750     5421,5364 19925994    5,22%
   2099  1706     5228,8343   199     5152,5750     5421,5364 20074452    5,22%
   2123  1730     5202,2758   228     5152,5750     5421,5364 20224499    5,22%
   2139  1739     5196,1468   248     5152,5750     5421,5364 20392407    5,22%
   2155  1747     5167,5964   243     5152,5750     5421,5364 20601982    5,22%
Elapsed time = 9039,18 sec. (2553981,48 ticks, tree = 201,79 MB, solutions = 8)
   2165  1755     5413,1479   161     5152,5750     5421,5364 20714819    5,22%
   2192  1774     5389,5602   102     5152,5750     5421,5364 20960421    5,22%
   2292  1854     5382,3729    99     5152,5750     5413,1248 21956334    5,06%
   2300  1861     5368,1711    85     5152,5750     5413,1248 22072749    5,06%
   2308  1867     5343,3194    72     5152,5750     5413,1248 22153927    5,06%
   2313  1872     5356,4532   219     5152,5750     5413,1248 22255294    5,06%
   2316  1875     5317,4751    63     5152,5750     5413,1248 22320349    5,06%
   2324  1883     5303,3846    86     5152,5750     5413,1248 22446808    5,06%
   2329  1888     5300,0621   245     5152,5750     5413,1248 22529842    5,06%
   2334  1893     5309,5046    59     5152,5750     5413,1248 22598972    5,06%
Elapsed time = 9907,24 sec. (2732769,82 ticks, tree = 241,57 MB, solutions = 8)
   2342  1901     5295,3079    88     5152,5750     5413,1248 22719843    5,06%
   2350  1909     5285,3921    94     5152,5750     5413,1248 22781752    5,06%
   2361  1920     5303,5455   164     5152,5750     5413,1248 22871101    5,06%
   2369  1928     5275,2348   141     5152,5750     5413,1248 22935854    5,06%
   2377  1936     5260,8196   163     5152,5750     5413,1248 22994257    5,06%
   2385  1944     5258,5388   138     5152,5750     5413,1248 23060087    5,06%
   2401  1960     5238,8326   149     5152,5750     5413,1248 23157046    5,06%
   2417  1974     5167,9643    71     5152,5750     5413,1248 23350560    5,06%
   2418  1975     5173,3501   100     5152,5750     5413,1248 23361387    5,06%
   2426  1981     5169,2934   103     5152,5750     5413,1248 23420362    5,06%
Elapsed time = 10369,89 sec. (2820731,34 ticks, tree = 241,57 MB, solutions = 8)
   2442  1991     5168,8035   109     5152,5750     5413,1248 23551486    5,06%
   2458  1995     5161,0369   121     5152,5750     5413,1248 23713956    5,06%
   2474  2003        cutoff           5152,5750     5413,1248 23869567    5,06%
   2490  2011     5383,9039    67     5152,5750     5413,1248 24017871    5,06%
   2627  2116     5321,8327    92     5152,5750     5413,1248 25556783    5,06%
   2665  2146     5359,7803   160     5152,5750     5413,1248 26084775    5,06%
   2668  2149     5221,3589   187     5152,5750     5409,7762 26102906    4,99%
   2680  2161     5369,6519    78     5152,5750     5409,7762 26229750    4,99%
   2695  2176     5232,3699   162     5152,5750     5409,7762 26339460    4,99%
   2712  2191     5344,1206   122     5152,5750     5409,7762 26533335    4,99%
Elapsed time = 10554,94 sec. (2915560,32 ticks, tree = 286,49 MB, solutions = 8)
   2722  2199     5362,3874   173     5152,5750     5409,7762 26633133    4,99%
   2738  2215     5331,6318    60     5152,5750     5409,7762 26816530    4,99%
   2746  2223     5317,3148    54     5152,5750     5409,7762 26889238    4,99%
   2762  2237     5285,1198    42     5152,5750     5409,7762 27052172    4,99%
   2778  2251     5270,0804    56     5152,5750     5409,7762 27181568    4,99%
   2798  2263     5359,2803   212     5152,5750     5409,7762 27378888    4,99%
   2806  2269     5336,5848   215     5152,5750     5409,7762 27432490    4,99%
   2814  2273     5322,7636   214     5152,5750     5409,7762 27508195    4,99%
   2822  2279     5310,5914   218     5152,5750     5409,7762 27599378    4,99%
   2838  2293     5271,9345   235     5152,5750     5409,7762 27736412    4,99%
Elapsed time = 10951,71 sec. (3005179,99 ticks, tree = 286,49 MB, solutions = 8)
   2854  2301     5240,4167   173     5152,5750     5409,7762 27854529    4,99%
   2862  2303     5229,7779   193     5152,5750     5409,7762 27950653    4,99%
   2870  2311     5214,3358   223     5152,5750     5409,7762 28058858    4,99%
   2881  2322     5300,8774   184     5152,5750     5409,7762 28117228    4,99%
   2897  2336     5284,6446   188     5152,5750     5409,7762 28218606    4,99%
   2913  2348     5270,7648   214     5152,5750     5409,7762 28301758    4,99%
   2921  2356     5254,3073   236     5152,5750     5409,7762 28359702    4,99%
   2937  2368     5249,3589   245     5152,5750     5409,7762 28448922    4,99%
   2945  2372     5239,0878   271     5152,5750     5409,7762 28502620    4,99%
   2953  2380     5228,0269   264     5152,5750     5409,7762 28573903    4,99%
Elapsed time = 11331,35 sec. (3053162,29 ticks, tree = 286,49 MB, solutions = 8)
   2969  2396     5207,7923   259     5152,5750     5409,7762 28666522    4,99%
   2985  2404     5192,1463   255     5152,5750     5409,7762 28798605    4,99%
   3001  2416     5169,8768   227     5152,5750     5409,7762 28967831    4,99%
   3015  2430     5269,9670   192     5152,5750     5409,7762 29078468    4,99%
   3031  2440     5253,9680   200     5152,5750     5409,7762 29205787    4,99%
   3047  2452     5236,2307   218     5152,5750     5409,7762 29359515    4,99%
   3063  2468     5216,6219   240     5152,5750     5409,7762 29535086    4,99%
   3087  2492     5199,4675   243     5152,5750     5409,7762 29717630    4,99%
   3103  2506     5180,3137   272     5152,5750     5409,7762 29807688    4,99%
   3119  2520     5160,2887   276     5152,5750     5409,7762 29942550    4,99%
Elapsed time = 11865,06 sec. (3183262,09 ticks, tree = 286,49 MB, solutions = 8)
   3137  2536     5267,1979   182     5152,5750     5409,7762 30080231    4,99%
   3272  2629     5312,1149   218     5152,5750     5409,7762 31400891    4,99%
   3334  2677     5348,8563   150     5152,5750     5393,7452 31965112    4,68%
   3336  2679     5322,7472    72     5152,5750     5393,7452 32019898    4,68%
   3344  2687     5314,3741    67     5152,5750     5393,7452 32081363    4,68%
   3360  2703     5286,1266    63     5152,5750     5393,7452 32214639    4,68%
   3376  2719     5258,6022    92     5152,5750     5393,7452 32296348    4,68%
   3392  2735     5246,9568    95     5152,5750     5393,7452 32427669    4,68%
   3408  2747     5235,2079    84     5152,5750     5393,7452 32573448    4,68%
   3416  2755     5222,3537   113     5152,5750     5393,7452 32636677    4,68%
Elapsed time = 12204,67 sec. (3283461,84 ticks, tree = 342,52 MB, solutions = 8)
   3424  2763     5219,3315   127     5152,5750     5393,7452 32714733    4,68%
   3432  2771     5217,2624   123     5152,5750     5393,7452 32782018    4,68%
   3448  2787     5200,9260   121     5152,5750     5393,7452 32892645    4,68%
   3464  2799     5186,7407   122     5152,5750     5393,7452 32997764    4,68%
   3488  2817     5166,3099   111     5152,5750     5393,7452 33177192    4,68%
   3503  2826     5334,3978    76     5152,5750     5393,7452 33404637    4,68%
   3514  2831     5312,6058   208     5152,5750     5393,7452 33547535    4,68%
   3522  2839     5305,4260   206     5152,5750     5393,7452 33609000    4,68%
   3528  2845     5368,4445   133     5152,5750     5393,7452 33686433    4,68%
   3536  2851     5358,4401   136     5152,5750     5393,7452 33786327    4,68%
Elapsed time = 12697,27 sec. (3386839,32 ticks, tree = 342,52 MB, solutions = 8)
   3545  2856     5388,4575   173     5152,5750     5393,7452 33924259    4,68%
   3553  2862     5367,7064    99     5152,5750     5393,7452 34024694    4,68%
   3569  2878     5346,3186    88     5152,5750     5393,7452 34154215    4,68%
   3585  2892     5295,3821    49     5152,5750     5393,7452 34357040    4,68%
   3601  2900     5271,1346    74     5152,5750     5393,7452 34538384    4,68%
   3617  2912     5247,7857   101     5152,5750     5393,7452 34699595    4,68%
   3641  2934     5230,9727    97     5152,5750     5393,7452 34948194    4,68%
   3665  2954     5209,8536    96     5152,5750     5393,7452 35196554    4,68%
   3689  2978     5188,9349    90     5152,5750     5393,7452 35414490    4,68%
   3705  2994     5168,3050    91     5152,5750     5393,7452 35546177    4,68%
Elapsed time = 13294,51 sec. (3514929,48 ticks, tree = 342,52 MB, solutions = 8)
   3729  3014        cutoff           5152,5750     5393,7452 35722761    4,68%
   3745  3026     5306,1179   210     5152,5750     5393,7452 35914253    4,68%
   3926  3153     5310,3688   194     5152,5750     5393,7452 37973553    4,68%
   3936  3157     5379,8028   165     5152,5750     5393,7452 38073330    4,68%

Implied bound cuts applied:  865
Flow cuts applied:  19221
Mixed integer rounding cuts applied:  16750
Flow path cuts applied:  90
Gomory fractional cuts applied:  234

Root node processing (before b&c):
  Real time             =  700,50 sec. (535129,15 ticks)
Parallel b&c, 8 threads:
  Real time             = 13151,66 sec. (3277932,60 ticks)
  Sync time (average)   = 1176,97 sec.
  Wait time (average)   = 1177,20 sec.
                          ------------
Total (root+branch&cut) = 13852,16 sec. (3813061,75 ticks)

<<< solve


OBJECTIVE: 5152.575
avg_utility = 0.652225

<<< post process


<<< done

