
<<< setup


<<< generate

Found incumbent of value 0,000000 after 0,00 sec. (0,62 ticks)
Tried aggregator 2 times.
MIP Presolve eliminated 20043 rows and 11713 columns.
MIP Presolve modified 1 coefficients.
Aggregator did 1632 substitutions.
Reduced MIP has 409 rows, 1224 columns, and 2040 nonzeros.
Reduced MIP has 759 binaries, 465 generals, 0 SOSs, and 0 indicators.
Presolve time = 0,01 sec. (15,53 ticks)
Probing time = 0,00 sec. (1,52 ticks)
Tried aggregator 1 time.
Reduced MIP has 409 rows, 1224 columns, and 2040 nonzeros.
Reduced MIP has 759 binaries, 465 generals, 0 SOSs, and 0 indicators.
Presolve time = 0,00 sec. (1,42 ticks)
Probing time = 0,00 sec. (1,52 ticks)
Clique table members: 253.
MIP emphasis: balance optimality and feasibility.
MIP search method: dynamic search.
Parallel mode: deterministic, using up to 8 threads.
Root relaxation solution time = 0,00 sec. (4,51 ticks)

        Nodes                                         Cuts/
   Node  Left     Objective  IInf  Best Integer    Best Bound    ItCnt     Gap

*     0+    0                            0,0000     1545,2000              --- 
*     0+    0                          164,0000     1545,2000           842,20%
      0     0      285,7500     2      164,0000      285,7500      410   74,24%
*     0+    0                          285,2000      285,7500             0,19%

Root node processing (before b&c):
  Real time             =    0,03 sec. (30,41 ticks)
Parallel b&c, 8 threads:
  Real time             =    0,00 sec. (0,00 ticks)
  Sync time (average)   =    0,00 sec.
  Wait time (average)   =    0,00 sec.
                          ------------
Total (root+branch&cut) =    0,03 sec. (30,41 ticks)

<<< solve


OBJECTIVE: 285.2
avg_utility = 0.218377

<<< post process


<<< done

