
<<< setup


<<< generate

Found incumbent of value 0,000000 after 0,01 sec. (11,91 ticks)
Tried aggregator 11 times.
MIP Presolve eliminated 48875 rows and 181365 columns.
MIP Presolve modified 49716 coefficients.
Aggregator did 54934 substitutions.
Reduced MIP has 64164 rows, 143742 columns, and 399323 nonzeros.
Reduced MIP has 25543 binaries, 8646 generals, 0 SOSs, and 0 indicators.
Presolve time = 7,58 sec. (7039,14 ticks)
Probing time = 0,05 sec. (7,33 ticks)
Tried aggregator 1 time.
Reduced MIP has 64164 rows, 143742 columns, and 399323 nonzeros.
Reduced MIP has 25543 binaries, 8646 generals, 0 SOSs, and 0 indicators.
Presolve time = 0,30 sec. (181,10 ticks)
Probing time = 0,05 sec. (7,82 ticks)
Clique table members: 1445.
MIP emphasis: balance optimality and feasibility.
MIP search method: dynamic search.
Parallel mode: deterministic, using up to 8 threads.
Root relaxation solution time = 3,65 sec. (3565,32 ticks)

        Nodes                                         Cuts/
   Node  Left     Objective  IInf  Best Integer    Best Bound    ItCnt     Gap

*     0+    0                            0,0000    47452,0000              --- 
      0     0    15012,4694  2109        0,0000    15012,4694    12237     --- 
      0     0    14329,2092  1965        0,0000    Cuts: 6097    21758     --- 
      0     0    13440,3065  2360        0,0000    Cuts: 5823    31003     --- 
      0     0    12297,0597  2306        0,0000    Cuts: 6319    40212     --- 
      0     0    11548,9192  2235        0,0000    Cuts: 5702    50498     --- 
      0     0    11205,1482  2762        0,0000    Cuts: 5423    58470     --- 
      0     0    11029,1244  2133        0,0000    Cuts: 4762    71853     --- 
      0     0    10912,9828  1534        0,0000    Cuts: 5024    78013     --- 
      0     0    10812,3984  1253        0,0000    Cuts: 3334    83939     --- 
      0     0    10768,9207  1133        0,0000    Cuts: 2576    87621     --- 
      0     0    10747,2583   940        0,0000    Cuts: 1890    89989     --- 
      0     0    10729,7580   587        0,0000    Cuts: 1523    92265     --- 
      0     0    10719,7502   702        0,0000     Cuts: 972    97800     --- 
      0     0    10714,7037   798        0,0000     Cuts: 975    99645     --- 
      0     0    10712,2559   545        0,0000    Cuts: 1087   104688     --- 
      0     0    10709,9038   450        0,0000     Cuts: 706   107811     --- 
      0     0    10707,6621   389        0,0000     Cuts: 550   109008     --- 
*     0+    0                         8489,8000    10707,6621            26,12%
      0     0    10704,8421   273     8489,8000     Cuts: 504   112023   26,09%
*     0+    0                         8510,6000    10704,8421            25,78%
      0     0    10702,6057   321     8510,6000     Cuts: 360   116082   25,76%
*     0+    0                         8707,2000    10702,6057            22,92%
      0     0    10701,6067   257     8707,2000     Cuts: 501   120534   22,91%
      0     0    10700,3699   296     8707,2000     Cuts: 377   125999   22,89%
      0     0    10699,4165   225     8707,2000     Cuts: 300   134208   22,88%
*     0+    0                         8725,2000    10699,4165            22,63%
      0     0    10697,6222   235     8725,2000     Cuts: 261   138715   22,61%
Heuristic still looking.
Heuristic still looking.
Heuristic still looking.
*     0+    0                         8775,0000    10697,6222            21,91%
      0     2    10697,6222   235     8775,0000    10697,6222   138715   21,91%
Elapsed time = 781,85 sec. (437486,29 ticks, tree = 0,00 MB, solutions = 6)
      1     3    10695,8471   189     8775,0000    10697,6222   141510   21,91%
      2     4    10695,5129   186     8775,0000    10697,6103   141550   21,91%
      3     5    10692,2985   238     8775,0000    10697,6103   141571   21,91%
      4     6    10680,2191   287     8775,0000    10697,6103   142040   21,91%
      5     7    10689,9387   186     8775,0000    10697,6103   142387   21,91%
      6     8    10684,6105   220     8775,0000    10695,4975   147097   21,89%
     10    12    10693,4542   187     8775,0000    10695,4975   153901   21,89%
     15    17    10693,0262   179     8775,0000    10694,9589   154269   21,88%
     18    20    10664,9733   220     8775,0000    10694,9589   158966   21,88%
     19    21    10644,5201   221     8775,0000    10694,9589   168168   21,88%
Elapsed time = 930,58 sec. (498849,87 ticks, tree = 0,00 MB, solutions = 6)
     54    56    10672,9684   172     8775,0000    10694,9589   187245   21,88%
     58    60    10636,3657   229     8775,0000    10694,9589   190257   21,88%
     66    68    10633,1263   234     8775,0000    10694,9589   194952   21,88%
     67    69    10638,7465   105     8775,0000    10694,9589   201933   21,88%
    172   174    10524,4062    81     8775,0000    10694,9589   223686   21,88%
    273   275    10631,5410   116     8775,0000    10694,9589   226473   21,88%
    308   310    10620,2542   164     8775,0000    10694,9589   227681   21,88%
    316   318    10618,5353   199     8775,0000    10694,9589   229722   21,88%
    317   319    10676,1582    69     8775,0000    10694,9589   232863   21,88%
    412   414    10614,3456   206     8775,0000    10694,9589   236746   21,88%
Elapsed time = 1151,61 sec. (547036,54 ticks, tree = 80,71 MB, solutions = 6)
    880   882    10650,6535    73     8775,0000    10694,9589   241278   21,88%
    946   948    10676,1081    75     8775,0000    10694,9589   243944   21,88%
    954   956    10665,3380    63     8775,0000    10694,9589   244480   21,88%
    962   964    10664,1605    58     8775,0000    10694,9589   244764   21,88%
   1010  1012    10664,1605    56     8775,0000    10694,9589   246208   21,88%
   1089  1091    10608,9413   190     8775,0000    10694,9589   249316   21,88%
   1113  1115    10608,7647   203     8775,0000    10694,9589   250085   21,88%
   1374  1376    10669,1522    66     8775,0000    10694,9589   253659   21,88%
   1496  1498    10648,7603    76     8775,0000    10694,9589   255797   21,88%
   1762  1764    10608,9058   186     8775,0000    10694,9589   259682   21,88%
Elapsed time = 1263,25 sec. (576332,61 ticks, tree = 1215,84 MB, solutions = 6)
   1765  1767    10648,8857    66     8775,0000    10694,9589   260762   21,88%
   1802  1804    10608,5338   201     8775,0000    10694,9589   262381   21,88%
   1834  1836    10608,0535   188     8775,0000    10694,9589   264546   21,88%
   1850  1852    10607,9649   191     8775,0000    10694,9589   265621   21,88%
   1866  1868    10607,9147   198     8775,0000    10694,9589   266666   21,88%
   1890  1892    10607,6128   189     8775,0000    10694,9589   268186   21,88%
   2276  2278    10664,0888    65     8775,0000    10694,9589   283539   21,88%
   2388  2390    10664,0888    63     8775,0000    10694,9589   289363   21,88%
   2420  2422    10651,3864    61     8775,0000    10694,9589   296668   21,88%
   2941  2943    10659,2089    66     8775,0000    10694,9589   320122   21,88%
Elapsed time = 1698,28 sec. (655826,23 ticks, tree = 2243,42 MB, solutions = 6)
Nodefile size = 141,61 MB (91,49 MB after compression)
   3013  3015    10659,2088    75     8775,0000    10694,9589   325337   21,88%
   3069  3071    10659,2089    66     8775,0000    10694,9589   328399   21,88%
   3099  3101    10619,3296    70     8775,0000    10694,9589   329538   21,88%
   3331  3333    10651,1254    91     8775,0000    10694,9589   337712   21,88%
*  3450+ 2300                        10559,0000    10693,5700             1,27%
   3450  2301    10690,8419    87    10559,0000    10690,8419   411540    1,25%
   3451  2302    10690,7354    91    10559,0000    10690,8419   411548    1,25%
   3452  2303    10690,6904   102    10559,0000    10690,7043   412393    1,25%
   3453  2303    10690,6388   102    10559,0000    10690,6389   412396    1,25%
   3454  2304    10690,5997    96    10559,0000    10690,5997   412399    1,25%
   3455  2305    10690,5697   104    10559,0000    10690,5725   412425    1,25%
Elapsed time = 2015,92 sec. (849112,40 ticks, tree = 1442,00 MB, solutions = 7)
   3456  2306    10666,1286    69    10559,0000    10690,5725   412641    1,25%
   3457  2306    10666,1024    66    10559,0000    10690,5725   415464    1,25%
   3458  2307    10690,5246   106    10559,0000    10690,5384   416179    1,25%
   3460  2309    10690,4615   114    10559,0000    10690,4685   416212    1,25%
   3462  2310    10690,4347   113    10559,0000    10690,4347   416252    1,24%
   3464  2311    10627,0342    54    10559,0000    10690,4347   418254    1,24%
   3465  2311    10690,3941   115    10559,0000    10690,4214   418261    1,24%
   3467  2312    10626,8622    45    10559,0000    10690,4214   418265    1,24%
   3468  2312    10690,3804   119    10559,0000    10690,3804   418267    1,24%
   3471  2313    10690,3756   118    10559,0000    10690,3756   418546    1,24%
Elapsed time = 2073,24 sec. (881171,79 ticks, tree = 1442,48 MB, solutions = 7)
   3473  2315    10624,9906    35    10559,0000    10690,3756   418624    1,24%
   3475  2317    10690,3699   127    10559,0000    10690,3699   418630    1,24%
   3477  2319    10624,9740    44    10559,0000    10690,3699   418872    1,24%
   3479  2319    10690,3689   122    10559,0000    10690,3689   419092    1,24%
   3481  2321    10624,9857    67    10559,0000    10690,3689   419346    1,24%
   3482  2322    10582,6301    90    10559,0000    10690,3689   422939    1,24%
   3484  2323    10690,3573   138    10559,0000    10690,3689   423001    1,24%
   3485  2323    10666,0417    74    10559,0000    10690,3689   423006    1,24%
   3488  2324    10664,2985    87    10559,0000    10690,3689   432851    1,24%
   3492  2325    10690,3255   137    10559,0000    10690,3689   433182    1,24%
Elapsed time = 2154,18 sec. (925187,48 ticks, tree = 1440,36 MB, solutions = 7)
   3493  2325    10666,0198    81    10559,0000    10690,3689   436173    1,24%
   3510  2334    10580,5928    64    10559,0000    10690,3689   449624    1,24%
   3512  2336    10690,3016   130    10559,0000    10690,3689   456893    1,24%
   3517  2339    10580,5621    74    10559,0000    10690,3689   501428    1,24%
   3525  2344    10580,5443    61    10559,0000    10690,3689   591268    1,24%
   3528  2345    10690,2719   120    10559,0000    10690,3689   611517    1,24%
   3539  2353    10690,2660   109    10559,0000    10690,3689   688784    1,24%
   3547  2354    10690,2532   109    10559,0000    10690,3689   689226    1,24%
   3553  2355    10629,6359    62    10559,0000    10690,3689   689470    1,24%
   3561  2357    10629,6355    72    10559,0000    10690,3689   689848    1,24%
Elapsed time = 2290,68 sec. (960682,54 ticks, tree = 1420,91 MB, solutions = 7)
   3569  2359    10629,6355    53    10559,0000    10690,3689   690975    1,24%
   3593  2376    10690,1994   124    10559,0000    10690,3689   692907    1,24%
   3650  2399    10690,1953   123    10559,0000    10690,3689   698406    1,24%
   3656  2401    10629,6151    68    10559,0000    10690,3689   698446    1,24%
   3664  2404    10629,6151    63    10559,0000    10690,3689   698639    1,24%
   3672  2406    10629,6151    63    10559,0000    10690,3689   698710    1,24%
   3680  2410    10629,6136    61    10559,0000    10690,3689   698909    1,24%
   3688  2414    10619,7750    41    10559,0000    10690,3689   711236    1,24%
   3826  2491    10690,1827   125    10559,0000    10690,3689   712085    1,24%
   3832  2494    10629,6136    59    10559,0000    10690,3689   712339    1,24%
Elapsed time = 2541,53 sec. (1028431,51 ticks, tree = 1374,61 MB, solutions = 7)
   3851  2505    10690,1782   114    10559,0000    10690,3689   715678    1,24%
   3855  2507    10664,0425    71    10559,0000    10690,3689   716303    1,24%
   3863  2508    10664,0156    79    10559,0000    10690,3689   716866    1,24%
   3871  2513    10663,9950    51    10559,0000    10690,3689   717121    1,24%
   4006  2585    10690,1726   117    10559,0000    10690,3689   718967    1,24%
   4014  2589    10690,1566   117    10559,0000    10690,3689   719197    1,24%
   4022  2595    10690,1417   114    10559,0000    10690,3689   719685    1,24%
   4028  2597    10629,4511    69    10559,0000    10690,3689   719751    1,24%
   4037  2602    10690,1141   123    10559,0000    10690,3689   720519    1,24%
   4146  2668    10690,1004   117    10559,0000    10690,3689   728200    1,24%
Elapsed time = 2636,87 sec. (1047355,21 ticks, tree = 1312,32 MB, solutions = 7)
   4159  2672    10580,0500    22    10559,0000    10690,3689   733779    1,24%
   4307  2750    10690,0217   124    10559,0000    10690,3689   735516    1,24%
   4447  2823    10690,0009   124    10559,0000    10690,3689   737653    1,24%
   4620  2918    10689,9953   131    10559,0000    10690,3689   740600    1,24%
   4652  2938    10689,9903   134    10559,0000    10690,3689   741178    1,24%
   4790  3015    10629,2442    73    10559,0000    10690,3689   748301    1,24%
   4954  3110    10628,2498    37    10559,0000    10690,3689   751586    1,24%
   5190  3252    10689,7839    89    10559,0000    10690,3689   756733    1,24%
   5198  3257    10689,7651   107    10559,0000    10690,3689   759342    1,24%
   5327  3325    10624,4125    24    10559,0000    10690,3689   768246    1,24%
Elapsed time = 2932,25 sec. (1106271,23 ticks, tree = 1065,12 MB, solutions = 7)
   5524  3441    10689,7271   104    10559,0000    10690,3689   780657    1,24%
   5526  3443    10624,3499    24    10559,0000    10690,3689   789648    1,24%
   5759  3571    10689,7084   107    10559,0000    10690,3689   803997    1,24%
   5793  3595    10624,3250     8    10559,0000    10690,3689   806660    1,24%
   5798  3596    10618,1000    12    10559,0000    10690,3689   806699    1,24%
   5947  3678    10689,6828   117    10559,0000    10690,3689   819273    1,24%
   6001  3705    10628,0250    14    10559,0000    10690,3689   823086    1,24%
   6141  3786    10580,0500    12    10559,0000    10690,3689   830893    1,24%
   6400  3936    10660,2500     6    10559,0000    10690,3689   839077    1,24%
   6485  3990    10665,5000    14    10559,0000    10690,3689   841797    1,24%
Elapsed time = 3265,88 sec. (1195441,16 ticks, tree = 799,85 MB, solutions = 7)
   6772  4149    10665,5000    12    10559,0000    10690,3689   851702    1,24%
   6834  4187    10618,0954    20    10559,0000    10690,3689   856392    1,24%
   6882  4215    10618,0954    18    10559,0000    10690,3689   859826    1,24%
   7061  4315    10689,5000    14    10559,0000    10690,3689   879196    1,24%
   7149  4362    10618,0954    18    10559,0000    10690,3689   883549    1,24%
   7172  4376    10627,6000    16    10559,0000    10690,3689   885641    1,24%
   7220  4401    10689,5000    14    10559,0000    10690,3689   892414    1,24%
*  7234+ 4169                        10624,2000    10690,3689             0,62%

Implied bound cuts applied:  1135
Flow cuts applied:  27099
Mixed integer rounding cuts applied:  17044
Flow path cuts applied:  2823
Gomory fractional cuts applied:  373

Root node processing (before b&c):
  Real time             =  781,50 sec. (437291,46 ticks)
Parallel b&c, 8 threads:
  Real time             = 2728,45 sec. (840912,20 ticks)
  Sync time (average)   =  737,89 sec.
  Wait time (average)   =  751,64 sec.
                          ------------
Total (root+branch&cut) = 3509,95 sec. (1278203,65 ticks)

<<< solve


OBJECTIVE: 10624.2
avg_utility = 0.65956

<<< post process


<<< done

