
<<< setup


<<< generate

Found incumbent of value 0,000000 after 0,00 sec. (0,38 ticks)
Tried aggregator 3 times.
MIP Presolve eliminated 2187 rows and 9284 columns.
Aggregator did 2886 substitutions.
Reduced MIP has 39 rows, 191 columns, and 381 nonzeros.
Reduced MIP has 0 binaries, 0 generals, 0 SOSs, and 0 indicators.
Presolve time = 0,02 sec. (13,69 ticks)
Tried aggregator 1 time.
MIP Presolve eliminated 4 rows and 20 columns.
Reduced MIP has 35 rows, 171 columns, and 341 nonzeros.
Reduced MIP has 0 binaries, 0 generals, 0 SOSs, and 0 indicators.
Presolve time = 0,00 sec. (0,31 ticks)
Tried aggregator 1 time.
Reduced MIP has 35 rows, 171 columns, and 341 nonzeros.
Reduced MIP has 0 binaries, 0 generals, 0 SOSs, and 0 indicators.
Presolve time = 0,00 sec. (0,26 ticks)
MIP emphasis: balance optimality and feasibility.
MIP search method: dynamic search.
Parallel mode: deterministic, using up to 24 threads.
Root relaxation solution time = 0,00 sec. (0,05 ticks)

        Nodes                                         Cuts/
   Node  Left     Objective  IInf  Best Integer    Best Bound    ItCnt     Gap

*     0+    0                            0,0000    19864,5333              --- 
*     0     0      integral     0     2613,6667     2613,6667        1    0,00%
Elapsed time = 0,02 sec. (15,29 ticks, tree = 0,00 MB, solutions = 1)

Root node processing (before b&c):
  Real time             =    0,02 sec. (15,74 ticks)
Parallel b&c, 24 threads:
  Real time             =    0,00 sec. (0,00 ticks)
  Sync time (average)   =    0,00 sec.
  Wait time (average)   =    0,00 sec.
                          ------------
Total (root+branch&cut) =    0,02 sec. (15,74 ticks)

<<< solve


OBJECTIVE: 2613.667
avg_utility = 0.160033

<<< post process


<<< done

