
<<< setup


<<< generate

Found incumbent of value 0,000000 after 0,02 sec. (6,51 ticks)
Tried aggregator 2 times.
MIP Presolve eliminated 242330 rows and 132417 columns.
MIP Presolve modified 7761 coefficients.
Aggregator did 3880 substitutions.
Reduced MIP has 8538 rows, 16296 columns, and 31816 nonzeros.
Reduced MIP has 7516 binaries, 1020 generals, 0 SOSs, and 0 indicators.
Presolve time = 0,34 sec. (176,96 ticks)
Probing time = 0,02 sec. (1,99 ticks)
Tried aggregator 1 time.
Reduced MIP has 8538 rows, 16296 columns, and 31816 nonzeros.
Reduced MIP has 7516 binaries, 1020 generals, 0 SOSs, and 0 indicators.
Presolve time = 0,05 sec. (22,08 ticks)
Probing time = 0,07 sec. (1,99 ticks)
Clique table members: 606.
MIP emphasis: balance optimality and feasibility.
MIP search method: dynamic search.
Parallel mode: deterministic, using up to 8 threads.
Root relaxation solution time = 0,10 sec. (66,12 ticks)

        Nodes                                         Cuts/
   Node  Left     Objective  IInf  Best Integer    Best Bound    ItCnt     Gap

*     0+    0                            0,0000     4899,0000              --- 
      0     0     1181,1500     7        0,0000     1181,1500     1277     --- 
      0     0     1181,1500    10        0,0000       Cuts: 4     1280     --- 
      0     0     1181,1500     9        0,0000    MIRcuts: 2     1288     --- 
*     0+    0                         1181,0000     1181,1500             0,01%
      0     0        cutoff           1181,0000     1181,0000     1288    0,00%
Elapsed time = 2,80 sec. (2380,10 ticks, tree = 0,00 MB, solutions = 2)

Mixed integer rounding cuts applied:  1
Gomory fractional cuts applied:  1

Root node processing (before b&c):
  Real time             =    2,82 sec. (2385,76 ticks)
Parallel b&c, 8 threads:
  Real time             =    0,00 sec. (0,00 ticks)
  Sync time (average)   =    0,00 sec.
  Wait time (average)   =    0,00 sec.
                          ------------
Total (root+branch&cut) =    2,82 sec. (2385,76 ticks)

<<< solve


OBJECTIVE: 1181
avg_utility = 0.723209

<<< post process


<<< done

