
<<< setup


<<< generate

Tried aggregator 2 times.
MIP Presolve eliminated 135974 rows and 128323 columns.
MIP Presolve modified 2835 coefficients.
Aggregator did 15825 substitutions.
Reduced MIP has 6222 rows, 11865 columns, and 25990 nonzeros.
Reduced MIP has 4565 binaries, 1650 generals, 0 SOSs, and 0 indicators.
Presolve time = 0,84 sec. (2994,37 ticks)
Found incumbent of value 0,000000 after 0,88 sec. (3014,81 ticks)
Probing time = 0,01 sec. (1,19 ticks)
Tried aggregator 1 time.
Reduced MIP has 6222 rows, 11865 columns, and 25990 nonzeros.
Reduced MIP has 4565 binaries, 1650 generals, 0 SOSs, and 0 indicators.
Presolve time = 0,02 sec. (15,52 ticks)
Probing time = 0,01 sec. (1,19 ticks)
Clique table members: 290.
MIP emphasis: balance optimality and feasibility.
MIP search method: dynamic search.
Parallel mode: deterministic, using up to 8 threads.
Root relaxation solution time = 0,03 sec. (43,92 ticks)

        Nodes                                         Cuts/
   Node  Left     Objective  IInf  Best Integer    Best Bound    ItCnt     Gap

*     0+    0                            0,0000    15680,0000              --- 
      0     0     2971,6500     2        0,0000     2971,6500      787     --- 
*     0+    0                         2971,6000     2971,6500             0,00%
*     0     0      integral     0     2971,6000     2971,6500      788    0,00%
Elapsed time = 1,25 sec. (3614,50 ticks, tree = 0,00 MB, solutions = 2)

Mixed integer rounding cuts applied:  1
Lift and project cuts applied:  1

Root node processing (before b&c):
  Real time             =    1,27 sec. (3619,74 ticks)
Parallel b&c, 8 threads:
  Real time             =    0,00 sec. (0,00 ticks)
  Sync time (average)   =    0,00 sec.
  Wait time (average)   =    0,00 sec.
                          ------------
Total (root+branch&cut) =    1,27 sec. (3619,74 ticks)

<<< solve


OBJECTIVE: 2971.6

<<< post process


<<< done

