
<<< setup


<<< generate

Tried aggregator 2 times.
MIP Presolve eliminated 151888 rows and 147091 columns.
MIP Presolve modified 1 coefficients.
Aggregator did 5590 substitutions.
Reduced MIP has 560 rows, 3354 columns, and 6149 nonzeros.
Reduced MIP has 1692 binaries, 1662 generals, 0 SOSs, and 0 indicators.
Presolve time = 0,89 sec. (2943,23 ticks)
Found incumbent of value 0,000000 after 0,91 sec. (2950,36 ticks)
Probing time = 0,01 sec. (11,56 ticks)
Tried aggregator 1 time.
Presolve time = 0,01 sec. (4,13 ticks)
Probing time = 0,00 sec. (1,03 ticks)
Clique table members: 282.
MIP emphasis: balance optimality and feasibility.
MIP search method: dynamic search.
Parallel mode: deterministic, using up to 24 threads.
Root relaxation solution time = 0,02 sec. (3,22 ticks)

        Nodes                                         Cuts/
   Node  Left     Objective  IInf  Best Integer    Best Bound    ItCnt     Gap

*     0+    0                            0,0000     7051,4000        1     --- 
*     0+    0                          174,8000     7051,4000        1     --- 
      0     0      326,6667     2      174,8000      326,6667        1   86,88%
*     0+    0                          326,6000      326,6667        1    0,02%
*     0     0      integral     0      326,6000      326,6667        1    0,02%
Elapsed time = 0,97 sec. (2985,46 ticks, tree = 0,00 MB, solutions = 3)

Root node processing (before b&c):
  Real time             =    0,05 sec. (18,14 ticks)
Parallel b&c, 24 threads:
  Real time             =    0,00 sec. (0,00 ticks)
  Sync time (average)   =    0,00 sec.
  Wait time (average)   =    0,00 sec.
                          ------------
Total (root+branch&cut) =    0,05 sec. (18,14 ticks)

<<< solve


OBJECTIVE: 326.6
avg_utility = 0.1333061224489786

<<< post process


<<< done

