
<<< setup


<<< generate

Found incumbent of value 0,000000 after 0,05 sec. (55,52 ticks)
Tried aggregator 2 times.
MIP Presolve eliminated 2397254 rows and 1215574 columns.
MIP Presolve modified 5500 coefficients.
Aggregator did 5497 substitutions.
Reduced MIP has 14658 rows, 22898 columns, and 54956 nonzeros.
Reduced MIP has 4580 binaries, 0 generals, 0 SOSs, and 0 indicators.
Presolve time = 0,82 sec. (1473,41 ticks)
Probing time = 0,01 sec. (1,16 ticks)
Tried aggregator 1 time.
Reduced MIP has 14658 rows, 22898 columns, and 54956 nonzeros.
Reduced MIP has 4580 binaries, 0 generals, 0 SOSs, and 0 indicators.
Presolve time = 0,05 sec. (61,94 ticks)
Probing time = 0,01 sec. (1,16 ticks)
MIP emphasis: balance optimality and feasibility.
MIP search method: dynamic search.
Parallel mode: deterministic, using up to 8 threads.
Root relaxation solution time = 0,08 sec. (189,11 ticks)

        Nodes                                         Cuts/
   Node  Left     Objective  IInf  Best Integer    Best Bound    ItCnt     Gap

*     0+    0                            0,0000     7005,3495              --- 
*     0+    0                         1268,9397     7005,3495           452,06%
*     0     0      integral     0     1633,0000     1633,0000      916    0,00%
Elapsed time = 1,14 sec. (1876,27 ticks, tree = 0,00 MB, solutions = 3)

Root node processing (before b&c):
  Real time             =    1,20 sec. (1929,86 ticks)
Parallel b&c, 8 threads:
  Real time             =    0,00 sec. (0,00 ticks)
  Sync time (average)   =    0,00 sec.
  Wait time (average)   =    0,00 sec.
                          ------------
Total (root+branch&cut) =    1,20 sec. (1929,86 ticks)

<<< solve


OBJECTIVE: 1633
avg_utility = 1

<<< post process


<<< done

