
<<< setup


<<< generate

Found incumbent of value 0,000000 after 0,01 sec. (4,53 ticks)
Tried aggregator 2 times.
MIP Presolve eliminated 20758 rows and 34077 columns.
MIP Presolve modified 2031 coefficients.
Aggregator did 2290 substitutions.
Reduced MIP has 36826 rows, 113130 columns, and 308246 nonzeros.
Reduced MIP has 5842 binaries, 2406 generals, 0 SOSs, and 0 indicators.
Presolve time = 0,27 sec. (186,91 ticks)
Probing time = 0,41 sec. (33,26 ticks)
Tried aggregator 1 time.
MIP Presolve eliminated 4703 rows and 12172 columns.
Reduced MIP has 32123 rows, 100958 columns, and 272170 nonzeros.
Reduced MIP has 5842 binaries, 2406 generals, 0 SOSs, and 0 indicators.
Presolve time = 0,31 sec. (156,50 ticks)
Probing time = 0,23 sec. (31,23 ticks)
Tried aggregator 1 time.
Reduced MIP has 32123 rows, 100958 columns, and 272170 nonzeros.
Reduced MIP has 5842 binaries, 2406 generals, 0 SOSs, and 0 indicators.
Presolve time = 0,24 sec. (128,07 ticks)
Probing time = 0,29 sec. (33,30 ticks)
Clique table members: 3357.
MIP emphasis: balance optimality and feasibility.
MIP search method: dynamic search.
Parallel mode: deterministic, using up to 24 threads.
Root relaxation solution time = 0,60 sec. (373,25 ticks)

        Nodes                                         Cuts/
   Node  Left     Objective  IInf  Best Integer    Best Bound    ItCnt     Gap

*     0+    0                            0,0000        3,0000              --- 
      0     0        0,9521   473        0,0000        0,9521     1119     --- 
*     0+    0                            0,2449        0,9521           288,72%
      0     0        0,8613   479        0,2449    Cuts: 1483     7710  251,69%
      0     0        0,7333   574        0,2449    Cuts: 1527    10513  199,42%
      0     0        0,6545   561        0,2449    Cuts: 1389    12848  167,23%
*     0+    0                            0,3233        0,6545           102,43%
      0     0        0,6031   574        0,3233    Cuts: 1330    56381   86,55%
      0     0        0,5611   604        0,3233    Cuts: 1178    58060   73,55%
      0     0        0,5614   542        0,3233    Cuts: 1336   189478   73,55%
*     0+    0                            0,4196        0,5611            33,72%
      0     0        0,5519   664        0,4196    Cuts: 1273   192481   31,52%
      0     0        0,5432   680        0,4196    Cuts: 1327   196639   29,45%
      0     0        0,5550   614        0,4196    Cuts: 1207   401014   29,45%
      0     0        cutoff              0,4196                 429859    0,00%
Elapsed time = 197,26 sec. (161402,70 ticks, tree = 0,00 MB, solutions = 4)

Cover cuts applied:  4
Implied bound cuts applied:  250
Flow cuts applied:  5299
Mixed integer rounding cuts applied:  4463
Flow path cuts applied:  22
Gomory fractional cuts applied:  312

Root node processing (before b&c):
  Real time             =  197,28 sec. (161410,57 ticks)
Parallel b&c, 24 threads:
  Real time             =    0,00 sec. (0,00 ticks)
  Sync time (average)   =    0,00 sec.
  Wait time (average)   =    0,00 sec.
                          ------------
Total (root+branch&cut) =  197,28 sec. (161410,57 ticks)

<<< solve


OBJECTIVE: 0.4196179
avg_utility = 0.419618

<<< post process


<<< done

