
<<< setup


<<< generate

Found incumbent of value 0,000000 after 0,00 sec. (0,63 ticks)
Tried aggregator 2 times.
MIP Presolve eliminated 13508 rows and 11021 columns.
MIP Presolve modified 2009 coefficients.
Aggregator did 1004 substitutions.
Reduced MIP has 2512 rows, 4518 columns, and 8534 nonzeros.
Reduced MIP has 1832 binaries, 678 generals, 0 SOSs, and 0 indicators.
Presolve time = 0,02 sec. (18,58 ticks)
Probing time = 0,00 sec. (0,88 ticks)
Tried aggregator 1 time.
Reduced MIP has 2512 rows, 4518 columns, and 8534 nonzeros.
Reduced MIP has 1832 binaries, 678 generals, 0 SOSs, and 0 indicators.
Presolve time = 0,01 sec. (5,38 ticks)
Probing time = 0,00 sec. (0,88 ticks)
Clique table members: 276.
MIP emphasis: balance optimality and feasibility.
MIP search method: dynamic search.
Parallel mode: deterministic, using up to 8 threads.
Root relaxation solution time = 0,01 sec. (12,32 ticks)

        Nodes                                         Cuts/
   Node  Left     Objective  IInf  Best Integer    Best Bound    ItCnt     Gap

*     0+    0                            0,0000     2352,0000              --- 
      0     0     1035,1250     2        0,0000     1035,1250      517     --- 
*     0+    0                         1035,0000     1035,1250             0,01%
      0     0        cutoff           1035,0000     1035,1250      517    0,01%
Elapsed time = 0,06 sec. (53,06 ticks, tree = 0,00 MB, solutions = 2)

Root node processing (before b&c):
  Real time             =    0,06 sec. (53,69 ticks)
Parallel b&c, 8 threads:
  Real time             =    0,00 sec. (0,00 ticks)
  Sync time (average)   =    0,00 sec.
  Wait time (average)   =    0,00 sec.
                          ------------
Total (root+branch&cut) =    0,06 sec. (53,69 ticks)

<<< solve


OBJECTIVE: 1035
avg_utility = 0.528061

<<< post process


<<< done

