
<<< setup


<<< generate

Found incumbent of value 0,000000 after 0,08 sec. (65,61 ticks)
Aggregator has done 133615 substitutions...
Aggregator has done 156744 substitutions...
Aggregator has done 180248 substitutions...
Aggregator has done 200983 substitutions...
Aggregator has done 223727 substitutions...
Aggregator has done 244582 substitutions...
Aggregator has done 266223 substitutions...
Aggregator has done 288205 substitutions...
Aggregator has done 307582 substitutions...
Aggregator has done 329243 substitutions...
Aggregator has done 346773 substitutions...
Tried aggregator 28 times.
MIP Presolve eliminated 123729 rows and 986214 columns.
MIP Presolve modified 123717 coefficients.
Aggregator did 353546 substitutions.
Reduced MIP has 275360 rows, 875321 columns, and 2403478 nonzeros.
Reduced MIP has 64110 binaries, 0 generals, 0 SOSs, and 0 indicators.
Presolve time = 277,52 sec. (116886,37 ticks)
Probing time = 0,62 sec. (29,22 ticks)
Tried aggregator 1 time.
Reduced MIP has 275360 rows, 875321 columns, and 2403478 nonzeros.
Reduced MIP has 64110 binaries, 0 generals, 0 SOSs, and 0 indicators.
Presolve time = 2,83 sec. (989,19 ticks)
Probing time = 0,51 sec. (29,61 ticks)
MIP emphasis: balance optimality and feasibility.
MIP search method: dynamic search.
Parallel mode: deterministic, using up to 24 threads.
Root relaxation solution time = 4,90 sec. (1592,94 ticks)

        Nodes                                         Cuts/
   Node  Left     Objective  IInf  Best Integer    Best Bound    ItCnt     Gap

*     0+    0                            0,0000   100670,2620              --- 
      0     0    23467,0000  5438        0,0000    23467,0000    11479     --- 
*     0+    0                        17365,4672    23467,0000            35,14%
      0     0    23111,0757  4466    17365,4672   Cuts: 10000   272604   33,09%
      0     0    22763,4266  4732    17365,4672    Cuts: 9859   386017   31,08%
      0     0    22355,5499  4764    17365,4672    Cuts: 9964   429079   28,74%
*     0+    0                        17902,6389    22355,5499            24,87%
*     0+    0                        17944,3770    22355,5499            24,58%
*     0+    0                        17945,8418    22355,5499            24,57%
*     0+    0                        17948,1168    22355,5499            24,56%
*     0+    0                        18343,8580    22355,5499            21,87%
      0     0    21991,5529  4495    18343,8580    Cuts: 9884   668311   19,89%
      0     0    21649,3614  3563    18343,8580    Cuts: 9932   767574   18,02%
      0     0    21521,2721  3360    18343,8580    Cuts: 9643   837133   17,32%
*     0+    0                        19197,4828    21521,2721            12,10%
*     0+    0                        19226,1084    21521,2721            11,94%
*     0+    0                        19227,2044    21521,2721            11,93%
      0     0    21421,8628  3113    19227,2044    Cuts: 9483   868389   11,41%
*     0+    0                        19473,8359    21421,8628            10,00%
      0     0    21327,8667  3307    19473,8359    Cuts: 9528   984094    9,52%
*     0+    0                        19678,7063    21327,8667             8,38%
      0     0    21268,9833  3286    19678,7063    Cuts: 9432  1095023    8,08%
*     0+    0                        20073,4367    21268,9833             5,96%
*     0+    0                        20088,3671    21268,9833             5,88%
*     0+    0                        20088,8985    21268,9833             5,87%
*     0+    0                        20089,9040    21268,9833             5,87%
*     0+    0                        20090,2850    21268,9833             5,87%
*     0+    0                        20090,3704    21268,9833             5,87%
*     0+    0                        20091,2619    21268,9833             5,86%
      0     0    21195,8874  2759    20091,2619    Cuts: 8905  1192764    5,50%
*     0+    0                        20099,9303    21195,8874             5,45%
      0     0    21117,2305  2618    20099,9303    Cuts: 8817  1277699    5,06%
      0     0    21068,3974  2453    20099,9303    Cuts: 8627  1374514    4,82%
*     0+    0                        20422,9759    21068,3974             3,16%
*     0+    0                        20423,9388    21068,3974             3,16%
      0     0    21021,7821  2411    20423,9388    Cuts: 8954  1483777    2,93%
*     0+    0                        20447,2066    21021,7821             2,81%
      0     0    20988,7605  2220    20447,2066    Cuts: 8534  1556191    2,65%
*     0+    0                        20495,5293    20988,7605             2,41%
      0     0    20956,2090  2014    20495,5293    Cuts: 8285  1643125    2,25%
*     0+    0                        20518,0601    20956,2090             2,14%
      0     0    20933,1395  1905    20518,0601    Cuts: 7588  1712386    2,02%
