
<<< setup


<<< generate

Found incumbent of value 0.000000 after 0.01 sec. (2.41 ticks)
Tried aggregator 3 times.
MIP Presolve eliminated 79536 rows and 21037 columns.
MIP Presolve modified 1344 coefficients.
Aggregator did 17399 substitutions.
Reduced MIP has 7234 rows, 14365 columns, and 40471 nonzeros.
Reduced MIP has 1863 binaries, 575 generals, 0 SOSs, and 0 indicators.
Presolve time = 0.62 sec. (399.65 ticks)
Probing time = 0.01 sec. (1.17 ticks)
Tried aggregator 1 time.
Reduced MIP has 7234 rows, 14365 columns, and 40471 nonzeros.
Reduced MIP has 1863 binaries, 575 generals, 0 SOSs, and 0 indicators.
Presolve time = 0.05 sec. (20.49 ticks)
Probing time = 0.16 sec. (1.13 ticks)
Clique table members: 209.
MIP emphasis: balance optimality and feasibility.
MIP search method: dynamic search.
Parallel mode: deterministic, using up to 8 threads.
Root relaxation solution time = 0.07 sec. (41.68 ticks)

        Nodes                                         Cuts/
   Node  Left     Objective  IInf  Best Integer    Best Bound    ItCnt     Gap

*     0+    0                            0.0000     2119.0000              --- 
      0     0      713.0000   271        0.0000      713.0000      904     --- 
*     0+    0                          514.6000      713.0000            38.55%
      0     0      713.0000    19      514.6000      Cuts: 21      981   38.55%
      0     0      713.0000    22      514.6000      Cuts: 56     1083   38.55%
*     0+    0                          554.6000      713.0000            28.56%
*     0+    0                          712.0000      713.0000             0.14%

Flow cuts applied:  18
Mixed integer rounding cuts applied:  13
Gomory fractional cuts applied:  14

Root node processing (before b&c):
  Real time             =    2.17 sec. (1149.75 ticks)
Parallel b&c, 8 threads:
  Real time             =    0.00 sec. (0.00 ticks)
  Sync time (average)   =    0.00 sec.
  Wait time (average)   =    0.00 sec.
                          ------------
Total (root+branch&cut) =    2.17 sec. (1149.75 ticks)

<<< solve


OBJECTIVE: 712
avg_utility = 0.998597

<<< post process


<<< done

