
<<< setup


<<< generate

Found incumbent of value 0,000000 after 0,00 sec. (0,71 ticks)
Tried aggregator 2 times.
MIP Presolve eliminated 18238 rows and 12709 columns.
MIP Presolve modified 1118 coefficients.
Aggregator did 1677 substitutions.
Reduced MIP has 1679 rows, 3354 columns, and 6149 nonzeros.
Reduced MIP has 1405 binaries, 831 generals, 0 SOSs, and 0 indicators.
Presolve time = 0,02 sec. (19,94 ticks)
Probing time = 0,00 sec. (1,73 ticks)
Tried aggregator 1 time.
Reduced MIP has 1679 rows, 3354 columns, and 6149 nonzeros.
Reduced MIP has 1405 binaries, 831 generals, 0 SOSs, and 0 indicators.
Presolve time = 0,00 sec. (3,99 ticks)
Probing time = 0,00 sec. (1,73 ticks)
Clique table members: 282.
MIP emphasis: balance optimality and feasibility.
MIP search method: dynamic search.
Parallel mode: deterministic, using up to 8 threads.
Root relaxation solution time = 0,01 sec. (12,81 ticks)

        Nodes                                         Cuts/
   Node  Left     Objective  IInf  Best Integer    Best Bound    ItCnt     Gap

*     0+    0                            0,0000     2940,0000              --- 
*     0+    0                          304,8000     2940,0000           864,57%
*     0+    0                          326,6000     2940,0000           800,18%
      0     0     1252,1250     2      326,6000     1252,1250      562  283,38%
*     0+    0                         1251,4000     1252,1250             0,06%

Root node processing (before b&c):
  Real time             =    0,06 sec. (59,31 ticks)
Parallel b&c, 8 threads:
  Real time             =    0,00 sec. (0,00 ticks)
  Sync time (average)   =    0,00 sec.
  Wait time (average)   =    0,00 sec.
                          ------------
Total (root+branch&cut) =    0,06 sec. (59,31 ticks)

<<< solve


OBJECTIVE: 1251.4
avg_utility = 0.510776

<<< post process


<<< done

