
<<< setup


<<< generate

Found incumbent of value 0,000000 after 0,02 sec. (16,42 ticks)
Tried aggregator 8 times.
MIP Presolve eliminated 111634 rows and 330405 columns.
MIP Presolve modified 28548 coefficients.
Aggregator did 87558 substitutions.
Reduced MIP has 51748 rows, 110758 columns, and 347872 nonzeros.
Reduced MIP has 14120 binaries, 0 generals, 0 SOSs, and 0 indicators.
Presolve time = 9,84 sec. (7943,75 ticks)
Probing time = 0,03 sec. (4,91 ticks)
Tried aggregator 1 time.
Reduced MIP has 51748 rows, 110758 columns, and 347872 nonzeros.
Reduced MIP has 14120 binaries, 0 generals, 0 SOSs, and 0 indicators.
Presolve time = 0,26 sec. (188,47 ticks)
Probing time = 0,03 sec. (5,22 ticks)
MIP emphasis: balance optimality and feasibility.
MIP search method: dynamic search.
Parallel mode: deterministic, using up to 8 threads.
Root relaxation solution time = 1,55 sec. (1087,63 ticks)

        Nodes                                         Cuts/
   Node  Left     Objective  IInf  Best Integer    Best Bound    ItCnt     Gap

*     0+    0                            0,0000    29198,9340              --- 
      0     0     7851,0000  1571        0,0000     7851,0000     3851     --- 
      0     0     7676,2276  1310        0,0000    Cuts: 4719    52484     --- 
      0     0     7544,9763  1203        0,0000    Cuts: 3943    63212     --- 
      0     0     7418,9975  1082        0,0000    Cuts: 3446    93641     --- 
*     0+    0                         5738,6974     7418,9975            29,28%
*     0+    0                         5760,4495     7418,9975            28,79%
*     0+    0                         5769,4473     7418,9975            28,59%
*     0+    0                         5780,7962     7418,9975            28,34%
*     0+    0                         5781,6840     7418,9975            28,32%
      0     0     7304,3204   948     5781,6840    Cuts: 2963   143896   26,34%
      0     0     7241,8248   449     5781,6840    Cuts: 2488   171326   25,25%
      0     0     7204,5653    95     5781,6840    Cuts: 1240   190348   24,61%
*     0+    0                         6975,9605     7204,5653             3,28%
*     0+    0                         7002,5128     7204,5653             2,89%
*     0+    0                         7070,8573     7204,5653             1,89%
*     0+    0                         7076,9053     7204,5653             1,80%
*     0+    0                         7080,6487     7204,5653             1,75%
*     0+    0                         7081,4293     7204,5653             1,74%
      0     0     7202,4423   161     7081,4293     Cuts: 929   206739    1,71%
      0     0     7202,1265   109     7081,4293    Cuts: 1023   227789    1,70%
      0     0     7202,0881    83     7081,4293     Cuts: 409   259579    1,70%
*     0+    0                         7107,3879     7202,0881             1,33%
*     0+    0                         7133,3775     7202,0881             0,96%

Implied bound cuts applied:  594
Flow cuts applied:  15125
Mixed integer rounding cuts applied:  3393
Flow path cuts applied:  55
Gomory fractional cuts applied:  315

Root node processing (before b&c):
  Real time             =  587,66 sec. (294011,08 ticks)
Parallel b&c, 8 threads:
  Real time             =    0,00 sec. (0,00 ticks)
  Sync time (average)   =    0,00 sec.
  Wait time (average)   =    0,00 sec.
                          ------------
Total (root+branch&cut) =  587,66 sec. (294011,08 ticks)

<<< solve


OBJECTIVE: 7133.378
avg_utility = 0.908595

<<< post process


<<< done

