
<<< setup


<<< generate

Found incumbent of value 0.000000 after 0.05 sec. (16.90 ticks)
Tried aggregator 5 times.
MIP Presolve eliminated 179550 rows and 387715 columns.
MIP Presolve modified 5912 coefficients.
Aggregator did 106518 substitutions.
Reduced MIP has 14812 rows, 34488 columns, and 110911 nonzeros.
Reduced MIP has 2753 binaries, 0 generals, 0 SOSs, and 0 indicators.
Presolve time = 9.64 sec. (3906.28 ticks)
Probing time = 0.03 sec. (1.41 ticks)
Tried aggregator 1 time.
Reduced MIP has 14812 rows, 34488 columns, and 110911 nonzeros.
Reduced MIP has 2753 binaries, 0 generals, 0 SOSs, and 0 indicators.
Presolve time = 0.13 sec. (54.38 ticks)
Probing time = 0.03 sec. (1.46 ticks)
MIP emphasis: balance optimality and feasibility.
MIP search method: dynamic search.
Parallel mode: deterministic, using up to 8 threads.
Root relaxation solution time = 0.45 sec. (206.22 ticks)

        Nodes                                         Cuts/
   Node  Left     Objective  IInf  Best Integer    Best Bound    ItCnt     Gap

*     0+    0                         1581.0000    27587.0806              --- 
      0     0     7851.0000  1487     1581.0000     7851.0000     4226  396.58%
*     0+    0                         7232.8635     7851.0000             8.55%
      0     0     7506.9218   107     7232.8635    Cuts: 3803    17807    3.79%
      0     0     7362.9515    22     7232.8635     Cuts: 688    25045    1.80%
      0     0     7362.8823    26     7232.8635     Cuts: 118    25713    1.80%
*     0+    0                         7344.0239     7362.8823             0.26%

Implied bound cuts applied:  151
Flow cuts applied:  2796
Mixed integer rounding cuts applied:  908
Flow path cuts applied:  266
Gomory fractional cuts applied:  272

Root node processing (before b&c):
  Real time             =   27.65 sec. (16437.21 ticks)
Parallel b&c, 8 threads:
  Real time             =    0.00 sec. (0.00 ticks)
  Sync time (average)   =    0.00 sec.
  Wait time (average)   =    0.00 sec.
                          ------------
Total (root+branch&cut) =   27.65 sec. (16437.21 ticks)

<<< solve


OBJECTIVE: 7344.024
avg_utility = 0.935425

<<< post process


<<< done

