
<<< setup


<<< generate

Found incumbent of value 0,000000 after 0,03 sec. (13,57 ticks)
Tried aggregator 5 times.
MIP Presolve eliminated 343989 rows and 214105 columns.
MIP Presolve modified 15101 coefficients.
Aggregator did 74161 substitutions.
Reduced MIP has 32815 rows, 61655 columns, and 193359 nonzeros.
Reduced MIP has 1913 binaries, 0 generals, 0 SOSs, and 0 indicators.
Presolve time = 6,89 sec. (3877,37 ticks)
Probing time = 0,05 sec. (2,62 ticks)
Tried aggregator 1 time.
Reduced MIP has 32815 rows, 61655 columns, and 193359 nonzeros.
Reduced MIP has 1913 binaries, 0 generals, 0 SOSs, and 0 indicators.
Presolve time = 0,27 sec. (94,53 ticks)
Probing time = 0,06 sec. (2,74 ticks)
MIP emphasis: balance optimality and feasibility.
MIP search method: dynamic search.
Parallel mode: deterministic, using up to 8 threads.
Root relaxation solution time = 0,29 sec. (103,54 ticks)

        Nodes                                         Cuts/
   Node  Left     Objective  IInf  Best Integer    Best Bound    ItCnt     Gap

*     0+    0                            0,0000    16091,9215              --- 
      0     0     3779,0000   950        0,0000     3779,0000     1978     --- 
*     0+    0                         2401,3402     3779,0000            57,37%
      0     0     3723,3298   442     2401,3402    Cuts: 2878    33660   55,05%
      0     0     3697,2926   586     2401,3402    Cuts: 2634    65765   53,97%
      0     0     3651,4018   549     2401,3402    Cuts: 3075    79622   52,06%
*     0+    0                         2778,5691     3651,4018            31,41%
*     0+    0                         2800,1318     3651,4018            30,40%
*     0+    0                         2806,1711     3651,4018            30,12%
*     0+    0                         2808,9823     3651,4018            29,99%
      0     0     3623,8878   512     2808,9823    Cuts: 3562    97994   29,01%
      0     0     3588,4058   290     2808,9823    Cuts: 2798   118358   27,75%
      0     0     3586,4466   436     2808,9823    Cuts: 1869   140090   27,68%
*     0+    0                         2905,9858     3586,4466            23,42%
*     0+    0                         2963,3254     3586,4466            21,03%
*     0+    0                         2963,6768     3586,4466            21,01%
      0     0     3584,0002   370     2963,6768    Cuts: 2774   157580   20,93%
*     0+    0                         3412,6447     3584,0002             5,02%
      0     0     3581,5536   208     3412,6447    Cuts: 2206   173163    4,95%
      0     0     3580,9889   128     3412,6447     Cuts: 867   191028    4,93%
*     0+    0                         3444,1948     3580,9889             3,97%
*     0+    0                         3479,3982     3580,9889             2,92%
*     0+    0                         3490,4439     3580,9889             2,59%
      0     0     3580,7542   151     3490,4439     Cuts: 416   200876    2,59%
      0     0     3580,5293   145     3490,4439     Cuts: 701   205113    2,58%
*     0+    0                         3492,4812     3580,5293             2,52%
Heuristic still looking.
      0     2     3580,5293   145     3492,4812     3580,5293   205113    2,52%
Elapsed time = 418,04 sec. (152507,84 ticks, tree = 0,00 MB, solutions = 14)
      2     4     3565,3511   121     3492,4812     3580,5293   219360    2,52%
      3     5     3550,0410    99     3492,4812     3579,7238   224823    2,50%
      4     6     3578,5908   146     3492,4812     3579,7238   228711    2,50%
      6     6     3577,2659   145     3492,4812     3579,7238   251557    2,50%
      7     7     3570,5015   138     3492,4812     3579,7238   263155    2,50%
      8     8     3548,6322   104     3492,4812     3575,9673   265021    2,39%
      9     9     3568,9865   131     3492,4812     3575,9673   270435    2,39%
     10    10     3575,4212   141     3492,4812     3575,9673   275354    2,39%
*    11+    9                         3492,6785     3575,9673             2,38%
     11    11     3564,2500   125     3492,6785     3575,9673   280830    2,38%
     13    13     3572,3859   137     3492,6785     3575,9673   294112    2,38%
Elapsed time = 596,25 sec. (212244,49 ticks, tree = 0,00 MB, solutions = 14)
     14    14     3562,6814   123     3492,6785     3575,9673   307347    2,38%
     15    15     3546,5964    77     3492,6785     3575,9673   316264    2,38%
     17    17     3558,3117    80     3492,6785     3575,9673   337882    2,38%
     19    17        cutoff           3492,6785     3575,9673   355585    2,38%
*    20+   16                         3493,5409     3575,9673             2,36%
     20    18     3540,0829    78     3493,5409     3575,9673   364377    2,36%
*    21+   17                         3497,7453     3575,9673             2,24%
     27    25     3542,5780    85     3497,7453     3575,9673   412913    2,24%
     30    28     3551,0026    85     3497,7453     3575,9673   429302    2,24%
     31    29     3561,4012   104     3497,7453     3575,9673   438058    2,24%
*    34+   30                         3498,7519     3575,9673             2,21%
     34    32     3558,2079   112     3498,7519     3575,9673   464768    2,21%
     50    48     3536,4347    62     3498,7519     3575,9673   608476    2,21%
Elapsed time = 909,47 sec. (264032,80 ticks, tree = 0,00 MB, solutions = 17)
     67    65     3540,4666    76     3498,7519     3575,9673   692427    2,21%
     70    68     3549,6737    75     3498,7519     3575,9673   704694    2,21%
     73    71     3523,0186    72     3498,7519     3575,9673   722756    2,21%
     97    95     3517,3013    71     3498,7519     3575,9673   786628    2,21%
    101    99     3533,6795    55     3498,7519     3575,9673   797259    2,21%
    109   107     3525,1882    51     3498,7519     3575,9673   836044    2,21%
    110   108     3536,6008    71     3498,7519     3575,9673   862992    2,21%
    139   137     3549,7384    71     3498,7519     3575,9673  1025040    2,21%
    141   139     3536,7455    72     3498,7519     3575,9673  1042193    2,21%
    148   146     3524,6497    49     3498,7519     3575,9673  1103976    2,21%
Elapsed time = 1391,25 sec. (320041,08 ticks, tree = 0,00 MB, solutions = 18)
    152   150     3506,7194    67     3498,7519     3575,9673  1146324    2,21%
    160   156     3509,8992    65     3498,7519     3575,9673  1210917    2,21%
    163   159     3546,5525    70     3498,7519     3575,9673  1225930    2,21%
    164   160     3521,4301    42     3498,7519     3575,9673  1243011    2,21%
    171   167     3545,5084    75     3498,7519     3575,9673  1295312    2,21%
    179   173        cutoff           3498,7519     3575,9673  1338395    2,21%
    187   181     3538,7699    69     3498,7519     3575,9673  1413297    2,21%
    195   189     3537,7259    66     3498,7519     3575,9673  1502014    2,21%
    252   226     3516,7967    76     3498,7519     3575,9673  1729488    2,21%
    253   227     3533,0363    71     3498,7519     3575,9673  1741775    2,21%
Elapsed time = 1869,79 sec. (377934,31 ticks, tree = 0,30 MB, solutions = 18)
    256   230     3505,6752    47     3498,7519     3575,9673  1773722    2,21%
    258   232     3536,6239    82     3498,7519     3575,9673  1786739    2,21%
    259   233     3534,6148    72     3498,7519     3575,9673  1824552    2,21%
    264   238     3506,7823    42     3498,7519     3575,9673  1863966    2,21%
    267   241     3544,0140    78     3498,7519     3575,9673  1893870    2,21%
    278   251     3509,8663    30     3498,7519     3575,9673  2009165    2,21%
    286   259     3508,5266    31     3498,7519     3575,9673  2068277    2,21%
    302   275     3506,5048    37     3498,7519     3575,9673  2161609    2,21%
    310   281     3505,1366    36     3498,7519     3575,9673  2216351    2,21%
    315   284     3532,2672    75     3498,7519     3575,9673  2291403    2,21%
Elapsed time = 2267,84 sec. (422082,94 ticks, tree = 0,30 MB, solutions = 18)
    323   290     3539,2078    81     3498,7519     3575,9673  2336851    2,21%
    335   300     3563,4274   111     3498,7519     3575,9673  2485857    2,21%
    348   311     3515,1028    58     3498,7519     3575,9673  2615045    2,21%
    376   333     3509,4729    57     3498,7519     3575,9673  2902304    2,21%
    384   341     3546,6710    88     3498,7519     3575,9673  2959173    2,21%
    392   349     3552,0256    95     3498,7519     3575,9673  3123718    2,21%
    400   355     3544,2553    82     3498,7519     3575,9673  3223423    2,21%
    401   356     3517,0029    58     3498,7519     3575,9673  3225895    2,21%
    409   362     3518,1548    55     3498,7519     3575,9673  3312281    2,21%
    424   375     3562,4270   115     3498,7519     3575,9673  3579427    2,21%
Elapsed time = 2866,24 sec. (507317,65 ticks, tree = 16,22 MB, solutions = 18)
    486   435     3510,7461    49     3498,7519     3575,9673  4173912    2,21%
    488   437     3537,3907    76     3498,7519     3575,9673  4188659    2,21%
    496   445     3534,3698    80     3498,7519     3575,9673  4240071    2,21%
    512   461     3533,3287    74     3498,7519     3575,9673  4315904    2,21%
    518   467     3504,7438    56     3498,7519     3575,9673  4330056    2,21%
*   616+  545                         3501,4630     3575,9673             2,13%
    738   660     3554,1848   114     3501,4630     3575,9673  5492937    2,13%
    776   687     3552,5694   104     3501,4630     3575,9673  5562904    2,13%
    784   695     3550,2816    92     3501,4630     3575,9673  5592447    2,13%
    792   703     3549,9425    84     3501,4630     3575,9673  5615949    2,13%
    806   715        cutoff           3501,4630     3575,9673  5698379    2,13%
Elapsed time = 3532,13 sec. (585059,78 ticks, tree = 31,89 MB, solutions = 19)
    816   723     3543,2799    80     3501,4630     3575,9673  5733268    2,13%
    822   727        cutoff           3501,4630     3575,9673  5798700    2,13%
    830   735     3558,0818   109     3501,4630     3575,9673  5830479    2,13%
    838   743     3555,5300    87     3501,4630     3575,9673  5847382    2,13%
    846   751     3553,9660    80     3501,4630     3575,9673  5882813    2,13%
    878   783     3542,4034    77     3501,4630     3575,9673  6032804    2,13%
    894   799     3531,5034    73     3501,4630     3575,9673  6080420    2,13%
    934   835     3525,5377    65     3501,4630     3575,9673  6169737    2,13%
    958   857     3523,1868    65     3501,4630     3575,9673  6253315    2,13%
    990   885     3519,8363    59     3501,4630     3575,9673  6389693    2,13%
Elapsed time = 3717,79 sec. (609113,37 ticks, tree = 31,89 MB, solutions = 19)
   1022   907     3517,9118    61     3501,4630     3575,9673  6587376    2,13%
   1033   916     3570,9986   127     3501,4630     3575,9673  6685856    2,13%
   1041   924     3569,9475   127     3501,4630     3575,9673  6709341    2,13%
   1049   932     3563,5801   124     3501,4630     3575,9673  6734394    2,13%
   1065   946     3557,3239   131     3501,4630     3575,9673  6815211    2,13%
   1081   956     3560,5768   125     3501,4630     3575,9673  6898418    2,13%
   1097   970     3567,0175   128     3501,4630     3575,9673  6981374    2,13%
   1105   976     3561,5049   117     3501,4630     3575,9673  7005234    2,13%
   1113   984     3556,4968   100     3501,4630     3575,9673  7053076    2,13%
   1129  1000     3551,5965    90     3501,4630     3575,9673  7090536    2,13%
Elapsed time = 3971,73 sec. (642858,50 ticks, tree = 31,89 MB, solutions = 19)
   1160  1031     3539,2202    70     3501,4630     3575,9673  7219777    2,13%
   1536  1403     3536,4039    72     3501,4630     3570,1286  8260759    1,96%
   1539  1406     3547,6767    94     3501,4630     3570,1286  8278381    1,96%
   1547  1412     3544,7063    80     3501,4630     3570,1286  8340993    1,96%
   1563  1428     3540,1878    77     3501,4630     3570,1286  8417143    1,96%
   1571  1434     3531,7041    70     3501,4630     3570,1286  8479059    1,96%
   1581  1442     3555,2416    98     3501,4630     3570,1286  8603048    1,96%
   1595  1456     3529,1882    65     3501,4630     3570,1286  8651408    1,96%
   1611  1472     3527,5680    62     3501,4630     3570,1286  8753102    1,96%
   1659  1520     3520,2404    57     3501,4630     3570,1286  9014980    1,96%
Elapsed time = 4257,64 sec. (712146,47 ticks, tree = 44,28 MB, solutions = 19)
   1701  1562     3525,1983    55     3501,4630     3570,1286  9155103    1,96%
   1757  1610     3518,2917    55     3501,4630     3570,1286  9348022    1,96%
   1758  1611     3563,5624   122     3501,4630     3570,1286  9356709    1,96%
   1760  1613     3557,2531   124     3501,4630     3570,1286  9399639    1,96%
   1792  1645     3552,8346    96     3501,4630     3570,1286  9470830    1,96%
   1832  1685     3534,2536    78     3501,4630     3570,1286  9618924    1,96%
   1864  1717     3523,9223    80     3501,4630     3570,1286  9707756    1,96%
   1936  1789     3514,0716    65     3501,4630     3570,1286  9918205    1,96%
   2000  1853     3504,6448    60     3501,4630     3570,1286 10187457    1,96%
   2040  1887     3554,6618    94     3501,4630     3570,1286 10401797    1,96%
Elapsed time = 4788,05 sec. (780547,16 ticks, tree = 46,38 MB, solutions = 19)
   2152  1983     3556,2878    98     3501,4630     3570,1286 11058440    1,96%
   2218  2043     3549,1281    91     3501,4630     3570,1286 11327868    1,96%
   2308  2129     3536,5731    61     3501,4630     3563,5801 11558597    1,77%
   2319  2140     3543,3284    86     3501,4630     3563,5801 11746175    1,77%
   2351  2172     3533,6810    62     3501,4630     3563,5801 12000698    1,77%
   2383  2204     3530,6986    64     3501,4630     3563,5801 12180248    1,77%
   2431  2248     3524,5650    57     3501,4630     3563,5801 12351163    1,77%
   2452  2269     3516,4277    50     3501,4630     3563,5801 12429176    1,77%
   2548  2365     3508,2121    42     3501,4630     3563,5801 12749215    1,77%
   2583  2400     3511,1140    52     3501,4630     3563,5801 12840045    1,77%
Elapsed time = 5397,87 sec. (862806,19 ticks, tree = 56,87 MB, solutions = 19)
   2644  2461     3502,1007    58     3501,4630     3563,5801 13064868    1,77%
   2923  2724     3501,5370    70     3501,4630     3562,6901 14120903    1,75%
   2925  2726     3531,0498    57     3501,4630     3562,6901 14162331    1,75%
   2955  2750     3558,3968   106     3501,4630     3562,6901 14311317    1,75%
   2970  2765     3503,4553   109     3501,4630     3562,6901 14362875    1,75%
   3034  2829     3503,3940   115     3501,4630     3562,6901 14647533    1,75%
   3090  2885     3503,2667   115     3501,4630     3562,6901 14812941    1,75%
   3106  2899        cutoff           3501,4630     3562,6901 14906451    1,75%
   3130  2917        cutoff           3501,4630     3562,6901 15011925    1,75%
   3138  2921     3544,0061    77     3501,4630     3562,6901 15076063    1,75%
Elapsed time = 6201,60 sec. (950670,08 ticks, tree = 67,38 MB, solutions = 19)
   3170  2949     3534,8755    53     3501,4630     3562,6901 15333534    1,75%
*  3348  3110      integral     0     3503,8427     3562,6901 16218319    1,68%
*  3348  3110      integral     0     3503,8427     3562,6901 16218319    1,68%
   3408  3168     3532,3498    53     3503,8427     3562,6901 16552402    1,68%
   3494  3240     3544,2043    62     3503,8427     3562,6901 17269325    1,68%

Implied bound cuts applied:  796
Flow cuts applied:  9118
Mixed integer rounding cuts applied:  7093
Flow path cuts applied:  103
Gomory fractional cuts applied:  107

Root node processing (before b&c):
  Real time             =  417,79 sec. (152489,79 ticks)
Parallel b&c, 8 threads:
  Real time             = 6045,30 sec. (876387,33 ticks)
  Sync time (average)   =  688,47 sec.
  Wait time (average)   =  688,84 sec.
                          ------------
Total (root+branch&cut) = 6463,09 sec. (1028877,12 ticks)

<<< solve


OBJECTIVE: 3503.843
avg_utility = 0.927188

<<< post process


<<< done

