
<<< setup


<<< generate

Tried aggregator 2 times.
MIP Presolve eliminated 1752 rows and 2191 columns.
MIP Presolve modified 28 coefficients.
Aggregator did 160 substitutions.
Reduced MIP has 426 rows, 700 columns, and 1780 nonzeros.
Reduced MIP has 20 binaries, 120 generals, 0 SOSs, and 0 indicators.
Presolve time = 0.01 sec. (4.42 ticks)
Found incumbent of value 0.000000 after 0.02 sec. (5.94 ticks)
Probing time = 0.00 sec. (0.07 ticks)
Tried aggregator 2 times.
MIP Presolve eliminated 67 rows and 120 columns.
MIP Presolve modified 20 coefficients.
Aggregator did 200 substitutions.
Reduced MIP has 159 rows, 380 columns, and 912 nonzeros.
Reduced MIP has 20 binaries, 120 generals, 0 SOSs, and 0 indicators.
Presolve time = 0.00 sec. (1.37 ticks)
Probing time = 0.00 sec. (0.06 ticks)
Tried aggregator 1 time.
Reduced MIP has 159 rows, 380 columns, and 912 nonzeros.
Reduced MIP has 20 binaries, 120 generals, 0 SOSs, and 0 indicators.
Presolve time = 0.00 sec. (0.43 ticks)
Probing time = 0.00 sec. (0.06 ticks)
Clique table members: 2.
MIP emphasis: balance optimality and feasibility.
MIP search method: dynamic search.
Parallel mode: deterministic, using up to 2 threads.
Root relaxation solution time = 0.00 sec. (1.05 ticks)

        Nodes                                         Cuts/
   Node  Left     Objective  IInf  Best Integer    Best Bound    ItCnt     Gap

*     0+    0                            0.0000     8311.8000              --- 
      0     0      901.1000     8        0.0000      901.1000      109     --- 
*     0+    0                          901.0000      901.1000             0.01%
*     0     0      integral     0      901.0000      901.1000      109    0.01%
Elapsed time = 0.05 sec. (20.96 ticks, tree = 0.00 MB, solutions = 2)

Root node processing (before b&c):
  Real time             =    0.05 sec. (21.07 ticks)
Parallel b&c, 2 threads:
  Real time             =    0.00 sec. (0.00 ticks)
  Sync time (average)   =    0.00 sec.
  Wait time (average)   =    0.00 sec.
                          ------------
Total (root+branch&cut) =    0.05 sec. (21.07 ticks)

<<< solve


OBJECTIVE: 901
avg_utility = 0.275873

<<< post process


<<< done

