
<<< setup


<<< generate

Found incumbent of value 0,000000 after 0,01 sec. (4,73 ticks)
Tried aggregator 2 times.
MIP Presolve eliminated 20781 rows and 35733 columns.
MIP Presolve modified 2512 coefficients.
Aggregator did 2405 substitutions.
Reduced MIP has 38367 rows, 118535 columns, and 322897 nonzeros.
Reduced MIP has 5698 binaries, 2688 generals, 0 SOSs, and 0 indicators.
Presolve time = 0,29 sec. (195,19 ticks)
Probing time = 0,41 sec. (35,10 ticks)
Tried aggregator 1 time.
MIP Presolve eliminated 5089 rows and 13175 columns.
Reduced MIP has 33278 rows, 105360 columns, and 283835 nonzeros.
Reduced MIP has 5698 binaries, 2688 generals, 0 SOSs, and 0 indicators.
Presolve time = 0,34 sec. (163,51 ticks)
Probing time = 0,24 sec. (32,60 ticks)
Tried aggregator 1 time.
Reduced MIP has 33278 rows, 105360 columns, and 283835 nonzeros.
Reduced MIP has 5698 binaries, 2688 generals, 0 SOSs, and 0 indicators.
Presolve time = 0,27 sec. (133,37 ticks)
Probing time = 0,29 sec. (34,41 ticks)
Clique table members: 3333.
MIP emphasis: balance optimality and feasibility.
MIP search method: dynamic search.
Parallel mode: deterministic, using up to 24 threads.
Root relaxation solution time = 0,61 sec. (417,63 ticks)

        Nodes                                         Cuts/
   Node  Left     Objective  IInf  Best Integer    Best Bound    ItCnt     Gap

*     0+    0                            0,0000        4,2899              --- 
      0     0        0,9384   496        0,0000        0,9384     1714     --- 
*     0+    0                            0,2400        0,9384           291,00%
      0     0        0,9194   496        0,2400    Cuts: 1288     3104  283,08%
      0     0        0,8984   508        0,2400    Cuts: 1513     4579  274,30%
      0     0        0,8606   522        0,2400    Cuts: 1463     6704  258,58%
*     0+    0                            0,3413        0,8606           152,17%
*     0+    0                            0,3664        0,8606           134,90%
*     0+    0                            0,3664        0,8606           134,87%
      0     0        0,7755   500        0,3664    Cuts: 1438     8155  111,65%
      0     0        0,5477   131        0,3664    Cuts: 1341     9092   49,46%
      0     0        0,4498    15        0,3664     Cuts: 325     9248   22,75%
      0     0        0,4475     8        0,3664      Cuts: 10     9257   22,14%
      0     0        0,4475    11        0,3664    MIRcuts: 1     9258   22,13%
      0     0        0,4475    15        0,3664       Cuts: 2     9259   22,12%
*     0+    0                            0,4475        0,4475             0,01%

Clique cuts applied:  1
Cover cuts applied:  5
Implied bound cuts applied:  179
Flow cuts applied:  3460
Mixed integer rounding cuts applied:  3231
Zero-half cuts applied:  1
Gomory fractional cuts applied:  261

Root node processing (before b&c):
  Real time             =   17,34 sec. (9547,70 ticks)
Parallel b&c, 24 threads:
  Real time             =    0,00 sec. (0,00 ticks)
  Sync time (average)   =    0,00 sec.
  Wait time (average)   =    0,00 sec.
                          ------------
Total (root+branch&cut) =   17,34 sec. (9547,70 ticks)

<<< solve


OBJECTIVE: 0.4474665
avg_utility = 0.447466

<<< post process


<<< done

