
<<< setup


<<< generate

Found incumbent of value 0,000000 after 0,05 sec. (16,99 ticks)
Tried aggregator 4 times.
MIP Presolve eliminated 177534 rows and 382678 columns.
MIP Presolve modified 4663 coefficients.
Aggregator did 101847 substitutions.
Reduced MIP has 22370 rows, 47316 columns, and 148628 nonzeros.
Reduced MIP has 2920 binaries, 0 generals, 0 SOSs, and 0 indicators.
Presolve time = 10,81 sec. (3817,93 ticks)
Probing time = 0,04 sec. (1,89 ticks)
Tried aggregator 1 time.
Reduced MIP has 22370 rows, 47316 columns, and 148628 nonzeros.
Reduced MIP has 2920 binaries, 0 generals, 0 SOSs, and 0 indicators.
Presolve time = 0,18 sec. (68,31 ticks)
Probing time = 0,04 sec. (1,95 ticks)
MIP emphasis: balance optimality and feasibility.
MIP search method: dynamic search.
Parallel mode: deterministic, using up to 8 threads.
Root relaxation solution time = 1,48 sec. (479,10 ticks)

        Nodes                                         Cuts/
   Node  Left     Objective  IInf  Best Integer    Best Bound    ItCnt     Gap

*     0+    0                         1255,0000    19895,0000              --- 
*     0+    0                         2761,5917    19895,0000           620,42%
      0     0     3271,5750   626     2761,5917     3271,5750     4074   18,47%
*     0+    0                         3149,9214     3271,5750             3,86%
      0     0     3271,5750   299     3149,9214     Cuts: 345     4636    3,86%
      0     0     3271,5750   259     3149,9214     Cuts: 705     5537    3,86%
      0     0     3271,5750   150     3149,9214     Cuts: 540     6310    3,86%
*     0+    0                         3236,9036     3271,5750             1,07%
*     0+    0                         3255,5294     3271,5750             0,49%

Flow cuts applied:  1219
Mixed integer rounding cuts applied:  233
Gomory fractional cuts applied:  55

Root node processing (before b&c):
  Real time             =   23,09 sec. (10892,59 ticks)
Parallel b&c, 8 threads:
  Real time             =    0,00 sec. (0,00 ticks)
  Sync time (average)   =    0,00 sec.
  Wait time (average)   =    0,00 sec.
                          ------------
Total (root+branch&cut) =   23,09 sec. (10892,59 ticks)

<<< solve


OBJECTIVE: 3255.529
avg_utility = 0.414981

<<< post process


<<< done

