
<<< setup


<<< generate

Found incumbent of value 0.000000 after 0.02 sec. (6.94 ticks)
Tried aggregator 4 times.
MIP Presolve eliminated 181026 rows and 149101 columns.
MIP Presolve modified 29 coefficients.
Aggregator did 33489 substitutions.
Reduced MIP has 421 rows, 2451 columns, and 7576 nonzeros.
Reduced MIP has 1698 binaries, 753 generals, 0 SOSs, and 0 indicators.
Presolve time = 0.99 sec. (538.85 ticks)
Probing time = 0.00 sec. (1.26 ticks)
Tried aggregator 1 time.
Reduced MIP has 421 rows, 2451 columns, and 7576 nonzeros.
Reduced MIP has 1698 binaries, 753 generals, 0 SOSs, and 0 indicators.
Presolve time = 0.01 sec. (5.87 ticks)
Probing time = 0.00 sec. (1.26 ticks)
Clique table members: 283.
MIP emphasis: balance optimality and feasibility.
MIP search method: dynamic search.
Parallel mode: deterministic, using up to 8 threads.
Root relaxation solution time = 0.03 sec. (15.72 ticks)

        Nodes                                         Cuts/
   Node  Left     Objective  IInf  Best Integer    Best Bound    ItCnt     Gap

*     0+    0                            0.0000     4350.3946              --- 
*     0     0      integral     0     1123.8089     1123.8089      918    0.00%
Elapsed time = 1.09 sec. (585.75 ticks, tree = 0.00 MB, solutions = 2)

Root node processing (before b&c):
  Real time             =    1.11 sec. (593.53 ticks)
Parallel b&c, 8 threads:
  Real time             =    0.00 sec. (0.00 ticks)
  Sync time (average)   =    0.00 sec.
  Wait time (average)   =    0.00 sec.
                          ------------
Total (root+branch&cut) =    1.11 sec. (593.53 ticks)

<<< solve


OBJECTIVE: 1123.809
avg_utility = 0.941214

<<< post process


<<< done

