
<<< setup


<<< generate

Aggregator has done 100165 substitutions...
Aggregator has done 119173 substitutions...
Aggregator has done 137695 substitutions...
Aggregator has done 154174 substitutions...
Aggregator has done 171430 substitutions...
Aggregator has done 189174 substitutions...
Tried aggregator 26 times.
MIP Presolve eliminated 1126615 rows and 1141995 columns.
MIP Presolve modified 206861 coefficients.
Aggregator did 203469 substitutions.
Reduced MIP has 265372 rows, 670777 columns, and 1903363 nonzeros.
Reduced MIP has 107941 binaries, 10722 generals, 0 SOSs, and 0 indicators.
Presolve time = 130,21 sec. (70469,19 ticks)
Found incumbent of value 1015,816060 after 131,49 sec. (71391,40 ticks)
Probing time = 0,23 sec. (64,97 ticks)
Tried aggregator 1 time.
Presolve time = 0,97 sec. (586,61 ticks)
Probing time = 0,68 sec. (64,97 ticks)
Clique table members: 4114.
MIP emphasis: balance optimality and feasibility.
MIP search method: dynamic search.
Parallel mode: deterministic, using up to 24 threads.
Root relaxation solution time = 55,53 sec. (24199,87 ticks)

        Nodes                                         Cuts/
   Node  Left     Objective  IInf  Best Integer    Best Bound    ItCnt     Gap

*     0+    0                         1015,8161    85145,2405       47     --- 
*     0+    0                         1415,6469    85145,2405       47     --- 
*     0+    0                         1422,6033    85145,2405       47     --- 
*     0+    0                         1429,5598    85145,2405       47     --- 
*     0+    0                         1435,5225    85145,2405       47     --- 
*     0+    0                         1439,8289    85145,2405       47     --- 
*     0+    0                         1443,8040    85145,2405       47     --- 
*     0+    0                         1447,7791    85145,2405       47     --- 
*     0+    0                         1450,7604    85145,2405       47     --- 
*     0+    0                         1453,7418    85145,2405       47     --- 
      0     0    19786,2004  5031     1453,7418    19786,2004       47     --- 
      0     0    19411,8822  4831     1453,7418    Cuts: 9990   153485     --- 
      0     0    18966,2161  5849     1453,7418    Cuts: 9833   234426     --- 
      0     0    18541,7656  6293     1453,7418    Cuts: 9991   265431     --- 
*     0+    0                         5873,5666    18541,7656   265431  215,68%
*     0+    0                        11420,9654    18541,7656   265431   62,35%
*     0+    0                        11480,3711    18541,7656   265431   61,51%
*     0+    0                        11480,4254    18541,7656   265431   61,51%
      0     0    18205,7696  5494    11480,4254    Cuts: 9965   288748   58,58%
      0     0    17929,7111  5716    11480,4254    Cuts: 9950   343286   56,18%
      0     0    17765,2132  6215    11480,4254    Cuts: 9912   394022   54,74%
      0     0    17656,9606  5499    11480,4254    Cuts: 9946   451931   53,80%
      0     0    17558,9887  5967    11480,4254    Cuts: 9905   502347   52,95%
      0     0    17446,7488  5817    11480,4254    Cuts: 9748   556652   51,97%

Implied bound cuts applied:  396
Flow cuts applied:  45750
Mixed integer rounding cuts applied:  38609
Flow path cuts applied:  4051
Gomory fractional cuts applied:  383

Root node processing (before b&c):
  Real time             = 7068,13 sec. (4635919,64 ticks)
Parallel b&c, 24 threads:
  Real time             =    0,00 sec. (0,00 ticks)
  Sync time (average)   =    0,00 sec.
  Wait time (average)   =    0,00 sec.
                          ------------
Total (root+branch&cut) = 7068,13 sec. (4635919,64 ticks)

<<< solve


OBJECTIVE: 11480.43
avg_utility = 0.5784172410318414

<<< post process


<<< done

