
<<< setup


<<< generate

Found incumbent of value 0,000000 after 0,01 sec. (11,63 ticks)
Tried aggregator 3 times.
MIP Presolve eliminated 175220 rows and 261589 columns.
MIP Presolve modified 3040 coefficients.
Aggregator did 66785 substitutions.
Reduced MIP has 8558 rows, 20107 columns, and 62863 nonzeros.
Reduced MIP has 1918 binaries, 0 generals, 0 SOSs, and 0 indicators.
Presolve time = 1,79 sec. (1764,26 ticks)
Probing time = 0,00 sec. (0,93 ticks)
Tried aggregator 1 time.
Reduced MIP has 8558 rows, 20107 columns, and 62863 nonzeros.
Reduced MIP has 1918 binaries, 0 generals, 0 SOSs, and 0 indicators.
Presolve time = 0,04 sec. (33,18 ticks)
Probing time = 0,01 sec. (0,93 ticks)
MIP emphasis: balance optimality and feasibility.
MIP search method: dynamic search.
Parallel mode: deterministic, using up to 8 threads.
Root relaxation solution time = 0,24 sec. (209,90 ticks)

        Nodes                                         Cuts/
   Node  Left     Objective  IInf  Best Integer    Best Bound    ItCnt     Gap

*     0+    0                          840,0000     9659,0000              --- 
*     0+    0                         2021,6000     9659,0000           377,79%
*     0     0      integral     0     2094,1250     2094,1250     3206    0,00%
Elapsed time = 2,14 sec. (2068,79 ticks, tree = 0,00 MB, solutions = 3)

Root node processing (before b&c):
  Real time             =    2,15 sec. (2085,94 ticks)
Parallel b&c, 8 threads:
  Real time             =    0,00 sec. (0,00 ticks)
  Sync time (average)   =    0,00 sec.
  Wait time (average)   =    0,00 sec.
                          ------------
Total (root+branch&cut) =    2,15 sec. (2085,94 ticks)

<<< solve


OBJECTIVE: 2094.125
avg_utility = 0.553269

<<< post process


<<< done

