
<<< setup


<<< generate

Found incumbent of value 0,000000 after 0,06 sec. (65,16 ticks)
Tried aggregator 5 times.
MIP Presolve eliminated 3405901 rows and 1230474 columns.
Aggregator did 9830 substitutions.
Reduced MIP has 2951 rows, 6881 columns, and 15728 nonzeros.
Reduced MIP has 0 binaries, 0 generals, 0 SOSs, and 0 indicators.
Presolve time = 1,65 sec. (2738,26 ticks)
Tried aggregator 2 times.
MIP Presolve eliminated 2896 rows and 6744 columns.
Aggregator did 10 substitutions.
Reduced MIP has 45 rows, 127 columns, and 266 nonzeros.
Reduced MIP has 0 binaries, 0 generals, 0 SOSs, and 0 indicators.
Presolve time = 0,04 sec. (51,91 ticks)
Tried aggregator 1 time.
Reduced MIP has 45 rows, 127 columns, and 266 nonzeros.
Reduced MIP has 0 binaries, 0 generals, 0 SOSs, and 0 indicators.
Presolve time = 0,03 sec. (42,07 ticks)
MIP emphasis: balance optimality and feasibility.
MIP search method: dynamic search.
Parallel mode: deterministic, using up to 8 threads.
Root relaxation solution time = 0,00 sec. (0,11 ticks)

        Nodes                                         Cuts/
   Node  Left     Objective  IInf  Best Integer    Best Bound    ItCnt     Gap

*     0+    0                            0,0000     5080,0883              --- 
*     0     0      integral     0     1180,6241     1180,6241       40    0,00%
Elapsed time = 1,81 sec. (2961,33 ticks, tree = 0,00 MB, solutions = 1)

Root node processing (before b&c):
  Real time             =    1,86 sec. (3004,31 ticks)
Parallel b&c, 8 threads:
  Real time             =    0,00 sec. (0,00 ticks)
  Sync time (average)   =    0,00 sec.
  Wait time (average)   =    0,00 sec.
                          ------------
Total (root+branch&cut) =    1,86 sec. (3004,31 ticks)

<<< solve


OBJECTIVE: 1180.624
avg_utility = 0.722979

<<< post process


<<< done

