
<<< setup


<<< generate

Found incumbent of value 0,000000 after 0,05 sec. (54,90 ticks)
Tried aggregator 2 times.
MIP Presolve eliminated 2398437 rows and 1208910 columns.
MIP Presolve modified 3160 coefficients.
Aggregator did 3145 substitutions.
Reduced MIP has 8391 rows, 13098 columns, and 34056 nonzeros.
Reduced MIP has 2620 binaries, 0 generals, 0 SOSs, and 0 indicators.
Presolve time = 0,89 sec. (1566,43 ticks)
Probing time = 0,00 sec. (0,71 ticks)
Tried aggregator 1 time.
Reduced MIP has 8391 rows, 13098 columns, and 34056 nonzeros.
Reduced MIP has 2620 binaries, 0 generals, 0 SOSs, and 0 indicators.
Presolve time = 0,03 sec. (50,81 ticks)
Probing time = 0,00 sec. (0,71 ticks)
MIP emphasis: balance optimality and feasibility.
MIP search method: dynamic search.
Parallel mode: deterministic, using up to 8 threads.
Root relaxation solution time = 0,03 sec. (64,97 ticks)

        Nodes                                         Cuts/
   Node  Left     Objective  IInf  Best Integer    Best Bound    ItCnt     Gap

*     0+    0                            0,0000     3500,5298              --- 
*     0+    0                          758,3319     3500,5298           361,61%
      0     0      816,0000   114      758,3319      816,0000     1048    7,60%
*     0+    0                          816,0000      816,0000             0,00%
      0     0        cutoff            816,0000      816,0000     1048    0,00%
Elapsed time = 1,13 sec. (1839,25 ticks, tree = 0,00 MB, solutions = 3)

Root node processing (before b&c):
  Real time             =    1,19 sec. (1891,95 ticks)
Parallel b&c, 8 threads:
  Real time             =    0,00 sec. (0,00 ticks)
  Sync time (average)   =    0,00 sec.
  Wait time (average)   =    0,00 sec.
                          ------------
Total (root+branch&cut) =    1,19 sec. (1891,95 ticks)

<<< solve


OBJECTIVE: 816
avg_utility = 1

<<< post process


<<< done

