
<<< setup


<<< generate

Tried aggregator 2 times.
MIP Presolve eliminated 37859 rows and 31457 columns.
MIP Presolve modified 4643 coefficients.
Aggregator did 4640 substitutions.
Reduced MIP has 5107 rows, 9744 columns, and 21344 nonzeros.
Reduced MIP has 3934 binaries, 1170 generals, 0 SOSs, and 0 indicators.
Presolve time = 0,06 sec. (49,79 ticks)
Found incumbent of value 0,000000 after 0,06 sec. (58,63 ticks)
Probing time = 0,00 sec. (2,23 ticks)
Tried aggregator 1 time.
Presolve time = 0,01 sec. (10,15 ticks)
Probing time = 0,01 sec. (2,23 ticks)
Clique table members: 269.
MIP emphasis: balance optimality and feasibility.
MIP search method: dynamic search.
Parallel mode: deterministic, using up to 24 threads.
Root relaxation solution time = 0,11 sec. (127,29 ticks)

        Nodes                                         Cuts/
   Node  Left     Objective  IInf  Best Integer    Best Bound    ItCnt     Gap

*     0+    0                            0,0000     4899,0000     3050     --- 
      0     0     1077,9000     6        0,0000     1077,9000     3050     --- 
*     0+    0                         1077,2000     1077,9000     3050    0,06%
*     0+    0                         1077,8000     1077,9000     3050    0,01%
*     0     0      integral     0     1077,8000     1077,9000     3050    0,01%
Elapsed time = 0,32 sec. (329,22 ticks, tree = 0,00 MB, solutions = 3)

Root node processing (before b&c):
  Real time             =    0,24 sec. (256,99 ticks)
Parallel b&c, 24 threads:
  Real time             =    0,00 sec. (0,00 ticks)
  Sync time (average)   =    0,00 sec.
  Wait time (average)   =    0,00 sec.
                          ------------
Total (root+branch&cut) =    0,24 sec. (256,99 ticks)

<<< solve


OBJECTIVE: 1077.8
avg_utility = 0.6600122473974283

<<< post process


<<< done

