
<<< setup


<<< generate

Found incumbent of value 0,000000 after 0,00 sec. (2,72 ticks)
Tried aggregator 3 times.
MIP Presolve eliminated 90838 rows and 54780 columns.
MIP Presolve modified 8 coefficients.
Aggregator did 10063 substitutions.
Reduced MIP has 176 rows, 1038 columns, and 2018 nonzeros.
Reduced MIP has 744 binaries, 294 generals, 0 SOSs, and 0 indicators.
Presolve time = 0,11 sec. (143,83 ticks)
Probing time = 0,00 sec. (0,44 ticks)
Tried aggregator 1 time.
MIP Presolve eliminated 82 rows and 486 columns.
Reduced MIP has 94 rows, 552 columns, and 1127 nonzeros.
Reduced MIP has 450 binaries, 102 generals, 0 SOSs, and 0 indicators.
Presolve time = 0,00 sec. (1,90 ticks)
Probing time = 0,00 sec. (0,27 ticks)
Tried aggregator 1 time.
Reduced MIP has 94 rows, 552 columns, and 1127 nonzeros.
Reduced MIP has 450 binaries, 102 generals, 0 SOSs, and 0 indicators.
Presolve time = 0,00 sec. (1,75 ticks)
Probing time = 0,00 sec. (0,27 ticks)
Clique table members: 75.
MIP emphasis: balance optimality and feasibility.
MIP search method: dynamic search.
Parallel mode: deterministic, using up to 8 threads.
Root relaxation solution time = 0,00 sec. (1,40 ticks)

        Nodes                                         Cuts/
   Node  Left     Objective  IInf  Best Integer    Best Bound    ItCnt     Gap

*     0+    0                          385,0000     1087,0000           182,34%
*     0+    0                          581,6000     1087,0000            86,90%
*     0+    0                          593,0000     1087,0000            83,31%
*     0+    0                          595,6000     1087,0000            82,51%
*     0     0      integral     0      605,0000      605,0000      176    0,00%
Elapsed time = 0,13 sec. (161,58 ticks, tree = 0,00 MB, solutions = 5)

Root node processing (before b&c):
  Real time             =    0,14 sec. (165,66 ticks)
Parallel b&c, 8 threads:
  Real time             =    0,00 sec. (0,00 ticks)
  Sync time (average)   =    0,00 sec.
  Wait time (average)   =    0,00 sec.
                          ------------
Total (root+branch&cut) =    0,14 sec. (165,66 ticks)

<<< solve


OBJECTIVE: 605
avg_utility = 0.948276

<<< post process


<<< done

