
<<< setup


<<< generate

Found incumbent of value 0,000000 after 0,02 sec. (16,42 ticks)
Tried aggregator 8 times.
MIP Presolve eliminated 111650 rows and 333680 columns.
MIP Presolve modified 29911 coefficients.
Aggregator did 90838 substitutions.
Reduced MIP has 48452 rows, 104203 columns, and 323217 nonzeros.
Reduced MIP has 14100 binaries, 0 generals, 0 SOSs, and 0 indicators.
Presolve time = 7,99 sec. (7342,83 ticks)
Probing time = 0,02 sec. (4,64 ticks)
Tried aggregator 1 time.
Reduced MIP has 48452 rows, 104203 columns, and 323217 nonzeros.
Reduced MIP has 14100 binaries, 0 generals, 0 SOSs, and 0 indicators.
Presolve time = 0,21 sec. (176,91 ticks)
Probing time = 0,04 sec. (4,94 ticks)
MIP emphasis: balance optimality and feasibility.
MIP search method: dynamic search.
Parallel mode: deterministic, using up to 8 threads.
Root relaxation solution time = 3,72 sec. (2024,27 ticks)

        Nodes                                         Cuts/
   Node  Left     Objective  IInf  Best Integer    Best Bound    ItCnt     Gap

*     0+    0                            0,0000    21179,0000              --- 
*     0+    0                         3064,6667    21179,0000           591,07%
      0     0     7526,2557  1158     3064,6667     7526,2557    21924  145,58%
*     0+    0                         4672,3623     7526,2557            61,08%
      0     0     7284,5064  1289     4672,3623    Cuts: 3625    51860   55,91%
      0     0     6676,3971  1293     4672,3623    Cuts: 4106    62847   42,89%
      0     0     6246,3522  1366     4672,3623    Cuts: 3863    81400   33,69%
*     0+    0                         5219,5217     6246,3522            19,67%
*     0+    0                         5230,5236     6246,3522            19,42%
*     0+    0                         5362,7715     6246,3522            16,48%
*     0+    0                         5364,1122     6246,3522            16,45%
*     0+    0                         5364,1667     6246,3522            16,45%
*     0+    0                         5365,6844     6246,3522            16,41%
      0     0     5877,7142  1095     5365,6844    Cuts: 3788   105647    9,54%
      0     0     5654,1272   334     5365,6844    Cuts: 2757   132032    5,38%
      0     0     5597,5955    41     5365,6844    Cuts: 1118   135694    4,32%
*     0+    0                         5538,1194     5597,5955             1,07%
*     0+    0                         5583,3750     5597,5955             0,25%

Implied bound cuts applied:  1312
Flow cuts applied:  13944
Mixed integer rounding cuts applied:  2994
Flow path cuts applied:  319
Gomory fractional cuts applied:  389

Root node processing (before b&c):
  Real time             =  217,71 sec. (183538,03 ticks)
Parallel b&c, 8 threads:
  Real time             =    0,00 sec. (0,00 ticks)
  Sync time (average)   =    0,00 sec.
  Wait time (average)   =    0,00 sec.
                          ------------
Total (root+branch&cut) =  217,71 sec. (183538,03 ticks)

<<< solve


OBJECTIVE: 5583.375
avg_utility = 0.711167

<<< post process


<<< done

