
<<< setup


<<< generate

Found incumbent of value 0,000000 after 0,01 sec. (11,78 ticks)
Tried aggregator 3 times.
MIP Presolve eliminated 175665 rows and 264885 columns.
MIP Presolve modified 3016 coefficients.
Aggregator did 66994 substitutions.
Reduced MIP has 9378 rows, 21882 columns, and 67484 nonzeros.
Reduced MIP has 1961 binaries, 0 generals, 0 SOSs, and 0 indicators.
Presolve time = 2,40 sec. (1824,26 ticks)
Probing time = 0,01 sec. (0,99 ticks)
Tried aggregator 1 time.
Reduced MIP has 9378 rows, 21882 columns, and 67484 nonzeros.
Reduced MIP has 1961 binaries, 0 generals, 0 SOSs, and 0 indicators.
Presolve time = 0,06 sec. (35,50 ticks)
Probing time = 0,02 sec. (0,99 ticks)
MIP emphasis: balance optimality and feasibility.
MIP search method: dynamic search.
Parallel mode: deterministic, using up to 24 threads.
Root relaxation solution time = 0,45 sec. (302,98 ticks)

        Nodes                                         Cuts/
   Node  Left     Objective  IInf  Best Integer    Best Bound    ItCnt     Gap

*     0+    0                          822,0000    13447,4578              --- 
*     0+    0                         3150,7193    13447,4578           326,81%
*     0     0      integral     0     3193,1651     3193,1651       27    0,00%
Elapsed time = 3,05 sec. (2221,14 ticks, tree = 0,00 MB, solutions = 3)

Root node processing (before b&c):
  Real time             =    3,07 sec. (2238,55 ticks)
Parallel b&c, 24 threads:
  Real time             =    0,00 sec. (0,00 ticks)
  Sync time (average)   =    0,00 sec.
  Wait time (average)   =    0,00 sec.
                          ------------
Total (root+branch&cut) =    3,07 sec. (2238,55 ticks)

<<< solve


OBJECTIVE: 3193.165
avg_utility = 0.839202

<<< post process


<<< done

