
<<< setup


<<< generate

Tried aggregator 2 times.
MIP Presolve eliminated 242330 rows and 132417 columns.
MIP Presolve modified 7761 coefficients.
Aggregator did 3880 substitutions.
Reduced MIP has 8538 rows, 16296 columns, and 31816 nonzeros.
Reduced MIP has 7516 binaries, 1020 generals, 0 SOSs, and 0 indicators.
Presolve time = 0,15 sec. (164,74 ticks)
Found incumbent of value 0,000000 after 0,17 sec. (184,59 ticks)
Probing time = 0,01 sec. (4,41 ticks)
Tried aggregator 1 time.
Presolve time = 0,02 sec. (16,58 ticks)
Probing time = 0,05 sec. (4,41 ticks)
Clique table members: 606.
MIP emphasis: balance optimality and feasibility.
MIP search method: dynamic search.
Parallel mode: deterministic, using up to 24 threads.
Root relaxation solution time = 0,11 sec. (101,01 ticks)

        Nodes                                         Cuts/
   Node  Left     Objective  IInf  Best Integer    Best Bound    ItCnt     Gap

*     0+    0                            0,0000     7005,3495     1448     --- 
      0     0     1312,7148     4        0,0000     1312,7148     1448     --- 
      0     0     1312,7145     5        0,0000       Cuts: 2     1450     --- 
      0     0     1312,7145     5        0,0000     Covers: 1     1451     --- 
*     0+    0                         1312,6512     1312,7145     1451    0,00%

Cover cuts applied:  2
Gomory fractional cuts applied:  1

Root node processing (before b&c):
  Real time             =    1,51 sec. (2190,85 ticks)
Parallel b&c, 24 threads:
  Real time             =    0,00 sec. (0,00 ticks)
  Sync time (average)   =    0,00 sec.
  Wait time (average)   =    0,00 sec.
                          ------------
Total (root+branch&cut) =    1,51 sec. (2190,85 ticks)

<<< solve


OBJECTIVE: 1312.651
avg_utility = 0.8038280630740992

<<< post process


<<< done

