
<<< setup


<<< generate

Found incumbent of value 0.000000 after 0.03 sec. (11.12 ticks)
Tried aggregator 2 times.
MIP Presolve eliminated 698211 rows and 92539 columns.
MIP Presolve modified 3588 coefficients.
Aggregator did 43583 substitutions.
Reduced MIP has 9554 rows, 12535 columns, and 33428 nonzeros.
Reduced MIP has 597 binaries, 0 generals, 0 SOSs, and 0 indicators.
Presolve time = 2.72 sec. (2445.67 ticks)
Probing time = 0.01 sec. (0.62 ticks)
Tried aggregator 1 time.
Reduced MIP has 9554 rows, 12535 columns, and 33428 nonzeros.
Reduced MIP has 597 binaries, 0 generals, 0 SOSs, and 0 indicators.
Presolve time = 0.05 sec. (24.61 ticks)
Probing time = 0.02 sec. (0.62 ticks)
MIP emphasis: balance optimality and feasibility.
MIP search method: dynamic search.
Parallel mode: deterministic, using up to 8 threads.
Root relaxation solution time = 0.05 sec. (29.88 ticks)

        Nodes                                         Cuts/
   Node  Left     Objective  IInf  Best Integer    Best Bound    ItCnt     Gap

*     0+    0                            0.0000     5255.0846              --- 
      0     0     1225.0000   561        0.0000     1225.0000     1194     --- 
*     0+    0                         1084.4793     1225.0000            12.96%
      0     0     1209.0422   425     1084.4793    Cuts: 1034     2565   11.49%
      0     0     1188.0408   438     1084.4793    Cuts: 1531     5996    9.55%
*     0+    0                         1088.9428     1188.0408             9.10%
      0     0     1165.8781   437     1088.9428    Cuts: 1784     7462    7.07%
      0     0     1138.7971   395     1088.9428    Cuts: 1870    10094    4.58%
*     0+    0                         1089.5007     1138.7971             4.52%
      0     0     1131.3213   348     1089.5007    Cuts: 1332    12540    3.84%
      0     0     1117.2434   109     1089.5007    Cuts: 1050    13294    2.55%
*     0+    0                         1090.9343     1117.2434             2.41%
      0     0     1116.8340   109     1090.9343     Cuts: 204    13363    2.37%
      0     0     1116.7675   104     1090.9343     Cuts: 121    13415    2.37%
      0     0     1116.7142    99     1090.9343      Cuts: 48    13433    2.36%
*     0+    0                         1092.8483     1116.7142             2.18%
      0     2     1116.7142    99     1092.8483     1115.0872    13433    2.03%
Elapsed time = 8.97 sec. (6206.49 ticks, tree = 0.00 MB, solutions = 6)
      5     7     1105.4508   101     1092.8483     1115.0872    13504    2.03%
     17    17     1100.2781    83     1092.8483     1115.0872    14644    2.03%
     36    36     1105.6499    72     1092.8483     1115.0872    15939    2.03%
    198   187     1099.8054    61     1092.8483     1115.0872    19638    2.03%
    343   283     1111.2565    83     1092.8483     1115.0872    23639    2.03%
    486   402     1103.5676    53     1092.8483     1111.4104    26939    1.70%
    656   536     1100.8806    60     1092.8483     1111.4104    29557    1.70%
    728   585     1096.2291    10     1092.8483     1111.4104    31106    1.70%
    731   586     1098.9606    58     1092.8483     1111.4104    31122    1.70%
   1864  1492     1099.1780    56     1092.8483     1107.4128    49024    1.33%
Elapsed time = 18.30 sec. (9608.33 ticks, tree = 16.94 MB, solutions = 6)
   2984  2366        cutoff           1092.8483     1106.2265    64096    1.22%

Flow cuts applied:  2800
Mixed integer rounding cuts applied:  4713
Lift and project cuts applied:  50
Gomory fractional cuts applied:  304

Root node processing (before b&c):
  Real time             =    8.91 sec. (6198.45 ticks)
Parallel b&c, 8 threads:
  Real time             =   17.81 sec. (5974.21 ticks)
  Sync time (average)   =    1.67 sec.
  Wait time (average)   =    1.77 sec.
                          ------------
Total (root+branch&cut) =   26.72 sec. (12172.67 ticks)

<<< solve


OBJECTIVE: 1092.848
avg_utility = 0.892121

<<< post process


<<< done

