
<<< setup


<<< generate

Found incumbent of value 0.000000 after 0.05 sec. (16.89 ticks)
Aggregator has done 79883 substitutions...
Tried aggregator 11 times.
MIP Presolve eliminated 25411 rows and 242645 columns.
MIP Presolve modified 32196 coefficients.
Aggregator did 81819 substitutions.
Reduced MIP has 82162 rows, 242897 columns, and 654464 nonzeros.
Reduced MIP has 18903 binaries, 8592 generals, 0 SOSs, and 0 indicators.
Presolve time = 38.64 sec. (10778.74 ticks)
Probing time = 0.17 sec. (9.89 ticks)
Tried aggregator 1 time.
Reduced MIP has 82162 rows, 242897 columns, and 654464 nonzeros.
Reduced MIP has 18903 binaries, 8592 generals, 0 SOSs, and 0 indicators.
Presolve time = 1.17 sec. (274.91 ticks)
Probing time = 0.16 sec. (10.43 ticks)
Clique table members: 857.
MIP emphasis: balance optimality and feasibility.
MIP search method: dynamic search.
Parallel mode: deterministic, using up to 8 threads.
Root relaxation solution time = 7.54 sec. (2667.72 ticks)

        Nodes                                         Cuts/
   Node  Left     Objective  IInf  Best Integer    Best Bound    ItCnt     Gap

*     0+    0                            0.0000    69886.1907              --- 
      0     0    16267.8718  1939        0.0000    16267.8718    17335     --- 
      0     0    15923.7665  2152        0.0000    Cuts: 6373    39258     --- 
      0     0    15605.6662  2626        0.0000    Cuts: 5537    49986     --- 
      0     0    15231.7737  2619        0.0000    Cuts: 6537    61101     --- 
      0     0    14924.4095  2510        0.0000    Cuts: 6455    72918     --- 
      0     0    14671.5806  2477        0.0000    Cuts: 6088    87573     --- 
      0     0    14515.4063  3085        0.0000    Cuts: 6217   105399     --- 
      0     0    14450.3941  3172        0.0000    Cuts: 5721   125933     --- 
      0     0    14363.8203  3363        0.0000    Cuts: 6576   144233     --- 
      0     0    14279.0287  3135        0.0000    Cuts: 6359   156385     --- 
      0     0    14210.4934  2792        0.0000    Cuts: 5515   169138     --- 
      0     0    14165.0540  2420        0.0000    Cuts: 4624   182858     --- 
      0     0    14129.3493  2473        0.0000    Cuts: 4542   197307     --- 
      0     0    14092.7733  2053        0.0000    Cuts: 4154   213621     --- 
      0     0    14061.1770  1874        0.0000    Cuts: 3644   232386     --- 
      0     0    14043.2163  1812        0.0000    Cuts: 3378   248386     --- 
      0     0    14030.5868  1651        0.0000    Cuts: 2990   256142     --- 
      0     0    14020.2747  1521        0.0000    Cuts: 2428   269049     --- 
      0     0    14010.9250  1405        0.0000    Cuts: 2270   279764     --- 
      0     0    14003.7023  1116        0.0000    Cuts: 2011   294686     --- 
      0     0    13997.1224  1075        0.0000    Cuts: 1687   303666     --- 
      0     0    13991.7455   999        0.0000    Cuts: 1456   314301     --- 
      0     0    13987.3186   692        0.0000    Cuts: 1258   328195     --- 
      0     0    13984.8450   765        0.0000     Cuts: 980   346318     --- 

Cover cuts applied:  8
Implied bound cuts applied:  1410
Flow cuts applied:  38275
Mixed integer rounding cuts applied:  18966
Flow path cuts applied:  3475
Gomory fractional cuts applied:  251

Root node processing (before b&c):
  Real time             = 7200.55 sec. (2031877.37 ticks)
Parallel b&c, 8 threads:
  Real time             =    0.00 sec. (0.00 ticks)
  Sync time (average)   =    0.00 sec.
  Wait time (average)   =    0.00 sec.
                          ------------
Total (root+branch&cut) = 7200.55 sec. (2031877.37 ticks)

<<< solve


OBJECTIVE: 0
avg_utility = 0

<<< post process


<<< done

