
<<< setup


<<< generate

Found incumbent of value 0,000000 after 0,01 sec. (6,08 ticks)
Tried aggregator 2 times.
MIP Presolve eliminated 238736 rows and 127176 columns.
MIP Presolve modified 2536 coefficients.
Aggregator did 2533 substitutions.
Reduced MIP has 6754 rows, 10548 columns, and 25316 nonzeros.
Reduced MIP has 2110 binaries, 0 generals, 0 SOSs, and 0 indicators.
Presolve time = 0,16 sec. (168,45 ticks)
Probing time = 0,01 sec. (0,54 ticks)
Tried aggregator 1 time.
Reduced MIP has 6754 rows, 10548 columns, and 25316 nonzeros.
Reduced MIP has 2110 binaries, 0 generals, 0 SOSs, and 0 indicators.
Presolve time = 0,03 sec. (16,34 ticks)
Probing time = 0,01 sec. (0,54 ticks)
MIP emphasis: balance optimality and feasibility.
MIP search method: dynamic search.
Parallel mode: deterministic, using up to 24 threads.
Root relaxation solution time = 0,03 sec. (27,99 ticks)

        Nodes                                         Cuts/
   Node  Left     Objective  IInf  Best Integer    Best Bound    ItCnt     Gap

*     0+    0                            0,0000     2448,0000              --- 
      0     0      816,0000   325        0,0000      816,0000      422     --- 
*     0+    0                          660,2750      816,0000            23,58%
      0     0      816,0000   191      660,2750     Cuts: 478      915   23,58%
      0     0      787,4341   184      660,2750     Cuts: 572     1340   19,26%
*     0+    0                          685,0750      787,4341            14,94%
*     0+    0                          687,9000      787,4341            14,47%
      0     0      779,4675   184      687,9000     Cuts: 465     1667   13,31%
*     0+    0                          688,1000      779,4675            13,28%
*     0+    0                          688,6000      779,4675            13,20%
      0     0      743,5028   184      688,6000     Cuts: 495     2068    7,97%
      0     0      743,0208   184      688,6000     Cuts: 369     2454    7,90%
      0     0      708,7272   184      688,6000     Cuts: 369     3155    2,92%
      0     0      706,0108   178      688,6000     Cuts: 406     3635    2,53%
      0     0        cutoff            688,6000                   4156    0,00%
Elapsed time = 2,17 sec. (2217,20 ticks, tree = 0,00 MB, solutions = 6)

Implied bound cuts applied:  254
Flow cuts applied:  1701
Mixed integer rounding cuts applied:  1257
Gomory fractional cuts applied:  467

Root node processing (before b&c):
  Real time             =    2,18 sec. (2226,16 ticks)
Parallel b&c, 24 threads:
  Real time             =    0,00 sec. (0,00 ticks)
  Sync time (average)   =    0,00 sec.
  Wait time (average)   =    0,00 sec.
                          ------------
Total (root+branch&cut) =    2,18 sec. (2226,16 ticks)

<<< solve


OBJECTIVE: 688.6
avg_utility = 0.843873

<<< post process


<<< done

