
<<< setup


<<< generate

Found incumbent of value 0.000000 after 0.02 sec. (8.40 ticks)
Tried aggregator 7 times.
MIP Presolve eliminated 346462 rows and 157470 columns.
MIP Presolve modified 1295 coefficients.
Aggregator did 12921 substitutions.
Reduced MIP has 5170 rows, 11626 columns, and 25836 nonzeros.
Reduced MIP has 1292 binaries, 0 generals, 0 SOSs, and 0 indicators.
Presolve time = 1.42 sec. (887.85 ticks)
Probing time = 0.01 sec. (0.51 ticks)
Tried aggregator 1 time.
Reduced MIP has 5170 rows, 11626 columns, and 25836 nonzeros.
Reduced MIP has 1292 binaries, 0 generals, 0 SOSs, and 0 indicators.
Presolve time = 0.04 sec. (18.10 ticks)
Probing time = 0.01 sec. (0.51 ticks)
MIP emphasis: balance optimality and feasibility.
MIP search method: dynamic search.
Parallel mode: deterministic, using up to 8 threads.
Root relaxation solution time = 0.19 sec. (151.13 ticks)

        Nodes                                         Cuts/
   Node  Left     Objective  IInf  Best Integer    Best Bound    ItCnt     Gap

*     0+    0                            0.0000    13848.1706              --- 
*     0+    0                         1193.2753    13848.1706              --- 
      0     0     3266.0000  1163     1193.2753     3266.0000     4864  173.70%
*     0+    0                         2707.2753     3266.0000            20.64%
      0     0     3063.4435   366     2707.2753    Cuts: 1392     7819   13.16%
*     0     0      integral     0     2780.0585    Cuts: 1004     9450    0.00%
      0     0        cutoff           2780.0585     2780.0585     9450    0.00%
Elapsed time = 3.04 sec. (2261.15 ticks, tree = 0.00 MB, solutions = 4)

Implied bound cuts applied:  42
Flow cuts applied:  1142
Mixed integer rounding cuts applied:  904
Gomory fractional cuts applied:  308

Root node processing (before b&c):
  Real time             =    3.06 sec. (2270.40 ticks)
Parallel b&c, 8 threads:
  Real time             =    0.00 sec. (0.00 ticks)
  Sync time (average)   =    0.00 sec.
  Wait time (average)   =    0.00 sec.
                          ------------
Total (root+branch&cut) =    3.06 sec. (2270.40 ticks)

<<< solve


OBJECTIVE: 2780.058
avg_utility = 0.851212

<<< post process


<<< done

