
<<< setup


<<< generate

Tried aggregator 2 times.
MIP Presolve eliminated 151140 rows and 146691 columns.
MIP Presolve modified 413 coefficients.
Aggregator did 5672 substitutions.
Reduced MIP has 1226 rows, 3672 columns, and 6936 nonzeros.
Reduced MIP has 1926 binaries, 930 generals, 0 SOSs, and 0 indicators.
Presolve time = 1,18 sec. (2967,02 ticks)
Found incumbent of value 0,000000 after 1,23 sec. (2978,40 ticks)
Probing time = 0,00 sec. (1,85 ticks)
Tried aggregator 1 time.
Reduced MIP has 1226 rows, 3672 columns, and 6936 nonzeros.
Reduced MIP has 1926 binaries, 930 generals, 0 SOSs, and 0 indicators.
Presolve time = 0,01 sec. (6,24 ticks)
Probing time = 0,01 sec. (1,85 ticks)
Clique table members: 253.
MIP emphasis: balance optimality and feasibility.
MIP search method: dynamic search.
Parallel mode: deterministic, using up to 8 threads.
Root relaxation solution time = 0,10 sec. (16,73 ticks)

        Nodes                                         Cuts/
   Node  Left     Objective  IInf  Best Integer    Best Bound    ItCnt     Gap

*     0+    0                            0,0000     4662,7206              --- 
*     0+    0                          207,7416     4662,7206              --- 
      0     0      604,1672     6      207,7416      604,1672      687  190,83%
*     0+    0                          603,5652      604,1672             0,10%
*     0+    0                          604,1672      604,1672             0,00%
      0     0        cutoff            604,1672      604,1672      688    0,00%
Elapsed time = 1,47 sec. (3036,81 ticks, tree = 0,00 MB, solutions = 4)

Gomory fractional cuts applied:  1

Root node processing (before b&c):
  Real time             =    1,49 sec. (3043,70 ticks)
Parallel b&c, 8 threads:
  Real time             =    0,00 sec. (0,00 ticks)
  Sync time (average)   =    0,00 sec.
  Wait time (average)   =    0,00 sec.
                          ------------
Total (root+branch&cut) =    1,49 sec. (3043,70 ticks)

<<< solve


OBJECTIVE: 604.1672

<<< post process


<<< done

