
<<< setup


<<< generate

Found incumbent of value 0,000000 after 0,02 sec. (8,40 ticks)
Tried aggregator 7 times.
MIP Presolve eliminated 368187 rows and 157409 columns.
Aggregator did 12859 substitutions.
Reduced MIP has 1170 rows, 5845 columns, and 11690 nonzeros.
Reduced MIP has 0 binaries, 0 generals, 0 SOSs, and 0 indicators.
Presolve time = 0,76 sec. (840,39 ticks)
Tried aggregator 1 time.
MIP Presolve eliminated 1139 rows and 5695 columns.
Reduced MIP has 31 rows, 150 columns, and 300 nonzeros.
Reduced MIP has 0 binaries, 0 generals, 0 SOSs, and 0 indicators.
Presolve time = 0,02 sec. (11,41 ticks)
Tried aggregator 1 time.
Reduced MIP has 31 rows, 150 columns, and 300 nonzeros.
Reduced MIP has 0 binaries, 0 generals, 0 SOSs, and 0 indicators.
Presolve time = 0,01 sec. (4,52 ticks)
MIP emphasis: balance optimality and feasibility.
MIP search method: dynamic search.
Parallel mode: deterministic, using up to 24 threads.
Root relaxation solution time = 0,00 sec. (0,28 ticks)

        Nodes                                         Cuts/
   Node  Left     Objective  IInf  Best Integer    Best Bound    ItCnt     Gap

*     0+    0                            0,0000     6410,0000              --- 
*     0     0      integral     0      326,6667      326,6667       85    0,00%
Elapsed time = 0,81 sec. (876,25 ticks, tree = 0,00 MB, solutions = 2)

Root node processing (before b&c):
  Real time             =    0,82 sec. (882,81 ticks)
Parallel b&c, 24 threads:
  Real time             =    0,00 sec. (0,00 ticks)
  Sync time (average)   =    0,00 sec.
  Wait time (average)   =    0,00 sec.
                          ------------
Total (root+branch&cut) =    0,82 sec. (882,81 ticks)

<<< solve


OBJECTIVE: 326.6667
avg_utility = 0.114299

<<< post process


<<< done

