
<<< setup


<<< generate

Found incumbent of value 0,000000 after 0,02 sec. (16,99 ticks)
Tried aggregator 4 times.
MIP Presolve eliminated 179508 rows and 391495 columns.
MIP Presolve modified 5002 coefficients.
Aggregator did 108717 substitutions.
Reduced MIP has 13526 rows, 31629 columns, and 101344 nonzeros.
Reduced MIP has 2724 binaries, 0 generals, 0 SOSs, and 0 indicators.
Presolve time = 3,86 sec. (3629,07 ticks)
Probing time = 0,01 sec. (1,30 ticks)
Tried aggregator 1 time.
Reduced MIP has 13526 rows, 31629 columns, and 101344 nonzeros.
Reduced MIP has 2724 binaries, 0 generals, 0 SOSs, and 0 indicators.
Presolve time = 0,05 sec. (47,41 ticks)
Probing time = 0,01 sec. (1,35 ticks)
MIP emphasis: balance optimality and feasibility.
MIP search method: dynamic search.
Parallel mode: deterministic, using up to 8 threads.
Root relaxation solution time = 0,24 sec. (185,02 ticks)

        Nodes                                         Cuts/
   Node  Left     Objective  IInf  Best Integer    Best Bound    ItCnt     Gap

*     0+    0                         1537,0000    27739,4556              --- 
      0     0     7863,0000  1528     1537,0000     7863,0000     3603  411,58%
*     0+    0                         6933,8352     7863,0000            13,40%
      0     0     7287,4423    46     6933,8352    Cuts: 3481    20198    5,10%
      0     0     7140,3578     4     6933,8352     Cuts: 174    29233    2,98%
      0     0     7140,2162     5     6933,8352      Cuts: 21    31088    2,98%
*     0+    0                         7135,9991     7140,2162             0,06%

Implied bound cuts applied:  138
Flow cuts applied:  2266
Mixed integer rounding cuts applied:  954
Flow path cuts applied:  1
Gomory fractional cuts applied:  212

Root node processing (before b&c):
  Real time             =   12,72 sec. (15126,59 ticks)
Parallel b&c, 8 threads:
  Real time             =    0,00 sec. (0,00 ticks)
  Sync time (average)   =    0,00 sec.
  Wait time (average)   =    0,00 sec.
                          ------------
Total (root+branch&cut) =   12,72 sec. (15126,59 ticks)

<<< solve


OBJECTIVE: 7135.999
avg_utility = 0.907542

<<< post process


<<< done

