
<<< setup


<<< generate

Tried aggregator 2 times.
MIP Presolve eliminated 149328 rows and 143973 columns.
MIP Presolve modified 561 coefficients.
Aggregator did 7031 substitutions.
Reduced MIP has 1679 rows, 5031 columns, and 9503 nonzeros.
Reduced MIP has 2251 binaries, 1662 generals, 0 SOSs, and 0 indicators.
Presolve time = 0,92 sec. (2950,55 ticks)
Found incumbent of value 0,000000 after 0,94 sec. (2958,86 ticks)
Probing time = 0,01 sec. (12,63 ticks)
Tried aggregator 1 time.
Presolve time = 0,01 sec. (5,67 ticks)
Probing time = 0,00 sec. (0,77 ticks)
Clique table members: 282.
MIP emphasis: balance optimality and feasibility.
MIP search method: dynamic search.
Parallel mode: deterministic, using up to 24 threads.
Root relaxation solution time = 0,02 sec. (16,51 ticks)

        Nodes                                         Cuts/
   Node  Left     Objective  IInf  Best Integer    Best Bound    ItCnt     Gap

*     0+    0                            0,0000    10390,0600      569     --- 
*     0+    0                          342,5737    10390,0600      569     --- 
      0     0     1961,9277     2      342,5737     1961,9277      569  472,70%
*     0+    0                         1961,2273     1961,9277      569    0,04%
*     0+    0                         1961,8960     1961,9277      569    0,00%

Root node processing (before b&c):
  Real time             =    0,20 sec. (157,75 ticks)
Parallel b&c, 24 threads:
  Real time             =    0,00 sec. (0,00 ticks)
  Sync time (average)   =    0,00 sec.
  Wait time (average)   =    0,00 sec.
                          ------------
Total (root+branch&cut) =    0,20 sec. (157,75 ticks)

<<< solve


OBJECTIVE: 1961.896
avg_utility = 0.8007738951020432

<<< post process


<<< done

