
<<< setup


<<< generate

Found incumbent of value 0,000000 after 0,01 sec. (13,60 ticks)
Tried aggregator 5 times.
MIP Presolve eliminated 343373 rows and 214249 columns.
MIP Presolve modified 15234 coefficients.
Aggregator did 74492 substitutions.
Reduced MIP has 33368 rows, 62140 columns, and 195818 nonzeros.
Reduced MIP has 2018 binaries, 0 generals, 0 SOSs, and 0 indicators.
Presolve time = 3,52 sec. (3905,37 ticks)
Probing time = 0,01 sec. (2,66 ticks)
Tried aggregator 1 time.
Reduced MIP has 33368 rows, 62140 columns, and 195818 nonzeros.
Reduced MIP has 2018 binaries, 0 generals, 0 SOSs, and 0 indicators.
Presolve time = 0,12 sec. (96,07 ticks)
Probing time = 0,01 sec. (2,78 ticks)
MIP emphasis: balance optimality and feasibility.
MIP search method: dynamic search.
Parallel mode: deterministic, using up to 8 threads.
Root relaxation solution time = 0,18 sec. (113,50 ticks)

        Nodes                                         Cuts/
   Node  Left     Objective  IInf  Best Integer    Best Bound    ItCnt     Gap

*     0+    0                            0,0000    18695,5474              --- 
      0     0     3775,0000   972        0,0000     3775,0000     2036     --- 
*     0+    0                         2321,8348     3775,0000            62,59%
      0     0     3714,2792   439     2321,8348    Cuts: 2920    32628   59,97%
      0     0     3680,5862   650     2321,8348    Cuts: 2534    57756   58,52%
      0     0     3635,7893   638     2321,8348    Cuts: 3488    71526   56,59%
*     0+    0                         2356,7599     3635,7893            54,27%
*     0+    0                         2572,6890     3635,7893            41,32%
*     0+    0                         2642,6885     3635,7893            37,58%
*     0+    0                         2679,7327     3635,7893            35,68%
*     0+    0                         2683,0639     3635,7893            35,51%
      0     0     3591,1005   415     2683,0639    Cuts: 4068    94674   33,84%
      0     0     3563,2785   360     2683,0639    Cuts: 2364   118673   32,81%
      0     0     3561,1441   506     2683,0639    Cuts: 2354   129380   32,73%
*     0+    0                         2878,8848     3561,1441            23,70%
*     0+    0                         2893,1994     3561,1441            23,09%
*     0+    0                         2894,8848     3561,1441            23,02%
      0     0     3556,6551   207     2894,8848    Cuts: 3090   137726   22,86%
      0     0     3555,2298   113     2894,8848    Cuts: 1154   146838   22,81%
      0     0     3554,9015   152     2894,8848     Cuts: 504   152335   22,80%
*     0+    0                         3200,6438     3554,9015            11,07%
*     0+    0                         3221,2271     3554,9015            10,36%
      0     0     3553,7255   118     3221,2271     Cuts: 591   160499   10,32%
*     0+    0                         3388,4408     3553,7255             4,88%
      0     0     3552,8518   106     3388,4408     Cuts: 520   169545    4,85%
      0     0     3552,6897   139     3388,4408     Cuts: 475   172795    4,85%
*     0+    0                         3422,1655     3552,6897             3,81%
*     0+    0                         3475,5565     3552,6897             2,22%
      0     0     3552,4741   125     3475,5565     Cuts: 697   174575    2,21%
      0     0     3552,2039   159     3475,5565     Cuts: 523   181058    2,21%
Heuristic still looking.
      0     2     3552,2039   159     3475,5565     3552,2039   181058    2,21%
Elapsed time = 186,30 sec. (156210,40 ticks, tree = 0,00 MB, solutions = 15)
      1     3     3541,6618   144     3475,5565     3552,2039   190234    2,21%
      2     4     3550,5223   161     3475,5565     3552,2039   193915    2,21%
      3     5     3527,7174   121     3475,5565     3548,8443   200804    2,11%
      4     6     3548,6711   145     3475,5565     3548,8443   212142    2,11%
      5     7     3537,4406   122     3475,5565     3548,8443   234711    2,11%
      7     9     3535,2229   121     3475,5565     3548,8443   238703    2,11%
      9    11     3528,1732   118     3475,5565     3548,8443   245108    2,11%
     10    12     3525,8935   119     3475,5565     3545,9257   249725    2,02%
*    13+   13                         3476,5523     3545,9257             2,00%
     13    15     3540,1726   125     3476,5523     3545,9257   264070    2,00%
*    14+   14                         3478,3014     3545,9257             1,94%
     14    16     3519,4213   118     3478,3014     3545,9257   285872    1,94%
Elapsed time = 292,66 sec. (218852,70 ticks, tree = 0,00 MB, solutions = 15)
     15    17     3526,0803   118     3478,3014     3545,9257   312978    1,94%
     23    25     3520,1919   107     3478,3014     3545,9257   366742    1,94%
     24    26     3528,2658    96     3478,3014     3545,9257   375938    1,94%
*    29+   29                         3478,5335     3545,9257             1,94%
*    29+   29                         3479,0317     3545,9257             1,92%
     29    31     3528,9610   109     3479,0317     3545,9257   422512    1,92%
*    30+   30                         3479,2701     3545,9257             1,92%
*    30+   30                         3479,9661     3545,9257             1,90%
     30    32     3523,2606   107     3479,9661     3545,9257   434177    1,90%
     74    76     3514,2881    99     3479,9661     3545,9257   517722    1,90%
     75    77     3526,5611    98     3479,9661     3545,9257   521820    1,90%
     76    78     3520,6466    93     3479,9661     3545,9257   530607    1,90%
     83    83     3523,9976   103     3479,9661     3545,9257   559434    1,90%
     91    91     3526,4332    93     3479,9661     3545,9257   582752    1,90%
Elapsed time = 530,84 sec. (285391,13 ticks, tree = 0,00 MB, solutions = 22)
     99    99     3525,3846    98     3479,9661     3545,9257   611721    1,90%
    107   105     3520,3061    97     3479,9661     3545,9257   633353    1,90%
    120   115     3511,5362   109     3479,9661     3545,9257   721845    1,90%
    152   143     3507,0399    97     3479,9661     3545,9257   783198    1,90%
    153   144     3523,0605   100     3479,9661     3545,9257   784994    1,90%
    160   149     3509,1636   101     3479,9661     3545,9257   791744    1,90%
    168   157     3506,8090    97     3479,9661     3545,9257   829093    1,90%
    171   160     3488,8705    86     3479,9661     3545,9257   862337    1,90%
    176   164     3486,4730    88     3479,9661     3545,9257   867938    1,90%
    184   170     3504,7487    95     3479,9661     3545,9257   890096    1,90%
Elapsed time = 700,58 sec. (327729,88 ticks, tree = 0,00 MB, solutions = 22)
    192   176     3505,5476    96     3479,9661     3545,9257   898082    1,90%
    200   184     3503,4628    98     3479,9661     3545,9257   922780    1,90%
    208   192     3497,5836    97     3479,9661     3545,9257   948813    1,90%
    251   233     3499,0696   143     3479,9661     3545,9257  1051305    1,90%
    261   243     3492,0116    88     3479,9661     3545,9257  1084096    1,90%
    265   247     3498,6999   136     3479,9661     3545,9257  1091185    1,90%
    268   250     3510,4213   158     3479,9661     3545,9257  1096367    1,90%
    278   258     3506,7392    83     3479,9661     3545,9257  1109508    1,90%
    286   266     3504,8517    83     3479,9661     3545,9257  1120043    1,90%
    290   270     3483,4320    90     3479,9661     3545,9257  1131665    1,90%
Elapsed time = 842,39 sec. (361406,40 ticks, tree = 10,48 MB, solutions = 22)
    294   274     3502,7063    84     3479,9661     3545,9257  1158298    1,90%
    302   282     3504,7064    96     3479,9661     3545,9257  1170750    1,90%
    316   294     3510,8915    99     3479,9661     3545,9257  1198714    1,90%
    333   308     3510,3925    82     3479,9661     3545,9257  1249686    1,90%
    334   309     3497,2309    86     3479,9661     3545,9257  1250388    1,90%
    385   342     3483,9900    88     3479,9661     3545,9257  1421294    1,90%
    408   363        cutoff           3479,9661     3545,9257  1511582    1,90%
    411   366     3499,8145    84     3479,9661     3545,9257  1519372    1,90%
    416   369     3482,9997    89     3479,9661     3545,9257  1546786    1,90%
    424   376     3480,8527    81     3479,9661     3545,9257  1580325    1,90%
Elapsed time = 1141,86 sec. (421373,72 ticks, tree = 27,85 MB, solutions = 22)
    440   390     3526,0411    96     3479,9661     3545,9257  1615959    1,90%
    448   398     3523,5527   106     3479,9661     3545,9257  1659227    1,90%
*   456+  404                         3481,0894     3545,9257             1,86%
    483   433     3499,3418    94     3481,0894     3545,9257  1740587    1,86%
    493   442     3511,4981    84     3481,0894     3545,9257  1759201    1,86%
*   548+  466                         3486,1472     3545,9257             1,71%
*   548+  466                         3486,9841     3545,9257             1,69%
    550   421     3524,0244    95     3486,9841     3545,9257  1860100    1,69%
    555   424     3524,7082   101     3486,9841     3545,9257  1878709    1,69%
    558   427     3522,1670    95     3486,9841     3545,9257  1891751    1,69%
    563   432     3523,4293   102     3486,9841     3545,9257  1916674    1,69%
    566   435     3519,7847   109     3486,9841     3545,9257  1941449    1,69%
    582   446     3501,0319    95     3486,9841     3545,9257  1999701    1,69%
Elapsed time = 1537,01 sec. (508438,44 ticks, tree = 64,59 MB, solutions = 25)
    664   509     3514,8390    94     3486,9841     3545,9257  2397341    1,69%
    665   510     3520,4390   101     3486,9841     3545,9257  2401126    1,69%
    667   510     3512,8632    94     3486,9841     3545,9257  2441527    1,69%
    673   516     3513,0258    88     3486,9841     3545,9257  2502329    1,69%
    675   516     3532,2075   104     3486,9841     3545,9257  2524124    1,69%
    683   524     3524,8245    90     3486,9841     3545,9257  2569057    1,69%
    691   532     3532,0363   112     3486,9841     3545,9257  2602514    1,69%
    699   540     3522,3005    91     3486,9841     3545,9257  2629716    1,69%
    705   546     3508,0548    83     3486,9841     3545,9257  2640090    1,69%
    707   548     3522,0152    82     3486,9841     3545,9257  2688948    1,69%
Elapsed time = 1892,69 sec. (597838,22 ticks, tree = 83,89 MB, solutions = 25)
    889   721     3506,4933    86     3486,9841     3536,9360  2996702    1,43%
    891   723     3521,1635    83     3486,9841     3536,9360  3023873    1,43%
    897   729     3503,3844   113     3486,9841     3536,9360  3107499    1,43%
    899   731     3514,3710    76     3486,9841     3536,9360  3144591    1,43%
    905   737     3504,5474    86     3486,9841     3536,9360  3190447    1,43%
    907   739     3518,3542    97     3486,9841     3536,9360  3219155    1,43%
    915   747     3518,9084    82     3486,9841     3536,9360  3324495    1,43%
    923   755     3518,8533    80     3486,9841     3536,9360  3374872    1,43%
    931   763     3517,9470    89     3486,9841     3536,9360  3453746    1,43%
    939   771     3512,4653    83     3486,9841     3536,9360  3485078    1,43%
Elapsed time = 2227,06 sec. (666275,87 ticks, tree = 177,94 MB, solutions = 25)
    999   824     3494,3811   117     3486,9841     3536,9360  3635871    1,43%
   1081   904     3489,3584   263     3486,9841     3536,9360  3759341    1,43%
   1087   910     3493,7065   111     3486,9841     3536,9360  3773017    1,43%
   1091   914     3489,3573   246     3486,9841     3536,9360  3786622    1,43%
   1095   918     3492,7824   105     3486,9841     3536,9360  3803753    1,43%
   1098   921     3506,1906   145     3486,9841     3536,9360  3815230    1,43%
   1103   924     3491,5505   116     3486,9841     3536,9360  3833111    1,43%
   1119   935     3490,9709   115     3486,9841     3536,9360  3911800    1,43%
   1125   940     3528,9105   109     3486,9841     3536,9360  3929815    1,43%
   1133   947     3528,6924   110     3486,9841     3536,9360  3990504    1,43%
Elapsed time = 2649,40 sec. (752926,10 ticks, tree = 250,37 MB, solutions = 25)
   1179   977     3496,4719    89     3486,9841     3536,9360  4163150    1,43%
   1305  1092     3526,0210    98     3486,9841     3535,2923  4509637    1,39%
   1310  1097     3489,5258   124     3486,9841     3535,2923  4567739    1,39%
   1318  1103     3489,4648   123     3486,9841     3535,2923  4610539    1,39%
   1326  1111     3489,2018   123     3486,9841     3535,2923  4660147    1,39%
   1329  1112     3523,0616    87     3486,9841     3535,2923  4686270    1,39%
   1335  1118     3523,7194   106     3486,9841     3535,2923  4758910    1,39%
   1337  1118     3522,0030    83     3486,9841     3535,2923  4776516    1,39%
   1345  1126     3521,6306    82     3486,9841     3535,2923  4853798    1,39%
   1353  1134     3521,2531    84     3486,9841     3535,2923  4910217    1,39%
Elapsed time = 3094,70 sec. (835838,91 ticks, tree = 256,35 MB, solutions = 25)
   1361  1142     3520,9224    74     3486,9841     3535,2923  4958268    1,39%
   1369  1150     3520,7320    76     3486,9841     3535,2923  5001225    1,39%
   1382  1163     3516,4475   125     3486,9841     3535,2923  5096775    1,39%
   1467  1239     3518,6797    79     3486,9841     3533,3104  5327915    1,33%
   1479  1251     3509,5094   109     3486,9841     3533,3104  5383801    1,33%
   1483  1254     3516,9023    94     3486,9841     3533,3104  5410394    1,33%
   1487  1258     3508,7984   113     3486,9841     3533,3104  5449803    1,33%
   1495  1264     3507,4710   121     3486,9841     3533,3104  5483718    1,33%
   1496  1265     3528,8471    96     3486,9841     3533,3104  5501358    1,33%
   1504  1273     3527,0028    95     3486,9841     3533,3104  5565343    1,33%
Elapsed time = 3429,72 sec. (896765,04 ticks, tree = 268,73 MB, solutions = 25)
   1515  1284     3512,8318   100     3486,9841     3533,3104  5663524    1,33%
   1519  1288     3503,8674   136     3486,9841     3533,3104  5705785    1,33%
   1527  1296     3503,0511   145     3486,9841     3533,3104  5778456    1,33%
   1535  1304     3502,5178   143     3486,9841     3533,3104  5882570    1,33%
   1543  1312     3501,6905   145     3486,9841     3533,3104  5952701    1,33%
   1551  1320     3501,4932   143     3486,9841     3533,3104  6018694    1,33%
   1559  1328     3500,3237   143     3486,9841     3533,3104  6097396    1,33%
   1567  1332    infeasible           3486,9841     3533,3104  6145504    1,33%
   1674  1434     3502,7904   138     3486,9841     3533,3104  6593602    1,33%
   1675  1435     3487,1410   127     3486,9841     3533,3104  6603802    1,33%
Elapsed time = 3867,17 sec. (979908,42 ticks, tree = 273,44 MB, solutions = 25)
   1678  1438     3494,5348   144     3486,9841     3533,3104  6661708    1,33%
   1692  1447     3500,9889   139     3486,9841     3533,3104  6787908    1,33%
   1695  1450     3514,2865    81     3486,9841     3533,3104  6814700    1,33%
   1703  1458     3514,2608    85     3486,9841     3533,3104  6892875    1,33%
   1705  1459     3487,2735   130     3486,9841     3533,3104  6912360    1,33%
   1713  1467     3487,2734   133     3486,9841     3533,3104  6975126    1,33%
   1743  1493     3508,3882    91     3486,9841     3533,3104  7146004    1,33%
   1753  1503     3524,7105    84     3486,9841     3533,3104  7201902    1,33%
   1759  1509     3506,2490    88     3486,9841     3533,3104  7237451    1,33%
   1766  1516     3487,9583   147     3486,9841     3533,3104  7282671    1,33%
Elapsed time = 4315,05 sec. (1063462,23 ticks, tree = 273,44 MB, solutions = 25)
   1774  1524     3487,4542   146     3486,9841     3533,3104  7333435    1,33%
   1775  1525     3502,4372   140     3486,9841     3533,3104  7353767    1,33%
   1789  1537     3489,9466   134     3486,9841     3533,3104  7420445    1,33%
   1791  1537     3502,0636   145     3486,9841     3533,3104  7440190    1,33%
   1853  1599     3490,5063   143     3486,9841     3533,3104  7698982    1,33%
   1864  1610     3488,2007   140     3486,9841     3531,4246  7826527    1,27%
   1896  1638     3529,0394   103     3486,9841     3531,4246  8212506    1,27%
   1912  1654     3526,6647    97     3486,9841     3531,4246  8467517    1,27%
   1920  1662     3523,8401   119     3486,9841     3531,4246  8562826    1,27%
   1928  1670     3521,8445   119     3486,9841     3531,4246  8659091    1,27%
Elapsed time = 4814,15 sec. (1172479,75 ticks, tree = 276,31 MB, solutions = 25)
   1936  1676     3518,1198   103     3486,9841     3531,4246  8737031    1,27%
   1944  1682     3517,4300   115     3486,9841     3531,4246  8828231    1,27%
   1952  1690     3515,8394   123     3486,9841     3531,4246  8906046    1,27%
   1960  1698     3514,5236   126     3486,9841     3531,4246  8989739    1,27%
   1968  1706     3513,0938   130     3486,9841     3531,4246  9068835    1,27%
   1976  1714     3512,5853   126     3486,9841     3531,4246  9224906    1,27%
   1984  1722     3511,5923   125     3486,9841     3531,4246  9314326    1,27%
   1992  1730     3508,5934   121     3486,9841     3531,4246  9433248    1,27%
   2152  1869     3503,7440   121     3486,9841     3531,4246 11493185    1,27%
   2341  2044     3491,3915   138     3486,9841     3530,2238 13344118    1,24%
Elapsed time = 5180,77 sec. (1257602,26 ticks, tree = 286,49 MB, solutions = 25)
   2359  2062     3495,0375   143     3486,9841     3530,2238 13619638    1,24%
   2366  2069     3504,0935   135     3486,9841     3530,2238 13705462    1,24%
   2398  2101     3500,6134   137     3486,9841     3530,2238 14189448    1,24%
   2430  2133     3497,9863   140     3486,9841     3530,2238 14660333    1,24%
   2438  2141     3496,9967   133     3486,9841     3530,2238 14834343    1,24%
   2470  2171     3495,6040   145     3486,9841     3530,2238 15171287    1,24%
   2518  2213     3493,3127   148     3486,9841     3530,2238 15777691    1,24%
   2526  2221     3493,2584   144     3486,9841     3530,2238 15876959    1,24%
   2542  2237     3492,6084   142     3486,9841     3530,2238 16088260    1,24%
   2558  2253     3490,3163   157     3486,9841     3530,2238 16368180    1,24%
Elapsed time = 5654,38 sec. (1378164,47 ticks, tree = 286,49 MB, solutions = 25)
   2590  2285     3492,0805   147     3486,9841     3530,2238 16713930    1,24%
   2630  2325     3491,7354   154     3486,9841     3530,2238 17132279    1,24%
   2670  2365     3490,6400   150     3486,9841     3530,2238 17563549    1,24%
   2726  2409     3489,6810   140     3486,9841     3530,2238 18172865    1,24%
   2806  2485     3488,7391   133     3486,9841     3530,2238 19287174    1,24%
   2862  2541     3487,7786   132     3486,9841     3530,2238 20089015    1,24%
   2902  2569     3508,3382   105     3486,9841     3530,2238 20704380    1,24%
   2939  2602     3500,4126   108     3486,9841     3530,2238 21425816    1,24%
*  2945  2606      integral     0     3487,2266     3530,2238 21545376    1,23%
*  2945  2606      integral     0     3487,2266     3530,2238 21545376    1,23%
*  2955  2610      integral     0     3487,2631     3530,2238 21775921    1,23%
*  2955  2610      integral     0     3487,2631     3530,2238 21775921    1,23%
Elapsed time = 5808,17 sec. (1428688,45 ticks, tree = 286,49 MB, solutions = 25)
*  3061+ 2616                         3488,9004     3529,0085             1,15%
*  3061+ 2616                         3489,4948     3529,0085             1,13%
   3061  2618     3500,3043   146     3489,4948     3529,0085 23302169    1,13%
   3092  2645     3502,0871    98     3489,4948     3529,0085 23857917    1,13%
   3116  2667     3499,4265   108     3489,4948     3529,0085 24233024    1,13%
   3140  2685     3495,9412    97     3489,4948     3529,0085 24688136    1,13%
   3164  2705     3493,3355    98     3489,4948     3529,0085 25115664    1,13%
   3196  2729     3488,2967    97     3489,4948     3529,0085 25630572    1,13%
   3210  2739     3510,0393   118     3489,4948     3529,0085 25968010    1,13%
   3228  2747     3521,9217    97     3489,4948     3529,0085 26438856    1,13%
   3236  2753     3513,9081    84     3489,4948     3529,0085 26632109    1,13%
   3239  2756     3521,8329    92     3489,4948     3529,0085 26712959    1,13%
Elapsed time = 6154,20 sec. (1518282,54 ticks, tree = 294,90 MB, solutions = 27)
   3263  2780     3518,3739   111     3489,4948     3529,0085 27209233    1,13%
   3287  2802     3507,6834    76     3489,4948     3529,0085 27669481    1,13%
   3311  2826     3506,5520    83     3489,4948     3529,0085 28201200    1,13%
   3335  2844     3500,3911    85     3489,4948     3529,0085 28637335    1,13%
   3359  2864     3502,6538    85     3489,4948     3529,0085 29108019    1,13%
   3383  2884     3495,3662   132     3489,4948     3529,0085 29595816    1,13%
   3399  2894        cutoff           3489,4948     3529,0085 29907946    1,13%
   3431  2920     3493,2710    88     3489,4948     3529,0085 30714911    1,13%
   3455  2944     3489,3762    63     3489,4948     3529,0085 31142670    1,13%
*  3458+ 2943                         3489,4948     3529,0085             1,13%
   3479  2962     3488,1580    80     3489,4948     3529,0085 31673507    1,13%
Elapsed time = 6467,39 sec. (1572658,80 ticks, tree = 294,90 MB, solutions = 27)
   3495  2972     3488,1289    83     3489,4948     3529,0085 32080613    1,13%
   3507  2980     3507,0278   163     3489,4948     3529,0085 32432650    1,13%
   3531  2998     3503,5867   157     3489,4948     3529,0085 32916853    1,13%
   3555  3018     3499,5765   149     3489,4948     3529,0085 33441111    1,13%
   3645  3094     3509,8815   113     3489,4948     3529,0085 35188337    1,13%
   3690  3123     3522,2565    95     3489,4948     3529,0085 35877573    1,13%

Implied bound cuts applied:  871
Flow cuts applied:  9499
Mixed integer rounding cuts applied:  6469
Flow path cuts applied:  70
Gomory fractional cuts applied:  85

Root node processing (before b&c):
  Real time             =  186,21 sec. (156214,93 ticks)
Parallel b&c, 8 threads:
  Real time             = 6398,60 sec. (1497633,19 ticks)
  Sync time (average)   =  480,23 sec.
  Wait time (average)   =  480,43 sec.
                          ------------
Total (root+branch&cut) = 6584,81 sec. (1653848,12 ticks)

<<< solve


OBJECTIVE: 3489.495
avg_utility = 0.924369

<<< post process


<<< done

