
<<< setup


<<< generate

Found incumbent of value 0,000000 after 0,05 sec. (16,51 ticks)
Tried aggregator 8 times.
MIP Presolve eliminated 111738 rows and 332503 columns.
MIP Presolve modified 28908 coefficients.
Aggregator did 88070 substitutions.
Reduced MIP has 52003 rows, 111268 columns, and 349117 nonzeros.
Reduced MIP has 14120 binaries, 0 generals, 0 SOSs, and 0 indicators.
Presolve time = 18,71 sec. (7999,62 ticks)
Probing time = 0,08 sec. (4,93 ticks)
Tried aggregator 1 time.
Reduced MIP has 52003 rows, 111268 columns, and 349117 nonzeros.
Reduced MIP has 14120 binaries, 0 generals, 0 SOSs, and 0 indicators.
Presolve time = 0,53 sec. (189,17 ticks)
Probing time = 0,09 sec. (5,23 ticks)
MIP emphasis: balance optimality and feasibility.
MIP search method: dynamic search.
Parallel mode: deterministic, using up to 8 threads.
Root relaxation solution time = 11,04 sec. (3271,88 ticks)

        Nodes                                         Cuts/
   Node  Left     Objective  IInf  Best Integer    Best Bound    ItCnt     Gap

*     0+    0                            0,0000    30633,8949              --- 
*     0+    0                         5103,7350    30633,8949           500,23%
      0     0     7799,6194  1113     5103,7350     7799,6194    20885   52,82%
*     0+    0                         6231,4165     7799,6194            25,17%
      0     0     7665,8751  1411     6231,4165    Cuts: 3471    58076   23,02%
      0     0     7455,2980  1316     6231,4165    Cuts: 4515    71862   19,64%
      0     0     7309,1062  1249     6231,4165    Cuts: 3768    98990   17,29%
*     0+    0                         6710,3973     7309,1062             8,92%
*     0+    0                         6712,4822     7309,1062             8,89%
*     0+    0                         6778,9356     7309,1062             7,82%
*     0+    0                         6779,4285     7309,1062             7,81%
*     0+    0                         6780,2613     7309,1062             7,80%
      0     0     7154,7018   915     6780,2613    Cuts: 3529   126973    5,52%
      0     0     7103,4812   650     6780,2613    Cuts: 2500   154362    4,77%
      0     0     7059,3368    83     6780,2613    Cuts: 1720   183606    4,12%
*     0+    0                         6878,9490     7059,3368             2,62%
*     0+    0                         7038,4952     7059,3368             0,30%

Implied bound cuts applied:  899
Flow cuts applied:  14122
Mixed integer rounding cuts applied:  3280
Flow path cuts applied:  394
Gomory fractional cuts applied:  394

Root node processing (before b&c):
  Real time             =  632,97 sec. (203077,71 ticks)
Parallel b&c, 8 threads:
  Real time             =    0,00 sec. (0,00 ticks)
  Sync time (average)   =    0,00 sec.
  Wait time (average)   =    0,00 sec.
                          ------------
Total (root+branch&cut) =  632,97 sec. (203077,71 ticks)

<<< solve


OBJECTIVE: 7038.495
avg_utility = 0.897195

<<< post process


<<< done

