
<<< setup


<<< generate

Found incumbent of value 0,000000 after 0,01 sec. (4,71 ticks)
Tried aggregator 2 times.
MIP Presolve eliminated 20779 rows and 35589 columns.
MIP Presolve modified 2512 coefficients.
Aggregator did 2395 substitutions.
Reduced MIP has 38233 rows, 118065 columns, and 321623 nonzeros.
Reduced MIP has 5698 binaries, 2676 generals, 0 SOSs, and 0 indicators.
Presolve time = 0,31 sec. (194,46 ticks)
Probing time = 0,40 sec. (34,88 ticks)
Tried aggregator 1 time.
MIP Presolve eliminated 4988 rows and 12914 columns.
Reduced MIP has 33245 rows, 105151 columns, and 283335 nonzeros.
Reduced MIP has 5698 binaries, 2676 generals, 0 SOSs, and 0 indicators.
Presolve time = 0,33 sec. (163,12 ticks)
Probing time = 0,25 sec. (32,54 ticks)
Tried aggregator 1 time.
Reduced MIP has 33245 rows, 105151 columns, and 283335 nonzeros.
Reduced MIP has 5698 binaries, 2676 generals, 0 SOSs, and 0 indicators.
Presolve time = 0,22 sec. (133,07 ticks)
Probing time = 0,35 sec. (34,36 ticks)
Clique table members: 3333.
MIP emphasis: balance optimality and feasibility.
MIP search method: dynamic search.
Parallel mode: deterministic, using up to 24 threads.
Root relaxation solution time = 0,83 sec. (438,23 ticks)

        Nodes                                         Cuts/
   Node  Left     Objective  IInf  Best Integer    Best Bound    ItCnt     Gap

*     0+    0                            0,0000        3,0000              --- 
      0     0        0,8539   494        0,0000        0,8539     1514     --- 
*     0+    0                            0,2167        0,8539           293,99%
      0     0        0,7943   494        0,2167    Cuts: 1656     3568  266,50%
      0     0        cutoff              0,2167                   5566    0,00%
Elapsed time = 14,63 sec. (9110,75 ticks, tree = 0,00 MB, solutions = 2)

Implied bound cuts applied:  88
Flow cuts applied:  1480
Mixed integer rounding cuts applied:  1283
Gomory fractional cuts applied:  349

Root node processing (before b&c):
  Real time             =   14,64 sec. (9116,85 ticks)
Parallel b&c, 24 threads:
  Real time             =    0,00 sec. (0,00 ticks)
  Sync time (average)   =    0,00 sec.
  Wait time (average)   =    0,00 sec.
                          ------------
Total (root+branch&cut) =   14,64 sec. (9116,85 ticks)

<<< solve


OBJECTIVE: 0.2167184
avg_utility = 0.216718

<<< post process


<<< done

