
<<< setup


<<< generate

Tried aggregator 2 times.
MIP Presolve eliminated 37859 rows and 31457 columns.
MIP Presolve modified 4643 coefficients.
Aggregator did 4640 substitutions.
Reduced MIP has 5107 rows, 9744 columns, and 21344 nonzeros.
Reduced MIP has 3934 binaries, 1170 generals, 0 SOSs, and 0 indicators.
Presolve time = 0,06 sec. (49,79 ticks)
Found incumbent of value 0,000000 after 0,06 sec. (58,63 ticks)
Probing time = 0,00 sec. (2,23 ticks)
Tried aggregator 1 time.
Presolve time = 0,01 sec. (10,15 ticks)
Probing time = 0,01 sec. (2,23 ticks)
Clique table members: 269.
MIP emphasis: balance optimality and feasibility.
MIP search method: dynamic search.
Parallel mode: deterministic, using up to 24 threads.
Root relaxation solution time = 0,10 sec. (112,23 ticks)

        Nodes                                         Cuts/
   Node  Left     Objective  IInf  Best Integer    Best Bound    ItCnt     Gap

*     0+    0                            0,0000     7005,3495     2055     --- 
      0     0     1588,7526     5        0,0000     1588,7526     2055     --- 
*     0+    0                          329,7754     1588,7526     2055  381,77%
*     0+    0                         1587,8882     1588,7526     2055    0,05%
*     0+    0                         1587,9425     1588,7526     2055    0,05%

Root node processing (before b&c):
  Real time             =    0,58 sec. (622,15 ticks)
Parallel b&c, 24 threads:
  Real time             =    0,00 sec. (0,00 ticks)
  Sync time (average)   =    0,00 sec.
  Wait time (average)   =    0,00 sec.
                          ------------
Total (root+branch&cut) =    0,58 sec. (622,15 ticks)

<<< solve


OBJECTIVE: 1587.943
avg_utility = 0.9724081469687714

<<< post process


<<< done

