
<<< setup


<<< generate

Found incumbent of value 0,000000 after 0,06 sec. (66,03 ticks)
Tried aggregator 8 times.
MIP Presolve eliminated 3409201 rows and 1247524 columns.
Aggregator did 15330 substitutions.
Reduced MIP has 4601 rows, 10731 columns, and 24528 nonzeros.
Reduced MIP has 0 binaries, 0 generals, 0 SOSs, and 0 indicators.
Presolve time = 2,22 sec. (3974,54 ticks)
Tried aggregator 2 times.
MIP Presolve eliminated 4525 rows and 10541 columns.
Aggregator did 13 substitutions.
Reduced MIP has 63 rows, 177 columns, and 373 nonzeros.
Reduced MIP has 0 binaries, 0 generals, 0 SOSs, and 0 indicators.
Presolve time = 0,04 sec. (58,76 ticks)
Tried aggregator 1 time.
Reduced MIP has 63 rows, 177 columns, and 373 nonzeros.
Reduced MIP has 0 binaries, 0 generals, 0 SOSs, and 0 indicators.
Presolve time = 0,03 sec. (42,38 ticks)
MIP emphasis: balance optimality and feasibility.
MIP search method: dynamic search.
Parallel mode: deterministic, using up to 8 threads.
Root relaxation solution time = 0,00 sec. (0,15 ticks)

        Nodes                                         Cuts/
   Node  Left     Objective  IInf  Best Integer    Best Bound    ItCnt     Gap

*     0+    0                            0,0000     8481,3532              --- 
*     0     0      integral     0     1999,8306     1999,8306       52    0,00%
Elapsed time = 2,37 sec. (4207,70 ticks, tree = 0,00 MB, solutions = 1)

Root node processing (before b&c):
  Real time             =    2,42 sec. (4251,68 ticks)
Parallel b&c, 8 threads:
  Real time             =    0,00 sec. (0,00 ticks)
  Sync time (average)   =    0,00 sec.
  Wait time (average)   =    0,00 sec.
                          ------------
Total (root+branch&cut) =    2,42 sec. (4251,68 ticks)

<<< solve


OBJECTIVE: 1999.831
avg_utility = 0.699731

<<< post process


<<< done

