
<<< setup


<<< generate

Found incumbent of value 0,000000 after 0,02 sec. (16,35 ticks)
Tried aggregator 8 times.
MIP Presolve eliminated 111826 rows and 329574 columns.
MIP Presolve modified 27894 coefficients.
Aggregator did 87219 substitutions.
Reduced MIP has 51158 rows, 109288 columns, and 343012 nonzeros.
Reduced MIP has 14020 binaries, 0 generals, 0 SOSs, and 0 indicators.
Presolve time = 8,06 sec. (7782,88 ticks)
Probing time = 0,02 sec. (4,85 ticks)
Tried aggregator 1 time.
Reduced MIP has 51158 rows, 109288 columns, and 343012 nonzeros.
Reduced MIP has 14020 binaries, 0 generals, 0 SOSs, and 0 indicators.
Presolve time = 0,23 sec. (186,12 ticks)
Probing time = 0,03 sec. (5,15 ticks)
MIP emphasis: balance optimality and feasibility.
MIP search method: dynamic search.
Parallel mode: deterministic, using up to 8 threads.
Root relaxation solution time = 1,61 sec. (1182,73 ticks)

        Nodes                                         Cuts/
   Node  Left     Objective  IInf  Best Integer    Best Bound    ItCnt     Gap

*     0+    0                            0,0000    29092,9191              --- 
      0     0     7870,0000  1551        0,0000     7870,0000     3826     --- 
      0     0     7703,5083  1275        0,0000    Cuts: 4645    53551     --- 
      0     0     7569,5883  1204        0,0000    Cuts: 3843    84572     --- 
      0     0     7445,9929  1049        0,0000    Cuts: 3443   113922     --- 
*     0+    0                         5735,1763     7445,9929            29,83%
*     0+    0                         5798,4360     7445,9929            28,41%
*     0+    0                         5814,3167     7445,9929            28,06%
*     0+    0                         5820,5454     7445,9929            27,93%
      0     0     7330,8961   981     5820,5454    Cuts: 3062   141447   25,95%
      0     0     7270,7612   457     5820,5454    Cuts: 2552   181620   24,92%
      0     0     7233,1644    77     5820,5454    Cuts: 1310   203175   24,27%
*     0+    0                         7050,3373     7233,1644             2,59%
*     0+    0                         7090,3154     7233,1644             2,01%
*     0+    0                         7104,6733     7233,1644             1,81%
*     0+    0                         7108,3212     7233,1644             1,76%
*     0+    0                         7108,7150     7233,1644             1,75%
      0     0     7231,8894   134     7108,7150     Cuts: 280   213807    1,73%
      0     0     7231,3732   127     7108,7150     Cuts: 564   227042    1,73%
      0     0     7231,2972    84     7108,7150     Cuts: 443   234565    1,72%
*     0+    0                         7137,1081     7231,2972             1,32%
*     0+    0                         7138,4274     7231,2972             1,30%
*     0+    0                         7140,5735     7231,2972             1,27%
      0     0     7231,1666    96     7140,5735     Cuts: 249   246931    1,27%
*     0+    0                         7210,1081     7231,1666             0,29%

Implied bound cuts applied:  700
Flow cuts applied:  15333
Mixed integer rounding cuts applied:  3155
Flow path cuts applied:  42
Gomory fractional cuts applied:  307

Root node processing (before b&c):
  Real time             =  357,04 sec. (279339,65 ticks)
Parallel b&c, 8 threads:
  Real time             =    0,00 sec. (0,00 ticks)
  Sync time (average)   =    0,00 sec.
  Wait time (average)   =    0,00 sec.
                          ------------
Total (root+branch&cut) =  357,04 sec. (279339,65 ticks)

<<< solve


OBJECTIVE: 7210.108
avg_utility = 0.916151

<<< post process


<<< done

