
<<< setup


<<< generate

Found incumbent of value 0,000000 after 0,03 sec. (11,19 ticks)
Tried aggregator 6 times.
MIP Presolve eliminated 112170 rows and 210752 columns.
MIP Presolve modified 20069 coefficients.
Aggregator did 44203 substitutions.
Reduced MIP has 44592 rows, 94966 columns, and 281730 nonzeros.
Reduced MIP has 10178 binaries, 0 generals, 0 SOSs, and 0 indicators.
Presolve time = 6,29 sec. (3309,62 ticks)
Probing time = 0,07 sec. (3,93 ticks)
Tried aggregator 1 time.
Reduced MIP has 44592 rows, 94966 columns, and 281730 nonzeros.
Reduced MIP has 10178 binaries, 0 generals, 0 SOSs, and 0 indicators.
Presolve time = 0,46 sec. (156,57 ticks)
Probing time = 0,15 sec. (4,13 ticks)
MIP emphasis: balance optimality and feasibility.
MIP search method: dynamic search.
Parallel mode: deterministic, using up to 8 threads.
Root relaxation solution time = 1,21 sec. (535,97 ticks)

        Nodes                                         Cuts/
   Node  Left     Objective  IInf  Best Integer    Best Bound    ItCnt     Gap

*     0+    0                            0,0000    11337,0000              --- 
      0     0     3779,0000   878        0,0000     3779,0000    10223     --- 
*     0+    0                         2530,0000     3779,0000            49,37%
      0     0     3689,5712   438     2530,0000    Cuts: 2748    32519   45,83%
      0     0     3631,6316   492     2530,0000    Cuts: 1626    60128   43,54%
      0     0     3545,8561   468     2530,0000    Cuts: 1552    71246   40,15%
*     0+    0                         3031,6393     3545,8561            16,96%
*     0+    0                         3050,5821     3545,8561            16,24%
      0     0     3490,1884   547     3050,5821    Cuts: 1371    75783   14,41%
      0     0     3411,5676   537     3050,5821    Cuts: 1808    78776   11,83%
      0     0     3350,2768   527     3050,5821    Cuts: 1515    82524    9,82%
      0     0     3310,6008   433     3050,5821    Cuts: 1300    91955    8,52%
      0     0     3278,5826    82     3050,5821    Cuts: 1353   105779    7,47%
      0     0     3274,2195    88     3050,5821     Cuts: 511   113084    7,33%
*     0+    0                         3215,3703     3274,2195             1,83%
*     0+    0                         3227,2912     3274,2195             1,45%
*     0+    0                         3235,8367     3274,2195             1,19%
      0     0     3273,8380    79     3235,8367     Cuts: 592   123774    1,17%
      0     0     3273,6293    94     3235,8367     Cuts: 466   125470    1,17%
      0     0     3273,4237    97     3235,8367     Cuts: 502   126676    1,16%
*     0+    0                         3260,3250     3273,4237             0,40%

Implied bound cuts applied:  131
Flow cuts applied:  10292
Mixed integer rounding cuts applied:  2564
Flow path cuts applied:  353
Gomory fractional cuts applied:  373

Root node processing (before b&c):
  Real time             =  335,34 sec. (131567,01 ticks)
Parallel b&c, 8 threads:
  Real time             =    0,00 sec. (0,00 ticks)
  Sync time (average)   =    0,00 sec.
  Wait time (average)   =    0,00 sec.
                          ------------
Total (root+branch&cut) =  335,34 sec. (131567,01 ticks)

<<< solve


OBJECTIVE: 3260.325
avg_utility = 0.862748

<<< post process


<<< done

