
<<< setup


<<< generate

Found incumbent of value 0,000000 after 0,06 sec. (66,33 ticks)
Tried aggregator 4 times.
MIP Presolve eliminated 3603588 rows and 1216385 columns.
Aggregator did 5632 substitutions.
Reduced MIP has 513 rows, 2560 columns, and 5120 nonzeros.
Reduced MIP has 0 binaries, 0 generals, 0 SOSs, and 0 indicators.
Presolve time = 1,27 sec. (2324,28 ticks)
Tried aggregator 1 time.
MIP Presolve eliminated 498 rows and 2490 columns.
Reduced MIP has 15 rows, 70 columns, and 140 nonzeros.
Reduced MIP has 0 binaries, 0 generals, 0 SOSs, and 0 indicators.
Presolve time = 0,02 sec. (43,04 ticks)
Tried aggregator 1 time.
Reduced MIP has 15 rows, 70 columns, and 140 nonzeros.
Reduced MIP has 0 binaries, 0 generals, 0 SOSs, and 0 indicators.
Presolve time = 0,03 sec. (40,30 ticks)
MIP emphasis: balance optimality and feasibility.
MIP search method: dynamic search.
Parallel mode: deterministic, using up to 8 threads.
Root relaxation solution time = 0,00 sec. (0,07 ticks)

        Nodes                                         Cuts/
   Node  Left     Objective  IInf  Best Integer    Best Bound    ItCnt     Gap

*     0+    0                            0,0000     2853,0676              --- 
*     0     0      integral     0      623,2553      623,2553       30    0,00%
Elapsed time = 1,41 sec. (2546,53 ticks, tree = 0,00 MB, solutions = 2)

Root node processing (before b&c):
  Real time             =    1,47 sec. (2590,98 ticks)
Parallel b&c, 8 threads:
  Real time             =    0,00 sec. (0,00 ticks)
  Sync time (average)   =    0,00 sec.
  Wait time (average)   =    0,00 sec.
                          ------------
Total (root+branch&cut) =    1,47 sec. (2590,98 ticks)

<<< solve


OBJECTIVE: 623.2553
avg_utility = 0.763793

<<< post process


<<< done

