
<<< setup


<<< generate

Found incumbent of value 0,000000 after 0,02 sec. (16,70 ticks)
Tried aggregator 5 times.
MIP Presolve eliminated 179376 rows and 382359 columns.
MIP Presolve modified 5821 coefficients.
Aggregator did 104685 substitutions.
Reduced MIP has 14876 rows, 34717 columns, and 111153 nonzeros.
Reduced MIP has 2720 binaries, 0 generals, 0 SOSs, and 0 indicators.
Presolve time = 4,19 sec. (3831,38 ticks)
Probing time = 0,01 sec. (1,41 ticks)
Tried aggregator 1 time.
Reduced MIP has 14876 rows, 34717 columns, and 111153 nonzeros.
Reduced MIP has 2720 binaries, 0 generals, 0 SOSs, and 0 indicators.
Presolve time = 0,05 sec. (51,17 ticks)
Probing time = 0,01 sec. (1,46 ticks)
MIP emphasis: balance optimality and feasibility.
MIP search method: dynamic search.
Parallel mode: deterministic, using up to 8 threads.
Root relaxation solution time = 0,51 sec. (365,67 ticks)

        Nodes                                         Cuts/
   Node  Left     Objective  IInf  Best Integer    Best Bound    ItCnt     Gap

*     0+    0                         1128,0000    20134,6000              --- 
*     0+    0                         2716,1833    20134,6000           641,28%
      0     0     3278,7250     4     2716,1833     3278,7250     4200   20,71%
*     0+    0                         3278,1650     3278,7250             0,02%
*     0+    0                         3278,5450     3278,7250             0,01%

Root node processing (before b&c):
  Real time             =    5,20 sec. (4868,05 ticks)
Parallel b&c, 8 threads:
  Real time             =    0,00 sec. (0,00 ticks)
  Sync time (average)   =    0,00 sec.
  Wait time (average)   =    0,00 sec.
                          ------------
Total (root+branch&cut) =    5,20 sec. (4868,05 ticks)

<<< solve


OBJECTIVE: 3278.545
avg_utility = 0.417543

<<< post process


<<< done

