
<<< setup


<<< generate

Found incumbent of value 0.000000 after 0.02 sec. (5.81 ticks)
Tried aggregator 2 times.
MIP Presolve eliminated 239237 rows and 124337 columns.
MIP Presolve modified 1534 coefficients.
Aggregator did 1531 substitutions.
Reduced MIP has 4082 rows, 6373 columns, and 15296 nonzeros.
Reduced MIP has 1275 binaries, 0 generals, 0 SOSs, and 0 indicators.
Presolve time = 0.31 sec. (161.62 ticks)
Probing time = 0.01 sec. (0.33 ticks)
Tried aggregator 1 time.
Reduced MIP has 4082 rows, 6373 columns, and 15296 nonzeros.
Reduced MIP has 1275 binaries, 0 generals, 0 SOSs, and 0 indicators.
Presolve time = 0.03 sec. (11.50 ticks)
Probing time = 0.02 sec. (0.33 ticks)
MIP emphasis: balance optimality and feasibility.
MIP search method: dynamic search.
Parallel mode: deterministic, using up to 8 threads.
Root relaxation solution time = 0.12 sec. (15.81 ticks)

        Nodes                                         Cuts/
   Node  Left     Objective  IInf  Best Integer    Best Bound    ItCnt     Gap

*     0+    0                            0.0000     1224.0000              --- 
      0     0      408.0000   157        0.0000      408.0000      255     --- 
*     0+    0                          394.0000      408.0000             3.55%
      0     0      408.0000    17      394.0000      Cuts: 54      290    3.55%
      0     0      408.0000    17      394.0000      Cuts: 50      330    3.55%
*     0+    0                          396.8000      408.0000             2.82%
      0     0      408.0000    17      396.8000      Cuts: 34      372    2.82%
*     0+    0                          397.5000      408.0000             2.64%
      0     2      408.0000    16      397.5000      408.0000      372    2.64%
Elapsed time = 1.85 sec. (1255.49 ticks, tree = 0.00 MB, solutions = 4)
     14    16      408.0000    24      397.5000      408.0000      531    2.64%
    157   159      408.0000    28      397.5000      408.0000     3030    2.64%
    973   963        cutoff            397.5000      408.0000     8920    2.64%
   1546  1471      406.5835    17      397.5000      408.0000    17948    2.64%
   1757  1682      406.3814    18      397.5000      408.0000    20013    2.64%
   1765  1690      404.9891    17      397.5000      404.9891    21908    1.88%
   1768  1693      404.8464    16      397.5000      404.9891    21915    1.88%
   1772  1695      404.7038    16      397.5000      404.9891    21927    1.88%
   1777  1698      404.7038    16      397.5000      404.9891    21940    1.88%
   1865  1757      404.5611    16      397.5000      404.9891    22131    1.88%
Elapsed time = 10.53 sec. (7713.75 ticks, tree = 5.85 MB, solutions = 4)
   2071  1877      404.8464    16      397.5000      404.9891    22528    1.88%
   2645  2219      404.6080    16      397.5000      404.9891    24223    1.88%
   3536  2718      404.0659    15      397.5000      404.9891    32722    1.88%
   5148  3612      399.2193    19      397.5000      404.9891    45643    1.88%
   7913  6118      402.2943    16      397.5000      404.9891    60085    1.88%
  10606  8783      403.1010    16      397.5000      404.9891    81313    1.88%
  14135 12301      403.3707    17      397.5000      404.9782    94009    1.88%
  17289 15455      403.4136    16      397.5000      404.9782   107168    1.88%
  19763 17929      401.6593    15      397.5000      404.9782   120833    1.88%
  23156 21322      401.4578    15      397.5000      404.9782   135015    1.88%
Elapsed time = 30.71 sec. (17454.11 ticks, tree = 47.06 MB, solutions = 4)
  26036 24202      401.6725    14      397.5000      404.9782   146186    1.88%
  28370 26536      403.4049    19      397.5000      404.9782   157574    1.88%
  32263 30429      403.4136    16      397.5000      404.8464   170805    1.85%
  34412 32578      403.8117    16      397.5000      404.8464   176420    1.85%
  37526 35692      404.6936    16      397.5000      404.8464   189585    1.85%
  41007 39173      403.8973    16      397.5000      404.8464   201494    1.85%
  45628 43794      403.3001    16      397.5000      404.8464   217533    1.85%
  50159 48325      404.4945    16      397.5000      404.8464   232370    1.85%
  53690 51856      403.1010    16      397.5000      404.8464   243837    1.85%
  58098 56264      403.6127    16      397.5000      404.8464   257708    1.85%
Elapsed time = 73.09 sec. (37267.30 ticks, tree = 131.31 MB, solutions = 4)
  62752 60918      404.6936    16      397.5000      404.8464   271534    1.85%
  67045 65211      403.8117    16      397.5000      404.8464   283953    1.85%
  71661 69827      404.5225    16      397.5000      404.8464   295163    1.85%
  75733 73899      403.0868    16      397.5000      404.8464   307436    1.85%
  79979 78145      403.0895    16      397.5000      404.8464   321401    1.85%
  84718 82884      403.3001    16      397.5000      404.8464   332389    1.85%
  88976 87142      404.5225    16      397.5000      404.8464   345172    1.85%
  94242 92408      404.6080    16      397.5000      404.8464   360627    1.85%
  98572 96738      402.7537    15      397.5000      404.8464   372342    1.85%
 102550 100716      403.6127    16      397.5000      404.8464   382817    1.85%
Elapsed time = 95.50 sec. (46837.11 ticks, tree = 241.47 MB, solutions = 4)
 107538 105704      403.4136    16      397.5000      404.8464   397202    1.85%
 111981 110147      404.0108    16      397.5000      404.8464   411118    1.85%
 116495 114661      403.2145    16      397.5000      404.8464   428540    1.85%
 121201 119367      402.6059    16      397.5000      404.8464   440913    1.85%
 125846 124012      402.6875    16      397.5000      404.8464   451295    1.85%
 130372 128538      402.7029    16      397.5000      404.8464   465412    1.85%
 134542 132708      402.8164    16      397.5000      404.8464   477275    1.85%
 138987 137153      402.1789    17      397.5000      404.8464   490188    1.85%
 144093 142259      404.6936    16      397.5000      404.8464   503081    1.85%
 149030 147196      404.0108    25      397.5000      404.8464   517813    1.85%
Elapsed time = 119.25 sec. (56395.37 ticks, tree = 353.79 MB, solutions = 4)
 153379 151545      404.7038    16      397.5000      404.8464   529148    1.85%
 157364 155530      402.4182    16      397.5000      404.8464   546632    1.85%
 160850 159016      402.6452    15      397.5000      404.8464   565221    1.85%
 165808 163974      404.7038    16      397.5000      404.8464   582377    1.85%
 169399 167565      402.6080    16      397.5000      404.8464   600928    1.85%
 173468 171634      403.6107    16      397.5000      404.8464   617549    1.85%
 177187 175353      404.6080    16      397.5000      404.8464   635157    1.85%
 181520 179686      404.7038    16      397.5000      404.8464   652869    1.85%
 184992 183158      404.6080    16      397.5000      404.8464   671244    1.85%
 188441 186607      403.0107    16      397.5000      404.8464   693249    1.85%
Elapsed time = 156.86 sec. (66037.82 ticks, tree = 450.69 MB, solutions = 4)
 191433 189599      404.7038    16      397.5000      404.8464   716188    1.85%
 194596 192762      404.7038    16      397.5000      404.8464   739261    1.85%
 198203 196369      404.7038    16      397.5000      404.8464   758439    1.85%
 201576 199742      403.0154    16      397.5000      404.8464   779786    1.85%
 205831 203997      402.4057    16      397.5000      404.8464   800656    1.85%
 209071 207237      404.5611    16      397.5000      404.8464   819742    1.85%
 211742 209908      403.6127    16      397.5000      404.8464   838690    1.85%
 215228 213392      404.7038    16      397.5000      404.8464   860045    1.85%
 219015 217179      404.7038    16      397.5000      404.8464   879873    1.85%
 222555 220719      403.2145    16      397.5000      404.8464   902372    1.85%
Elapsed time = 199.04 sec. (75695.89 ticks, tree = 534.72 MB, solutions = 4)
 226707 224869      404.0108    16      397.5000      404.8464   922921    1.85%
 230065 228227      404.6080    16      397.5000      404.8464   944389    1.85%
 233321 231483      403.6107    16      397.5000      404.8464   965541    1.85%
 236800 234962      404.5611    16      397.5000      404.8464   985744    1.85%
 240008 238170      404.7038    39      397.5000      404.8464  1007862    1.85%
 243126 241288      404.7038    16      397.5000      404.8464  1030353    1.85%
 246425 244587      404.7038    16      397.5000      404.8464  1053983    1.85%
 249739 247901      404.7038    16      397.5000      404.8464  1074336    1.85%
 252825 250987      403.1289    16      397.5000      404.8464  1095337    1.85%
 256712 254874      404.7038    16      397.5000      404.8464  1118279    1.85%
Elapsed time = 241.69 sec. (85354.47 ticks, tree = 619.27 MB, solutions = 4)
 259910 258072      404.7038    16      397.5000      404.8464  1136956    1.85%
 263307 261469      403.8117    16      397.5000      404.8464  1158141    1.85%
 266470 264632      404.6080    16      397.5000      404.8464  1177632    1.85%
 269823 267985      404.7038    16      397.5000      404.8464  1201761    1.85%
 272932 271094      404.5611    16      397.5000      404.8464  1224170    1.85%
 276069 274231      404.7038    18      397.5000      404.8464  1254385    1.85%
 278772 276934      404.7038    16      397.5000      404.8464  1280988    1.85%
 282019 280181      403.0116    16      397.5000      404.8464  1301678    1.85%
 285226 283388      404.7038    16      397.5000      404.8464  1322494    1.85%
 288341 286503      404.5611    16      397.5000      404.8464  1345838    1.85%
Elapsed time = 285.70 sec. (95074.69 ticks, tree = 696.90 MB, solutions = 4)
 291943 290105      403.2145    29      397.5000      404.8464  1370824    1.85%
 295467 293629      404.6080    16      397.5000      404.8464  1396557    1.85%
 298310 296472      404.7034    16      397.5000      404.8464  1417099    1.85%
 301539 299701      404.7038    16      397.5000      404.8464  1436515    1.85%
 304344 302506      404.7038    17      397.5000      404.8464  1460452    1.85%
 307581 305743      404.7038    16      397.5000      404.8464  1481423    1.85%
 310862 309024      402.3226    16      397.5000      404.8464  1504207    1.85%
 313980 312142      403.8117    16      397.5000      404.8464  1526617    1.85%
 317234 315396      404.7038    16      397.5000      404.8464  1544972    1.85%
 329763 327925      403.0931    18      397.5000      404.8449  1611737    1.85%
Elapsed time = 344.37 sec. (107602.14 ticks, tree = 796.38 MB, solutions = 4)
 341368 339530      400.3216    16      397.5000      404.8432  1673829    1.85%
 350864 349026      402.4182    18      397.5000      404.7038  1761523    1.81%
 365390 363552      402.2086    16      397.5000      404.7038  1836657    1.81%
 377619 375779      402.2183    16      397.5000      404.7038  1899669    1.81%
