
<<< setup


<<< generate

Tried aggregator 2 times.
MIP Presolve eliminated 143574 rows and 140673 columns.
MIP Presolve modified 460 coefficients.
Aggregator did 13450 substitutions.
Reduced MIP has 997 rows, 1890 columns, and 4140 nonzeros.
Reduced MIP has 876 binaries, 114 generals, 0 SOSs, and 0 indicators.
Presolve time = 0,80 sec. (2982,43 ticks)
Found incumbent of value 0,000000 after 0,83 sec. (2993,18 ticks)
Probing time = 0,00 sec. (0,74 ticks)
Tried aggregator 1 time.
Reduced MIP has 997 rows, 1890 columns, and 4140 nonzeros.
Reduced MIP has 876 binaries, 114 generals, 0 SOSs, and 0 indicators.
Presolve time = 0,00 sec. (4,05 ticks)
Probing time = 0,00 sec. (0,74 ticks)
Clique table members: 71.
MIP emphasis: balance optimality and feasibility.
MIP search method: dynamic search.
Parallel mode: deterministic, using up to 8 threads.
Root relaxation solution time = 0,01 sec. (5,45 ticks)

        Nodes                                         Cuts/
   Node  Left     Objective  IInf  Best Integer    Best Bound    ItCnt     Gap

*     0+    0                            0,0000     1043,2000              --- 
*     0     0      integral     0      244,5000      244,5000      284    0,00%
Elapsed time = 0,86 sec. (3015,36 ticks, tree = 0,00 MB, solutions = 2)

Root node processing (before b&c):
  Real time             =    0,87 sec. (3020,53 ticks)
Parallel b&c, 8 threads:
  Real time             =    0,00 sec. (0,00 ticks)
  Sync time (average)   =    0,00 sec.
  Wait time (average)   =    0,00 sec.
                          ------------
Total (root+branch&cut) =    0,87 sec. (3020,53 ticks)

<<< solve


OBJECTIVE: 244.5

<<< post process


<<< done

