
<<< setup


<<< generate

Found incumbent of value 0,000000 after 0,05 sec. (56,23 ticks)
Tried aggregator 2 times.
MIP Presolve eliminated 2395904 rows and 1223224 columns.
MIP Presolve modified 8200 coefficients.
Aggregator did 8197 substitutions.
Reduced MIP has 21858 rows, 34148 columns, and 81956 nonzeros.
Reduced MIP has 6830 binaries, 0 generals, 0 SOSs, and 0 indicators.
Presolve time = 0,87 sec. (1503,21 ticks)
Probing time = 0,01 sec. (1,72 ticks)
Tried aggregator 1 time.
Reduced MIP has 21858 rows, 34148 columns, and 81956 nonzeros.
Reduced MIP has 6830 binaries, 0 generals, 0 SOSs, and 0 indicators.
Presolve time = 0,06 sec. (75,92 ticks)
Probing time = 0,01 sec. (1,72 ticks)
MIP emphasis: balance optimality and feasibility.
MIP search method: dynamic search.
Parallel mode: deterministic, using up to 8 threads.
Root relaxation solution time = 0,12 sec. (297,10 ticks)

        Nodes                                         Cuts/
   Node  Left     Objective  IInf  Best Integer    Best Bound    ItCnt     Gap

*     0+    0                            0,0000    10510,1693              --- 
*     0+    0                         1504,2753    10510,1693           598,69%
      0     0     2450,0000   369     1504,2753     2450,0000     1366   62,87%
*     0+    0                         2399,0271     2450,0000             2,12%
      0     0     2450,0000   372     2399,0271     Cuts: 938     2112    2,12%
      0     0     2450,0000   371     2399,0271     Cuts: 944     2859    2,12%
*     0+    0                         2399,8640     2450,0000             2,09%
      0     2     2450,0000   371     2399,8640     2450,0000     2859    2,09%
Elapsed time = 5,79 sec. (8065,57 ticks, tree = 0,00 MB, solutions = 4)
     10    12     2450,0000   369     2399,8640     2450,0000     4285    2,09%
     23    23        cutoff           2399,8640     2450,0000     8379    2,09%
     55    55     2450,0000   367     2399,8640     2450,0000     8413    2,09%
     59    57        cutoff           2399,8640     2450,0000    11310    2,09%
    133   123        cutoff           2399,8640     2450,0000    17950    2,09%
    141   127        cutoff           2399,8640     2450,0000    21233    2,09%
    689   661     2442,6488   370     2399,8640     2450,0000    24618    2,09%
    691   661        cutoff           2399,8640     2450,0000    26533    2,09%
    708   678     2450,0000   329     2399,8640     2450,0000    26552    2,09%
   1301  1263     2450,0000   312     2399,8640     2450,0000    33106    2,09%
Elapsed time = 18,15 sec. (19790,86 ticks, tree = 16,45 MB, solutions = 4)
*  1875+ 1835                         2403,4783     2450,0000             1,94%
   1875  1837     2449,7193   363     2403,4783     2450,0000    33691    1,94%
*  1876+ 1836                         2403,5225     2450,0000             1,93%
   1876  1838     2450,0000   349     2403,5225     2450,0000    33692    1,93%
*  1877+ 1837                         2403,6476     2450,0000             1,93%
*  1883+ 1229                         2405,0236     2437,5935             1,35%

Implied bound cuts applied:  5
Flow cuts applied:  3566
Mixed integer rounding cuts applied:  1287
Gomory fractional cuts applied:  1161

Root node processing (before b&c):
  Real time             =    5,94 sec. (8262,06 ticks)
Parallel b&c, 8 threads:
  Real time             =   28,98 sec. (25764,15 ticks)
  Sync time (average)   =    4,76 sec.
  Wait time (average)   =    4,93 sec.
                          ------------
Total (root+branch&cut) =   34,92 sec. (34026,21 ticks)

<<< solve


OBJECTIVE: 2405.024
avg_utility = 0.981642

<<< post process


<<< done

