
<<< setup


<<< generate

Found incumbent of value 0.000000 after 0.13 sec. (44.32 ticks)
Aggregator has done 102643 substitutions...
Aggregator has done 123700 substitutions...
Aggregator has done 143701 substitutions...
Aggregator has done 163701 substitutions...
Aggregator has done 182586 substitutions...
Aggregator has done 199402 substitutions...
Tried aggregator 26 times.
MIP Presolve eliminated 88306 rows and 654643 columns.
MIP Presolve modified 182869 coefficients.
Aggregator did 204306 substitutions.
Reduced MIP has 224452 rows, 623052 columns, and 1725437 nonzeros.
Reduced MIP has 60881 binaries, 17352 generals, 0 SOSs, and 0 indicators.
Presolve time = 400.16 sec. (63803.06 ticks)
Probing time = 0.50 sec. (27.00 ticks)
Tried aggregator 1 time.
Reduced MIP has 224452 rows, 623052 columns, and 1725437 nonzeros.
Reduced MIP has 60881 binaries, 17352 generals, 0 SOSs, and 0 indicators.
Presolve time = 3.60 sec. (735.18 ticks)
Probing time = 0.45 sec. (28.57 ticks)
Clique table members: 3033.
MIP emphasis: balance optimality and feasibility.
MIP search method: dynamic search.
Parallel mode: deterministic, using up to 8 threads.
Root relaxation solution time = 23.36 sec. (9768.60 ticks)

        Nodes                                         Cuts/
   Node  Left     Objective  IInf  Best Integer    Best Bound    ItCnt     Gap

*     0+    0                            0.0000   138288.0881              --- 
      0     0    31573.2624  5041        0.0000    31573.2624    18967     --- 
      0     0    30949.5102  5348        0.0000    Cuts: 9983    62412     --- 
      0     0    30275.8582  5891        0.0000    Cuts: 9941    89085     --- 
      0     0    29362.4403  6437        0.0000    Cuts: 9790   123386     --- 
*     0+    0                         7588.0348    29362.4403           286.96%
      0     0    28757.8589  6073     7588.0348    Cuts: 9994   151640  278.99%
      0     0    28251.3518  6993     7588.0348    Cuts: 9924   186268  272.31%
      0     0    28008.7475  5934     7588.0348    Cuts: 9816   230896  269.12%
      0     0    27814.5036  6282     7588.0348    Cuts: 9838   263506  266.56%

Implied bound cuts applied:  443
Flow cuts applied:  40767
Mixed integer rounding cuts applied:  29474
Flow path cuts applied:  2301
Gomory fractional cuts applied:  381

Root node processing (before b&c):
  Real time             = 7201.75 sec. (1699069.11 ticks)
Parallel b&c, 8 threads:
  Real time             =    0.00 sec. (0.00 ticks)
  Sync time (average)   =    0.00 sec.
  Wait time (average)   =    0.00 sec.
                          ------------
Total (root+branch&cut) = 7201.75 sec. (1699069.11 ticks)

<<< solve


OBJECTIVE: 7588.035
avg_utility = 0.23539

<<< post process


<<< done

