
<<< setup


<<< generate

Found incumbent of value 0.000000 after 0.02 sec. (7.50 ticks)
Tried aggregator 4 times.
MIP Presolve eliminated 344311 rows and 142259 columns.
Aggregator did 7180 substitutions.
Reduced MIP has 2156 rows, 5026 columns, and 11488 nonzeros.
Reduced MIP has 0 binaries, 0 generals, 0 SOSs, and 0 indicators.
Presolve time = 0.64 sec. (403.16 ticks)
Tried aggregator 2 times.
MIP Presolve eliminated 2101 rows and 4885 columns.
Aggregator did 13 substitutions.
Reduced MIP has 42 rows, 128 columns, and 261 nonzeros.
Reduced MIP has 0 binaries, 0 generals, 0 SOSs, and 0 indicators.
Presolve time = 0.03 sec. (11.19 ticks)
Tried aggregator 1 time.
Reduced MIP has 42 rows, 128 columns, and 261 nonzeros.
Reduced MIP has 0 binaries, 0 generals, 0 SOSs, and 0 indicators.
Presolve time = 0.02 sec. (4.46 ticks)
MIP emphasis: balance optimality and feasibility.
MIP search method: dynamic search.
Parallel mode: deterministic, using up to 8 threads.
Root relaxation solution time = 0.00 sec. (0.09 ticks)

        Nodes                                         Cuts/
   Node  Left     Objective  IInf  Best Integer    Best Bound    ItCnt     Gap

*     0+    0                            0.0000     5995.1278              --- 
*     0     0      integral     0     1180.6241     1180.6241       35    0.00%
Elapsed time = 0.72 sec. (435.10 ticks, tree = 0.00 MB, solutions = 1)

Root node processing (before b&c):
  Real time             =    0.74 sec. (440.52 ticks)
Parallel b&c, 8 threads:
  Real time             =    0.00 sec. (0.00 ticks)
  Sync time (average)   =    0.00 sec.
  Wait time (average)   =    0.00 sec.
                          ------------
Total (root+branch&cut) =    0.74 sec. (440.52 ticks)

<<< solve


OBJECTIVE: 1180.624
avg_utility = 0.722979

<<< post process


<<< done

