
<<< setup


<<< generate

Found incumbent of value 0,000000 after 0,01 sec. (7,59 ticks)
Tried aggregator 7 times.
MIP Presolve eliminated 50837 rows and 116323 columns.
MIP Presolve modified 30901 coefficients.
Aggregator did 32556 substitutions.
Reduced MIP has 40402 rows, 87882 columns, and 246755 nonzeros.
Reduced MIP has 18573 binaries, 3864 generals, 0 SOSs, and 0 indicators.
Presolve time = 2,88 sec. (2870,30 ticks)
Probing time = 0,03 sec. (4,74 ticks)
Tried aggregator 1 time.
Reduced MIP has 40402 rows, 87882 columns, and 246755 nonzeros.
Reduced MIP has 18573 binaries, 3864 generals, 0 SOSs, and 0 indicators.
Presolve time = 0,19 sec. (121,12 ticks)
Probing time = 0,03 sec. (5,08 ticks)
Clique table members: 1079.
MIP emphasis: balance optimality and feasibility.
MIP search method: dynamic search.
Parallel mode: deterministic, using up to 8 threads.
Root relaxation solution time = 0,83 sec. (1005,24 ticks)

        Nodes                                         Cuts/
   Node  Left     Objective  IInf  Best Integer    Best Bound    ItCnt     Gap

*     0+    0                            0,0000    18723,0000              --- 
      0     0     6241,0000  1332        0,0000     6241,0000     2654     --- 
*     0+    0                         4019,0000     6241,0000            55,29%
      0     0     5841,0400   845     4019,0000    Cuts: 3870    10880   45,34%
      0     0     5666,0945  1286     4019,0000    Cuts: 2552    13618   40,98%
      0     0     5471,0792  1405     4019,0000    Cuts: 3513    17727   36,13%
      0     0     5287,5093  1201     4019,0000    Cuts: 3111    20925   31,56%
      0     0     5192,1123  1428     4019,0000    Cuts: 2913    26881   29,19%
      0     0     5109,6025   834     4019,0000    Cuts: 3166    31315   27,14%
      0     0     5073,1247  1325     4019,0000    Cuts: 2452    33949   26,23%
      0     0     5041,4312  1236     4019,0000    Cuts: 2522    37462   25,44%
      0     0     4997,0765   878     4019,0000    Cuts: 2328    41879   24,34%
      0     0     4969,2141   873     4019,0000    Cuts: 1712    43476   23,64%
      0     0     4952,2999   634     4019,0000    Cuts: 1366    44813   23,22%
      0     0     4942,0304   511     4019,0000    Cuts: 1025    45750   22,97%
      0     0     4933,4151   417     4019,0000     Cuts: 793    46936   22,75%
*     0+    0                         4039,2000     4933,4151            22,14%
      0     0     4924,1614   375     4039,2000     Cuts: 539    48249   21,91%
      0     0     4917,2976   258     4039,2000     Cuts: 634    49347   21,74%
      0     0     4915,5938   294     4039,2000     Cuts: 313    49935   21,70%
      0     0     4915,0224   248     4039,2000     Cuts: 263    50216   21,68%
      0     0     4914,2446   192     4039,2000     Cuts: 233    50757   21,66%
      0     0     4913,4182   233     4039,2000     Cuts: 200    51127   21,64%
      0     0     4911,1469   289     4039,2000     Cuts: 193    51529   21,59%
      0     0     4910,4419   163     4039,2000     Cuts: 234    51757   21,57%
      0     0     4910,1560   203     4039,2000     Cuts: 113    52044   21,56%
Heuristic still looking.
Heuristic still looking.
Heuristic still looking.
*     0+    0                         4087,0000     4910,1560            20,14%
      0     2     4910,1560   203     4087,0000     4910,1560    52044   20,14%
Elapsed time = 144,91 sec. (100567,94 ticks, tree = 0,00 MB, solutions = 4)
      2     4     4909,3715   190     4087,0000     4910,1560    52102   20,14%
      3     5     4905,5656   238     4087,0000     4910,0683    52575   20,14%
      6     8     4909,2741   211     4087,0000     4910,0683    53322   20,14%
      7     9     4909,8187   188     4087,0000     4910,0683    54451   20,14%
      8    10     4905,4978   219     4087,0000     4910,0683    55809   20,14%
      9    11     4901,8996   213     4087,0000     4910,0683    55891   20,14%
     11    13     4909,6789   159     4087,0000     4909,7846    55982   20,13%
     14    16     4901,6898   201     4087,0000     4909,7846    57319   20,13%
     25    27     4904,9002   200     4087,0000     4909,7846    60217   20,13%
     45    47     4900,9051   164     4087,0000     4909,6788    63034   20,13%
Elapsed time = 170,83 sec. (110290,63 ticks, tree = 0,00 MB, solutions = 4)
     61    63     4891,3926   203     4087,0000     4909,6788    63492   20,13%
    255   257     4909,1753   141     4087,0000     4909,6788    68042   20,13%
    261   263     4909,4518   161     4087,0000     4909,6788    71682   20,13%
    393   395     4901,9206   179     4087,0000     4909,6788    75783   20,13%
    405   407     4904,4461   155     4087,0000     4909,6788    77333   20,13%
    627   629     4909,2634   136     4087,0000     4909,6788    80675   20,13%
    635   637     4909,2627   132     4087,0000     4909,6788    81237   20,13%
    675   677     4909,2623   123     4087,0000     4909,6788    82925   20,13%
    922   924     4904,4347   118     4087,0000     4909,6788    86372   20,13%
    938   940     4904,4347   116     4087,0000     4909,6788    86534   20,13%
Elapsed time = 232,87 sec. (126120,29 ticks, tree = 283,01 MB, solutions = 4)
   1118  1120     4909,2623   121     4087,0000     4909,6788    89112   20,13%
   1248  1250     4909,1774   126     4087,0000     4909,6788    89864   20,13%
   1280  1282     4909,1774   128     4087,0000     4909,6788    90537   20,13%
   1304  1306     4909,1669   168     4087,0000     4909,6788    90979   20,13%
   1671  1673     4904,4314   148     4087,0000     4909,6788    99978   20,13%
   2037  2039     4909,2414   161     4087,0000     4909,6788   108515   20,13%
   2069  2071     4909,2314   112     4087,0000     4909,6788   109699   20,13%
   2077  2079     4909,2071   132     4087,0000     4909,6788   111949   20,13%
   2245  2247     4904,4046   143     4087,0000     4909,6788   119293   20,13%
   2253  2255     4904,4249   154     4087,0000     4909,6788   120380   20,13%
Elapsed time = 312,85 sec. (146059,45 ticks, tree = 1130,93 MB, solutions = 4)
   2261  2263     4904,4061   145     4087,0000     4909,6788   121183   20,13%
   2407  2409     4909,2044   136     4087,0000     4909,6788   128148   20,13%
   2598  2600     4909,2266   119     4087,0000     4909,6788   130176   20,13%
   2638  2640     4909,2039   101     4087,0000     4909,6788   130983   20,13%
   2708  2710     4909,2040   115     4087,0000     4909,6788   135966   20,13%
   2829  2831     4904,3903   128     4087,0000     4909,6788   137373   20,13%
   2837  2839     4904,3899   130     4087,0000     4909,6788   138355   20,13%
   2854  2856     4899,2164   128     4087,0000     4909,6788   138760   20,13%
   2921  2923     4909,1594    98     4087,0000     4909,6788   141579   20,13%
   3086  3088     4908,8761   115     4087,0000     4909,6788   144124   20,13%
Elapsed time = 440,16 sec. (187192,54 ticks, tree = 1527,84 MB, solutions = 4)
   3101  3103     4908,0658   120     4087,0000     4909,6788   145305   20,13%
   3133  3135     4908,0658   120     4087,0000     4909,6788   146494   20,13%
   3165  3167     4908,0658   120     4087,0000     4909,6788   148012   20,13%
   3585  3587     4907,7000    22     4087,0000     4907,7000   202926   20,08%
   3602  3597     4907,7000    20     4087,0000     4907,7000   202990   20,08%
   3635  3620     4907,7000    12     4087,0000     4907,7000   204051   20,08%
   3667  3638     4907,7000    12     4087,0000     4907,7000   204256   20,08%
   3749  3686     4907,7000    14     4087,0000     4907,7000   204476   20,08%
   3828  3730     4907,7000    14     4087,0000     4907,7000   204649   20,08%
   3848  3742     4907,7000    14     4087,0000     4907,7000   205316   20,08%
Elapsed time = 561,77 sec. (244480,09 ticks, tree = 1996,74 MB, solutions = 4)
   3899  3772     4907,7000    14     4087,0000     4907,7000   205480   20,08%
   3903  3775     4907,6996    42     4087,0000     4907,7000   205532   20,08%
   3962  3809     4907,7000    14     4087,0000     4907,7000   205645   20,08%
   3974  3816     4907,2590    69     4087,0000     4907,7000   205723   20,08%
   4010  3835     4907,2587    72     4087,0000     4907,7000   205792   20,08%
   4082  3878     4907,2601    62     4087,0000     4907,7000   205912   20,08%
   4156  3919     4907,2601    57     4087,0000     4907,7000   206001   20,08%
   4222  3960     4907,2085    58     4087,0000     4907,7000   206078   20,08%
   4363  4037     4907,2600    18     4087,0000     4907,7000   206255   20,08%
   4440  4085     4907,7000    24     4087,0000     4907,7000   206430   20,08%
Elapsed time = 598,48 sec. (260375,60 ticks, tree = 1868,81 MB, solutions = 4)
   4519  4131     4907,6989    24     4087,0000     4907,7000   207671   20,08%
   4581  4170     4907,7000    16     4087,0000     4907,7000   209514   20,08%
   4582  4170     4907,7000    14     4087,0000     4907,7000   213933   20,08%
   4593  4177     4907,7000    14     4087,0000     4907,7000   218084   20,08%
   4598  4179     4907,6996    67     4087,0000     4907,7000   219779   20,08%
   4601  4180     4907,6999    35     4087,0000     4907,7000   219922   20,08%
   4611  4186     4907,6996    43     4087,0000     4907,7000   223030   20,08%
   4617  4189     4907,6998    59     4087,0000     4907,7000   223636   20,08%
   4621  4190     4907,7000    14     4087,0000     4907,7000   227098   20,08%
   4659  4211     4907,7000    20     4087,0000     4907,7000   234852   20,08%
Elapsed time = 653,69 sec. (279429,79 ticks, tree = 1821,12 MB, solutions = 4)
   4719  4244     4907,6880    38     4087,0000     4907,7000   236069   20,08%
   4724  4246     4907,7000     8     4087,0000     4907,7000   236159   20,08%
   4775  4278     4907,6867    39     4087,0000     4907,7000   245229   20,08%
   4867  4328     4906,9000    12     4087,0000     4907,7000   250962   20,08%
   4878  4331     4907,5673    34     4087,0000     4907,7000   254074   20,08%
   4927  4362     4907,7000    21     4087,0000     4907,7000   258355   20,08%
   4930  4363     4907,5600    14     4087,0000     4907,7000   261147   20,08%
   4951  4373     4905,2685    44     4087,0000     4907,7000   266775   20,08%
   4967  4383     4907,5468    45     4087,0000     4907,7000   267355   20,08%
   4975  4388     4907,5345    40     4087,0000     4907,7000   267683   20,08%
Elapsed time = 720,14 sec. (297862,10 ticks, tree = 1749,00 MB, solutions = 4)
   4976  4388     4907,5600    14     4087,0000     4907,7000   267689   20,08%
   4994  4398     4907,2600    12     4087,0000     4907,7000   268714   20,08%
   5019  4414     4907,5800    14     4087,0000     4907,7000   270918   20,08%
   5183  4507     4907,5533    34     4087,0000     4907,7000   274145   20,08%
   5202  4519     4907,5800    14     4087,0000     4907,7000   276518   20,08%
   5332  4594     4907,5800    16     4087,0000     4907,7000   285059   20,08%
   5451  4661     4907,5800    14     4087,0000     4907,7000   296752   20,08%
   5574  4728     4907,5800    10     4087,0000     4907,7000   305727   20,08%
   5577  4730     4907,5400    14     4087,0000     4907,7000   305736   20,08%
   5672  4785     4907,5582    64     4087,0000     4907,7000   315553   20,08%
Elapsed time = 824,67 sec. (328392,57 ticks, tree = 1595,07 MB, solutions = 4)
   5699  4799     4907,5314    14     4087,0000     4907,7000   317045   20,08%
   5832  4875     4907,5705    14     4087,0000     4907,7000   323485   20,08%
   5846  4881     4907,4723    24     4087,0000     4907,7000   327496   20,08%
   6088  5025     4907,5705    16     4087,0000     4907,7000   338433   20,08%
   6141  5059     4906,9644    14     4087,0000     4907,7000   339802   20,08%
   6173  5080     4906,9357    22     4087,0000     4907,7000   342477   20,08%
   6371  5196     4907,5400    14     4087,0000     4907,7000   352574   20,08%
   6402  5214     4907,5705    14     4087,0000     4907,7000   355409   20,08%
   6422  5229     4906,7765    55     4087,0000     4907,7000   358345   20,08%
   6643  5364     4907,4500    16     4087,0000     4907,7000   374714   20,08%
Elapsed time = 917,50 sec. (355820,55 ticks, tree = 1396,98 MB, solutions = 4)
   6848  5482     4906,9800    14     4087,0000     4907,7000   392071   20,08%
   6906  5516     4907,5546    18     4087,0000     4907,7000   402491   20,08%
   7261  5706     4907,2749    56     4087,0000     4907,7000   417273   20,08%
   7448  5803     4907,4400    10     4087,0000     4907,7000   428310   20,08%
   7522  5845     4903,8092    34     4087,0000     4907,7000   431668   20,08%
   7824  6033     4902,4238    42     4087,0000     4907,7000   448202   20,08%
   7872  6057     4901,5473    85     4087,0000     4907,7000   454954   20,08%
   8165  6216     4907,1429    32     4087,0000     4907,7000   477891   20,08%
   8306  6295     4906,8953    30     4087,0000     4907,7000   485040   20,08%
   8606  6470     4906,6233    26     4087,0000     4907,7000   504579   20,08%
Elapsed time = 1155,55 sec. (404985,85 ticks, tree = 952,92 MB, solutions = 4)
   8686  6512     4905,5016    30     4087,0000     4907,7000   519971   20,08%
   9042  6715     4904,9771    28     4087,0000     4907,7000   546449   20,08%
   9090  6744     4904,8543    14     4087,0000     4907,7000   553295   20,08%
   9350  6888     4901,5056    31     4087,0000     4907,7000   583487   20,08%
   9373  6900     4904,0967    12     4087,0000     4907,7000   592424   20,08%
   9498  6971     4906,5644    10     4087,0000     4907,7000   606951   20,08%
   9861  7174     4904,0267    12     4087,0000     4907,7000   617850   20,08%
  10221  7382     4900,0150     8     4087,0000     4907,7000   661083   20,08%
  10248  7400     4903,9734    20     4087,0000     4907,7000   670569   20,08%
  10492  7544     4902,5352    53     4087,0000     4907,7000   709140   20,08%
Elapsed time = 1466,18 sec. (458149,31 ticks, tree = 554,62 MB, solutions = 4)
  10507  7551     4903,9679    18     4087,0000     4907,7000   718538   20,08%
  10524  7560     4902,4369    22     4087,0000     4907,7000   721499   20,08%
  10806  7716     4903,5893    32     4087,0000     4907,7000   758119   20,08%
  10876  7761     4899,7336    54     4087,0000     4907,7000   775669   20,08%
  11112  7890     4903,4896    50     4087,0000     4907,7000   803496   20,08%
  11123  7896     4900,2567     8     4087,0000     4907,7000   805681   20,08%
  11416  8069     4900,1659    57     4087,0000     4907,7000   855508   20,08%
  11477  8104     4903,4124    38     4087,0000     4907,7000   869019   20,08%
  11501  8120     4903,4124    38     4087,0000     4907,7000   875346   20,08%
  11549  8145     4903,4123    36     4087,0000     4907,7000   884794   20,08%
Elapsed time = 1798,38 sec. (519368,13 ticks, tree = 322,78 MB, solutions = 4)
  11879  8332     4903,2351    38     4087,0000     4907,7000   916452   20,08%
  11910  8353     4891,9377    64     4087,0000     4907,7000   924786   20,08%
  11990  8407     4899,3340    44     4087,0000     4907,7000   935744   20,08%
  12057  8474     4898,7189    10     4087,0000     4907,7000   946468   20,08%
  12110  8527     4898,8997    46     4087,0000     4907,7000   958903   20,08%
  12398  8815     4898,5189    10     4087,0000     4907,7000   983288   20,08%
  12430  8847     4898,5189    10     4087,0000     4907,7000   992014   20,08%
  12480  8897     4903,4107    34     4087,0000     4907,7000  1004923   20,08%
  12496  8913     4902,9834    56     4087,0000     4907,7000  1012573   20,08%
  12953  9370     4898,2189    14     4087,0000     4907,7000  1075661   20,08%
Elapsed time = 2060,01 sec. (563161,43 ticks, tree = 270,63 MB, solutions = 4)
  12967  9384     4903,4103    18     4087,0000     4907,7000  1083701   20,08%
  13015  9432     4903,4093    14     4087,0000     4907,7000  1094829   20,08%
  13031  9448     4903,4093    13     4087,0000     4907,7000  1101567   20,08%
  13047  9464     4903,4058    18     4087,0000     4907,7000  1109786   20,08%
  13213  9630     4902,6000    12     4087,0000     4907,7000  1161848   20,08%
  13243  9660     4905,0665    18     4087,0000     4907,7000  1169835   20,08%
  13564  9981     4903,2916    44     4087,0000     4907,7000  1262333   20,08%
  13596 10013     4903,2813    42     4087,0000     4907,7000  1269575   20,08%
  13630 10047     4897,5194    37     4087,0000     4907,7000  1280379   20,08%
  13638 10055     4897,1354    39     4087,0000     4907,7000  1284069   20,08%
Elapsed time = 2434,68 sec. (628808,23 ticks, tree = 292,93 MB, solutions = 4)
  13717 10134     4901,9188    12     4087,0000     4907,7000  1308745   20,08%
  13883 10300     4891,8098    22     4087,0000     4907,7000  1349949   20,08%
  13884 10301     4898,2167    12     4087,0000     4907,7000  1349951   20,08%
  13953 10370     4896,9597    34     4087,0000     4907,7000  1364419   20,08%
* 13965+10371                         4904,8000     4907,7000             0,06%
  13997 10404     4900,4850    10     4904,8000     4907,7000  1381712    0,06%

Implied bound cuts applied:  270
Flow cuts applied:  15117
Mixed integer rounding cuts applied:  10445
Flow path cuts applied:  2155
Lift and project cuts applied:  9
Gomory fractional cuts applied:  356

Root node processing (before b&c):
  Real time             =  144,71 sec. (100486,15 ticks)
Parallel b&c, 8 threads:
  Real time             = 2476,00 sec. (560789,71 ticks)
  Sync time (average)   =  317,99 sec.
  Wait time (average)   =  321,50 sec.
                          ------------
Total (root+branch&cut) = 2620,70 sec. (661275,86 ticks)

<<< solve


OBJECTIVE: 4904.8
avg_utility = 0.7859

<<< post process


<<< done

