
<<< setup


<<< generate

Found incumbent of value 0,000000 after 0,01 sec. (6,02 ticks)
Tried aggregator 3 times.
MIP Presolve eliminated 88794 rows and 125643 columns.
MIP Presolve modified 3184 coefficients.
Aggregator did 35626 substitutions.
Reduced MIP has 5882 rows, 15612 columns, and 40988 nonzeros.
Reduced MIP has 5822 binaries, 2039 generals, 0 SOSs, and 0 indicators.
Presolve time = 0,97 sec. (977,35 ticks)
Probing time = 0,11 sec. (11,82 ticks)
Tried aggregator 1 time.
Reduced MIP has 5882 rows, 15612 columns, and 40988 nonzeros.
Reduced MIP has 5822 binaries, 2039 generals, 0 SOSs, and 0 indicators.
Presolve time = 0,04 sec. (24,10 ticks)
Probing time = 0,03 sec. (10,80 ticks)
Clique table members: 659.
MIP emphasis: balance optimality and feasibility.
MIP search method: dynamic search.
Parallel mode: deterministic, using up to 8 threads.
Root relaxation solution time = 0,08 sec. (94,25 ticks)

        Nodes                                         Cuts/
   Node  Left     Objective  IInf  Best Integer    Best Bound    ItCnt     Gap

*     0+    0                          822,0000     9604,6000              --- 
*     0+    0                         1734,2000     9604,6000           453,83%
      0     0     2304,5000    47     1734,2000     2304,5000     2143   32,89%
*     0+    0                         2065,6000     2304,5000            11,57%
      0     0     2304,5000    43     2065,6000      Cuts: 79     2255   11,57%
      0     0     2304,5000    43     2065,6000      Cuts: 87     2365   11,57%
      0     0     2304,5000    43     2065,6000      Cuts: 79     2475   11,57%
*     0+    0                         2300,6000     2304,5000             0,17%

Flow cuts applied:  189
Mixed integer rounding cuts applied:  33
Gomory fractional cuts applied:  10

Root node processing (before b&c):
  Real time             =    2,17 sec. (1708,91 ticks)
Parallel b&c, 8 threads:
  Real time             =    0,00 sec. (0,00 ticks)
  Sync time (average)   =    0,00 sec.
  Wait time (average)   =    0,00 sec.
                          ------------
Total (root+branch&cut) =    2,17 sec. (1708,91 ticks)

<<< solve


OBJECTIVE: 2300.6
avg_utility = 0.604625

<<< post process


<<< done

