
<<< setup


<<< generate

Found incumbent of value 0,000000 after 0,05 sec. (16,51 ticks)
Tried aggregator 6 times.
MIP Presolve eliminated 134237 rows and 408007 columns.
Aggregator did 115994 substitutions.
Reduced MIP has 1580 rows, 7840 columns, and 28205 nonzeros.
Reduced MIP has 0 binaries, 0 generals, 0 SOSs, and 0 indicators.
Presolve time = 7,16 sec. (3185,03 ticks)
Tried aggregator 1 time.
MIP Presolve eliminated 1335 rows and 6675 columns.
Reduced MIP has 245 rows, 1165 columns, and 4195 nonzeros.
Reduced MIP has 0 binaries, 0 generals, 0 SOSs, and 0 indicators.
Presolve time = 0,03 sec. (14,59 ticks)
Tried aggregator 1 time.
Reduced MIP has 245 rows, 1165 columns, and 4195 nonzeros.
Reduced MIP has 0 binaries, 0 generals, 0 SOSs, and 0 indicators.
Presolve time = 0,01 sec. (7,05 ticks)
MIP emphasis: balance optimality and feasibility.
MIP search method: dynamic search.
Parallel mode: deterministic, using up to 8 threads.
Root relaxation solution time = 0,01 sec. (3,63 ticks)

        Nodes                                         Cuts/
   Node  Left     Objective  IInf  Best Integer    Best Bound    ItCnt     Gap

*     0+    0                         1255,0000    19895,0000              --- 
*     0     0      integral     0     2757,3750     2757,3750      313    0,00%
Elapsed time = 7,32 sec. (3255,12 ticks, tree = 0,00 MB, solutions = 2)

Root node processing (before b&c):
  Real time             =    7,39 sec. (3277,74 ticks)
Parallel b&c, 8 threads:
  Real time             =    0,00 sec. (0,00 ticks)
  Sync time (average)   =    0,00 sec.
  Wait time (average)   =    0,00 sec.
                          ------------
Total (root+branch&cut) =    7,39 sec. (3277,74 ticks)

<<< solve


OBJECTIVE: 2757.375
avg_utility = 0.351482

<<< post process


<<< done

