
<<< setup


<<< generate

Tried aggregator 2 times.
MIP Presolve eliminated 136087 rows and 128496 columns.
MIP Presolve modified 2808 coefficients.
Aggregator did 15795 substitutions.
Reduced MIP has 6156 rows, 11739 columns, and 25714 nonzeros.
Reduced MIP has 4487 binaries, 1662 generals, 0 SOSs, and 0 indicators.
Presolve time = 0,96 sec. (2983,11 ticks)
Found incumbent of value 0,000000 after 0,98 sec. (2996,36 ticks)
Probing time = 0,01 sec. (2,41 ticks)
Tried aggregator 1 time.
Presolve time = 0,01 sec. (11,21 ticks)
Probing time = 0,01 sec. (2,41 ticks)
Clique table members: 282.
MIP emphasis: balance optimality and feasibility.
MIP search method: dynamic search.
Parallel mode: deterministic, using up to 24 threads.
Root relaxation solution time = 0,03 sec. (24,55 ticks)

        Nodes                                         Cuts/
   Node  Left     Objective  IInf  Best Integer    Best Bound    ItCnt     Gap

*     0+    0                            0,0000     7350,0000      596     --- 
      0     0     1268,5500     2        0,0000     1268,5500      596     --- 
*     0+    0                         1249,8000     1268,5500      596    1,50%
*     0+    0                         1268,4000     1268,5500      596    0,01%
      0     0        cutoff           1268,4000     1268,5500      596    0,01%
Elapsed time = 2,41 sec. (5012,40 ticks, tree = 0,00 MB, solutions = 3)

Root node processing (before b&c):
  Real time             =    1,40 sec. (1999,94 ticks)
Parallel b&c, 24 threads:
  Real time             =    0,00 sec. (0,00 ticks)
  Sync time (average)   =    0,00 sec.
  Wait time (average)   =    0,00 sec.
                          ------------
Total (root+branch&cut) =    1,40 sec. (1999,94 ticks)

<<< solve


OBJECTIVE: 1268.4
avg_utility = 0.5177142857142931

<<< post process


<<< done

