
<<< setup


<<< generate

Found incumbent of value 0,000000 after 0,04 sec. (31,98 ticks)
Aggregator has done 110997 substitutions...
Aggregator has done 146588 substitutions...
Aggregator has done 179146 substitutions...
Tried aggregator 15 times.
MIP Presolve eliminated 111330 rows and 642096 columns.
MIP Presolve modified 51095 coefficients.
Aggregator did 185499 substitutions.
Reduced MIP has 102516 rows, 232726 columns, and 722751 nonzeros.
Reduced MIP has 20000 binaries, 0 generals, 0 SOSs, and 0 indicators.
Presolve time = 47,18 sec. (32874,84 ticks)
Probing time = 0,24 sec. (8,77 ticks)
Tried aggregator 1 time.
Reduced MIP has 102516 rows, 232726 columns, and 722751 nonzeros.
Reduced MIP has 20000 binaries, 0 generals, 0 SOSs, and 0 indicators.
Presolve time = 0,76 sec. (372,17 ticks)
Probing time = 0,20 sec. (8,87 ticks)
MIP emphasis: balance optimality and feasibility.
MIP search method: dynamic search.
Parallel mode: deterministic, using up to 24 threads.
Root relaxation solution time = 15,48 sec. (7543,04 ticks)

        Nodes                                         Cuts/
   Node  Left     Objective  IInf  Best Integer    Best Bound    ItCnt     Gap

*     0+    0                            0,0000    44955,0000              --- 
      0     0    13716,8535  3022        0,0000    13716,8535     6447     --- 
      0     0    13448,8992  2771        0,0000    Cuts: 9265    37481     --- 
      0     0    12777,0371  3087        0,0000    Cuts: 8500    52984     --- 
      0     0    10891,4729  3136        0,0000    Cuts: 8954    66335     --- 
*     0+    0                         5441,4857    10891,4729           100,16%
*     0+    0                         5460,0857    10891,4729            99,47%
*     0+    0                         5479,7429    10891,4729            98,76%
*     0+    0                         5490,1429    10891,4729            98,38%
*     0+    0                         5494,3429    10891,4729            98,23%
      0     0     8401,4960  2488     5494,3429    Cuts: 9222   111640   52,91%
      0     0     7605,5745  2490     5494,3429    Cuts: 6532   153065   38,43%
      0     0     6733,9811   367     5494,3429    Cuts: 6359   194030   22,56%
*     0+    0                         6508,0167     6733,9811             3,47%
*     0+    0                         6528,2567     6733,9811             3,15%
*     0+    0                         6548,2933     6733,9811             2,84%
*     0+    0                         6549,4933     6733,9811             2,82%
*     0+    0                         6555,4214     6733,9811             2,72%
*     0+    0                         6555,6857     6733,9811             2,72%
      0     0     6656,9195   248     6555,6857    Cuts: 1140   214298    1,54%
      0     0     6651,5263   235     6555,6857    Cuts: 1468   235064    1,46%
      0     0     6648,9875   254     6555,6857    Cuts: 1190   259427    1,42%
*     0+    0                         6584,4500     6648,9875             0,98%

Implied bound cuts applied:  3548
Flow cuts applied:  38364
Mixed integer rounding cuts applied:  8939
Flow path cuts applied:  111
Gomory fractional cuts applied:  252

Root node processing (before b&c):
  Real time             =  878,83 sec. (672966,53 ticks)
Parallel b&c, 24 threads:
  Real time             =    0,00 sec. (0,00 ticks)
  Sync time (average)   =    0,00 sec.
  Wait time (average)   =    0,00 sec.
                          ------------
Total (root+branch&cut) =  878,83 sec. (672966,53 ticks)

<<< solve


OBJECTIVE: 6584.45
avg_utility = 0.405322

<<< post process


<<< done

