
<<< setup


<<< generate

Found incumbent of value 0,000000 after 0,01 sec. (4,59 ticks)
Tried aggregator 2 times.
MIP Presolve eliminated 20765 rows and 34581 columns.
MIP Presolve modified 2078 coefficients.
Aggregator did 2325 substitutions.
Reduced MIP has 37295 rows, 114775 columns, and 312705 nonzeros.
Reduced MIP has 5872 binaries, 2418 generals, 0 SOSs, and 0 indicators.
Presolve time = 0,28 sec. (189,44 ticks)
Probing time = 0,44 sec. (33,67 ticks)
Tried aggregator 1 time.
MIP Presolve eliminated 4766 rows and 12334 columns.
Reduced MIP has 32529 rows, 102441 columns, and 276137 nonzeros.
Reduced MIP has 5872 binaries, 2418 generals, 0 SOSs, and 0 indicators.
Presolve time = 0,28 sec. (158,71 ticks)
Probing time = 0,22 sec. (31,52 ticks)
Tried aggregator 1 time.
Reduced MIP has 32529 rows, 102441 columns, and 276137 nonzeros.
Reduced MIP has 5872 binaries, 2418 generals, 0 SOSs, and 0 indicators.
Presolve time = 0,21 sec. (129,87 ticks)
Probing time = 0,28 sec. (33,63 ticks)
Clique table members: 3362.
MIP emphasis: balance optimality and feasibility.
MIP search method: dynamic search.
Parallel mode: deterministic, using up to 24 threads.
Root relaxation solution time = 0,57 sec. (360,46 ticks)

        Nodes                                         Cuts/
   Node  Left     Objective  IInf  Best Integer    Best Bound    ItCnt     Gap

*     0+    0                            0,0000        3,0000              --- 
      0     0        0,9587   480        0,0000        0,9587     1087     --- 
*     0+    0                            0,2845        0,9587           236,92%
      0     0        0,8369   480        0,2845    Cuts: 1612     2458  194,13%
      0     0        0,6782   480        0,2845    Cuts: 1482     3254  138,36%
      0     0        0,5399   480        0,2845    Cuts: 1393     3760   89,74%
      0     0        0,3952   471        0,2845    Cuts: 1328     4239   38,88%
      0     0        cutoff              0,2845                   4595    0,00%
Elapsed time = 7,28 sec. (5173,51 ticks, tree = 0,00 MB, solutions = 2)

Cover cuts applied:  1
Implied bound cuts applied:  165
Flow cuts applied:  3097
Mixed integer rounding cuts applied:  3395
Gomory fractional cuts applied:  280

Root node processing (before b&c):
  Real time             =    7,29 sec. (5179,44 ticks)
Parallel b&c, 24 threads:
  Real time             =    0,00 sec. (0,00 ticks)
  Sync time (average)   =    0,00 sec.
  Wait time (average)   =    0,00 sec.
                          ------------
Total (root+branch&cut) =    7,29 sec. (5179,44 ticks)

<<< solve


OBJECTIVE: 0.2845419
avg_utility = 0.284542

<<< post process


<<< done

