
<<< setup


<<< generate

Presolve has eliminated 77669 rows and 103219 columns...
Tried aggregator 5 times.
MIP Presolve eliminated 213114 rows and 244089 columns.
MIP Presolve modified 15553 coefficients.
Aggregator did 38000 substitutions.
Reduced MIP has 23922 rows, 42940 columns, and 107240 nonzeros.
Reduced MIP has 9790 binaries, 0 generals, 0 SOSs, and 0 indicators.
Presolve time = 4,70 sec. (13260,21 ticks)
Found incumbent of value 0,000000 after 4,97 sec. (13522,31 ticks)
Probing time = 0,02 sec. (6,77 ticks)
Tried aggregator 4 times.
MIP Presolve eliminated 5225 rows and 6450 columns.
MIP Presolve modified 4450 coefficients.
Aggregator did 8900 substitutions.
Reduced MIP has 9797 rows, 27590 columns, and 67640 nonzeros.
Reduced MIP has 9790 binaries, 0 generals, 0 SOSs, and 0 indicators.
Presolve time = 0,40 sec. (405,03 ticks)
Probing time = 0,02 sec. (7,55 ticks)
Clique table members: 890.
MIP emphasis: balance optimality and feasibility.
MIP search method: dynamic search.
Parallel mode: deterministic, using up to 24 threads.
Root relaxation solution time = 0,24 sec. (317,94 ticks)

        Nodes                                         Cuts/
   Node  Left     Objective  IInf  Best Integer    Best Bound    ItCnt     Gap

*     0+    0                            0,0000     5696,0000       13     --- 
      0     0     1121,3750    59        0,0000     1121,3750       13     --- 
*     0+    0                         1121,2000     1121,3750      130    0,02%
      0     0     1121,3750    55     1121,2000      Cuts: 97      130    0,02%
      0     0     1121,3750    27     1121,2000      Cuts: 88      244    0,02%
      0     0     1121,3750    25     1121,2000      Cuts: 22      392    0,02%
*     0+    0                         1121,3000     1121,3750      392    0,01%
*     0     0      integral     0     1121,3000     1121,3750      392    0,01%
Elapsed time = 8,29 sec. (16819,13 ticks, tree = 0,00 MB, solutions = 3)

Implied bound cuts applied:  119
Flow cuts applied:  1
Mixed integer rounding cuts applied:  2
Gomory fractional cuts applied:  78

Root node processing (before b&c):
  Real time             =    2,66 sec. (1793,03 ticks)
Parallel b&c, 24 threads:
  Real time             =    0,00 sec. (0,00 ticks)
  Sync time (average)   =    0,00 sec.
  Wait time (average)   =    0,00 sec.
                          ------------
Total (root+branch&cut) =    2,66 sec. (1793,03 ticks)

<<< solve


OBJECTIVE: 1121.3

<<< post process


<<< done

