
<<< setup


<<< generate

Found incumbent of value 0,000000 after 0,03 sec. (29,98 ticks)
Aggregator has done 84023 substitutions...
Aggregator has done 112914 substitutions...
Tried aggregator 18 times.
MIP Presolve eliminated 88744 rows and 430583 columns.
MIP Presolve modified 82520 coefficients.
Aggregator did 136213 substitutions.
Reduced MIP has 155300 rows, 425365 columns, and 1148516 nonzeros.
Reduced MIP has 51230 binaries, 9036 generals, 0 SOSs, and 0 indicators.
Presolve time = 40,41 sec. (29154,06 ticks)
Probing time = 0,12 sec. (18,76 ticks)
Tried aggregator 1 time.
Reduced MIP has 155300 rows, 425365 columns, and 1148516 nonzeros.
Reduced MIP has 51230 binaries, 9036 generals, 0 SOSs, and 0 indicators.
Presolve time = 0,89 sec. (496,75 ticks)
Probing time = 0,11 sec. (19,89 ticks)
Clique table members: 2378.
MIP emphasis: balance optimality and feasibility.
MIP search method: dynamic search.
Parallel mode: deterministic, using up to 8 threads.
Root relaxation solution time = 5,12 sec. (6282,43 ticks)

        Nodes                                         Cuts/
   Node  Left     Objective  IInf  Best Integer    Best Bound    ItCnt     Gap

*     0+    0                            0,0000    46965,0000              --- 
      0     0    15655,0000  3469        0,0000    15655,0000     4940     --- 
      0     0    14861,5556  3242        0,0000    Cuts: 9649    45104     --- 
      0     0    14225,9617  3651        0,0000    Cuts: 8708    60637     --- 
      0     0    13531,8927  3747        0,0000    Cuts: 9801    68323     --- 
      0     0    12946,6364  3886        0,0000    Cuts: 9732    79900     --- 
      0     0    12392,6824  3027        0,0000    Cuts: 9880    95850     --- 
      0     0    12172,2912  4059        0,0000    Cuts: 9320   109164     --- 
      0     0    12037,4339  4517        0,0000    Cuts: 9176   121586     --- 
      0     0    11845,7237  3646        0,0000    Cuts: 9368   129774     --- 
      0     0    11725,9363  4418        0,0000    Cuts: 7757   137411     --- 
      0     0    11625,9891  3873        0,0000    Cuts: 8762   161673     --- 
      0     0    11553,6859  3948        0,0000    Cuts: 7757   186193     --- 
      0     0    11474,5544  3587        0,0000    Cuts: 7045   208180     --- 
      0     0    11409,3569  3012        0,0000    Cuts: 5381   223645     --- 
*     0+    0                         8913,2000    11409,3569            28,01%
      0     0    11359,9508  2975     8913,2000    Cuts: 4244   243219   27,45%
*     0+    0                         9068,8000    11359,9508            25,26%
      0     0    11304,1973  2679     9068,8000    Cuts: 3895   261923   24,65%
*     0+    0                         9071,2000    11304,1973            24,62%
      0     0    11274,1726  2761     9071,2000    Cuts: 3475   274372   24,29%
*     0+    0                         9071,4000    11274,1726            24,28%
      0     0    11254,0653  2363     9071,4000    Cuts: 3421   290926   24,06%
*     0+    0                         9218,2000    11254,0653            22,09%
      0     0    11236,9492  1856     9218,2000    Cuts: 3149   304898   21,90%
*     0+    0                         9218,6000    11236,9492            21,89%
      0     0    11218,1283  1450     9218,6000    Cuts: 2226   322627   21,69%
      0     0    11206,8717  1119     9218,6000    Cuts: 1688   334719   21,57%
*     0+    0                         9310,0000    11206,8717            20,37%
      0     0    11196,3268  1420     9310,0000    Cuts: 1391   350700   20,26%
      0     0    11187,6551   884     9310,0000    Cuts: 1393   363741   20,17%
*     0+    0                         9350,2000    11187,6551            19,65%
      0     0    11180,4469   719     9350,2000     Cuts: 905   376072   19,57%
*     0+    0                         9371,0000    11180,4469            19,31%
      0     0    11175,0142   540     9371,0000     Cuts: 920   388355   19,25%
      0     0    11171,4986   450     9371,0000     Cuts: 597   398114   19,21%
*     0+    0                         9372,2000    11171,4986            19,20%
      0     0    11169,6083   468     9372,2000     Cuts: 470   408722   19,18%
      0     0    11168,1824   292     9372,2000     Cuts: 537   414037   19,16%
      0     0    11167,1401   340     9372,2000     Cuts: 313   424574   19,15%
Heuristic still looking.
Heuristic still looking.
Heuristic still looking.
*     0+    0                         9413,0000    11167,1401            18,64%
      0     2    11167,1401   340     9413,0000    11167,1401   424574   18,64%
Elapsed time = 8349,11 sec. (5470700,18 ticks, tree = 0,00 MB, solutions = 12)
      1     3    11167,1381   339     9413,0000    11167,1401   425248   18,64%
      2     4    11167,1285   328     9413,0000    11167,1343   425689   18,64%
      3     5    11166,9659   390     9413,0000    11167,1343   429133   18,64%
      4     6    11166,9558   386     9413,0000    11167,1343   429241   18,64%
      5     7    11166,6368   327     9413,0000    11167,1285   429456   18,64%
      6     8    11166,4112   405     9413,0000    11167,1285   429754   18,64%
      7     9    11165,8159   456     9413,0000    11167,1285   436194   18,64%
      9    11    11165,5970   568     9413,0000    11167,1285   439116   18,64%
     10    12    11165,7432   399     9413,0000    11167,1285   439421   18,64%
     11    13    11166,6279   323     9413,0000    11167,0946   439843   18,63%
Elapsed time = 8551,02 sec. (5702107,19 ticks, tree = 0,00 MB, solutions = 12)
     14    16    11166,4500   322     9413,0000    11167,0946   449608   18,63%
     33    35    11166,6134   333     9413,0000    11167,0946   460881   18,63%
     34    36    11165,8621   407     9413,0000    11167,0946   460952   18,63%
     35    37    11164,8532   354     9413,0000    11167,0946   461217   18,63%
     37    39    11165,5299   558     9413,0000    11167,0946   461353   18,63%
     38    40    11165,0076   398     9413,0000    11167,0946   461705   18,63%
     39    41    11166,3528   425     9413,0000    11167,0946   462295   18,63%
     90    92    11165,7011   365     9413,0000    11167,0946   487031   18,63%
     94    96    11164,7701   429     9413,0000    11167,0946   496392   18,63%
     98   100    11149,7045   366     9413,0000    11167,0946   506391   18,63%
Elapsed time = 11111,52 sec. (6797571,05 ticks, tree = 0,00 MB, solutions = 12)
    101   103    11165,7816   306     9413,0000    11167,0946   517917   18,63%
    170   172    11165,7011   367     9413,0000    11167,0946   536589   18,63%
    171   173    11164,7388   323     9413,0000    11167,0946   536666   18,63%
    246   248    11164,2109   362     9413,0000    11167,0946   579556   18,63%
    250   252    11164,6766   422     9413,0000    11167,0946   582778   18,63%
    257   259    11149,2940   334     9413,0000    11167,0946   588890   18,63%
    265   267    11149,2752   326     9413,0000    11167,0946   590666   18,63%
    274   276    11164,6652   419     9413,0000    11167,0946   598966   18,63%
    282   284    11164,6042   461     9413,0000    11167,0946   607611   18,63%
    296   298    11148,0467   376     9413,0000    11167,0946   620367   18,63%
Elapsed time = 12983,29 sec. (7658532,53 ticks, tree = 100,90 MB, solutions = 12)
    308   310    11165,3860   418     9413,0000    11167,0946   635074   18,63%
    311   313    11155,2826   387     9413,0000    11167,0946   639396   18,63%
    339   341    11158,6446   297     9413,0000    11167,0946   653660   18,63%
    340   342    11163,8972   294     9413,0000    11167,0946   653791   18,63%
    342   344    11155,2973   354     9413,0000    11167,0946   653829   18,63%
    348   350    11160,5768   511     9413,0000    11167,0946   661317   18,63%
    356   358    11163,8930   288     9413,0000    11167,0946   665148   18,63%
    364   366    11163,8604   305     9413,0000    11167,0946   668146   18,63%
    372   374    11163,8809   255     9413,0000    11167,0946   677075   18,63%
    382   384    11155,2500   355     9413,0000    11167,0946   684865   18,63%
Elapsed time = 13747,93 sec. (7914810,98 ticks, tree = 197,27 MB, solutions = 12)
    390   392    11155,2279   353     9413,0000    11167,0946   686083   18,63%
    398   400    11155,2091   382     9413,0000    11167,0946   686965   18,63%
    400   402    11164,3233   408     9413,0000    11167,0946   689559   18,63%
    406   408    11154,9026   365     9413,0000    11167,0946   690502   18,63%
    408   410    11164,2866   407     9413,0000    11167,0946   692510   18,63%
    475   477    11116,3368   309     9413,0000    11167,0946   719502   18,63%
    477   479    11147,4083   336     9413,0000    11167,0946   719946   18,63%
    478   480    11163,4168   383     9413,0000    11167,0946   723463   18,63%
    486   488    11164,2610   417     9413,0000    11167,0946   731331   18,63%
    494   496    11163,1320   360     9413,0000    11167,0946   733964   18,63%
Elapsed time = 14219,60 sec. (8086884,47 ticks, tree = 464,04 MB, solutions = 12)
    502   504    11164,2588   423     9413,0000    11167,0946   740094   18,63%
    503   505    10935,7594   335     9413,0000    11167,0946   741957   18,63%
    510   512    11164,2548   412     9413,0000    11167,0946   743458   18,63%
    511   513    11144,9642   320     9413,0000    11167,0946   745869   18,63%
    517   519    11143,3774   354     9413,0000    11167,0946   775785   18,63%
    551   553    11110,2662   324     9413,0000    11167,0946   785820   18,63%
    616   618    11163,1880   230     9413,0000    11167,0946   814697   18,63%
    618   620    11154,2293   326     9413,0000    11167,0946   814985   18,63%
    619   621    11147,2928   313     9413,0000    11167,0946   819708   18,63%
    627   629    11147,2744   313     9413,0000    11167,0946   830140   18,63%
Elapsed time = 16198,97 sec. (8851962,46 ticks, tree = 818,29 MB, solutions = 12)
    633   635    11110,6374   336     9413,0000    11167,0946   845340   18,63%
    637   639    11138,6049   404     9413,0000    11167,0946   850221   18,63%
    645   647    10677,9423   429     9413,0000    11167,0946   855473   18,63%
    653   655    11137,5209   352     9413,0000    11167,0946   861176   18,63%
    661   663    11136,9490   293     9413,0000    11167,0946   872965   18,63%
    669   671    11136,9233   270     9413,0000    11167,0946   874512   18,63%
    677   679    11136,9151   261     9413,0000    11167,0946   877789   18,63%
    685   687    11136,8630   266     9413,0000    11167,0946   880602   18,63%
    693   695    10664,2705   287     9413,0000    11167,0946   885685   18,63%
    720   722    11147,1091   285     9413,0000    11167,0946   894971   18,63%
Elapsed time = 16892,65 sec. (9078175,21 ticks, tree = 818,29 MB, solutions = 12)
    835   837    11161,8974   205     9413,0000    11167,0946   924043   18,63%
    853   855    11153,2153   289     9413,0000    11167,0946   928357   18,63%
    859   861    11161,8974   200     9413,0000    11167,0946   928844   18,63%
    867   869    11161,8974   207     9413,0000    11167,0946   932239   18,63%
    875   877    11161,8974   200     9413,0000    11167,0946   938719   18,63%
    877   879    11151,8505   275     9413,0000    11167,0946   941654   18,63%
    885   887    11151,5294   302     9413,0000    11167,0946   944148   18,63%
    893   895    11151,8127   258     9413,0000    11167,0946   948000   18,63%
    909   911    11151,7037   255     9413,0000    11167,0946   950657   18,63%
    917   919    11151,7759   240     9413,0000    11167,0946   951105   18,63%
Elapsed time = 17908,88 sec. (9333355,38 ticks, tree = 1391,83 MB, solutions = 12)
    925   927    11151,3758   237     9413,0000    11167,0946   951526   18,63%
    933   935    11151,3507   249     9413,0000    11167,0946   951745   18,63%
    941   943    11150,2174   243     9413,0000    11167,0946   953248   18,63%
    949   951    11150,2068   252     9413,0000    11167,0946   953866   18,63%
    957   959    11150,2173   246     9413,0000    11167,0946   954331   18,63%
    973   975    11150,2138   262     9413,0000    11167,0946   958943   18,63%
    977   979    11157,7755   511     9413,0000    11167,0946   968826   18,63%
    985   987    11163,0641   322     9413,0000    11167,0946   970904   18,63%
    989   991    11150,2089   276     9413,0000    11167,0946   972709   18,63%
   1276  1278    11161,7803   286     9413,0000    11167,0946   995611   18,63%
Elapsed time = 18188,54 sec. (9461713,32 ticks, tree = 1391,83 MB, solutions = 12)
   1457  1459    11136,4738   256     9413,0000    11167,0946  1012683   18,63%
   1696  1698    11161,8895   200     9413,0000    11167,0946  1026279   18,63%
   1697  1699    11103,0813   255     9413,0000    11167,0946  1026284   18,63%
   1698  1700    11150,2094   261     9413,0000    11167,0946  1026325   18,63%
   1706  1708    11150,1174   248     9413,0000    11167,0946  1026493   18,63%
   1709  1711    11136,4738   256     9413,0000    11167,0946  1029364   18,63%
   1717  1719    11136,4729   252     9413,0000    11167,0946  1031860   18,63%
   1719  1721    11160,2598   277     9413,0000    11167,0946  1034581   18,63%
   1727  1729    11160,1006   274     9413,0000    11167,0946  1038658   18,63%
   1732  1734    11159,8506   365     9413,0000    11167,0946  1042293   18,63%
Elapsed time = 19852,49 sec. (9862599,80 ticks, tree = 3690,06 MB, solutions = 12)
Nodefile size = 1637,66 MB (814,95 MB after compression)
   1748  1750    11151,8869   453     9413,0000    11167,0946  1049558   18,63%
   1773  1775    11161,5397   195     9413,0000    11167,0946  1064427   18,63%
   1804  1806    11103,0662   286     9413,0000    11167,0946  1077097   18,63%
   1896  1898    11150,0332   266     9413,0000    11167,0946  1093401   18,63%
   1900  1902    11151,8723   311     9413,0000    11167,0946  1094415   18,63%
   1901  1903    11159,3791   254     9413,0000    11167,0946  1096524   18,63%
   1907  1909    11135,3766   324     9413,0000    11167,0946  1107141   18,63%
   1910  1912    11146,2185   223     9413,0000    11167,0946  1115024   18,63%
   1926  1928    11161,5273   194     9413,0000    11167,0946  1128453   18,63%
   1931  1933    11136,3760   251     9413,0000    11167,0946  1133591   18,63%
Elapsed time = 21445,39 sec. (10285423,33 ticks, tree = 4228,74 MB, solutions = 12)
Nodefile size = 2183,42 MB (1082,50 MB after compression)
   1939  1941    11136,3496   265     9413,0000    11167,0946  1135518   18,63%
   1942  1944    11161,5243   185     9413,0000    11167,0946  1135643   18,63%
   1947  1949    11136,1930   263     9413,0000    11167,0946  1139122   18,63%
   1954  1956    11149,8505   381     9413,0000    11167,0946  1143059   18,63%
   1962  1964    10940,8843   400     9413,0000    11167,0946  1146227   18,63%
   1970  1972    11149,8448   355     9413,0000    11167,0946  1147101   18,63%
   1971  1973    11135,1600   309     9413,0000    11167,0946  1149574   18,63%
   1990  1992    11161,3905   224     9413,0000    11167,0946  1153655   18,63%
   1998  2000    11161,3427   201     9413,0000    11167,0946  1154685   18,63%
   2006  2008    11160,5438   245     9413,0000    11167,0946  1162019   18,63%
Elapsed time = 22119,81 sec. (10483773,77 ticks, tree = 4228,74 MB, solutions = 12)
Nodefile size = 2183,42 MB (1082,50 MB after compression)
   2014  2016    11161,3351   182     9413,0000    11167,0946  1162217   18,63%
   2022  2024    11161,3347   202     9413,0000    11167,0946  1164800   18,63%
   2030  2032    11161,2217   191     9413,0000    11167,0946  1167306   18,63%
   2038  2040    11161,2122   193     9413,0000    11167,0946  1168342   18,63%
   2046  2048    11160,9250   216     9413,0000    11167,0946  1171744   18,63%
   2054  2056    11161,2084   179     9413,0000    11167,0946  1175505   18,63%
   2251  2253    11159,2651   231     9413,0000    11167,0946  1215411   18,63%
   2352  2354    11085,6133   313     9413,0000    11167,0946  1228665   18,63%
   2353  2355    11149,7756   275     9413,0000    11167,0946  1228708   18,63%
   2361  2363    11149,7738   274     9413,0000    11167,0946  1228831   18,63%
Elapsed time = 22416,46 sec. (10608981,28 ticks, tree = 5422,98 MB, solutions = 12)
Nodefile size = 3322,18 MB (1646,12 MB after compression)
   2368  2370    11085,6132   312     9413,0000    11167,0946  1229723   18,63%
   2440  2442    11146,9051   283     9413,0000    11167,0946  1234358   18,63%
   2475  2477    11161,2049   171     9413,0000    11167,0946  1237268   18,63%
   2708  2710    11161,2045   171     9413,0000    11167,0946  1270437   18,63%
   2715  2717    11159,1604   260     9413,0000    11167,0946  1270947   18,63%
   2718  2720    11149,6001   289     9413,0000    11167,0946  1271884   18,63%
   2726  2728    11149,6043   292     9413,0000    11167,0946  1272032   18,63%
   2734  2736    11149,5924   282     9413,0000    11167,0946  1272455   18,63%
   2764  2766    11160,7701   190     9413,0000    11167,0946  1274668   18,63%
   2770  2772    11137,4535   275     9413,0000    11167,0946  1275748   18,63%
Elapsed time = 25881,50 sec. (11509752,88 ticks, tree = 6371,63 MB, solutions = 12)
Nodefile size = 4323,74 MB (2131,98 MB after compression)
   2772  2774    11160,9251   242     9413,0000    11167,0946  1278956   18,63%
   2786  2788    11130,8925   326     9413,0000    11167,0946  1290583   18,63%
   2794  2796    11131,5429   270     9413,0000    11167,0946  1290614   18,63%
   2802  2804    11131,5430   276     9413,0000    11167,0946  1292602   18,63%
   2810  2812    11131,5349   274     9413,0000    11167,0946  1292801   18,63%
   2818  2820    11131,5427   272     9413,0000    11167,0946  1294223   18,63%
   2834  2836    11131,5252   288     9413,0000    11167,0946  1308077   18,63%
   2842  2844    11131,5426   273     9413,0000    11167,0946  1308821   18,63%
   2850  2852    11131,4637   282     9413,0000    11167,0946  1314989   18,63%
   2854  2856    11024,7246  1431     9413,0000    11167,0946  1342168   18,63%
Elapsed time = 27735,63 sec. (12089596,18 ticks, tree = 6371,63 MB, solutions = 12)
Nodefile size = 4323,74 MB (2131,98 MB after compression)
