
<<< setup


<<< generate

Aggregator has done 312900 substitutions...
Tried aggregator 11 times.
MIP Presolve eliminated 220411 rows and 1098761 columns.
MIP Presolve modified 18 coefficients.
Aggregator did 351242 substitutions.
Reduced MIP has 5351 rows, 31998 columns, and 110628 nonzeros.
Reduced MIP has 16428 binaries, 15570 generals, 0 SOSs, and 0 indicators.
Presolve time = 20,69 sec. (14912,25 ticks)
Found incumbent of value 2734,000000 after 20,78 sec. (15002,30 ticks)
Probing time = 0,01 sec. (9,30 ticks)
Tried aggregator 1 time.
Presolve time = 0,07 sec. (60,67 ticks)
Probing time = 0,01 sec. (9,30 ticks)
Clique table members: 2738.
MIP emphasis: balance optimality and feasibility.
MIP search method: dynamic search.
Parallel mode: deterministic, using up to 24 threads.
Root relaxation solution time = 0,26 sec. (207,46 ticks)

        Nodes                                         Cuts/
   Node  Left     Objective  IInf  Best Integer    Best Bound    ItCnt     Gap

*     0+    0                         2734,0000    80236,2000     2381     --- 
*     0+    0                         4196,4000    80236,2000     2381     --- 
      0     0     6472,8633    34     4196,4000     6472,8633     2381   54,25%
*     0+    0                         6470,8000     6472,8633     2381    0,03%

Root node processing (before b&c):
  Real time             =    0,56 sec. (358,61 ticks)
Parallel b&c, 24 threads:
  Real time             =    0,00 sec. (0,00 ticks)
  Sync time (average)   =    0,00 sec.
  Wait time (average)   =    0,00 sec.
                          ------------
Total (root+branch&cut) =    0,56 sec. (358,61 ticks)

<<< solve


OBJECTIVE: 6470.8
avg_utility = 0.2007321007569149

<<< post process


<<< done

