
<<< setup


<<< generate

Found incumbent of value 0,000000 after 0,02 sec. (23,56 ticks)
Aggregator has done 103247 substitutions...
Tried aggregator 11 times.
MIP Presolve eliminated 110825 rows and 475001 columns.
MIP Presolve modified 41861 coefficients.
Aggregator did 133007 substitutions.
Reduced MIP has 75120 rows, 164553 columns, and 495387 nonzeros.
Reduced MIP has 18000 binaries, 0 generals, 0 SOSs, and 0 indicators.
Presolve time = 19,90 sec. (16922,63 ticks)
Probing time = 0,52 sec. (105,65 ticks)
Tried aggregator 1 time.
Reduced MIP has 75120 rows, 164553 columns, and 495387 nonzeros.
Reduced MIP has 18000 binaries, 0 generals, 0 SOSs, and 0 indicators.
Presolve time = 0,39 sec. (266,85 ticks)
Probing time = 0,33 sec. (100,95 ticks)
Clique table members: 583.
MIP emphasis: balance optimality and feasibility.
MIP search method: dynamic search.
Parallel mode: deterministic, using up to 8 threads.
Root relaxation solution time = 7,75 sec. (3953,42 ticks)

        Nodes                                         Cuts/
   Node  Left     Objective  IInf  Best Integer    Best Bound    ItCnt     Gap

*     0+    0                            0,0000    44467,0000              --- 
*     0+    0                         5204,4667    44467,0000           754,40%
      0     0    10870,8782  1768     5204,4667    10870,8782    25626  108,88%
      0     0    10338,2085  1819     5204,4667    Cuts: 5078    53875   98,64%
      0     0     9422,4569  1610     5204,4667    Cuts: 5206    75166   81,05%
      0     0     8862,9525  1410     5204,4667    Cuts: 4046    88597   70,30%
*     0+    0                         6879,3214     8862,9525            28,83%
*     0+    0                         6904,9286     8862,9525            28,36%
      0     0     8310,6363   992     6904,9286    Cuts: 3508   109671   20,36%
      0     0     8049,6016   750     6904,9286    Cuts: 2632   114680   16,58%
      0     0     7933,8928  1108     6904,9286    Cuts: 2281   119126   14,90%
      0     0     7803,5601   481     6904,9286    Cuts: 3751   125873   13,01%
*     0+    0                         6990,8000     7803,5601            11,63%
      0     0     7704,3779   371     6990,8000    Cuts: 1682   129231   10,21%
      0     0     7646,6815   261     6990,8000    Cuts: 1152   133025    9,38%
      0     0     7532,9419   312     6990,8000     Cuts: 721   139275    7,76%
      0     0     7439,2836   210     6990,8000     Cuts: 667   141514    6,42%
      0     0     7417,0633   200     6990,8000    Cuts: 1037   143053    6,10%
      0     0     7412,5775   202     6990,8000     Cuts: 354   143588    6,03%
*     0+    0                         6991,6000     7412,5775             6,02%
      0     0     7406,7850   273     6991,6000    Cuts: 1013   144343    5,94%
      0     0     7361,6326   166     6991,6000     Cuts: 556   145052    5,29%
*     0+    0                         7175,1833     7361,6326             2,60%
*     0+    0                         7315,7000     7361,6326             0,63%

Cover cuts applied:  3
Implied bound cuts applied:  1924
Flow cuts applied:  24703
Mixed integer rounding cuts applied:  4586
Flow path cuts applied:  691
Gomory fractional cuts applied:  389

Root node processing (before b&c):
  Real time             =  546,69 sec. (403199,84 ticks)
Parallel b&c, 8 threads:
  Real time             =    0,00 sec. (0,00 ticks)
  Sync time (average)   =    0,00 sec.
  Wait time (average)   =    0,00 sec.
                          ------------
Total (root+branch&cut) =  546,69 sec. (403199,84 ticks)

<<< solve


OBJECTIVE: 7315.7
avg_utility = 0.454025

<<< post process


<<< done

