
<<< setup


<<< generate

Found incumbent of value 0,000000 after 0,02 sec. (24,27 ticks)
Tried aggregator 6 times.
MIP Presolve eliminated 185536 rows and 568609 columns.
MIP Presolve modified 6586 coefficients.
Aggregator did 167901 substitutions.
Reduced MIP has 17726 rows, 43971 columns, and 143983 nonzeros.
Reduced MIP has 3600 binaries, 0 generals, 0 SOSs, and 0 indicators.
Presolve time = 7,89 sec. (6874,83 ticks)
Probing time = 0,01 sec. (1,81 ticks)
Tried aggregator 1 time.
Reduced MIP has 17726 rows, 43971 columns, and 143983 nonzeros.
Reduced MIP has 3600 binaries, 0 generals, 0 SOSs, and 0 indicators.
Presolve time = 0,07 sec. (66,50 ticks)
Probing time = 0,01 sec. (1,89 ticks)
MIP emphasis: balance optimality and feasibility.
MIP search method: dynamic search.
Parallel mode: deterministic, using up to 8 threads.
Root relaxation solution time = 1,25 sec. (857,33 ticks)

        Nodes                                         Cuts/
   Node  Left     Objective  IInf  Best Integer    Best Bound    ItCnt     Gap

*     0+    0                         3083,0000    39822,4000              --- 
*     0+    0                         4712,8167    39822,4000           744,98%
      0     0    11623,0688   620     4712,8167    11623,0688       53  146,63%
*     0+    0                         8286,2833    11623,0688            40,27%
      0     0     9967,3006   712     8286,2833    Cuts: 2068     2893   20,29%
      0     0     8733,2892   606     8286,2833    Cuts: 2336     6526    5,39%
      0     0     8322,1488   157     8286,2833    Cuts: 1766     7700    0,43%

Implied bound cuts applied:  596
Flow cuts applied:  4058
Mixed integer rounding cuts applied:  1096
Gomory fractional cuts applied:  117

Root node processing (before b&c):
  Real time             =   13,02 sec. (12525,85 ticks)
Parallel b&c, 8 threads:
  Real time             =    0,00 sec. (0,00 ticks)
  Sync time (average)   =    0,00 sec.
  Wait time (average)   =    0,00 sec.
                          ------------
Total (root+branch&cut) =   13,02 sec. (12525,85 ticks)

<<< solve


OBJECTIVE: 8286.283
avg_utility = 0.513528

<<< post process


<<< done

