
<<< setup


<<< generate

Found incumbent of value 0,000000 after 0,04 sec. (43,79 ticks)
Tried aggregator 2 times.
MIP Presolve eliminated 319721 rows and 336650 columns.
MIP Presolve modified 22456 coefficients.
Aggregator did 65335 substitutions.
Reduced MIP has 333475 rows, 995320 columns, and 2752426 nonzeros.
Reduced MIP has 8986 binaries, 0 generals, 0 SOSs, and 0 indicators.
Presolve time = 3,58 sec. (4321,48 ticks)
Probing time = 0,20 sec. (33,73 ticks)
Tried aggregator 1 time.
MIP Presolve eliminated 15488 rows and 40497 columns.
MIP Presolve modified 1518 coefficients.
Reduced MIP has 317734 rows, 954823 columns, and 2631504 nonzeros.
Reduced MIP has 8986 binaries, 0 generals, 0 SOSs, and 0 indicators.
Presolve time = 2,75 sec. (1265,92 ticks)
Probing time = 0,20 sec. (33,21 ticks)
MIP emphasis: balance optimality and feasibility.
MIP search method: dynamic search.
Parallel mode: deterministic, using up to 8 threads.
Root relaxation solution time = 4,18 sec. (1286,85 ticks)

        Nodes                                         Cuts/
   Node  Left     Objective  IInf  Best Integer    Best Bound    ItCnt     Gap

*     0+    0                            0,0000    73789,9679              --- 
      0     0    17201,0000  3974        0,0000    17201,0000     8309     --- 
      0     0    16903,8509  2302        0,0000    Cuts: 9961   654408     --- 
      0     0    16740,2044  3112        0,0000    Cuts: 8498   773149     --- 
      0     0    16491,2678  2898        0,0000    Cuts: 9860  1288396     --- 
*     0+    0                         6925,9657    16491,2678           138,11%
*     0+    0                         7125,3602    16491,2678           131,44%
*     0+    0                         9866,8708    16491,2678            67,14%
*     0+    0                         9893,4423    16491,2678            66,69%
*     0+    0                         9894,4501    16491,2678            66,67%
      0     0    16350,0809  2515     9894,4501    Cuts: 9964  1372619   65,24%
      0     0    16210,6599  2740     9894,4501    Cuts: 9914  2422314   63,84%
*     0+    0                        11951,7528    16210,6599            35,63%
      0     0    16123,0929  2617    11951,7528    Cuts: 9901  2558294   34,90%
*     0+    0                        12032,1963    16123,0929            34,00%
*     0+    0                        13163,3883    16123,0929            22,48%
      0     0    16050,4575  2407    13163,3883    Cuts: 9722  3051165   21,93%
      0     0    16011,0919  2456    13163,3883    Cuts: 9216  3139117   21,63%
      0     0    15982,8418  2467    13163,3883    Cuts: 9491  3260587   21,42%
