
<<< setup


<<< generate

Found incumbent of value 0.000000 after 0.02 sec. (6.60 ticks)
Tried aggregator 2 times.
MIP Presolve eliminated 237741 rows and 132854 columns.
MIP Presolve modified 4552 coefficients.
Aggregator did 4537 substitutions.
Reduced MIP has 12103 rows, 18898 columns, and 49136 nonzeros.
Reduced MIP has 3780 binaries, 0 generals, 0 SOSs, and 0 indicators.
Presolve time = 0.42 sec. (204.83 ticks)
Probing time = 0.01 sec. (1.02 ticks)
Tried aggregator 1 time.
Reduced MIP has 12103 rows, 18898 columns, and 49136 nonzeros.
Reduced MIP has 3780 binaries, 0 generals, 0 SOSs, and 0 indicators.
Presolve time = 0.07 sec. (28.13 ticks)
Probing time = 0.02 sec. (1.02 ticks)
MIP emphasis: balance optimality and feasibility.
MIP search method: dynamic search.
Parallel mode: deterministic, using up to 8 threads.
Root relaxation solution time = 0.09 sec. (51.49 ticks)

        Nodes                                         Cuts/
   Node  Left     Objective  IInf  Best Integer    Best Bound    ItCnt     Gap

*     0+    0                            0.0000     7005.3495              --- 
      0     0     1633.0000   722        0.0000     1633.0000     1512     --- 
*     0+    0                         1378.8886     1633.0000            18.43%
      0     0     1604.4797   573     1378.8886    Cuts: 1353     2646   16.36%
      0     0     1575.9729   505     1378.8886    Cuts: 1346     3971   14.29%
      0     0     1550.3189   492     1378.8886    Cuts: 1008     4905   12.43%
*     0+    0                         1452.0961     1550.3189             6.76%
      0     0     1509.6962   401     1452.0961     Cuts: 978     7617    3.97%
      0     0     1504.4135   290     1452.0961     Cuts: 798     8780    3.60%
      0     0     1487.5901    53     1452.0961     Cuts: 578    10178    2.44%
*     0+    0                         1481.5140     1487.5901             0.41%

Implied bound cuts applied:  1
Flow cuts applied:  4194
Mixed integer rounding cuts applied:  1486
Gomory fractional cuts applied:  379

Root node processing (before b&c):
  Real time             =    5.39 sec. (3847.15 ticks)
Parallel b&c, 8 threads:
  Real time             =    0.00 sec. (0.00 ticks)
  Sync time (average)   =    0.00 sec.
  Wait time (average)   =    0.00 sec.
                          ------------
Total (root+branch&cut) =    5.39 sec. (3847.15 ticks)

<<< solve


OBJECTIVE: 1481.514
avg_utility = 0.907235

<<< post process


<<< done

