
<<< setup


<<< generate

Found incumbent of value 0,000000 after 0,07 sec. (23,01 ticks)
Aggregator has done 80794 substitutions...
Tried aggregator 15 times.
MIP Presolve eliminated 42244 rows and 330251 columns.
MIP Presolve modified 51343 coefficients.
Aggregator did 108942 substitutions.
Reduced MIP has 115471 rows, 330968 columns, and 891358 nonzeros.
Reduced MIP has 31473 binaries, 9240 generals, 0 SOSs, and 0 indicators.
Presolve time = 79,53 sec. (18759,53 ticks)
Probing time = 0,26 sec. (14,01 ticks)
Tried aggregator 1 time.
Reduced MIP has 115471 rows, 330968 columns, and 891358 nonzeros.
Reduced MIP has 31473 binaries, 9240 generals, 0 SOSs, and 0 indicators.
Presolve time = 1,67 sec. (379,69 ticks)
Probing time = 0,34 sec. (14,80 ticks)
Clique table members: 1544.
MIP emphasis: balance optimality and feasibility.
MIP search method: dynamic search.
Parallel mode: deterministic, using up to 8 threads.
Root relaxation solution time = 6,70 sec. (3324,58 ticks)

        Nodes                                         Cuts/
   Node  Left     Objective  IInf  Best Integer    Best Bound    ItCnt     Gap

*     0+    0                            0,0000    69208,3920              --- 
      0     0    16133,0000  2815        0,0000    16133,0000     2990     --- 
      0     0    15827,2888  2447        0,0000    Cuts: 8540    29794     --- 
      0     0    15564,8888  3120        0,0000    Cuts: 6812    68750     --- 
      0     0    15247,6453  3224        0,0000    Cuts: 8430    79470     --- 
      0     0    14969,2684  3109        0,0000    Cuts: 8206    93321     --- 
      0     0    14760,4397  3009        0,0000    Cuts: 7930   106988     --- 
      0     0    14601,2505  3310        0,0000    Cuts: 8429   121308     --- 
*     0+    0                        10081,9623    14601,2505            44,83%
      0     0    14545,7810  3741    10081,9623    Cuts: 6825   134378   44,28%
*     0+    0                        10621,9770    14545,7810            36,94%
      0     0    14467,5185  3409    10621,9770    Cuts: 7826   148144   36,20%
*     0+    0                        10637,1937    14467,5185            36,01%
      0     0    14406,2473  4061    10637,1937    Cuts: 7554   166377   35,43%
      0     0    14334,3884  3255    10637,1937    Cuts: 7790   185831   34,76%
*     0+    0                        10914,0882    14334,3884            31,34%
      0     0    14284,8525  3017    10914,0882    Cuts: 6024   202275   30,88%
      0     0    14237,3486  3163    10914,0882    Cuts: 5427   227106   30,45%
      0     0    14203,1750  2769    10914,0882    Cuts: 5237   243255   30,14%
*     0+    0                        10973,3138    14203,1750            29,43%
      0     0    14172,0661  2401    10973,3138    Cuts: 4736   272406   29,15%
      0     0    14155,9277  2267    10973,3138    Cuts: 4037   286288   29,00%
*     0+    0                        10990,2438    14155,9277            28,80%
      0     0    14142,7264  1989    10990,2438    Cuts: 3572   299578   28,68%
*     0+    0                        10990,3094    14142,7264            28,68%
      0     0    14128,6638  1832    10990,3094    Cuts: 2769   320467   28,56%
      0     0    14118,8197  1732    10990,3094    Cuts: 2596   334394   28,47%
      0     0    14112,4690  1661    10990,3094    Cuts: 2273   351544   28,41%
*     0+    0                        11077,7848    14112,4690            27,39%
      0     0    14106,3894  1442    11077,7848    Cuts: 2047   366538   27,34%
      0     0    14101,2871  1207    11077,7848    Cuts: 1842   383613   27,29%
*     0+    0                        11079,0496    14101,2871            27,28%
      0     0    14097,8426  1361    11079,0496    Cuts: 1434   399167   27,25%
      0     0    14094,1501  1174    11079,0496    Cuts: 1470   408411   27,21%
      0     0    14091,4602   936    11079,0496    Cuts: 1270   417379   27,19%
*     0+    0                        11096,5753    14091,4602            26,99%
      0     0    14089,3427   874    11096,5753    Cuts: 1147   432474   26,97%
*     0+    0                        11097,4971    14089,3427            26,96%
      0     0    14087,5918   677    11097,4971     Cuts: 882   455514   26,94%
      0     0    14086,8271   647    11097,4971     Cuts: 622   464420   26,94%
      0     0    14086,3582   709    11097,4971     Cuts: 486   467914   26,93%
      0     0    14085,9242   635    11097,4971     Cuts: 599   481615   26,93%
      0     0    14085,5893   608    11097,4971     Cuts: 451   486267   26,93%
Heuristic still looking.
Heuristic still looking.
Heuristic still looking.
*     0+    0                        11109,2730    14085,5893            26,79%
      0     2    14085,5893   608    11109,2730    14085,5893   486267   26,79%
Elapsed time = 14795,32 sec. (4108745,01 ticks, tree = 0,00 MB, solutions = 13)
      1     3    14085,4075   633    11109,2730    14085,5893   491887   26,79%
      2     4    14085,3779   539    11109,2730    14085,5893   492561   26,79%
      3     5    14085,3232   530    11109,2730    14085,4061   492820   26,79%
      4     6    14085,3627   612    11109,2730    14085,4061   497014   26,79%
      6     8    14085,3593   607    11109,2730    14085,4061   500458   26,79%
      8    10    14085,1646   519    11109,2730    14085,3774   501553   26,79%
      9    11    14085,1440   581    11109,2730    14085,3774   506296   26,79%
     12    14    14085,0811   569    11109,2730    14085,3774   511266   26,79%
     13    15    14085,1509   542    11109,2730    14085,3774   511800   26,79%
     16    18    14084,9709   596    11109,2730    14085,3774   514375   26,79%
Elapsed time = 15641,89 sec. (4393590,44 ticks, tree = 0,00 MB, solutions = 13)
     17    19    14085,1795   527    11109,2730    14085,3774   525313   26,79%
     30    32    14085,0801   518    11109,2730    14085,3774   551046   26,79%
     31    33    14085,0045   554    11109,2730    14085,3774   559947   26,79%
     37    39    14084,9285   596    11109,2730    14085,3774   570444   26,79%
     94    96    14083,5048   477    11109,2730    14085,3774   605319   26,79%
     95    97    14084,4771   520    11109,2730    14085,3774   612194   26,79%
     98   100    14084,9141   560    11109,2730    14085,3774   618661   26,79%
    103   105    14084,3606   518    11109,2730    14085,3774   625500   26,79%
    106   108    14084,0276   545    11109,2730    14085,3774   645962   26,79%
    162   164    14083,6292   432    11109,2730    14085,3774   738096   26,79%
Elapsed time = 19852,20 sec. (4988996,92 ticks, tree = 0,00 MB, solutions = 13)
    167   169    14083,3625   505    11109,2730    14085,3774   746250   26,79%
    171   173    14083,8480   556    11109,2730    14085,3774   768867   26,79%
    175   177    14083,4858   493    11109,2730    14085,3774   780917   26,79%
    179   181    14083,9342   576    11109,2730    14085,3774   810084   26,79%
    183   185    14083,4132   513    11109,2730    14085,3774   815517   26,79%
    191   193    14083,0003   474    11109,2730    14085,3774   843362   26,79%
    261   263    14082,9616   488    11109,2730    14085,3774   945347   26,79%
    264   266    14083,3616   428    11109,2730    14085,3774   960905   26,79%
    269   271    14082,9485   459    11109,2730    14085,3774   982400   26,79%
    272   274    14082,8740   426    11109,2730    14085,3774  1012709   26,79%
Elapsed time = 26532,86 sec. (5472099,89 ticks, tree = 5,26 MB, solutions = 13)
    275   277    14074,8473   418    11109,2730    14085,3774  1014772   26,79%
