
<<< setup


<<< generate

Found incumbent of value 0,000000 after 0,03 sec. (13,69 ticks)
Tried aggregator 5 times.
MIP Presolve eliminated 358663 rows and 256427 columns.
MIP Presolve modified 11777 coefficients.
Aggregator did 92369 substitutions.
Reduced MIP has 1005 rows, 4965 columns, and 17925 nonzeros.
Reduced MIP has 0 binaries, 0 generals, 0 SOSs, and 0 indicators.
Presolve time = 3,31 sec. (2842,18 ticks)
Tried aggregator 1 time.
MIP Presolve eliminated 840 rows and 4200 columns.
Reduced MIP has 165 rows, 765 columns, and 2735 nonzeros.
Reduced MIP has 0 binaries, 0 generals, 0 SOSs, and 0 indicators.
Presolve time = 0,02 sec. (11,72 ticks)
Tried aggregator 1 time.
Reduced MIP has 165 rows, 765 columns, and 2735 nonzeros.
Reduced MIP has 0 binaries, 0 generals, 0 SOSs, and 0 indicators.
Presolve time = 0,01 sec. (6,98 ticks)
MIP emphasis: balance optimality and feasibility.
MIP search method: dynamic search.
Parallel mode: deterministic, using up to 24 threads.
Root relaxation solution time = 0,00 sec. (2,72 ticks)

        Nodes                                         Cuts/
   Node  Left     Objective  IInf  Best Integer    Best Bound    ItCnt     Gap

*     0+    0                          822,0000     9604,6000              --- 
*     0     0      integral     0     2000,5250     2000,5250      327    0,00%
Elapsed time = 3,38 sec. (2898,32 ticks, tree = 0,00 MB, solutions = 2)

Root node processing (before b&c):
  Real time             =    3,40 sec. (2913,46 ticks)
Parallel b&c, 24 threads:
  Real time             =    0,00 sec. (0,00 ticks)
  Sync time (average)   =    0,00 sec.
  Wait time (average)   =    0,00 sec.
                          ------------
Total (root+branch&cut) =    3,40 sec. (2913,46 ticks)

<<< solve


OBJECTIVE: 2000.525
avg_utility = 0.525762

<<< post process


<<< done

