
<<< setup


<<< generate

Found incumbent of value 0,000000 after 0,02 sec. (16,51 ticks)
Tried aggregator 8 times.
MIP Presolve eliminated 111547 rows and 326699 columns.
MIP Presolve modified 27373 coefficients.
Aggregator did 84111 substitutions.
Reduced MIP has 56093 rows, 121031 columns, and 366046 nonzeros.
Reduced MIP has 13740 binaries, 0 generals, 0 SOSs, and 0 indicators.
Presolve time = 8,98 sec. (8817,78 ticks)
Probing time = 0,03 sec. (5,13 ticks)
Tried aggregator 1 time.
MIP Presolve modified 492 coefficients.
Reduced MIP has 56093 rows, 121031 columns, and 366046 nonzeros.
Reduced MIP has 13740 binaries, 0 generals, 0 SOSs, and 0 indicators.
Presolve time = 0,28 sec. (225,93 ticks)
Probing time = 0,03 sec. (5,41 ticks)
MIP emphasis: balance optimality and feasibility.
MIP search method: dynamic search.
Parallel mode: deterministic, using up to 8 threads.
Root relaxation solution time = 2,06 sec. (1580,84 ticks)

        Nodes                                         Cuts/
   Node  Left     Objective  IInf  Best Integer    Best Bound    ItCnt     Gap

*     0+    0                            0,0000    22045,0000              --- 
      0     0     7863,0000  1528        0,0000     7863,0000     4075     --- 
*     0+    0                         4676,0286     7863,0000            68,16%
      0     0     7414,2897   922     4676,0286    Cuts: 4638    44912   58,56%
      0     0     7033,7742  1287     4676,0286    Cuts: 2887    88732   50,42%
      0     0     6676,7442  1299     4676,0286    Cuts: 3721   104881   42,79%
*     0+    0                         5282,6857     6676,7442            26,39%
*     0+    0                         5373,2000     6676,7442            24,26%
*     0+    0                         5389,1714     6676,7442            23,89%
*     0+    0                         5390,8857     6676,7442            23,85%
*     0+    0                         5391,1714     6676,7442            23,85%
*     0+    0                         5393,1143     6676,7442            23,80%
*     0+    0                         5393,7143     6676,7442            23,79%
*     0+    0                         5394,5143     6676,7442            23,77%
      0     0     6333,2042  1159     5394,5143    Cuts: 3620   127968   17,40%
      0     0     5987,7774    64     5394,5143    Cuts: 2880   155020   11,00%
      0     0     5951,8167    16     5394,5143     Cuts: 467   171389   10,33%
*     0+    0                         5873,1931     5951,8167             1,34%
*     0+    0                         5884,9914     5951,8167             1,14%
*     0+    0                         5891,2568     5951,8167             1,03%
*     0+    0                         5892,5914     5951,8167             1,01%
      0     0     5946,3603    21     5892,5914      Cuts: 54   171912    0,91%

Implied bound cuts applied:  498
Flow cuts applied:  14284
Mixed integer rounding cuts applied:  2610
Flow path cuts applied:  313
Gomory fractional cuts applied:  227

Root node processing (before b&c):
  Real time             =  214,15 sec. (193024,48 ticks)
Parallel b&c, 8 threads:
  Real time             =    0,00 sec. (0,00 ticks)
  Sync time (average)   =    0,00 sec.
  Wait time (average)   =    0,00 sec.
                          ------------
Total (root+branch&cut) =  214,15 sec. (193024,48 ticks)

<<< solve


OBJECTIVE: 5892.591
avg_utility = 0.749408

<<< post process


<<< done

