
<<< setup


<<< generate

Found incumbent of value 0.000000 after 0.03 sec. (12.20 ticks)
Tried aggregator 2 times.
MIP Presolve eliminated 696144 rows and 107008 columns.
MIP Presolve modified 7722 coefficients.
Aggregator did 47717 substitutions.
Reduced MIP has 20578 rows, 27004 columns, and 72012 nonzeros.
Reduced MIP has 1286 binaries, 0 generals, 0 SOSs, and 0 indicators.
Presolve time = 2.92 sec. (2492.40 ticks)
Probing time = 0.01 sec. (1.32 ticks)
Tried aggregator 1 time.
Reduced MIP has 20578 rows, 27004 columns, and 72012 nonzeros.
Reduced MIP has 1286 binaries, 0 generals, 0 SOSs, and 0 indicators.
Presolve time = 0.10 sec. (44.37 ticks)
Probing time = 0.03 sec. (1.32 ticks)
MIP emphasis: balance optimality and feasibility.
MIP search method: dynamic search.
Parallel mode: deterministic, using up to 8 threads.
Root relaxation solution time = 0.16 sec. (71.15 ticks)

        Nodes                                         Cuts/
   Node  Left     Objective  IInf  Best Integer    Best Bound    ItCnt     Gap

*     0+    0                            0.0000    14010.6991              --- 
      0     0     3266.0000  1259        0.0000     3266.0000     2573     --- 
*     0+    0                         1827.1691     3266.0000            78.75%
      0     0     3182.5365  1135     1827.1691    Cuts: 2718     6872   74.18%
*     0+    0                         2457.2753     3182.5365            29.51%
      0     0     3087.1761  1213     2457.2753    Cuts: 4508    29241   22.45%
      0     0     2988.8897  1096     2457.2753    Cuts: 5244    39164   16.18%
*     0+    0                         2476.2753     2854.9486            15.29%
      0     0     2952.8604   822     2476.2753    Cuts: 5244    42596   14.46%
      0     0     2867.1179   576     2476.2753    Cuts: 5244    48302   11.76%
*     0+    0                         2558.2753     2767.4945             8.18%
      0     0     2835.4271   702     2558.2753    Cuts: 2949    50360    8.08%
      0     0     2790.2391   352     2558.2753    Cuts: 3477    51854    8.02%
      0     0     2768.6191   156     2558.2753    Cuts: 1526    52468    8.02%
      0     0     2764.1595   155     2558.2753     Cuts: 195    52643    8.02%
      0     0     2762.2459   146     2558.2753     Cuts: 174    52765    7.97%
      0     0     2762.2459   129     2558.2753     Cuts: 108    52802    7.97%
      0     2     2762.2459   129     2558.2753     2762.2459    52802    7.97%
Elapsed time = 108.86 sec. (43784.79 ticks, tree = 0.00 MB, solutions = 5)
      9    11     2760.2207   121     2558.2753     2760.2207    53008    7.89%
     55    57     2757.7763   118     2558.2753     2758.4417    53670    7.82%
    131   133     2754.6123   115     2558.2753     2756.4101    54576    7.74%
    145   147     2675.3131    93     2558.2753     2756.4101    54791    7.74%
    189   191     2748.5264   107     2558.2753     2753.8328    55529    7.64%
    224   226     2646.0559    70     2558.2753     2751.4234    57049    7.55%
    239   241     2654.4856    66     2558.2753     2751.4234    57820    7.55%
    281   283     2639.8896    68     2558.2753     2751.4234    59521    7.55%
    293   295     2729.8422    97     2558.2753     2751.4234    59986    7.55%
    363   365     2575.8270    97     2558.2753     2751.4234    67069    7.55%
Elapsed time = 123.72 sec. (47731.06 ticks, tree = 1.15 MB, solutions = 5)
    396   392     2613.2609    92     2558.2753     2751.4234    72928    7.55%
    439   431     2592.4600    85     2558.2753     2751.4234    80769    7.55%
    585   553     2672.3858    51     2558.2753     2751.2168    85473    7.54%
    703   667     2675.4026    62     2558.2753     2751.2168    90267    7.54%
    809   769     2674.3035    65     2558.2753     2751.2168    96635    7.54%
    832   792     2657.9283    76     2558.2753     2751.2168   102677    7.54%
    846   806     2706.2225    76     2558.2753     2751.2168   106726    7.54%
    874   834     2653.1179    66     2558.2753     2751.2168   112267    7.54%
    966   923     2634.5507    36     2558.2753     2751.2168   120334    7.54%
   1012   963     2650.0804    56     2558.2753     2751.2168   127458    7.54%
Elapsed time = 180.63 sec. (60326.23 ticks, tree = 12.55 MB, solutions = 5)
   1239  1164     2667.6362    66     2558.2753     2749.9482   135368    7.49%
   1255  1179     2657.9712    73     2558.2753     2749.9482   136354    7.49%
   1686  1558     2686.0646    70     2558.2753     2746.2680   143919    7.35%
   1692  1564     2739.2238   118     2558.2753     2746.2680   143975    7.35%
   2059  1899     2692.9467    58     2558.2753     2742.3224   160504    7.19%
   2080  1920     2667.7531    71     2558.2753     2742.3224   164783    7.19%
   2144  1980     2656.5884    73     2558.2753     2742.3224   178530    7.19%
   2202  2034     2645.9472    70     2558.2753     2742.3224   182132    7.19%
   2234  2066     2631.1449    72     2558.2753     2742.3224   187970    7.19%
   2264  2096     2658.7732    52     2558.2753     2742.3224   195262    7.19%
Elapsed time = 249.29 sec. (75447.23 ticks, tree = 23.85 MB, solutions = 5)
   2338  2160     2650.1217    58     2558.2753     2742.3224   203307    7.19%
   2355  2177     2636.7708    74     2558.2753     2742.3224   207413    7.19%
   2395  2217     2632.6401    70     2558.2753     2742.3224   214650    7.19%
   2549  2359     2648.7903    41     2558.2753     2741.6215   228913    7.17%
   2568  2378     2603.6116    39     2558.2753     2741.6215   236542    7.17%
   2624  2416     2726.7727   118     2558.2753     2741.6215   243956    7.17%
   2687  2475     2580.7982    49     2558.2753     2741.6215   248980    7.17%
   3195  2923     2658.9679    75     2558.2753     2740.2734   260259    7.11%
   3223  2941     2730.7075    95     2558.2753     2740.2734   261503    7.11%
   3355  3073     2621.1908    38     2558.2753     2740.2734   264968    7.11%
Elapsed time = 318.12 sec. (89508.46 ticks, tree = 32.41 MB, solutions = 5)
   3599  3285     2708.1588    74     2558.2753     2740.2734   272613    7.11%
   3664  3350     2652.1198    68     2558.2753     2740.2734   276734    7.11%

Implied bound cuts applied:  1674
Flow cuts applied:  9211
Mixed integer rounding cuts applied:  15009
Gomory fractional cuts applied:  199

Root node processing (before b&c):
  Real time             =  108.66 sec. (43718.90 ticks)
Parallel b&c, 8 threads:
  Real time             =  246.90 sec. (58100.71 ticks)
  Sync time (average)   =   16.90 sec.
  Wait time (average)   =   17.13 sec.
                          ------------
Total (root+branch&cut) =  355.56 sec. (101819.61 ticks)

<<< solve


OBJECTIVE: 2558.275
avg_utility = 0.783305

<<< post process


<<< done

