
<<< setup


<<< generate

Found incumbent of value 0,000000 after 0,01 sec. (7,07 ticks)
Tried aggregator 2 times.
MIP Presolve eliminated 236843 rows and 137903 columns.
MIP Presolve modified 6322 coefficients.
Aggregator did 6319 substitutions.
Reduced MIP has 16850 rows, 26323 columns, and 63176 nonzeros.
Reduced MIP has 5265 binaries, 0 generals, 0 SOSs, and 0 indicators.
Presolve time = 0,22 sec. (209,73 ticks)
Probing time = 0,01 sec. (1,33 ticks)
Tried aggregator 1 time.
Reduced MIP has 16850 rows, 26323 columns, and 63176 nonzeros.
Reduced MIP has 5265 binaries, 0 generals, 0 SOSs, and 0 indicators.
Presolve time = 0,05 sec. (35,92 ticks)
Probing time = 0,02 sec. (1,33 ticks)
MIP emphasis: balance optimality and feasibility.
MIP search method: dynamic search.
Parallel mode: deterministic, using up to 24 threads.
Root relaxation solution time = 0,07 sec. (69,87 ticks)

        Nodes                                         Cuts/
   Node  Left     Objective  IInf  Best Integer    Best Bound    ItCnt     Gap

*     0+    0                            0,0000     7350,0000              --- 
      0     0     2450,0000   962        0,0000     2450,0000     1053     --- 
*     0+    0                         1554,0500     2450,0000            57,65%
      0     0     2288,0320   824     1554,0500    Cuts: 2124     2872   47,23%
      0     0     2119,6357   817     1554,0500    Cuts: 1850     4050   36,39%
      0     0     1962,6229   816     1554,0500    Cuts: 1635     5066   26,29%
*     0+    0                         1592,4400     1962,6229            23,25%
      0     0     1834,7001   565     1592,4400    Cuts: 1633     6788   15,21%
      0     0     1706,7738   147     1592,4400    Cuts: 1131     8033    7,18%
      0     0     1696,4328   277     1592,4400     Cuts: 295     8597    6,53%
      0     0     1691,9104   362     1592,4400     Cuts: 563     8892    6,25%
      0     0     1686,5321   245     1592,4400     Cuts: 733     9575    5,91%
*     0+    0                         1628,4500     1686,5321             3,57%
      0     0     1664,1888    18     1628,4500     Cuts: 503    10184    2,19%
      0     0     1657,6895     7     1628,4500      Cuts: 50    10239    1,80%
      0     0     1657,0451    27     1628,4500      Cuts: 23    10365    1,76%
      0     0     1657,0414    19     1628,4500      Cuts: 81    10393    1,76%
      0     0     1657,0353     7     1628,4500      Cuts: 55    10419    1,76%
*     0+    0                         1648,2500     1657,0353             0,53%

Implied bound cuts applied:  96
Flow cuts applied:  7078
Mixed integer rounding cuts applied:  3092
Gomory fractional cuts applied:  400

Root node processing (before b&c):
  Real time             =    9,09 sec. (11534,69 ticks)
Parallel b&c, 24 threads:
  Real time             =    0,00 sec. (0,00 ticks)
  Sync time (average)   =    0,00 sec.
  Wait time (average)   =    0,00 sec.
                          ------------
Total (root+branch&cut) =    9,09 sec. (11534,69 ticks)

<<< solve


OBJECTIVE: 1648.25
avg_utility = 0.672755

<<< post process


<<< done

