
<<< setup


<<< generate

Found incumbent of value 0,000000 after 0,03 sec. (17,35 ticks)
Aggregator has done 72191 substitutions...
Tried aggregator 13 times.
MIP Presolve eliminated 65867 rows and 261165 columns.
MIP Presolve modified 58056 coefficients.
Aggregator did 80294 substitutions.
Reduced MIP has 89955 rows, 222014 columns, and 597643 nonzeros.
Reduced MIP has 34567 binaries, 7758 generals, 0 SOSs, and 0 indicators.
Presolve time = 15,93 sec. (12456,15 ticks)
Probing time = 0,77 sec. (8,56 ticks)
Tried aggregator 1 time.
Reduced MIP has 89955 rows, 222014 columns, and 597643 nonzeros.
Reduced MIP has 34567 binaries, 7758 generals, 0 SOSs, and 0 indicators.
Presolve time = 0,52 sec. (266,42 ticks)
Probing time = 0,10 sec. (8,44 ticks)
Clique table members: 1805.
MIP emphasis: balance optimality and feasibility.
MIP search method: dynamic search.
Parallel mode: deterministic, using up to 24 threads.
Root relaxation solution time = 4,01 sec. (4272,37 ticks)

        Nodes                                         Cuts/
   Node  Left     Objective  IInf  Best Integer    Best Bound    ItCnt     Gap

*     0+    0                            0,0000    56428,5214              --- 
      0     0    13328,0000  2624        0,0000    13328,0000     3440     --- 
      0     0    13120,7563  1995        0,0000    Cuts: 7717    24155     --- 
      0     0    12920,3762  2749        0,0000    Cuts: 5866    33572     --- 
      0     0    12694,2517  2847        0,0000    Cuts: 7403    46844     --- 
      0     0    12489,8287  2535        0,0000    Cuts: 7319    58303     --- 
      0     0    12327,5785  2112        0,0000    Cuts: 6801    70537     --- 
      0     0    12220,6255  2104        0,0000    Cuts: 6395    83553     --- 
      0     0    12165,6666  2416        0,0000    Cuts: 5157    93036     --- 
      0     0    12113,8554  2313        0,0000    Cuts: 5577   106994     --- 
      0     0    12069,6830  2430        0,0000    Cuts: 4905   120001     --- 
      0     0    12033,7048  2105        0,0000    Cuts: 4715   133117     --- 
      0     0    11993,9178  1426        0,0000    Cuts: 3931   142325     --- 
      0     0    11975,2769  1334        0,0000    Cuts: 2712   150753     --- 
      0     0    11968,4089  1186        0,0000    Cuts: 2634   161167     --- 
*     0+    0                         8617,3853    11968,4089            38,89%
      0     0    11960,2045   648     8617,3853    Cuts: 1813   172037   38,79%
*     0+    0                         8623,6251    11960,2045            38,69%
      0     0    11954,7810   395     8623,6251    Cuts: 1015   177965   38,63%
*     0+    0                         8918,2413    11954,7810            34,05%
      0     0    11952,4739   435     8918,2413     Cuts: 709   182283   34,02%
*     0+    0                         8918,9325    11952,4739            34,01%
      0     0    11951,3196   321     8918,9325     Cuts: 836   185908   34,00%
      0     0    11950,5140   310     8918,9325     Cuts: 556   190410   33,99%
*     0+    0                         8926,7569    11950,5140            33,87%
      0     0    11949,1810   334     8926,7569     Cuts: 489   196995   33,86%
Heuristic still looking.
Heuristic still looking.
Heuristic still looking.
*     0+    0                         9199,4444    11949,1810            29,89%
*     0+    0                         9284,2798    11949,1810            28,70%
      0     2    11949,1810   334     9284,2798    11949,1810   196995   28,70%
Elapsed time = 1532,61 sec. (1396307,59 ticks, tree = 0,00 MB, solutions = 8)
      1     3    11949,1780   346     9284,2798    11949,1810   197110   28,70%
      2     4    11949,1789   347     9284,2798    11949,1810   197210   28,70%
      3     5    11949,1773   371     9284,2798    11949,1789   197250   28,70%
      4     6    11949,1757   360     9284,2798    11949,1789   197348   28,70%
      7     9    11949,1738   360     9284,2798    11949,1789   205091   28,70%
      9    11    11949,1548   349     9284,2798    11949,1789   205393   28,70%
     11    13    11949,0426   371     9284,2798    11949,1768   206102   28,70%
     14    16    11949,0512   414     9284,2798    11949,1768   208879   28,70%
     16    18    11948,9173   427     9284,2798    11949,1768   211594   28,70%
     21    23    11948,8958   427     9284,2798    11949,1768   214941   28,70%
Elapsed time = 1636,77 sec. (1532270,13 ticks, tree = 0,00 MB, solutions = 8)
     24    26    11948,9039   388     9284,2798    11949,1768   215310   28,70%
     26    28    11949,0109   381     9284,2798    11949,1768   215667   28,70%
     34    36    11948,8546   393     9284,2798    11949,1768   219698   28,70%
     44    46    11948,9419   394     9284,2798    11949,1768   226237   28,70%
     46    48    11949,0036   387     9284,2798    11949,1768   226656   28,70%
     49    51    11948,8779   421     9284,2798    11949,1768   228002   28,70%
     54    56    11948,8788   373     9284,2798    11949,1768   233091   28,70%
     56    58    11948,8621   349     9284,2798    11949,1768   236735   28,70%
     57    59    11948,8693   376     9284,2798    11949,1768   241020   28,70%
     61    63    11948,7238   352     9284,2798    11949,1768   246311   28,70%
Elapsed time = 1729,83 sec. (1616428,72 ticks, tree = 0,00 MB, solutions = 8)
    115   117    11948,8035   424     9284,2798    11949,1768   256768   28,70%
    207   209    11948,8969   332     9284,2798    11949,1768   268170   28,70%
    210   212    11948,6963   403     9284,2798    11949,1768   269028   28,70%
    224   226    11948,6682   371     9284,2798    11949,1768   274728   28,70%
    227   229    11948,9541   409     9284,2798    11949,1768   282571   28,70%
    229   231    11948,9935   410     9284,2798    11949,1768   283806   28,70%
    248   250    11948,5832   379     9284,2798    11949,1768   289769   28,70%
    272   274    11948,6627   378     9284,2798    11949,1768   291568   28,70%
    277   279    11948,9165   409     9284,2798    11949,1768   294255   28,70%
    300   302    11948,8867   423     9284,2798    11949,1768   300319   28,70%
Elapsed time = 1851,43 sec. (1690748,31 ticks, tree = 0,00 MB, solutions = 8)
    324   326    11948,9257   373     9284,2798    11949,1768   303775   28,70%
    372   374    11948,9191   392     9284,2798    11949,1768   309802   28,70%
    396   398    11948,8939   391     9284,2798    11949,1768   319802   28,70%
    666   668    11948,4260   342     9284,2798    11949,1768   351005   28,70%
    667   669    11948,3209   338     9284,2798    11949,1768   351364   28,70%
    668   670    11948,9263   368     9284,2798    11949,1768   351846   28,70%
    669   671    11948,9211   384     9284,2798    11949,1768   351941   28,70%
    672   674    11933,9773   377     9284,2798    11949,1768   353128   28,70%
    838   840    11948,3848   307     9284,2798    11949,1768   383117   28,70%
    840   842    11948,7857   367     9284,2798    11949,1768   383525   28,70%
Elapsed time = 2645,36 sec. (2006699,09 ticks, tree = 0,00 MB, solutions = 8)
    841   843    11948,7862   432     9284,2798    11949,1768   384028   28,70%
    843   845    11948,7653   353     9284,2798    11949,1768   385450   28,70%
    857   859    11948,8955   317     9284,2798    11949,1768   390698   28,70%
    871   873    11948,2157   324     9284,2798    11949,1768   403183   28,70%
    895   897    11948,2036   342     9284,2798    11949,1768   414434   28,70%
    905   907    11948,8115   352     9284,2798    11949,1768   422875   28,70%
   1069  1071    11947,3863   316     9284,2798    11949,1768   465088   28,70%
   1519  1521    11948,1961   253     9284,2798    11949,1768   547456   28,70%
   1521  1523    11945,2823   389     9284,2798    11949,1768   548480   28,70%
   1524  1526    11948,6178   318     9284,2798    11949,1768   552376   28,70%
Elapsed time = 3088,78 sec. (2177713,03 ticks, tree = 20,86 MB, solutions = 8)
   1525  1527    11921,1956   274     9284,2798    11949,1768   552461   28,70%
   2077  2079    11947,9279   256     9284,2798    11949,1768   756974   28,70%
   2079  2081    11945,2119   323     9284,2798    11949,1768   758459   28,70%
   2082  2084    11947,3201   312     9284,2798    11949,1768   761609   28,70%
   2083  2085    11918,0281   306     9284,2798    11949,1768   765194   28,70%
   2103  2105    11945,2264   301     9284,2798    11949,1768   782888   28,70%
   2105  2107    11943,1043   258     9284,2798    11949,1768   793929   28,70%
   2129  2131    11943,2025   246     9284,2798    11949,1768   816687   28,70%
   2151  2153    11945,1273   345     9284,2798    11949,1768   837916   28,70%
   2175  2177    11945,1555   331     9284,2798    11949,1768   856307   28,70%
Elapsed time = 4399,25 sec. (2644129,88 ticks, tree = 43,04 MB, solutions = 8)
   2193  2195    11948,6638   363     9284,2798    11949,1768   870955   28,70%
   2199  2201    11944,8457   303     9284,2798    11949,1768   873797   28,70%
   2217  2219    11948,4591   345     9284,2798    11949,1768   898530   28,70%
   2227  2229    11919,6057   309     9284,2798    11949,1768   923145   28,70%
   2241  2243    11948,6432   367     9284,2798    11949,1768   942179   28,70%
   2291  2293    11944,7680   309     9284,2798    11949,1768   973896   28,70%
   2383  2385    11948,5027   338     9284,2798    11949,1768  1018040   28,70%
   2391  2393    11943,6968   340     9284,2798    11949,1768  1025668   28,70%
   3296  3298    11947,2328   241     9284,2798    11949,1768  1190963   28,70%
   3298  3300    11944,5893   302     9284,2798    11949,1768  1192980   28,70%
Elapsed time = 4737,72 sec. (2795069,49 ticks, tree = 92,65 MB, solutions = 8)
   3304  3306    11946,0452   332     9284,2798    11949,1768  1197984   28,70%
   3305  3307    11943,6854   299     9284,2798    11949,1768  1201139   28,70%
   3315  3317    11948,3494   318     9284,2798    11949,1768  1207483   28,70%
   3328  3330    11945,0044   339     9284,2798    11949,1768  1227825   28,70%
   3348  3350    11943,1662   225     9284,2798    11949,1768  1246801   28,70%
   3364  3366    11948,3438   284     9284,2798    11949,1768  1262886   28,70%
   3388  3390    11948,3435   286     9284,2798    11949,1768  1291028   28,70%
   3412  3414    11948,2950   299     9284,2798    11949,1768  1314581   28,70%
   3436  3438    11948,3385   308     9284,2798    11949,1768  1349259   28,70%
   3460  3462    11948,3090   275     9284,2798    11949,1768  1372912   28,70%
Elapsed time = 5773,39 sec. (3124622,94 ticks, tree = 92,65 MB, solutions = 8)
   4692  4694    11946,9414   236     9284,2798    11949,1768  1858549   28,70%
   4701  4703    11943,5325   321     9284,2798    11949,1768  1869611   28,70%
   4711  4713    11948,1393   336     9284,2798    11949,1768  1883639   28,70%
   4720  4722    11943,0132   215     9284,2798    11949,1768  1899683   28,70%
   4735  4737    11948,1441   302     9284,2798    11949,1768  1928701   28,70%
   4759  4761    11948,1367   308     9284,2798    11949,1768  1978194   28,70%
   4783  4785    11948,1329   324     9284,2798    11949,1768  2004136   28,70%
   4807  4809    11948,1357   326     9284,2798    11949,1768  2069739   28,70%
   4811  4813    11948,5707   339     9284,2798    11949,1768  2071269   28,70%
   4828  4830    11943,5811   298     9284,2798    11949,1768  2110729   28,70%
Elapsed time = 8270,89 sec. (3660642,22 ticks, tree = 147,18 MB, solutions = 8)
   5407  5409    11946,0679   224     9284,2798    11949,1768  2922588   28,70%
   5415  5417    11942,9131   273     9284,2798    11949,1768  2946380   28,70%
   5431  5433    11946,0658   236     9284,2798    11949,1768  2989597   28,70%
   5436  5438    11946,7986   275     9284,2798    11949,1768  3007817   28,70%
   5438  5440    11942,4214   271     9284,2798    11949,1768  3017877   28,70%
   5455  5457    11945,9120   246     9284,2798    11949,1768  3064042   28,70%
   5479  5481    11946,0611   230     9284,2798    11949,1768  3109801   28,70%
   5503  5505    11946,0609   232     9284,2798    11949,1768  3149338   28,70%
   5527  5529    11946,0274   231     9284,2798    11949,1768  3182732   28,70%
   5551  5553    11946,0168   238     9284,2798    11949,1768  3217805   28,70%
Elapsed time = 9437,46 sec. (3899718,62 ticks, tree = 175,19 MB, solutions = 8)
   5600  5602    11944,9210   239     9284,2798    11949,1768  3278058   28,70%
   5648  5650    11944,9210   237     9284,2798    11949,1768  3333922   28,70%
   5672  5674    11944,9181   236     9284,2798    11949,1768  3352154   28,70%
   5743  5745    11946,0165   223     9284,2798    11949,1768  3419848   28,70%
   5792  5794    11944,9179   233     9284,2798    11949,1768  3471260   28,70%
   5840  5842    11944,9037   239     9284,2798    11949,1768  3537770   28,70%
   5859  5861    11947,4114   316     9284,2798    11949,1768  3566708   28,70%
   5864  5866    11944,9168   234     9284,2798    11949,1768  3573081   28,70%
   5907  5909    11947,2679   291     9284,2798    11949,1768  3614098   28,70%
   5931  5933    11947,1685   366     9284,2798    11949,1768  3623523   28,70%
Elapsed time = 10047,61 sec. (4069226,52 ticks, tree = 175,19 MB, solutions = 8)
   5936  5938    11944,9162   227     9284,2798    11949,1768  3628902   28,70%
   5955  5957    11944,5231   347     9284,2798    11949,1768  3657073   28,70%
   5979  5981    11947,1881   296     9284,2798    11949,1768  3665413   28,70%
   6003  6005    11947,1862   298     9284,2798    11949,1768  3688324   28,70%
   6027  6029    11946,7087   322     9284,2798    11949,1768  3709506   28,70%
   6051  6053    11947,1720   353     9284,2798    11949,1768  3748827   28,70%
   6075  6077    11946,7136   302     9284,2798    11949,1768  3776795   28,70%
   6099  6101    11946,4172   306     9284,2798    11949,1768  3797483   28,70%
   6123  6125    11945,9403   351     9284,2798    11949,1768  3819038   28,70%
   6147  6149    11946,2275   329     9284,2798    11949,1768  3847914   28,70%
Elapsed time = 10963,55 sec. (4321932,81 ticks, tree = 175,19 MB, solutions = 8)
   6232  6234    11943,0968   229     9284,2798    11949,1768  3941674   28,70%
   6538  6540    11944,5639   237     9284,2798    11949,1768  4217496   28,70%
   7425  7427    11942,5997   257     9284,2798    11949,1768  4901919   28,70%
*  7426+ 7426                        11691,6177    11949,1768             2,20%
   7426  7428    11945,7368   225    11691,6177    11949,1768  4905024    2,20%
*  7427+ 7427                        11874,5808    11949,1768             0,63%
   7431  7432    11901,0765   241    11874,5808    11949,1768  4912759    0,63%
   7435  7436    11935,1028   179    11874,5808    11949,1768  4918367    0,63%
*  7439+ 7432                        11880,5091    11949,1768             0,58%

Cover cuts applied:  47
Implied bound cuts applied:  758
Flow cuts applied:  34380
Mixed integer rounding cuts applied:  22266
Flow path cuts applied:  3616
Gomory fractional cuts applied:  338

Root node processing (before b&c):
  Real time             = 1530,56 sec. (1395209,22 ticks)
Parallel b&c, 24 threads:
  Real time             = 11199,63 sec. (3581693,91 ticks)
  Sync time (average)   = 3134,21 sec.
  Wait time (average)   = 3135,98 sec.
                          ------------
Total (root+branch&cut) = 12730,19 sec. (4976903,12 ticks)

<<< solve


OBJECTIVE: 11880.51
avg_utility = 0.891395

<<< post process


<<< done

