
<<< setup


<<< generate

Found incumbent of value 0,000000 after 0,00 sec. (0,38 ticks)
Tried aggregator 3 times.
MIP Presolve eliminated 1490 rows and 9361 columns.
Aggregator did 3040 substitutions.
Reduced MIP has 49 rows, 200 columns, and 630 nonzeros.
Reduced MIP has 0 binaries, 0 generals, 0 SOSs, and 0 indicators.
Presolve time = 0,02 sec. (14,98 ticks)
Tried aggregator 1 time.
MIP Presolve eliminated 1 rows and 5 columns.
Reduced MIP has 48 rows, 195 columns, and 615 nonzeros.
Reduced MIP has 0 binaries, 0 generals, 0 SOSs, and 0 indicators.
Presolve time = 0,00 sec. (0,34 ticks)
MIP emphasis: balance optimality and feasibility.
MIP search method: dynamic search.
Parallel mode: deterministic, using up to 24 threads.
Root relaxation solution time = 0,00 sec. (0,17 ticks)

        Nodes                                         Cuts/
   Node  Left     Objective  IInf  Best Integer    Best Bound    ItCnt     Gap

*     0+    0                         1199,0000    15233,0000              --- 
*     0     0      integral     0     2477,4167     2477,4167       40    0,00%
Elapsed time = 0,02 sec. (16,52 ticks, tree = 0,00 MB, solutions = 2)

Root node processing (before b&c):
  Real time             =    0,02 sec. (17,06 ticks)
Parallel b&c, 24 threads:
  Real time             =    0,00 sec. (0,00 ticks)
  Sync time (average)   =    0,00 sec.
  Wait time (average)   =    0,00 sec.
                          ------------
Total (root+branch&cut) =    0,02 sec. (17,06 ticks)

<<< solve


OBJECTIVE: 2477.417
avg_utility = 0.300439

<<< post process


<<< done

