
<<< setup


<<< generate

Found incumbent of value 0,000000 after 0,02 sec. (18,88 ticks)
Tried aggregator 8 times.
MIP Presolve eliminated 301256 rows and 220022 columns.
MIP Presolve modified 27822 coefficients.
Aggregator did 105219 substitutions.
Reduced MIP has 95075 rows, 205880 columns, and 589785 nonzeros.
Reduced MIP has 6534 binaries, 0 generals, 0 SOSs, and 0 indicators.
Presolve time = 10,90 sec. (9867,48 ticks)
Probing time = 1,48 sec. (7,45 ticks)
Tried aggregator 1 time.
Reduced MIP has 95075 rows, 205880 columns, and 589785 nonzeros.
Reduced MIP has 6534 binaries, 0 generals, 0 SOSs, and 0 indicators.
Presolve time = 0,59 sec. (319,66 ticks)
Probing time = 0,38 sec. (7,53 ticks)
MIP emphasis: balance optimality and feasibility.
MIP search method: dynamic search.
Parallel mode: deterministic, using up to 24 threads.
Root relaxation solution time = 4,43 sec. (1368,71 ticks)

        Nodes                                         Cuts/
   Node  Left     Objective  IInf  Best Integer    Best Bound    ItCnt     Gap

*     0+    0                            0,0000    33752,6578              --- 
      0     0     7783,2185  1540        0,0000     7783,2185    14501     --- 
*     0+    0                         3689,8477     7783,2185           110,94%
      0     0     7519,4814  1436     3689,8477    Cuts: 7320    40675  103,79%
      0     0     7299,9687  1549     3689,8477    Cuts: 6851    98758   97,84%
*     0+    0                         6595,5404     7299,9687            10,68%
      0     0     7130,3400  1444     6595,5404    Cuts: 9560   141715    8,11%
*     0+    0                         6633,5661     7130,3400             7,49%
      0     0     7017,8313  1267     6633,5661    Cuts: 9829   161715    5,79%
      0     0     6947,8636   994     6633,5661    Cuts: 7932   177019    4,74%
      0     0     6943,2368   686     6633,5661    Cuts: 3019   272122    4,67%
*     0+    0                         6670,5359     6943,2368             4,09%
      0     0     6941,3988   462     6670,5359    Cuts: 2693   350659    4,06%
*     0+    0                         6677,7286     6941,3988             3,95%
      0     0     6938,0315   244     6677,7286    Cuts: 2058   471703    3,90%
      0     0     6933,7452   387     6677,7286    Cuts: 1592   525666    3,83%
*     0+    0                         6689,5190     6933,7452             3,65%
*     0+    0                         6690,0929     6933,7452             3,64%
      0     0     6931,8620   464     6690,0929    Cuts: 1993   554403    3,61%
      0     0     6920,5664   375     6690,0929    Cuts: 3185   608619    3,44%
      0     0     6919,6291   303     6690,0929    Cuts: 2117   689513    3,43%
      0     0     6919,3601   463     6690,0929    Cuts: 1557   737515    3,43%
      0     0     6915,8765   351     6690,0929    Cuts: 2500   769092    3,37%
      0     0     6912,1148   246     6690,0929    Cuts: 1213   802590    3,32%
      0     0     6907,4110   278     6690,0929    Cuts: 1265   838996    3,25%
      0     0     6904,0277   264     6690,0929    Cuts: 1123   874485    3,20%
      0     0     6903,0700   209     6690,0929     Cuts: 796   933033    3,18%
      0     0     6902,8285   307     6690,0929     Cuts: 604   963252    3,18%
Heuristic still looking.
Heuristic still looking.
Heuristic still looking.
      0     2     6902,8285   307     6690,0929     6902,8285   963252    3,18%
Elapsed time = 4331,52 sec. (2665298,68 ticks, tree = 0,00 MB, solutions = 8)
      1     3     6886,2442   309     6690,0929     6902,8285   968859    3,18%
      2     4     6880,8528   309     6690,0929     6902,8285   974097    3,18%
      3     5     6883,9921   353     6690,0929     6886,1343  1000584    2,93%
      5     7     6865,4579   433     6690,0929     6886,1343  1132297    2,93%
      8    10     6863,0551   512     6690,0929     6886,1343  1176290    2,93%
     10    12     6828,7206   511     6690,0929     6886,1343  1196772    2,93%
     11    13     6812,6679   603     6690,0929     6882,4248  1233978    2,87%
     16    18     6791,5997   415     6690,0929     6882,4248  1269062    2,87%
     21    23     6779,9474   412     6690,0929     6882,4248  1341270    2,87%
     25    27     6746,5135   406     6690,0929     6882,4248  1367118    2,87%
Elapsed time = 7239,14 sec. (4650303,06 ticks, tree = 0,00 MB, solutions = 8)
     29    29     6845,8717   550     6690,0929     6882,4248  1418160    2,87%
     36    36     6745,7486   500     6690,0929     6882,4248  1479273    2,87%
     38    38     6831,9058   429     6690,0929     6882,4248  1531770    2,87%
     52    48     6811,6518   455     6690,0929     6882,4248  1853846    2,87%
     64    58     6753,4359   560     6690,0929     6882,4248  2013566    2,87%
     66    58     6786,2497   462     6690,0929     6882,4248  2056026    2,87%
     84    72     6798,2884   548     6690,0929     6882,4248  2215755    2,87%
    121   103     6792,7155   641     6690,0929     6882,4248  2390099    2,87%
    175   131     6781,7431   432     6690,0929     6882,4248  2663888    2,87%
    343   193     6786,0833   420     6690,0929     6880,9108  3357489    2,85%
Elapsed time = 8621,52 sec. (5245245,13 ticks, tree = 3,36 MB, solutions = 8)
    344   194     6868,3372   271     6690,0929     6880,9108  3411237    2,85%
    352   202     6758,9576   739     6690,0929     6880,9108  3782995    2,85%
    361   207     6758,4651   480     6690,0929     6880,9108  4110328    2,85%
    363   209     6760,6384   587     6690,0929     6880,9108  4325836    2,85%
    368   212     6848,0803   141     6690,0929     6880,9108  4515804    2,85%
    484   312     6797,9649   440     6690,0929     6880,9108  5680166    2,85%
    492   316     6709,5834   462     6690,0929     6880,9108  5780402    2,85%
    508   330     6764,6849   453     6690,0929     6880,9108  5906476    2,85%
    515   333        cutoff           6690,0929     6880,9108  5952942    2,85%
    516   334     6726,9656   453     6690,0929     6880,9108  5961657    2,85%
Elapsed time = 9158,44 sec. (5421888,55 ticks, tree = 4,91 MB, solutions = 8)
    524   336     6756,5341   513     6690,0929     6880,9108  6014410    2,85%
    548   346     6747,2844   522     6690,0929     6880,9108  6162679    2,85%
    567   363     6770,5222   451     6690,0929     6880,9108  6246661    2,85%
    673   415     6796,4556   149     6690,0929     6880,9108  6709078    2,85%
   1206   706     6742,8233   519     6690,0929     6880,9108  9097490    2,85%
   1230   726     6788,3935   294     6690,0929     6880,9108  9682204    2,85%
   1231   727     6825,3398   127     6690,0929     6880,9108  9727560    2,85%
   1254   740     6807,2207   154     6690,0929     6880,9108 10223438    2,85%
   1276   760     6808,7264   143     6690,0929     6880,9108 10318916    2,85%
   1298   778     6794,8029   143     6690,0929     6880,9108 10440913    2,85%
Elapsed time = 11855,38 sec. (6043657,20 ticks, tree = 15,16 MB, solutions = 8)
   1320   792     6784,9506   143     6690,0929     6880,9108 10508922    2,85%
   1353   813     6763,6019   324     6690,0929     6880,9108 10609801    2,85%
   1405   836     6794,9679   135     6690,0929     6880,9108 10842012    2,85%
   1435   852     6745,4004   350     6690,0929     6880,9108 10960901    2,85%
   1805  1018        cutoff           6690,0929     6851,1046 13822698    2,41%
   1806  1019     6837,8126   344     6690,0929     6851,1046 13829534    2,41%
   1817  1030     6754,6304   164     6690,0929     6851,1046 13884852    2,41%
   1821  1034     6732,0414   646     6690,0929     6851,1046 13904487    2,41%
   1823  1034     6748,5853   457     6690,0929     6851,1046 13926558    2,41%
   1829  1038     6747,5325   169     6690,0929     6851,1046 13994638    2,41%
Elapsed time = 12896,27 sec. (6332283,72 ticks, tree = 40,08 MB, solutions = 8)
   1908  1106     6703,3642   791     6690,0929     6851,1046 14271501    2,41%
   2631  1578     6739,8471   176     6690,0929     6851,1046 16346704    2,41%
   2846  1670     6798,3647   333     6690,0929     6838,1457 17150869    2,21%
   2869  1683     6741,5009   483     6690,0929     6838,1457 17279559    2,21%
