
<<< setup


<<< generate

Found incumbent of value 0,000000 after 0,02 sec. (18,90 ticks)
Tried aggregator 8 times.
MIP Presolve eliminated 341703 rows and 322744 columns.
MIP Presolve modified 26608 coefficients.
Aggregator did 107015 substitutions.
Reduced MIP has 53033 rows, 102082 columns, and 322574 nonzeros.
Reduced MIP has 2824 binaries, 0 generals, 0 SOSs, and 0 indicators.
Presolve time = 8,27 sec. (8610,46 ticks)
Probing time = 0,02 sec. (4,31 ticks)
Tried aggregator 1 time.
Reduced MIP has 53033 rows, 102082 columns, and 322574 nonzeros.
Reduced MIP has 2824 binaries, 0 generals, 0 SOSs, and 0 indicators.
Presolve time = 0,21 sec. (177,12 ticks)
Probing time = 0,02 sec. (4,49 ticks)
MIP emphasis: balance optimality and feasibility.
MIP search method: dynamic search.
Parallel mode: deterministic, using up to 8 threads.
Root relaxation solution time = 1,17 sec. (464,81 ticks)

        Nodes                                         Cuts/
   Node  Left     Objective  IInf  Best Integer    Best Bound    ItCnt     Gap

*     0+    0                            0,0000    30633,8949              --- 
      0     0     7845,0000  1566        0,0000     7845,0000     4271     --- 
*     0+    0                         3419,5026     7845,0000           129,42%
      0     0     7636,8704  1054     3419,5026    Cuts: 4699    48168  123,33%
      0     0     7462,6933  1277     3419,5026    Cuts: 5712    84106  118,24%
      0     0     7289,1470  1158     3419,5026    Cuts: 7998   128545  113,16%
*     0+    0                         4676,5279     7289,1470            55,87%
*     0+    0                         4796,4223     7289,1470            51,97%
*     0+    0                         4823,8561     7289,1470            51,11%
      0     0     7184,3968  1215     4823,8561    Cuts: 7384   165449   48,93%
      0     0     7071,4405   224     4823,8561    Cuts: 8297   191959   46,59%
      0     0     7063,1822   264     4823,8561    Cuts: 1079   198538   46,42%
*     0+    0                         4891,0776     7063,1822            44,41%
*     0+    0                         5897,5679     7063,1822            19,76%
*     0+    0                         5909,5224     7063,1822            19,52%
      0     0     7060,4489   336     5909,5224    Cuts: 1502   204572   19,48%
      0     0     7053,8310   325     5909,5224    Cuts: 1876   211027   19,36%
*     0+    0                         6717,7103     7053,8310             5,00%
      0     0     7048,6963   293     6717,7103    Cuts: 2082   217321    4,93%
      0     0     7042,5007   334     6717,7103    Cuts: 1390   230210    4,83%
      0     0     7039,6628   356     6717,7103    Cuts: 1864   237888    4,79%
      0     0     7037,9020   394     6717,7103    Cuts: 2180   241215    4,77%
      0     0     7032,7809   325     6717,7103    Cuts: 2403   262838    4,69%
      0     0     7029,1734   266     6717,7103    Cuts: 1591   274278    4,64%
      0     0     7026,8650   320     6717,7103    Cuts: 1491   290969    4,60%
*     0+    0                         6731,2101     7026,8650             4,39%
*     0+    0                         6734,3830     7026,8650             4,34%
      0     0     7023,3579   225     6734,3830    Cuts: 1278   318306    4,29%
      0     0     7020,8748   274     6734,3830     Cuts: 688   325222    4,25%
      0     0     7018,1302   251     6734,3830     Cuts: 967   352391    4,21%
*     0+    0                         6740,7942     7018,1302             4,11%
      0     0     7013,5168   247     6740,7942    Cuts: 1388   394049    4,05%
      0     0     7012,2960   236     6740,7942     Cuts: 628   421818    4,03%
      0     0     7010,8075   171     6740,7942    Cuts: 1082   443956    4,01%
      0     0     7010,0189   209     6740,7942     Cuts: 517   469382    3,99%
*     0+    0                         6742,2833     7010,0189             3,97%
      0     2     7010,0189   209     6742,2833     7010,0189   469382    3,97%
Elapsed time = 1184,58 sec. (908542,71 ticks, tree = 0,00 MB, solutions = 13)
      1     3     7009,6073   205     6742,2833     7010,0189   470898    3,97%
      2     4     6888,5960   294     6742,2833     7010,0189   487659    3,97%
      3     5     7002,8950   191     6742,2833     7009,6073   501152    3,96%
      4     6     6873,0532   275     6742,2833     7009,6073   514161    3,96%
      5     7     6875,6678   293     6742,2833     7009,6073   531237    3,96%
      8    10     6860,3809   292     6742,2833     7009,6073   563563    3,96%
      9    11     6868,0582   294     6742,2833     7009,6073   566657    3,96%
     10    12     6989,2402   194     6742,2833     7002,8932   567733    3,87%
     11    13     6851,9886   292     6742,2833     7002,8932   571347    3,87%
     12    14     6856,5905   274     6742,2833     7002,8932   575816    3,87%
Elapsed time = 1348,87 sec. (1007186,73 ticks, tree = 0,00 MB, solutions = 13)
*    13+   13                         6742,5780     7002,8932             3,86%
     13    15     6859,5705   305     6742,5780     7002,8932   608917    3,86%
     15    17     6837,6975   297     6742,5780     7002,8932   636215    3,86%
     25    27     6967,4384   178     6742,5780     6996,2741   650182    3,76%
     26    28     6836,4868   258     6742,5780     6996,2741   652723    3,76%
     27    29     6848,8286   261     6742,5780     6996,2741   668018    3,76%
*    31+   29                         6744,6853     6996,2741             3,73%
     31    31     6980,7843   173     6744,6853     6996,2741   684769    3,73%
     32    32     6969,6234   197     6744,6853     6996,2741   702105    3,73%
     46    46     6799,2242   175     6744,6853     6996,2741   802567    3,73%
     55    55     6946,5118   175     6744,6853     6996,2741   849261    3,73%
     57    57     6816,7807   209     6744,6853     6996,2741   862799    3,73%
Elapsed time = 1923,04 sec. (1176221,66 ticks, tree = 0,00 MB, solutions = 17)
     60    60     6795,0846   157     6744,6853     6996,2741   884653    3,73%
     65    65     6810,0561   214     6744,6853     6996,2741   910147    3,73%
     68    68     6784,4788   172     6744,6853     6996,2741   925278    3,73%
     73    73     6814,0106   208     6744,6853     6996,2741   946054    3,73%
     76    76     6783,4540   196     6744,6853     6996,2741   980193    3,73%
     84    83     6779,3007   155     6744,6853     6996,2741  1049583    3,73%
     96    95     6797,1374   185     6744,6853     6996,2741  1164240    3,73%
    113   104     6915,0080   222     6744,6853     6996,2741  1394961    3,73%
    118   103    infeasible           6744,6853     6996,2105  1438505    3,73%
    122   107     6943,8329   225     6744,6853     6996,2105  1482229    3,73%
Elapsed time = 2388,49 sec. (1313947,37 ticks, tree = 0,00 MB, solutions = 17)
    127   112     6937,8694   198     6744,6853     6996,2105  1608600    3,73%
    128   113     6783,6831   179     6744,6853     6996,2105  1699823    3,73%
    129   114     6775,3009   139     6744,6853     6996,2105  1769653    3,73%
    137   122     6767,0682   135     6744,6853     6996,2105  2067198    3,73%
    145   128     6757,2830   135     6744,6853     6996,2105  2164763    3,73%
    153   136     6759,7701   136     6744,6853     6996,2105  2242838    3,73%
    161   144     6756,6092   135     6744,6853     6996,2105  2310219    3,73%
    169   146        cutoff           6744,6853     6996,2105  2487388    3,73%
    176   149        cutoff           6744,6853     6996,2105  2613761    3,73%
    181   152     6913,7329   176     6744,6853     6996,2105  2651523    3,73%
Elapsed time = 2962,21 sec. (1427876,10 ticks, tree = 0,00 MB, solutions = 17)
    194   163     6878,1759   165     6744,6853     6996,2105  2884417    3,73%
    198   167     6920,3378   214     6744,6853     6996,2105  2925803    3,73%
    215   184     6851,6576   150     6744,6853     6996,2105  2973078    3,73%
    218   186     6755,1756   132     6744,6853     6996,2105  2989820    3,73%
    220   188     6962,4449   178     6744,6853     6996,2105  3007114    3,73%
    221   189     6872,0194   151     6744,6853     6996,2105  3019610    3,73%
    242   204     6942,5381   189     6744,6853     6996,2105  3199954    3,73%
    290   247     6825,1232   157     6744,6853     6996,2105  3612332    3,73%
    291   248     6757,7354    78     6744,6853     6996,2105  3630363    3,73%
    293   250     6911,9111   224     6744,6853     6996,2105  3661237    3,73%
Elapsed time = 4186,49 sec. (1692723,74 ticks, tree = 2,38 MB, solutions = 17)
    301   256     6954,0547   181     6744,6853     6996,2105  3804419    3,73%
    305   260     6836,9876   235     6744,6853     6996,2105  3959845    3,73%
    309   264     6933,2358   204     6744,6853     6996,2105  4111228    3,73%
    327   278     6864,1540   166     6744,6853     6996,2105  4686659    3,73%
    468   399     6747,0078    58     6744,6853     6992,9144  9500096    3,68%
    469   400     6983,2597   239     6744,6853     6992,9144  9556847    3,68%
    477   406     6974,3514   227     6744,6853     6992,9144  9824492    3,68%
    483   412     6847,5441   167     6744,6853     6992,9144 10191763    3,68%
    491   420     6854,7495   168     6744,6853     6992,9144 10392767    3,68%
    499   428     6839,9745   177     6744,6853     6992,9144 10735531    3,68%
Elapsed time = 4967,49 sec. (1903482,15 ticks, tree = 21,70 MB, solutions = 17)
    507   432     6849,4348   169     6744,6853     6992,9144 10931383    3,68%
    515   438     6845,4927   166     6744,6853     6992,9144 11238694    3,68%
    523   444     6839,1716   162     6744,6853     6992,9144 11451345    3,68%
    531   450     6838,6473   166     6744,6853     6992,9144 11797599    3,68%
    539   458     6806,1282   117     6744,6853     6992,9144 12122771    3,68%
    547   466     6808,2558   117     6744,6853     6992,9144 12399235    3,68%
*   552+  469                         6756,8397     6992,9144             3,49%
*   552+  469                         6758,4575     6992,9144             3,47%
    552   471     6827,8915   134     6758,4575     6992,9144 12590682    3,47%
    560   477     6827,7929   148     6758,4575     6992,9144 12874968    3,47%
    563   478     6798,7285   106     6758,4575     6992,9144 12963538    3,47%
    571   484     6769,8168   101     6758,4575     6992,9144 13243359    3,47%
Elapsed time = 5269,21 sec. (1955877,11 ticks, tree = 21,70 MB, solutions = 17)
    579   492     6798,6843   109     6758,4575     6992,9144 13555076    3,47%
    587   500     6763,0853   123     6758,4575     6992,9144 13870818    3,47%
    595   508     6798,5541   102     6758,4575     6992,9144 14281159    3,47%
    603   516     6797,4409   101     6758,4575     6992,9144 14511280    3,47%
    611   524     6780,7442   103     6758,4575     6992,9144 14712378    3,47%
    619   532     6788,3934    96     6758,4575     6992,9144 15010537    3,47%
    681   590     6811,8961    26     6758,4575     6992,9144 16821574    3,47%
    701   604     6964,4620   218     6758,4575     6992,9144 17486048    3,47%
    730   598     6811,4714    24     6758,4575     6992,9144 17953924    3,47%
    732   600     6955,3764   213     6758,4575     6992,9144 18015660    3,47%
Elapsed time = 5390,19 sec. (2079128,93 ticks, tree = 23,24 MB, solutions = 19)
    740   608     6949,5269   193     6758,4575     6992,9144 18280073    3,47%
    748   614     6941,3282   187     6758,4575     6992,9144 18530820    3,47%
    756   622     6932,1487   178     6758,4575     6992,9144 18784327    3,47%
    764   628     6922,1951   153     6758,4575     6992,9144 19032299    3,47%
    772   634     6912,2894   165     6758,4575     6992,9144 19184173    3,47%
    780   640     6905,4811   181     6758,4575     6992,9144 19427394    3,47%
    788   646     6896,5028   154     6758,4575     6992,9144 19646388    3,47%
    796   650     6891,9187   158     6758,4575     6992,9144 19920871    3,47%
    804   654     6881,0159   151     6758,4575     6992,9144 20198307    3,47%
    812   660     6878,5602   155     6758,4575     6992,9144 20400589    3,47%
Elapsed time = 5575,85 sec. (2126332,54 ticks, tree = 23,24 MB, solutions = 19)
    820   666     6868,5691   194     6758,4575     6992,9144 20594134    3,47%
    821   667     6942,5205   184     6758,4575     6992,9144 20655218    3,47%
    829   673     6932,6585   159     6758,4575     6992,9144 20842817    3,47%
    836   680     6867,0154   195     6758,4575     6992,9144 21002708    3,47%
    844   688     6862,5162   192     6758,4575     6992,9144 21240459    3,47%
    852   696     6854,3790   192     6758,4575     6992,9144 21433225    3,47%
    853   697     6905,7225   148     6758,4575     6992,9144 21468458    3,47%
    860   704     6853,9145   197     6758,4575     6992,9144 21648725    3,47%
    861   705     6898,6598   143     6758,4575     6992,9144 21669143    3,47%
    869   713     6888,0487   189     6758,4575     6992,9144 21801174    3,47%
Elapsed time = 5895,67 sec. (2193529,81 ticks, tree = 23,24 MB, solutions = 19)
    880   724     6800,9619    23     6758,4575     6992,9144 22003912    3,47%
    893   737     6873,4794   178     6758,4575     6992,9144 22277420    3,47%
    897   741     6878,7777   193     6758,4575     6992,9144 22403436    3,47%
    905   749     6886,9921   127     6758,4575     6992,9144 22594839    3,47%
    906   750     6913,1850   196     6758,4575     6992,9144 22612674    3,47%
    913   757     6857,8979   167     6758,4575     6992,9144 22800223    3,47%
   1093   933     6762,7695   102     6758,4575     6992,9144 25757124    3,47%
   1110   950     6919,1268   180     6758,4575     6992,9144 26008950    3,47%
   1118   956     6914,5566   178     6758,4575     6992,9144 26236382    3,47%
   1126   962     6910,2238   175     6758,4575     6992,9144 26453603    3,47%
Elapsed time = 6587,46 sec. (2363703,18 ticks, tree = 33,32 MB, solutions = 19)
   1134   970     6900,1234   166     6758,4575     6992,9144 26672511    3,47%
   1150   982     6898,4354   166     6758,4575     6992,9144 27052270    3,47%
   1158   990     6891,3981   144     6758,4575     6992,9144 27229113    3,47%
   1174  1006     6884,0796   126     6758,4575     6992,9144 27863336    3,47%
   1190  1022     6881,8658   132     6758,4575     6992,9144 28356603    3,47%
   1206  1038     6869,3827   129     6758,4575     6992,9144 28776234    3,47%
   1222  1054     6867,3860   143     6758,4575     6992,9144 29101589    3,47%
   1238  1068     6860,3378   115     6758,4575     6992,9144 29507514    3,47%
   1243  1071     6899,2995   164     6758,4575     6992,9144 29790835    3,47%
   1251  1079     6894,8854   163     6758,4575     6992,9144 29969060    3,47%
Elapsed time = 6819,95 sec. (2422935,69 ticks, tree = 33,32 MB, solutions = 19)
   1265  1091     6810,1447    86     6758,4575     6992,9144 30369144    3,47%
   1273  1095        cutoff           6758,4575     6992,9144 30672348    3,47%
   1289  1109     6808,8474    85     6758,4575     6992,9144 30961602    3,47%
   1405  1201     6916,8930   168     6758,4575     6992,9144 33958995    3,47%
   1420  1212     6860,6194   123     6758,4575     6984,0264 34352783    3,34%
   1424  1216     6807,7695    95     6758,4575     6984,0264 34511343    3,34%
   1432  1224     6806,8710    94     6758,4575     6984,0264 34816032    3,34%
   1448  1240     6804,3910    96     6758,4575     6984,0264 35135466    3,34%
   1464  1256     6800,3340   122     6758,4575     6984,0264 35501386    3,34%
   1480  1272     6798,1469   121     6758,4575     6984,0264 35882202    3,34%
Elapsed time = 7173,86 sec. (2516723,65 ticks, tree = 41,96 MB, solutions = 19)
   1504  1296     6791,9633   120     6758,4575     6984,0264 36405425    3,34%
   1511  1303     6780,0185   165     6758,4575     6984,0264 36528272    3,34%
   1527  1317     6778,1309   152     6758,4575     6984,0264 36841742    3,34%
   1539  1327     6955,6266   181     6758,4575     6984,0264 37274462    3,34%
   1547  1335     6947,5284   181     6758,4575     6984,0264 37528102    3,34%
   1549  1337     6843,0398    49     6758,4575     6984,0264 37607130    3,34%
   1565  1351     6842,2734    52     6758,4575     6984,0264 38057438    3,34%
   1581  1365     6836,3073    46     6758,4575     6984,0264 38471974    3,34%
   1597  1379     6833,8424    43     6758,4575     6984,0264 38965891    3,34%
   1610  1392     6949,1999   159     6758,4575     6984,0264 39305844    3,34%
Elapsed time = 7639,47 sec. (2624325,30 ticks, tree = 41,96 MB, solutions = 19)
   1618  1400     6939,7562   167     6758,4575     6984,0264 39499525    3,34%
   1626  1408     6939,2206   168     6758,4575     6984,0264 39639778    3,34%
   1634  1416     6931,0918   161     6758,4575     6984,0264 39776656    3,34%
   1642  1424     6925,3537   160     6758,4575     6984,0264 39938751    3,34%
   1658  1440     6915,9626   157     6758,4575     6984,0264 40397184    3,34%
   1666  1448     6899,0132   158     6758,4575     6984,0264 40642995    3,34%
   1769  1531     6875,4271   114     6758,4575     6982,9331 43313181    3,32%
   1773  1535     6935,9924   180     6758,4575     6982,9331 43446721    3,32%
   1779  1541     6942,5088   178     6758,4575     6982,9331 43659867    3,32%
   1785  1547     6868,6008   143     6758,4575     6982,9331 43927975    3,32%
Elapsed time = 7863,81 sec. (2728835,18 ticks, tree = 54,36 MB, solutions = 19)
   1786  1548     6784,7377    98     6758,4575     6982,9331 43941821    3,32%
   1802  1564     6782,7054   100     6758,4575     6982,9331 44523312    3,32%
   1812  1574     6870,3826   146     6758,4575     6982,9331 44821539    3,32%
   1820  1582     6869,4051   149     6758,4575     6982,9331 45083005    3,32%
   1828  1590     6860,9274   174     6758,4575     6982,9331 45334079    3,32%
   1844  1606     6852,2124   133     6758,4575     6982,9331 45731515    3,32%
   1852  1614     6847,9715   121     6758,4575     6982,9331 45949755    3,32%
   1868  1630     6834,6220   119     6758,4575     6982,9331 46338839    3,32%
   1892  1654     6829,1646   121     6758,4575     6982,9331 46932546    3,32%
   1895  1657     6829,7950   118     6758,4575     6982,9331 47025814    3,32%
Elapsed time = 8401,52 sec. (2842849,14 ticks, tree = 54,36 MB, solutions = 19)
   1919  1681     6818,0411   112     6758,4575     6982,9331 47541447    3,32%
   1931  1693     6851,7863   167     6758,4575     6982,9331 47783361    3,32%
   1987  1745     6943,4083   172     6758,4575     6982,9331 49132283    3,32%
   2057  1807     6959,0787   185     6758,4575     6982,9331 50706675    3,32%
   2070  1816     6968,3558   194     6758,4575     6982,9331 51049943    3,32%
   2115  1849     6887,8215   128     6758,4575     6970,7634 52018399    3,14%
   2119  1853     6961,9458   188     6758,4575     6970,7634 52186005    3,14%
   2124  1858     6932,9246   174     6758,4575     6970,7634 52436511    3,14%
   2127  1861     6953,4761   148     6758,4575     6970,7634 52566218    3,14%
   2132  1866     6919,2199   213     6758,4575     6970,7634 52828323    3,14%
Elapsed time = 8951,13 sec. (3052509,97 ticks, tree = 64,65 MB, solutions = 19)
   2135  1869     6944,5773   151     6758,4575     6970,7634 52919519    3,14%
   2148  1882     6924,0223   162     6758,4575     6970,7634 53409878    3,14%
   2156  1890     6914,8374   142     6758,4575     6970,7634 53665380    3,14%
   2164  1898     6904,4764   141     6758,4575     6970,7634 53938666    3,14%
   2172  1906     6905,1865   137     6758,4575     6970,7634 54107604    3,14%
   2188  1922     6894,3236   136     6758,4575     6970,7634 54532282    3,14%
   2192  1926     6865,1555   119     6758,4575     6970,7634 54611440    3,14%
   2200  1934     6859,9324   116     6758,4575     6970,7634 54882023    3,14%
   2216  1950     6835,7684   105     6758,4575     6970,7634 55390568    3,14%
   2232  1964     6787,4070    36     6758,4575     6970,7634 55916413    3,14%
Elapsed time = 9311,06 sec. (3149176,95 ticks, tree = 64,65 MB, solutions = 19)
   2248  1980     6778,7023    34     6758,4575     6970,7634 56383547    3,14%
   2264  1996     6771,2362    33     6758,4575     6970,7634 56707291    3,14%
   2280  2011     6761,6877    27     6758,4575     6970,7634 57314904    3,14%
   2288  2017        cutoff           6758,4575     6970,7634 57570333    3,14%
   2296  2025     6957,9026   190     6758,4575     6970,7634 57782983    3,14%
   2304  2033     6949,5445   169     6758,4575     6970,7634 57981835    3,14%
   2312  2041     6948,8414   170     6758,4575     6970,7634 58242561    3,14%
   2320  2049     6940,5723   159     6758,4575     6970,7634 58502563    3,14%
   2490  2193     6935,3375   181     6758,4575     6968,3238 63116129    3,11%
   2497  2200     6916,8672   176     6758,4575     6968,3238 63352519    3,11%
Elapsed time = 9721,41 sec. (3302096,87 ticks, tree = 78,78 MB, solutions = 19)
   2504  2207     6947,7179   167     6758,4575     6968,3238 63629086    3,11%
   2505  2208     6883,8462   167     6758,4575     6968,3238 63715241    3,11%
   2507  2210     6921,2430   168     6758,4575     6968,3238 63909668    3,11%
   2515  2218     6910,9133   165     6758,4575     6968,3238 64127961    3,11%
   2523  2226     6910,3865   151     6758,4575     6968,3238 64514575    3,11%
   2531  2234     6903,7463   168     6758,4575     6968,3238 64725373    3,11%
   2539  2242     6854,5225    39     6758,4575     6968,3238 65097568    3,11%
   2555  2258     6840,0279    36     6758,4575     6968,3238 65619483    3,11%
   2563  2266     6811,3128    61     6758,4575     6968,3238 66004392    3,11%
   2579  2280     6829,0992    29     6758,4575     6968,3238 66491410    3,11%
Elapsed time = 10579,15 sec. (3453223,32 ticks, tree = 78,78 MB, solutions = 19)
   2595  2292     6821,8242    28     6758,4575     6968,3238 66949352    3,11%
   2611  2308     6817,1774    27     6758,4575     6968,3238 67493274    3,11%
   2619  2316     6790,7126    34     6758,4575     6968,3238 67805186    3,11%
   2635  2330     6807,7788    22     6758,4575     6968,3238 68381740    3,11%
   2643  2336     6797,4799    24     6758,4575     6968,3238 68624982    3,11%
   2659  2352     6798,8958    19     6758,4575     6968,3238 69161517    3,11%
   2667  2360     6790,0496    16     6758,4575     6968,3238 69463938    3,11%
   2675  2366        cutoff           6758,4575     6968,3238 69812853    3,11%
   2691  2380        cutoff           6758,4575     6968,3238 70474007    3,11%
   2707  2394        cutoff           6758,4575     6968,3238 71062924    3,11%
Elapsed time = 10715,28 sec. (3509705,47 ticks, tree = 78,78 MB, solutions = 19)
   2715  2400     6770,9468    17     6758,4575     6968,3238 71350917    3,11%
   2731  2416     6770,3558    13     6758,4575     6968,3238 71755844    3,11%
   2735  2418     6832,9420    27     6758,4575     6968,3238 71911622    3,11%
   2751  2432     6818,3159    28     6758,4575     6968,3238 72443956    3,11%
   2767  2438     6823,2197    23     6758,4575     6968,3238 72808474    3,11%
   2783  2448     6817,9306    22     6758,4575     6968,3238 73356045    3,11%
   2795  2458     6957,7635   197     6758,4575     6968,3238 73658463    3,11%
   2803  2464     6955,6653   181     6758,4575     6968,3238 73854468    3,11%
   2819  2480     6945,0845   187     6758,4575     6968,3238 74323020    3,11%
   2978  2615     6950,7523   223     6758,4575     6968,3238 78141926    3,11%
Elapsed time = 10788,77 sec. (3610186,56 ticks, tree = 78,78 MB, solutions = 19)
   2980  2617     6811,8690   102     6758,4575     6965,9546 78207599    3,07%
   2990  2627     6927,9147   208     6758,4575     6965,9546 78521028    3,07%
   2991  2628     6798,5098   111     6758,4575     6965,9546 78535968    3,07%
   2998  2635     6894,5729   182     6758,4575     6965,9546 78754730    3,07%
   3003  2640     6920,0867   180     6758,4575     6965,9546 79036796    3,07%
   3011  2648     6911,6852   152     6758,4575     6965,9546 79281893    3,07%
   3016  2653     6908,5998   128     6758,4575     6965,9546 79442950    3,07%
   3024  2661     6902,9489   133     6758,4575     6965,9546 79664211    3,07%
   3032  2669     6901,7521   133     6758,4575     6965,9546 79892395    3,07%
   3040  2677     6901,4878   130     6758,4575     6965,9546 80074666    3,07%
Elapsed time = 12248,66 sec. (3891474,52 ticks, tree = 96,04 MB, solutions = 19)
   3048  2685     6894,2755   129     6758,4575     6965,9546 80295630    3,07%
   3056  2693     6893,2721   150     6758,4575     6965,9546 80481538    3,07%
   3064  2701     6885,3322   135     6758,4575     6965,9546 80699333    3,07%
   3072  2709     6875,6988   133     6758,4575     6965,9546 80898114    3,07%
   3080  2717     6865,9947   121     6758,4575     6965,9546 81156516    3,07%
   3088  2725     6858,7386   123     6758,4575     6965,9546 81370944    3,07%
   3096  2733     6851,1013   129     6758,4575     6965,9546 81563595    3,07%
   3104  2741     6845,8928   136     6758,4575     6965,9546 81762221    3,07%
   3374  2969     6946,4952   153     6758,4575     6965,9546 90341121    3,07%

Implied bound cuts applied:  868
Flow cuts applied:  23868
Mixed integer rounding cuts applied:  12815
Flow path cuts applied:  421
Gomory fractional cuts applied:  130

Root node processing (before b&c):
  Real time             = 1184,34 sec. (908330,61 ticks)
Parallel b&c, 8 threads:
  Real time             = 11326,24 sec. (3156642,65 ticks)
  Sync time (average)   = 1303,72 sec.
  Wait time (average)   = 1303,98 sec.
                          ------------
Total (root+branch&cut) = 12510,58 sec. (4064973,25 ticks)

<<< solve


OBJECTIVE: 6758.457
avg_utility = 0.861499

<<< post process


<<< done

