
<<< setup


<<< generate

Found incumbent of value 0,000000 after 0,05 sec. (16,51 ticks)
Tried aggregator 8 times.
MIP Presolve eliminated 109372 rows and 307574 columns.
MIP Presolve modified 31115 coefficients.
Aggregator did 71471 substitutions.
Reduced MIP has 70968 rows, 152796 columns, and 467797 nonzeros.
Reduced MIP has 14600 binaries, 0 generals, 0 SOSs, and 0 indicators.
Presolve time = 21,66 sec. (7879,31 ticks)
Probing time = 0,10 sec. (6,41 ticks)
Tried aggregator 1 time.
MIP Presolve modified 135 coefficients.
Reduced MIP has 70968 rows, 152796 columns, and 467797 nonzeros.
Reduced MIP has 14600 binaries, 0 generals, 0 SOSs, and 0 indicators.
Presolve time = 0,83 sec. (266,83 ticks)
Probing time = 0,17 sec. (6,73 ticks)
MIP emphasis: balance optimality and feasibility.
MIP search method: dynamic search.
Parallel mode: deterministic, using up to 8 threads.
Root relaxation solution time = 14,67 sec. (3302,82 ticks)

        Nodes                                         Cuts/
   Node  Left     Objective  IInf  Best Integer    Best Bound    ItCnt     Gap

*     0+    0                            0,0000    23535,0000              --- 
*     0+    0                         2759,9083    23535,0000           752,75%
      0     0     7440,4114  1190     2759,9083     7440,4114    31035  169,59%
      0     0     7245,8194  1294     2759,9083    Cuts: 3669    51928  162,54%
      0     0     6559,8125  1390     2759,9083    Cuts: 4019    73356  137,68%
      0     0     6061,7765  1343     2759,9083    Cuts: 4013    95306  119,64%
*     0+    0                         5112,0008     6061,7765            18,58%
*     0+    0                         5116,8000     6061,7765            18,47%
*     0+    0                         5116,9750     6061,7765            18,46%
*     0+    0                         5116,9989     6061,7765            18,46%
      0     0     5718,7086  1220     5116,9989    Cuts: 3586   149950   11,76%
      0     0     5476,8562   172     5116,9989    Cuts: 3189   227141    7,03%
      0     0     5454,0709    80     5116,9989     Cuts: 522   245542    6,59%
*     0+    0                         5376,2319     5454,0709             1,45%
*     0+    0                         5380,1026     5454,0709             1,37%
*     0+    0                         5384,3605     5454,0709             1,29%
      0     0     5452,9512   117     5384,3605     Cuts: 258   256722    1,27%
      0     0     5452,9260   140     5384,3605     Cuts: 393   269509    1,27%
      0     0     5452,9118   137     5384,3605     Cuts: 460   270670    1,27%
*     0+    0                         5431,1250     5452,9118             0,40%

Implied bound cuts applied:  563
Flow cuts applied:  15123
Mixed integer rounding cuts applied:  3523
Flow path cuts applied:  28
Gomory fractional cuts applied:  388

Root node processing (before b&c):
  Real time             = 1154,04 sec. (364680,91 ticks)
Parallel b&c, 8 threads:
  Real time             =    0,00 sec. (0,00 ticks)
  Sync time (average)   =    0,00 sec.
  Wait time (average)   =    0,00 sec.
                          ------------
Total (root+branch&cut) = 1154,04 sec. (364680,91 ticks)

<<< solve


OBJECTIVE: 5431.125
avg_utility = 0.692304

<<< post process


<<< done

