
<<< setup


<<< generate

Presolve has eliminated 85669 rows and 111219 columns...
Tried aggregator 7 times.
MIP Presolve eliminated 248349 rows and 286779 columns.
MIP Presolve modified 3951 coefficients.
Aggregator did 19560 substitutions.
Reduced MIP has 7127 rows, 18690 columns, and 42720 nonzeros.
Reduced MIP has 6230 binaries, 0 generals, 0 SOSs, and 0 indicators.
Presolve time = 4,91 sec. (13474,05 ticks)
Found incumbent of value 0,000000 after 4,96 sec. (13504,05 ticks)
Probing time = 0,01 sec. (5,16 ticks)
Tried aggregator 2 times.
MIP Presolve eliminated 0 rows and 890 columns.
MIP Presolve modified 1780 coefficients.
Aggregator did 890 substitutions.
Reduced MIP has 6237 rows, 16910 columns, and 39160 nonzeros.
Reduced MIP has 6230 binaries, 0 generals, 0 SOSs, and 0 indicators.
Presolve time = 0,08 sec. (76,27 ticks)
Probing time = 0,02 sec. (4,89 ticks)
Clique table members: 890.
MIP emphasis: balance optimality and feasibility.
MIP search method: dynamic search.
Parallel mode: deterministic, using up to 24 threads.
Root relaxation solution time = 0,12 sec. (166,85 ticks)

        Nodes                                         Cuts/
   Node  Left     Objective  IInf  Best Integer    Best Bound    ItCnt     Gap

*     0+    0                            0,0000     5696,0000        8     --- 
      0     0     1120,3750    30        0,0000     1120,3750        8     --- 
*     0+    0                         1120,3000     1120,3750        8    0,01%
*     0     0      integral     0     1120,3000     1120,3750        8    0,01%
Elapsed time = 7,49 sec. (16703,00 ticks, tree = 0,00 MB, solutions = 2)

Root node processing (before b&c):
  Real time             =    2,42 sec. (3112,30 ticks)
Parallel b&c, 24 threads:
  Real time             =    0,00 sec. (0,00 ticks)
  Sync time (average)   =    0,00 sec.
  Wait time (average)   =    0,00 sec.
                          ------------
Total (root+branch&cut) =    2,42 sec. (3112,30 ticks)

<<< solve


OBJECTIVE: 1120.3

<<< post process


<<< done

