
<<< setup


<<< generate

Found incumbent of value 0,000000 after 0,01 sec. (11,70 ticks)
Tried aggregator 3 times.
MIP Presolve eliminated 175370 rows and 262380 columns.
MIP Presolve modified 2937 coefficients.
Aggregator did 66291 substitutions.
Reduced MIP has 9572 rows, 22210 columns, and 68461 nonzeros.
Reduced MIP has 2042 binaries, 0 generals, 0 SOSs, and 0 indicators.
Presolve time = 1,80 sec. (1776,64 ticks)
Probing time = 0,00 sec. (1,02 ticks)
Tried aggregator 1 time.
Reduced MIP has 9572 rows, 22210 columns, and 68461 nonzeros.
Reduced MIP has 2042 binaries, 0 generals, 0 SOSs, and 0 indicators.
Presolve time = 0,04 sec. (35,91 ticks)
Probing time = 0,01 sec. (1,02 ticks)
MIP emphasis: balance optimality and feasibility.
MIP search method: dynamic search.
Parallel mode: deterministic, using up to 8 threads.
Root relaxation solution time = 0,15 sec. (154,46 ticks)

        Nodes                                         Cuts/
   Node  Left     Objective  IInf  Best Integer    Best Bound    ItCnt     Gap

*     0+    0                            0,0000    16398,8981              --- 
      0     0     3775,0000   936        0,0000     3775,0000     1429     --- 
*     0+    0                         3542,0023     3775,0000             6,58%
      0     0     3652,5916    73     3542,0023    Cuts: 2493     9180    3,12%
      0     0     3592,2404    19     3542,0023     Cuts: 437    17798    1,42%
*     0+    0                         3588,9363     3592,2404             0,09%
*     0+    0                         3589,6469     3592,2404             0,07%
*     0+    0                         3589,7454     3592,2404             0,07%

Implied bound cuts applied:  123
Flow cuts applied:  1868
Mixed integer rounding cuts applied:  436
Flow path cuts applied:  171
Gomory fractional cuts applied:  208

Root node processing (before b&c):
  Real time             =   11,29 sec. (11769,96 ticks)
Parallel b&c, 8 threads:
  Real time             =    0,00 sec. (0,00 ticks)
  Sync time (average)   =    0,00 sec.
  Wait time (average)   =    0,00 sec.
                          ------------
Total (root+branch&cut) =   11,29 sec. (11769,96 ticks)

<<< solve


OBJECTIVE: 3589.745
avg_utility = 0.950926

<<< post process


<<< done

