
<<< setup


<<< generate

Tried aggregator 2 times.
MIP Presolve eliminated 138503 rows and 132422 columns.
MIP Presolve modified 2051 coefficients.
Aggregator did 15040 substitutions.
Reduced MIP has 4495 rows, 8568 columns, and 18768 nonzeros.
Reduced MIP has 3558 binaries, 930 generals, 0 SOSs, and 0 indicators.
Presolve time = 0,96 sec. (2984,18 ticks)
Found incumbent of value 0,000000 after 0,98 sec. (2995,35 ticks)
Probing time = 0,00 sec. (2,02 ticks)
Tried aggregator 1 time.
Presolve time = 0,01 sec. (9,35 ticks)
Probing time = 0,01 sec. (2,02 ticks)
Clique table members: 253.
MIP emphasis: balance optimality and feasibility.
MIP search method: dynamic search.
Parallel mode: deterministic, using up to 24 threads.
Root relaxation solution time = 0,03 sec. (24,18 ticks)

        Nodes                                         Cuts/
   Node  Left     Objective  IInf  Best Integer    Best Bound    ItCnt     Gap

*     0+    0                            0,0000     5606,8536      528     --- 
*     0     0      integral     0     1112,7362     1112,7362      528    0,00%
Elapsed time = 1,08 sec. (3051,01 ticks, tree = 0,00 MB, solutions = 2)

Root node processing (before b&c):
  Real time             =    0,08 sec. (41,64 ticks)
Parallel b&c, 24 threads:
  Real time             =    0,00 sec. (0,00 ticks)
  Sync time (average)   =    0,00 sec.
  Wait time (average)   =    0,00 sec.
                          ------------
Total (root+branch&cut) =    0,08 sec. (41,64 ticks)

<<< solve


OBJECTIVE: 1112.736
avg_utility = 0.851366668706955

<<< post process


<<< done

