
<<< setup


<<< generate

Found incumbent of value 0.000000 after 0.02 sec. (7.20 ticks)
Tried aggregator 7 times.
MIP Presolve eliminated 24343 rows and 109956 columns.
MIP Presolve modified 31667 coefficients.
Aggregator did 34098 substitutions.
Reduced MIP has 38314 rows, 87307 columns, and 241148 nonzeros.
Reduced MIP has 13475 binaries, 6474 generals, 0 SOSs, and 0 indicators.
Presolve time = 5.16 sec. (3010.97 ticks)
Probing time = 0.08 sec. (4.23 ticks)
Tried aggregator 1 time.
Reduced MIP has 38314 rows, 87307 columns, and 241148 nonzeros.
Reduced MIP has 13475 binaries, 6474 generals, 0 SOSs, and 0 indicators.
Presolve time = 0.37 sec. (116.77 ticks)
Probing time = 0.23 sec. (4.51 ticks)
Clique table members: 702.
MIP emphasis: balance optimality and feasibility.
MIP search method: dynamic search.
Parallel mode: deterministic, using up to 8 threads.
Root relaxation solution time = 3.08 sec. (1355.94 ticks)

        Nodes                                         Cuts/
   Node  Left     Objective  IInf  Best Integer    Best Bound    ItCnt     Gap

*     0+    0                            0.0000    34875.0000              --- 
      0     0    11636.2464  1305        0.0000    11636.2464     5984     --- 
*     0+    0                         6738.0000    11636.2464            72.70%
      0     0    11053.6314  1323     6738.0000    Cuts: 3958    10776   64.05%
      0     0    10330.5565  1415     6738.0000    Cuts: 3741    14743   53.32%
      0     0     9531.8129  1707     6738.0000    Cuts: 3688    19712   41.46%
      0     0     8997.5896  1240     6738.0000    Cuts: 3742    27076   33.54%
      0     0     8637.8996  1860     6738.0000    Cuts: 3478    33465   28.20%
      0     0     8501.5138  1362     6738.0000    Cuts: 3339    40373   26.17%
      0     0     8383.8528  1155     6738.0000    Cuts: 3414    43777   24.43%
      0     0     8244.2263   852     6738.0000    Cuts: 2619    47340   22.35%
      0     0     8176.2426  1053     6738.0000    Cuts: 2001    50474   21.35%
      0     0     8133.1147   558     6738.0000    Cuts: 1642    53025   20.71%
      0     0     8108.5664   599     6738.0000     Cuts: 695    54039   20.34%
*     0+    0                         6760.4000     8108.5664            19.94%
      0     0     8103.5892   479     6760.4000     Cuts: 777    54495   19.87%
*     0+    0                         6844.2000     8103.5892            18.40%
      0     0     8101.1146   331     6844.2000     Cuts: 662    57033   18.36%
      0     0     8099.0433   219     6844.2000     Cuts: 383    57317   18.33%
      0     0     8095.3311   361     6844.2000     Cuts: 242    57837   18.28%
      0     0     8094.2052   414     6844.2000     Cuts: 418    58116   18.26%
*     0+    0                         6847.2000     8094.2052            18.21%
      0     0     8093.3489   374     6847.2000     Cuts: 408    58588   18.20%
      0     0     8091.7680   260     6847.2000     Cuts: 446    58815   18.18%
      0     0     8090.8851   262     6847.2000     Cuts: 251    59057   18.16%
Heuristic still looking.
Heuristic still looking.
*     0+    0                         7302.6000     8090.8851            10.79%
      0     2     8090.8851   262     7302.6000     8090.8851    59057   10.79%
Elapsed time = 313.40 sec. (110311.71 ticks, tree = 0.00 MB, solutions = 6)
      1     3     8090.6255   273     7302.6000     8090.8851    59113   10.79%
      3     5     8088.5253   237     7302.6000     8088.6159    59150   10.76%
      4     6     8085.3536   214     7302.6000     8088.6159    59803   10.76%
      8    10     8081.4023   192     7302.6000     8088.6159    60008   10.76%
     10    12     8072.3825   278     7302.6000     8088.5246    61329   10.76%
     12    14     8064.0387   194     7302.6000     8088.5246    62081   10.76%
     13    15     7983.7996   194     7302.6000     8088.5246    64008   10.76%
     19    21     8087.6346   192     7302.6000     8088.5246    65827   10.76%
     20    22     8075.9222   132     7302.6000     8088.5246    67312   10.76%
     29    31     7966.7388   135     7302.6000     8088.5246    71690   10.76%
Elapsed time = 389.09 sec. (123812.17 ticks, tree = 0.00 MB, solutions = 6)
     32    34     7983.9388   139     7302.6000     8088.5246    76462   10.76%
     40    42     8081.0809   136     7302.6000     8087.2332    82414   10.74%
     42    44     8057.3585    92     7302.6000     8087.2332    86512   10.74%
     77    79     7965.1276    86     7302.6000     8087.2332    98749   10.74%
     86    88     8079.9792   111     7302.6000     8087.2332   108315   10.74%
     92    94     8053.3781   104     7302.6000     8087.2332   109710   10.74%
    161   163     8053.8351    73     7302.6000     8087.2332   123690   10.74%
    173   175     8052.6641    84     7302.6000     8087.2332   126998   10.74%
    189   191     8037.7146    85     7302.6000     8087.2332   133247   10.74%
   1411  1413     8049.6933    70     7302.6000     8087.2332   151627   10.74%
Elapsed time = 944.64 sec. (200602.78 ticks, tree = 491.98 MB, solutions = 6)
   1433  1435     7928.2260    46     7302.6000     8087.2332   153144   10.74%
   1823  1825     8048.9371    50     7302.6000     8087.2332   165393   10.74%
   1853  1855     7927.1041    52     7302.6000     8087.2332   171203   10.74%
   2023  2025     8048.9371    50     7302.6000     8087.2332   176167   10.74%
   2389  2391     7927.1041    54     7302.6000     8087.2332   183687   10.74%
   2400  2402     7971.5000    12     7302.6000     8087.2332   184151   10.74%
   2754  2756     8062.2795    76     7302.6000     8087.2332   198404   10.74%
   2787  2789     8067.6786    40     7302.6000     8087.2332   199582   10.74%
   2803  2805     8067.6744    63     7302.6000     8087.2332   200382   10.74%
   2819  2821     8067.6744    63     7302.6000     8087.2332   201159   10.74%
Elapsed time = 1380.34 sec. (266083.88 ticks, tree = 1310.32 MB, solutions = 6)
   2843  2845     8067.6744    63     7302.6000     8087.2332   202389   10.74%
   2859  2861     8067.6744    63     7302.6000     8087.2332   203026   10.74%
   2875  2877     8067.6744    63     7302.6000     8087.2332   204668   10.74%
   2891  2893     8067.6744    63     7302.6000     8087.2332   205367   10.74%
   2915  2917     8067.6744    63     7302.6000     8087.2332   206523   10.74%
   2931  2933     8067.6744    63     7302.6000     8087.2332   207081   10.74%
*  3414+ 2276                         8060.6000     8087.2332             0.33%

Implied bound cuts applied:  825
Flow cuts applied:  17303
Mixed integer rounding cuts applied:  10391
Flow path cuts applied:  1852
Lift and project cuts applied:  1
Gomory fractional cuts applied:  387

Root node processing (before b&c):
  Real time             =  312.93 sec. (110221.86 ticks)
Parallel b&c, 8 threads:
  Real time             = 1278.40 sec. (206414.31 ticks)
  Sync time (average)   =  376.91 sec.
  Wait time (average)   =  381.59 sec.
                          ------------
Total (root+branch&cut) = 1591.33 sec. (316636.17 ticks)

<<< solve


OBJECTIVE: 8060.6
avg_utility = 0.662933

<<< post process


<<< done

