
<<< setup


<<< generate

Found incumbent of value 0,000000 after 0,01 sec. (9,62 ticks)
Tried aggregator 2 times.
MIP Presolve eliminated 363107 rows and 202505 columns.
MIP Presolve modified 7763 coefficients.
Aggregator did 7760 substitutions.
Reduced MIP has 8539 rows, 16296 columns, and 35696 nonzeros.
Reduced MIP has 7516 binaries, 1020 generals, 0 SOSs, and 0 indicators.
Presolve time = 0,19 sec. (267,25 ticks)
Probing time = 0,01 sec. (2,11 ticks)
Tried aggregator 1 time.
Reduced MIP has 8539 rows, 16296 columns, and 35696 nonzeros.
Reduced MIP has 7516 binaries, 1020 generals, 0 SOSs, and 0 indicators.
Presolve time = 0,03 sec. (27,86 ticks)
Probing time = 0,01 sec. (2,10 ticks)
Clique table members: 606.
MIP emphasis: balance optimality and feasibility.
MIP search method: dynamic search.
Parallel mode: deterministic, using up to 8 threads.
Root relaxation solution time = 0,13 sec. (229,68 ticks)

        Nodes                                         Cuts/
   Node  Left     Objective  IInf  Best Integer    Best Bound    ItCnt     Gap

*     0+    0                            0,0000     7005,3495              --- 
      0     0     1482,3622     3        0,0000     1482,3622       19     --- 
      0     0     1482,3622     7        0,0000       Cuts: 4       23     --- 
*     0+    0                         1482,2986     1482,3622             0,00%

Cover cuts applied:  1
Flow cuts applied:  1
Gomory fractional cuts applied:  1

Root node processing (before b&c):
  Real time             =    0,72 sec. (1170,35 ticks)
Parallel b&c, 8 threads:
  Real time             =    0,00 sec. (0,00 ticks)
  Sync time (average)   =    0,00 sec.
  Wait time (average)   =    0,00 sec.
                          ------------
Total (root+branch&cut) =    0,72 sec. (1170,35 ticks)

<<< solve


OBJECTIVE: 1482.299
avg_utility = 0.907715

<<< post process


<<< done

