
<<< setup


<<< generate

Found incumbent of value 0,000000 after 0,02 sec. (16,49 ticks)
Tried aggregator 8 times.
MIP Presolve eliminated 111803 rows and 335730 columns.
MIP Presolve modified 30141 coefficients.
Aggregator did 91408 substitutions.
Reduced MIP has 48339 rows, 103983 columns, and 308102 nonzeros.
Reduced MIP has 14040 binaries, 0 generals, 0 SOSs, and 0 indicators.
Presolve time = 9,49 sec. (7321,70 ticks)
Probing time = 0,03 sec. (4,47 ticks)
Tried aggregator 1 time.
Reduced MIP has 48339 rows, 103983 columns, and 308102 nonzeros.
Reduced MIP has 14040 binaries, 0 generals, 0 SOSs, and 0 indicators.
Presolve time = 0,23 sec. (170,73 ticks)
Probing time = 0,03 sec. (4,74 ticks)
MIP emphasis: balance optimality and feasibility.
MIP search method: dynamic search.
Parallel mode: deterministic, using up to 8 threads.
Root relaxation solution time = 1,77 sec. (1033,82 ticks)

        Nodes                                         Cuts/
   Node  Left     Objective  IInf  Best Integer    Best Bound    ItCnt     Gap

*     0+    0                            0,0000    20594,0000              --- 
      0     0     7868,0000  1551        0,0000     7868,0000     3713     --- 
      0     0     7424,7637   923        0,0000    Cuts: 4654    43183     --- 
      0     0     7051,9190  1194        0,0000    Cuts: 2914   111993     --- 
      0     0     6710,7063  1301        0,0000    Cuts: 3395   135064     --- 
*     0+    0                         5141,1343     6710,7063            30,53%
*     0+    0                         5152,2200     6710,7063            30,25%
*     0+    0                         5366,3429     6710,7063            25,05%
*     0+    0                         5377,0571     6710,7063            24,80%
*     0+    0                         5384,6571     6710,7063            24,63%
*     0+    0                         5385,3143     6710,7063            24,61%
*     0+    0                         5386,5143     6710,7063            24,58%
      0     0     6363,6568  1375     5386,5143    Cuts: 3641   146395   18,14%
      0     0     6036,7411   115     5386,5143    Cuts: 3471   168681   12,07%
      0     0     5994,9502   118     5386,5143     Cuts: 398   174273   11,30%
      0     0     5982,0634   164     5386,5143     Cuts: 585   176406   11,06%
      0     0     5976,2662   168     5386,5143     Cuts: 803   177751   10,95%
      0     0     5971,4022   189     5386,5143     Cuts: 750   184033   10,86%
*     0+    0                         5802,2481     5971,4022             2,92%
*     0+    0                         5873,6252     5971,4022             1,66%
*     0+    0                         5874,8395     5971,4022             1,64%
*     0+    0                         5878,2395     5971,4022             1,58%
*     0+    0                         5878,9752     5971,4022             1,57%
*     0+    0                         5880,1681     5971,4022             1,55%
*     0+    0                         5880,2824     5971,4022             1,55%
*     0+    0                         5880,5514     5971,4022             1,54%
      0     0     5969,2656   166     5880,5514     Cuts: 700   186484    1,51%
      0     0     5968,5529   214     5880,5514     Cuts: 669   190784    1,50%
      0     0     5966,9777   264     5880,5514     Cuts: 913   192428    1,47%
      0     0     5965,3043   203     5880,5514     Cuts: 979   197667    1,44%
      0     0     5964,6625   201     5880,5514     Cuts: 620   202377    1,43%
      0     0     5963,9537   268     5880,5514     Cuts: 548   203686    1,42%
*     0+    0                         5894,0146     5963,9537             1,19%
*     0+    0                         5897,4146     5963,9537             1,13%
*     0+    0                         5897,5146     5963,9537             1,13%
*     0+    0                         5899,0746     5963,9537             1,10%
Heuristic still looking.
      0     2     5963,9537   268     5899,0746     5963,9537   203686    1,10%
Elapsed time = 403,59 sec. (326642,17 ticks, tree = 0,00 MB, solutions = 20)
      1     3     5963,9536   260     5899,0746     5963,9537   209938    1,10%
      2     4     5963,8235   247     5899,0746     5963,9516   211098    1,10%
      5     5     5963,8415   258     5899,0746     5963,9489   212222    1,10%
      7     7     5963,6635   256     5899,0746     5963,9489   212469    1,10%
      8     8     5963,8368   221     5899,0746     5963,9489   213584    1,10%
      9     9     5963,6930   242     5899,0746     5963,7989   213756    1,10%
     10    10     5963,5313   226     5899,0746     5963,7989   213996    1,10%
     11    11     5963,6150   241     5899,0746     5963,7989   223951    1,10%
     14    14     5963,5958   241     5899,0746     5963,7989   251265    1,10%
     17    17     5963,5688   240     5899,0746     5963,7989   253202    1,10%
Elapsed time = 510,70 sec. (406306,69 ticks, tree = 0,00 MB, solutions = 20)
     20    20     5963,5834   251     5899,0746     5963,7989   254414    1,10%
     21    21     5963,7257   233     5899,0746     5963,7989   258586    1,10%
     22    22     5963,3975   223     5899,0746     5963,7989   270914    1,10%
     24    24     5961,6418   208     5899,0746     5963,7989   314135    1,10%
*    25+   23                         5903,2786     5963,7989             1,03%
     27    27     5961,7171   200     5903,2786     5963,7989   361629    1,03%
     37    37     5961,5011   200     5903,2786     5963,7524   377122    1,02%
     44    44     5963,2674   231     5903,2786     5963,7524   385785    1,02%
     52    52     5963,3473   232     5903,2786     5963,7524   393581    1,02%
     60    58     5963,3586   225     5903,2786     5963,7524   404197    1,02%
     63    61     5961,6385   240     5903,2786     5963,7524   427821    1,02%
Elapsed time = 806,25 sec. (479941,17 ticks, tree = 0,00 MB, solutions = 24)
     78    76     5962,8450   207     5903,2786     5963,7524   454149    1,02%
     79    77     5950,5503   230     5903,2786     5963,7524   456842    1,02%
    105   103     5954,4542   234     5903,2786     5963,7524   489070    1,02%
    136   134     5953,2913   220     5903,2786     5963,7524   527034    1,02%
    138   136     5949,7644   189     5903,2786     5963,7524   528488    1,02%
    139   137     5962,8473   236     5903,2786     5963,7524   535579    1,02%
    141   139     5954,4334   210     5903,2786     5963,7524   563238    1,02%
    147   145     5962,6733   228     5903,2786     5963,7524   588615    1,02%
    155   153     5962,6520   209     5903,2786     5963,7524   610322    1,02%
    171   169     5962,5081   228     5903,2786     5963,7524   659295    1,02%
Elapsed time = 1079,10 sec. (566043,31 ticks, tree = 0,00 MB, solutions = 24)
    222   220     5931,7618   208     5903,2786     5963,7524   720067    1,02%
    231   229     5962,6464   212     5903,2786     5963,7524   727199    1,02%
    233   231     5954,1816   217     5903,2786     5963,7524   727557    1,02%
    241   239     5953,1037   213     5903,2786     5963,7524   734494    1,02%
    257   255     5953,1012   207     5903,2786     5963,7524   751128    1,02%
    281   279     5953,1015   206     5903,2786     5963,7524   771615    1,02%
    299   297     5953,4160   197     5903,2786     5963,7524   786428    1,02%
    402   394     5963,4420   235     5903,2786     5963,7257   933361    1,02%
    405   397     5948,5619   237     5903,2786     5963,7257   952442    1,02%
    420   412     5949,0256   151     5903,2786     5963,7257   982349    1,02%
Elapsed time = 1427,84 sec. (684447,60 ticks, tree = 8,65 MB, solutions = 24)
    428   420     5924,5642   166     5903,2786     5963,7257   994473    1,02%
    435   427     5947,9532   159     5903,2786     5963,7257  1022909    1,02%
    443   435     5947,6814   150     5903,2786     5963,7257  1034537    1,02%
    451   441     5947,5140   150     5903,2786     5963,7257  1047236    1,02%
    459   449     5947,3330   152     5903,2786     5963,7257  1059157    1,02%
    579   561     5922,3178   165     5903,2786     5963,7257  1268235    1,02%
    646   622     5963,4669   239     5903,2786     5963,7257  1393727    1,02%
    670   646     5961,7197   172     5903,2786     5963,7257  1422357    1,02%
    674   650     5963,4417   241     5903,2786     5963,7257  1429720    1,02%
    682   656     5963,1897   237     5903,2786     5963,7257  1448238    1,02%
Elapsed time = 1555,82 sec. (752871,92 ticks, tree = 15,94 MB, solutions = 24)
    693   667     5942,4587   197     5903,2786     5963,7257  1466487    1,02%
    701   673     5942,4305   200     5903,2786     5963,7257  1493503    1,02%
    709   681     5941,0381   221     5903,2786     5963,7257  1505955    1,02%
    725   695     5933,1331   222     5903,2786     5963,7257  1552932    1,02%
    734   702     5937,7853   126     5903,2786     5963,7257  1626939    1,02%
*   808+  774                         5911,4250     5963,7257             0,88%

Cover cuts applied:  8
Implied bound cuts applied:  1276
Flow cuts applied:  17993
Mixed integer rounding cuts applied:  4261
Flow path cuts applied:  310
Gomory fractional cuts applied:  245

Root node processing (before b&c):
  Real time             =  403,38 sec. (326425,88 ticks)
Parallel b&c, 8 threads:
  Real time             = 1291,60 sec. (471604,27 ticks)
  Sync time (average)   =  302,36 sec.
  Wait time (average)   =  302,52 sec.
                          ------------
Total (root+branch&cut) = 1694,98 sec. (798030,14 ticks)

<<< solve


OBJECTIVE: 5911.425
avg_utility = 0.751325

<<< post process


<<< done

