
<<< setup


<<< generate

Found incumbent of value 0,000000 after 0,01 sec. (9,65 ticks)
Tried aggregator 8 times.
MIP Presolve eliminated 155377 rows and 120439 columns.
MIP Presolve modified 38084 coefficients.
Aggregator did 56958 substitutions.
Reduced MIP has 45310 rows, 88164 columns, and 242303 nonzeros.
Reduced MIP has 9590 binaries, 4566 generals, 0 SOSs, and 0 indicators.
Presolve time = 3,89 sec. (4258,18 ticks)
Probing time = 0,03 sec. (4,65 ticks)
Tried aggregator 1 time.
Reduced MIP has 45310 rows, 88164 columns, and 242303 nonzeros.
Reduced MIP has 9590 binaries, 4566 generals, 0 SOSs, and 0 indicators.
Presolve time = 0,18 sec. (113,63 ticks)
Probing time = 0,02 sec. (4,91 ticks)
Clique table members: 1181.
MIP emphasis: balance optimality and feasibility.
MIP search method: dynamic search.
Parallel mode: deterministic, using up to 8 threads.
Root relaxation solution time = 0,32 sec. (282,88 ticks)

        Nodes                                         Cuts/
   Node  Left     Objective  IInf  Best Integer    Best Bound    ItCnt     Gap

*     0+    0                            0,0000    33275,6274              --- 
      0     0     7868,0000  1467        0,0000     7868,0000     5509     --- 
*     0+    0                         4730,0000     7868,0000            66,34%
      0     0     7709,0894  2861     4730,0000    Cuts: 4382    17998   62,98%
      0     0     7588,2297  4259     4730,0000    Cuts: 4484    28017   60,43%
      0     0     7462,3110  4977     4730,0000    Cuts: 5111    39570   57,77%
      0     0     7358,1495  5158     4730,0000    Cuts: 4911    51432   55,56%
      0     0     7295,2299  4606     4730,0000    Cuts: 4588    64265   54,23%
      0     0     7217,2377  3648     4730,0000    Cuts: 5152    74887   52,58%
      0     0     7194,7838  3847     4730,0000    Cuts: 3579    80997   52,11%
      0     0     7173,9736  3657     4730,0000    Cuts: 3264    84876   51,67%
*     0+    0                         4918,7876     7173,9736            45,85%
      0     0     7160,1993  3215     4918,7876    Cuts: 2997    90320   45,57%
      0     0     7144,5157  2762     4918,7876    Cuts: 1860    94092   45,25%
      0     0     7137,6850  2005     4918,7876    Cuts: 1259    97630   45,11%
*     0+    0                         4922,7690     7137,6850            44,99%
      0     0     7134,1195  2427     4922,7690     Cuts: 952    99043   44,92%
*     0+    0                         4932,8502     7134,1195            44,62%
      0     0     7131,0966  2916     4932,8502     Cuts: 958   100884   44,56%
      0     0     7127,1398  1465     4932,8502    Cuts: 1030   103006   44,48%
      0     0     7124,9584   797     4932,8502     Cuts: 509   104139   44,44%
      0     0     7124,6622   714     4932,8502     Cuts: 213   104533   44,43%
      0     0     7124,3649   788     4932,8502     Cuts: 193   105000   44,43%
      0     0     7124,2151   711     4932,8502     Cuts: 267   105149   44,42%
      0     0     7123,9712   837     4932,8502     Cuts: 158   105551   44,42%
Heuristic still looking.
      0     2     7123,9712   837     4932,8502     7123,9712   105551   44,42%
Elapsed time = 191,93 sec. (113337,85 ticks, tree = 0,00 MB, solutions = 5)
      1     3     7107,4842   669     4932,8502     7123,9712   111192   44,42%
      2     4     7102,2023   609     4932,8502     7117,9160   112027   44,30%
      3     5     7117,8327   717     4932,8502     7117,9160   112944   44,30%
      4     6     7112,1827   595     4932,8502     7117,9160   113070   44,30%
      5     7     7092,5179   656     4932,8502     7115,5025   113761   44,25%
      6     8     7102,4418   791     4932,8502     7115,5025   115358   44,25%
      7     9     7083,8684   903     4932,8502     7115,5025   123721   44,25%
      9    11     7076,8935   934     4932,8502     7115,5025   126269   44,25%
     10    12     7072,6728   848     4932,8502     7115,5025   126749   44,25%
     11    13     7091,7610   524     4932,8502     7115,5025   127881   44,25%
Elapsed time = 239,35 sec. (139138,76 ticks, tree = 0,00 MB, solutions = 5)
     14    16     7081,9836   621     4932,8502     7115,5025   133052   44,25%
     20    22     7074,3664   606     4932,8502     7115,5025   141952   44,25%
     23    25     7084,7553  1042     4932,8502     7115,5025   146621   44,25%
     26    28     7082,4433   759     4932,8502     7115,5025   149270   44,25%
     32    34     7079,3712  1029     4932,8502     7115,5025   153257   44,25%
     66    68     7062,2021  1031     4932,8502     7115,5025   179518   44,25%
     74    76     7073,1499   928     4932,8502     7115,5025   184764   44,25%
     90    92     7067,4921   795     4932,8502     7115,5025   195381   44,25%
    100   102     7048,6727  1381     4932,8502     7115,5025   201226   44,25%
    106   108     7048,7967  1011     4932,8502     7115,5025   207190   44,25%
Elapsed time = 407,30 sec. (175548,45 ticks, tree = 0,00 MB, solutions = 5)
    143   145     7048,9685   697     4932,8502     7115,5025   227504   44,25%
    155   157     7009,0723  1093     4932,8502     7115,5025   234149   44,25%
    160   162     7048,7113  1161     4932,8502     7115,5025   242446   44,25%
    168   170     7061,7186  1093     4932,8502     7115,5025   248100   44,25%
    178   180     7006,9387  1336     4932,8502     7115,5025   257171   44,25%
    192   194     7051,6901   982     4932,8502     7115,5025   271106   44,25%
    200   202     7037,1576  1531     4932,8502     7115,5025   280140   44,25%
    239   241     6969,6656  2130     4932,8502     7115,5025   305255   44,25%
    249   251     7042,4749  1134     4932,8502     7115,5025   310307   44,25%
    254   256     6982,6027  1034     4932,8502     7115,5025   312846   44,25%
Elapsed time = 653,72 sec. (219075,81 ticks, tree = 1,45 MB, solutions = 5)
    278   280     6969,5206  1023     4932,8502     7115,5025   337720   44,25%
    287   289     6978,6080   847     4932,8502     7115,5025   341136   44,25%
    291   293     6975,1563  1340     4932,8502     7115,5025   345007   44,25%
    311   313     6928,8815  2053     4932,8502     7115,5025   366023   44,25%
    314   316     6966,6028  1271     4932,8502     7115,5025   367564   44,25%
