
<<< setup


<<< generate

Found incumbent of value 0,000000 after 0,03 sec. (11,19 ticks)
Tried aggregator 4 times.
MIP Presolve eliminated 121575 rows and 246926 columns.
MIP Presolve modified 5247 coefficients.
Aggregator did 59215 substitutions.
Reduced MIP has 20235 rows, 43780 columns, and 137876 nonzeros.
Reduced MIP has 4070 binaries, 0 generals, 0 SOSs, and 0 indicators.
Presolve time = 4,08 sec. (2078,52 ticks)
Probing time = 0,04 sec. (1,84 ticks)
Tried aggregator 1 time.
Reduced MIP has 20235 rows, 43780 columns, and 137876 nonzeros.
Reduced MIP has 4070 binaries, 0 generals, 0 SOSs, and 0 indicators.
Presolve time = 0,18 sec. (67,18 ticks)
Probing time = 0,03 sec. (1,93 ticks)
MIP emphasis: balance optimality and feasibility.
MIP search method: dynamic search.
Parallel mode: deterministic, using up to 8 threads.
Root relaxation solution time = 1,28 sec. (408,25 ticks)

        Nodes                                         Cuts/
   Node  Left     Objective  IInf  Best Integer    Best Bound    ItCnt     Gap

*     0+    0                            0,0000     9869,8000              --- 
*     0+    0                         2214,1700     9869,8000           345,76%
      0     0     2560,4000   699     2214,1700     2560,4000     6207   15,64%
*     0+    0                         2328,3374     2560,4000             9,97%
      0     0     2473,1195   490     2328,3374    Cuts: 1572    12138    6,22%
      0     0     2381,2060    96     2328,3374    Cuts: 1280    45806    2,27%
      0     0     2377,0298    73     2328,3374     Cuts: 329    52877    2,09%
*     0+    0                         2371,3650     2377,0298             0,24%

Implied bound cuts applied:  21
Flow cuts applied:  2506
Mixed integer rounding cuts applied:  283
Flow path cuts applied:  4
Gomory fractional cuts applied:  134

Root node processing (before b&c):
  Real time             =   30,23 sec. (17189,33 ticks)
Parallel b&c, 8 threads:
  Real time             =    0,00 sec. (0,00 ticks)
  Sync time (average)   =    0,00 sec.
  Wait time (average)   =    0,00 sec.
                          ------------
Total (root+branch&cut) =   30,23 sec. (17189,33 ticks)

<<< solve


OBJECTIVE: 2371.365
avg_utility = 0.627511

<<< post process


<<< done

