
<<< setup


<<< generate

Found incumbent of value 0,000000 after 0,02 sec. (24,46 ticks)
Tried aggregator 2 times.
MIP Presolve eliminated 520176 rows and 668407 columns.
MIP Presolve modified 13181 coefficients.
Aggregator did 18522 substitutions.
Reduced MIP has 19802 rows, 43896 columns, and 128018 nonzeros.
Reduced MIP has 17206 binaries, 1710 generals, 0 SOSs, and 0 indicators.
Presolve time = 1,00 sec. (874,19 ticks)
Probing time = 0,02 sec. (3,77 ticks)
Tried aggregator 1 time.
Reduced MIP has 19802 rows, 43896 columns, and 128018 nonzeros.
Reduced MIP has 17206 binaries, 1710 generals, 0 SOSs, and 0 indicators.
Presolve time = 0,08 sec. (77,49 ticks)
Probing time = 0,02 sec. (4,39 ticks)
Clique table members: 681.
MIP emphasis: balance optimality and feasibility.
MIP search method: dynamic search.
Parallel mode: deterministic, using up to 8 threads.
Root relaxation solution time = 0,59 sec. (705,90 ticks)

        Nodes                                         Cuts/
   Node  Left     Objective  IInf  Best Integer    Best Bound    ItCnt     Gap

*     0+    0                            0,0000     7236,0000              --- 
      0     0     2202,8582   203        0,0000     2202,8582       47     --- 
*     0+    0                         2025,8000     2202,8582             8,74%
      0     0     2184,3427   363     2025,8000     Cuts: 511     4111    7,83%
      0     0     2170,0469   390     2025,8000     Cuts: 497     6763    7,12%
      0     0     2161,0124   490     2025,8000     Cuts: 381     8289    6,67%
      0     0     2156,5928   437     2025,8000     Cuts: 325     9039    6,46%
      0     0     2154,0059   448     2025,8000     Cuts: 263     9892    6,33%
      0     0     2151,3103   459     2025,8000     Cuts: 282    10782    6,20%
      0     0     2149,6494   532     2025,8000     Cuts: 259    11536    6,11%
      0     0     2148,3287   538     2025,8000     Cuts: 248    12406    6,05%
      0     0     2147,0428   545     2025,8000     Cuts: 262    13155    5,98%
      0     0     2146,3029   603     2025,8000     Cuts: 210    14006    5,95%
      0     0     2145,7330   641     2025,8000     Cuts: 208    14813    5,92%
      0     0     2145,1602   624     2025,8000     Cuts: 250    15530    5,89%
      0     0     2144,6439   629     2025,8000     Cuts: 190    16438    5,87%
      0     0     2144,2331   672     2025,8000     Cuts: 179    17632    5,85%
      0     0     2143,9685   605     2025,8000     Cuts: 176    18244    5,83%
      0     0     2143,5483   642     2025,8000     Cuts: 151    19075    5,81%
      0     0     2143,3418   621     2025,8000     Cuts: 164    19674    5,80%
      0     0     2142,9770   667     2025,8000     Cuts: 164    20541    5,78%
      0     0     2142,8400   658     2025,8000     Cuts: 112    21228    5,78%
*     0+    0                         2031,4000     2142,8400             5,49%
      0     2     2142,8400   658     2031,4000     2142,8400    21228    5,49%
Elapsed time = 29,40 sec. (33669,26 ticks, tree = 0,00 MB, solutions = 3)
      1     3     2142,8259   632     2031,4000     2142,8400    22787    5,49%
      2     4     2142,8072   611     2031,4000     2142,8395    24186    5,49%
      3     5     2142,8140   628     2031,4000     2142,8395    27492    5,49%
      5     7     2142,7736   620     2031,4000     2142,8242    28137    5,49%
      7     9     2142,7526   599     2031,4000     2142,8242    32462    5,49%
     11    13     2142,6750   616     2031,4000     2142,8242    33757    5,49%
     13    15     2142,7128   584     2031,4000     2142,8242    35658    5,49%
     14    16     2142,5082   590     2031,4000     2142,8242    39828    5,49%
     15    17     2142,6894   585     2031,4000     2142,8242    47229    5,49%
     40    42     2142,4778   594     2031,4000     2142,8242    55989    5,49%
Elapsed time = 42,46 sec. (42558,70 ticks, tree = 0,00 MB, solutions = 3)
     42    44     2142,4253   548     2031,4000     2142,8242    61069    5,49%
    100   102     2142,1471   475     2031,4000     2142,8242    83867    5,49%
    132   134     2142,0895   523     2031,4000     2142,8242    94414    5,49%
    165   167     2141,4405   519     2031,4000     2142,8242   103917    5,49%
    280   282     2141,1020   441     2031,4000     2142,8242   126766    5,49%
    335   337     2141,2371   482     2031,4000     2142,8242   136230    5,49%
    415   417     2140,0919   469     2031,4000     2142,8242   146822    5,49%
    584   586     2134,9907   294     2031,4000     2142,8242   162051    5,49%
    646   648     2139,0308   452     2031,4000     2142,8242   170710    5,49%
    920   922     2136,3793   298     2031,4000     2142,8242   193456    5,49%
Elapsed time = 80,93 sec. (55196,28 ticks, tree = 10,32 MB, solutions = 3)
    979   981     2126,9254   134     2031,4000     2142,8242   200782    5,49%
   1409  1411     2130,8732   167     2031,4000     2142,8242   232193    5,49%
   1516  1518     2125,5927   178     2031,4000     2142,8242   246489    5,49%
   1834  1836     2130,6644   144     2031,4000     2142,8242   262673    5,49%
*  2261+ 2261                         2104,4000     2142,8242             1,83%
*  2261+ 2261                         2109,6000     2142,8242             1,57%
*  2261+ 2261                         2109,8000     2142,8242             1,57%
*  2261+ 2261                         2119,2000     2142,8242             1,11%
*  2261+ 2261                         2119,6000     2142,8242             1,10%
*  2261+ 2261                         2119,8000     2142,8242             1,09%
*  2261+ 2261                         2120,2000     2142,8242             1,07%
*  2261+ 2261                         2121,4000     2142,8242             1,01%
   2261  2263     2124,9560   140     2121,4000     2142,8242   281457    1,01%
*  2263+ 2263                         2121,6000     2142,8242             1,00%
*  2263+ 2263                         2123,6000     2142,8242             0,91%

Cover cuts applied:  21
Implied bound cuts applied:  1734
Flow cuts applied:  185
Mixed integer rounding cuts applied:  584
Zero-half cuts applied:  48
Gomory fractional cuts applied:  92

Root node processing (before b&c):
  Real time             =   29,47 sec. (33831,42 ticks)
Parallel b&c, 8 threads:
  Real time             =   72,01 sec. (29334,93 ticks)
  Sync time (average)   =    9,04 sec.
  Wait time (average)   =    9,21 sec.
                          ------------
Total (root+branch&cut) =  101,48 sec. (63166,35 ticks)

<<< solve


OBJECTIVE: 2123.6
avg_utility = 0.880431

<<< post process


<<< done

