
<<< setup


<<< generate

Found incumbent of value 0,000000 after 0,02 sec. (23,79 ticks)
Aggregator has done 87669 substitutions...
Tried aggregator 12 times.
MIP Presolve eliminated 110127 rows and 470780 columns.
MIP Presolve modified 37062 coefficients.
Aggregator did 128950 substitutions.
Reduced MIP has 82086 rows, 180751 columns, and 547281 nonzeros.
Reduced MIP has 17940 binaries, 0 generals, 0 SOSs, and 0 indicators.
Presolve time = 23,13 sec. (19294,09 ticks)
Probing time = 0,04 sec. (7,55 ticks)
Tried aggregator 1 time.
MIP Presolve modified 442 coefficients.
Reduced MIP has 82086 rows, 180751 columns, and 547281 nonzeros.
Reduced MIP has 17940 binaries, 0 generals, 0 SOSs, and 0 indicators.
Presolve time = 0,42 sec. (326,00 ticks)
Probing time = 0,05 sec. (7,95 ticks)
MIP emphasis: balance optimality and feasibility.
MIP search method: dynamic search.
Parallel mode: deterministic, using up to 8 threads.
Root relaxation solution time = 9,08 sec. (3493,31 ticks)

        Nodes                                         Cuts/
   Node  Left     Objective  IInf  Best Integer    Best Bound    ItCnt     Gap

*     0+    0                            0,0000    46124,0000              --- 
      0     0    12699,5913  1806        0,0000    12699,5913      262     --- 
      0     0    12221,0073  2031        0,0000    Cuts: 5594    14603     --- 
      0     0    11658,0260  2082        0,0000    Cuts: 6076    28036     --- 
      0     0    10640,8038  1922        0,0000    Cuts: 5908    43773     --- 
*     0+    0                         7011,2643    10640,8038            51,77%
*     0+    0                         7226,7703    10640,8038            47,24%
*     0+    0                         7251,2903    10640,8038            46,74%
*     0+    0                         7276,3766    10640,8038            46,24%
*     0+    0                         7278,3063    10640,8038            46,20%
      0     0     9844,8564  1642     7278,3063    Cuts: 5446    61608   35,26%
      0     0     9406,3233  1118     7278,3063    Cuts: 3888    76143   29,24%
      0     0     8757,6861   829     7278,3063    Cuts: 3333    84283   20,33%
*     0+    0                         8262,2571     8757,6861             6,00%
*     0+    0                         8269,5143     8757,6861             5,90%
*     0+    0                         8270,0571     8757,6861             5,90%
*     0+    0                         8272,6857     8757,6861             5,86%
      0     0     8577,5731   254     8272,6857    Cuts: 1944    92096    3,69%
      0     0     8545,5316   132     8272,6857     Cuts: 708    97221    3,30%
      0     0     8495,7516    71     8272,6857     Cuts: 463   104341    2,70%
*     0+    0                         8443,1303     8495,7516             0,62%

Cover cuts applied:  8
Implied bound cuts applied:  2344
Flow cuts applied:  25430
Mixed integer rounding cuts applied:  4999
Flow path cuts applied:  2
Gomory fractional cuts applied:  86

Root node processing (before b&c):
  Real time             =  325,53 sec. (281421,13 ticks)
Parallel b&c, 8 threads:
  Real time             =    0,00 sec. (0,00 ticks)
  Sync time (average)   =    0,00 sec.
  Wait time (average)   =    0,00 sec.
                          ------------
Total (root+branch&cut) =  325,53 sec. (281421,13 ticks)

<<< solve


OBJECTIVE: 8443.13
avg_utility = 0.523248

<<< post process


<<< done

