
<<< setup


<<< generate

Found incumbent of value 0,000000 after 0,02 sec. (11,30 ticks)
Tried aggregator 6 times.
MIP Presolve eliminated 113727 rows and 228094 columns.
MIP Presolve modified 15775 coefficients.
Aggregator did 54770 substitutions.
Reduced MIP has 33540 rows, 70897 columns, and 213078 nonzeros.
Reduced MIP has 9808 binaries, 0 generals, 0 SOSs, and 0 indicators.
Presolve time = 4,33 sec. (3298,47 ticks)
Probing time = 0,31 sec. (2,72 ticks)
Tried aggregator 1 time.
Reduced MIP has 33540 rows, 70897 columns, and 213078 nonzeros.
Reduced MIP has 9808 binaries, 0 generals, 0 SOSs, and 0 indicators.
Presolve time = 0,19 sec. (100,66 ticks)
Probing time = 0,38 sec. (2,76 ticks)
MIP emphasis: balance optimality and feasibility.
MIP search method: dynamic search.
Parallel mode: deterministic, using up to 24 threads.
Root relaxation solution time = 1,11 sec. (949,18 ticks)

        Nodes                                         Cuts/
   Node  Left     Objective  IInf  Best Integer    Best Bound    ItCnt     Gap

*     0+    0                            0,0000    12071,0000              --- 
*     0+    0                         2000,5750    12071,0000           503,38%
      0     0     3805,0000   955     2000,5750     3805,0000     3214   90,20%
*     0+    0                         3048,8543     3805,0000            24,80%
      0     0     3680,8629   420     3048,8543    Cuts: 2882    32530   20,73%
      0     0     3635,9653   593     3048,8543    Cuts: 1446    53934   19,26%
      0     0     3503,0110   465     3048,8543    Cuts: 1862    62271   14,90%
*     0+    0                         3138,5029     3503,0110            11,61%
*     0+    0                         3143,7629     3503,0110            11,43%
*     0+    0                         3146,7293     3503,0110            11,32%
*     0+    0                         3155,9507     3503,0110            11,00%
*     0+    0                         3162,1293     3503,0110            10,78%
      0     0     3461,9742   620     3162,1293    Cuts: 1373    71689    9,48%
      0     0     3337,4833   499     3162,1293    Cuts: 1924    76162    5,55%
      0     0     3300,8562   575     3162,1293    Cuts: 1268    83689    4,39%
      0     0     3241,4545   164     3162,1293    Cuts: 1631    91767    2,51%
      0     0     3235,6802   200     3162,1293     Cuts: 570    94322    2,33%
      0     0     3227,5989   120     3162,1293     Cuts: 826    96847    2,07%
      0     0     3227,0779   166     3162,1293     Cuts: 543    98866    2,05%
      0     0     3226,5654   185     3162,1293     Cuts: 684   100669    2,04%
      0     0     3225,9054   159     3162,1293     Cuts: 670   102216    2,02%
*     0+    0                         3189,6190     3225,9054             1,14%
*     0+    0                         3205,3750     3225,9054             0,64%

Cover cuts applied:  1
Implied bound cuts applied:  529
Flow cuts applied:  11157
Mixed integer rounding cuts applied:  2178
Flow path cuts applied:  54
Gomory fractional cuts applied:  253

Root node processing (before b&c):
  Real time             =  117,18 sec. (119090,44 ticks)
Parallel b&c, 24 threads:
  Real time             =    0,00 sec. (0,00 ticks)
  Sync time (average)   =    0,00 sec.
  Wait time (average)   =    0,00 sec.
                          ------------
Total (root+branch&cut) =  117,18 sec. (119090,44 ticks)

<<< solve


OBJECTIVE: 3205.375
avg_utility = 0.842411

<<< post process


<<< done

