
<<< setup


<<< generate

Found incumbent of value 0,000000 after 0,07 sec. (24,41 ticks)
Tried aggregator 5 times.
MIP Presolve eliminated 181238 rows and 555248 columns.
MIP Presolve modified 5508 coefficients.
Aggregator did 155008 substitutions.
Reduced MIP has 36324 rows, 75265 columns, and 236571 nonzeros.
Reduced MIP has 3696 binaries, 0 generals, 0 SOSs, and 0 indicators.
Presolve time = 26,66 sec. (6905,82 ticks)
Probing time = 0,06 sec. (2,98 ticks)
Tried aggregator 1 time.
Reduced MIP has 36324 rows, 75265 columns, and 236571 nonzeros.
Reduced MIP has 3696 binaries, 0 generals, 0 SOSs, and 0 indicators.
Presolve time = 0,33 sec. (108,27 ticks)
Probing time = 0,06 sec. (3,06 ticks)
MIP emphasis: balance optimality and feasibility.
MIP search method: dynamic search.
Parallel mode: deterministic, using up to 8 threads.
Root relaxation solution time = 3,00 sec. (1163,97 ticks)

        Nodes                                         Cuts/
   Node  Left     Objective  IInf  Best Integer    Best Bound    ItCnt     Gap

*     0+    0                         3279,0000    38104,0000              --- 
      0     0     6548,6000   884     3279,0000     6548,6000       20   99,71%
      0     0     6548,6000   673     3279,0000    Cuts: 1649     2670   99,71%
      0     0     6548,6000   266     3279,0000    Cuts: 1778     5313   99,71%
      0     0     6548,6000   158     3279,0000     Cuts: 576     6775   99,71%
*     0+    0                         6343,1429     6548,6000             3,24%
*     0+    0                         6494,2286     6548,6000             0,84%

Flow cuts applied:  2801
Mixed integer rounding cuts applied:  656
Gomory fractional cuts applied:  89

Root node processing (before b&c):
  Real time             =   46,30 sec. (17789,37 ticks)
Parallel b&c, 8 threads:
  Real time             =    0,00 sec. (0,00 ticks)
  Sync time (average)   =    0,00 sec.
  Wait time (average)   =    0,00 sec.
                          ------------
Total (root+branch&cut) =   46,30 sec. (17789,37 ticks)

<<< solve


OBJECTIVE: 6494.229
avg_utility = 0.402693

<<< post process


<<< done

