
<<< setup


<<< generate

Found incumbent of value 0,000000 after 0,02 sec. (16,97 ticks)
Tried aggregator 4 times.
MIP Presolve eliminated 179413 rows and 389532 columns.
MIP Presolve modified 4988 coefficients.
Aggregator did 107383 substitutions.
Reduced MIP has 14754 rows, 34206 columns, and 109614 nonzeros.
Reduced MIP has 2796 binaries, 0 generals, 0 SOSs, and 0 indicators.
Presolve time = 4,80 sec. (3727,44 ticks)
Probing time = 0,01 sec. (1,40 ticks)
Tried aggregator 1 time.
Reduced MIP has 14754 rows, 34206 columns, and 109614 nonzeros.
Reduced MIP has 2796 binaries, 0 generals, 0 SOSs, and 0 indicators.
Presolve time = 0,06 sec. (50,63 ticks)
Probing time = 0,01 sec. (1,45 ticks)
MIP emphasis: balance optimality and feasibility.
MIP search method: dynamic search.
Parallel mode: deterministic, using up to 8 threads.
Root relaxation solution time = 0,37 sec. (242,49 ticks)

        Nodes                                         Cuts/
   Node  Left     Objective  IInf  Best Integer    Best Bound    ItCnt     Gap

*     0+    0                         1706,0000    27624,7973              --- 
      0     0     7868,0000  1551     1706,0000     7868,0000     4079  361,20%
*     0+    0                         6876,0524     7868,0000            14,43%
      0     0     7285,9422    57     6876,0524    Cuts: 3788    23203    5,96%
      0     0     7148,2846    16     6876,0524     Cuts: 223    27477    3,96%
      0     0     7147,5878    36     6876,0524     Cuts: 308    29887    3,95%
*     0+    0                         7116,7154     7147,5878             0,43%

Implied bound cuts applied:  203
Flow cuts applied:  2507
Mixed integer rounding cuts applied:  1013
Gomory fractional cuts applied:  215

Root node processing (before b&c):
  Real time             =   16,74 sec. (16914,30 ticks)
Parallel b&c, 8 threads:
  Real time             =    0,00 sec. (0,00 ticks)
  Sync time (average)   =    0,00 sec.
  Wait time (average)   =    0,00 sec.
                          ------------
Total (root+branch&cut) =   16,74 sec. (16914,30 ticks)

<<< solve


OBJECTIVE: 7116.715
avg_utility = 0.904514

<<< post process


<<< done

