
<<< setup


<<< generate

Found incumbent of value 0,000000 after 0,03 sec. (32,37 ticks)
Aggregator has done 118227 substitutions...
Aggregator has done 149826 substitutions...
Aggregator has done 179378 substitutions...
Tried aggregator 17 times.
MIP Presolve eliminated 298917 rows and 441471 columns.
MIP Presolve modified 92526 coefficients.
Aggregator did 191369 substitutions.
Reduced MIP has 139971 rows, 359321 columns, and 1004520 nonzeros.
Reduced MIP has 7433 binaries, 0 generals, 0 SOSs, and 0 indicators.
Presolve time = 48,09 sec. (34858,30 ticks)
Probing time = 0,07 sec. (13,71 ticks)
Tried aggregator 1 time.
Reduced MIP has 139971 rows, 359321 columns, and 1004520 nonzeros.
Reduced MIP has 7433 binaries, 0 generals, 0 SOSs, and 0 indicators.
Presolve time = 0,79 sec. (425,13 ticks)
Probing time = 0,08 sec. (14,39 ticks)
MIP emphasis: balance optimality and feasibility.
MIP search method: dynamic search.
Parallel mode: deterministic, using up to 8 threads.
Root relaxation solution time = 2,48 sec. (776,84 ticks)

        Nodes                                         Cuts/
   Node  Left     Objective  IInf  Best Integer    Best Bound    ItCnt     Gap

*     0+    0                            0,0000    47046,0000              --- 
      0     0    15665,7875  3395        0,0000    15665,7875     8399     --- 
      0     0    14299,1757  2522        0,0000    Cuts: 9609    34683     --- 
      0     0    13357,3773  2934        0,0000    Cuts: 9548    59256     --- 
      0     0    12510,6923  2945        0,0000    Cuts: 9976    75906     --- 
      0     0    12306,1105  2753        0,0000   Cuts: 10000    87675     --- 
      0     0    11674,8019  2520        0,0000    Cuts: 9971   109416     --- 
      0     0    11333,7455  2218        0,0000    Cuts: 9686   134144     --- 
      0     0    11227,9502  2505        0,0000    Cuts: 9779   154689     --- 
      0     0    11068,2111  2201        0,0000    Cuts: 9830   180302     --- 
      0     0    10882,2472  1835        0,0000    Cuts: 9522   217656     --- 
*     0+    0                         8450,3133    10882,2472            28,78%
      0     0    10734,0036  1795     8450,3133    Cuts: 8413   245088   27,02%
*     0+    0                         8450,4017    10734,0036            27,02%
      0     0    10627,7409  1451     8450,4017    Cuts: 7813   281263   25,77%
*     0+    0                         8750,3870    10627,7409            21,45%
      0     0    10550,2525  1235     8750,3870    Cuts: 7895   315868   20,57%
*     0+    0                         8864,9507    10550,2525            19,01%
      0     0    10482,7517  1160     8864,9507    Cuts: 7721   356555   18,25%
*     0+    0                         8871,1383    10482,7517            18,17%
      0     0    10426,6802   991     8871,1383    Cuts: 7802   394589   17,53%
      0     0    10378,3347   927     8871,1383    Cuts: 7152   420832   16,99%
      0     0    10344,2870   803     8871,1383    Cuts: 6262   432815   16,61%
*     0+    0                         8956,5006    10344,2870            15,49%
      0     0    10314,6833   752     8956,5006    Cuts: 5396   486461   15,16%
*     0+    0                         8977,1367    10314,6833            14,90%
      0     0    10285,2809   572     8977,1367    Cuts: 4407   533514   14,57%
      0     0    10263,7656   618     8977,1367    Cuts: 3251   567175   14,33%
*     0+    0                         9120,5411    10263,7656            12,53%
      0     0    10245,4011   520     9120,5411    Cuts: 3629   604838   12,33%
*     0+    0                         9125,4833    10245,4011            12,27%
      0     0    10232,1299   553     9125,4833    Cuts: 3162   657017   12,13%
      0     0    10220,2060   464     9125,4833    Cuts: 3020   719310   12,00%
      0     0    10209,4643   414     9125,4833    Cuts: 2237   759395   11,88%
      0     0    10203,0113   384     9125,4833    Cuts: 1499   790821   11,81%
      0     0    10199,5499   255     9125,4833    Cuts: 1320   824245   11,77%
      0     0    10197,1603   178     9125,4833     Cuts: 913   849114   11,74%
      0     0    10195,6889   157     9125,4833     Cuts: 519   857585   11,73%
      0     0    10194,5592   157     9125,4833     Cuts: 516   875191   11,72%
Heuristic still looking.
Heuristic still looking.
Heuristic still looking.
Heuristic still looking.
      0     2    10194,5592   157     9125,4833    10194,5592   875191   11,72%
Elapsed time = 9386,62 sec. (4663365,19 ticks, tree = 0,00 MB, solutions = 10)
      1     3    10173,7107   170     9125,4833    10194,5592   902216   11,72%
      2     4    10165,1299   158     9125,4833    10194,5592   908265   11,72%
      3     5    10142,4743   165     9125,4833    10173,6436   910983   11,49%
      4     6     9972,9346   178     9125,4833    10173,6436   943070   11,49%
      7     9     9951,1664   174     9125,4833    10173,6436   981643   11,49%
      9    11     9941,6994   176     9125,4833    10173,6436  1008748   11,49%
     11    13    10121,8637   177     9125,4833    10149,2340  1050839   11,22%
     14    16    10126,7529   183     9125,4833    10149,2340  1143624   11,22%
     27    29    10141,5382   148     9125,4833    10149,2340  1294822   11,22%
     28    30     9941,2858   180     9125,4833    10149,2340  1324340   11,22%
Elapsed time = 13458,35 sec. (6032678,50 ticks, tree = 0,00 MB, solutions = 10)
     31    33    10082,4421   155     9125,4833    10149,2340  1407796   11,22%
*    34+   34                         9150,7355    10149,2340            10,91%
*    34+   34                         9232,8310    10149,2340             9,93%
*    34+   34                         9258,9781    10149,2340             9,62%
     34    36     9855,2656   221     9258,9781    10149,2340  1437595    9,62%
     35    37    10133,4091   169     9258,9781    10149,2340  1478461    9,62%
