
<<< setup


<<< generate

Tried aggregator 2 times.
MIP Presolve eliminated 140103 rows and 135022 columns.
MIP Presolve modified 1553 coefficients.
Aggregator did 14540 substitutions.
Reduced MIP has 3395 rows, 6468 columns, and 14168 nonzeros.
Reduced MIP has 2818 binaries, 570 generals, 0 SOSs, and 0 indicators.
Presolve time = 0,95 sec. (2980,89 ticks)
Found incumbent of value 0,000000 after 0,97 sec. (2990,68 ticks)
Probing time = 0,00 sec. (1,65 ticks)
Tried aggregator 1 time.
Presolve time = 0,01 sec. (7,48 ticks)
Probing time = 0,01 sec. (1,65 ticks)
Clique table members: 213.
MIP emphasis: balance optimality and feasibility.
MIP search method: dynamic search.
Parallel mode: deterministic, using up to 24 threads.
Root relaxation solution time = 0,03 sec. (19,55 ticks)

        Nodes                                         Cuts/
   Node  Left     Objective  IInf  Best Integer    Best Bound    ItCnt     Gap

*     0+    0                            0,0000     3500,5298      494     --- 
*     0     0      integral     0      726,8085      726,8085      494    0,00%
Elapsed time = 1,08 sec. (3036,17 ticks, tree = 0,00 MB, solutions = 2)

Root node processing (before b&c):
  Real time             =    0,10 sec. (33,97 ticks)
Parallel b&c, 24 threads:
  Real time             =    0,00 sec. (0,00 ticks)
  Sync time (average)   =    0,00 sec.
  Wait time (average)   =    0,00 sec.
                          ------------
Total (root+branch&cut) =    0,10 sec. (33,97 ticks)

<<< solve


OBJECTIVE: 726.8085
avg_utility = 0.8906966397058758

<<< post process


<<< done

