
<<< setup


<<< generate

Found incumbent of value 0,000000 after 0,01 sec. (8,19 ticks)
Tried aggregator 7 times.
MIP Presolve eliminated 367249 rows and 153121 columns.
Aggregator did 11385 substitutions.
Reduced MIP has 1036 rows, 5175 columns, and 10350 nonzeros.
Reduced MIP has 0 binaries, 0 generals, 0 SOSs, and 0 indicators.
Presolve time = 0,64 sec. (738,86 ticks)
Tried aggregator 1 time.
MIP Presolve eliminated 1006 rows and 5030 columns.
Reduced MIP has 30 rows, 145 columns, and 290 nonzeros.
Reduced MIP has 0 binaries, 0 generals, 0 SOSs, and 0 indicators.
Presolve time = 0,02 sec. (10,44 ticks)
Tried aggregator 1 time.
Reduced MIP has 30 rows, 145 columns, and 290 nonzeros.
Reduced MIP has 0 binaries, 0 generals, 0 SOSs, and 0 indicators.
Presolve time = 0,00 sec. (4,45 ticks)
MIP emphasis: balance optimality and feasibility.
MIP search method: dynamic search.
Parallel mode: deterministic, using up to 24 threads.
Root relaxation solution time = 0,00 sec. (0,18 ticks)

        Nodes                                         Cuts/
   Node  Left     Objective  IInf  Best Integer    Best Bound    ItCnt     Gap

*     0+    0                            0,0000     8580,7275              --- 
*     0     0      integral     0     1092,2753     1092,2753       61    0,00%
Elapsed time = 0,68 sec. (772,91 ticks, tree = 0,00 MB, solutions = 2)

Root node processing (before b&c):
  Real time             =    0,68 sec. (779,21 ticks)
Parallel b&c, 24 threads:
  Real time             =    0,00 sec. (0,00 ticks)
  Sync time (average)   =    0,00 sec.
  Wait time (average)   =    0,00 sec.
                          ------------
Total (root+branch&cut) =    0,68 sec. (779,21 ticks)

<<< solve


OBJECTIVE: 1092.275
avg_utility = 0.445827

<<< post process


<<< done

