
<<< setup


<<< generate

Found incumbent of value 0,000000 after 0,05 sec. (16,99 ticks)
Tried aggregator 4 times.
MIP Presolve eliminated 177534 rows and 383076 columns.
MIP Presolve modified 4657 coefficients.
Aggregator did 101847 substitutions.
Reduced MIP has 22370 rows, 46918 columns, and 148230 nonzeros.
Reduced MIP has 2920 binaries, 0 generals, 0 SOSs, and 0 indicators.
Presolve time = 10,63 sec. (3813,12 ticks)
Probing time = 0,03 sec. (1,89 ticks)
Tried aggregator 1 time.
Reduced MIP has 22370 rows, 46918 columns, and 148230 nonzeros.
Reduced MIP has 2920 binaries, 0 generals, 0 SOSs, and 0 indicators.
Presolve time = 0,18 sec. (68,17 ticks)
Probing time = 0,06 sec. (1,94 ticks)
MIP emphasis: balance optimality and feasibility.
MIP search method: dynamic search.
Parallel mode: deterministic, using up to 8 threads.
Root relaxation solution time = 1,03 sec. (324,50 ticks)

        Nodes                                         Cuts/
   Node  Left     Objective  IInf  Best Integer    Best Bound    ItCnt     Gap

*     0+    0                         1255,0000    20562,0000              --- 
      0     0     7845,0000  1533     1255,0000     7845,0000     4206  525,10%
*     0+    0                         5555,6515     7845,0000            41,21%
      0     0     6161,5048    55     5555,6515    Cuts: 4659    22722   10,91%
      0     0     5762,8813     4     5555,6515     Cuts: 229    28428    3,73%
*     0+    0                         5761,5350     5762,8813             0,02%

Implied bound cuts applied:  212
Flow cuts applied:  3682
Mixed integer rounding cuts applied:  662
Flow path cuts applied:  3
Gomory fractional cuts applied:  222

Root node processing (before b&c):
  Real time             =   40,23 sec. (20936,81 ticks)
Parallel b&c, 8 threads:
  Real time             =    0,00 sec. (0,00 ticks)
  Sync time (average)   =    0,00 sec.
  Wait time (average)   =    0,00 sec.
                          ------------
Total (root+branch&cut) =   40,23 sec. (20936,81 ticks)

<<< solve


OBJECTIVE: 5761.535
avg_utility = 0.734421

<<< post process


<<< done

