
<<< setup


<<< generate

Found incumbent of value 0,000000 after 0,02 sec. (23,79 ticks)
Aggregator has done 87669 substitutions...
Tried aggregator 12 times.
MIP Presolve eliminated 110162 rows and 470780 columns.
MIP Presolve modified 37266 coefficients.
Aggregator did 128950 substitutions.
Reduced MIP has 82111 rows, 180751 columns, and 565221 nonzeros.
Reduced MIP has 17940 binaries, 0 generals, 0 SOSs, and 0 indicators.
Presolve time = 22,46 sec. (19422,99 ticks)
Probing time = 0,04 sec. (7,75 ticks)
Tried aggregator 1 time.
MIP Presolve modified 437 coefficients.
Reduced MIP has 82111 rows, 180751 columns, and 565221 nonzeros.
Reduced MIP has 17940 binaries, 0 generals, 0 SOSs, and 0 indicators.
Presolve time = 0,42 sec. (332,92 ticks)
Probing time = 0,05 sec. (8,18 ticks)
MIP emphasis: balance optimality and feasibility.
MIP search method: dynamic search.
Parallel mode: deterministic, using up to 8 threads.
Root relaxation solution time = 7,28 sec. (2778,95 ticks)

        Nodes                                         Cuts/
   Node  Left     Objective  IInf  Best Integer    Best Bound    ItCnt     Gap

*     0+    0                            0,0000    46124,0000              --- 
      0     0    15561,1816  2012        0,0000    15561,1816      161     --- 
*     0+    0                         9033,9189    15561,1816            72,25%
      0     0    14989,7948  2175     9033,9189    Cuts: 6184    15672   65,93%
      0     0    13552,4548  2194     9033,9189    Cuts: 6725    25863   50,02%
      0     0    12562,5330  2119     9033,9189    Cuts: 6617    34926   39,06%
*     0+    0                        10169,5817    12562,5330            23,53%
*     0+    0                        10170,1017    12562,5330            23,52%
*     0+    0                        10245,2800    12562,5330            22,62%
*     0+    0                        10249,3600    12562,5330            22,57%
*     0+    0                        10250,2400    12562,5330            22,56%
      0     0    11797,2351  1032    10250,2400    Cuts: 5796    71970   15,09%
      0     0    11314,0372   823    10250,2400    Cuts: 2553    76054   10,38%
      0     0    11289,9515   886    10250,2400    Cuts: 1843    81165   10,14%
*     0+    0                        10802,2286    11289,9515             4,52%
*     0+    0                        10824,0571    11289,9515             4,30%
*     0+    0                        10845,4857    11289,9515             4,10%
*     0+    0                        10848,0000    11289,9515             4,07%
*     0+    0                        10853,4286    11289,9515             4,02%
      0     0    11208,5145   721    10853,4286    Cuts: 1958   119082    3,27%
      0     0    11002,2463    74    10853,4286    Cuts: 1814   175870    1,37%
      0     0    10980,4584    13    10853,4286     Cuts: 188   191945    1,17%
*     0+    0                        10965,6571    10980,4584             0,13%

Implied bound cuts applied:  1827
Flow cuts applied:  26361
Mixed integer rounding cuts applied:  4788
Flow path cuts applied:  18
Gomory fractional cuts applied:  248

Root node processing (before b&c):
  Real time             =  442,93 sec. (347756,82 ticks)
Parallel b&c, 8 threads:
  Real time             =    0,00 sec. (0,00 ticks)
  Sync time (average)   =    0,00 sec.
  Wait time (average)   =    0,00 sec.
                          ------------
Total (root+branch&cut) =  442,93 sec. (347756,82 ticks)

<<< solve


OBJECTIVE: 10965.66
avg_utility = 0.679577

<<< post process


<<< done

