
<<< setup


<<< generate

Found incumbent of value 0,000000 after 0,02 sec. (16,49 ticks)
Tried aggregator 8 times.
MIP Presolve eliminated 111803 rows and 335730 columns.
MIP Presolve modified 30141 coefficients.
Aggregator did 91408 substitutions.
Reduced MIP has 48339 rows, 103983 columns, and 308102 nonzeros.
Reduced MIP has 14040 binaries, 0 generals, 0 SOSs, and 0 indicators.
Presolve time = 9,48 sec. (7321,70 ticks)
Probing time = 0,03 sec. (4,47 ticks)
Tried aggregator 1 time.
Reduced MIP has 48339 rows, 103983 columns, and 308102 nonzeros.
Reduced MIP has 14040 binaries, 0 generals, 0 SOSs, and 0 indicators.
Presolve time = 0,23 sec. (170,73 ticks)
Probing time = 0,03 sec. (4,74 ticks)
MIP emphasis: balance optimality and feasibility.
MIP search method: dynamic search.
Parallel mode: deterministic, using up to 8 threads.
Root relaxation solution time = 1,58 sec. (959,97 ticks)

        Nodes                                         Cuts/
   Node  Left     Objective  IInf  Best Integer    Best Bound    ItCnt     Gap

*     0+    0                            0,0000    28801,4110              --- 
      0     0     7868,0000  1551        0,0000     7868,0000     3610     --- 
      0     0     7747,7543   948        0,0000    Cuts: 4654    69283     --- 
      0     0     7630,7856  1115        0,0000    Cuts: 2958   116064     --- 
      0     0     7510,4855  1273        0,0000    Cuts: 3150   143305     --- 
*     0+    0                         5728,1060     7510,4855            31,12%
*     0+    0                         5736,8649     7510,4855            30,92%
*     0+    0                         5783,9255     7510,4855            29,85%
*     0+    0                         5786,3265     7510,4855            29,80%
*     0+    0                         5787,9171     7510,4855            29,76%
      0     0     7365,0639  1003     5787,9171    Cuts: 3675   153433   27,25%
      0     0     7299,6306   702     5787,9171    Cuts: 2387   163492   26,12%
      0     0     7242,2542    73     5787,9171    Cuts: 1941   171558   25,13%
*     0+    0                         7001,2236     7242,2542             3,44%
*     0+    0                         7136,6181     7242,2542             1,48%
*     0+    0                         7152,6900     7242,2542             1,25%
*     0+    0                         7156,7421     7242,2542             1,19%
      0     0     7238,9537   150     7156,7421     Cuts: 302   174098    1,15%
      0     0     7237,9411   152     7156,7421     Cuts: 667   178680    1,13%
      0     0     7237,0866   170     7156,7421     Cuts: 565   187817    1,12%
      0     0     7236,6507   152     7156,7421     Cuts: 645   189818    1,12%
      0     0     7236,4411   157     7156,7421     Cuts: 688   191412    1,11%
      0     0     7236,0504   171     7156,7421     Cuts: 645   193189    1,11%
Heuristic still looking.
Heuristic still looking.
Heuristic still looking.
Heuristic still looking.
      0     2     7236,0504   171     7156,7421     7236,0504   193189    1,11%
Elapsed time = 452,77 sec. (356658,59 ticks, tree = 0,00 MB, solutions = 10)
      2     4     7235,9967   174     7156,7421     7236,0504   193318    1,11%
      3     5     7236,0120   169     7156,7421     7236,0289   194316    1,11%
      4     6     7235,9332   169     7156,7421     7236,0289   199286    1,11%
      5     7     7235,9595   171     7156,7421     7236,0289   200705    1,11%
      7     9     7235,9440   170     7156,7421     7236,0289   202306    1,11%
      9    11     7235,6880   160     7156,7421     7236,0289   208288    1,11%
     10    12     7235,8895   144     7156,7421     7236,0289   219207    1,11%
     12    14     7235,5954   152     7156,7421     7236,0289   233225    1,11%
     13    15     7235,8238   144     7156,7421     7236,0289   259374    1,11%
     14    16     7235,6470   152     7156,7421     7236,0289   293715    1,11%
Elapsed time = 581,67 sec. (428579,70 ticks, tree = 0,00 MB, solutions = 10)
     16    18     7235,3752   130     7156,7421     7236,0289   344222    1,11%
     93    95     7234,8572   129     7156,7421     7236,0289   458218    1,11%
     97    99     7235,0784   123     7156,7421     7236,0289   460079    1,11%
     99   101     7234,7152   137     7156,7421     7236,0289   471928    1,11%
*   100+  100                         7188,5095     7236,0289             0,66%
*   100+   99                         7211,9536     7236,0289             0,33%
    117   117     7234,9747   135     7211,9536     7236,0289   501143    0,33%
    129   129     7234,8558   139     7211,9536     7236,0289   510092    0,33%
    135   135     7234,8602   132     7211,9536     7236,0289   514659    0,33%
    212   212     7234,8894   124     7211,9536     7236,0289   563252    0,33%

Cover cuts applied:  2
Implied bound cuts applied:  1021
Flow cuts applied:  16326
Mixed integer rounding cuts applied:  3836
Flow path cuts applied:  41
Gomory fractional cuts applied:  262

Root node processing (before b&c):
  Real time             =  452,54 sec. (356467,57 ticks)
Parallel b&c, 8 threads:
  Real time             =  305,43 sec. (122787,20 ticks)
  Sync time (average)   =  112,97 sec.
  Wait time (average)   =  113,06 sec.
                          ------------
Total (root+branch&cut) =  757,97 sec. (479254,77 ticks)

<<< solve


OBJECTIVE: 7211.954
avg_utility = 0.916618

<<< post process


<<< done

