
<<< setup


<<< generate

Found incumbent of value 0,000000 after 0,02 sec. (18,90 ticks)
Tried aggregator 8 times.
MIP Presolve eliminated 340480 rows and 313210 columns.
MIP Presolve modified 34022 coefficients.
Aggregator did 100010 substitutions.
Reduced MIP has 61261 rows, 118621 columns, and 366438 nonzeros.
Reduced MIP has 2833 binaries, 0 generals, 0 SOSs, and 0 indicators.
Presolve time = 11,40 sec. (9281,30 ticks)
Probing time = 0,28 sec. (4,52 ticks)
Tried aggregator 1 time.
Reduced MIP has 61261 rows, 118621 columns, and 366438 nonzeros.
Reduced MIP has 2833 binaries, 0 generals, 0 SOSs, and 0 indicators.
Presolve time = 0,43 sec. (201,55 ticks)
Probing time = 0,06 sec. (4,55 ticks)
MIP emphasis: balance optimality and feasibility.
MIP search method: dynamic search.
Parallel mode: deterministic, using up to 24 threads.
Root relaxation solution time = 0,82 sec. (444,89 ticks)

        Nodes                                         Cuts/
   Node  Left     Objective  IInf  Best Integer    Best Bound    ItCnt     Gap

*     0+    0                            0,0000    32374,2334              --- 
      0     0     7845,0000  1545        0,0000     7845,0000     4123     --- 
      0     0     7712,6445   936        0,0000    Cuts: 4582    54963     --- 
      0     0     7592,7136  1245        0,0000    Cuts: 5248    79985     --- 
      0     0     7471,1044  1137        0,0000    Cuts: 7431   107229     --- 
*     0+    0                         4027,7439     7471,1044            85,49%
*     0+    0                         5170,5955     7471,1044            44,49%
      0     0     7378,6196  1106     5170,5955    Cuts: 7269   131383   42,70%
      0     0     7319,7163   793     5170,5955    Cuts: 7917   159969   41,56%
      0     0     7290,4734   468     5170,5955    Cuts: 4247   169087   41,00%
*     0+    0                         5893,4158     7290,4734            23,71%
*     0+    0                         5990,8946     7290,4734            21,69%
*     0+    0                         5993,2446     7290,4734            21,64%
*     0+    0                         5993,4063     7290,4734            21,64%
      0     0     7286,4226   554     5993,4063    Cuts: 2131   184726   21,57%
      0     0     7280,7450   448     5993,4063    Cuts: 2570   197247   21,48%
*     0+    0                         6863,7236     7280,7450             6,08%
      0     0     7276,7372   447     6863,7236    Cuts: 1894   211751    6,02%
*     0+    0                         6936,0538     7276,7372             4,91%
*     0+    0                         6965,9211     7276,7372             4,46%
*     0+    0                         6966,3776     7276,7372             4,46%
      0     0     7272,3445   459     6966,3776    Cuts: 1394   230729    4,39%
      0     0     7267,4064   432     6966,3776    Cuts: 1710   247384    4,32%
      0     0     7264,0038   408     6966,3776    Cuts: 1279   260297    4,27%
*     0+    0                         6966,7032     7264,0038             4,27%
*     0+    0                         6977,5889     7264,0038             4,10%
*     0+    0                         6977,8166     7264,0038             4,10%
      0     0     7260,9916   408     6977,8166    Cuts: 1024   271269    4,06%
      0     0     7257,7300   311     6977,8166    Cuts: 1041   285432    4,01%
      0     0     7255,9065   262     6977,8166     Cuts: 550   294956    3,99%
*     0+    0                         6984,0951     7255,9065             3,89%
*     0+    0                         6986,3471     7255,9065             3,86%
      0     0     7255,3594   257     6986,3471     Cuts: 413   299887    3,85%
      0     0     7254,7417   242     6986,3471     Cuts: 399   311620    3,84%
*     0+    0                         6989,3049     7254,7417             3,80%
Heuristic still looking.
Heuristic still looking.
Heuristic still looking.
Heuristic still looking.
      0     2     7254,7417   242     6989,3049     7254,7417   311620    3,80%
Elapsed time = 739,21 sec. (543845,44 ticks, tree = 0,00 MB, solutions = 17)
      1     3     7242,0606   243     6989,3049     7254,7417   321598    3,80%
      2     4     7252,1961   241     6989,3049     7254,7417   327198    3,80%
      3     5     7250,4042   241     6989,3049     7250,4353   342418    3,74%
      4     6     7240,4517   224     6989,3049     7250,4353   391229    3,74%
      5     7     7236,1522   238     6989,3049     7250,4353   412685    3,74%
      7     9     7236,8687   223     6989,3049     7250,4353   435374    3,74%
      8    10     7234,2947   236     6989,3049     7250,4353   440816    3,74%
      9    11     7234,6147   232     6989,3049     7250,4353   457369    3,74%
     10    12     7242,9754   229     6989,3049     7249,1131   473962    3,72%
*    13+   13                         6989,6496     7249,1131             3,71%
     13    15     7223,2471   242     6989,6496     7249,1131   512057    3,71%
Elapsed time = 1068,91 sec. (752027,59 ticks, tree = 0,00 MB, solutions = 17)
*    14+   14                         6991,0758     7249,1131             3,69%
*    15+   15                         6992,4508     7249,1131             3,67%
     17    19     7219,9516   228     6992,4508     7249,1131   590401    3,67%
     20    22     7238,1508   221     6992,4508     7249,1131   620015    3,67%
     24    26     7224,9634   221     6992,4508     7249,1131   669038    3,67%
     25    27     7213,9194   228     6992,4508     7249,1131   695951    3,67%
     26    28     7229,8802   224     6992,4508     7249,1131   720925    3,67%
     27    29     7218,8368   227     6992,4508     7249,1131   738340    3,67%
     30    32     7215,5878   238     6992,4508     7249,1131   792920    3,67%
     33    35     7211,6340   233     6992,4508     7249,1131   833841    3,67%
     34    36     7209,6814   241     6992,4508     7249,1131   851814    3,67%
     35    37     7233,0483   219     6992,4508     7249,1131   862036    3,67%
Elapsed time = 1406,70 sec. (924548,23 ticks, tree = 0,00 MB, solutions = 20)
     37    39     7223,1830   226     6992,4508     7249,1131   916507    3,67%
*    44+   44                         6992,6527     7249,1131             3,67%
     44    46     7225,2631   239     6992,6527     7249,1131  1063015    3,67%
     46    48     7217,0552   232     6992,6527     7249,1131  1119818    3,67%
     77    79     7216,0410   241     6992,6527     7249,1131  1610622    3,67%
    131   133     7229,0686   232     6992,6527     7249,1131  2254806    3,67%
    135   137     7206,4160   256     6992,6527     7249,1131  2309838    3,67%
    148   150     7215,6289   236     6992,6527     7249,1131  2523803    3,67%
    172   174     7210,8379   247     6992,6527     7249,1131  2962406    3,67%
    183   185     7197,0737   365     6992,6527     7249,1131  3192029    3,67%
    184   186     7195,3717   256     6992,6527     7249,1131  3258670    3,67%
Elapsed time = 2937,85 sec. (1226579,28 ticks, tree = 0,00 MB, solutions = 23)
    207   209     7082,5592   456     6992,6527     7249,1131  3619029    3,67%
    235   237     7205,3826   231     6992,6527     7249,1131  4093514    3,67%
    253   255     7185,0257   251     6992,6527     7249,1131  4436677    3,67%
    285   287     7159,3201   392     6992,6527     7249,1131  4926092    3,67%
    295   297     7204,8762   278     6992,6527     7249,1131  5129463    3,67%
    318   320     7091,1893   404     6992,6527     7249,1131  5574879    3,67%
    342   344     7202,6086   279     6992,6527     7249,1131  6018161    3,67%
    366   366     7195,5658   276     6992,6527     7249,1131  6390732    3,67%
    390   390     7202,0957   280     6992,6527     7249,1131  6856281    3,67%
    414   414     7183,1423   279     6992,6527     7249,1131  7211979    3,67%
Elapsed time = 4836,27 sec. (1532028,81 ticks, tree = 0,00 MB, solutions = 23)
    438   438     7200,8035   276     6992,6527     7249,1131  7559979    3,67%
    452   452     7182,3603   262     6992,6527     7249,1131  7799936    3,67%
    462   462     7188,8784   278     6992,6527     7249,1131  7875400    3,67%
    486   486     7199,1219   274     6992,6527     7249,1131  8116496    3,67%
    500   500     7182,7124   262     6992,6527     7249,1131  8413937    3,67%
    510   510     7189,2254   278     6992,6527     7249,1131  8495792    3,67%
    517   517     7170,2124   254     6992,6527     7249,1131  8596420    3,67%
    518   518     7177,8166   261     6992,6527     7249,1131  8629388    3,67%
    541   541     7196,1198   248     6992,6527     7249,1131  8932151    3,67%
    575   575     7189,4787   255     6992,6527     7249,1131  9246801    3,67%
Elapsed time = 5565,27 sec. (1662071,65 ticks, tree = 0,00 MB, solutions = 23)
    764   762     7196,9710   280     6992,6527     7249,1131 10526021    3,67%
    766   764     7186,9825   324     6992,6527     7249,1131 10543119    3,67%
    774   772     7127,8751   244     6992,6527     7249,1131 10624100    3,67%
    778   776     7186,2702   271     6992,6527     7249,1131 10658421    3,67%
    826   824     7181,5595   251     6992,6527     7249,1131 11217696    3,67%
    850   848     7181,6810   258     6992,6527     7249,1131 11644566    3,67%
    874   872     7184,7219   262     6992,6527     7249,1131 11919768    3,67%
    898   896     7180,9547   265     6992,6527     7249,1131 12172672    3,67%
    910   908     7188,9415   325     6992,6527     7249,1131 12334668    3,67%
    922   920     7183,5528   262     6992,6527     7249,1131 12517855    3,67%
Elapsed time = 6304,09 sec. (1787627,55 ticks, tree = 0,00 MB, solutions = 23)
    946   944     7177,7656   261     6992,6527     7249,1131 12804392    3,67%
    994   992     7178,1392   262     6992,6527     7249,1131 13510326    3,67%
   1018  1016     7181,9897   261     6992,6527     7249,1131 13756777    3,67%
   1042  1040     7178,5009   265     6992,6527     7249,1131 14301438    3,67%
   1066  1062     7178,6485   263     6992,6527     7249,1131 14534085    3,67%
   1081  1077     7139,2758   357     6992,6527     7249,1131 14886576    3,67%
   1105  1101     7142,2468   357     6992,6527     7249,1131 15154569    3,67%
   1129  1125     7142,1480   353     6992,6527     7249,1131 15454380    3,67%
   1153  1149     7140,5239   350     6992,6527     7249,1131 15944994    3,67%
   1177  1173     7137,6797   366     6992,6527     7249,1131 16233415    3,67%
Elapsed time = 7423,21 sec. (1936136,79 ticks, tree = 0,00 MB, solutions = 23)
   1199  1195     7130,5964   363     6992,6527     7249,1131 16607139    3,67%
   1223  1219     7134,1232   360     6992,6527     7249,1131 16981135    3,67%
   1247  1243     7129,7443   367     6992,6527     7249,1131 17226247    3,67%
   1271  1267     7133,9504   358     6992,6527     7249,1131 17596058    3,67%
   1295  1291     7132,8405   357     6992,6527     7249,1131 17888260    3,67%
   1319  1315     7125,8797   374     6992,6527     7249,1131 18205004    3,67%
   1367  1363     7128,2775   364     6992,6527     7249,1131 18863047    3,67%
   1391  1387     7130,8112   352     6992,6527     7249,1131 19216264    3,67%
   1429  1425     7139,2552   352     6992,6527     7249,1131 19733846    3,67%
*  1859+ 1829                         7012,1212     7249,1131             3,38%
   1985  1951     7113,3212   263     7012,1212     7249,1131 27986886    3,38%
Elapsed time = 8689,31 sec. (2147144,35 ticks, tree = 0,00 MB, solutions = 23)
*  2026+ 1977                         7012,1212     7249,1131             3,38%
   2373  2315     7135,8614   114     7012,1212     7249,1131 32502141    3,38%
   2376  2318     7122,1273   355     7012,1212     7249,1131 32557601    3,38%
   2377  2319     7074,4393   124     7012,1212     7249,1131 32606983    3,38%
   2388  2330     7214,2082   243     7012,1212     7249,1131 32770050    3,38%
   2412  2350     7210,9611   240     7012,1212     7249,1131 33405904    3,38%
   2436  2374     7205,3621   238     7012,1212     7249,1131 33983590    3,38%
   2460  2396     7200,0681   239     7012,1212     7249,1131 34467697    3,38%
   2464  2400     7094,5142   109     7012,1212     7249,1131 34552129    3,38%
   2484  2418     7202,9872   231     7012,1212     7249,1131 34860818    3,38%
   2488  2422     7089,2127   114     7012,1212     7249,1131 34903333    3,38%
Elapsed time = 9170,11 sec. (2222646,08 ticks, tree = 53,76 MB, solutions = 24)
   2496  2428     7115,8774   366     7012,1212     7249,1131 35067964    3,38%
   2520  2452     7114,5009   366     7012,1212     7249,1131 35391357    3,38%
   2529  2461     7043,5357   250     7012,1212     7249,1131 35553357    3,38%
   2577  2507     7071,4977   281     7012,1212     7249,1131 36529404    3,38%
   2625  2555     7071,5257   284     7012,1212     7249,1131 37415780    3,38%
   2673  2597     7071,4916   286     7012,1212     7249,1131 38259447    3,38%
   2697  2617     7075,2644   285     7012,1212     7249,1131 38881879    3,38%
   2702  2622     7048,2370    97     7012,1212     7249,1131 38963222    3,38%
   2726  2642     7045,6656   100     7012,1212     7249,1131 39235494    3,38%
   2736  2652     7100,0855   359     7012,1212     7249,1131 39473348    3,38%
Elapsed time = 9762,64 sec. (2310165,80 ticks, tree = 53,76 MB, solutions = 24)
   2784  2698     7098,3618   351     7012,1212     7249,1131 40298562    3,38%
   2808  2720     7101,4514   361     7012,1212     7249,1131 40836026    3,38%
   2832  2742     7095,3504   247     7012,1212     7249,1131 41318241    3,38%
   2856  2764     7066,5976   122     7012,1212     7249,1131 41736166    3,38%
   2880  2786     7065,1649   117     7012,1212     7249,1131 42155724    3,38%
   2928  2830     7052,7693   113     7012,1212     7249,1131 43336079    3,38%
   3000  2882     7046,3317   109     7012,1212     7249,1131 44903544    3,38%
   3038  2914     7221,0301   226     7012,1212     7249,1131 45505052    3,38%
   3086  2954     7212,4838   232     7012,1212     7249,1131 46751411    3,38%
   3134  2992     7212,3882   220     7012,1212     7249,1131 47654140    3,38%
Elapsed time = 10289,55 sec. (2411895,88 ticks, tree = 53,76 MB, solutions = 24)
   3182  3028     7203,4214   217     7012,1212     7249,1131 48425389    3,38%
   3230  3058     7176,2828   217     7012,1212     7249,1131 49331362    3,38%
   3278  3098     7205,6878   217     7012,1212     7249,1131 50191214    3,38%
   3322  3136     7071,8156   109     7012,1212     7249,1131 50833062    3,38%
   3360  3166     7031,9235   105     7012,1212     7249,1131 51609346    3,38%
   3384  3186     7024,3185   117     7012,1212     7249,1131 52069435    3,38%
   3407  3207     7059,9678    96     7012,1212     7249,1131 52511885    3,38%
   3447  3245     7203,5987   286     7012,1212     7249,1131 53063832    3,38%
   3471  3265     7089,9316   408     7012,1212     7249,1131 53540882    3,38%
   3543  3327     7197,0326   292     7012,1212     7249,1131 54641992    3,38%
Elapsed time = 10783,45 sec. (2484681,45 ticks, tree = 53,76 MB, solutions = 24)
   3591  3367     7192,7406   290     7012,1212     7249,1131 55384847    3,38%
   3663  3435     7187,9765   293     7012,1212     7249,1131 56336998    3,38%
   3687  3457     7189,6085   283     7012,1212     7249,1131 56723800    3,38%
   3730  3494     7023,3367    86     7012,1212     7249,1131 57424661    3,38%
   3778  3538     7012,9524   101     7012,1212     7249,1131 58149939    3,38%
   3826  3582     7014,3393   103     7012,1212     7249,1131 58994488    3,38%
   3874  3626     7020,2548   106     7012,1212     7249,1131 59771241    3,38%
   3880  3632     7079,8034   358     7012,1212     7249,1131 59872565    3,38%
   3951  3689     7178,1262   274     7012,1212     7249,1131 61073784    3,38%
   4023  3747     7175,2145   273     7012,1212     7249,1131 62136195    3,38%
Elapsed time = 11603,86 sec. (2645483,00 ticks, tree = 53,76 MB, solutions = 24)
   4080  3796     7240,2706   228     7012,1212     7249,1131 62756237    3,38%
   4095  3811     7161,0791   308     7012,1212     7249,1131 62903549    3,38%
   4191  3901     7172,1588   275     7012,1212     7249,1131 63935602    3,38%
   4392  4086     7225,0780   217     7012,1212     7249,1131 66525237    3,38%
*  5033+ 3105                         7017,3384     7108,6229             1,30%
*  5033+ 2069                         7023,1578     7108,6229             1,22%

Implied bound cuts applied:  313
Flow cuts applied:  16118
Mixed integer rounding cuts applied:  16330
Flow path cuts applied:  91
Gomory fractional cuts applied:  144

Root node processing (before b&c):
  Real time             =  738,24 sec. (543781,15 ticks)
Parallel b&c, 24 threads:
  Real time             = 11666,27 sec. (2443253,43 ticks)
  Sync time (average)   = 1634,96 sec.
  Wait time (average)   = 1635,85 sec.
                          ------------
Total (root+branch&cut) = 12404,51 sec. (2987034,58 ticks)

<<< solve


OBJECTIVE: 7023.158
avg_utility = 0.89524

<<< post process


<<< done

