
<<< setup


<<< generate

Presolve has eliminated 75137 rows and 98577 columns...
Tried aggregator 4 times.
MIP Presolve eliminated 214037 rows and 231237 columns.
MIP Presolve modified 20003 coefficients.
Aggregator did 38000 substitutions.
Reduced MIP has 22999 rows, 55792 columns, and 127952 nonzeros.
Reduced MIP has 14432 binaries, 0 generals, 0 SOSs, and 0 indicators.
Presolve time = 4,60 sec. (13056,21 ticks)
Found incumbent of value 0,000000 after 4,93 sec. (13389,08 ticks)
Probing time = 0,03 sec. (7,97 ticks)
Tried aggregator 5 times.
MIP Presolve eliminated 2000 rows and 8560 columns.
MIP Presolve modified 13120 coefficients.
Aggregator did 6560 substitutions.
Reduced MIP has 14439 rows, 40672 columns, and 99712 nonzeros.
Reduced MIP has 14432 binaries, 0 generals, 0 SOSs, and 0 indicators.
Presolve time = 0,86 sec. (894,84 ticks)
Probing time = 0,06 sec. (10,94 ticks)
Clique table members: 1312.
MIP emphasis: balance optimality and feasibility.
MIP search method: dynamic search.
Parallel mode: deterministic, using up to 24 threads.
Root relaxation solution time = 0,42 sec. (481,65 ticks)

        Nodes                                         Cuts/
   Node  Left     Objective  IInf  Best Integer    Best Bound    ItCnt     Gap

*     0+    0                            0,0000     8396,8000       15     --- 
      0     0     1590,8500    93        0,0000     1590,8500       15     --- 
*     0+    0                         1581,6000     1590,8500      190    0,58%
      0     0     1590,8500    53     1581,6000     Cuts: 156      190    0,58%
      0     0     1590,8500    17     1581,6000      Cuts: 80      348    0,58%
      0     0     1590,8500    16     1581,6000      Cuts: 13      484    0,58%
*     0+    0                         1590,6000     1590,8500      484    0,02%
      0     0     1590,8500    17     1590,6000      Cuts: 14      532    0,02%
      0     2     1590,8500    17     1590,6000     1590,8500      532    0,02%
Elapsed time = 15,60 sec. (25488,82 ticks, tree = 0,01 MB, solutions = 3)
      2     2        cutoff           1590,6000     1590,8500     2815    0,02%
     10    10     1590,8500    16     1590,6000     1590,8500     2905    0,02%
     16    16     1590,8500    61     1590,6000     1590,8500     3589    0,02%
     19    17     1590,8500    63     1590,6000     1590,8500     6008    0,02%
     21    17     1590,8500    65     1590,6000     1590,8500     7785    0,02%
     24    18     1590,8500    66     1590,6000     1590,8500     9502    0,02%
     32    22        cutoff           1590,6000     1590,8500    13150    0,02%
     37    27     1590,8500    18     1590,6000     1590,8500    13763    0,02%
     39    29     1590,8500    56     1590,6000     1590,8500    15632    0,02%
     52    38     1590,8500    15     1590,6000     1590,8500    24869    0,02%
Elapsed time = 19,88 sec. (29212,96 ticks, tree = 0,02 MB, solutions = 3)
*    70+   44                         1590,7000     1590,8500    39613    0,01%
*    70+   43                         1590,8000     1590,8500    41399    0,00%

Implied bound cuts applied:  492
Flow cuts applied:  2
Mixed integer rounding cuts applied:  1
Gomory fractional cuts applied:  97

Root node processing (before b&c):
  Real time             =    9,06 sec. (9606,92 ticks)
Parallel b&c, 24 threads:
  Real time             =    5,29 sec. (4746,35 ticks)
  Sync time (average)   =    0,02 sec.
  Wait time (average)   =    0,00 sec.
                          ------------
Total (root+branch&cut) =   14,35 sec. (14353,26 ticks)

<<< solve


OBJECTIVE: 1590.8

<<< post process


<<< done

