
<<< setup


<<< generate

Found incumbent of value 0,000000 after 0,01 sec. (8,14 ticks)
Tried aggregator 7 times.
MIP Presolve eliminated 367060 rows and 152257 columns.
Aggregator did 11088 substitutions.
Reduced MIP has 1009 rows, 5040 columns, and 10080 nonzeros.
Reduced MIP has 0 binaries, 0 generals, 0 SOSs, and 0 indicators.
Presolve time = 0,60 sec. (720,32 ticks)
Tried aggregator 1 time.
MIP Presolve eliminated 981 rows and 4905 columns.
Reduced MIP has 28 rows, 135 columns, and 270 nonzeros.
Reduced MIP has 0 binaries, 0 generals, 0 SOSs, and 0 indicators.
Presolve time = 0,02 sec. (10,19 ticks)
Tried aggregator 1 time.
Reduced MIP has 28 rows, 135 columns, and 270 nonzeros.
Reduced MIP has 0 binaries, 0 generals, 0 SOSs, and 0 indicators.
Presolve time = 0,00 sec. (4,43 ticks)
MIP emphasis: balance optimality and feasibility.
MIP search method: dynamic search.
Parallel mode: deterministic, using up to 24 threads.
Root relaxation solution time = 0,00 sec. (0,26 ticks)

        Nodes                                         Cuts/
   Node  Left     Objective  IInf  Best Integer    Best Bound    ItCnt     Gap

*     0+    0                            0,0000     5677,2000              --- 
*     0     0      integral     0      326,6667      326,6667       82    0,00%
Elapsed time = 0,64 sec. (754,02 ticks, tree = 0,00 MB, solutions = 2)

Root node processing (before b&c):
  Real time             =    0,65 sec. (760,28 ticks)
Parallel b&c, 24 threads:
  Real time             =    0,00 sec. (0,00 ticks)
  Sync time (average)   =    0,00 sec.
  Wait time (average)   =    0,00 sec.
                          ------------
Total (root+branch&cut) =    0,65 sec. (760,28 ticks)

<<< solve


OBJECTIVE: 326.6667
avg_utility = 0.133333

<<< post process


<<< done

