
<<< setup


<<< generate

Presolve has eliminated 99603 rows and 167041 columns...
Tried aggregator 2 times.
MIP Presolve eliminated 235363 rows and 276801 columns.
MIP Presolve modified 4283 coefficients.
Aggregator did 30280 substitutions.
Reduced MIP has 9421 rows, 17976 columns, and 39376 nonzeros.
Reduced MIP has 7148 binaries, 2268 generals, 0 SOSs, and 0 indicators.
Presolve time = 3,14 sec. (12020,60 ticks)
Found incumbent of value 0,000000 after 3,18 sec. (12043,95 ticks)
Probing time = 0,01 sec. (3,95 ticks)
Tried aggregator 1 time.
Presolve time = 0,02 sec. (18,06 ticks)
Probing time = 0,05 sec. (3,95 ticks)
Clique table members: 478.
MIP emphasis: balance optimality and feasibility.
MIP search method: dynamic search.
Parallel mode: deterministic, using up to 24 threads.
Root relaxation solution time = 0,10 sec. (75,94 ticks)

        Nodes                                         Cuts/
   Node  Left     Objective  IInf  Best Integer    Best Bound    ItCnt     Gap

*     0+    0                            0,0000    14010,6991     1258     --- 
      0     0     2820,7405     5        0,0000     2820,7405     1258     --- 
      0     0     2820,7401     3        0,0000       Cuts: 5     1261     --- 
      0     0     2820,7342    13        0,0000       Cuts: 5     1266     --- 
      0     0     2820,7342    21        0,0000       Cuts: 3     1272     --- 
*     0+    0                         2818,3135     2820,7342     1272    0,09%
      0     2     2820,7342    21     2818,3135     2820,7342     1272    0,09%
Elapsed time = 5,47 sec. (14467,01 ticks, tree = 0,01 MB, solutions = 2)
*    93    90      integral     0     2819,9786     2820,7136     2093    0,03%
*    99    92      integral     0     2820,3374     2820,7136     2241    0,01%
*   276    91      integral     0     2820,4196     2820,7136     3456    0,01%

Cover cuts applied:  40
Mixed integer rounding cuts applied:  1
Gomory fractional cuts applied:  2

Root node processing (before b&c):
  Real time             =    2,07 sec. (2375,49 ticks)
Parallel b&c, 24 threads:
  Real time             =    0,98 sec. (501,57 ticks)
  Sync time (average)   =    0,02 sec.
  Wait time (average)   =    0,00 sec.
                          ------------
Total (root+branch&cut) =    3,05 sec. (2877,07 ticks)

<<< solve


OBJECTIVE: 2820.42
avg_utility = 0.8635700055113181

<<< post process


<<< done

