
<<< setup


<<< generate

Found incumbent of value 0,000000 after 0,01 sec. (9,62 ticks)
Tried aggregator 2 times.
MIP Presolve eliminated 363107 rows and 202505 columns.
MIP Presolve modified 7763 coefficients.
Aggregator did 7760 substitutions.
Reduced MIP has 8539 rows, 16296 columns, and 35696 nonzeros.
Reduced MIP has 7516 binaries, 1020 generals, 0 SOSs, and 0 indicators.
Presolve time = 0,19 sec. (267,25 ticks)
Probing time = 0,01 sec. (2,11 ticks)
Tried aggregator 1 time.
Reduced MIP has 8539 rows, 16296 columns, and 35696 nonzeros.
Reduced MIP has 7516 binaries, 1020 generals, 0 SOSs, and 0 indicators.
Presolve time = 0,03 sec. (27,86 ticks)
Probing time = 0,01 sec. (2,10 ticks)
Clique table members: 606.
MIP emphasis: balance optimality and feasibility.
MIP search method: dynamic search.
Parallel mode: deterministic, using up to 8 threads.
Root relaxation solution time = 0,14 sec. (251,11 ticks)

        Nodes                                         Cuts/
   Node  Left     Objective  IInf  Best Integer    Best Bound    ItCnt     Gap

*     0+    0                            0,0000     4899,0000              --- 
      0     0     1075,1000     4        0,0000     1075,1000       24     --- 
      0     0     1075,1000     8        0,0000       Cuts: 2       38     --- 
      0     0     1075,1000     8        0,0000       Cuts: 3       41     --- 
*     0+    0                         1075,0000     1075,1000             0,01%
      0     0        cutoff           1075,0000     1075,0000       41    0,00%
Elapsed time = 1,49 sec. (2817,05 ticks, tree = 0,00 MB, solutions = 2)

Mixed integer rounding cuts applied:  1

Root node processing (before b&c):
  Real time             =    1,50 sec. (2825,41 ticks)
Parallel b&c, 8 threads:
  Real time             =    0,00 sec. (0,00 ticks)
  Sync time (average)   =    0,00 sec.
  Wait time (average)   =    0,00 sec.
                          ------------
Total (root+branch&cut) =    1,50 sec. (2825,41 ticks)

<<< solve


OBJECTIVE: 1075
avg_utility = 0.658298

<<< post process


<<< done

