
<<< setup


<<< generate

Tried aggregator 2 times.
MIP Presolve eliminated 148524 rows and 142767 columns.
MIP Presolve modified 628 coefficients.
Aggregator did 7634 substitutions.
Reduced MIP has 1880 rows, 5634 columns, and 10642 nonzeros.
Reduced MIP has 2186 binaries, 2196 generals, 0 SOSs, and 0 indicators.
Presolve time = 1,31 sec. (2962,25 ticks)
Found incumbent of value 0,000000 after 1,34 sec. (2975,29 ticks)
Probing time = 0,17 sec. (2,63 ticks)
Tried aggregator 1 time.
Reduced MIP has 1880 rows, 5634 columns, and 10642 nonzeros.
Reduced MIP has 2186 binaries, 2196 generals, 0 SOSs, and 0 indicators.
Presolve time = 0,02 sec. (7,78 ticks)
Probing time = 0,04 sec. (2,61 ticks)
Clique table members: 260.
MIP emphasis: balance optimality and feasibility.
MIP search method: dynamic search.
Parallel mode: deterministic, using up to 8 threads.
Root relaxation solution time = 0,01 sec. (6,44 ticks)

        Nodes                                         Cuts/
   Node  Left     Objective  IInf  Best Integer    Best Bound    ItCnt     Gap

*     0+    0                            0,0000     9526,0000              --- 
*     0+    0                          198,4000     9526,0000              --- 
      0     0     1604,6667     2      198,4000     1604,6667        9  708,80%
*     0+    0                         1604,6000     1604,6667             0,00%
      0     0        cutoff           1604,6000     1604,6667        9    0,00%
Elapsed time = 1,77 sec. (3045,44 ticks, tree = 0,00 MB, solutions = 3)

Root node processing (before b&c):
  Real time             =    1,79 sec. (3051,44 ticks)
Parallel b&c, 8 threads:
  Real time             =    0,00 sec. (0,00 ticks)
  Sync time (average)   =    0,00 sec.
  Wait time (average)   =    0,00 sec.
                          ------------
Total (root+branch&cut) =    1,79 sec. (3051,44 ticks)

<<< solve


OBJECTIVE: 1604.6

<<< post process


<<< done

