
<<< setup


<<< generate

Found incumbent of value 0,000000 after 0,06 sec. (56,81 ticks)
Tried aggregator 2 times.
MIP Presolve eliminated 2394797 rows and 1229497 columns.
MIP Presolve modified 10414 coefficients.
Aggregator did 10411 substitutions.
Reduced MIP has 27762 rows, 43373 columns, and 104096 nonzeros.
Reduced MIP has 8675 binaries, 0 generals, 0 SOSs, and 0 indicators.
Presolve time = 0,98 sec. (1527,63 ticks)
Probing time = 0,02 sec. (1,85 ticks)
Tried aggregator 1 time.
Reduced MIP has 27762 rows, 43373 columns, and 104096 nonzeros.
Reduced MIP has 8675 binaries, 0 generals, 0 SOSs, and 0 indicators.
Presolve time = 0,09 sec. (87,37 ticks)
Probing time = 0,02 sec. (1,96 ticks)
MIP emphasis: balance optimality and feasibility.
MIP search method: dynamic search.
Parallel mode: deterministic, using up to 8 threads.
Root relaxation solution time = 0,18 sec. (376,49 ticks)

        Nodes                                         Cuts/
   Node  Left     Objective  IInf  Best Integer    Best Bound    ItCnt     Gap

*     0+    0                            0,0000    14010,6991              --- 
*     0+    0                         1504,2753    14010,6991           831,39%
      0     0     3266,0000   741     1504,2753     3266,0000     1735  117,11%
*     0+    0                         2839,3843     3266,0000            15,02%
      0     0     3266,0000   605     2839,3843    Cuts: 1361     2947   15,02%
      0     0     3261,9410   604     2839,3843    Cuts: 1409     4240   14,88%
*     0+    0                         3103,9387     3261,9410             5,09%
      0     0     3233,5990   599     3103,9387    Cuts: 1391     5267    4,18%
      0     0     3233,5990   599     3103,9387    Cuts: 1200     5998    4,18%
*     0+    0                         3106,0695     3233,5990             4,11%
      0     0     3208,6682   599     3106,0695    Cuts: 1200     7701    3,30%
      0     0     3194,5732   598     3106,0695    Cuts: 1197     8724    2,85%
*     0+    0                         3108,0839     3194,5732             2,78%
      0     0     3194,5732   599     3108,0839    Cuts: 1194     9612    2,78%
      0     2     3194,5732   599     3108,0839     3194,5732     9612    2,78%
Elapsed time = 8,33 sec. (10296,76 ticks, tree = 0,00 MB, solutions = 6)
      1     3     3184,3624   451     3108,0839     3194,5732    10825    2,78%
      7     9     3150,7876   413     3108,0839     3194,5732    12776    2,78%
     12    14     3150,8533   415     3108,0839     3194,5732    14845    2,78%
     19    19     3150,9189   414     3108,0839     3194,5732    18290    2,78%
     43    39     3194,5732   598     3108,0839     3194,5732    20664    2,78%
     63    59     3184,5302   453     3108,0839     3194,5732    21933    2,78%
    359   353        cutoff           3108,0839     3194,5732    27172    2,78%
    362   356     3152,2403   198     3108,0839     3194,5732    29300    2,78%
    388   382     3162,6676   235     3108,0839     3194,5732    34017    2,78%
    478   472     3184,4737   453     3108,0839     3194,5732    48110    2,78%
Elapsed time = 26,18 sec. (22023,50 ticks, tree = 11,97 MB, solutions = 6)
    772   766     3194,5732   597     3108,0839     3194,5732    48494    2,78%
*   807+  799                         3125,8747     3194,5732             2,20%
*   820+  812                         3134,4485     3194,5732             1,92%
   1289  1283     3194,5732   597     3134,4485     3194,5732    49669    1,92%
*  1771+ 1763                         3141,8461     3194,5732             1,68%
   1771  1765     3184,3624   451     3141,8461     3194,5732    50683    1,68%
*  1779+ 1181                         3142,1999     3194,5732             1,67%

Implied bound cuts applied:  140
Flow cuts applied:  7870
Mixed integer rounding cuts applied:  1737
Gomory fractional cuts applied:  553

Root node processing (before b&c):
  Real time             =    8,41 sec. (10436,25 ticks)
Parallel b&c, 8 threads:
  Real time             =   51,86 sec. (28343,61 ticks)
  Sync time (average)   =   10,67 sec.
  Wait time (average)   =   10,82 sec.
                          ------------
Total (root+branch&cut) =   60,27 sec. (38779,86 ticks)

<<< solve


OBJECTIVE: 3142.2
avg_utility = 0.962094

<<< post process


<<< done

