
<<< setup


<<< generate

Found incumbent of value 0,000000 after 0,04 sec. (23,67 ticks)
Tried aggregator 6 times.
MIP Presolve eliminated 184950 rows and 553560 columns.
MIP Presolve modified 6448 coefficients.
Aggregator did 162955 substitutions.
Reduced MIP has 17563 rows, 43566 columns, and 142340 nonzeros.
Reduced MIP has 3584 binaries, 0 generals, 0 SOSs, and 0 indicators.
Presolve time = 9,28 sec. (6675,43 ticks)
Probing time = 0,18 sec. (1,66 ticks)
Tried aggregator 1 time.
Reduced MIP has 17563 rows, 43566 columns, and 142340 nonzeros.
Reduced MIP has 3584 binaries, 0 generals, 0 SOSs, and 0 indicators.
Presolve time = 0,12 sec. (65,61 ticks)
Probing time = 0,12 sec. (1,67 ticks)
MIP emphasis: balance optimality and feasibility.
MIP search method: dynamic search.
Parallel mode: deterministic, using up to 24 threads.
Root relaxation solution time = 0,72 sec. (423,26 ticks)

        Nodes                                         Cuts/
   Node  Left     Objective  IInf  Best Integer    Best Bound    ItCnt     Gap

*     0+    0                         2829,0000    37239,2000              --- 
*     0+    0                         4429,2667    37239,2000           740,75%
      0     0     6184,8000  1230     4429,2667     6184,8000     3339   39,63%
      0     0     6184,8000   477     4429,2667     Cuts: 775     4012   39,63%
      0     0     6184,8000   324     4429,2667    Cuts: 1377     4799   39,63%
      0     0     6184,8000   183     4429,2667     Cuts: 759     5228   39,63%
      0     0     6184,8000   140     4429,2667     Cuts: 387     5710   39,63%
      0     0     6184,8000   115     4429,2667     Cuts: 289     5947   39,63%
      0     0     6184,8000    84     4429,2667     Cuts: 234     6133   39,63%
*     0+    0                         6020,8500     6184,8000             2,72%
      0     0     6184,8000    69     6020,8500     Cuts: 161     6421    2,72%
      0     0     6184,8000    53     6020,8500     Cuts: 131     6740    2,72%
      0     0     6184,8000    39     6020,8500      Cuts: 88     6963    2,72%
      0     0     6184,8000    33     6020,8500      Cuts: 77     7117    2,72%
      0     0     6184,8000    24     6020,8500      Cuts: 44     7267    2,72%
      0     2     6184,8000    24     6020,8500     6184,8000     7267    2,72%
Elapsed time = 28,40 sec. (26116,62 ticks, tree = 0,00 MB, solutions = 3)
      4     6     6184,8000    31     6020,8500     6184,8000     7510    2,72%
     13    15     6184,8000    35     6020,8500     6184,8000     8377    2,72%
     24    26     6184,8000    34     6020,8500     6184,8000     9357    2,72%
     31    33     6184,8000    30     6020,8500     6184,8000     9789    2,72%
     53    55     6184,8000    20     6020,8500     6184,8000    11320    2,72%
     96    98     6184,8000    36     6020,8500     6184,8000    15037    2,72%
    256   258     6184,8000    26     6020,8500     6184,8000    20168    2,72%
*   268+  268                         6178,2000     6184,8000             0,11%
*   304+  303                         6183,2143     6184,8000             0,03%

Flow cuts applied:  2943
Mixed integer rounding cuts applied:  738
Gomory fractional cuts applied:  168

Root node processing (before b&c):
  Real time             =   28,08 sec. (26128,99 ticks)
Parallel b&c, 24 threads:
  Real time             =    7,17 sec. (3646,09 ticks)
  Sync time (average)   =    2,70 sec.
  Wait time (average)   =    2,92 sec.
                          ------------
Total (root+branch&cut) =   35,24 sec. (29775,08 ticks)

<<< solve


OBJECTIVE: 6183.214
avg_utility = 0.38386

<<< post process


<<< done

