
<<< setup


<<< generate

Found incumbent of value 0,000000 after 0,01 sec. (4,79 ticks)
Tried aggregator 2 times.
MIP Presolve eliminated 20787 rows and 36165 columns.
MIP Presolve modified 2512 coefficients.
Aggregator did 2435 substitutions.
Reduced MIP has 38769 rows, 119945 columns, and 326719 nonzeros.
Reduced MIP has 5656 binaries, 2766 generals, 0 SOSs, and 0 indicators.
Presolve time = 0,29 sec. (197,35 ticks)
Probing time = 0,39 sec. (35,40 ticks)
Tried aggregator 1 time.
MIP Presolve eliminated 5222 rows and 13519 columns.
Reduced MIP has 33547 rows, 106426 columns, and 286633 nonzeros.
Reduced MIP has 5656 binaries, 2766 generals, 0 SOSs, and 0 indicators.
Presolve time = 0,29 sec. (165,27 ticks)
Probing time = 0,26 sec. (32,99 ticks)
Tried aggregator 1 time.
Reduced MIP has 33547 rows, 106426 columns, and 286633 nonzeros.
Reduced MIP has 5656 binaries, 2766 generals, 0 SOSs, and 0 indicators.
Presolve time = 0,26 sec. (134,87 ticks)
Probing time = 0,33 sec. (34,79 ticks)
Clique table members: 3326.
MIP emphasis: balance optimality and feasibility.
MIP search method: dynamic search.
Parallel mode: deterministic, using up to 24 threads.
Root relaxation solution time = 0,61 sec. (399,71 ticks)

        Nodes                                         Cuts/
   Node  Left     Objective  IInf  Best Integer    Best Bound    ItCnt     Gap

*     0+    0                            0,0000        3,0000              --- 
      0     0        0,7924   502        0,0000        0,7924     1458     --- 
*     0+    0                            0,2479        0,7924           219,67%
      0     0        0,7262   502        0,2479    Cuts: 1677     3600  192,95%
      0     0        0,7093   522        0,2479    Cuts: 1632     5911  186,15%
      0     0        0,6433   536        0,2479    Cuts: 1461    54070  159,52%
*     0+    0                            0,3225        0,6433            99,49%
      0     0        0,4992   606        0,3225    Cuts: 1481    79061   54,79%
      0     0        0,4849   592        0,3225    Cuts: 1393   131176   50,36%
      0     0        0,4584   568        0,3225    Cuts: 1464   170022   42,15%
*     0+    0                            0,3415        0,4584            34,25%
*     0+    0                            0,3418        0,4584            34,11%
*     0+    0                            0,3616        0,4584            26,77%
*     0+    0                            0,3625        0,4584            26,46%
      0     0        0,4468   589        0,3625    Cuts: 1322   256479   23,25%
      0     0        cutoff              0,3625                 338430    0,00%
Elapsed time = 174,00 sec. (145429,16 ticks, tree = 0,00 MB, solutions = 7)

Clique cuts applied:  2
Cover cuts applied:  2
Implied bound cuts applied:  191
Flow cuts applied:  4710
Mixed integer rounding cuts applied:  3961
Gomory fractional cuts applied:  351

Root node processing (before b&c):
  Real time             =  174,02 sec. (145440,69 ticks)
Parallel b&c, 24 threads:
  Real time             =    0,00 sec. (0,00 ticks)
  Sync time (average)   =    0,00 sec.
  Wait time (average)   =    0,00 sec.
                          ------------
Total (root+branch&cut) =  174,02 sec. (145440,69 ticks)

<<< solve


OBJECTIVE: 0.3624985
avg_utility = 0.362498

<<< post process


<<< done

