
<<< setup


<<< generate

Found incumbent of value 0,000000 after 0,02 sec. (16,51 ticks)
Tried aggregator 8 times.
MIP Presolve eliminated 111582 rows and 326699 columns.
MIP Presolve modified 27580 coefficients.
Aggregator did 84111 substitutions.
Reduced MIP has 56118 rows, 121031 columns, and 379786 nonzeros.
Reduced MIP has 13740 binaries, 0 generals, 0 SOSs, and 0 indicators.
Presolve time = 8,99 sec. (8885,13 ticks)
Probing time = 0,03 sec. (5,28 ticks)
Tried aggregator 1 time.
MIP Presolve modified 511 coefficients.
Reduced MIP has 56118 rows, 121031 columns, and 379786 nonzeros.
Reduced MIP has 13740 binaries, 0 generals, 0 SOSs, and 0 indicators.
Presolve time = 0,28 sec. (232,71 ticks)
Probing time = 0,03 sec. (5,58 ticks)
MIP emphasis: balance optimality and feasibility.
MIP search method: dynamic search.
Parallel mode: deterministic, using up to 8 threads.
Root relaxation solution time = 1,60 sec. (1253,11 ticks)

        Nodes                                         Cuts/
   Node  Left     Objective  IInf  Best Integer    Best Bound    ItCnt     Gap

*     0+    0                            0,0000    22045,0000              --- 
      0     0     7863,0000  1560        0,0000     7863,0000     4600     --- 
      0     0     7194,7655  1266        0,0000    Cuts: 4746    18848     --- 
      0     0     6798,7607  1169        0,0000    Cuts: 3841    27529     --- 
      0     0     6447,1241  1092        0,0000    Cuts: 3410    38767     --- 
*     0+    0                         5280,6857     6447,1241            22,09%
*     0+    0                         5309,9714     6447,1241            21,42%
*     0+    0                         5311,5714     6447,1241            21,38%
      0     0     6153,1917  1209     5311,5714    Cuts: 2938    59994   15,85%
      0     0     5873,7149    48     5311,5714    Cuts: 2990   113226   10,58%
      0     0     5850,8649    22     5311,5714     Cuts: 108   114697   10,15%
*     0+    0                         5751,4929     5850,8649             1,73%
*     0+    0                         5809,8444     5850,8649             0,71%

Implied bound cuts applied:  516
Flow cuts applied:  14195
Mixed integer rounding cuts applied:  2662
Flow path cuts applied:  43
Lift and project cuts applied:  1
Gomory fractional cuts applied:  307

Root node processing (before b&c):
  Real time             =  180,53 sec. (136777,82 ticks)
Parallel b&c, 8 threads:
  Real time             =    0,00 sec. (0,00 ticks)
  Sync time (average)   =    0,00 sec.
  Wait time (average)   =    0,00 sec.
                          ------------
Total (root+branch&cut) =  180,53 sec. (136777,82 ticks)

<<< solve


OBJECTIVE: 5809.844
avg_utility = 0.738884

<<< post process


<<< done

