
<<< setup


<<< generate

Found incumbent of value 0,000000 after 0,02 sec. (25,77 ticks)
Aggregator has done 118128 substitutions...
Tried aggregator 11 times.
MIP Presolve eliminated 340739 rows and 465285 columns.
MIP Presolve modified 41215 coefficients.
Aggregator did 151536 substitutions.
Reduced MIP has 75069 rows, 149980 columns, and 465796 nonzeros.
Reduced MIP has 3592 binaries, 0 generals, 0 SOSs, and 0 indicators.
Presolve time = 19,94 sec. (17605,14 ticks)
Probing time = 0,04 sec. (6,20 ticks)
Tried aggregator 1 time.
Reduced MIP has 75069 rows, 149980 columns, and 465796 nonzeros.
Reduced MIP has 3592 binaries, 0 generals, 0 SOSs, and 0 indicators.
Presolve time = 0,32 sec. (250,06 ticks)
Probing time = 0,04 sec. (6,46 ticks)
MIP emphasis: balance optimality and feasibility.
MIP search method: dynamic search.
Parallel mode: deterministic, using up to 8 threads.
Root relaxation solution time = 8,56 sec. (3376,53 ticks)

        Nodes                                         Cuts/
   Node  Left     Objective  IInf  Best Integer    Best Bound    ItCnt     Gap

*     0+    0                            0,0000    41822,0000              --- 
*     0+    0                         5347,9167    41822,0000           682,02%
      0     0    15335,5362  1723     5347,9167    15335,5362     1070  186,76%
      0     0    13136,2393  1847     5347,9167    Cuts: 9632    32806  145,63%
      0     0    11807,3730  2152     5347,9167    Cuts: 9512    64177  120,78%
      0     0    10755,7188  1807     5347,9167    Cuts: 9928    98544  101,12%
*     0+    0                         6650,3643    10755,7188            61,73%
*     0+    0                         8922,5286    10755,7188            20,55%
      0     0    10265,8621  1523     8922,5286    Cuts: 9966   133863   15,06%
      0     0     9907,4570  1177     8922,5286    Cuts: 9922   149255   11,04%
      0     0     9703,5819   428     8922,5286    Cuts: 7074   159945    8,75%
*     0+    0                         8964,4833     9703,5819             8,24%
*     0+    0                         8980,9833     9703,5819             8,05%
*     0+    0                         9004,8833     9703,5819             7,76%
      0     0     9636,2125   168     9004,8833    Cuts: 1886   165060    7,01%
      0     0     9624,8773   121     9004,8833     Cuts: 869   170959    6,89%
      0     0     9615,0190   182     9004,8833    Cuts: 1664   176931    6,78%
      0     0     9610,9245   241     9004,8833    Cuts: 2052   190298    6,73%
      0     0     9604,0464   221     9004,8833    Cuts: 1815   193190    6,65%
      0     0     9598,6107   101     9004,8833    Cuts: 1140   197154    6,59%
      0     0     9597,0049   115     9004,8833     Cuts: 596   199175    6,58%
      0     0     9596,4367    89     9004,8833    Cuts: 1638   200945    6,57%
      0     0     9595,9819    83     9004,8833     Cuts: 454   201987    6,56%
      0     0     9595,7109    92     9004,8833     Cuts: 337   202573    6,56%
Heuristic still looking.
Heuristic still looking.
      0     2     9595,7109    92     9004,8833     9595,7109   202573    6,56%
Elapsed time = 705,41 sec. (491003,58 ticks, tree = 0,00 MB, solutions = 6)
      1     3     9530,6242    72     9004,8833     9595,7109   210231    6,56%
      2     4     9549,1471    80     9004,8833     9595,7109   232033    6,56%
      3     5     9467,6011    75     9004,8833     9549,1471   247817    6,04%
      4     6     9224,6603    50     9004,8833     9549,1471   262790    6,04%
      7     9     9222,0063    49     9004,8833     9549,1471   280711    6,04%
      9    11     9523,1383    51     9004,8833     9531,3277   361715    5,85%
     12    14     9464,7156    74     9004,8833     9531,3277   375507    5,85%
     14    14     9458,9938    49     9004,8833     9531,3277   387288    5,85%
     15    15     9509,5001    47     9004,8833     9530,8312   395759    5,84%
     17    17     9032,7957    49     9004,8833     9530,8312   423130    5,84%
Elapsed time = 874,55 sec. (594706,45 ticks, tree = 0,00 MB, solutions = 6)
     21    21     9471,6850    49     9004,8833     9530,8312   455152    5,84%
     22    22     9158,5160    40     9004,8833     9530,8312   469132    5,84%
     27    27     9504,4721    47     9004,8833     9530,8312   538920    5,84%
     35    35     9183,5741    44     9004,8833     9526,0248   605961    5,79%
     37    37     9451,5360    42     9004,8833     9526,0248   626505    5,79%
     41    41     9378,1066    49     9004,8833     9526,0248   660170    5,79%
     42    42     9413,3657    46     9004,8833     9526,0248   673088    5,79%
     49    49     9348,9194    45     9004,8833     9526,0248   681836    5,79%
     84    84     9122,7843    54     9004,8833     9526,0248   858635    5,79%
     88    86     9190,4848    35     9004,8833     9526,0248   920961    5,79%
Elapsed time = 1186,44 sec. (677863,57 ticks, tree = 0,00 MB, solutions = 6)
     97    89     9257,3928    41     9004,8833     9519,7893  1004156    5,72%
    105    97     9309,9125    45     9004,8833     9519,7893  1077899    5,72%
    113   105     9298,5209    38     9004,8833     9519,7893  1141541    5,72%
    114   106     9228,1492    47     9004,8833     9519,7893  1143777    5,72%
    122   110        cutoff           9004,8833     9519,7893  1205514    5,72%
    130   116     9163,7431    54     9004,8833     9519,7893  1277375    5,72%
    138   122     9195,1283    47     9004,8833     9519,7893  1356348    5,72%
    175   156     9329,5119    41     9004,8833     9519,7893  1717148    5,72%
    219   198     9100,5330    24     9004,8833     9519,7893  2043222    5,72%
    221   200     9173,0705    24     9004,8833     9519,7893  2047464    5,72%
Elapsed time = 1539,16 sec. (751067,02 ticks, tree = 0,00 MB, solutions = 6)
    224   203     9065,0256    33     9004,8833     9519,7893  2066672    5,72%
    232   211     9116,8675    32     9004,8833     9519,7893  2089781    5,72%
    310   271     9025,2090    51     9004,8833     9519,7893  2178342    5,72%
    345   292     9058,8719    36     9004,8833     9519,7893  2218187    5,72%
    353   296     9084,4548    59     9004,8833     9519,7893  2226384    5,72%
    361   302     9044,2237    34     9004,8833     9519,7893  2246744    5,72%
    369   309     9043,8887    34     9004,8833     9519,7893  2254448    5,72%
    385   317     9012,0466    40     9004,8833     9519,7893  2274126    5,72%
    391   321     9407,4741    40     9004,8833     9519,7893  2306991    5,72%
    399   326     9343,9616    39     9004,8833     9519,7893  2313351    5,72%
Elapsed time = 2252,55 sec. (874238,20 ticks, tree = 31,90 MB, solutions = 6)
    415   334     9489,4920    46     9004,8833     9519,7893  2347708    5,72%
    443   356     9077,4845    67     9004,8833     9519,7893  2392403    5,72%
    492   384     9426,1904    46     9004,8833     9491,4840  2435208    5,40%
    497   389     9130,5606    31     9004,8833     9491,4840  2442980    5,40%
    502   391     9211,5097    33     9004,8833     9491,4840  2454207    5,40%
    505   394     9234,4585    37     9004,8833     9491,4840  2462098    5,40%
    511   400     9171,9538    58     9004,8833     9491,4840  2467332    5,40%
    519   408     9170,5292    57     9004,8833     9491,4840  2481175    5,40%
    527   414     9147,4852    39     9004,8833     9491,4840  2495708    5,40%
    543   423     9134,7232    35     9004,8833     9491,4840  2512124    5,40%
Elapsed time = 2666,02 sec. (941783,47 ticks, tree = 40,25 MB, solutions = 6)
    551   429     9122,0384    29     9004,8833     9491,4840  2519616    5,40%
    617   485     9075,9839    21     9004,8833     9491,4840  2591650    5,40%
    655   519     9217,1976    28     9004,8833     9491,4840  2629146    5,40%
    658   522     9086,8907    21     9004,8833     9491,4840  2631059    5,40%
    662   526     9062,8354    21     9004,8833     9491,4840  2638699    5,40%
    669   533     9073,6542    14     9004,8833     9491,4840  2648335    5,40%
    677   541     9066,4470    14     9004,8833     9491,4840  2658166    5,40%
    685   545        cutoff           9004,8833     9491,4840  2668961    5,40%
    693   553     9062,5240    17     9004,8833     9491,4840  2676572    5,40%
    701   560     9035,2868    19     9004,8833     9491,4840  2683991    5,40%
Elapsed time = 2894,08 sec. (986291,64 ticks, tree = 60,73 MB, solutions = 6)
    709   568     9056,9037    20     9004,8833     9491,4840  2696460    5,40%
    724   573     9011,0364    26     9004,8833     9491,4840  2705426    5,40%
    743   585     9169,9254    22     9004,8833     9491,4840  2722316    5,40%
    748   590     9175,8509    45     9004,8833     9491,4840  2732650    5,40%
    750   592     9287,7798    37     9004,8833     9491,4840  2734344    5,40%
    758   599     9240,1612    37     9004,8833     9491,4840  2742274    5,40%
    766   603     9202,2712    34     9004,8833     9491,4840  2746373    5,40%
    774   605     9136,2445    28     9004,8833     9491,4840  2754636    5,40%
    788   615     9034,6398    39     9004,8833     9491,4840  2795774    5,40%
    815   634     9331,0617    43     9004,8833     9491,4840  2828595    5,40%
Elapsed time = 3221,67 sec. (1040360,40 ticks, tree = 60,73 MB, solutions = 6)
    835   641     9093,4434    21     9004,8833     9480,8254  2848606    5,29%
    843   646     9074,9497    24     9004,8833     9480,8254  2853603    5,29%
    851   650     9078,7404    51     9004,8833     9480,8254  2866439    5,29%
    859   658     9078,0010    57     9004,8833     9480,8254  2881261    5,29%
    869   666     9339,4352    38     9004,8833     9480,8254  2907302    5,29%
    880   675     9183,1442    40     9004,8833     9480,8254  2923854    5,29%
    888   683     9154,0395    43     9004,8833     9480,8254  2944654    5,29%
    896   690     9139,2632    41     9004,8833     9480,8254  2948492    5,29%
    904   698     9137,0636    38     9004,8833     9480,8254  2960597    5,29%
    914   706     9231,2409    38     9004,8833     9480,8254  2976127    5,29%
Elapsed time = 3602,40 sec. (1101349,13 ticks, tree = 66,43 MB, solutions = 6)
    922   714     9220,4409    36     9004,8833     9480,8254  2985635    5,29%
    928   720     9056,3265    34     9004,8833     9480,8254  2992635    5,29%
    930   722     9218,4668    36     9004,8833     9480,8254  3006569    5,29%
    938   727     9189,7814    33     9004,8833     9480,8254  3015307    5,29%
    944   732     9012,9132    34     9004,8833     9480,8254  3025090    5,29%
    964   742     9078,2824    43     9004,8833     9480,8254  3058487    5,29%
   1016   782     9152,9763    44     9004,8833     9448,6038  3134029    4,93%
   1018   784     9085,2387    60     9004,8833     9448,6038  3141826    4,93%
   1022   786     9184,4902    60     9004,8833     9448,6038  3159682    4,93%
   1030   794     9159,5162    47     9004,8833     9448,6038  3182194    4,93%
Elapsed time = 3990,20 sec. (1163828,56 ticks, tree = 75,45 MB, solutions = 6)
   1038   802     9146,5932    44     9004,8833     9448,6038  3200939    4,93%
   1046   810     9128,0355    43     9004,8833     9448,6038  3215421    4,93%
   1054   818     9124,9350    43     9004,8833     9448,6038  3226749    4,93%
   1062   826     9122,0291    43     9004,8833     9448,6038  3235919    4,93%
   1071   835     9070,9361    57     9004,8833     9448,6038  3245159    4,93%
   1079   842     9058,3667    62     9004,8833     9448,6038  3249581    4,93%
   1087   849     9046,4366    68     9004,8833     9448,6038  3263618    4,93%
   1095   854     9035,3214    86     9004,8833     9448,6038  3269947    4,93%
   1103   860     9025,8609    70     9004,8833     9448,6038  3284270    4,93%
   1119   872     9008,5600    66     9004,8833     9448,6038  3305049    4,93%
Elapsed time = 4359,75 sec. (1227510,52 ticks, tree = 75,45 MB, solutions = 6)
   1143   888     9295,0727    70     9004,8833     9448,6038  3335282    4,93%
   1197   928     9372,9732    41     9004,8833     9448,6038  3426403    4,93%
   1235   961     9154,0784    55     9004,8833     9426,5038  3454592    4,68%
   1243   968     9129,0842    43     9004,8833     9426,5038  3468135    4,68%
   1251   975     9128,3709    42     9004,8833     9426,5038  3480621    4,68%
   1255   974     9262,5376    38     9004,8833     9426,5038  3486867    4,68%
   1259   978     9119,5947    37     9004,8833     9426,5038  3492608    4,68%
   1267   986     9101,0370    36     9004,8833     9426,5038  3501531    4,68%
   1291  1005     9045,4928    40     9004,8833     9426,5038  3540045    4,68%
   1299  1011     9030,9345    49     9004,8833     9426,5038  3553997    4,68%
Elapsed time = 4777,36 sec. (1290940,34 ticks, tree = 86,62 MB, solutions = 6)
   1309  1019     9159,9774    23     9004,8833     9426,5038  3569189    4,68%
   1331  1037     9340,8903    32     9004,8833     9426,5038  3586433    4,68%
   1339  1045     9250,6928    29     9004,8833     9426,5038  3600334    4,68%
   1354  1059     9041,0115    56     9004,8833     9426,5038  3617743    4,68%
   1362  1065     9028,4485    62     9004,8833     9426,5038  3625486    4,68%
   1370  1070     9016,3720    70     9004,8833     9426,5038  3632193    4,68%
   1378  1076     9006,9522    69     9004,8833     9426,5038  3643110    4,68%
   1388  1083     9194,2277    30     9004,8833     9426,5038  3651799    4,68%
   1443  1122     9082,3725    37     9004,8833     9426,5038  3726239    4,68%
   1488  1164     9285,1144    49     9004,8833     9365,5808  3780347    4,01%
Elapsed time = 5288,68 sec. (1379232,20 ticks, tree = 97,38 MB, solutions = 6)
   1493  1169     9048,1798    63     9004,8833     9365,5808  3788818    4,01%
   1495  1171     9086,8536    57     9004,8833     9365,5808  3796579    4,01%
   1509  1185     9027,6041    64     9004,8833     9365,5808  3821713    4,01%
   1511  1187     9051,7709    42     9004,8833     9365,5808  3830970    4,01%
   1519  1193     9042,9947    37     9004,8833     9365,5808  3846759    4,01%
   1541  1204     9307,3831    43     9004,8833     9365,5808  3863801    4,01%
   1549  1207     9289,1568    42     9004,8833     9365,5808  3879062    4,01%
   1552  1210     9172,7756    34     9004,8833     9365,5808  3885194    4,01%
   1557  1215     9273,9040    38     9004,8833     9365,5808  3894402    4,01%
   1560  1218     9058,4220    38     9004,8833     9365,5808  3902174    4,01%
Elapsed time = 5600,36 sec. (1427001,08 ticks, tree = 97,38 MB, solutions = 6)
   1579  1233     9160,1774    23     9004,8833     9365,5808  3920357    4,01%
   1584  1238     9147,9687    31     9004,8833     9365,5808  3926771    4,01%
   1599  1253     9194,5256    34     9004,8833     9365,5808  3940893    4,01%
   1615  1267     9167,7552    31     9004,8833     9365,5808  3952780    4,01%
   1647  1289     9139,5125    30     9004,8833     9365,5808  3993470    4,01%
   1669  1309     9112,2556    23     9004,8833     9365,5808  4032221    4,01%
   1679  1317     9095,2067    23     9004,8833     9365,5808  4049418    4,01%
   1695  1329     9064,5141    19     9004,8833     9365,5808  4067380    4,01%
   1703  1337     9054,0260    24     9004,8833     9365,5808  4086226    4,01%
   1721  1355     9149,8277    48     9004,8833     9365,5808  4112382    4,01%
Elapsed time = 6087,24 sec. (1506683,08 ticks, tree = 97,38 MB, solutions = 6)
   1770  1391     9223,1895    39     9004,8833     9348,6569  4171564    3,82%
   1771  1392     9140,9804    62     9004,8833     9348,6569  4175427    3,82%
   1773  1394     9147,7790    46     9004,8833     9348,6569  4183669    3,82%
   1779  1400     9129,5228    59     9004,8833     9348,6569  4192025    3,82%
   1787  1407     9104,5487    46     9004,8833     9348,6569  4211850    3,82%
   1811  1423     9095,3121    43     9004,8833     9348,6569  4247325    3,82%
   1825  1433     9304,1037    36     9004,8833     9348,6569  4275590    3,82%
   1841  1449     9220,7667    34     9004,8833     9348,6569  4294788    3,82%
   1847  1455     9205,1565    37     9004,8833     9348,6569  4303207    3,82%
   1855  1463     9190,1545    34     9004,8833     9348,6569  4311237    3,82%
Elapsed time = 7058,01 sec. (1648878,47 ticks, tree = 108,84 MB, solutions = 6)
   1863  1469     9139,1714    30     9004,8833     9348,6569  4320453    3,82%
   2060  1628     9238,7075    41     9004,8833     9348,6569  4560073    3,82%
   2073  1630     9047,2393    25     9004,8833     9333,3591  4574401    3,65%
   2074  1631     9203,0039    37     9004,8833     9333,3591  4579191    3,65%
   2088  1645     9223,4523    43     9004,8833     9333,3591  4611138    3,65%
   2096  1653     9240,5510    37     9004,8833     9333,3591  4624599    3,65%
   2112  1668     9180,4884    37     9004,8833     9333,3591  4644031    3,65%
   2120  1674     9227,8525    36     9004,8833     9333,3591  4649683    3,65%
   2128  1682     9202,5945    33     9004,8833     9333,3591  4655835    3,65%
   2136  1690     9079,5884    37     9004,8833     9333,3591  4673843    3,65%
Elapsed time = 7618,53 sec. (1750695,46 ticks, tree = 117,97 MB, solutions = 6)
   2168  1720     9177,8517    29     9004,8833     9333,3591  4709526    3,65%
   2184  1729     9122,3643    26     9004,8833     9333,3591  4728166    3,65%
   2192  1734     9158,6060    29     9004,8833     9333,3591  4735974    3,65%
   2200  1741     9053,3100    22     9004,8833     9333,3591  4746167    3,65%
   2216  1751     9041,1600    22     9004,8833     9333,3591  4759691    3,65%
   2256  1785     9081,0966    25     9004,8833     9333,3591  4800365    3,65%
   2257  1786     9022,1085    44     9004,8833     9333,3591  4810722    3,65%
   2265  1789     9010,9273    43     9004,8833     9333,3591  4816231    3,65%
   2289  1809     9280,1364    34     9004,8833     9333,3591  4840025    3,65%
   2297  1817     9190,0795    31     9004,8833     9333,3591  4852389    3,65%
Elapsed time = 8112,75 sec. (1830411,63 ticks, tree = 117,97 MB, solutions = 6)
   2304  1824     9085,8306    36     9004,8833     9333,3591  4863822    3,65%
   2312  1832     9067,3484    23     9004,8833     9333,3591  4881215    3,65%
   2320  1840     9184,9081    40     9004,8833     9333,3591  4902080    3,65%
   2434  1938     9180,6752    33     9004,8833     9323,7983  5090692    3,54%
   2436  1939     9024,3799    38     9004,8833     9323,7983  5127728    3,54%
   2450  1948     9168,9090    29     9004,8833     9323,7983  5262066    3,54%
   2461  1955     9039,9842    25     9004,8833     9323,7983  5342986    3,54%
   2463  1957     9104,2411    39     9004,8833     9323,7983  5357677    3,54%
   2479  1966     9078,9976    32     9004,8833     9323,7983  5416830    3,54%
   2495  1976     9056,3750    32     9004,8833     9323,7983  5498066    3,54%
Elapsed time = 8641,59 sec. (1920614,50 ticks, tree = 132,14 MB, solutions = 6)
   2526  2000     9054,6991    32     9004,8833     9323,7983  5547890    3,54%
   2542  2012     9033,5101    71     9004,8833     9323,7983  5569062    3,54%
   2550  2015     9024,4681    59     9004,8833     9323,7983  5576484    3,54%
   2566  2020     9005,2919    70     9004,8833     9323,7983  5597791    3,54%
   2582  2036     9232,5695    41     9004,8833     9323,7983  5613762    3,54%
   2598  2050     9189,4882    38     9004,8833     9323,7983  5628551    3,54%
   2606  2058     9172,3344    35     9004,8833     9323,7983  5634912    3,54%
   2630  2080     9161,8727    33     9004,8833     9323,7983  5657845    3,54%
   2646  2090     9135,8434    28     9004,8833     9323,7983  5679012    3,54%
   2674  2106     9014,4125    56     9004,8833     9323,7983  5713968    3,54%
Elapsed time = 9135,65 sec. (1993432,94 ticks, tree = 132,14 MB, solutions = 6)
   2682  2113     9012,1353    59     9004,8833     9323,7983  5721933    3,54%
   2722  2148     9233,5638    36     9004,8833     9323,7983  5773338    3,54%
   2738  2160     9212,9643    32     9004,8833     9323,7983  5789998    3,54%
   2754  2172     9191,7245    30     9004,8833     9323,7983  5811407    3,54%
   2770  2188     9184,7713    29     9004,8833     9323,7983  5832007    3,54%
   2786  2202     9161,6626    33     9004,8833     9323,7983  5858768    3,54%
   2794  2208     9148,8762    33     9004,8833     9323,7983  5864171    3,54%
   2799  2213     9240,5897    40     9004,8833     9323,7983  5879622    3,54%
   2930  2314     9211,8613    36     9004,8833     9323,7983  6005236    3,54%
   2931  2315     9116,1955    31     9004,8833     9309,8079  6006410    3,39%
Elapsed time = 9562,20 sec. (2062371,26 ticks, tree = 148,57 MB, solutions = 6)
   2932  2316     9231,5648    39     9004,8833     9309,8079  6006437    3,39%
   2940  2324     9196,3929    39     9004,8833     9309,8079  6025667    3,39%
   2964  2348     9081,4429    39     9004,8833     9309,8079  6063733    3,39%
   2972  2356     9132,5672    29     9004,8833     9309,8079  6071054    3,39%
   3004  2388     9115,2649    28     9004,8833     9309,8079  6102191    3,39%
   3020  2400     9060,6224    25     9004,8833     9309,8079  6118782    3,39%
   3036  2410     9043,6915    25     9004,8833     9309,8079  6143443    3,39%
   3052  2421     9025,9430    25     9004,8833     9309,8079  6167817    3,39%
   3060  2427     9048,9787    24     9004,8833     9309,8079  6187570    3,39%
   3068  2434     9054,7646    27     9004,8833     9309,8079  6211491    3,39%
Elapsed time = 10182,61 sec. (2161089,28 ticks, tree = 148,57 MB, solutions = 6)
   3076  2439     9044,9717    28     9004,8833     9309,8079  6221237    3,39%
   3100  2457     9030,8659    25     9004,8833     9309,8079  6248502    3,39%
   3110  2463     9215,6990    37     9004,8833     9309,8079  6260572    3,39%
   3118  2470     9201,9294    36     9004,8833     9309,8079  6270730    3,39%
   3126  2476     9214,8045    36     9004,8833     9309,8079  6290781    3,39%
   3134  2483     9204,3445    33     9004,8833     9309,8079  6297441    3,39%
   3174  2515     9130,1794    29     9004,8833     9309,8079  6337463    3,39%
   3190  2531     9053,4036    21     9004,8833     9309,8079  6354220    3,39%
   3206  2545     9041,2536    21     9004,8833     9309,8079  6376811    3,39%
   3222  2557     9136,8321    27     9004,8833     9309,8079  6391061    3,39%
Elapsed time = 10981,58 sec. (2283351,29 ticks, tree = 148,57 MB, solutions = 6)

Implied bound cuts applied:  1628
Flow cuts applied:  29275
Mixed integer rounding cuts applied:  22937
Flow path cuts applied:  940
Gomory fractional cuts applied:  179

Root node processing (before b&c):
  Real time             =  705,07 sec. (490782,45 ticks)
Parallel b&c, 8 threads:
  Real time             = 10699,58 sec. (2080627,43 ticks)
  Sync time (average)   =  477,54 sec.
  Wait time (average)   =  477,86 sec.
                          ------------
Total (root+branch&cut) = 11404,65 sec. (2571409,89 ticks)

<<< solve


OBJECTIVE: 9004.883
avg_utility = 0.558477

<<< post process


<<< done

