
<<< setup


<<< generate

Found incumbent of value 0,000000 after 0,06 sec. (67,89 ticks)
Tried aggregator 9 times.
MIP Presolve eliminated 3610539 rows and 1248161 columns.
Aggregator did 16555 substitutions.
Reduced MIP has 1506 rows, 7525 columns, and 15050 nonzeros.
Reduced MIP has 0 binaries, 0 generals, 0 SOSs, and 0 indicators.
Presolve time = 2,44 sec. (4487,81 ticks)
Tried aggregator 1 time.
MIP Presolve eliminated 1476 rows and 7380 columns.
Reduced MIP has 30 rows, 145 columns, and 290 nonzeros.
Reduced MIP has 0 binaries, 0 generals, 0 SOSs, and 0 indicators.
Presolve time = 0,03 sec. (50,92 ticks)
Tried aggregator 1 time.
Reduced MIP has 30 rows, 145 columns, and 290 nonzeros.
Reduced MIP has 0 binaries, 0 generals, 0 SOSs, and 0 indicators.
Presolve time = 0,03 sec. (40,82 ticks)
MIP emphasis: balance optimality and feasibility.
MIP search method: dynamic search.
Parallel mode: deterministic, using up to 8 threads.
Root relaxation solution time = 0,00 sec. (0,18 ticks)

        Nodes                                         Cuts/
   Node  Left     Objective  IInf  Best Integer    Best Bound    ItCnt     Gap

*     0+    0                            0,0000     8565,9909              --- 
*     0     0      integral     0     1092,2753     1092,2753       60    0,00%
Elapsed time = 2,59 sec. (4723,66 ticks, tree = 0,00 MB, solutions = 2)

Root node processing (before b&c):
  Real time             =    2,65 sec. (4769,99 ticks)
Parallel b&c, 8 threads:
  Real time             =    0,00 sec. (0,00 ticks)
  Sync time (average)   =    0,00 sec.
  Wait time (average)   =    0,00 sec.
                          ------------
Total (root+branch&cut) =    2,65 sec. (4769,99 ticks)

<<< solve


OBJECTIVE: 1092.275
avg_utility = 0.382182

<<< post process


<<< done

