
<<< setup


<<< generate

Found incumbent of value 0,000000 after 0,02 sec. (7,81 ticks)
Tried aggregator 5 times.
MIP Presolve eliminated 365590 rows and 145537 columns.
Aggregator did 8778 substitutions.
Reduced MIP has 799 rows, 3990 columns, and 7980 nonzeros.
Reduced MIP has 0 binaries, 0 generals, 0 SOSs, and 0 indicators.
Presolve time = 0,48 sec. (517,70 ticks)
Tried aggregator 1 time.
MIP Presolve eliminated 774 rows and 3870 columns.
Reduced MIP has 25 rows, 120 columns, and 240 nonzeros.
Reduced MIP has 0 binaries, 0 generals, 0 SOSs, and 0 indicators.
Presolve time = 0,02 sec. (8,80 ticks)
Tried aggregator 1 time.
Reduced MIP has 25 rows, 120 columns, and 240 nonzeros.
Reduced MIP has 0 binaries, 0 generals, 0 SOSs, and 0 indicators.
Presolve time = 0,01 sec. (4,32 ticks)
MIP emphasis: balance optimality and feasibility.
MIP search method: dynamic search.
Parallel mode: deterministic, using up to 24 threads.
Root relaxation solution time = 0,00 sec. (0,12 ticks)

        Nodes                                         Cuts/
   Node  Left     Objective  IInf  Best Integer    Best Bound    ItCnt     Gap

*     0+    0                            0,0000     3819,4000              --- 
*     0     0      integral     0      326,6500      326,6500       45    0,00%
Elapsed time = 0,53 sec. (548,68 ticks, tree = 0,00 MB, solutions = 2)

Root node processing (before b&c):
  Real time             =    0,54 sec. (554,54 ticks)
Parallel b&c, 24 threads:
  Real time             =    0,00 sec. (0,00 ticks)
  Sync time (average)   =    0,00 sec.
  Wait time (average)   =    0,00 sec.
                          ------------
Total (root+branch&cut) =    0,54 sec. (554,54 ticks)

<<< solve


OBJECTIVE: 326.65
avg_utility = 0.200031

<<< post process


<<< done

