
<<< setup


<<< generate

Tried aggregator 2 times.
MIP Presolve eliminated 185273 rows and 181121 columns.
MIP Presolve modified 1 coefficients.
Aggregator did 4300 substitutions.
Reduced MIP has 431 rows, 2580 columns, and 4730 nonzeros.
Reduced MIP has 1488 binaries, 1092 generals, 0 SOSs, and 0 indicators.
Presolve time = 1,89 sec. (5141,92 ticks)
Found incumbent of value 0,000000 after 1,93 sec. (5152,72 ticks)
Probing time = 0,00 sec. (2,10 ticks)
Tried aggregator 1 time.
Reduced MIP has 431 rows, 2580 columns, and 4730 nonzeros.
Reduced MIP has 1488 binaries, 1092 generals, 0 SOSs, and 0 indicators.
Presolve time = 0,01 sec. (3,85 ticks)
Probing time = 0,00 sec. (2,08 ticks)
Clique table members: 248.
MIP emphasis: balance optimality and feasibility.
MIP search method: dynamic search.
Parallel mode: deterministic, using up to 8 threads.
Root relaxation solution time = 0,02 sec. (28,89 ticks)

        Nodes                                         Cuts/
   Node  Left     Objective  IInf  Best Integer    Best Bound    ItCnt     Gap

*     0+    0                            0,0000    10297,6000              --- 
*     0+    0                          401,9000    10297,6000              --- 
      0     0     1633,0500     2      401,9000     1633,0500      431  306,33%
*     0+    0                         1633,0000     1633,0500             0,00%
      0     0        cutoff           1633,0000     1633,0500      431    0,00%
Elapsed time = 1,99 sec. (5206,42 ticks, tree = 0,00 MB, solutions = 3)

Root node processing (before b&c):
  Real time             =    2,02 sec. (5213,37 ticks)
Parallel b&c, 8 threads:
  Real time             =    0,00 sec. (0,00 ticks)
  Sync time (average)   =    0,00 sec.
  Wait time (average)   =    0,00 sec.
                          ------------
Total (root+branch&cut) =    2,02 sec. (5213,37 ticks)

<<< solve


OBJECTIVE: 1633

<<< post process


<<< done

