
<<< setup


<<< generate

Found incumbent of value 0,000000 after 0,01 sec. (6,60 ticks)
Tried aggregator 2 times.
MIP Presolve eliminated 237734 rows and 132854 columns.
MIP Presolve modified 4540 coefficients.
Aggregator did 4537 substitutions.
Reduced MIP has 12098 rows, 18898 columns, and 45356 nonzeros.
Reduced MIP has 3780 binaries, 0 generals, 0 SOSs, and 0 indicators.
Presolve time = 0,19 sec. (190,72 ticks)
Probing time = 0,01 sec. (0,96 ticks)
Tried aggregator 1 time.
Reduced MIP has 12098 rows, 18898 columns, and 45356 nonzeros.
Reduced MIP has 3780 binaries, 0 generals, 0 SOSs, and 0 indicators.
Presolve time = 0,04 sec. (26,69 ticks)
Probing time = 0,02 sec. (0,96 ticks)
MIP emphasis: balance optimality and feasibility.
MIP search method: dynamic search.
Parallel mode: deterministic, using up to 24 threads.
Root relaxation solution time = 0,07 sec. (50,00 ticks)

        Nodes                                         Cuts/
   Node  Left     Objective  IInf  Best Integer    Best Bound    ItCnt     Gap

*     0+    0                            0,0000     4899,0000              --- 
      0     0     1633,0000   662        0,0000     1633,0000      756     --- 
*     0+    0                         1143,6500     1633,0000            42,79%
      0     0     1575,4040   524     1143,6500    Cuts: 1198     1850   37,75%
      0     0     1485,0803   519     1143,6500    Cuts: 1247     3021   29,85%
      0     0     1406,5458   519     1143,6500    Cuts: 1039     3939   22,99%
*     0+    0                         1180,8750     1406,5458            19,11%
      0     0     1308,4896   518     1180,8750    Cuts: 1040     4961   10,81%
      0     0     1240,4002   228     1180,8750    Cuts: 1036     6519    5,04%
      0     0     1212,0616    53     1180,8750     Cuts: 457     7010    2,64%
      0     0     1198,2443    24     1180,8750     Cuts: 154     7250    1,47%
      0     0     1194,7039     7     1180,8750      Cuts: 73     7358    1,17%
      0     0     1194,2998     2     1180,8750      Cuts: 12     7426    1,14%
      0     0     1194,3000     2     1180,8750       Cuts: 3     7448    1,14%
      0     0     1194,3000     4     1180,8750       Cuts: 3     7453    1,14%
*     0+    0                         1194,0000     1194,2998             0,03%

Cover cuts applied:  1
Implied bound cuts applied:  61
Flow cuts applied:  4319
Mixed integer rounding cuts applied:  1482
Gomory fractional cuts applied:  356

Root node processing (before b&c):
  Real time             =    4,73 sec. (5241,12 ticks)
Parallel b&c, 24 threads:
  Real time             =    0,00 sec. (0,00 ticks)
  Sync time (average)   =    0,00 sec.
  Wait time (average)   =    0,00 sec.
                          ------------
Total (root+branch&cut) =    4,73 sec. (5241,12 ticks)

<<< solve


OBJECTIVE: 1194
avg_utility = 0.73117

<<< post process


<<< done

