
<<< setup


<<< generate

Found incumbent of value 0,000000 after 0,01 sec. (7,26 ticks)
Tried aggregator 4 times.
MIP Presolve eliminated 363126 rows and 134273 columns.
Aggregator did 4906 substitutions.
Reduced MIP has 447 rows, 2230 columns, and 4460 nonzeros.
Reduced MIP has 0 binaries, 0 generals, 0 SOSs, and 0 indicators.
Presolve time = 0,33 sec. (319,90 ticks)
Tried aggregator 1 time.
MIP Presolve eliminated 429 rows and 2145 columns.
Reduced MIP has 18 rows, 85 columns, and 170 nonzeros.
Reduced MIP has 0 binaries, 0 generals, 0 SOSs, and 0 indicators.
Presolve time = 0,01 sec. (6,45 ticks)
Tried aggregator 1 time.
Reduced MIP has 18 rows, 85 columns, and 170 nonzeros.
Reduced MIP has 0 binaries, 0 generals, 0 SOSs, and 0 indicators.
Presolve time = 0,01 sec. (4,13 ticks)
MIP emphasis: balance optimality and feasibility.
MIP search method: dynamic search.
Parallel mode: deterministic, using up to 24 threads.
Root relaxation solution time = 0,00 sec. (0,11 ticks)

        Nodes                                         Cuts/
   Node  Left     Objective  IInf  Best Integer    Best Bound    ItCnt     Gap

*     0+    0                            0,0000     2045,6000              --- 
*     0     0      integral     0      285,8000      285,8000       45    0,00%
Elapsed time = 0,36 sec. (346,53 ticks, tree = 0,00 MB, solutions = 2)

Root node processing (before b&c):
  Real time             =    0,37 sec. (351,73 ticks)
Parallel b&c, 24 threads:
  Real time             =    0,00 sec. (0,00 ticks)
  Sync time (average)   =    0,00 sec.
  Wait time (average)   =    0,00 sec.
                          ------------
Total (root+branch&cut) =    0,37 sec. (351,73 ticks)

<<< solve


OBJECTIVE: 285.8
avg_utility = 0.350245

<<< post process


<<< done

