
<<< setup


<<< generate

Found incumbent of value 0,000000 after 0,01 sec. (6,82 ticks)
Tried aggregator 2 times.
MIP Presolve eliminated 237314 rows and 135234 columns.
MIP Presolve modified 5380 coefficients.
Aggregator did 5377 substitutions.
Reduced MIP has 14338 rows, 22398 columns, and 53756 nonzeros.
Reduced MIP has 4480 binaries, 0 generals, 0 SOSs, and 0 indicators.
Presolve time = 0,21 sec. (199,59 ticks)
Probing time = 0,01 sec. (1,13 ticks)
Tried aggregator 1 time.
Reduced MIP has 14338 rows, 22398 columns, and 53756 nonzeros.
Reduced MIP has 4480 binaries, 0 generals, 0 SOSs, and 0 indicators.
Presolve time = 0,04 sec. (31,04 ticks)
Probing time = 0,02 sec. (1,13 ticks)
MIP emphasis: balance optimality and feasibility.
MIP search method: dynamic search.
Parallel mode: deterministic, using up to 24 threads.
Root relaxation solution time = 0,09 sec. (59,37 ticks)

        Nodes                                         Cuts/
   Node  Left     Objective  IInf  Best Integer    Best Bound    ItCnt     Gap

*     0+    0                            0,0000     6123,0000              --- 
      0     0     2041,0000   803        0,0000     2041,0000      896     --- 
*     0+    0                         1369,2500     2041,0000            49,06%
      0     0     1921,8140   665     1369,2500    Cuts: 1806     2362   40,36%
      0     0     1800,2328   659     1369,2500    Cuts: 1531     3324   31,48%
      0     0     1684,5683   658     1369,2500    Cuts: 1318     4059   23,03%
      0     0     1578,4243   532     1369,2500    Cuts: 1316     5295   15,28%
      0     0     1493,4992    64     1369,2500    Cuts: 1065     6527    9,07%
      0     0     1469,2262    27     1369,2500     Cuts: 125     6735    7,30%
      0     0     1463,2806    27     1369,2500      Cuts: 53     6787    6,87%
*     0+    0                         1424,1500     1463,2806             2,75%
      0     0     1461,5782    58     1424,1500      Cuts: 56     6963    2,63%
      0     0     1458,0861   153     1424,1500     Cuts: 134     7336    2,38%
      0     0     1457,5067   189     1424,1500     Cuts: 459     7553    2,34%
      0     0     1457,4795   188     1424,1500     Cuts: 561     7748    2,34%
      0     0     1457,4795   186     1424,1500     Cuts: 559     7939    2,34%
      0     2     1457,4795   186     1424,1500     1457,4795     7939    2,34%
Elapsed time = 10,09 sec. (12895,82 ticks, tree = 0,00 MB, solutions = 3)
      1     3     1457,0140   140     1424,1500     1457,4795     8417    2,34%
      3     5     1457,4795   186     1424,1500     1457,4795     8420    2,34%
      5     7     1456,9882   126     1424,1500     1457,4795     9357    2,34%
      9    11     1455,4742   159     1424,1500     1457,4795    11059    2,34%
     11    13     1457,0267   144     1424,1500     1457,4795    11995    2,34%
     13    15     1452,9475   148     1424,1500     1457,4795    12427    2,34%
     19    21     1457,0267   144     1424,1500     1457,4795    12952    2,34%
     23    25     1453,6807   108     1424,1500     1457,4795    13856    2,34%
     31    33     1453,6807   108     1424,1500     1457,4795    14777    2,34%
     58    60     1453,8129   109     1424,1500     1457,4795    17848    2,34%
Elapsed time = 14,88 sec. (18459,98 ticks, tree = 0,00 MB, solutions = 3)
    459   461     1451,4170   148     1424,1500     1457,4795    36597    2,34%
    610   612     1446,7119    96     1424,1500     1457,4795    44517    2,34%
    628   630     1450,0910    95     1424,1500     1457,4795    52102    2,34%
*   632+  632                         1431,0000     1457,4795             1,85%
*   709+  709                         1432,7500     1457,4795             1,73%
*   773+  773                         1434,3500     1457,4795             1,61%
   1067  1069     1446,3113    95     1434,3500     1457,4795    57658    1,61%
   1499  1501     1446,7113    95     1434,3500     1457,4795    66364    1,61%
   2288  2288     1446,4081    93     1434,3500     1457,4795    89308    1,61%
   2295  2295     1447,1042    95     1434,3500     1457,4795    91148    1,61%
*  2418+ 2413                         1438,0000     1457,4795             1,35%
*  2456+ 2450                         1444,1000     1457,4795             0,93%

Cover cuts applied:  22
Implied bound cuts applied:  727
Flow cuts applied:  5111
Mixed integer rounding cuts applied:  3065
Gomory fractional cuts applied:  400

Root node processing (before b&c):
  Real time             =    9,88 sec. (12819,65 ticks)
Parallel b&c, 24 threads:
  Real time             =   25,01 sec. (14672,18 ticks)
  Sync time (average)   =    7,25 sec.
  Wait time (average)   =    7,51 sec.
                          ------------
Total (root+branch&cut) =   34,88 sec. (27491,83 ticks)

<<< solve


OBJECTIVE: 1444.1
avg_utility = 0.707545

<<< post process


<<< done

