
<<< setup


<<< generate

Found incumbent of value 0,000000 after 0,02 sec. (16,82 ticks)
Tried aggregator 5 times.
MIP Presolve eliminated 179524 rows and 386054 columns.
MIP Presolve modified 5913 coefficients.
Aggregator did 106015 substitutions.
Reduced MIP has 14604 rows, 34012 columns, and 109731 nonzeros.
Reduced MIP has 2748 binaries, 0 generals, 0 SOSs, and 0 indicators.
Presolve time = 4,21 sec. (3873,79 ticks)
Probing time = 0,01 sec. (1,39 ticks)
Tried aggregator 1 time.
Reduced MIP has 14604 rows, 34012 columns, and 109731 nonzeros.
Reduced MIP has 2748 binaries, 0 generals, 0 SOSs, and 0 indicators.
Presolve time = 0,05 sec. (50,75 ticks)
Probing time = 0,01 sec. (1,44 ticks)
MIP emphasis: balance optimality and feasibility.
MIP search method: dynamic search.
Parallel mode: deterministic, using up to 8 threads.
Root relaxation solution time = 0,23 sec. (194,01 ticks)

        Nodes                                         Cuts/
   Node  Left     Objective  IInf  Best Integer    Best Bound    ItCnt     Gap

*     0+    0                         1593,0000    19880,8000              --- 
      0     0     7870,0000  1469     1593,0000     7870,0000     1774  394,04%
*     0+    0                         6253,5173     7870,0000            25,85%
      0     0     6833,0556   215     6253,5173    Cuts: 3751    15702    9,27%
      0     0     6450,4622    84     6253,5173    Cuts: 1303    23207    3,15%
      0     0     6448,3442    92     6253,5173     Cuts: 629    25787    3,12%
*     0+    0                         6410,8503     6448,3442             0,58%

Implied bound cuts applied:  122
Flow cuts applied:  3436
Mixed integer rounding cuts applied:  967
Flow path cuts applied:  110
Gomory fractional cuts applied:  277

Root node processing (before b&c):
  Real time             =   12,84 sec. (15454,42 ticks)
Parallel b&c, 8 threads:
  Real time             =    0,00 sec. (0,00 ticks)
  Sync time (average)   =    0,00 sec.
  Wait time (average)   =    0,00 sec.
                          ------------
Total (root+branch&cut) =   12,84 sec. (15454,42 ticks)

<<< solve


OBJECTIVE: 6410.85
avg_utility = 0.814593

<<< post process


<<< done

