
<<< setup


<<< generate

Presolve has eliminated 77679 rows and 103229 columns...
Tried aggregator 5 times.
MIP Presolve eliminated 220779 rows and 248529 columns.
MIP Presolve modified 20019 coefficients.
Aggregator did 38000 substitutions.
Reduced MIP has 16257 rows, 38490 columns, and 91890 nonzeros.
Reduced MIP has 9790 binaries, 0 generals, 0 SOSs, and 0 indicators.
Presolve time = 4,76 sec. (13310,59 ticks)
Found incumbent of value 0,000000 after 4,88 sec. (13400,69 ticks)
Probing time = 0,23 sec. (112,90 ticks)
Tried aggregator 4 times.
MIP Presolve eliminated 2000 rows and 6450 columns.
MIP Presolve modified 8900 coefficients.
Aggregator did 4450 substitutions.
Reduced MIP has 9807 rows, 27590 columns, and 72090 nonzeros.
Reduced MIP has 9790 binaries, 0 generals, 0 SOSs, and 0 indicators.
Presolve time = 0,52 sec. (546,51 ticks)
Probing time = 0,02 sec. (7,57 ticks)
Clique table members: 894.
MIP emphasis: balance optimality and feasibility.
MIP search method: dynamic search.
Parallel mode: deterministic, using up to 24 threads.
Root relaxation solution time = 0,24 sec. (316,06 ticks)

        Nodes                                         Cuts/
   Node  Left     Objective  IInf  Best Integer    Best Bound    ItCnt     Gap

*     0+    0                            0,0000     5696,0000       17     --- 
      0     0     1118,5750    43        0,0000     1118,5750       17     --- 
*     0+    0                          955,1000     1118,5750       17   17,12%
      0     2     1118,5750     2      955,1000     1118,5750       17   17,12%
Elapsed time = 11,14 sec. (21454,89 ticks, tree = 0,01 MB, solutions = 2)
      2     4     1111,8444    34      955,1000     1118,5750     5530   17,12%
*     4+    4                         1115,2000     1118,5750     9867    0,30%
      4     4     1109,2500    31     1115,2000     1118,5750     9867    0,30%
*     5+    3                         1116,1000     1118,5750    10179    0,22%
      8     6     1117,9500    40     1116,1000     1118,5750    15923    0,22%
     10     8     1117,6200    40     1116,1000     1118,5750    21253    0,22%
     14    12     1117,6400    41     1116,1000     1118,5750    30373    0,22%
*    16+   12                         1117,4000     1118,5750    40281    0,11%
     16    12     1116,5700    40     1117,4000     1118,5750    40281    0,11%
*    17+   11                         1117,7000     1118,5750    44740    0,08%
     19    11     1118,5750     8     1117,7000     1118,5750    49441    0,08%
     23    15     1117,9643    40     1117,7000     1118,5750    57972    0,08%
     26    16        cutoff           1117,7000     1118,5750    63975    0,08%
*    38+   20                         1117,8000     1118,5750    73522    0,07%
     43    23     1118,5750    36     1117,8000     1118,5750    76682    0,07%
Elapsed time = 15,57 sec. (25815,10 ticks, tree = 0,01 MB, solutions = 6)
*    70+   42                         1118,1000     1118,5750    90648    0,04%
     70    42     1117,9643    38     1118,1000     1118,5750    90648    0,04%
*    72+   42                         1118,1000     1118,5750    91528    0,04%
     79    11     1118,5750    37     1118,1000     1118,5750    95999    0,04%
    107    27        cutoff           1118,1000     1118,5750   114832    0,04%
    204   114     1118,3071    36     1118,1000     1118,5750   171785    0,04%
    704   598     1118,5750    20     1118,1000     1118,5750   227092    0,04%
*   714+  584                         1118,5000     1118,5750   230602    0,01%
*   714+  469                         1118,5000     1118,5750   239197    0,01%
    807   540     1118,4750    32     1118,5000     1118,5750   259470    0,01%

Implied bound cuts applied:  731

Root node processing (before b&c):
  Real time             =    5,03 sec. (5863,54 ticks)
Parallel b&c, 24 threads:
  Real time             =   27,80 sec. (13742,53 ticks)
  Sync time (average)   =    0,09 sec.
  Wait time (average)   =    0,00 sec.
                          ------------
Total (root+branch&cut) =   32,83 sec. (19606,07 ticks)

<<< solve


OBJECTIVE: 1118.5

<<< post process


<<< done

