
<<< setup


<<< generate

Tried aggregator 4 times.
MIP Presolve eliminated 195197 rows and 181925 columns.
MIP Presolve modified 13449 coefficients.
Aggregator did 46000 substitutions.
Reduced MIP has 33839 rows, 57104 columns, and 145696 nonzeros.
Reduced MIP has 9184 binaries, 0 generals, 0 SOSs, and 0 indicators.
Presolve time = 1,74 sec. (1396,95 ticks)
Found incumbent of value 0,000000 after 2,21 sec. (1896,25 ticks)
Probing time = 0,03 sec. (9,06 ticks)
Tried aggregator 5 times.
MIP Presolve eliminated 6280 rows and 8560 columns.
MIP Presolve modified 6560 coefficients.
Aggregator did 13120 substitutions.
Reduced MIP has 14439 rows, 35424 columns, and 89216 nonzeros.
Reduced MIP has 9184 binaries, 0 generals, 0 SOSs, and 0 indicators.
Presolve time = 0,73 sec. (787,85 ticks)
Probing time = 0,04 sec. (9,59 ticks)
Clique table members: 1312.
MIP emphasis: balance optimality and feasibility.
MIP search method: dynamic search.
Parallel mode: deterministic, using up to 24 threads.
Root relaxation solution time = 0,48 sec. (453,93 ticks)

        Nodes                                         Cuts/
   Node  Left     Objective  IInf  Best Integer    Best Bound    ItCnt     Gap

*     0+    0                            0,0000     8396,8000       14     --- 
      0     0     1589,7000   129        0,0000     1589,7000       14     --- 
*     0+    0                         1570,0000     1589,7000      155    1,25%
      0     0     1589,7000   170     1570,0000     Cuts: 130      155    1,25%
      0     0     1589,7000   117     1570,0000      Cuts: 23      297    1,25%
      0     0     1589,7000   138     1570,0000     Cuts: 114      467    1,25%
*     0+    0                         1576,6000     1589,7000      467    0,83%
*     0+    0                         1577,9000     1589,7000      467    0,75%
      0     2     1589,7000   138     1577,9000     1589,7000      467    0,75%
Elapsed time = 24,34 sec. (23737,66 ticks, tree = 0,01 MB, solutions = 4)
      1     3     1582,1000     4     1577,9000     1589,7000     2017    0,75%
      3     5     1588,5750   109     1577,9000     1589,7000     2770    0,75%
      4     6     1588,5417   116     1577,9000     1589,7000     3071    0,75%
      5     7     1588,5750   101     1577,9000     1589,7000     3915    0,75%
      8    10     1588,4821   122     1577,9000     1588,5750    17369    0,68%
     12    14     1582,1000     4     1577,9000     1588,5750    46481    0,68%
     13    15     1586,2500    77     1577,9000     1588,5750    55996    0,68%
*    16    16      integral     0     1581,0000     1588,5750    76449    0,48%
     19    19     1588,4583   114     1581,0000     1588,5417    81234    0,48%
     30    30     1586,2500    70     1581,0000     1588,5417    99945    0,48%
Elapsed time = 29,38 sec. (29171,31 ticks, tree = 0,05 MB, solutions = 5)
*    37+   35                         1581,7000     1588,5417   102580    0,43%
*    37+   35                         1582,8000     1588,5417   102580    0,36%
     37    35     1581,7111     4     1582,8000     1588,5417   102580    0,36%
     39    33     1581,2444     2     1582,8000     1588,5417   103163    0,36%
     56    32     1586,3375    69     1582,8000     1588,5417   136149    0,36%
*    74    48      integral     0     1585,1000     1588,5417   143771    0,22%
     83    50     1586,3750    70     1585,1000     1588,5417   149101    0,22%
    179   120        cutoff           1585,1000     1588,5417   180531    0,22%
*   292   211      integral     0     1585,2000     1588,5417   197923    0,21%
    537   383     1585,8750    45     1585,2000     1588,5417   211976    0,21%
   1140   794     1586,1281    47     1585,2000     1588,5417   283130    0,21%
   1282   898     1586,3354    61     1585,2000     1588,5417   305698    0,21%
Elapsed time = 52,46 sec. (42739,46 ticks, tree = 1,33 MB, solutions = 12)
   1919  1341     1586,9375    64     1585,2000     1588,4750   373194    0,21%
   1992  1393     1585,9175    52     1585,2000     1588,4750   395193    0,21%
   2574  1892     1585,5957    53     1585,2000     1588,4750   468400    0,21%
   2764  1979     1585,8479    22     1585,2000     1588,4750   477630    0,21%
   3637  2608     1585,4375     6     1585,2000     1588,4750   577344    0,21%
   4006  2800     1587,3000    83     1585,2000     1588,4750   618534    0,21%
   4102  2871     1586,0119    53     1585,2000     1588,4750   639923    0,21%
   4318  3026     1585,8494    51     1585,2000     1588,4750   677097    0,21%
   4762  3349     1585,3105    39     1585,2000     1588,4750   731645    0,21%
   6439  4319     1586,7063    63     1585,2000     1588,4000   849818    0,20%
Elapsed time = 92,55 sec. (58445,00 ticks, tree = 13,28 MB, solutions = 12)
   6522  4355     1586,0266    36     1585,2000     1588,4000   866385    0,20%
   6597  4396     1585,8833    56     1585,2000     1588,4000   881847    0,20%
   6815  4540     1586,6475    65     1585,2000     1588,4000   916358    0,20%
   6983  4664     1585,8031    46     1585,2000     1588,4000   935773    0,20%
   7292  4871     1587,2500    67     1585,2000     1588,4000   971161    0,20%
   9270  5906     1589,7000    91     1585,2000     1587,8833  1148768    0,17%
   9273  2955     1588,5750   115     1585,2000     1587,8833  1151977    0,17%
   9274  2955     1586,2500    76     1585,2000     1587,8833  1157494    0,17%
   9276  2956     1588,5417   111     1585,2000     1587,8833  1165364    0,17%
   9279  2958     1588,5250   114     1585,2000     1587,8833  1173352    0,17%
Elapsed time = 161,94 sec. (112065,69 ticks, tree = 45,05 MB, solutions = 12)
   9282  2630     1585,7000    50     1585,2000     1587,8833  1185937    0,17%
   9283  2630     1585,7000    57     1585,2000     1587,8833  1186933    0,17%
   9284  2630     1588,5250   110     1585,2000     1587,8833  1187521    0,17%
   9289  2630     1587,3500    70     1585,2000     1587,8833  1195474    0,17%
   9293  2630     1585,5500    51     1585,2000     1587,8833  1203387    0,17%
   9297  2630     1586,1250    44     1585,2000     1587,8833  1205290    0,17%
   9301  2455     1587,3500    84     1585,2000     1587,8833  1205367    0,17%
   9315  2179     1585,5500    47     1585,2000     1587,8833  1207854    0,17%
   9325  1926     1586,1250    43     1585,2000     1587,8833  1209646    0,17%
   9340  1819     1586,1250    37     1585,2000     1587,8833  1210212    0,17%
Elapsed time = 175,85 sec. (125812,06 ticks, tree = 27,27 MB, solutions = 12)
   9355  1661     1586,1250    24     1585,2000     1587,8833  1210666    0,17%
   9367  1369     1586,0281    29     1585,2000     1587,8833  1211629    0,17%
   9392   969     1585,5500    38     1585,2000     1587,8833  1212577    0,17%
   9412   708     1585,5500    40     1585,2000     1587,8833  1213181    0,17%
   9439   497     1585,5500    40     1585,2000     1587,8833  1213619    0,17%
   9466   293     1585,5500    43     1585,2000     1587,8833  1214186    0,17%
   9495   187     1586,1250    44     1585,2000     1587,8833  1214809    0,17%
   9520   120     1586,1250    40     1585,2000     1587,8833  1215764    0,17%
   9548   114     1586,1250    45     1585,2000     1587,8833  1216938    0,17%
   9606    29     1586,1250    43     1585,2000     1587,8833  1218339    0,17%
Elapsed time = 187,80 sec. (137077,80 ticks, tree = 0,21 MB, solutions = 12)
   9674    20     1587,4000    78     1585,2000     1587,8833  1220262    0,17%
   9710    16     1586,2750    44     1585,2000     1587,8833  1223537    0,17%
   9779    16     1586,5250    65     1585,2000     1587,8833  1226678    0,17%
   9847     9     1585,5500    40     1585,2000     1587,8833  1232861    0,17%
   9876     8     1585,5500    38     1585,2000     1587,8833  1234422    0,17%
   9899     9     1585,5500    36     1585,2000     1587,8833  1234831    0,17%
   9919    11     1587,4000    82     1585,2000     1587,8833  1235754    0,17%
   9938    12     1586,2750    41     1585,2000     1587,4025  1238133    0,14%
   9969    12     1586,2750    36     1585,2000     1587,4000  1243392    0,14%

Implied bound cuts applied:  2272
Flow cuts applied:  90
Mixed integer rounding cuts applied:  14
Gomory fractional cuts applied:  95

Root node processing (before b&c):
  Real time             =   20,90 sec. (20609,52 ticks)
Parallel b&c, 24 threads:
  Real time             =  174,85 sec. (123874,89 ticks)
  Sync time (average)   =    0,14 sec.
  Wait time (average)   =    0,00 sec.
                          ------------
Total (root+branch&cut) =  195,74 sec. (144484,41 ticks)

<<< solve


OBJECTIVE: 1585.2

<<< post process


<<< done

