
<<< setup


<<< generate

Tried aggregator 6 times.
MIP Presolve eliminated 187010 rows and 460638 columns.
MIP Presolve modified 25 coefficients.
Aggregator did 147412 substitutions.
Reduced MIP has 2119 rows, 12591 columns, and 43741 nonzeros.
Reduced MIP has 8694 binaries, 3897 generals, 0 SOSs, and 0 indicators.
Presolve time = 5,20 sec. (4199,88 ticks)
Found incumbent of value 822,200000 after 5,24 sec. (4253,10 ticks)
Probing time = 0,00 sec. (2,70 ticks)
Tried aggregator 1 time.
Presolve time = 0,03 sec. (23,79 ticks)
Probing time = 0,00 sec. (2,70 ticks)
Clique table members: 1449.
MIP emphasis: balance optimality and feasibility.
MIP search method: dynamic search.
Parallel mode: deterministic, using up to 24 threads.
Root relaxation solution time = 0,10 sec. (68,26 ticks)

        Nodes                                         Cuts/
   Node  Left     Objective  IInf  Best Integer    Best Bound    ItCnt     Gap

*     0+    0                          822,2000    20038,6000     1759     --- 
*     0+    0                         2264,0000    20038,6000     1759  785,10%
*     0+    0                         2265,8000    20038,6000     1759  784,39%
*     0+    0                         2266,4000    20038,6000     1759  784,16%
      0     0     3025,8950    26     2266,4000     3025,8950     1759   33,51%
*     0+    0                         3024,6000     3025,8950     1759    0,04%

Root node processing (before b&c):
  Real time             =    0,24 sec. (160,58 ticks)
Parallel b&c, 24 threads:
  Real time             =    0,00 sec. (0,00 ticks)
  Sync time (average)   =    0,00 sec.
  Wait time (average)   =    0,00 sec.
                          ------------
Total (root+branch&cut) =    0,24 sec. (160,58 ticks)

<<< solve


OBJECTIVE: 3024.6
avg_utility = 0.4060410793395106

<<< post process


<<< done

