
<<< setup


<<< generate

Found incumbent of value 0,000000 after 0,06 sec. (55,90 ticks)
Tried aggregator 2 times.
MIP Presolve eliminated 2396534 rows and 1219654 columns.
MIP Presolve modified 6940 coefficients.
Aggregator did 6937 substitutions.
Reduced MIP has 18498 rows, 28898 columns, and 69356 nonzeros.
Reduced MIP has 5780 binaries, 0 generals, 0 SOSs, and 0 indicators.
Presolve time = 0,94 sec. (1489,32 ticks)
Probing time = 0,01 sec. (1,46 ticks)
Tried aggregator 1 time.
Reduced MIP has 18498 rows, 28898 columns, and 69356 nonzeros.
Reduced MIP has 5780 binaries, 0 generals, 0 SOSs, and 0 indicators.
Presolve time = 0,06 sec. (69,39 ticks)
Probing time = 0,01 sec. (1,46 ticks)
MIP emphasis: balance optimality and feasibility.
MIP search method: dynamic search.
Parallel mode: deterministic, using up to 8 threads.
Root relaxation solution time = 0,11 sec. (253,11 ticks)

        Nodes                                         Cuts/
   Node  Left     Objective  IInf  Best Integer    Best Bound    ItCnt     Gap

*     0+    0                            0,0000     8755,6145              --- 
      0     0     2041,0000   158        0,0000     2041,0000     1156     --- 
*     0+    0                         2037,3918     2041,0000             0,18%

Root node processing (before b&c):
  Real time             =    1,59 sec. (2070,72 ticks)
Parallel b&c, 8 threads:
  Real time             =    0,00 sec. (0,00 ticks)
  Sync time (average)   =    0,00 sec.
  Wait time (average)   =    0,00 sec.
                          ------------
Total (root+branch&cut) =    1,59 sec. (2070,72 ticks)

<<< solve


OBJECTIVE: 2037.392
avg_utility = 0.998232

<<< post process


<<< done

