
<<< setup


<<< generate

Found incumbent of value 0,000000 after 0,01 sec. (9,62 ticks)
Tried aggregator 2 times.
MIP Presolve eliminated 363107 rows and 202505 columns.
MIP Presolve modified 7760 coefficients.
Aggregator did 7760 substitutions.
Reduced MIP has 8539 rows, 16296 columns, and 35696 nonzeros.
Reduced MIP has 7516 binaries, 1020 generals, 0 SOSs, and 0 indicators.
Presolve time = 0,19 sec. (268,65 ticks)
Probing time = 0,01 sec. (4,71 ticks)
Tried aggregator 1 time.
Reduced MIP has 8539 rows, 16296 columns, and 35696 nonzeros.
Reduced MIP has 7516 binaries, 1020 generals, 0 SOSs, and 0 indicators.
Presolve time = 0,03 sec. (27,86 ticks)
Probing time = 0,01 sec. (4,65 ticks)
Clique table members: 606.
MIP emphasis: balance optimality and feasibility.
MIP search method: dynamic search.
Parallel mode: deterministic, using up to 8 threads.
Root relaxation solution time = 0,09 sec. (171,98 ticks)

        Nodes                                         Cuts/
   Node  Left     Objective  IInf  Best Integer    Best Bound    ItCnt     Gap

*     0+    0                            0,0000     4752,6000              --- 
      0     0      163,3333     2        0,0000      163,3333     1351     --- 
*     0+    0                          163,2000      163,3333             0,08%
*     0     0      integral     0      163,2000      163,3333     1351    0,08%
Elapsed time = 0,45 sec. (656,80 ticks, tree = 0,00 MB, solutions = 2)

Root node processing (before b&c):
  Real time             =    0,46 sec. (665,15 ticks)
Parallel b&c, 8 threads:
  Real time             =    0,00 sec. (0,00 ticks)
  Sync time (average)   =    0,00 sec.
  Wait time (average)   =    0,00 sec.
                          ------------
Total (root+branch&cut) =    0,46 sec. (665,15 ticks)

<<< solve


OBJECTIVE: 163.2
avg_utility = 0.0999388

<<< post process


<<< done

