
<<< setup


<<< generate

Found incumbent of value 0,000000 after 0,03 sec. (16,51 ticks)
Tried aggregator 8 times.
MIP Presolve eliminated 110515 rows and 321878 columns.
MIP Presolve modified 31287 coefficients.
Aggregator did 80010 substitutions.
Reduced MIP has 61286 rows, 129953 columns, and 403267 nonzeros.
Reduced MIP has 14165 binaries, 0 generals, 0 SOSs, and 0 indicators.
Presolve time = 10,72 sec. (8378,49 ticks)
Probing time = 0,19 sec. (4,99 ticks)
Tried aggregator 1 time.
Reduced MIP has 61286 rows, 129953 columns, and 403267 nonzeros.
Reduced MIP has 14165 binaries, 0 generals, 0 SOSs, and 0 indicators.
Presolve time = 0,42 sec. (217,61 ticks)
Probing time = 0,08 sec. (5,05 ticks)
MIP emphasis: balance optimality and feasibility.
MIP search method: dynamic search.
Parallel mode: deterministic, using up to 24 threads.
Root relaxation solution time = 2,34 sec. (1622,19 ticks)

        Nodes                                         Cuts/
   Node  Left     Objective  IInf  Best Integer    Best Bound    ItCnt     Gap

*     0+    0                            0,0000    32374,2334              --- 
      0     0     7842,6540  1515        0,0000     7842,6540     7732     --- 
      0     0     7670,2684  1288        0,0000    Cuts: 4581    32339     --- 
      0     0     7551,7425  1194        0,0000    Cuts: 3853    63770     --- 
      0     0     7437,5894  1065        0,0000    Cuts: 3726    88453     --- 
*     0+    0                         6101,3151     7437,5894            21,90%
*     0+    0                         6112,3844     7437,5894            21,68%
*     0+    0                         6169,6518     7437,5894            20,55%
*     0+    0                         6170,9291     7437,5894            20,53%
*     0+    0                         6174,3677     7437,5894            20,46%
*     0+    0                         6174,8096     7437,5894            20,45%
      0     0     7349,8185   977     6174,8096    Cuts: 3378   120660   19,03%
      0     0     7328,1814   770     6174,8096    Cuts: 3153   197015   18,68%
      0     0     7297,2733   411     6174,8096    Cuts: 3001   232418   18,18%
*     0+    0                         6908,7294     7297,2733             5,62%
      0     0     7286,9640   355     6908,7294    Cuts: 1762   267604    5,47%
      0     0     7278,6888   217     6908,7294    Cuts: 1472   304160    5,35%
      0     0     7275,4795   158     6908,7294     Cuts: 980   317867    5,31%
*     0+    0                         7157,8140     7275,4795             1,64%
*     0+    0                         7177,9173     7275,4795             1,36%
*     0+    0                         7190,6046     7275,4795             1,18%
      0     0     7274,2132   125     7190,6046     Cuts: 801   358861    1,16%
      0     0     7273,5068   116     7190,6046     Cuts: 363   388783    1,15%
      0     0     7273,2536   125     7190,6046     Cuts: 838   437168    1,15%
*     0+    0                         7230,3345     7273,2536             0,59%

Implied bound cuts applied:  452
Flow cuts applied:  17629
Mixed integer rounding cuts applied:  4927
Flow path cuts applied:  1627
Gomory fractional cuts applied:  356

Root node processing (before b&c):
  Real time             =  697,58 sec. (522620,11 ticks)
Parallel b&c, 24 threads:
  Real time             =    0,00 sec. (0,00 ticks)
  Sync time (average)   =    0,00 sec.
  Wait time (average)   =    0,00 sec.
                          ------------
Total (root+branch&cut) =  697,58 sec. (522620,11 ticks)

<<< solve


OBJECTIVE: 7230.334
avg_utility = 0.921649

<<< post process


<<< done

