
<<< setup


<<< generate

Found incumbent of value 0,000000 after 0,04 sec. (23,19 ticks)
Aggregator has done 102179 substitutions...
Tried aggregator 11 times.
MIP Presolve eliminated 109991 rows and 463515 columns.
MIP Presolve modified 39367 coefficients.
Aggregator did 129860 substitutions.
Reduced MIP has 75617 rows, 166706 columns, and 503376 nonzeros.
Reduced MIP has 17920 binaries, 0 generals, 0 SOSs, and 0 indicators.
Presolve time = 21,70 sec. (16603,32 ticks)
Probing time = 0,18 sec. (6,26 ticks)
Tried aggregator 1 time.
Reduced MIP has 75617 rows, 166706 columns, and 503376 nonzeros.
Reduced MIP has 17920 binaries, 0 generals, 0 SOSs, and 0 indicators.
Presolve time = 0,52 sec. (266,54 ticks)
Probing time = 0,13 sec. (6,33 ticks)
MIP emphasis: balance optimality and feasibility.
MIP search method: dynamic search.
Parallel mode: deterministic, using up to 24 threads.
Root relaxation solution time = 7,17 sec. (3594,94 ticks)

        Nodes                                         Cuts/
   Node  Left     Objective  IInf  Best Integer    Best Bound    ItCnt     Gap

*     0+    0                            0,0000    45140,0000              --- 
      0     0    12950,9410  1728        0,0000    12950,9410      672     --- 
      0     0    12343,3915  1890        0,0000    Cuts: 5390    13955     --- 
      0     0    11741,1941  1827        0,0000    Cuts: 5681    25110     --- 
      0     0    10780,8565  1603        0,0000    Cuts: 4866    49912     --- 
*     0+    0                         7620,3646    10780,8565            41,47%
*     0+    0                         7637,5246    10780,8565            41,16%
*     0+    0                         7802,4069    10780,8565            38,17%
*     0+    0                         7804,0069    10780,8565            38,15%
*     0+    0                         7804,5440    10780,8565            38,14%
      0     0     9996,9238  1520     7804,5440    Cuts: 4429    59652   28,09%
      0     0     9663,3692  1834     7804,5440    Cuts: 3967    67806   23,82%
      0     0     8945,6023   856     7804,5440    Cuts: 4988    77923   14,62%
      0     0     8691,5802   319     7804,5440    Cuts: 2335    83499   11,37%
      0     0     8669,3764   630     7804,5440    Cuts: 1248    87575   11,08%
      0     0     8578,5023   532     7804,5440    Cuts: 2519    98538    9,92%
*     0+    0                         8313,4274     8578,5023             3,19%
*     0+    0                         8349,9310     8578,5023             2,74%
*     0+    0                         8409,9024     8578,5023             2,00%
*     0+    0                         8420,1024     8578,5023             1,88%
      0     0     8560,9929   347     8420,1024    Cuts: 1799   108310    1,67%
      0     0     8551,7779   312     8420,1024    Cuts: 1095   116516    1,56%
      0     0     8518,3089   220     8420,1024    Cuts: 1140   118634    1,17%
      0     0     8479,6947   106     8420,1024     Cuts: 850   126353    0,71%

Cover cuts applied:  6
Implied bound cuts applied:  2868
Flow cuts applied:  29429
Mixed integer rounding cuts applied:  6323
Flow path cuts applied:  131
Gomory fractional cuts applied:  317

Root node processing (before b&c):
  Real time             =  438,56 sec. (389972,15 ticks)
Parallel b&c, 24 threads:
  Real time             =    0,00 sec. (0,00 ticks)
  Sync time (average)   =    0,00 sec.
  Wait time (average)   =    0,00 sec.
                          ------------
Total (root+branch&cut) =  438,56 sec. (389972,15 ticks)

<<< solve


OBJECTIVE: 8420.102
avg_utility = 0.522728

<<< post process


<<< done

