
<<< setup


<<< generate

Found incumbent of value 0,000000 after 0,02 sec. (23,79 ticks)
Aggregator has done 103184 substitutions...
Tried aggregator 12 times.
MIP Presolve eliminated 111070 rows and 480914 columns.
MIP Presolve modified 43461 coefficients.
Aggregator did 135119 substitutions.
Reduced MIP has 75034 rows, 164448 columns, and 513377 nonzeros.
Reduced MIP has 18000 binaries, 0 generals, 0 SOSs, and 0 indicators.
Presolve time = 25,70 sec. (17768,37 ticks)
Probing time = 0,04 sec. (7,14 ticks)
Tried aggregator 1 time.
Reduced MIP has 75034 rows, 164448 columns, and 513377 nonzeros.
Reduced MIP has 18000 binaries, 0 generals, 0 SOSs, and 0 indicators.
Presolve time = 0,40 sec. (271,31 ticks)
Probing time = 0,05 sec. (7,56 ticks)
MIP emphasis: balance optimality and feasibility.
MIP search method: dynamic search.
Parallel mode: deterministic, using up to 8 threads.
Root relaxation solution time = 13,15 sec. (4745,23 ticks)

        Nodes                                         Cuts/
   Node  Left     Objective  IInf  Best Integer    Best Bound    ItCnt     Gap

*     0+    0                            0,0000    42840,0000              --- 
      0     0    15494,4837  1996        0,0000    15494,4837       41     --- 
      0     0    14938,5900  2058        0,0000    Cuts: 6107    25222     --- 
      0     0    13612,2359  2176        0,0000    Cuts: 6426    40388     --- 
      0     0    12567,4719  2154        0,0000    Cuts: 6512    52448     --- 
*     0+    0                        10106,3143    12567,4719            24,35%
*     0+    0                        10120,5143    12567,4719            24,18%
*     0+    0                        10189,6571    12567,4719            23,34%
*     0+    0                        10195,9143    12567,4719            23,26%
      0     0    11807,2097  1365    10195,9143    Cuts: 5841    78946   15,80%
      0     0    11308,6916   931    10195,9143    Cuts: 3931    97834   10,91%
      0     0    11289,7695   952    10195,9143    Cuts: 2057   110700   10,73%
*     0+    0                        10815,2446    11289,7695             4,39%
*     0+    0                        10825,5286    11289,7695             4,29%
*     0+    0                        10833,5783    11289,7695             4,21%
*     0+    0                        10835,7783    11289,7695             4,19%
      0     0    11210,8018  1138    10835,7783    Cuts: 2154   121403    3,46%
      0     0    10993,2799    98    10835,7783    Cuts: 3401   156322    1,45%
      0     0    10979,6956    85    10835,7783     Cuts: 290   167139    1,33%
*     0+    0                        10928,3377    10979,6956             0,47%

Implied bound cuts applied:  1951
Flow cuts applied:  27494
Mixed integer rounding cuts applied:  5901
Flow path cuts applied:  388
Gomory fractional cuts applied:  387

Root node processing (before b&c):
  Real time             =  565,56 sec. (365888,02 ticks)
Parallel b&c, 8 threads:
  Real time             =    0,00 sec. (0,00 ticks)
  Sync time (average)   =    0,00 sec.
  Wait time (average)   =    0,00 sec.
                          ------------
Total (root+branch&cut) =  565,56 sec. (365888,02 ticks)

<<< solve


OBJECTIVE: 10928.34
avg_utility = 0.677264

<<< post process


<<< done

