
<<< setup


<<< generate

Found incumbent of value 0,000000 after 0,01 sec. (7,59 ticks)
Tried aggregator 7 times.
MIP Presolve eliminated 50832 rows and 116323 columns.
MIP Presolve modified 30687 coefficients.
Aggregator did 32556 substitutions.
Reduced MIP has 40377 rows, 87882 columns, and 234410 nonzeros.
Reduced MIP has 18573 binaries, 3864 generals, 0 SOSs, and 0 indicators.
Presolve time = 2,75 sec. (2793,68 ticks)
Probing time = 0,03 sec. (4,61 ticks)
Tried aggregator 1 time.
Reduced MIP has 40377 rows, 87882 columns, and 234410 nonzeros.
Reduced MIP has 18573 binaries, 3864 generals, 0 SOSs, and 0 indicators.
Presolve time = 0,18 sec. (109,60 ticks)
Probing time = 0,03 sec. (4,92 ticks)
Clique table members: 1079.
MIP emphasis: balance optimality and feasibility.
MIP search method: dynamic search.
Parallel mode: deterministic, using up to 8 threads.
Root relaxation solution time = 0,70 sec. (960,54 ticks)

        Nodes                                         Cuts/
   Node  Left     Objective  IInf  Best Integer    Best Bound    ItCnt     Gap

*     0+    0                            0,0000    18723,0000              --- 
      0     0     6241,0000  1305        0,0000     6241,0000     5368     --- 
      0     0     6014,9477   899        0,0000    Cuts: 3782    12971     --- 
      0     0     5838,1081  1098        0,0000    Cuts: 2800    18081     --- 
      0     0     5660,7648  1203        0,0000    Cuts: 3333    21730     --- 
      0     0     5440,0935   891        0,0000    Cuts: 3416    26198     --- 
      0     0     5320,7696  1259        0,0000    Cuts: 2354    32695     --- 
      0     0     5222,5109   842        0,0000    Cuts: 3468    38420     --- 
      0     0     5163,7815  1220        0,0000    Cuts: 2575    42069     --- 
      0     0     5119,4780  1033        0,0000    Cuts: 2445    45021     --- 
      0     0     5090,2636   748        0,0000    Cuts: 2151    48164     --- 
      0     0     5053,5572   684        0,0000    Cuts: 1651    50616     --- 
      0     0     5038,4955   606        0,0000    Cuts: 1481    51839     --- 
      0     0     5019,9628   882        0,0000    Cuts: 1217    54872     --- 
      0     0     5000,5906   349        0,0000    Cuts: 1481    57543     --- 
      0     0     4990,5687   391        0,0000     Cuts: 660    58542     --- 
      0     0     4987,6829   237        0,0000     Cuts: 482    59475     --- 
      0     0     4984,0178   220        0,0000     Cuts: 277    60316     --- 
      0     0     4978,0669   249        0,0000     Cuts: 259    61105     --- 
      0     0     4972,2109   118        0,0000     Cuts: 371    61821     --- 
      0     0     4970,1516   164        0,0000     Cuts: 124    62196     --- 
      0     0     4969,5280   266        0,0000     Cuts: 157    62796     --- 
      0     0     4969,1613   182        0,0000     Cuts: 245    63104     --- 
      0     0     4967,1994   207        0,0000     Cuts: 177    63406     --- 
      0     0     4966,5177   191        0,0000     Cuts: 227    63907     --- 
Heuristic still looking.
Heuristic still looking.
Heuristic still looking.
*     0+    0                         4350,2000     4966,5177            14,17%
      0     2     4966,5177   191     4350,2000     4966,5177    63907   14,17%
Elapsed time = 210,55 sec. (205544,44 ticks, tree = 0,00 MB, solutions = 2)
      3     5     4966,4077   196     4350,2000     4966,5108    66053   14,17%
      4     6     4966,3382   194     4350,2000     4966,5108    66103   14,17%
      5     7     4966,4077   196     4350,2000     4966,5108    66104   14,17%
      6     8     4966,2012   173     4350,2000     4966,4902    66328   14,17%
      8    10     4965,9992   164     4350,2000     4966,4902    66639   14,17%
      9    11     4966,0705   163     4350,2000     4966,4902    67012   14,17%
     13    15     4966,1243   179     4350,2000     4966,4902    67272   14,17%
     17    19     4965,9618   176     4350,2000     4966,4902    67646   14,17%
     19    21     4965,2728   197     4350,2000     4966,4902    67832   14,17%
     28    30     4966,1071   187     4350,2000     4966,4902    70280   14,17%
Elapsed time = 232,15 sec. (229578,86 ticks, tree = 0,00 MB, solutions = 2)
     35    37     4966,0291   202     4350,2000     4966,4902    71726   14,17%
     62    64     4966,0912   200     4350,2000     4966,4902    73685   14,17%
     68    70     4965,0736   187     4350,2000     4966,4902    74754   14,17%
     69    71     4966,0153   194     4350,2000     4966,4902    75689   14,17%
     85    87     4965,3171   200     4350,2000     4966,4902    76640   14,17%
    100   102     4964,1291   182     4350,2000     4966,4902    77996   14,17%
    158   160     4965,2721   132     4350,2000     4966,4902    82198   14,17%
    162   164     4964,5198   166     4350,2000     4966,4902    82900   14,17%
    164   166     4964,6506   178     4350,2000     4966,4902    83648   14,17%
    284   286     4963,8463   124     4350,2000     4966,4902    93371   14,17%
Elapsed time = 289,67 sec. (271588,68 ticks, tree = 54,05 MB, solutions = 2)
    305   307     4939,2647   159     4350,2000     4966,4902    94598   14,17%
    308   310     4964,0386   102     4350,2000     4966,4902    95150   14,17%
    331   333     4964,6002   148     4350,2000     4966,4902    99052   14,17%
    410   412     4957,6918   105     4350,2000     4966,4902   102739   14,17%
    415   417     4961,6076   144     4350,2000     4966,4902   102913   14,17%
    416   418     4964,5972   150     4350,2000     4966,4902   102914   14,17%
    426   428     4962,8975   155     4350,2000     4966,4902   103596   14,17%
    440   442     4961,8920   125     4350,2000     4966,4902   105184   14,17%
    475   477     4964,4575   139     4350,2000     4966,4902   106907   14,17%
    488   490     4963,6513   127     4350,2000     4966,4902   107555   14,17%
Elapsed time = 390,06 sec. (310579,50 ticks, tree = 139,35 MB, solutions = 2)
    496   498     4961,1699   158     4350,2000     4966,4902   107925   14,17%
    559   561     4913,8872    85     4350,2000     4966,4902   109704   14,17%
    583   585     4905,8244    93     4350,2000     4966,4902   110240   14,17%
    591   593     4900,1614    95     4350,2000     4966,4902   110417   14,17%
    599   601     4899,9926    86     4350,2000     4966,4902   110509   14,17%
    607   609     4899,9899   101     4350,2000     4966,4902   110665   14,17%
    615   617     4889,3021    87     4350,2000     4966,4902   110836   14,17%
    807   809     4963,8598   128     4350,2000     4966,4902   114126   14,17%
   1045  1047     4889,1998    82     4350,2000     4966,4902   116907   14,17%
   1224  1226     4888,8740    86     4350,2000     4966,4902   122288   14,17%
Elapsed time = 485,81 sec. (365031,71 ticks, tree = 372,97 MB, solutions = 2)
   1232  1234     4888,8177   108     4350,2000     4966,4902   123164   14,17%
   1240  1242     4888,8740    86     4350,2000     4966,4902   123501   14,17%
   1264  1266     4888,8357    79     4350,2000     4966,4902   123915   14,17%
   1276  1278     4958,0454   118     4350,2000     4966,4902   124721   14,17%
   1278  1280     4909,6930    16     4350,2000     4966,4902   124912   14,17%
   1294  1296     4908,6120    18     4350,2000     4966,4902   125672   14,17%
   1302  1304     4909,6720    12     4350,2000     4966,4902   126293   14,17%
   1316  1318     4947,2129    99     4350,2000     4966,4902   127419   14,17%
   1349  1351     4887,7269    83     4350,2000     4966,4902   128246   14,17%
   1559  1561     4888,7971    82     4350,2000     4966,4902   131322   14,17%
Elapsed time = 511,42 sec. (380572,62 ticks, tree = 604,48 MB, solutions = 2)
   1563  1565     4861,5478    37     4350,2000     4966,4902   132102   14,17%
   1587  1589     4907,9092    41     4350,2000     4966,4902   132980   14,17%
   1603  1605     4881,1998    89     4350,2000     4966,4902   134640   14,17%
   1627  1629     4860,2865    29     4350,2000     4966,4902   135668   14,17%
   1643  1645     4856,4522    45     4350,2000     4966,4902   136231   14,17%
   1707  1709     4855,9498    34     4350,2000     4966,4902   137453   14,17%
   1747  1749     4856,3612    29     4350,2000     4966,4902   137992   14,17%
   1783  1785     4883,6524    86     4350,2000     4966,4902   138427   14,17%
   1791  1793     4883,7313    83     4350,2000     4966,4902   138536   14,17%
*  1868+ 1868                         4957,6000     4966,4902             0,18%
   1868  1866     4907,4800    10     4957,6000     4966,4902   139713    0,18%
Elapsed time = 724,88 sec. (434400,07 ticks, tree = 1142,65 MB, solutions = 2)
   1869  1859     4856,3413    25     4957,6000     4966,4902   139759    0,18%

Cover cuts applied:  14
Implied bound cuts applied:  253
Flow cuts applied:  15049
Mixed integer rounding cuts applied:  10861
Flow path cuts applied:  2076
Gomory fractional cuts applied:  339

Root node processing (before b&c):
  Real time             =  210,28 sec. (205100,70 ticks)
Parallel b&c, 8 threads:
  Real time             =  528,51 sec. (240075,52 ticks)
  Sync time (average)   =  117,99 sec.
  Wait time (average)   =  118,18 sec.
                          ------------
Total (root+branch&cut) =  738,79 sec. (445176,22 ticks)

<<< solve


OBJECTIVE: 4957.6
avg_utility = 0.79436

<<< post process


<<< done

