
<<< setup


<<< generate

Found incumbent of value 0,000000 after 0,02 sec. (17,01 ticks)
Tried aggregator 8 times.
MIP Presolve eliminated 110101 rows and 331124 columns.
MIP Presolve modified 29998 coefficients.
Aggregator did 83289 substitutions.
Reduced MIP has 63118 rows, 134468 columns, and 403827 nonzeros.
Reduced MIP has 14655 binaries, 0 generals, 0 SOSs, and 0 indicators.
Presolve time = 11,93 sec. (8793,24 ticks)
Probing time = 0,03 sec. (5,63 ticks)
Tried aggregator 1 time.
MIP Presolve modified 68 coefficients.
Reduced MIP has 63118 rows, 134468 columns, and 403827 nonzeros.
Reduced MIP has 14655 binaries, 0 generals, 0 SOSs, and 0 indicators.
Presolve time = 0,33 sec. (234,81 ticks)
Probing time = 0,04 sec. (5,92 ticks)
MIP emphasis: balance optimality and feasibility.
MIP search method: dynamic search.
Parallel mode: deterministic, using up to 8 threads.
Root relaxation solution time = 3,31 sec. (2030,93 ticks)

        Nodes                                         Cuts/
   Node  Left     Objective  IInf  Best Integer    Best Bound    ItCnt     Gap

*     0+    0                            0,0000    36881,2147              --- 
      0     0     7900,0000  1349        0,0000     7900,0000    10347     --- 
*     0+    0                         5796,1089     7900,0000            36,30%
      0     0     7833,5552  1080     5796,1089    Cuts: 4417    51161   35,15%
      0     0     7767,2120  1123     5796,1089    Cuts: 3755    69598   34,01%
      0     0     7690,3594  1233     5796,1089    Cuts: 3872    93304   32,68%
*     0+    0                         6166,1737     7690,3594            24,72%
*     0+    0                         6195,5835     7690,3594            24,13%
*     0+    0                         6218,0576     7690,3594            23,68%
*     0+    0                         6221,3484     7690,3594            23,61%
      0     0     7576,9101   972     6221,3484    Cuts: 4254   139229   21,79%
      0     0     7545,1886  1129     6221,3484    Cuts: 2958   147520   21,28%
      0     0     7486,9836   495     6221,3484    Cuts: 4184   179815   20,34%
*     0+    0                         6932,6378     7486,9836             8,00%
*     0+    0                         6957,9277     7486,9836             7,60%
*     0+    0                         6999,8961     7486,9836             6,96%
*     0+    0                         7000,4507     7486,9836             6,95%
*     0+    0                         7005,9059     7486,9836             6,87%
*     0+    0                         7010,3846     7486,9836             6,80%
*     0+    0                         7011,3337     7486,9836             6,78%
*     0+    0                         7011,6303     7486,9836             6,78%
      0     0     7469,4897   420     7011,6303    Cuts: 2566   202845    6,53%
*     0+    0                         7274,2158     7469,4897             2,68%
      0     0     7456,3650   370     7274,2158    Cuts: 2232   213234    2,50%
*     0+    0                         7276,3283     7456,3650             2,47%
      0     0     7450,2718   385     7276,3283    Cuts: 1884   248984    2,39%
*     0+    0                         7325,8438     7450,2718             1,70%
*     0+    0                         7378,4206     7450,2718             0,97%

Implied bound cuts applied:  400
Flow cuts applied:  18443
Mixed integer rounding cuts applied:  5173
Flow path cuts applied:  1878
Gomory fractional cuts applied:  352

Root node processing (before b&c):
  Real time             =  466,71 sec. (288176,71 ticks)
Parallel b&c, 8 threads:
  Real time             =    0,00 sec. (0,00 ticks)
  Sync time (average)   =    0,00 sec.
  Wait time (average)   =    0,00 sec.
                          ------------
Total (root+branch&cut) =  466,71 sec. (288176,71 ticks)

<<< solve


OBJECTIVE: 7378.421
avg_utility = 0.933977

<<< post process


<<< done

