
<<< setup


<<< generate

Found incumbent of value 0,000000 after 0,02 sec. (17,07 ticks)
Tried aggregator 5 times.
MIP Presolve eliminated 194135 rows and 407374 columns.
Aggregator did 115817 substitutions.
Reduced MIP has 1598 rows, 7930 columns, and 28655 nonzeros.
Reduced MIP has 0 binaries, 0 generals, 0 SOSs, and 0 indicators.
Presolve time = 3,41 sec. (2736,25 ticks)
Tried aggregator 1 time.
MIP Presolve eliminated 1364 rows and 6820 columns.
Reduced MIP has 234 rows, 1110 columns, and 3995 nonzeros.
Reduced MIP has 0 binaries, 0 generals, 0 SOSs, and 0 indicators.
Presolve time = 0,02 sec. (14,96 ticks)
Tried aggregator 1 time.
Reduced MIP has 234 rows, 1110 columns, and 3995 nonzeros.
Reduced MIP has 0 binaries, 0 generals, 0 SOSs, and 0 indicators.
Presolve time = 0,01 sec. (7,26 ticks)
MIP emphasis: balance optimality and feasibility.
MIP search method: dynamic search.
Parallel mode: deterministic, using up to 24 threads.
Root relaxation solution time = 0,01 sec. (2,21 ticks)

        Nodes                                         Cuts/
   Node  Left     Objective  IInf  Best Integer    Best Bound    ItCnt     Gap

*     0+    0                         1706,0000    27105,7973              --- 
*     0     0      integral     0     5501,3816     5501,3816      170    0,00%
Elapsed time = 3,49 sec. (2806,37 ticks, tree = 0,00 MB, solutions = 2)

Root node processing (before b&c):
  Real time             =    3,53 sec. (2828,95 ticks)
Parallel b&c, 24 threads:
  Real time             =    0,00 sec. (0,00 ticks)
  Sync time (average)   =    0,00 sec.
  Wait time (average)   =    0,00 sec.
                          ------------
Total (root+branch&cut) =    3,53 sec. (2828,95 ticks)

<<< solve


OBJECTIVE: 5501.382
avg_utility = 0.69921

<<< post process


<<< done

