
<<< setup


<<< generate

Found incumbent of value 0,000000 after 0,05 sec. (55,52 ticks)
Tried aggregator 2 times.
MIP Presolve eliminated 2397261 rows and 1215574 columns.
MIP Presolve modified 5512 coefficients.
Aggregator did 5497 substitutions.
Reduced MIP has 14663 rows, 22898 columns, and 59536 nonzeros.
Reduced MIP has 4580 binaries, 0 generals, 0 SOSs, and 0 indicators.
Presolve time = 0,92 sec. (1593,81 ticks)
Probing time = 0,01 sec. (1,23 ticks)
Tried aggregator 1 time.
Reduced MIP has 14663 rows, 22898 columns, and 59536 nonzeros.
Reduced MIP has 4580 binaries, 0 generals, 0 SOSs, and 0 indicators.
Presolve time = 0,05 sec. (63,65 ticks)
Probing time = 0,01 sec. (1,23 ticks)
MIP emphasis: balance optimality and feasibility.
MIP search method: dynamic search.
Parallel mode: deterministic, using up to 8 threads.
Root relaxation solution time = 0,06 sec. (116,56 ticks)

        Nodes                                         Cuts/
   Node  Left     Objective  IInf  Best Integer    Best Bound    ItCnt     Gap

*     0+    0                            0,0000     7005,3495              --- 
*     0+    0                         1268,5136     7005,3495           452,25%
      0     0     1633,0000   509     1268,5136     1633,0000     1832   28,73%
*     0+    0                         1542,1351     1633,0000             5,89%
      0     0     1633,0000   408     1542,1351    Cuts: 1218     2888    5,89%
*     0     0      integral     0     1613,1958    Cuts: 1014     4565    0,00%
      0     0        cutoff           1613,1958     1613,1958     4565    0,00%
Elapsed time = 1,89 sec. (3018,82 ticks, tree = 0,00 MB, solutions = 4)

Flow cuts applied:  1774
Mixed integer rounding cuts applied:  59
Gomory fractional cuts applied:  398

Root node processing (before b&c):
  Real time             =    1,96 sec. (3080,74 ticks)
Parallel b&c, 8 threads:
  Real time             =    0,00 sec. (0,00 ticks)
  Sync time (average)   =    0,00 sec.
  Wait time (average)   =    0,00 sec.
                          ------------
Total (root+branch&cut) =    1,96 sec. (3080,74 ticks)

<<< solve


OBJECTIVE: 1613.196
avg_utility = 0.987873

<<< post process


<<< done

