
<<< setup


<<< generate

Found incumbent of value 0,000000 after 0,02 sec. (16,90 ticks)
Tried aggregator 4 times.
MIP Presolve eliminated 179455 rows and 389001 columns.
MIP Presolve modified 4930 coefficients.
Aggregator did 108114 substitutions.
Reduced MIP has 13311 rows, 31606 columns, and 100928 nonzeros.
Reduced MIP has 2824 binaries, 0 generals, 0 SOSs, and 0 indicators.
Presolve time = 4,68 sec. (3622,66 ticks)
Probing time = 0,01 sec. (1,30 ticks)
Tried aggregator 1 time.
Reduced MIP has 13311 rows, 31606 columns, and 100928 nonzeros.
Reduced MIP has 2824 binaries, 0 generals, 0 SOSs, and 0 indicators.
Presolve time = 0,05 sec. (47,13 ticks)
Probing time = 0,01 sec. (1,35 ticks)
MIP emphasis: balance optimality and feasibility.
MIP search method: dynamic search.
Parallel mode: deterministic, using up to 8 threads.
Root relaxation solution time = 0,40 sec. (274,80 ticks)

        Nodes                                         Cuts/
   Node  Left     Objective  IInf  Best Integer    Best Bound    ItCnt     Gap

*     0+    0                         1581,0000    18885,2000              --- 
      0     0     3527,4500   212     1581,0000     3527,4500     2543  123,12%
*     0+    0                         3514,3063     3527,4500             0,37%

Flow cuts applied:  15
Mixed integer rounding cuts applied:  1

Root node processing (before b&c):
  Real time             =    8,04 sec. (6389,71 ticks)
Parallel b&c, 8 threads:
  Real time             =    0,00 sec. (0,00 ticks)
  Sync time (average)   =    0,00 sec.
  Wait time (average)   =    0,00 sec.
                          ------------
Total (root+branch&cut) =    8,04 sec. (6389,71 ticks)

<<< solve


OBJECTIVE: 3514.306
avg_utility = 0.447625

<<< post process


<<< done

