
<<< setup


<<< generate

Found incumbent of value 0,000000 after 0,10 sec. (96,48 ticks)
Tried aggregator 2 times.
MIP Presolve eliminated 3836641 rows and 2239934 columns.
MIP Presolve modified 10506 coefficients.
Aggregator did 15235 substitutions.
Reduced MIP has 15059 rows, 34036 columns, and 97806 nonzeros.
Reduced MIP has 13739 binaries, 1272 generals, 0 SOSs, and 0 indicators.
Presolve time = 2,02 sec. (3016,31 ticks)
Probing time = 0,02 sec. (4,50 ticks)
Tried aggregator 1 time.
Reduced MIP has 15059 rows, 34036 columns, and 97806 nonzeros.
Reduced MIP has 13739 binaries, 1272 generals, 0 SOSs, and 0 indicators.
Presolve time = 0,07 sec. (98,61 ticks)
Probing time = 0,02 sec. (4,50 ticks)
Clique table members: 549.
MIP emphasis: balance optimality and feasibility.
MIP search method: dynamic search.
Parallel mode: deterministic, using up to 8 threads.
Root relaxation solution time = 0,21 sec. (335,10 ticks)

        Nodes                                         Cuts/
   Node  Left     Objective  IInf  Best Integer    Best Bound    ItCnt     Gap

*     0+    0                            0,0000     7653,1192              --- 
      0     0     1784,0000    29        0,0000     1784,0000      844     --- 
*     0+    0                         1784,0000     1784,0000             0,00%
      0     0        cutoff           1784,0000     1784,0000      844    0,00%
Elapsed time = 2,64 sec. (3803,79 ticks, tree = 0,00 MB, solutions = 2)

Root node processing (before b&c):
  Real time             =    2,73 sec. (3887,03 ticks)
Parallel b&c, 8 threads:
  Real time             =    0,00 sec. (0,00 ticks)
  Sync time (average)   =    0,00 sec.
  Wait time (average)   =    0,00 sec.
                          ------------
Total (root+branch&cut) =    2,73 sec. (3887,03 ticks)

<<< solve


OBJECTIVE: 1784
avg_utility = 1

<<< post process


<<< done

