
<<< setup


<<< generate

Tried aggregator 2 times.
MIP Presolve eliminated 143580 rows and 140669 columns.
MIP Presolve modified 457 coefficients.
Aggregator did 13455 substitutions.
Reduced MIP has 1003 rows, 1911 columns, and 3731 nonzeros.
Reduced MIP has 857 binaries, 144 generals, 0 SOSs, and 0 indicators.
Presolve time = 0,82 sec. (2987,66 ticks)
Found incumbent of value 0,000000 after 0,85 sec. (2996,81 ticks)
Probing time = 0,00 sec. (0,69 ticks)
Tried aggregator 1 time.
Reduced MIP has 1003 rows, 1911 columns, and 3731 nonzeros.
Reduced MIP has 857 binaries, 144 generals, 0 SOSs, and 0 indicators.
Presolve time = 0,00 sec. (4,11 ticks)
Probing time = 0,00 sec. (0,69 ticks)
Clique table members: 67.
MIP emphasis: balance optimality and feasibility.
MIP search method: dynamic search.
Parallel mode: deterministic, using up to 8 threads.
Root relaxation solution time = 0,02 sec. (4,64 ticks)

        Nodes                                         Cuts/
   Node  Left     Objective  IInf  Best Integer    Best Bound    ItCnt     Gap

*     0+    0                            0,0000      584,2460              --- 
*     0     0      integral     0      163,0000      163,0000      215    0,00%
Elapsed time = 0,89 sec. (3018,32 ticks, tree = 0,00 MB, solutions = 2)

Root node processing (before b&c):
  Real time             =    0,90 sec. (3023,54 ticks)
Parallel b&c, 8 threads:
  Real time             =    0,00 sec. (0,00 ticks)
  Sync time (average)   =    0,00 sec.
  Wait time (average)   =    0,00 sec.
                          ------------
Total (root+branch&cut) =    0,90 sec. (3023,54 ticks)

<<< solve


OBJECTIVE: 163

<<< post process


<<< done

