
<<< setup


<<< generate

Found incumbent of value 0,000000 after 0,01 sec. (13,53 ticks)
Tried aggregator 5 times.
MIP Presolve eliminated 344491 rows and 219421 columns.
MIP Presolve modified 15897 coefficients.
Aggregator did 79188 substitutions.
Reduced MIP has 26884 rows, 49872 columns, and 152846 nonzeros.
Reduced MIP has 1858 binaries, 0 generals, 0 SOSs, and 0 indicators.
Presolve time = 2,97 sec. (3350,40 ticks)
Probing time = 0,02 sec. (2,15 ticks)
Tried aggregator 1 time.
Reduced MIP has 26884 rows, 49872 columns, and 152846 nonzeros.
Reduced MIP has 1858 binaries, 0 generals, 0 SOSs, and 0 indicators.
Presolve time = 0,09 sec. (77,77 ticks)
Probing time = 0,01 sec. (2,25 ticks)
MIP emphasis: balance optimality and feasibility.
MIP search method: dynamic search.
Parallel mode: deterministic, using up to 8 threads.
Root relaxation solution time = 0,59 sec. (405,75 ticks)

        Nodes                                         Cuts/
   Node  Left     Objective  IInf  Best Integer    Best Bound    ItCnt     Gap

*     0+    0                            0,0000    17434,0000              --- 
      0     0     3785,0000   924        0,0000     3785,0000    12605     --- 
*     0+    0                         2487,1743     3785,0000            52,18%
      0     0     3571,3363   410     2487,1743    Cuts: 2773    27231   43,59%
      0     0     3467,0672   611     2487,1743    Cuts: 2327    44387   39,40%
      0     0     3338,1421   586     2487,1743    Cuts: 3374    59367   34,21%
*     0+    0                         2584,5457     3338,1421            29,16%
*     0+    0                         2717,9429     3338,1421            22,82%
*     0+    0                         2718,6857     3338,1421            22,79%
      0     0     3220,0008   551     2718,6857    Cuts: 3479    69182   18,44%
      0     0     3145,4456   667     2718,6857    Cuts: 3021    78353   15,70%
      0     0     3085,3736   170     2718,6857    Cuts: 4207    96956   13,49%
*     0+    0                         2824,8379     3085,3736             9,22%
*     0+    0                         2836,2186     3085,3736             8,78%
      0     0     3078,7081   172     2836,2186    Cuts: 1072   104176    8,55%
      0     0     3073,4027   134     2836,2186    Cuts: 1207   107030    8,36%
      0     0     3069,9555   120     2836,2186     Cuts: 738   111557    8,24%
      0     0     3069,0700   124     2836,2186     Cuts: 735   113129    8,21%
      0     0     3068,4148   150     2836,2186     Cuts: 719   115362    8,19%
*     0+    0                         2936,7750     3068,4148             4,48%
      0     0     3067,4191   148     2936,7750     Cuts: 857   117499    4,45%
*     0+    0                         2938,5750     3067,4191             4,38%
*     0+    0                         2939,5750     3067,4191             4,35%
      0     0     3066,3700   128     2939,5750     Cuts: 685   119400    4,31%
      0     0     3065,0130   116     2939,5750     Cuts: 531   123346    4,27%
      0     0     3063,2668    62     2939,5750     Cuts: 372   137657    4,21%
      0     0     3062,9566    61     2939,5750     Cuts: 149   140566    4,20%
      0     0     3062,9402    67     2939,5750      Cuts: 94   140846    4,20%
*     0+    0                         2941,4728     3062,9402             4,13%
      0     2     3062,9402    67     2941,4728     3062,9402   140846    4,13%
Elapsed time = 163,88 sec. (138142,60 ticks, tree = 0,00 MB, solutions = 11)
      1     3     3043,1402    68     2941,4728     3062,9402   160896    4,13%
      2     4     3057,2299    65     2941,4728     3062,9402   169489    4,13%
      3     5     3047,4513    67     2941,4728     3055,2273   173226    3,87%
      4     6     3032,2497    72     2941,4728     3055,2273   191897    3,87%
      7     9     3031,4608    69     2941,4728     3055,2273   198269    3,87%
     10    12     3043,3681    63     2941,4728     3050,3069   203619    3,70%
     11    13     3027,1516    68     2941,4728     3050,3069   206536    3,70%
     12    14     3020,5160    66     2941,4728     3050,3069   209209    3,70%
*    13+   13                         2941,4950     3050,3069             3,70%
     13    15     3032,2118    68     2941,4950     3050,3069   223303    3,70%
*    14+   14                         2941,7450     3050,3069             3,69%
     30    32     3035,6963    65     2941,7450     3050,0516   266972    3,68%
Elapsed time = 245,98 sec. (192549,73 ticks, tree = 0,00 MB, solutions = 14)
*    36+   36                         2941,7850     3050,0516             3,68%
     36    38     3030,2464    58     2941,7850     3050,0516   296243    3,68%
     93    90     2997,1685    52     2941,7850     3050,0516   411185    3,68%
     94    91     2948,8215    52     2941,7850     3050,0516   422905    3,68%
     96    93     3003,2515    71     2941,7850     3050,0516   441584    3,68%
     97    94     2996,6997    61     2941,7850     3050,0516   461187    3,68%
    105   102     2996,1508    62     2941,7850     3050,0516   508248    3,68%
    113   106     2958,4581    59     2941,7850     3050,0516   531551    3,68%
    151   142     2993,0467    56     2941,7850     3050,0516   617574    3,68%
    167   154     2978,8184    46     2941,7850     3044,0913   637689    3,48%
    171   158     2954,5610    58     2941,7850     3044,0913   655886    3,48%
Elapsed time = 451,84 sec. (243811,30 ticks, tree = 0,00 MB, solutions = 15)
    179   166     2953,8016    42     2941,7850     3044,0913   660913    3,48%
    187   172     2947,2108    39     2941,7850     3044,0913   675980    3,48%
    193   178     3015,2504    48     2941,7850     3044,0913   687897    3,48%
    198   182     2963,0373    58     2941,7850     3044,0913   703145    3,48%
    201   185     3013,0701    58     2941,7850     3044,0913   711371    3,48%
    217   198     2998,5545    53     2941,7850     3044,0913   742055    3,48%
    225   204     3008,4817    49     2941,7850     3044,0913   755550    3,48%
    227   206     3028,4156    59     2941,7850     3044,0913   775105    3,48%
    304   255     2989,2126    42     2941,7850     3044,0913   898683    3,48%
    307   258     2985,7831    53     2941,7850     3044,0913   949367    3,48%
Elapsed time = 592,16 sec. (282123,57 ticks, tree = 0,63 MB, solutions = 15)
    312   263     2985,1651    41     2941,7850     3044,0913   994483    3,48%
    316   267     2989,6961    65     2941,7850     3044,0913  1039173    3,48%
    324   275     3016,3627    57     2941,7850     3044,0913  1070790    3,48%
    415   338     2978,4988    36     2941,7850     3044,0913  1228372    3,48%
    418   337     2969,9688    49     2941,7850     3044,0913  1230007    3,48%
    426   341     2969,6063    50     2941,7850     3044,0913  1255535    3,48%
    435   350     3019,0269    58     2941,7850     3044,0913  1311081    3,48%
    493   389     3008,8509    50     2941,7850     3044,0913  1465842    3,48%
    547   430     2968,4834    43     2941,7850     3037,4952  1539335    3,25%
    549   432     3014,8165    54     2941,7850     3037,4952  1556347    3,25%
Elapsed time = 931,96 sec. (358379,34 ticks, tree = 3,18 MB, solutions = 15)
    556   436     2985,8551    62     2941,7850     3037,4952  1573981    3,25%
    557   437     2991,1697    50     2941,7850     3037,4952  1601181    3,25%
    565   443     3009,1370    53     2941,7850     3037,4952  1641315    3,25%
    573   450     3003,7544    52     2941,7850     3037,4952  1677660    3,25%
    581   456     2988,0355    51     2941,7850     3037,4952  1719021    3,25%
*   593+  458                         2942,5750     3037,4952             3,23%
    685   531     2961,4060    39     2942,5750     3037,1369  1895391    3,21%
    687   533     2962,3227    39     2942,5750     3037,1369  1916734    3,21%
    694   540     2981,5057    47     2942,5750     3037,1369  1949570    3,21%
    696   542     2971,0981    58     2942,5750     3037,1369  1978165    3,21%
    702   546     2975,7541    46     2942,5750     3037,1369  2013982    3,21%
Elapsed time = 1146,45 sec. (406713,22 ticks, tree = 6,55 MB, solutions = 16)
    710   552     2964,6761    44     2942,5750     3037,1369  2047345    3,21%
    718   560     2970,9589    46     2942,5750     3037,1369  2096802    3,21%
    734   574     2964,7033    43     2942,5750     3037,1369  2197787    3,21%
    837   666     3010,6143    55     2942,5750     3037,1369  2425838    3,21%
    844   671     2984,7889    53     2942,5750     3037,1369  2473423    3,21%
    852   677     2981,7587    58     2942,5750     3037,1369  2513950    3,21%
    853   678     3000,0735    52     2942,5750     3037,1369  2517957    3,21%
    861   682     2992,7505    63     2942,5750     3037,1369  2561096    3,21%
    874   691     2981,9560    66     2942,5750     3037,1369  2663852    3,21%
    882   697     2967,7754    89     2942,5750     3037,1369  2700876    3,21%
Elapsed time = 1434,70 sec. (465827,76 ticks, tree = 8,56 MB, solutions = 16)
    890   703     2976,9280    62     2942,5750     3037,1369  2757083    3,21%
    898   707     2976,1883    62     2942,5750     3037,1369  2803094    3,21%
    906   713     2955,0167    88     2942,5750     3037,1369  2873205    3,21%
    914   721     2970,4732    58     2942,5750     3037,1369  2923133    3,21%
    959   764     2951,8391    39     2942,5750     3037,1369  3116237    3,21%
    998   796     2953,2909    51     2942,5750     3037,1369  3301311    3,21%
    999   797     2992,4297    58     2942,5750     3037,1369  3325046    3,21%
   1041   830        cutoff           2942,5750     3037,1369  3521844    3,21%
   1042   831     2945,0513    72     2942,5750     3037,1369  3533945    3,21%
   1043   832     2953,2732    49     2942,5750     3037,1369  3542976    3,21%
Elapsed time = 1545,10 sec. (494459,23 ticks, tree = 20,85 MB, solutions = 16)
   1048   837     2962,9883    59     2942,5750     3037,1369  3570112    3,21%
   1056   845     2959,5073    54     2942,5750     3037,1369  3619613    3,21%
   1068   854     2971,5509    51     2942,5750     3037,1369  3660422    3,21%
   1076   860     2970,4931    61     2942,5750     3037,1369  3686270    3,21%
   1084   865     2967,4494    58     2942,5750     3037,1369  3736382    3,21%
   1092   867     2964,0440    56     2942,5750     3037,1369  3765316    3,21%
   1093   868     3001,8193    58     2942,5750     3037,1369  3785926    3,21%
   1094   869     3004,7993    69     2942,5750     3037,1369  3826692    3,21%
   1102   877     3001,7452    66     2942,5750     3037,1369  3876898    3,21%
   1201   961     2977,6228    78     2942,5750     3037,1369  4202122    3,21%
Elapsed time = 1801,69 sec. (549585,64 ticks, tree = 22,56 MB, solutions = 16)
   1203   963     2988,1314    59     2942,5750     3037,1369  4218444    3,21%
   1205   965     2973,9336    63     2942,5750     3037,1369  4257339    3,21%
   1207   965     2943,8718    69     2942,5750     3037,1369  4281936    3,21%
   1218   974     2943,7440    83     2942,5750     3037,1369  4334983    3,21%
   1219   975     2975,3931    64     2942,5750     3037,1369  4344906    3,21%
   1223   979     3012,3853    65     2942,5750     3037,1369  4375287    3,21%
   1227   983     2970,6455    61     2942,5750     3037,1369  4400659    3,21%
   1231   985     3006,7143    62     2942,5750     3037,1369  4436849    3,21%
   1235   989     2963,8074    52     2942,5750     3037,1369  4448738    3,21%
   1243   995     2961,4807    55     2942,5750     3037,1369  4471837    3,21%
Elapsed time = 1966,14 sec. (582695,44 ticks, tree = 22,56 MB, solutions = 16)
   1247   999     2996,1702    58     2942,5750     3037,1369  4516418    3,21%
   1255  1005     2989,7814    56     2942,5750     3037,1369  4552866    3,21%
   1262  1010     2959,5563    68     2942,5750     3037,1369  4573875    3,21%
   1270  1018     2956,9541    56     2942,5750     3037,1369  4642675    3,21%
   1284  1032     2953,1665    50     2942,5750     3037,1369  4699971    3,21%
   1390  1110     2990,5711    64     2942,5750     3021,2636  4938404    2,67%
   1391  1111     2979,8694    57     2942,5750     3021,2636  4961393    2,67%
   1399  1117     2973,5228    83     2942,5750     3021,2636  5037237    2,67%
   1401  1119     2985,1588    50     2942,5750     3021,2636  5079790    2,67%
   1417  1135     2963,9977    38     2942,5750     3021,2636  5204682    2,67%
Elapsed time = 2278,22 sec. (650303,61 ticks, tree = 25,29 MB, solutions = 16)
   1425  1143     2960,0055    37     2942,5750     3021,2636  5246082    2,67%
   1433  1149     2944,8025    86     2942,5750     3021,2636  5290250    2,67%
   1441  1157     2952,2778    70     2942,5750     3021,2636  5348244    2,67%
   1465  1174     2946,3412    34     2942,5750     3021,2636  5457164    2,67%
   1481  1173     3003,4849    62     2942,5750     3021,2636  5532037    2,67%
   1626  1290     2949,6729    46     2942,5750     3020,2508  6322493    2,64%
   1628  1290     2977,4685    60     2942,5750     3020,2508  6333669    2,64%
   1635  1293     3002,4333    60     2942,5750     3020,2508  6380877    2,64%
   1639  1297     2999,5376    62     2942,5750     3020,2508  6407696    2,64%
   1647  1305     2993,7913    65     2942,5750     3020,2508  6475704    2,64%
Elapsed time = 2627,33 sec. (740322,91 ticks, tree = 27,74 MB, solutions = 16)
   1655  1313     2989,0135    63     2942,5750     3020,2508  6537207    2,64%
   1663  1321     2982,8048    63     2942,5750     3020,2508  6572782    2,64%
   1671  1328     2977,1273    54     2942,5750     3020,2508  6612231    2,64%
   1679  1334     2975,2584    53     2942,5750     3020,2508  6671291    2,64%
   1687  1341     2968,6989    52     2942,5750     3020,2508  6737607    2,64%
   1695  1347     2963,7881    52     2942,5750     3020,2508  6801853    2,64%
   1711  1362     2961,4188    52     2942,5750     3020,2508  6906336    2,64%
   1773  1402     3006,5334    48     2942,5750     3020,2508  7237066    2,64%
   1804  1424     2960,3360    62     2942,5750     3017,2628  7298122    2,54%
   1808  1427     3008,0123    75     2942,5750     3017,2628  7335149    2,54%
Elapsed time = 2949,29 sec. (812507,33 ticks, tree = 29,59 MB, solutions = 16)
   1824  1437     2999,5702    71     2942,5750     3017,2628  7518864    2,54%
   1838  1451     3006,2646    64     2942,5750     3017,2628  7722082    2,54%
   1862  1463     3000,1662    69     2942,5750     3017,2628  8082152    2,54%
   1870  1469     2989,7237    53     2942,5750     3017,2628  8181327    2,54%
   1886  1479     2979,1470    55     2942,5750     3017,2628  8354648    2,54%
   1894  1487     2971,9863    56     2942,5750     3017,2628  8460712    2,54%
   1902  1495     2967,0468    53     2942,5750     3017,2628  8557350    2,54%
   1910  1501     2961,2619    52     2942,5750     3017,2628  8607255    2,54%
   1995  1560     2974,3100    85     2942,5750     3017,2628  9033864    2,54%
   2062  1608     2986,9789    57     2942,5750     3015,4178  9225139    2,48%
Elapsed time = 3424,67 sec. (915382,36 ticks, tree = 32,16 MB, solutions = 16)
   2067  1613     2970,3097    92     2942,5750     3015,4178  9264206    2,48%
   2072  1616     2954,4959    46     2942,5750     3015,4178  9294123    2,48%
   2083  1625     2956,4217    64     2942,5750     3015,4178  9369405    2,48%
   2091  1631     2952,9757    73     2942,5750     3015,4178  9452549    2,48%
   2102  1638     2960,3230    57     2942,5750     3015,4178  9487204    2,48%
   2118  1652     2950,0485    48     2942,5750     3015,4178  9580492    2,48%
   2143  1671     2969,7790    77     2942,5750     3015,4178  9745184    2,48%
   2167  1689     2955,8861    69     2942,5750     3015,4178  9910188    2,48%
   2215  1725     2994,1422    54     2942,5750     3015,4178 10273503    2,48%
   2233  1739     2994,3976    63     2942,5750     3015,4178 10393389    2,48%
Elapsed time = 3781,59 sec. (989259,00 ticks, tree = 32,16 MB, solutions = 16)
   2241  1747     2991,1804    57     2942,5750     3015,4178 10477955    2,48%
   2249  1755     2984,0742    63     2942,5750     3015,4178 10546426    2,48%
   2273  1777     2976,2621    51     2942,5750     3015,4178 10683972    2,48%
   2289  1791     2962,7030    58     2942,5750     3015,4178 10793366    2,48%
   2444  1900     3003,5285    64     2942,5750     3015,4178 11595716    2,48%
   2484  1934     2962,0699    51     2942,5750     3013,0425 11767836    2,39%
   2540  1976     3003,2550    50     2942,5750     3013,0425 12126830    2,39%
   2564  1996     2984,2219    61     2942,5750     3013,0425 12288792    2,39%
   2597  2013     2996,5397    70     2942,5750     3013,0425 12555419    2,39%
   2613  2029     2986,4178    73     2942,5750     3013,0425 12641062    2,39%
Elapsed time = 4324,37 sec. (1096577,99 ticks, tree = 65,71 MB, solutions = 16)
   2645  2059     2962,3950    64     2942,5750     3013,0425 12847761    2,39%
   2693  2085        cutoff           2942,5750     3013,0425 13146761    2,39%
   2701  2093     2996,5469    67     2942,5750     3013,0425 13218470    2,39%
   2725  2107     2980,7368    60     2942,5750     3013,0425 13388052    2,39%
   2773  2145     2945,8864    46     2942,5750     3013,0425 13733955    2,39%
   2821  2171     2975,4482    66     2942,5750     3013,0425 14060203    2,39%
   2853  2191     2954,0468    55     2942,5750     3013,0425 14300299    2,39%
   2893  2219        cutoff           2942,5750     3013,0425 14643017    2,39%
   2901  2223     2968,7724    54     2942,5750     3013,0425 14709965    2,39%
   3152  2386     2973,5550    59     2942,5750     3013,0425 16490537    2,39%
Elapsed time = 4505,61 sec. (1168668,32 ticks, tree = 65,71 MB, solutions = 16)
   3166  2390     2951,3460    61     2942,5750     3008,3831 16666040    2,24%
   3178  2398     2958,7969    73     2942,5750     3008,3831 16776427    2,24%
   3226  2424     3001,9464    54     2942,5750     3008,3831 17072780    2,24%
   3282  2472     2964,5148    51     2942,5750     3008,3831 17438088    2,24%
   3338  2506        cutoff           2942,5750     3008,3831 17726260    2,24%
   3346  2510     2997,4369    55     2942,5750     3008,3831 17799935    2,24%
   3350  2512     2997,5793    55     2942,5750     3008,3831 17840980    2,24%
   3398  2554     2964,0904    51     2942,5750     3008,3831 18139992    2,24%
   3440  2586     2985,1747    49     2942,5750     3008,3831 18431414    2,24%
   3464  2604     2965,7714    46     2942,5750     3008,3831 18605762    2,24%
Elapsed time = 4698,84 sec. (1231793,08 ticks, tree = 72,07 MB, solutions = 16)

Implied bound cuts applied:  1158
Flow cuts applied:  9650
Mixed integer rounding cuts applied:  5983
Flow path cuts applied:  58
Gomory fractional cuts applied:  90

Root node processing (before b&c):
  Real time             =  163,79 sec. (138109,40 ticks)
Parallel b&c, 8 threads:
  Real time             = 4581,06 sec. (1129407,79 ticks)
  Sync time (average)   =  353,67 sec.
  Wait time (average)   =  353,88 sec.
                          ------------
Total (root+branch&cut) = 4744,84 sec. (1267517,19 ticks)

<<< solve


OBJECTIVE: 2942.575
avg_utility = 0.777431

<<< post process


<<< done

