
<<< setup


<<< generate

Presolve has eliminated 89929 rows and 119029 columns...
Tried aggregator 7 times.
MIP Presolve eliminated 253599 rows and 302349 columns.
MIP Presolve modified 8 coefficients.
Aggregator did 16720 substitutions.
Reduced MIP has 4717 rows, 5960 columns, and 13360 nonzeros.
Reduced MIP has 1260 binaries, 0 generals, 0 SOSs, and 0 indicators.
Presolve time = 4,52 sec. (13416,99 ticks)
Found incumbent of value 0,000000 after 4,60 sec. (13434,08 ticks)
Probing time = 0,00 sec. (1,08 ticks)
Tried aggregator 2 times.
MIP Presolve eliminated 3090 rows and 2180 columns.
MIP Presolve modified 180 coefficients.
Aggregator did 360 substitutions.
Reduced MIP has 1267 rows, 3420 columns, and 7920 nonzeros.
Reduced MIP has 1260 binaries, 0 generals, 0 SOSs, and 0 indicators.
Presolve time = 0,01 sec. (11,58 ticks)
Probing time = 0,00 sec. (1,27 ticks)
Clique table members: 180.
MIP emphasis: balance optimality and feasibility.
MIP search method: dynamic search.
Parallel mode: deterministic, using up to 24 threads.
Root relaxation solution time = 0,03 sec. (27,73 ticks)

        Nodes                                         Cuts/
   Node  Left     Objective  IInf  Best Integer    Best Bound    ItCnt     Gap

*     0+    0                            0,0000     1152,0000      878     --- 
*     0+    0                          270,0000     1152,0000      878  326,67%
      0     0        cutoff            270,0000      270,0000      878    0,00%

Root node processing (before b&c):
  Real time             =    0,07 sec. (46,59 ticks)
Parallel b&c, 24 threads:
  Real time             =    0,00 sec. (0,00 ticks)
  Sync time (average)   =    0,00 sec.
  Wait time (average)   =    0,00 sec.
                          ------------
Total (root+branch&cut) =    0,07 sec. (46,59 ticks)

<<< solve


OBJECTIVE: 270

<<< post process


<<< done

