
<<< setup


<<< generate

Tried aggregator 2 times.
MIP Presolve eliminated 240338 rows and 121793 columns.
MIP Presolve modified 1122 coefficients.
Aggregator did 560 substitutions.
Reduced MIP has 1234 rows, 2352 columns, and 4592 nonzeros.
Reduced MIP has 1148 binaries, 84 generals, 0 SOSs, and 0 indicators.
Presolve time = 0,10 sec. (138,05 ticks)
Found incumbent of value 0,000000 after 0,11 sec. (147,71 ticks)
Probing time = 0,00 sec. (0,70 ticks)
Tried aggregator 1 time.
Presolve time = 0,00 sec. (4,84 ticks)
Probing time = 0,00 sec. (0,70 ticks)
Clique table members: 98.
MIP emphasis: balance optimality and feasibility.
MIP search method: dynamic search.
Parallel mode: deterministic, using up to 24 threads.
Root relaxation solution time = 0,01 sec. (4,74 ticks)

        Nodes                                         Cuts/
   Node  Left     Objective  IInf  Best Integer    Best Bound    ItCnt     Gap

*     0+    0                            0,0000      699,2480      269     --- 
*     0+    0                          163,0000      699,2480      269  328,99%
      0     0        cutoff            163,0000      163,0000      269    0,00%

Root node processing (before b&c):
  Real time             =    0,03 sec. (11,58 ticks)
Parallel b&c, 24 threads:
  Real time             =    0,00 sec. (0,00 ticks)
  Sync time (average)   =    0,00 sec.
  Wait time (average)   =    0,00 sec.
                          ------------
Total (root+branch&cut) =    0,03 sec. (11,58 ticks)

<<< solve


OBJECTIVE: 163
avg_utility = 1

<<< post process


<<< done

