1/36; gain =  0.012115
gain =  0.0054088
gain =  0.0017546
gain =    6.8191e-04
gain =    2.3957e-04
gain =   -2.1454e-04
2/36; gain =  0.0057697
gain =  0.0044476
gain =  0.0030206
gain =  0.0020527
gain =  0.0010008
gain =   -9.7636e-04
3/36; gain =  0.0070360
gain =  0.0034630
gain =  0.0024975
gain =  0.0016257
gain =    2.2360e-04
gain =    9.5305e-05
gain = -0.0030735
4/36; gain =  0.0067098
gain =  0.0049389
gain =  0.0020077
gain =    5.5903e-04
gain =    1.0905e-04
gain =   -3.2958e-04
5/36; gain =  0.0075570
gain =  0.0040112
gain =  0.0033689
gain =  0.0023241
gain =    4.1208e-04
gain =   -3.0368e-04
6/36; gain =  0.0049614
gain =  0.0036215
gain =  0.0027939
gain =  0.0024315
gain =   -1.2391e-04
7/36; gain =  0.0051418
gain =  0.0042488
gain =  0.0029601
gain =  0.0015446
gain =    1.8772e-04
gain =   -1.0904e-04
8/36; gain =  0.0067107
gain =  0.0033944
gain =  0.0027530
gain =  0.0017741
gain =   -1.0707e-04
9/36; gain =  0.0060263
gain =  0.0037328
gain =  0.0021169
gain =  0.0018159
gain =  0.0012960
gain =    7.6002e-05
gain = -0.0011813
10/36; gain =  0.0042570
gain =  0.0033861
gain =  0.0027003
gain =  0.0017320
gain =    3.8991e-04
gain =   -2.9986e-05
11/36; gain =  0.0047337
gain =  0.0030479
gain =  0.0026213
gain =  0.0011696
gain =    4.2517e-04
gain =   -3.3835e-04
12/36; gain =  0.0063899
gain =  0.0046190
gain =  0.0033148
gain =    4.8654e-04
gain =    2.1638e-05
gain =   -4.7782e-04
13/36; gain =  0.0049921
gain =  0.0028631
gain =  0.0021896
gain =  0.0018482
gain =   -1.5117e-04
14/36; gain =  0.0047561
gain =  0.0034004
gain =    6.6535e-04
gain =   -4.0389e-04
15/36; gain =  0.0048884
gain =  0.0028702
gain =  0.0019246
gain =    7.9228e-04
gain =    5.2067e-04
gain =   -1.0350e-05
16/36; gain =  0.0039296
gain =  0.0030210
gain =    8.8237e-04
gain =    3.7136e-04
gain =    2.4584e-04
gain =   -8.6339e-05
17/36; gain =  0.0065974
gain =  0.0033384
gain =  0.0019045
gain =    9.1285e-04
gain =    8.1923e-04
gain =    2.3112e-04
gain =   -3.4986e-04
18/36; gain =  0.0054930
gain =  0.0045324
gain =  0.0020364
gain =  0.0015503
gain =   -1.1776e-04
19/36; gain =  0.0060499
gain =  0.0048379
gain =  0.0017939
gain =  0.0012752
gain =    6.1674e-04
gain =   -1.4210e-04
20/36; gain =  0.0046264
gain =  0.0022503
gain =  0.0019723
gain =  0.0011217
gain =   -1.0614e-04
21/36; gain =  0.0058479
gain =  0.0029191
gain =    9.0124e-04
gain =   -3.3377e-04
22/36; gain =  0.0063881
gain =  0.0035209
gain =  0.0026696
gain =  0.0015237
gain =    9.3760e-04
gain =   -2.4077e-04
23/36; gain =  0.0043932
gain =  0.0029001
gain =  0.0023668
gain =  0.0016892
gain =    4.9112e-05
gain = -0.0011369
24/36; gain =  0.0070183
gain =  0.0020606
gain =    6.7845e-04
gain =    4.6746e-04
gain =    1.3613e-04
gain = -0.0010085
25/36; gain =  0.0062328
gain =  0.0041855
gain =  0.0019349
gain =  0.0017131
gain =   -2.7898e-04
26/36; gain =  0.0042465
gain =  0.0020715
gain =  0.0016667
gain =    8.5659e-04
gain =    2.0356e-04
gain =    1.0865e-04
gain =   -1.9443e-04
27/36; gain =  0.0051772
gain =  0.0022440
gain =  0.0019939
gain =  0.0010309
gain =    4.8451e-04
gain =   -1.0631e-04
28/36; gain =  0.0073904
gain =  0.0034738
gain =  0.0021194
gain =  0.0012967
gain =    9.6172e-04
gain = -0.0012944
29/36; gain =  0.0040321
gain =  0.0027723
gain =  0.0024678
gain =    9.3008e-04
gain =    5.6795e-04
gain =   -1.2025e-04
30/36; gain =  0.0045237
gain =  0.0037342
gain =  0.0014119
gain =  0.0012116
gain =    4.9411e-04
gain =   -5.0212e-04
31/36; gain =  0.0036985
gain =  0.0033146
gain =  0.0023281
gain =  0.0018059
gain =   -6.5885e-05
32/36; gain =  0.0062015
gain =  0.0035392
gain =  0.0028935
gain =  0.0021667
gain =    8.4109e-04
gain =   -3.8360e-04
33/36; gain =  0.0070056
gain =  0.0033824
gain =  0.0017597
gain =    8.0578e-04
gain =    3.3718e-04
gain =   -3.7652e-04
34/36; gain =  0.0063071
gain =  0.0035482
gain =  0.0018204
gain =  0.0012947
gain =    6.4794e-04
gain =   -7.3379e-04
35/36; gain =  0.0038469
gain =  0.0023861
gain =  0.0020899
gain =  0.0013459
gain =   -7.7491e-05
36/36; gain =  0.0089940
gain =  0.0042960
gain =  0.0038817
gain =    6.0913e-04
gain =    2.0370e-04
gain =   -2.5493e-04
data/rawdata/prova/N_10-ctlg_1e+05-ctlg_eps_0-ctlg_perm_1-alpha0_1-alpha_eps_0-lambda_10000-req_prop_0.64_0.04_0.04_0.04_0.04_0.04_0.04_0.04_0.04_0.04-R_perm_1-T_1e+02-K_1e+02-dspsa_enhanced-tot_time_1-seed_1.mdat written

success
