1/108; ans =

  -1   1  -1   1  -1  -1   1   1   1  -1

2/108; ans =

 Columns 1 through 8:

  -1.00000  -1.00000  -1.00000  -1.00000   1.00000  -1.00000   1.00000   1.00000

 Columns 9 and 10:

   1.00000   1.00000

3/108; ans =

  -1   1  -1   1   1  -1   1  -1  -1   1

4/108; ans =

  -1  -1  -1  -1  -1   1   1   1   1   1

5/108; ans =

  -1  -1  -1   1  -1   1   1   1  -1   1

6/108; ans =

  -1  -1   1   1   1  -1   1  -1   1  -1

7/108; ans =

 Columns 1 through 8:

  -1.00000  -1.00000  -1.00000  -1.00000   1.00000   1.00000   1.00000   1.00000

 Columns 9 and 10:

  -1.00000   1.00000

8/108; ans =

  -1  -1   1   1  -1  -1  -1   1   1   1

9/108; ans =

  -1  -1  -1   1  -1   1   1   1  -1   1

10/108; ans =

  -1  -1   1   1  -1  -1   1   1   1  -1

11/108; ans =

  -1   1   1  -1  -1   1  -1  -1   1   1

12/108; ans =

  -1  -1  -1   1  -1   1   1   1   1  -1

13/108; ans =

  -1   1   1  -1  -1   1   1   1  -1  -1

14/108; ans =

   1  -1   1  -1   1   1  -1  -1  -1   1

15/108; ans =

  -1   1  -1   1   1  -1  -1   1   1  -1

16/108; ans =

  -1  -1  -1  -1   1   1  -1   1   1   1

17/108; ans =

   1   1   1   1  -1   1  -1  -1  -1  -1

18/108; ans =

  -1   1  -1  -1   1  -1   1  -1   1   1

19/108; ans =

  -1  -1  -1   1  -1   1   1   1  -1   1

20/108; ans =

  -1  -1   1  -1   1  -1   1   1  -1   1

21/108; ans =

   1   1  -1   1   1   1  -1  -1  -1  -1

22/108; ans =

   1   1   1  -1   1  -1  -1  -1   1  -1

23/108; ans =

  -1   1   1   1  -1  -1   1   1  -1  -1

24/108; ans =

  -1  -1   1   1   1  -1   1  -1  -1   1

25/108; ans =

   1  -1   1  -1   1   1  -1  -1   1  -1

26/108; ans =

  -1  -1  -1   1   1   1   1  -1   1  -1

27/108; ans =

 Columns 1 through 8:

  -1.00000   1.00000  -1.00000   1.00000  -1.00000   1.00000   1.00000   1.00000

 Columns 9 and 10:

  -1.00000  -1.00000

28/108; ans =

  -1   1   1  -1   1  -1   1  -1  -1   1

29/108; ans =

  -1   1   1  -1  -1   1  -1  -1   1   1

30/108; ans =

  -1   1  -1  -1  -1   1   1  -1   1   1

31/108; ans =

  -1   1  -1   1   1  -1  -1   1   1  -1

32/108; ans =

   1   1   1   1  -1  -1  -1  -1  -1   1

33/108; ans =

  -1   1   1  -1   1  -1   1   1  -1  -1

34/108; ans =

  -1   1  -1   1  -1  -1   1   1  -1   1

35/108; ans =

   1   1  -1   1   1  -1  -1  -1  -1   1

36/108; ans =

  -1  -1   1  -1   1   1   1  -1  -1   1

37/108; ans =

  -1   1   1  -1  -1   1  -1  -1   1   1

38/108; ans =

  -1   1   1   1   1  -1  -1  -1  -1   1

39/108; ans =

   1   1   1   1   1  -1  -1  -1  -1  -1

40/108; ans =

  -1  -1  -1  -1   1   1   1   1   1  -1

41/108; ans =

  -1   1   1   1  -1   1   1  -1  -1  -1

42/108; ans =

  -1  -1  -1   1   1   1   1  -1   1  -1

43/108; ans =

   1   1   1  -1  -1   1  -1   1  -1  -1

44/108; ans =

  -1   1   1  -1  -1   1  -1  -1   1   1

45/108; ans =

  -1   1   1   1   1  -1  -1  -1  -1   1

46/108; ans =

   1  -1   1  -1   1   1  -1   1  -1  -1

47/108; ans =

  -1   1   1  -1   1  -1   1  -1   1  -1

48/108; ans =

  -1  -1  -1   1   1  -1  -1   1   1   1

49/108; ans =

  -1  -1  -1   1  -1   1   1   1  -1   1

50/108; ans =

  -1  -1   1   1   1  -1  -1  -1   1   1

51/108; ans =

  -1   1  -1   1   1  -1   1  -1   1  -1

52/108; ans =

  -1   1  -1  -1  -1   1   1   1  -1   1

53/108; ans =

   1  -1   1  -1   1   1  -1  -1   1  -1

54/108; ans =

  -1   1   1  -1  -1  -1   1   1  -1   1

55/108; ans =

  -1  -1  -1  -1  -1   1   1   1   1   1

56/108; ans =

  -1   1  -1  -1   1   1  -1   1  -1   1

57/108; ans =

  -1   1   1   1   1  -1   1  -1  -1  -1

58/108; ans =

  -1  -1   1   1  -1   1  -1   1  -1   1

59/108; ans =

  -1   1  -1   1   1   1  -1  -1   1  -1

60/108; ans =

  -1  -1   1  -1  -1   1   1   1   1  -1

61/108; ans =

  -1  -1  -1   1   1   1  -1   1  -1   1

62/108; ans =

  -1  -1  -1   1   1  -1   1   1  -1   1

63/108; ans =

 Columns 1 through 8:

  -1.00000   1.00000   1.00000  -1.00000   1.00000  -1.00000   1.00000   1.00000

 Columns 9 and 10:

  -1.00000  -1.00000

64/108; ans =

  -1   1   1   1  -1  -1  -1   1   1  -1

65/108; ans =

   1  -1   1  -1  -1   1  -1  -1   1   1

66/108; ans =

   1  -1   1   1  -1  -1   1   1  -1  -1

67/108; ans =

 Columns 1 through 8:

   1.00000   1.00000   1.00000  -1.00000   1.00000  -1.00000  -1.00000  -1.00000

 Columns 9 and 10:

   1.00000  -1.00000

68/108; ans =

  -1   1  -1   1  -1   1  -1   1  -1   1

69/108; ans =

  -1   1   1  -1  -1  -1   1  -1   1   1

70/108; ans =

  -1   1  -1  -1   1   1  -1  -1   1   1

71/108; ans =

  -1   1  -1   1  -1   1   1   1  -1  -1

72/108; ans =

 Columns 1 through 8:

  -1.00000  -1.00000   1.00000  -1.00000   1.00000   1.00000   1.00000  -1.00000

 Columns 9 and 10:

  -1.00000   1.00000

73/108; ans =

  -1   1  -1  -1   1  -1  -1   1   1   1

74/108; ans =

  -1   1   1   1  -1   1  -1   1  -1  -1

75/108; ans =

  -1  -1  -1   1   1   1  -1  -1   1   1

76/108; ans =

   1  -1  -1  -1   1   1   1  -1   1  -1

77/108; ans =

   1  -1   1  -1  -1  -1  -1   1   1   1

78/108; ans =

  -1  -1   1  -1  -1  -1   1   1   1   1

79/108; ans =

   1  -1  -1  -1   1   1  -1   1   1  -1

80/108; ans =

   1   1   1   1  -1  -1   1  -1  -1  -1

81/108; ans =

  -1   1  -1   1  -1  -1   1   1   1  -1

82/108; ans =

  -1   1  -1  -1  -1  -1   1   1   1   1

83/108; ans =

  -1  -1   1   1   1  -1   1  -1   1  -1

84/108; ans =

   1  -1   1  -1   1  -1  -1   1   1  -1

85/108; ans =

   1   1  -1  -1  -1   1   1  -1   1  -1

86/108; ans =

   1   1  -1   1   1   1  -1  -1  -1  -1

87/108; ans =

  -1  -1   1   1   1   1   1  -1  -1  -1

88/108; ans =

  -1  -1   1   1   1   1  -1  -1   1  -1

89/108; ans =

  -1  -1   1   1  -1  -1   1  -1   1   1

90/108; ans =

 Columns 1 through 8:

  -1.00000  -1.00000  -1.00000  -1.00000   1.00000   1.00000   1.00000   1.00000

 Columns 9 and 10:

  -1.00000   1.00000

91/108; ans =

 Columns 1 through 8:

  -1.00000   1.00000   1.00000  -1.00000   1.00000   1.00000  -1.00000  -1.00000

 Columns 9 and 10:

  -1.00000   1.00000

92/108; ans =

   1   1  -1  -1  -1   1   1  -1   1  -1

93/108; ans =

  -1   1  -1  -1  -1  -1   1   1   1   1

94/108; ans =

  -1  -1   1   1  -1  -1  -1   1   1   1

95/108; ans =

   1   1  -1   1  -1   1  -1  -1  -1   1

96/108; ans =

   1  -1   1   1   1  -1   1  -1  -1  -1

97/108; ans =

 Columns 1 through 8:

   1.00000   1.00000  -1.00000   1.00000  -1.00000  -1.00000  -1.00000  -1.00000

 Columns 9 and 10:

   1.00000   1.00000

98/108; ans =

   1   1  -1  -1  -1  -1   1   1   1  -1

99/108; ans =

   1  -1  -1   1  -1  -1  -1   1   1   1

100/108; ans =

 Columns 1 through 8:

  -1.00000  -1.00000  -1.00000   1.00000  -1.00000   1.00000   1.00000   1.00000

 Columns 9 and 10:

  -1.00000   1.00000

101/108; ans =

 Columns 1 through 8:

  -1.00000   1.00000   1.00000   1.00000   1.00000  -1.00000  -1.00000  -1.00000

 Columns 9 and 10:

   1.00000  -1.00000

102/108; ans =

   1  -1  -1  -1   1   1  -1   1   1  -1

103/108; ans =

  -1  -1  -1  -1   1   1   1   1  -1   1

104/108; ans =

  -1   1   1  -1  -1  -1   1  -1   1   1

105/108; ans =

   1   1   1  -1   1  -1  -1  -1   1  -1

106/108; ans =

  -1   1   1  -1  -1   1  -1   1  -1   1

107/108; ans =

  -1   1  -1   1  -1  -1   1   1  -1   1

108/108; ans =

  -1  -1  -1   1   1  -1   1   1  -1   1

data/rawdata/prova/N_10-ctlg_1e+05-ctlg_eps_0-ctlg_perm_1-alpha0_1-alpha_eps_0-lambda_1e+08-req_prop_0.64_0.04_0.04_0.04_0.04_0.04_0.04_0.04_0.04_0.04-R_perm_1-T_1e+02-K_1e+02-dspsa_orig-norm_1-coeff_no-tot_time_3-seed_1.mdat written

success
