1/360; mi =

   0.448484   0.455026
   0.028030   0.028437
   0.028443   0.028026
   0.028027   0.028440
   0.028443   0.028033
   0.028437   0.028025
   0.028438   0.028032
   0.028032   0.028436
   0.028431   0.028029
   0.028031   0.028441

mu =

   0.0031145   0.0031601

L =

   0.451599   0.458186
   0.031144   0.031597
   0.031558   0.031186
   0.031142   0.031600
   0.031557   0.031193
   0.031551   0.031185
   0.031553   0.031192
   0.031146   0.031596
   0.031546   0.031189

reduced_delta_vc =

  -6.5867e-03
  -4.5261e-04
  -3.7155e-04
  -4.5854e-04
  -3.6384e-04
  -3.6656e-04
  -3.6093e-04
  -4.4970e-04
  -3.5738e-04

delta_vc =

  -6.5867e-03
  -4.5261e-04
  -3.7155e-04
  -4.5854e-04
  -3.6384e-04
  -3.6656e-04
  -3.6093e-04
  -4.4970e-04
  -3.5738e-04
   9.7679e-03

error: here
error: called from:
error:   /home/andrea/software/araldo-phd-code/femtoCDN/dspsa.m at line 139, column 5
