1/108; ans =

 Columns 1 through 8:

  -1.00000   0.11060   0.11152   0.11202   0.11020   0.11014   0.11131   0.11056

 Columns 9 and 10:

   0.11212   0.11152

2/108; ans =

 Columns 1 through 8:

  -1.00000   0.11266   0.10993   0.11105   0.11189   0.11081   0.11151   0.11004

 Columns 9 and 10:

   0.11205   0.11006

3/108; ans =

 Columns 1 through 8:

  -1.00000   0.11013   0.11112   0.11133   0.11090   0.11062   0.11166   0.11118

 Columns 9 and 10:

   0.11206   0.11101

4/108; ans =

 Columns 1 through 8:

  -1.00000   0.11075   0.11079   0.11068   0.11088   0.11103   0.11234   0.11168

 Columns 9 and 10:

   0.11264   0.10921

5/108; ans =

 Columns 1 through 8:

  -1.00000   0.11100   0.11206   0.11089   0.11209   0.11022   0.11123   0.11223

 Columns 9 and 10:

   0.11117   0.10911

6/108; ans =

 Columns 1 through 8:

  -1.00000   0.11135   0.11293   0.11252   0.11138   0.10848   0.11094   0.11235

 Columns 9 and 10:

   0.11004   0.11001

7/108; ans =

 Columns 1 through 8:

  -1.00000   0.11108   0.11078   0.11171   0.11185   0.11087   0.11086   0.11080

 Columns 9 and 10:

   0.11120   0.11083

8/108; ans =

 Columns 1 through 8:

  -1.00000   0.11201   0.11185   0.11055   0.11048   0.11236   0.11074   0.10917

 Columns 9 and 10:

   0.11084   0.11199

9/108; ans =

 Columns 1 through 8:

  -1.00000   0.10969   0.11079   0.11070   0.11246   0.11182   0.11331   0.11187

 Columns 9 and 10:

   0.10940   0.10995

10/108; ans =

 Columns 1 through 8:

  -1.00000   0.11220   0.11111   0.11003   0.11154   0.11161   0.11041   0.11116

 Columns 9 and 10:

   0.11165   0.11028

11/108; ans =

 Columns 1 through 8:

  -1.00000   0.11143   0.11075   0.11085   0.11057   0.11088   0.11228   0.11061

 Columns 9 and 10:

   0.10933   0.11329

12/108; ans =

 Columns 1 through 8:

  -1.00000   0.11050   0.11023   0.10933   0.11032   0.11021   0.11231   0.11191

 Columns 9 and 10:

   0.11199   0.11321

13/108; ans =

 Columns 1 through 8:

  -1.00000   0.10960   0.11312   0.10878   0.11214   0.11080   0.11111   0.11144

 Columns 9 and 10:

   0.11148   0.11152

14/108; ans =

 Columns 1 through 8:

  -1.00000   0.11211   0.11000   0.11174   0.11236   0.11031   0.11231   0.10876

 Columns 9 and 10:

   0.10959   0.11282

15/108; ans =

 Columns 1 through 8:

  -1.00000   0.10960   0.11052   0.10937   0.11260   0.11344   0.11006   0.11069

 Columns 9 and 10:

   0.11173   0.11197

16/108; ans =

 Columns 1 through 8:

  -1.00000   0.10943   0.11221   0.10993   0.11015   0.11161   0.11182   0.11248

 Columns 9 and 10:

   0.10879   0.11357

17/108; ans =

 Columns 1 through 8:

  -1.00000   0.10947   0.10912   0.11342   0.11114   0.11193   0.11242   0.11016

 Columns 9 and 10:

   0.10941   0.11292

18/108; ans =

 Columns 1 through 8:

  -1.00000   0.11068   0.11469   0.11151   0.10708   0.11354   0.11309   0.10883

 Columns 9 and 10:

   0.10908   0.11151

19/108; ans =

 Columns 1 through 8:

  -1.00000   0.11243   0.11315   0.11189   0.11199   0.10884   0.11010   0.11070

 Columns 9 and 10:

   0.11039   0.11050

20/108; ans =

 Columns 1 through 8:

  -1.00000   0.11219   0.11080   0.11142   0.10981   0.10933   0.11122   0.10831

 Columns 9 and 10:

   0.11481   0.11211

21/108; ans =

 Columns 1 through 8:

  -1.00000   0.11164   0.11185   0.11580   0.11330   0.11365   0.10584   0.10709

 Columns 9 and 10:

   0.10617   0.11467

22/108; ans =

 Columns 1 through 8:

  -1.00000   0.11333   0.11056   0.10989   0.10758   0.11465   0.11081   0.11059

 Columns 9 and 10:

   0.10952   0.11306

23/108; ans =

 Columns 1 through 8:

  -1.00000   0.11098   0.10756   0.11112   0.11039   0.10868   0.11279   0.11148

 Columns 9 and 10:

   0.11124   0.11577

24/108; ans =

 Columns 1 through 8:

  -1.00000   0.11186   0.11037   0.10875   0.11353   0.11023   0.11211   0.11309

 Columns 9 and 10:

   0.11073   0.10932

25/108; ans =

 Columns 1 through 8:

  -1.00000   0.11282   0.10909   0.11011   0.11651   0.10931   0.10925   0.11102

 Columns 9 and 10:

   0.10992   0.11197

26/108; ans =

 Columns 1 through 8:

  -1.00000   0.10870   0.11096   0.10815   0.11190   0.11162   0.11291   0.11442

 Columns 9 and 10:

   0.10424   0.11709

27/108; ans =

 Columns 1 through 8:

  -1.00000   0.10970   0.11008   0.11038   0.11378   0.11144   0.11353   0.11199

 Columns 9 and 10:

   0.11026   0.10882

28/108; ans =

 Columns 1 through 8:

  -1.00000   0.11220   0.11108   0.11242   0.11458   0.10469   0.11137   0.11415

 Columns 9 and 10:

   0.10951   0.11000

29/108; ans =

 Columns 1 through 8:

  -1.00000   0.11265   0.10890   0.11334   0.11272   0.10878   0.10847   0.11380

 Columns 9 and 10:

   0.10846   0.11286

30/108; ans =

 Columns 1 through 8:

  -1.00000   0.10823   0.11003   0.11028   0.10817   0.11286   0.11879   0.11229

 Columns 9 and 10:

   0.10891   0.11045

31/108; ans =

 Columns 1 through 8:

  -1.00000   0.11214   0.11725   0.10920   0.10558   0.10761   0.11463   0.11067

 Columns 9 and 10:

   0.10881   0.11411

32/108; ans =

 Columns 1 through 7:

  -1.000000   0.111320   0.113292   0.114179   0.112693   0.119166   0.109625

 Columns 8 through 10:

   0.113438   0.099842   0.106446

33/108; ans =

 Columns 1 through 8:

  -1.00000   0.11178   0.11160   0.10854   0.10780   0.10825   0.10968   0.10971

 Columns 9 and 10:

   0.11833   0.11430

34/108; ans =

 Columns 1 through 8:

  -1.00000   0.11263   0.11330   0.11709   0.10573   0.10822   0.11063   0.11286

 Columns 9 and 10:

   0.10896   0.11057

35/108; ans =

 Columns 1 through 8:

  -1.00000   0.11233   0.10413   0.11092   0.10580   0.11103   0.11643   0.11481

 Columns 9 and 10:

   0.11545   0.10911

36/108; ans =

 Columns 1 through 8:

  -1.00000   0.11177   0.11193   0.11455   0.11028   0.10786   0.11452   0.11392

 Columns 9 and 10:

   0.10773   0.10745

37/108; ans =

 Columns 1 through 8:

  -1.00000   0.11758   0.10927   0.11122   0.10957   0.11121   0.11678   0.10487

 Columns 9 and 10:

   0.10974   0.10977

38/108; ans =

 Columns 1 through 8:

  -1.00000   0.11121   0.11059   0.11886   0.11237   0.10407   0.10906   0.10712

 Columns 9 and 10:

   0.11079   0.11594

39/108; ans =

 Columns 1 through 8:

  -1.00000   0.10671   0.11139   0.11976   0.10352   0.11541   0.10712   0.11453

 Columns 9 and 10:

   0.11258   0.10898

40/108; ans =

 Columns 1 through 8:

  -1.00000   0.11067   0.10717   0.11558   0.11238   0.10787   0.11280   0.11011

 Columns 9 and 10:

   0.11839   0.10504

41/108; ans =

 Columns 1 through 8:

  -1.00000   0.10254   0.11012   0.11956   0.11413   0.11181   0.10347   0.11091

 Columns 9 and 10:

   0.12328   0.10419

42/108; ans =

 Columns 1 through 7:

  -1.000000   0.095050   0.106482   0.093962   0.119627   0.118718   0.124775

 Columns 8 through 10:

   0.108158   0.116825   0.116402

43/108; ans =

 Columns 1 through 7:

  -1.000000   0.113866   0.093969   0.112693   0.123542   0.104623   0.129786

 Columns 8 through 10:

   0.107115   0.110213   0.104193

44/108; ans =

 Columns 1 through 7:

  -1.000000   0.113578   0.108965   0.107615   0.115089   0.096639   0.112153

 Columns 8 through 10:

   0.113046   0.115278   0.117636

45/108; ans =

 Columns 1 through 7:

  -1.000000   0.101977   0.110364   0.126466   0.121228   0.101430   0.105942

 Columns 8 through 10:

   0.120330   0.095464   0.116799

46/108; ans =

 Columns 1 through 7:

  -1.000000   0.131161   0.104580   0.112183   0.117375   0.096607   0.118710

 Columns 8 through 10:

   0.110227   0.105250   0.103907

47/108; ans =

 Columns 1 through 7:

  -1.000000   0.113402   0.116036   0.105628   0.110170   0.121677   0.096540

 Columns 8 through 10:

   0.142641   0.091824   0.102083

48/108; ans =

 Columns 1 through 7:

  -1.000000   0.120094   0.114265   0.119796   0.108852   0.113114   0.113212

 Columns 8 through 10:

   0.103751   0.119222   0.087694

49/108; ans =

 Columns 1 through 7:

  -1.000000   0.112144   0.097556   0.101405   0.105908   0.121988   0.103085

 Columns 8 through 10:

   0.128844   0.118749   0.110321

50/108; ans =

 Columns 1 through 7:

  -1.000000   0.100881   0.128798   0.106223   0.111411   0.113225   0.112835

 Columns 8 through 10:

   0.110692   0.090393   0.125542

51/108; ans =

 Columns 1 through 7:

  -1.000000   0.157071   0.059527   0.031777   0.133110   0.183334   0.145210

 Columns 8 through 10:

   0.053374   0.109314   0.127282

52/108; ans =

 Columns 1 through 7:

  -1.000000   0.278144   0.218905   0.182626  -0.062169   0.115504   0.033300

 Columns 8 through 10:

   0.063467   0.141185   0.029036

53/108; ans =

 Columns 1 through 6:

  -1.0000e+00   1.6156e-01   4.3085e-01   5.0789e-01   5.0421e-02  -6.8033e-03

 Columns 7 through 10:

  -1.5695e-04  -2.1401e-01   1.4811e-01  -7.7857e-02

54/108; ans =

 Columns 1 through 6:

  -1.0000000   0.1184308   0.1084573   0.2529232   0.1853395   0.0068339

 Columns 7 through 10:

   0.0109834   0.1428992   0.1206534   0.0534792

55/108; ans =

 Columns 1 through 7:

   0.136363   0.127640   0.101571  -1.000000   0.104637   0.113077   0.097599

 Columns 8 through 10:

   0.110588   0.104056   0.104470

56/108; ans =

 Columns 1 through 7:

  -0.757070   0.063981   0.960967   0.206318  -0.587044  -0.219196  -0.351040

 Columns 8 through 10:

  -0.115028   1.000000  -0.201888

57/108; ans =

 Columns 1 through 8:

   0.21519   0.14062  -0.99916   0.16510   0.86552   0.14566   0.16816   0.14166

 Columns 9 and 10:

  -1.00000   0.15725

58/108; ans =

 Columns 1 through 7:

   0.171744  -1.000000   0.110683   0.094097   0.092171   0.117031   0.096642

 Columns 8 through 10:

   0.108065   0.108987   0.100579

59/108; ans =

 Columns 1 through 7:

   0.100821   0.093381  -1.000000   0.125706   0.131755   0.117996   0.108435

 Columns 8 through 10:

   0.122073   0.096300   0.103532

60/108; ans =

 Columns 1 through 7:

  -1.000000   0.120108   0.382902  -0.047796   0.448349  -0.058490  -0.113981

 Columns 8 through 10:

   0.120129   0.227325  -0.078545

61/108; ans =

 Columns 1 through 8:

   0.31553   0.23405   0.23443   0.24357  -0.96127   0.21829   0.23005   0.25456

 Columns 9 and 10:

  -1.00000   0.23079

62/108; ans =

 Columns 1 through 7:

   1.000000  -0.040066  -0.323417   0.148375  -0.105649  -0.268177  -0.010575

 Columns 8 through 10:

  -0.090111   0.059077  -0.369457

63/108; ans =

 Columns 1 through 8:

  -1.00000  -0.57962   0.30131  -0.16516   0.54816   0.21823  -0.33976   0.81132

 Columns 9 and 10:

  -0.17634   0.38185

64/108; ans =

 Columns 1 through 7:

   0.037623   0.579630  -0.029651  -0.030086  -0.033494  -0.030055  -0.019933

 Columns 8 through 10:

  -1.000000   0.544293  -0.018328

65/108; ans =

 Columns 1 through 7:

   1.000000   0.057660   0.082735   0.312984   0.549491   0.043332  -0.435918

 Columns 8 through 10:

  -0.538238  -0.278914  -0.793131

66/108; ans =

 Columns 1 through 7:

   0.102282   0.075102   0.077224  -1.000000  -0.985467   0.080307   0.735458

 Columns 8 through 10:

   0.096478   0.078803   0.739812

67/108; ans =

 Columns 1 through 7:

   0.340235  -0.186427  -0.504930  -0.291712   0.543514  -0.201129  -0.555172

 Columns 8 through 10:

  -0.240975   1.000000   0.096595

68/108; ans =

 Columns 1 through 7:

  -0.106622  -0.079152  -0.069656   0.492987  -0.064611  -0.085496   0.482530

 Columns 8 through 10:

   0.491332  -1.000000  -0.061312

69/108; ans =

 Columns 1 through 7:

  -1.000000   0.312471  -0.118937   0.134486  -0.072667   0.177416  -0.053868

 Columns 8 through 10:

   0.344293   0.076847   0.199959

70/108; ans =

 Columns 1 through 7:

  -1.000000   0.157116   0.252550   0.155012   0.637311  -0.133809  -0.378340

 Columns 8 through 10:

   0.102860   0.145562   0.061738

71/108; ans =

 Columns 1 through 7:

   0.085011   0.034682   0.028908   0.045273  -1.000000   0.027056   0.649623

 Columns 8 through 10:

   0.040558   0.042656   0.046232

72/108; ans =

 Columns 1 through 7:

   1.000000  -0.670591  -0.027374   0.191543   0.280454  -0.338386  -0.058321

 Columns 8 through 10:

  -0.120989  -0.051549  -0.204788

73/108; ans =

 Columns 1 through 7:

  -1.000000  -0.127883   0.073157   0.315811  -0.321104   0.027947   0.327118

 Columns 8 through 10:

   0.247235   0.362980   0.094739

74/108; ans =

 Columns 1 through 8:

   0.26732   0.23272   0.25377  -0.98113   0.25188   0.23680   0.27134  -1.00000

 Columns 9 and 10:

   0.24041   0.22690

75/108; ans =

 Columns 1 through 8:

   0.32378   0.24859   0.22479   0.24822   0.23730   0.24700  -1.00000   0.23439

 Columns 9 and 10:

  -0.97792   0.21385

76/108; ans =

 Columns 1 through 7:

   0.187762   0.097257   0.114737   0.090451   0.109750   0.115332   0.084235

 Columns 8 through 10:

   0.100998   0.099478  -1.000000

77/108; ans =

 Columns 1 through 7:

   0.184228   0.094931   0.113733   0.083592  -1.000000   0.097665   0.118944

 Columns 8 through 10:

   0.108615   0.105484   0.092809

78/108; ans =

 Columns 1 through 7:

   0.135255   0.112462  -1.000000   0.115770   0.082193   0.124958   0.110390

 Columns 8 through 10:

   0.114879   0.103079   0.101014

79/108; ans =

 Columns 1 through 7:

   0.102933   0.101232   0.107373   0.105131   0.131352  -1.000000   0.098347

 Columns 8 through 10:

   0.126573   0.119315   0.107744

80/108; ans =

 Columns 1 through 8:

   0.70524  -1.00000   0.55033   0.39673   0.31220  -0.34079   0.25210  -0.20290

 Columns 9 and 10:

  -0.34944  -0.32347

81/108; ans =

 Columns 1 through 6:

  -0.0678422   0.5471065  -0.0267820  -1.0000000  -0.0048344   0.5748859

 Columns 7 through 10:

  -0.0170726  -0.0078908   0.0123731  -0.0099435

82/108; ans =

 Columns 1 through 8:

   1.00000  -0.33528   0.43448   0.21329  -0.33768  -0.87249   0.45069   0.34945

 Columns 9 and 10:

  -0.56472  -0.33773

83/108; ans =

 Columns 1 through 7:

  -0.058870   0.026825  -1.000000   0.038589   0.032238   0.647629  -0.983804

 Columns 8 through 10:

   0.024715   0.625928   0.646750

84/108; ans =

 Columns 1 through 7:

  -1.000000  -0.231094   0.207386   0.615193   0.175368  -0.021379   0.260809

 Columns 8 through 10:

   0.104327  -0.066448  -0.044163

85/108; ans =

 Columns 1 through 7:

   0.060134   0.681056   0.028347  -1.000000   0.043747   0.042736   0.053647

 Columns 8 through 10:

   0.030201   0.033748   0.026386

86/108; ans =

 Columns 1 through 7:

   0.082110   0.107224   0.109806   0.127164   0.122317   0.105951   0.114784

 Columns 8 through 10:

  -1.000000   0.118998   0.111644

87/108; ans =

 Columns 1 through 7:

  -0.163242   0.719830   0.201873  -0.434899  -0.327593   0.010037  -1.000000

 Columns 8 through 10:

  -0.051981   0.846772   0.199202

88/108; ans =

 Columns 1 through 6:

   0.0612094  -1.0000000   0.0034659   0.6316352   0.0124295  -0.0087094

 Columns 7 through 10:

   0.6238614   0.6232318  -0.9775365   0.0304127

89/108; ans =

 Columns 1 through 7:

   1.000000  -0.130845  -0.615542   0.229231   0.013473  -0.724838  -0.129815

 Columns 8 through 10:

   0.118695   0.411741  -0.172101

90/108; ans =

 Columns 1 through 7:

  -0.165165  -0.081847  -0.084955  -0.123747  -0.102542   1.000000  -0.110040

 Columns 8 through 10:

  -0.113418  -0.113351  -0.104937

91/108; ans =

 Columns 1 through 7:

  -1.000000   0.099908   0.051034   0.174714   0.225581   0.022941   0.270638

 Columns 8 through 10:

   0.050743   0.043922   0.060519

92/108; ans =

 Columns 1 through 6:

  -1.0000000   0.5398266  -0.2537597  -0.2087381   0.5171215   0.1366469

 Columns 7 through 10:

  -0.0281437   0.0342334   0.0081313   0.2546819

93/108; ans =

 Columns 1 through 7:

  -0.107203  -0.085350   1.000000  -0.093799  -0.117207  -0.099275  -0.143928

 Columns 8 through 10:

  -0.096650  -0.099928  -0.156661

94/108; ans =

 Columns 1 through 7:

   1.000000  -0.043881  -0.103617   0.147570  -0.308219  -0.463112  -0.021560

 Columns 8 through 10:

  -0.177997  -0.202789   0.173605

95/108; ans =

 Columns 1 through 7:

   0.395631  -0.652335  -0.173097   0.199715  -0.399229   0.827491  -0.075321

 Columns 8 through 10:

  -0.421854  -0.701001   1.000000

96/108; ans =

 Columns 1 through 6:

   0.0167571  -0.0153941   0.0015298  -0.0297292  -0.0179411  -0.0095743

 Columns 7 through 10:

  -0.0332362   0.5453288   0.5422592  -1.0000000

97/108; ans =

 Columns 1 through 7:

  -1.000000   0.408302   0.085102   0.924061   0.362389   0.049755  -0.300346

 Columns 8 through 10:

   0.030743   0.013644  -0.573650

98/108; ans =

 Columns 1 through 7:

   0.030821   0.039274   0.039970  -1.000000   0.065450   0.031485   0.666606

 Columns 8 through 10:

   0.053812   0.023982   0.048599

99/108; ans =

 Columns 1 through 7:

   0.140142   0.093428   0.115204   0.110503   0.104503  -1.000000   0.084964

 Columns 8 through 10:

   0.106154   0.125834   0.119268

100/108; ans =

 Columns 1 through 7:

  -0.600144  -0.429780  -0.407343   0.898219  -0.404754  -0.024962   0.197198

 Columns 8 through 10:

   1.000000   0.496031  -0.724464

101/108; ans =

 Columns 1 through 7:

   0.140099   0.107228   0.070331  -0.993717   0.086150   0.717195   0.088296

 Columns 8 through 10:

  -1.000000   0.075884   0.708534

102/108; ans =

 Columns 1 through 7:

   1.000000   0.047134   0.095711   0.071855  -0.111087  -0.101064  -0.272674

 Columns 8 through 10:

  -0.219659  -0.119114  -0.391102

103/108; ans =

 Columns 1 through 7:

  -0.961928  -0.750832   1.000000  -0.245970   0.365808   0.866460   0.161155

 Columns 8 through 10:

  -0.428358  -0.019278   0.012943

104/108; ans =

 Columns 1 through 8:

   0.17971   0.86996  -0.97117   0.14928   0.15149  -1.00000   0.14528   0.15784

 Columns 9 and 10:

   0.14593   0.17167

105/108; ans =

 Columns 1 through 7:

   1.000000   0.099724   0.211564  -0.094166  -0.201318  -0.066309  -0.445609

 Columns 8 through 10:

   0.240978  -0.607258  -0.137606

106/108; ans =

 Columns 1 through 6:

  -1.0000000  -0.0454554  -0.0567892   0.3977776   0.0091685   0.3449949

 Columns 7 through 10:

   0.1440768   0.1661489  -0.0919478   0.1320257

107/108; ans =

 Columns 1 through 8:

   1.00000  -0.32133  -0.24264  -0.30602  -0.53388  -0.16795  -0.32939   0.11926

 Columns 9 and 10:

   0.46454   0.31741

108/108; ans =

 Columns 1 through 7:

  -0.163120  -0.112495  -0.113827  -0.085572   1.000000  -0.110485  -0.116824

 Columns 8 through 10:

  -0.103095  -0.102955  -0.091628

data/rawdata/prova/N_10-ctlg_1e+05-ctlg_eps_0-ctlg_perm_1-alpha0_1-alpha_eps_0-lambda_1e+08-req_prop_0.64_0.04_0.04_0.04_0.04_0.04_0.04_0.04_0.04_0.04-R_perm_1-T_1e+02-K_1e+02-dspsa_sum-norm_1-coeff_no-tot_time_3-seed_1.mdat written

success
