1/30; 2/30; 3/30; 4/30; 5/30; 6/30; 7/30; 8/30; 9/30; 10/30; 11/30; 12/30; 13/30; 14/30; 15/30; 16/30; 17/30; 18/30; 19/30; 20/30; 21/30; 22/30; 23/30; 24/30; 25/30; 26/30; 27/30; 28/30; 29/30; 30/30; data/rawdata/prova/p_10-ctlg_1e+06-ctlg_eps_0-ctlg_perm_1-alpha0_1-alpha_eps_0-lambda_1e+08-req_prop_0.28_0.28_0.28_0.04_0.02_0.02_0.02_0.02_0.02_0.02-R_perm_1-T_6e+01-K_1e+03-opencache-norm_no-coeff_adaptive-boost_1-tot_time_0.5-seed_1.mdat written
hist_theta =

 Columns 1 through 8:

    99.500   126.181   141.572   154.617   165.459   176.176   181.993   187.717
    99.500   125.484   140.925   155.463   167.409   178.376   186.294   192.825
    99.500   124.005   139.881   155.918   166.155   173.776   183.096   191.107
    99.500    91.579    88.034    83.313    81.292    78.910    77.093    75.790
    99.500    88.245    80.911    74.302    68.902    64.403    60.446    58.011
    99.500    87.893    80.905    74.147    69.284    64.981    61.187    57.513
    99.500    88.080    80.715    74.175    68.887    64.290    61.396    58.537
    99.500    88.219    80.808    74.510    69.691    65.649    61.873    58.434
    99.500    87.898    80.813    74.276    69.165    63.894    60.354    57.224
    99.500    87.416    80.436    74.280    68.758    64.546    61.269    57.842

 Columns 9 through 16:

   194.170   200.878   204.886   210.006   215.031   219.631   224.986   227.884
   198.602   203.835   209.618   213.557   217.345   220.828   223.667   228.207
   197.598   205.111   210.004   215.810   219.399   222.612   226.359   230.266
    73.749    71.910    71.062    69.957    69.555    68.925    67.675    66.654
    54.951    52.092    49.651    47.418    45.168    43.075    41.227    39.640
    54.425    51.803    49.645    47.442    45.438    43.960    42.296    40.363
    55.722    52.402    50.054    47.697    45.952    44.011    42.266    40.716
    55.781    52.825    50.092    47.571    45.775    44.159    42.587    41.024
    54.309    51.378    49.086    46.681    44.802    42.943    41.231    39.507
    55.694    52.766    50.903    48.862    46.535    44.856    42.706    40.739

 Columns 17 through 24:

   231.705   233.788   236.544   238.467   241.880   243.618   245.309   246.384
   231.629   234.260   236.669   238.839   241.019   242.573   244.141   247.192
   233.538   236.131   238.395   241.491   244.576   247.349   249.760   251.840
    66.357    65.665    64.797    64.366    63.218    62.829    62.451    61.344
    37.950    36.843    35.743    34.587    33.374    32.560    31.693    31.028
    38.696    37.562    36.693    35.575    34.046    32.797    31.885    31.185
    38.888    37.836    36.683    35.507    34.114    33.015    31.996    31.195
    38.957    37.838    36.819    35.994    34.891    33.820    32.928    32.326
    37.801    36.557    35.684    34.466    33.270    32.437    31.557    30.415
    39.479    38.522    36.973    35.709    34.613    34.001    33.281    32.090

 Columns 25 through 31:

   247.967   249.492   251.125   252.331   254.372   255.233   256.482
   249.543   250.332   251.782   254.226   256.361   257.389   258.650
   253.226   255.174   257.403   258.518   260.231   261.881   263.503
    60.142    59.348    58.470    57.921    57.046    56.306    56.166
    30.439    29.663    29.138    28.445    27.559    27.283    26.561
    30.735    30.003    29.201    28.635    27.844    27.466    26.843
    30.879    30.579    30.083    29.261    28.417    27.797    27.167
    31.321    30.560    29.926    29.207    28.507    28.076    27.130
    29.652    29.326    28.296    27.401    26.600    26.190    25.758
    31.096    30.524    29.575    29.056    28.062    27.377    26.740


success
