1/15; 2/15; 3/15; 4/15; 5/15; 6/15; 7/15; 8/15; 9/15; 10/15; 11/15; 12/15; 13/15; 14/15; 15/15; data/rawdata/prova/p_10-ctlg_1e+06-ctlg_eps_0-ctlg_perm_1-alpha0_1-alpha_eps_0-lambda_100-req_prop_0.28_0.28_0.28_0.04_0.02_0.02_0.02_0.02_0.02_0.02-R_perm_1-T_1e+02-K_1e+03-opencache-norm_no-coeff_adaptive-boost_1-tot_time_0.5-seed_1.mdat written
hist_theta =

 Columns 1 through 8:

    99.500    99.378    99.468    99.541    99.497    99.486    99.774    99.827
    99.500    99.807    99.817    99.934    99.726    99.775    99.368    99.348
    99.500    99.808    99.315    99.486    99.611    99.689    99.305    99.570
    99.500    99.247    99.335    99.228    99.218    99.120    99.186    99.083
    99.500    99.510    99.528    99.458    99.416    99.425    99.516    99.471
    99.500    99.497    99.578    99.652    99.608    99.624    99.732    99.777
    99.500    99.449    99.515    99.387    99.434    99.462    99.528    99.545
    99.500    99.426    99.491    99.409    99.419    99.358    99.371    99.413
    99.500    99.469    99.437    99.414    99.505    99.454    99.527    99.359
    99.500    99.411    99.516    99.493    99.565    99.608    99.692    99.606

 Columns 9 through 16:

    99.867    99.912    99.857    99.860   100.048   100.056   100.093    99.952
    99.248    99.384    99.523    99.473    99.589    99.631    99.585    99.508
    99.645    99.538    99.475    99.440    99.512    99.508    99.513    99.589
    99.060    98.988    99.011    99.020    98.985    99.008    98.968    98.960
    99.488    99.543    99.552    99.541    99.548    99.604    99.538    99.594
    99.847    99.784    99.787    99.778    99.671    99.590    99.604    99.624
    99.557    99.536    99.559    99.582    99.553    99.548    99.542    99.591
    99.383    99.410    99.375    99.394    99.344    99.376    99.377    99.405
    99.315    99.341    99.285    99.284    99.205    99.151    99.191    99.172
    99.589    99.564    99.577    99.626    99.544    99.527    99.590    99.605


success
