1/30; 2/30; 3/30; 4/30; 5/30; 6/30; 7/30; 8/30; 9/30; 10/30; 11/30; 12/30; 13/30; 14/30; 15/30; 16/30; 17/30; 18/30; 19/30; 20/30; 21/30; 22/30; 23/30; 24/30; 25/30; 26/30; 27/30; 28/30; 29/30; 30/30; data/rawdata/prova/p_10-ctlg_1e+06-ctlg_eps_0-ctlg_perm_1-alpha0_1-alpha_eps_0-lambda_1e+08-req_prop_0.28_0.28_0.28_0.04_0.02_0.02_0.02_0.02_0.02_0.02-R_perm_1-T_6e+01-K_1e+03-dspsa_orig-norm_no-coeff_adaptive-boost_1-tot_time_0.5-seed_1.mdat written
hist_theta =

 Columns 1 through 7:

    99.5000   116.3819    97.7979   114.7101   146.1924   145.3461   158.2248
    99.5000   116.3819   134.9660   118.0538   149.5361   150.3824   137.5037
    99.5000    82.6181   101.2021   118.1143   149.5967   150.4430   163.3218
    99.5000    82.6181   101.2021    84.2899   115.7722   116.6186   129.4973
    99.5000   116.3819   134.9660   151.8782   183.3605   184.2069   171.3281
    99.5000   116.3819   134.9660   118.0538    86.5714    85.7251    72.8463
    99.5000    82.6181    64.0340    80.9462    49.4639    50.3103    37.4315
    99.5000   116.3819    97.7979    80.8857    49.4033    48.5570    61.4357
    99.5000    82.6181    64.0340    80.9462    49.4639    48.6176    35.7388
    99.5000    82.6181    64.0340    47.1218    15.6395    14.7931    27.6719

 Columns 8 through 14:

   159.6544   161.3895   160.0299   171.2209   163.2041   158.2454   169.8521
   136.0741   134.3391   135.6986   146.8896   154.9065   159.8651   171.4718
   164.7514   166.4864   167.8460   156.6550   164.6718   169.6305   181.2371
   128.0677   126.3327   124.9731   113.7821   105.7653   100.8066   112.4133
   172.7577   174.4928   175.8524   164.6614   156.6446   151.6859   163.2926
    74.2759    72.5409    73.9005    62.7095    70.7263    75.6849    64.0783
    38.8612    40.5962    39.2366    50.4276    42.4108    37.4521    25.8455
    60.0061    61.7411    63.1007    51.9097    43.8929    48.8516    37.2449
    34.3092    32.5742    31.2146    42.4056    50.4224    45.4637    33.8570
    26.2423    24.5072    23.1476    34.3386    42.3554    47.3141    35.7074

 Columns 15 through 21:

   165.2501   173.8396   182.3005   179.4782   179.3483   187.3825   192.3761
   176.0738   184.6632   176.2023   179.0247   179.1545   187.1887   192.1823
   185.8391   194.4286   202.8895   205.7119   205.5820   213.6162   208.6227
   107.8113    99.2219    90.7609    93.5833    93.7131    85.6789    80.6853
   158.6906   167.2801   158.8192   161.6415   161.5117   153.4775   148.4840
    59.4763    50.8868    42.4259    39.6036    39.4737    47.5079    52.5015
    21.2435    12.6540    21.1149    23.9373    24.0671    16.0329    21.0265
    41.8469    33.2574    41.7183    38.8960    38.7661    30.7319    25.7384
    38.4590    29.8695    38.3304    35.5081    35.6379    27.6037    22.6102
    40.3094    48.8989    40.4379    37.6156    37.7454    45.7796    50.7732

 Columns 22 through 28:

   201.7454   207.3516   213.1927   214.3552   217.7122   214.3234   219.0341
   201.5515   195.9453   201.7864   200.6239   203.9810   207.3698   212.0805
   217.9919   223.5982   229.4392   228.2767   231.6338   228.2449   232.9556
    71.3160    65.7098    59.8688    61.0313    64.3883    60.9995    56.2888
   139.1147   133.5085   127.6674   128.8299   125.4728   122.0840   117.3733
    43.1322    48.7384    42.8973    41.7348    38.3778    41.7666    37.0559
    11.6572    17.2634    11.4223    12.5848     9.2278    12.6166     7.9059
    35.1077    29.5015    23.6604    24.8229    21.4658    24.8547    29.5654
    31.9794    37.5856    43.4267    42.2642    38.9072    42.2960    37.5853
    41.4039    35.7977    41.6388    40.4762    43.8333    40.4444    45.1551

 Columns 29 through 31:

   223.9699   225.5953   230.3935
   207.1447   208.7701   203.9719
   237.8914   239.5168   244.3150
    51.3530    52.9784    48.1802
   122.3091   123.9345   119.1364
    41.9918    40.3663    35.5682
    12.8418    11.2163    16.0145
    24.6296    23.0042    27.8023
    32.6495    31.0241    26.2259
    40.2193    38.5939    43.3921


success
