
<<< setup


<<< generate

Found incumbent of value 0,000000 after 0,03 sec. (11,30 ticks)
Tried aggregator 6 times.
MIP Presolve eliminated 113762 rows and 228094 columns.
MIP Presolve modified 15825 coefficients.
Aggregator did 54770 substitutions.
Reduced MIP has 33565 rows, 70897 columns, and 222886 nonzeros.
Reduced MIP has 9808 binaries, 0 generals, 0 SOSs, and 0 indicators.
Presolve time = 4,47 sec. (3359,69 ticks)
Probing time = 0,52 sec. (2,80 ticks)
Tried aggregator 1 time.
Reduced MIP has 33565 rows, 70897 columns, and 222886 nonzeros.
Reduced MIP has 9808 binaries, 0 generals, 0 SOSs, and 0 indicators.
Presolve time = 0,18 sec. (111,14 ticks)
Probing time = 0,22 sec. (2,83 ticks)
MIP emphasis: balance optimality and feasibility.
MIP search method: dynamic search.
Parallel mode: deterministic, using up to 24 threads.
Root relaxation solution time = 1,43 sec. (948,67 ticks)

        Nodes                                         Cuts/
   Node  Left     Objective  IInf  Best Integer    Best Bound    ItCnt     Gap

*     0+    0                            0,0000    12071,0000              --- 
*     0+    0                         2000,5750    12071,0000           503,38%
      0     0     3805,0000   985     2000,5750     3805,0000     2716   90,20%
*     0+    0                         2827,0843     3805,0000            34,59%
      0     0     3598,6886   602     2827,0843    Cuts: 2972    30826   27,29%
      0     0     3544,9436   587     2827,0843    Cuts: 1832    46099   25,39%
      0     0     3403,1830   523     2827,0843    Cuts: 1830    60029   20,38%
*     0+    0                         3106,4586     3403,1830             9,55%
*     0+    0                         3112,7871     3403,1830             9,33%
*     0+    0                         3113,1200     3403,1830             9,32%
*     0+    0                         3113,4586     3403,1830             9,31%
      0     0     3352,3547   600     3113,4586    Cuts: 1440    67863    7,67%
      0     0     3260,9364   502     3113,4586    Cuts: 1889    77180    4,74%
      0     0     3228,5194   561     3113,4586    Cuts: 1292    91957    3,70%
*     0+    0                         3133,5114     3228,5194             3,03%
*     0+    0                         3136,6614     3228,5194             2,93%
*     0+    0                         3137,1414     3228,5194             2,91%
*     0+    0                         3137,2414     3228,5194             2,91%
*     0+    0                         3139,2521     3228,5194             2,84%
      0     0     3189,6591   166     3139,2521    Cuts: 1598   104637    1,61%
      0     0     3185,4260   168     3139,2521     Cuts: 531   112697    1,47%
      0     0     3180,7668    90     3139,2521     Cuts: 580   120255    1,32%
*     0+    0                         3155,8379     3180,7668             0,79%

Implied bound cuts applied:  338
Flow cuts applied:  10429
Mixed integer rounding cuts applied:  1934
Flow path cuts applied:  68
Gomory fractional cuts applied:  185

Root node processing (before b&c):
  Real time             =  112,46 sec. (100021,91 ticks)
Parallel b&c, 24 threads:
  Real time             =    0,00 sec. (0,00 ticks)
  Sync time (average)   =    0,00 sec.
  Wait time (average)   =    0,00 sec.
                          ------------
Total (root+branch&cut) =  112,46 sec. (100021,91 ticks)

<<< solve


OBJECTIVE: 3155.838
avg_utility = 0.829392

<<< post process


<<< done

