
<<< setup


<<< generate

Found incumbent of value 0,000000 after 0,02 sec. (23,39 ticks)
Aggregator has done 103267 substitutions...
Tried aggregator 11 times.
MIP Presolve eliminated 110739 rows and 470917 columns.
MIP Presolve modified 37836 coefficients.
Aggregator did 131536 substitutions.
Reduced MIP has 75069 rows, 164348 columns, and 494532 nonzeros.
Reduced MIP has 17960 binaries, 0 generals, 0 SOSs, and 0 indicators.
Presolve time = 24,06 sec. (16430,02 ticks)
Probing time = 0,65 sec. (106,39 ticks)
Tried aggregator 1 time.
Reduced MIP has 75069 rows, 164348 columns, and 494532 nonzeros.
Reduced MIP has 17960 binaries, 0 generals, 0 SOSs, and 0 indicators.
Presolve time = 0,44 sec. (266,76 ticks)
Probing time = 0,42 sec. (100,53 ticks)
Clique table members: 566.
MIP emphasis: balance optimality and feasibility.
MIP search method: dynamic search.
Parallel mode: deterministic, using up to 8 threads.
Root relaxation solution time = 9,20 sec. (4653,67 ticks)

        Nodes                                         Cuts/
   Node  Left     Objective  IInf  Best Integer    Best Bound    ItCnt     Gap

*     0+    0                            0,0000    41822,0000              --- 
*     0+    0                         5342,9167    41822,0000           682,76%
      0     0    11650,9849  1853     5342,9167    11650,9849    30306  118,06%
      0     0    11136,4417  1742     5342,9167    Cuts: 5414    48765  108,43%
      0     0    10226,9834  1663     5342,9167    Cuts: 4966    90063   91,41%
      0     0     9592,4288  1269     5342,9167    Cuts: 4557   110895   79,54%
*     0+    0                         6373,8190     9592,4288            50,50%
*     0+    0                         6457,0605     9592,4288            48,56%
*     0+    0                         6610,2524     9592,4288            45,11%
*     0+    0                         6678,4429     9592,4288            43,63%
*     0+    0                         6690,5643     9592,4288            43,37%
*     0+    0                         6691,5929     9592,4288            43,35%
      0     0     8923,3253  1573     6691,5929    Cuts: 3329   127721   33,35%
      0     0     8168,9532   946     6691,5929    Cuts: 4151   141048   22,08%
*     0+    0                         6834,1333     8168,9532            19,53%
      0     0     7846,1809   997     6834,1333    Cuts: 3171   146364   14,81%
      0     0     7559,7098   739     6834,1333    Cuts: 3326   152481   10,62%
      0     0     7407,5033   686     6834,1333    Cuts: 2668   158218    8,39%
      0     0     7241,3090   159     6834,1333    Cuts: 2240   163099    5,96%
      0     0     7200,4113   312     6834,1333     Cuts: 717   167544    5,36%
      0     0     7188,9601   286     6834,1333    Cuts: 1365   174237    5,19%
      0     0     7164,3780   130     6834,1333    Cuts: 2101   180339    4,83%
*     0+    0                         7076,6444     7164,3780             1,24%
*     0+    0                         7101,8750     7164,3780             0,88%

Cover cuts applied:  7
Implied bound cuts applied:  2421
Flow cuts applied:  27659
Mixed integer rounding cuts applied:  4737
Flow path cuts applied:  1044
Gomory fractional cuts applied:  354

Root node processing (before b&c):
  Real time             =  884,04 sec. (538928,23 ticks)
Parallel b&c, 8 threads:
  Real time             =    0,00 sec. (0,00 ticks)
  Sync time (average)   =    0,00 sec.
  Wait time (average)   =    0,00 sec.
                          ------------
Total (root+branch&cut) =  884,04 sec. (538928,23 ticks)

<<< solve


OBJECTIVE: 7101.875
avg_utility = 0.440454

<<< post process


<<< done

