
<<< setup


<<< generate

Found incumbent of value 0,000000 after 0,01 sec. (7,25 ticks)
Tried aggregator 2 times.
MIP Presolve eliminated 236504 rows and 139824 columns.
MIP Presolve modified 7000 coefficients.
Aggregator did 6997 substitutions.
Reduced MIP has 18658 rows, 29148 columns, and 69956 nonzeros.
Reduced MIP has 5830 binaries, 0 generals, 0 SOSs, and 0 indicators.
Presolve time = 0,24 sec. (220,31 ticks)
Probing time = 0,01 sec. (1,47 ticks)
Tried aggregator 1 time.
Reduced MIP has 18658 rows, 29148 columns, and 69956 nonzeros.
Reduced MIP has 5830 binaries, 0 generals, 0 SOSs, and 0 indicators.
Presolve time = 0,05 sec. (39,43 ticks)
Probing time = 0,02 sec. (1,47 ticks)
MIP emphasis: balance optimality and feasibility.
MIP search method: dynamic search.
Parallel mode: deterministic, using up to 24 threads.
Root relaxation solution time = 0,11 sec. (77,54 ticks)

        Nodes                                         Cuts/
   Node  Left     Objective  IInf  Best Integer    Best Bound    ItCnt     Gap

*     0+    0                            0,0000     8574,0000              --- 
      0     0     2858,0000  1076        0,0000     2858,0000     1166     --- 
*     0+    0                         1770,8720     2858,0000            61,39%
      0     0     2667,2276   938     1770,8720    Cuts: 2352     3188   50,62%
*     0+    0                         1793,9000     2667,2276            48,68%
      0     0     2462,3130   930     1793,9000    Cuts: 2077     4617   37,26%
      0     0     2271,0306   930     1793,9000    Cuts: 1861     5774   26,60%
      0     0     2117,0291   538     1793,9000    Cuts: 1861     7616   18,01%
      0     0     1990,6145   364     1793,9000    Cuts: 1072     9056   10,97%
*     0+    0                         1840,3667     1990,6145             8,16%
      0     0     1974,0853   406     1840,3667     Cuts: 727     9819    7,27%
      0     0     1963,5444   358     1840,3667     Cuts: 813    10551    6,69%
      0     0     1915,0933    26     1840,3667     Cuts: 718    11303    4,06%
*     0+    0                         1876,5000     1915,0933             2,06%
      0     0     1910,1986    59     1876,5000      Cuts: 70    11389    1,80%
      0     0     1904,8231    12     1876,5000     Cuts: 179    11567    1,51%
      0     0     1901,2000     2     1876,5000      Cuts: 29    11735    1,32%
      0     0     1901,2000     4     1876,5000   Flowcuts: 1    11736    1,32%
      0     0     1901,2000     6     1876,5000   Flowcuts: 1    11737    1,32%
*     0+    0                         1901,2000     1901,2000             0,00%
      0     0        cutoff           1901,2000     1901,2000    11737    0,00%
Elapsed time = 11,56 sec. (15736,06 ticks, tree = 0,00 MB, solutions = 6)

Implied bound cuts applied:  84
Flow cuts applied:  8420
Mixed integer rounding cuts applied:  2850
Gomory fractional cuts applied:  400

Root node processing (before b&c):
  Real time             =   11,58 sec. (15747,48 ticks)
Parallel b&c, 24 threads:
  Real time             =    0,00 sec. (0,00 ticks)
  Sync time (average)   =    0,00 sec.
  Wait time (average)   =    0,00 sec.
                          ------------
Total (root+branch&cut) =   11,58 sec. (15747,48 ticks)

<<< solve


OBJECTIVE: 1901.2
avg_utility = 0.66522

<<< post process


<<< done

