
<<< setup


<<< generate

Found incumbent of value 0,000000 after 0,02 sec. (16,42 ticks)
Tried aggregator 8 times.
MIP Presolve eliminated 111634 rows and 328990 columns.
MIP Presolve modified 24514 coefficients.
Aggregator did 86143 substitutions.
Reduced MIP has 53163 rows, 113588 columns, and 359431 nonzeros.
Reduced MIP has 14120 binaries, 0 generals, 0 SOSs, and 0 indicators.
Presolve time = 8,19 sec. (7666,61 ticks)
Probing time = 0,02 sec. (5,04 ticks)
Tried aggregator 1 time.
Reduced MIP has 53163 rows, 113588 columns, and 359431 nonzeros.
Reduced MIP has 14120 binaries, 0 generals, 0 SOSs, and 0 indicators.
Presolve time = 0,24 sec. (193,56 ticks)
Probing time = 0,03 sec. (5,35 ticks)
MIP emphasis: balance optimality and feasibility.
MIP search method: dynamic search.
Parallel mode: deterministic, using up to 8 threads.
Root relaxation solution time = 5,37 sec. (3186,31 ticks)

        Nodes                                         Cuts/
   Node  Left     Objective  IInf  Best Integer    Best Bound    ItCnt     Gap

*     0+    0                            0,0000    29198,9340              --- 
*     0+    0                         5201,0094    29198,9340           461,41%
      0     0     7842,1216  1127     5201,0094     7842,1216    17535   50,78%
      0     0     7663,8532  1398     5201,0094    Cuts: 3574    37572   47,35%
      0     0     7498,1548  1371     5201,0094    Cuts: 4576    63986   44,17%
      0     0     7353,5476  1219     5201,0094    Cuts: 3916    99213   41,39%
*     0+    0                         5394,7288     7353,5476            36,31%
*     0+    0                         6661,7135     7353,5476            10,39%
*     0+    0                         6663,3631     7353,5476            10,36%
*     0+    0                         6669,3397     7353,5476            10,26%
      0     0     7205,1258   937     6669,3397    Cuts: 3478   110576    8,03%
      0     0     7162,9903   681     6669,3397    Cuts: 2261   154118    7,40%
      0     0     7112,0064   107     6669,3397    Cuts: 1987   173179    6,64%
*     0+    0                         6983,0953     7112,0064             1,85%
*     0+    0                         7063,6325     7112,0064             0,68%

Implied bound cuts applied:  1102
Flow cuts applied:  14988
Mixed integer rounding cuts applied:  2766
Flow path cuts applied:  103
Lift and project cuts applied:  3
Gomory fractional cuts applied:  391

Root node processing (before b&c):
  Real time             =  255,64 sec. (199323,41 ticks)
Parallel b&c, 8 threads:
  Real time             =    0,00 sec. (0,00 ticks)
  Sync time (average)   =    0,00 sec.
  Wait time (average)   =    0,00 sec.
                          ------------
Total (root+branch&cut) =  255,64 sec. (199323,41 ticks)

<<< solve


OBJECTIVE: 7063.632
avg_utility = 0.899711

<<< post process


<<< done

