
<<< setup


<<< generate

Found incumbent of value 0.000000 after 0.02 sec. (7.24 ticks)
Tried aggregator 2 times.
MIP Presolve eliminated 236516 rows and 139756 columns.
MIP Presolve modified 6976 coefficients.
Aggregator did 6973 substitutions.
Reduced MIP has 18594 rows, 29048 columns, and 69716 nonzeros.
Reduced MIP has 5810 binaries, 0 generals, 0 SOSs, and 0 indicators.
Presolve time = 0.48 sec. (220.06 ticks)
Probing time = 0.02 sec. (1.47 ticks)
Tried aggregator 1 time.
Reduced MIP has 18594 rows, 29048 columns, and 69716 nonzeros.
Reduced MIP has 5810 binaries, 0 generals, 0 SOSs, and 0 indicators.
Presolve time = 0.10 sec. (39.30 ticks)
Probing time = 0.10 sec. (1.47 ticks)
MIP emphasis: balance optimality and feasibility.
MIP search method: dynamic search.
Parallel mode: deterministic, using up to 8 threads.
Root relaxation solution time = 0.15 sec. (77.26 ticks)

        Nodes                                         Cuts/
   Node  Left     Objective  IInf  Best Integer    Best Bound    ItCnt     Gap

*     0+    0                            0.0000    12260.4342              --- 
      0     0     2858.0000  1072        0.0000     2858.0000     1162     --- 
*     0+    0                         1919.9872     2858.0000            48.86%
      0     0     2805.8648   948     1919.9872    Cuts: 2344     2966   46.14%
      0     0     2740.4133   926     1919.9872    Cuts: 2086     4292   42.73%
*     0+    0                         2420.6405     2740.4133            13.21%
      0     0     2667.6187   858     2420.6405    Cuts: 1852     6414   10.20%
      0     0     2612.5628   609     2420.6405    Cuts: 1716     8308    7.93%
      0     0     2546.8609   242     2420.6405    Cuts: 1218     9643    5.21%
      0     0     2536.7918   217     2420.6405     Cuts: 485    10027    4.80%
*     0+    0                         2441.3148     2536.7918             3.91%
      0     0     2529.4739   186     2441.3148     Cuts: 435    10296    3.61%
      0     0     2527.7975   225     2441.3148     Cuts: 374    10494    3.54%
      0     0     2527.7585   228     2441.3148     Cuts: 452    10722    3.54%
      0     0     2514.8173    67     2441.3148     Cuts: 456    10964    3.01%
      0     0     2510.0619    11     2441.3148     Cuts: 131    11188    2.82%
*     0+    0                         2468.0357     2510.0619             1.70%
      0     0     2509.8224     2     2468.0357      Cuts: 35    11226    1.69%
      0     2     2509.8224     2     2468.0357     2509.8224    11226    1.69%
Elapsed time = 25.64 sec. (15488.71 ticks, tree = 0.00 MB, solutions = 5)
      3     5     2509.7938     2     2468.0357     2509.8224    11363    1.69%
      7     9     2509.7056     2     2468.0357     2509.8205    11429    1.69%
     13    15     2509.7861     2     2468.0357     2509.8205    11621    1.69%
     22    24     2509.4985     4     2468.0357     2509.8199    11685    1.69%
     38    40     2509.7285     2     2468.0357     2509.8199    12228    1.69%
     45    47     2509.7929     3     2468.0357     2509.8199    12523    1.69%
     65    67     2509.7240     2     2468.0357     2509.8187    12943    1.69%
    113   115     2509.7181     2     2468.0357     2509.8135    16640    1.69%
    120   122     2509.6144     2     2468.0357     2509.8135    16683    1.69%
*   129+  127                         2509.4416     2509.8135             0.01%

Cover cuts applied:  6
Implied bound cuts applied:  15
Flow cuts applied:  8207
Mixed integer rounding cuts applied:  2970
Gomory fractional cuts applied:  391

Root node processing (before b&c):
  Real time             =   25.48 sec. (15440.01 ticks)
Parallel b&c, 8 threads:
  Real time             =   13.45 sec. (7484.95 ticks)
  Sync time (average)   =    4.40 sec.
  Wait time (average)   =    4.49 sec.
                          ------------
Total (root+branch&cut) =   38.94 sec. (22924.95 ticks)

<<< solve


OBJECTIVE: 2509.442
avg_utility = 0.878041

<<< post process


<<< done

