
<<< setup


<<< generate

Found incumbent of value 0,000000 after 0,06 sec. (66,67 ticks)
Tried aggregator 5 times.
MIP Presolve eliminated 3605100 rows and 1223297 columns.
Aggregator did 8008 substitutions.
Reduced MIP has 729 rows, 3640 columns, and 7280 nonzeros.
Reduced MIP has 0 binaries, 0 generals, 0 SOSs, and 0 indicators.
Presolve time = 1,48 sec. (2714,86 ticks)
Tried aggregator 1 time.
MIP Presolve eliminated 711 rows and 3555 columns.
Reduced MIP has 18 rows, 85 columns, and 170 nonzeros.
Reduced MIP has 0 binaries, 0 generals, 0 SOSs, and 0 indicators.
Presolve time = 0,02 sec. (44,54 ticks)
Tried aggregator 1 time.
Reduced MIP has 18 rows, 85 columns, and 170 nonzeros.
Reduced MIP has 0 binaries, 0 generals, 0 SOSs, and 0 indicators.
Presolve time = 0,03 sec. (40,41 ticks)
MIP emphasis: balance optimality and feasibility.
MIP search method: dynamic search.
Parallel mode: deterministic, using up to 8 threads.
Root relaxation solution time = 0,00 sec. (0,06 ticks)

        Nodes                                         Cuts/
   Node  Left     Objective  IInf  Best Integer    Best Bound    ItCnt     Gap

*     0+    0                            0,0000     4082,0136              --- 
*     0     0      integral     0      857,9566      857,9566       27    0,00%
Elapsed time = 1,63 sec. (2939,82 ticks, tree = 0,00 MB, solutions = 2)

Root node processing (before b&c):
  Real time             =    1,68 sec. (2984,69 ticks)
Parallel b&c, 8 threads:
  Real time             =    0,00 sec. (0,00 ticks)
  Sync time (average)   =    0,00 sec.
  Wait time (average)   =    0,00 sec.
                          ------------
Total (root+branch&cut) =    1,68 sec. (2984,69 ticks)

<<< solve


OBJECTIVE: 857.9566
avg_utility = 0.700373

<<< post process


<<< done

