
<<< setup


<<< generate

Tried aggregator 5 times.
MIP Presolve eliminated 212741 rows and 204067 columns.
MIP Presolve modified 20009 coefficients.
Aggregator did 46000 substitutions.
Reduced MIP has 16295 rows, 34962 columns, and 80448 nonzeros.
Reduced MIP has 4034 binaries, 2196 generals, 0 SOSs, and 0 indicators.
Presolve time = 3,46 sec. (1725,50 ticks)
Found incumbent of value 0,000000 after 3,80 sec. (1962,69 ticks)
Probing time = 0,11 sec. (2,10 ticks)
Tried aggregator 4 times.
MIP Presolve eliminated 2013 rows and 6450 columns.
MIP Presolve modified 4446 coefficients.
Aggregator did 4482 substitutions.
Reduced MIP has 9800 rows, 24030 columns, and 60532 nonzeros.
Reduced MIP has 4034 binaries, 2196 generals, 0 SOSs, and 0 indicators.
Presolve time = 0,65 sec. (411,29 ticks)
Probing time = 0,18 sec. (2,78 ticks)
Tried aggregator 1 time.
MIP Presolve modified 4450 coefficients.
Reduced MIP has 9800 rows, 24030 columns, and 60532 nonzeros.
Reduced MIP has 4034 binaries, 2196 generals, 0 SOSs, and 0 indicators.
Presolve time = 0,09 sec. (43,20 ticks)
Probing time = 0,25 sec. (2,76 ticks)
Clique table members: 524.
MIP emphasis: balance optimality and feasibility.
MIP search method: dynamic search.
Parallel mode: deterministic, using up to 8 threads.
Root relaxation solution time = 0,90 sec. (433,04 ticks)

        Nodes                                         Cuts/
   Node  Left     Objective  IInf  Best Integer    Best Bound    ItCnt     Gap

*     0+    0                            0,0000    20902,4000              --- 
      0     0     4042,8592   123        0,0000     4042,8592     9965     --- 
      0     0     3959,8693   148        0,0000     Cuts: 166    11718     --- 
      0     0     3877,3885   129        0,0000     Cuts: 123    12111     --- 
      0     0     3841,6026    83        0,0000      Cuts: 63    12389     --- 
*     0+    0                         3349,8000     3841,6026            14,68%
      0     0     3832,7253    80     3349,8000      Cuts: 34    12544   14,42%
      0     0     3831,8870    78     3349,8000      Cuts: 24    12570   14,39%
      0     0     3831,5737    98     3349,8000       Cuts: 6    12871   14,38%
      0     0     3831,3830    76     3349,8000      Cuts: 16    13183   14,38%
      0     0     3830,8575    92     3349,8000       Cuts: 7    13230   14,36%
      0     0     3830,7667    84     3349,8000       Cuts: 7    13247   14,36%
      0     0     3830,7268    83     3349,8000       Cuts: 5    13252   14,36%
*     0+    0                         3527,6000     3830,7268             8,59%
*     0+    0                         3651,3000     3817,0147             4,54%
      0     2     3830,7268    83     3651,3000     3817,0147    13252    4,54%
Elapsed time = 26,77 sec. (10029,47 ticks, tree = 0,00 MB, solutions = 4)
      5     5     3792,8369    33     3651,3000     3805,7982    17033    4,23%
     11    11     3783,5000     2     3651,3000     3802,8327    18726    4,15%
     19    19     3735,8125     2     3651,3000     3802,8327    19865    4,15%
*    48    33      integral     0     3736,8000     3802,8327    20748    1,77%
     53    37     3728,9000     4     3736,8000     3802,8327    20862    1,77%
     96    53     3741,1625     6     3736,8000     3802,8327    22370    1,77%
*   382   322      integral     0     3738,6000     3788,8092    23116    1,34%
    487   381     3783,5000     4     3738,6000     3788,8092    23837    1,34%
*   572   446      integral     0     3768,6000     3788,8092    24249    0,54%
    718   319     3783,5000     4     3768,6000     3788,8092    25148    0,54%
    977   578     3783,5000     4     3768,6000     3786,8455    26160    0,48%
   1158   759     3783,5000     4     3768,6000     3786,8455    26984    0,48%
   1482  1083     3783,5000     2     3768,6000     3786,8455    31799    0,48%
Elapsed time = 39,90 sec. (14225,17 ticks, tree = 13,54 MB, solutions = 7)
*  1653+  834                         3783,4000     3786,8455             0,09%

Implied bound cuts applied:  64
Flow cuts applied:  16
Mixed integer rounding cuts applied:  174
Lift and project cuts applied:  10
Gomory fractional cuts applied:  22

Root node processing (before b&c):
  Real time             =   26,63 sec. (10031,07 ticks)
Parallel b&c, 8 threads:
  Real time             =   27,34 sec. (13596,30 ticks)
  Sync time (average)   =    4,31 sec.
  Wait time (average)   =    4,81 sec.
                          ------------
Total (root+branch&cut) =   53,96 sec. (23627,37 ticks)

<<< solve


OBJECTIVE: 3783.4

<<< post process


<<< done

