
<<< setup


<<< generate

Found incumbent of value 0.000000 after 0.02 sec. (8.21 ticks)
Tried aggregator 6 times.
MIP Presolve eliminated 345847 rows and 153903 columns.
MIP Presolve modified 1172 coefficients.
Aggregator did 11691 substitutions.
Reduced MIP has 4678 rows, 10519 columns, and 23376 nonzeros.
Reduced MIP has 1169 binaries, 0 generals, 0 SOSs, and 0 indicators.
Presolve time = 1.22 sec. (759.15 ticks)
Probing time = 0.01 sec. (0.46 ticks)
Tried aggregator 1 time.
Reduced MIP has 4678 rows, 10519 columns, and 23376 nonzeros.
Reduced MIP has 1169 binaries, 0 generals, 0 SOSs, and 0 indicators.
Presolve time = 0.04 sec. (16.70 ticks)
Probing time = 0.16 sec. (0.46 ticks)
MIP emphasis: balance optimality and feasibility.
MIP search method: dynamic search.
Parallel mode: deterministic, using up to 8 threads.
Root relaxation solution time = 0.15 sec. (121.42 ticks)

        Nodes                                         Cuts/
   Node  Left     Objective  IInf  Best Integer    Best Bound    ItCnt     Gap

*     0+    0                            0.0000    12166.8057              --- 
*     0+    0                         1192.2753    12166.8057           920.47%
      0     0     2858.0000  1062     1192.2753     2858.0000     4293  139.71%
*     0+    0                         2418.9359     2858.0000            18.15%
      0     0     2684.6947   310     2418.9359    Cuts: 1269     7260   10.99%
*     0+    0                         2452.6024     2684.6947             9.46%
      0     0        cutoff           2452.6024     2452.6024     8611    0.00%
Elapsed time = 2.74 sec. (1828.97 ticks, tree = 0.00 MB, solutions = 4)

Implied bound cuts applied:  17
Flow cuts applied:  1001
Mixed integer rounding cuts applied:  795
Gomory fractional cuts applied:  299

Root node processing (before b&c):
  Real time             =    2.77 sec. (1837.90 ticks)
Parallel b&c, 8 threads:
  Real time             =    0.00 sec. (0.00 ticks)
  Sync time (average)   =    0.00 sec.
  Wait time (average)   =    0.00 sec.
                          ------------
Total (root+branch&cut) =    2.77 sec. (1837.90 ticks)

<<< solve


OBJECTIVE: 2452.602
avg_utility = 0.858153

<<< post process


<<< done

