
<<< setup


<<< generate

Tried aggregator 2 times.
MIP Presolve eliminated 148524 rows and 142767 columns.
MIP Presolve modified 631 coefficients.
Aggregator did 7634 substitutions.
Reduced MIP has 1880 rows, 5634 columns, and 10642 nonzeros.
Reduced MIP has 2192 binaries, 2190 generals, 0 SOSs, and 0 indicators.
Presolve time = 0,92 sec. (2956,82 ticks)
Found incumbent of value 0,000000 after 0,95 sec. (2965,48 ticks)
Probing time = 0,01 sec. (13,37 ticks)
Tried aggregator 1 time.
Presolve time = 0,01 sec. (6,14 ticks)
Probing time = 0,00 sec. (0,84 ticks)
Clique table members: 261.
MIP emphasis: balance optimality and feasibility.
MIP search method: dynamic search.
Parallel mode: deterministic, using up to 24 threads.
Root relaxation solution time = 0,05 sec. (50,45 ticks)

        Nodes                                         Cuts/
   Node  Left     Objective  IInf  Best Integer    Best Bound    ItCnt     Gap

*     0+    0                            0,0000    13293,2993     1203     --- 
*     0+    0                          217,8580    13293,2993     1203     --- 
*     0     0      integral     0     2254,8357     2254,8357     1203    0,00%
Elapsed time = 1,06 sec. (3051,14 ticks, tree = 0,00 MB, solutions = 3)

Root node processing (before b&c):
  Real time             =    0,09 sec. (64,62 ticks)
Parallel b&c, 24 threads:
  Real time             =    0,00 sec. (0,00 ticks)
  Sync time (average)   =    0,00 sec.
  Wait time (average)   =    0,00 sec.
                          ------------
Total (root+branch&cut) =    0,09 sec. (64,62 ticks)

<<< solve


OBJECTIVE: 2254.836
avg_utility = 0.6903967143294579

<<< post process


<<< done

