
<<< setup


<<< generate

Found incumbent of value 0.000000 after 0.01 sec. (5.61 ticks)
Tried aggregator 6 times.
MIP Presolve eliminated 24199 rows and 84461 columns.
MIP Presolve modified 23598 coefficients.
Aggregator did 25625 substitutions.
Reduced MIP has 30658 rows, 68595 columns, and 182458 nonzeros.
Reduced MIP has 12505 binaries, 3870 generals, 0 SOSs, and 0 indicators.
Presolve time = 3.20 sec. (1836.08 ticks)
Probing time = 0.06 sec. (3.43 ticks)
Tried aggregator 1 time.
Reduced MIP has 30658 rows, 68595 columns, and 182458 nonzeros.
Reduced MIP has 12505 binaries, 3870 generals, 0 SOSs, and 0 indicators.
Presolve time = 0.27 sec. (83.98 ticks)
Probing time = 0.06 sec. (3.66 ticks)
Clique table members: 719.
MIP emphasis: balance optimality and feasibility.
MIP search method: dynamic search.
Parallel mode: deterministic, using up to 8 threads.
Root relaxation solution time = 0.71 sec. (538.90 ticks)

        Nodes                                         Cuts/
   Node  Left     Objective  IInf  Best Integer    Best Bound    ItCnt     Gap

*     0+    0                            0.0000    19212.0000              --- 
      0     0     6404.0000  1061        0.0000     6404.0000     4917     --- 
*     0+    0                         4381.0000     6404.0000            46.18%
      0     0     6068.6504   659     4381.0000    Cuts: 3179    11181   38.52%
      0     0     5836.6711  1056     4381.0000    Cuts: 2095    13711   33.23%
      0     0     5576.7492   998     4381.0000    Cuts: 2889    17706   27.29%
      0     0     5373.5789  1129     4381.0000    Cuts: 2443    21110   22.66%
      0     0     5161.9953   723     4381.0000    Cuts: 2798    27527   17.83%
      0     0     5090.6060  1105     4381.0000    Cuts: 2323    30653   16.20%
      0     0     5035.3529  1001     4381.0000    Cuts: 2392    36863   14.94%
      0     0     4945.0388  1054     4381.0000    Cuts: 2181    39177   12.87%
      0     0     4901.3570   758     4381.0000    Cuts: 1849    40660   11.88%
      0     0     4874.6216   816     4381.0000    Cuts: 1357    42582   11.27%
      0     0     4844.8798   862     4381.0000    Cuts: 1477    45723   10.59%
      0     0     4802.4631   498     4381.0000    Cuts: 1654    48703    9.62%
*     0+    0                         4382.2000     4802.4631             9.59%
      0     0     4789.3843   257     4382.2000     Cuts: 820    49380    9.29%
*     0+    0                         4385.2000     4789.3843             9.22%
      0     0     4776.4972   267     4385.2000     Cuts: 445    50522    8.92%
      0     0     4763.3802    89     4385.2000     Cuts: 331    52058    8.62%
*     0+    0                         4388.0000     4763.3802             8.55%
      0     0     4761.1785    69     4388.0000      Cuts: 70    52257    8.50%
      0     0     4760.5667    71     4388.0000      Cuts: 49    52360    8.49%
*     0+    0                         4416.8000     4760.5667             7.78%
      0     0     4760.0178    63     4416.8000      Cuts: 35    52470    7.77%
Heuristic still looking.
Heuristic still looking.
*     0+    0                         4483.8000     4760.0178             6.16%
      0     2     4760.0178    63     4483.8000     4760.0178    52470    6.16%
Elapsed time = 228.30 sec. (109469.43 ticks, tree = 0.00 MB, solutions = 7)
      1     3     4759.9889    67     4483.8000     4760.0178    52510    6.16%
      2     4     4759.7416    60     4483.8000     4760.0178    54522    6.16%
      3     5     4759.9749    56     4483.8000     4759.9889    55195    6.16%
      5     7     4758.9924    60     4483.8000     4759.9889    55449    6.16%
      8    10     4759.4670    63     4483.8000     4759.9889    56682    6.16%
      9    11     4759.9676    62     4483.8000     4759.9749    56693    6.16%
     11    13     4758.9107    63     4483.8000     4759.9749    57146    6.16%
     13    15     4758.6129    62     4483.8000     4759.9749    57932    6.16%
     14    16     4759.8476    53     4483.8000     4759.9749    60201    6.16%
     20    22     4758.8320    52     4483.8000     4759.9580    60942    6.16%
Elapsed time = 253.76 sec. (125660.61 ticks, tree = 0.00 MB, solutions = 7)
     25    27     4757.0929    53     4483.8000     4759.9580    65640    6.16%
     47    49     4759.7287    57     4483.8000     4759.9580    70317    6.16%
     58    60     4758.7742    67     4483.8000     4759.9580    73411    6.16%
     59    61     4757.3927    53     4483.8000     4759.9580    73501    6.16%
     78    80     4756.6750    31     4483.8000     4759.9580    77192    6.16%
    105   107     4757.8841    59     4483.8000     4759.9580    80807    6.16%
    161   163     4754.1561    19     4483.8000     4759.9580    86687    6.16%
    207   209     4754.0390    25     4483.8000     4759.9580    91380    6.16%
    221   223     4754.2626    39     4483.8000     4759.9580    91952    6.16%
    261   263     4755.3825    39     4483.8000     4759.9580    97215    6.16%
Elapsed time = 428.93 sec. (186581.46 ticks, tree = 0.00 MB, solutions = 7)
    355   357     4748.3999    47     4483.8000     4759.9580   106958    6.16%
    361   363     4687.6027    46     4483.8000     4759.9580   108370    6.16%
    362   364     4754.8027    59     4483.8000     4759.9580   109827    6.16%
    382   384     4746.5102    20     4483.8000     4759.9580   114388    6.16%
    386   388     4754.1745    73     4483.8000     4759.9580   117011    6.16%
    410   412     4752.5113    58     4483.8000     4759.9580   123128    6.16%
    427   429     4752.8240    40     4483.8000     4759.9580   124595    6.16%
    654   656     4755.4728    36     4483.8000     4759.9580   140059    6.16%
    678   680     4755.4490    39     4483.8000     4759.9580   141716    6.16%
    690   692     4749.1498    20     4483.8000     4759.9580   143010    6.16%
Elapsed time = 551.76 sec. (218585.93 ticks, tree = 13.18 MB, solutions = 7)
    924   926     4751.3178    22     4483.8000     4759.9580   161021    6.16%
    932   934     4741.9126    30     4483.8000     4759.9580   162638    6.16%
    964   966     4751.0989    25     4483.8000     4759.9580   164036    6.16%
   1053  1055     4717.6235    51     4483.8000     4759.9580   167560    6.16%
   1061  1063     4705.4472    51     4483.8000     4759.9580   169133    6.16%
   1084  1086     4749.8478    25     4483.8000     4759.9580   170244    6.16%
   1866  1868     4754.5060    35     4483.8000     4759.9580   193334    6.16%
   1874  1876     4753.9751    33     4483.8000     4759.9580   194897    6.16%
   1882  1884     4753.2702    38     4483.8000     4759.9580   199283    6.16%
   2072  2074     4744.4683    44     4483.8000     4759.9580   207365    6.16%
Elapsed time = 712.42 sec. (264625.28 ticks, tree = 42.46 MB, solutions = 7)
   2420  2422     4753.2662    30     4483.8000     4759.9580   217426    6.16%
   2436  2438     4738.3867    44     4483.8000     4759.9580   218506    6.16%
   2444  2446     4749.0041    28     4483.8000     4759.9580   219329    6.16%
   2460  2462     4724.0422    31     4483.8000     4759.9580   221258    6.16%
   2476  2478     4748.0924    36     4483.8000     4759.9580   222745    6.16%
   2673  2675     4713.5904    17     4483.8000     4759.9580   238542    6.16%
   3067  3069     4643.8793    22     4483.8000     4759.9580   263440    6.16%
   3081  3083     4737.7970    28     4483.8000     4759.9580   266642    6.16%
   3083  3085     4643.7536    27     4483.8000     4759.9580   267160    6.16%
   3091  3093     4643.3502    27     4483.8000     4759.9580   269808    6.16%
Elapsed time = 834.57 sec. (300405.94 ticks, tree = 74.03 MB, solutions = 7)
   3138  3140     4747.8674    36     4483.8000     4759.9580   279056    6.16%
   3402  3404     4643.7271    26     4483.8000     4759.9580   306011    6.16%
   3404  3406     4743.8605    55     4483.8000     4759.9580   309807    6.16%
   3412  3414     4747.4586    42     4483.8000     4759.9580   312248    6.16%
   3420  3422     4745.8023    43     4483.8000     4759.9580   313749    6.16%
   3532  3534     4656.3148    38     4483.8000     4759.9580   330137    6.16%
*  3560+ 3560                         4726.6000     4759.9580             0.71%
*  3560+ 3559                         4729.6000     4759.9580             0.64%
*  3560+ 3558                         4738.6000     4759.9580             0.45%
*  3560+ 3556                         4740.4000     4759.9580             0.41%
*  3560+ 3554                         4740.8000     4759.9580             0.40%
*  3560+ 3553                         4748.8000     4759.9580             0.23%

Cover cuts applied:  7
Implied bound cuts applied:  357
Flow cuts applied:  12260
Mixed integer rounding cuts applied:  8532
Flow path cuts applied:  1418
Gomory fractional cuts applied:  360

Root node processing (before b&c):
  Real time             =  227.87 sec. (109222.80 ticks)
Parallel b&c, 8 threads:
  Real time             =  828.48 sec. (237138.48 ticks)
  Sync time (average)   =  236.22 sec.
  Wait time (average)   =  236.56 sec.
                          ------------
Total (root+branch&cut) = 1056.35 sec. (346361.28 ticks)

<<< solve


OBJECTIVE: 4748.8
avg_utility = 0.741537

<<< post process


<<< done

