
<<< setup


<<< generate

Found incumbent of value 0,000000 after 0,01 sec. (4,75 ticks)
Tried aggregator 2 times.
MIP Presolve eliminated 20783 rows and 35877 columns.
MIP Presolve modified 2512 coefficients.
Aggregator did 2415 substitutions.
Reduced MIP has 38501 rows, 119005 columns, and 324171 nonzeros.
Reduced MIP has 5710 binaries, 2688 generals, 0 SOSs, and 0 indicators.
Presolve time = 0,29 sec. (195,91 ticks)
Probing time = 0,39 sec. (35,03 ticks)
Tried aggregator 1 time.
MIP Presolve eliminated 5135 rows and 13295 columns.
Reduced MIP has 33366 rows, 105710 columns, and 284757 nonzeros.
Reduced MIP has 5710 binaries, 2688 generals, 0 SOSs, and 0 indicators.
Presolve time = 0,33 sec. (164,07 ticks)
Probing time = 0,25 sec. (32,75 ticks)
Tried aggregator 1 time.
MIP Presolve eliminated 33 rows and 84 columns.
Reduced MIP has 33333 rows, 105626 columns, and 284505 nonzeros.
Reduced MIP has 5710 binaries, 2688 generals, 0 SOSs, and 0 indicators.
Presolve time = 0,24 sec. (145,25 ticks)
Probing time = 0,29 sec. (34,47 ticks)
Clique table members: 3335.
MIP emphasis: balance optimality and feasibility.
MIP search method: dynamic search.
Parallel mode: deterministic, using up to 24 threads.
Root relaxation solution time = 0,31 sec. (213,74 ticks)

        Nodes                                         Cuts/
   Node  Left     Objective  IInf  Best Integer    Best Bound    ItCnt     Gap

*     0+    0                            0,0000        3,0000              --- 
      0     0        0,8586   498        0,0000        0,8586     1889     --- 
*     0+    0                            0,2623        0,8586           227,34%
      0     0        0,7542   509        0,2623    Cuts: 1642     3262  187,53%
      0     0        0,5482   510        0,2623    Cuts: 1597     4973  109,00%
      0     0        0,4132   387        0,2623    Cuts: 1432     6408   57,53%
      0     0        0,3188   305        0,2623    Cuts: 1032     7214   21,53%
      0     0        0,5084   622        0,2623     Cuts: 705    53941   21,53%
      0     0        0,4961   652        0,2623    Cuts: 1348   107469   21,53%
*     0+    0                            0,2839        0,3188            12,29%
Heuristic still looking.
      0     2        0,4961   652        0,2839        0,3188   107469   12,29%
Elapsed time = 124,73 sec. (104397,15 ticks, tree = 0,00 MB, solutions = 3)
      1     1        cutoff              0,2839        0,3188   110264   12,29%
      3     3        0,4941   627        0,2839        0,3188   111133   12,29%
      5     5        0,4358   596        0,2839        0,3188   160267   12,29%
      7     7        0,4317   669        0,2839        0,3188   173846   12,29%
      8     6        cutoff              0,2839        0,3188   198081   12,29%
     11     9        0,4757   540        0,2839        0,3188   199041   12,29%
     13     9    infeasible              0,2839        0,3188   201293   12,29%
*    14+    8                            0,3256        0,3188            -2,10%
*    15+    8                            0,3506        0,3188            -9,09%
     15     8        0,4778   683        0,3506        0,3188   321422   -9,09%

Clique cuts applied:  1
Cover cuts applied:  1
Implied bound cuts applied:  221
Flow cuts applied:  3176
Mixed integer rounding cuts applied:  3304
Zero-half cuts applied:  1
Gomory fractional cuts applied:  293

Root node processing (before b&c):
  Real time             =  122,46 sec. (103540,70 ticks)
Parallel b&c, 24 threads:
  Real time             =   97,88 sec. (75856,33 ticks)
  Sync time (average)   =   91,80 sec.
  Wait time (average)   =   92,03 sec.
                          ------------
Total (root+branch&cut) =  220,35 sec. (179397,04 ticks)

<<< solve


OBJECTIVE: 0.3506409
avg_utility = 0.350641

<<< post process


<<< done

