
<<< setup


<<< generate

Found incumbent of value 0,000000 after 0,00 sec. (0,63 ticks)
Tried aggregator 2 times.
MIP Presolve eliminated 13512 rows and 11021 columns.
MIP Presolve modified 2012 coefficients.
Aggregator did 1004 substitutions.
Reduced MIP has 2514 rows, 4518 columns, and 9538 nonzeros.
Reduced MIP has 1832 binaries, 678 generals, 0 SOSs, and 0 indicators.
Presolve time = 0,02 sec. (19,60 ticks)
Probing time = 0,00 sec. (0,93 ticks)
Tried aggregator 1 time.
Reduced MIP has 2514 rows, 4518 columns, and 9538 nonzeros.
Reduced MIP has 1832 binaries, 678 generals, 0 SOSs, and 0 indicators.
Presolve time = 0,01 sec. (5,67 ticks)
Probing time = 0,00 sec. (0,93 ticks)
Clique table members: 276.
MIP emphasis: balance optimality and feasibility.
MIP search method: dynamic search.
Parallel mode: deterministic, using up to 8 threads.
Root relaxation solution time = 0,02 sec. (21,97 ticks)

        Nodes                                         Cuts/
   Node  Left     Objective  IInf  Best Integer    Best Bound    ItCnt     Gap

*     0+    0                            0,0000     2352,0000              --- 
      0     0      934,1750     2        0,0000      934,1750      768     --- 
*     0+    0                          933,4000      934,1750             0,08%

Root node processing (before b&c):
  Real time             =    0,12 sec. (128,96 ticks)
Parallel b&c, 8 threads:
  Real time             =    0,00 sec. (0,00 ticks)
  Sync time (average)   =    0,00 sec.
  Wait time (average)   =    0,00 sec.
                          ------------
Total (root+branch&cut) =    0,12 sec. (128,96 ticks)

<<< solve


OBJECTIVE: 933.4
avg_utility = 0.476224

<<< post process


<<< done

