
<<< setup


<<< generate

Found incumbent of value 0,000000 after 0,01 sec. (13,53 ticks)
Tried aggregator 5 times.
MIP Presolve eliminated 343841 rows and 213192 columns.
MIP Presolve modified 16067 coefficients.
Aggregator did 74414 substitutions.
Reduced MIP has 32308 rows, 60875 columns, and 191412 nonzeros.
Reduced MIP has 1918 binaries, 0 generals, 0 SOSs, and 0 indicators.
Presolve time = 3,52 sec. (4081,49 ticks)
Probing time = 0,04 sec. (2,60 ticks)
Tried aggregator 1 time.
Reduced MIP has 32308 rows, 60875 columns, and 191412 nonzeros.
Reduced MIP has 1918 binaries, 0 generals, 0 SOSs, and 0 indicators.
Presolve time = 0,12 sec. (118,92 ticks)
Probing time = 0,02 sec. (2,71 ticks)
MIP emphasis: balance optimality and feasibility.
MIP search method: dynamic search.
Parallel mode: deterministic, using up to 8 threads.
Root relaxation solution time = 0,17 sec. (110,00 ticks)

        Nodes                                         Cuts/
   Node  Left     Objective  IInf  Best Integer    Best Bound    ItCnt     Gap

*     0+    0                            0,0000    16205,9059              --- 
      0     0     3785,0000   930        0,0000     3785,0000     1968     --- 
*     0+    0                         2424,6413     3785,0000            56,11%
      0     0     3724,7381   393     2424,6413    Cuts: 2824    30393   53,62%
      0     0     3697,6564   622     2424,6413    Cuts: 2366    51504   52,50%
      0     0     3652,5800   561     2424,6413    Cuts: 3299    68367   50,64%
*     0+    0                         2692,0902     3652,5800            35,68%
*     0+    0                         2742,0580     3652,5800            33,21%
*     0+    0                         2755,3218     3652,5800            32,56%
*     0+    0                         2758,8548     3652,5800            32,39%
*     0+    0                         2760,0999     3652,5800            32,34%
      0     0     3615,7945   434     2760,0999    Cuts: 3468    92004   31,00%
      0     0     3584,7656   305     2760,0999    Cuts: 2643   111254   29,88%
*     0+    0                         3427,7604     3584,7656             4,58%
      0     0     3581,9956   427     3427,7604    Cuts: 1757   124827    4,50%
*     0+    0                         3473,5984     3581,9956             3,12%
*     0+    0                         3492,1402     3581,9956             2,57%
*     0+    0                         3493,0712     3581,9956             2,55%
      0     0     3578,1799   205     3493,0712    Cuts: 2438   134505    2,44%
      0     0     3576,9806   154     3493,0712     Cuts: 957   143170    2,40%
      0     0     3576,0303   199     3493,0712     Cuts: 607   157209    2,37%
*     0+    0                         3496,6327     3576,0303             2,27%
*     0+    0                         3499,3616     3576,0303             2,19%
      0     0     3575,2718   169     3499,3616     Cuts: 821   163693    2,17%
      0     0     3574,2302   109     3499,3616     Cuts: 658   174323    2,14%
      0     0     3573,9431   108     3499,3616     Cuts: 703   185678    2,13%
*     0+    0                         3500,2614     3573,9431             2,11%
      0     0     3573,8133   108     3500,2614     Cuts: 663   190756    2,10%
Heuristic still looking.
Heuristic still looking.
      0     2     3573,8133   108     3500,2614     3573,8133   190756    2,10%
Elapsed time = 315,87 sec. (180533,24 ticks, tree = 0,00 MB, solutions = 14)
      1     3     3566,7900   102     3500,2614     3573,8133   212693    2,10%
      2     4     3571,9114   115     3500,2614     3573,8133   213232    2,10%
      3     5     3562,8505    92     3500,2614     3571,3431   213909    2,03%
      4     6     3567,0929   109     3500,2614     3571,3431   226164    2,03%
      6     8     3564,4004   100     3500,2614     3571,3431   238039    2,03%
      8    10     3560,4286    93     3500,2614     3568,7367   244647    1,96%
      9    11     3560,5788    89     3500,2614     3568,7367   245499    1,96%
     10    12     3564,2183    99     3500,2614     3568,7367   251151    1,96%
*    11+   11                         3502,1892     3568,7367             1,90%
     11    13     3560,8144   143     3502,1892     3568,7367   278607    1,90%
     13    13        cutoff           3502,1892     3568,7367   288967    1,90%
Elapsed time = 383,72 sec. (233186,02 ticks, tree = 0,00 MB, solutions = 14)
     14    14     3557,1394   142     3502,1892     3568,7367   293631    1,90%
     15    15     3550,5248   119     3502,1892     3568,7367   294589    1,90%
     18    18     3556,2516    86     3502,1892     3568,7367   302208    1,90%
*    21+   19                         3502,2189     3568,7367             1,90%
*    21+   19                         3507,3505     3568,7367             1,75%
     21    21     3558,2494    93     3507,3505     3568,7367   327383    1,75%
     38    38     3555,8106    93     3507,3505     3568,7367   403122    1,75%
     40    40     3554,0785   113     3507,3505     3568,7367   421224    1,75%
     48    48     3553,9374    73     3507,3505     3568,7367   477695    1,75%
     52    52     3549,2457   101     3507,3505     3568,7367   521186    1,75%
     63    63     3538,2966    82     3507,3505     3568,7367   561688    1,75%
     64    64     3552,0043    67     3507,3505     3568,7367   568263    1,75%
Elapsed time = 546,91 sec. (281713,56 ticks, tree = 0,00 MB, solutions = 18)
     68    68     3546,4894    95     3507,3505     3568,7367   589102    1,75%
     71    71     3546,8845    57     3507,3505     3568,7367   615823    1,75%
     84    84     3531,4480    48     3507,3505     3568,7367   668026    1,75%
     90    90     3545,8581   100     3507,3505     3568,7367   709229    1,75%
     98    98     3543,0307   109     3507,3505     3568,7367   757912    1,75%
    106   106     3542,9017   102     3507,3505     3568,7367   803398    1,75%
    126   126     3523,9303    42     3507,3505     3568,7367   894846    1,75%
    152   143     3522,9258    42     3507,3505     3568,7367   991993    1,75%
    154   145     3534,5220    39     3507,3505     3568,7367   994485    1,75%
    155   146     3552,0578   107     3507,3505     3568,7367  1000710    1,75%
Elapsed time = 807,05 sec. (332724,35 ticks, tree = 0,00 MB, solutions = 18)
    158   149     3540,2259   103     3507,3505     3568,7367  1031178    1,75%
    166   156     3540,2718   106     3507,3505     3568,7367  1054094    1,75%
    179   167     3543,4613   130     3507,3505     3568,7367  1103511    1,75%
    182   170     3539,5206   112     3507,3505     3568,7367  1147666    1,75%
    190   178     3537,1277   108     3507,3505     3568,7367  1171844    1,75%
    198   185     3536,2237   117     3507,3505     3568,7367  1212127    1,75%
    206   193     3537,5512   110     3507,3505     3568,7367  1235662    1,75%
    211   194     3537,1198   108     3507,3505     3568,7367  1253831    1,75%
    214   196     3534,3100   116     3507,3505     3568,7367  1279996    1,75%
    249   220     3507,8724    27     3507,3505     3568,7367  1427822    1,75%
Elapsed time = 1056,64 sec. (383639,50 ticks, tree = 0,00 MB, solutions = 18)
    269   238     3528,6345    68     3507,3505     3568,7367  1502201    1,75%
    281   248     3547,3359   117     3507,3505     3566,7028  1555090    1,69%
    291   256     3540,6689    84     3507,3505     3566,7028  1594508    1,69%
    297   262     3547,0088    65     3507,3505     3566,7028  1647238    1,69%
    305   270     3545,5571    60     3507,3505     3566,7028  1741199    1,69%
    308   273     3559,9954    86     3507,3505     3566,7028  1761302    1,69%
    324   285     3556,7576    84     3507,3505     3566,7028  1844240    1,69%
    332   291     3554,4521   101     3507,3505     3566,7028  1937187    1,69%
    358   307     3529,9535    81     3507,3505     3566,7028  2089643    1,69%
    408   341     3508,5578    35     3507,3505     3566,7028  2467137    1,69%
Elapsed time = 1333,15 sec. (449701,33 ticks, tree = 24,29 MB, solutions = 18)
    411   344     3522,1392    31     3507,3505     3566,7028  2494394    1,69%
    419   348     3521,3414    30     3507,3505     3566,7028  2553099    1,69%
    426   353     3523,2452    25     3507,3505     3566,7028  2596136    1,69%
    430   357     3547,3054    79     3507,3505     3566,7028  2633687    1,69%
    443   370     3512,1940    22     3507,3505     3566,7028  2727145    1,69%
    445   372     3544,3789    84     3507,3505     3566,7028  2747341    1,69%
    447   374     3522,5357    21     3507,3505     3566,7028  2775733    1,69%
    453   380     3532,1148    63     3507,3505     3566,7028  2843027    1,69%
    460   387     3535,2390    54     3507,3505     3566,7028  2951339    1,69%
    468   395     3534,8704    53     3507,3505     3566,7028  3024254    1,69%
Elapsed time = 1578,45 sec. (502894,75 ticks, tree = 24,29 MB, solutions = 18)
    515   438     3510,4992     5     3507,3505     3566,7028  3770448    1,69%
    550   459     3535,8343    60     3507,3505     3566,7028  4347256    1,69%
*   552+  459                         3515,1578     3566,7028             1,47%
    552   458     3507,3702    21     3515,1578     3566,7028  4373686    1,47%
    560   464     3559,7223   118     3515,1578     3566,7028  4515859    1,47%
    568   468     3556,9862   112     3515,1578     3566,7028  4629683    1,47%
    576   476     3554,4875   126     3515,1578     3566,7028  4731548    1,47%
    584   484     3551,3994   149     3515,1578     3566,7028  4822311    1,47%
    617   513     3544,7533    63     3515,1578     3566,7028  5174223    1,47%
    676   564     3526,1465    47     3515,1578     3566,7028  5906314    1,47%
    696   578     3525,6070    41     3515,1578     3566,7028  6144550    1,47%
Elapsed time = 1935,20 sec. (580922,71 ticks, tree = 28,45 MB, solutions = 18)
    715   487     3525,4507    50     3515,1578     3561,6385  6338340    1,32%
    722   494     3541,5272    73     3515,1578     3561,6385  6414726    1,32%
    730   502     3538,9746    62     3515,1578     3561,6385  6501144    1,32%
    754   526     3534,2347    57     3515,1578     3561,6385  6771433    1,32%
    770   542     3530,2902    49     3515,1578     3561,6385  6924003    1,32%
    778   550     3529,1325    47     3515,1578     3561,6385  6984003    1,32%
    786   558     3527,5467    50     3515,1578     3561,6385  7048412    1,32%
    802   574     3525,4487    39     3515,1578     3561,6385  7171794    1,32%
    818   590     3522,5884    38     3515,1578     3561,6385  7332495    1,32%
    834   606     3521,4870    36     3515,1578     3561,6385  7450619    1,32%
Elapsed time = 2174,10 sec. (639538,76 ticks, tree = 26,93 MB, solutions = 19)
    842   614     3518,5681    39     3515,1578     3561,6385  7517962    1,32%
    850   622     3518,5785    38     3515,1578     3561,6385  7578184    1,32%
    866   638     3518,4601    38     3515,1578     3561,6385  7696201    1,32%
    882   650     3516,6959    32     3515,1578     3561,6385  7838976    1,32%
    951   705     3544,0133    81     3515,1578     3561,6385  8508224    1,32%
   1041   783     3551,5936   167     3515,1578     3561,6385  9351378    1,32%
   1085   815     3549,7086    99     3515,1578     3559,8164  9838959    1,27%
   1101   827     3548,1870    90     3515,1578     3559,8164 10024324    1,27%
   1104   830     3546,5525   128     3515,1578     3559,8164 10085282    1,27%
   1108   834     3550,7246    87     3515,1578     3559,8164 10164462    1,27%
Elapsed time = 2311,23 sec. (687223,82 ticks, tree = 35,27 MB, solutions = 19)
   1124   850     3548,4763    88     3515,1578     3559,8164 10344655    1,27%
   1140   866     3544,3394    88     3515,1578     3559,8164 10520513    1,27%
   1145   871     3528,2591    50     3515,1578     3559,8164 10579496    1,27%
   1161   887     3525,5775    49     3515,1578     3559,8164 10716850    1,27%
   1177   901     3521,8887    40     3515,1578     3559,8164 10888045    1,27%
   1185   905     3518,9758    51     3515,1578     3559,8164 10974279    1,27%
   1200   918     3524,3304    33     3515,1578     3559,8164 11087313    1,27%
   1216   932     3522,9111    31     3515,1578     3559,8164 11265886    1,27%
   1232   942     3519,9456    41     3515,1578     3559,8164 11409818    1,27%
   1233   943     3554,4669    80     3515,1578     3559,8164 11428218    1,27%
Elapsed time = 2437,86 sec. (722539,64 ticks, tree = 35,27 MB, solutions = 19)
   1371  1059     3549,0589   123     3515,1578     3559,8164 12797834    1,27%
   1418  1098     3548,2705   145     3515,1578     3556,5214 13314528    1,18%
   1448  1120     3548,2720   140     3515,1578     3556,5214 13702092    1,18%
   1472  1138     3533,4968   117     3515,1578     3556,5214 14075267    1,18%
   1493  1155     3549,6531    79     3515,1578     3556,5214 14337650    1,18%
   1525  1187     3539,0170    88     3515,1578     3556,5214 14676596    1,18%
   1691  1321     3551,9929    82     3515,1578     3556,5214 16545843    1,18%
   1708  1338     3544,7653   111     3515,1578     3555,2585 16758656    1,14%
   1724  1354     3540,0444   141     3515,1578     3555,2585 17024078    1,14%
   1764  1394     3532,0726   135     3515,1578     3555,2585 17481298    1,14%
Elapsed time = 3015,73 sec. (901755,27 ticks, tree = 49,64 MB, solutions = 19)
   1820  1444     3520,4321    33     3515,1578     3555,2585 17933606    1,14%
   1860  1473     3517,1626    47     3515,1578     3555,2585 18358576    1,14%
   1900  1505     3515,7469    45     3515,1578     3555,2585 18688366    1,14%
   1932  1525     3547,3540   179     3515,1578     3555,2585 18983121    1,14%
   2106  1673     3520,4710    33     3515,1578     3554,4134 20625371    1,12%
   2131  1696     3530,8508    69     3515,1578     3554,4134 20898167    1,12%
   2139  1702     3530,3251    57     3515,1578     3554,4134 21052196    1,12%
   2144  1707     3541,5504    87     3515,1578     3554,4134 21113803    1,12%
   2147  1710     3526,0421    50     3515,1578     3554,4134 21153228    1,12%
   2195  1752     3517,7530    49     3515,1578     3554,4134 21619384    1,12%
Elapsed time = 3335,71 sec. (991030,88 ticks, tree = 55,37 MB, solutions = 19)
   2227  1778     3552,8102   140     3515,1578     3554,4134 21937812    1,12%
   2435  1960     3515,8857    63     3515,1578     3554,4134 24256545    1,12%
   2484  1999     3529,3868    63     3515,1578     3553,5560 24669352    1,09%
   2520  2035     3527,1207    99     3515,1578     3553,5560 25021743    1,09%
   2576  2077     3524,0929    96     3515,1578     3553,5560 25752367    1,09%
   2604  2103     3536,9662   137     3515,1578     3553,5560 26149524    1,09%
   2725  2202     3547,4149   110     3515,1578     3553,5560 27461715    1,09%
   2839  2294     3547,7419   125     3515,1578     3553,5560 28742618    1,09%
   2860  2313     3539,7470    80     3515,1578     3552,9072 28952331    1,07%
   2889  2338     3518,8535    96     3515,1578     3552,9072 29219068    1,07%
Elapsed time = 3910,74 sec. (1146699,52 ticks, tree = 65,86 MB, solutions = 19)
   2902  2349     3549,0362   108     3515,1578     3552,9072 29394129    1,07%
   2926  2369     3544,4270   111     3515,1578     3552,9072 29638587    1,07%
   2934  2375     3542,7399   111     3515,1578     3552,9072 29773855    1,07%
   2974  2409     3534,2183    52     3515,1578     3552,9072 30239571    1,07%
   3014  2437     3523,5430    32     3515,1578     3552,9072 30597664    1,07%
   3070  2493     3517,8161    27     3515,1578     3552,9072 31154807    1,07%
   3118  2533     3515,8886    44     3515,1578     3552,9072 31578171    1,07%
   3158  2561        cutoff           3515,1578     3552,9072 32031333    1,07%
   3166  2565     3545,5263   100     3515,1578     3552,9072 32140430    1,07%

Implied bound cuts applied:  759
Flow cuts applied:  8405
Mixed integer rounding cuts applied:  6046
Flow path cuts applied:  38
Gomory fractional cuts applied:  97

Root node processing (before b&c):
  Real time             =  315,77 sec. (180515,32 ticks)
Parallel b&c, 8 threads:
  Real time             = 3990,66 sec. (1098297,22 ticks)
  Sync time (average)   =  386,28 sec.
  Wait time (average)   =  386,46 sec.
                          ------------
Total (root+branch&cut) = 4306,43 sec. (1278812,54 ticks)

<<< solve


OBJECTIVE: 3515.158
avg_utility = 0.928707

<<< post process


<<< done

