
<<< setup


<<< generate

Found incumbent of value 0,000000 after 0,01 sec. (11,91 ticks)
Tried aggregator 11 times.
MIP Presolve eliminated 48875 rows and 181365 columns.
MIP Presolve modified 49726 coefficients.
Aggregator did 54934 substitutions.
Reduced MIP has 64164 rows, 143742 columns, and 399323 nonzeros.
Reduced MIP has 25543 binaries, 8646 generals, 0 SOSs, and 0 indicators.
Presolve time = 7,58 sec. (7045,98 ticks)
Probing time = 0,05 sec. (7,33 ticks)
Tried aggregator 1 time.
Reduced MIP has 64164 rows, 143742 columns, and 399323 nonzeros.
Reduced MIP has 25543 binaries, 8646 generals, 0 SOSs, and 0 indicators.
Presolve time = 0,30 sec. (181,10 ticks)
Probing time = 0,05 sec. (7,82 ticks)
Clique table members: 1445.
MIP emphasis: balance optimality and feasibility.
MIP search method: dynamic search.
Parallel mode: deterministic, using up to 8 threads.
Root relaxation solution time = 2,74 sec. (3098,49 ticks)

        Nodes                                         Cuts/
   Node  Left     Objective  IInf  Best Integer    Best Bound    ItCnt     Gap

*     0+    0                            0,0000    47452,0000              --- 
      0     0    15724,6049  2238        0,0000    15724,6049     4929     --- 
      0     0    14831,6137  2038        0,0000    Cuts: 6604    17689     --- 
      0     0    13741,9349  2075        0,0000    Cuts: 5854    28197     --- 
      0     0    12890,6860  2576        0,0000    Cuts: 5751    33695     --- 
      0     0    12153,3582  2340        0,0000    Cuts: 5954    43634     --- 
      0     0    11722,8965  2494        0,0000    Cuts: 5649    59190     --- 
      0     0    11568,8427  2228        0,0000    Cuts: 4663    65867     --- 
      0     0    11418,6101  1476        0,0000    Cuts: 4998    71008     --- 
      0     0    11265,9143  1160        0,0000    Cuts: 3238    77597     --- 
      0     0    11209,5472   995        0,0000    Cuts: 2456    80229     --- 
      0     0    11179,7699   831        0,0000    Cuts: 1717    82199     --- 
      0     0    11158,3908   571        0,0000    Cuts: 1082    84080     --- 
      0     0    11152,4564   438        0,0000     Cuts: 823    85645     --- 
      0     0    11147,9362   301        0,0000     Cuts: 595    86052     --- 
      0     0    11144,0171   252        0,0000     Cuts: 348    86485     --- 
      0     0    11142,6253   325        0,0000     Cuts: 407    86806     --- 
      0     0    11141,6549   281        0,0000     Cuts: 454    87293     --- 
      0     0    11140,5418   327        0,0000     Cuts: 327    87816     --- 
Heuristic still looking.
Heuristic still looking.
      0     2    11140,5418   327        0,0000    11140,5418    87816     --- 
Elapsed time = 376,27 sec. (229923,13 ticks, tree = 0,00 MB, solutions = 1)
      1     3    11140,5212   330        0,0000    11140,5418    87835     --- 
      2     4    11140,3597   329        0,0000    11140,5418    90783     --- 
      3     5    11140,4224   326        0,0000    11140,5183    90828     --- 
      4     6    11140,3195   332        0,0000    11140,5183    90837     --- 
      8    10    11139,9230   334        0,0000    11140,5183    90880     --- 
      9    11    11139,6879   332        0,0000    11140,5183    90893     --- 
     11    13    11140,0834   360        0,0000    11140,4150    91519     --- 
     12    14    11139,8700   366        0,0000    11140,4150    92807     --- 
     13    15    11139,5364   363        0,0000    11140,4150    94216     --- 
     14    16    11139,5469   332        0,0000    11140,4150    96192     --- 
Elapsed time = 419,34 sec. (250445,89 ticks, tree = 0,00 MB, solutions = 1)
     15    17    11139,4158   350        0,0000    11140,4150    98960     --- 
     18    20    11138,7876   364        0,0000    11140,4058   104576     --- 
     29    31    11136,5968   373        0,0000    11140,2234   108398     --- 
     36    38    11138,5230   379        0,0000    11140,2234   109629     --- 
     69    71    11137,4631   372        0,0000    11140,2234   142209     --- 
     73    75    11136,0943   382        0,0000    11140,2234   145486     --- 
     77    79    11136,1767   369        0,0000    11140,2234   149043     --- 
     81    83    11135,4559   377        0,0000    11140,2234   150670     --- 
     85    87    11136,2762   368        0,0000    11140,2234   152656     --- 
    102   104    11132,9180   397        0,0000    11140,2234   161668     --- 
Elapsed time = 588,07 sec. (296575,20 ticks, tree = 0,00 MB, solutions = 1)
    118   120    11135,8380   370        0,0000    11140,2234   164992     --- 
    129   131    11133,8224   507        0,0000    11140,2234   168711     --- 
    132   134    11133,3578   516        0,0000    11140,2234   170624     --- 
    140   142    11133,3578   514        0,0000    11140,2234   172388     --- 
    146   148    11077,8449   387        0,0000    11140,2234   174855     --- 
    149   151    11133,0509   372        0,0000    11140,2234   174895     --- 
    157   159    11134,0962   377        0,0000    11140,2234   175421     --- 
    158   160    11131,9733   361        0,0000    11140,2234   175765     --- 
    166   168    11135,7355   422        0,0000    11140,2234   177017     --- 
    174   176    11131,7733   361        0,0000    11140,2234   177494     --- 
Elapsed time = 701,75 sec. (316085,47 ticks, tree = 0,00 MB, solutions = 1)
    189   191    11130,1061   341        0,0000    11140,2234   178663     --- 
    422   424    11128,9611   364        0,0000    11140,2234   185204     --- 
    429   431    11128,3958   354        0,0000    11140,2234   186555     --- 
    432   434    11134,0153   492        0,0000    11140,2234   186700     --- 
    437   439    11130,2197   537        0,0000    11140,2234   188346     --- 
    445   447    11133,0695   425        0,0000    11140,2234   189532     --- 
    453   455    11129,3333   514        0,0000    11140,2234   192335     --- 
    483   485    11133,0511   454        0,0000    11140,2234   198001     --- 
    552   554    11133,2560   522        0,0000    11140,2234   207015     --- 
    555   557    11104,9533   381        0,0000    11140,2234   209241     --- 
Elapsed time = 850,67 sec. (351153,11 ticks, tree = 92,75 MB, solutions = 1)
    556   558    11131,3920   456        0,0000    11140,2234   212621     --- 
    558   560    11129,9901   448        0,0000    11140,2234   212677     --- 
    670   672    11129,7437   553        0,0000    11140,2234   231826     --- 
    678   680    11131,0267   561        0,0000    11140,2234   232250     --- 
    686   688    11128,6868   532        0,0000    11140,2234   234719     --- 
    702   704    11128,6979   520        0,0000    11140,2234   237267     --- 
    718   720    11128,0879   512        0,0000    11140,2234   240344     --- 
    767   769    11129,6918   390        0,0000    11140,2234   247670     --- 
   1148  1150    11128,6334   484        0,0000    11140,2234   257373     --- 
   1156  1158    11125,8627   503        0,0000    11140,2234   258435     --- 
Elapsed time = 1234,42 sec. (445755,02 ticks, tree = 751,87 MB, solutions = 1)
   1169  1171    11123,4768   383        0,0000    11140,2234   262607     --- 
   1177  1179    11123,5690   418        0,0000    11140,2234   270016     --- 
   1201  1203    11119,5690   434        0,0000    11140,2234   283133     --- 
   1215  1217    11130,7916   384        0,0000    11140,2234   289332     --- 
   1264  1266    11099,4640   452        0,0000    11140,2234   305769     --- 
   1269  1271    11106,1498   421        0,0000    11140,2234   310635     --- 
   1309  1311    11119,5643   424        0,0000    11140,2234   316601     --- 
   1357  1359    11119,4953   425        0,0000    11140,2234   317526     --- 
   1389  1391    11050,5254   428        0,0000    11140,2234   327577     --- 
   1863  1865    11128,0172   436        0,0000    11140,2234   345226     --- 
Elapsed time = 1669,24 sec. (538167,58 ticks, tree = 1633,40 MB, solutions = 1)
   1865  1867    11116,3031   404        0,0000    11140,2234   347454     --- 
   1895  1897    11126,8172   404        0,0000    11140,2234   351707     --- 
   1919  1921    11128,1456   411        0,0000    11140,2234   352570     --- 
   1927  1929    11126,5226   476        0,0000    11140,2234   353987     --- 
   1935  1937    11128,1354   411        0,0000    11140,2234   355138     --- 
   1959  1961    11126,0219   429        0,0000    11140,2234   358058     --- 
   1967  1969    11127,8001   409        0,0000    11140,2234   359094     --- 
   1993  1995    11129,8790   409        0,0000    11140,2234   361646     --- 
   2386  2388    11072,5354   220        0,0000    11140,2234   381703     --- 
   2399  2401    11104,0836   196        0,0000    11140,2234   384028     --- 
Elapsed time = 1874,03 sec. (579764,67 ticks, tree = 2231,55 MB, solutions = 1)
Nodefile size = 172,22 MB (99,19 MB after compression)
   2400  2402    11103,5924   521        0,0000    11140,2234   384807     --- 
   2408  2410    11114,5694   490        0,0000    11140,2234   386488     --- 
   2431  2433    11095,2053   103        0,0000    11140,2234   388916     --- 
   2432  2434    11103,6143   493        0,0000    11140,2234   389608     --- 
   2448  2450    11112,4005   488        0,0000    11140,2234   390595     --- 
   2456  2458    11101,1334   469        0,0000    11140,2234   391665     --- 
   2472  2474    11111,4942   430        0,0000    11140,2234   395053     --- 
   2496  2498    11111,2860   437        0,0000    11140,2234   395443     --- 
   2531  2533    11119,1668   241        0,0000    11140,2234   404840     --- 
   2928  2930    11113,9258   439        0,0000    11140,2234   429016     --- 
Elapsed time = 2087,68 sec. (617214,29 ticks, tree = 2841,85 MB, solutions = 1)
Nodefile size = 789,61 MB (465,86 MB after compression)
   2939  2941    11113,1193   393        0,0000    11140,2234   429685     --- 
   2941  2943    11099,4111   142        0,0000    11140,2234   430533     --- 
   2949  2951    11099,3896   150        0,0000    11140,2234   431731     --- 
   2957  2959    11095,0540    97        0,0000    11140,2234   434777     --- 
   3130  3132    11112,3704   480        0,0000    11140,2234   441493     --- 
   3146  3148    11105,2605   360        0,0000    11140,2234   442030     --- 
   3165  3167    11109,1439   337        0,0000    11140,2234   446678     --- 
   3189  3191    11107,9311   316        0,0000    11140,2234   448392     --- 
   3221  3223    11107,7660   314        0,0000    11140,2234   450577     --- 
   3237  3239    11107,8527   311        0,0000    11140,2234   451707     --- 
Elapsed time = 2559,21 sec. (678205,46 ticks, tree = 3060,97 MB, solutions = 1)
Nodefile size = 1006,03 MB (599,73 MB after compression)
   3253  3255    11107,8519   314        0,0000    11140,2234   452868     --- 
   3269  3271    11107,8519   313        0,0000    11140,2234   454756     --- 
   3285  3287    11107,8521   312        0,0000    11140,2234   455451     --- 
   3301  3303    11107,8519   313        0,0000    11140,2234   456121     --- 
   3317  3319    11107,8519   313        0,0000    11140,2234   456851     --- 
   3333  3335    11107,8519   313        0,0000    11140,2234   457962     --- 
   3349  3351    11107,8519   313        0,0000    11140,2234   459512     --- 
   3365  3367    11107,8518   311        0,0000    11140,2234   462000     --- 
   3822  3824    11119,6729   249        0,0000    11140,2234   505546     --- 
   3844  3846    11127,1760   182        0,0000    11127,1760   595904     --- 
Elapsed time = 2929,86 sec. (852036,75 ticks, tree = 2046,56 MB, solutions = 1)
   3845  3847    11127,1760   174        0,0000    11127,1760   597776     --- 
   3847  3848    11127,1361   201        0,0000    11127,1388   597850     --- 
   3848  3849    11127,1384   195        0,0000    11127,1388   597915     --- 
   3851  3850    11106,2654   166        0,0000    11127,1388   601287     --- 
   3852  3851    11106,2305   203        0,0000    11127,1388   601288     --- 
   3853  3851    11127,0992   197        0,0000    11127,1277   604760     --- 
   3860  3852    11127,0279   189        0,0000    11127,0838   643555     --- 
   3882  3866    11126,9974   190        0,0000    11127,0167   723581     --- 
   3898  3877    11126,9834   188        0,0000    11127,0167   724191     --- 
   3906  3884    11091,3726   166        0,0000    11127,0167   725575     --- 
Elapsed time = 3155,80 sec. (972948,92 ticks, tree = 2033,78 MB, solutions = 1)
   3927  3895    11057,4942   110        0,0000    11126,9834   726290     --- 
   3935  3900    11058,5032   125        0,0000    11126,9834   727742     --- 
   3943  3904    11058,4298   122        0,0000    11126,9834   730250     --- 
   3972  3918    11126,7795   179        0,0000    11126,9834   733451     --- 
   3982  3926    11091,1594   150        0,0000    11126,9834   739414     --- 
   4008  3943    11076,7032   160        0,0000    11126,9834   745138     --- 
   4032  3958    11126,6200   173        0,0000    11126,9834   748378     --- 
   4044  3967    11098,2305    82        0,0000    11126,9834   749359     --- 
   4081  3990    11126,1258   170        0,0000    11126,9834   752636     --- 
   4082  3990    11104,7577    91        0,0000    11126,9834   753034     --- 
Elapsed time = 3422,22 sec. (1036788,76 ticks, tree = 1998,31 MB, solutions = 1)
   4131  4026    11104,5223    92        0,0000    11126,9834   761416     --- 
   4140  4032    11090,0650   154        0,0000    11126,9834   773745     --- 
   4186  4061    11057,7721   156        0,0000    11126,9834   783807     --- 
   4212  4076    11089,3665   119        0,0000    11126,9834   795039     --- 
   4221  4079    11103,4292    92        0,0000    11126,9834   902367     --- 
   4245  4091    11068,2605   135        0,0000    11126,9834   911171     --- 
   4253  4095    11089,2494   136        0,0000    11126,9834   915664     --- 
   4269  4105    11096,1390    32        0,0000    11126,9834   916059     --- 
   4331  4149    11088,7791   152        0,0000    11126,9834   922453     --- 
   4339  4156    11088,7722   132        0,0000    11126,9834   925446     --- 
Elapsed time = 3983,76 sec. (1210736,62 ticks, tree = 1961,21 MB, solutions = 1)
   4347  4160    11088,3258   121        0,0000    11126,9834   934189     --- 
   4504  4251    11102,5117   124        0,0000    11126,9834   945504     --- 
   4528  4267    11097,0668   137        0,0000    11126,9834   946021     --- 
   4544  4277    11101,5042    39        0,0000    11126,9834   959782     --- 
   4708  4369    11101,5042    47        0,0000    11126,9834   965551     --- 
   4716  4373    11101,4933    71        0,0000    11126,9834   968509     --- 
   4832  4438    11095,9883    85        0,0000    11126,9834   987802     --- 
   4855  4448    11088,2570    12        0,0000    11126,9834   991801     --- 
   4859  4450    11048,8940    98        0,0000    11126,9834  1000031     --- 
   4891  4468    11049,4272    81        0,0000    11126,9834  1005070     --- 
Elapsed time = 4315,64 sec. (1274234,13 ticks, tree = 1856,41 MB, solutions = 1)
   4921  4487    11121,6000     8        0,0000    11126,9834  1009587     --- 
   5009  4537    11088,2570     8        0,0000    11126,9834  1015745     --- 
   5091  4582    11122,0500     8        0,0000    11126,9834  1026224     --- 
   5273  4683    11054,8237    78        0,0000    11126,9834  1034573     --- 
   5337  4719    11054,8060    79        0,0000    11126,9834  1040143     --- 
   5782  4988    11100,0326    32        0,0000    11126,9834  1067054     --- 
   5879  5044    11054,2900    14        0,0000    11126,9834  1099652     --- 
   6063  5153    11121,6000     8        0,0000    11126,9834  1117466     --- 
   6065  5154    11088,2565    28        0,0000    11126,9834  1118648     --- 
   6097  5176    11094,7425    22        0,0000    11126,9834  1136832     --- 
Elapsed time = 4921,58 sec. (1387474,68 ticks, tree = 1647,13 MB, solutions = 1)
   6115  5187    11096,0830    14        0,0000    11126,9834  1142324     --- 
   6124  5192    11084,2500    12        0,0000    11126,9834  1150546     --- 
   6219  5242    11096,0830    12        0,0000    11126,9834  1183642     --- 
   6252  5265    11054,2889    20        0,0000    11126,9834  1196506     --- 
   6319  5303    11084,2500    14        0,0000    11126,9834  1213669     --- 
   6352  5325    11054,1167    38        0,0000    11126,9834  1240337     --- 
   6451  5388    11122,0500     8        0,0000    11126,9834  1279653     --- 
   6454  5390    11086,5407    39        0,0000    11126,9834  1283825     --- 
   6474  5402    11053,7520    29        0,0000    11126,9834  1297132     --- 
   6482  5404    11053,7429    24        0,0000    11126,9834  1309876     --- 
Elapsed time = 5446,10 sec. (1461441,79 ticks, tree = 1581,61 MB, solutions = 1)
   6590  5467    11099,2750    12        0,0000    11126,9834  1378961     --- 
   6611  5479    11087,9500    10        0,0000    11126,9834  1385021     --- 
   6615  5482    11053,6199    56        0,0000    11126,9834  1389884     --- 
   6623  5484    11053,6172    32        0,0000    11126,9834  1398766     --- 
   6631  5488    11053,6164    33        0,0000    11126,9834  1409377     --- 
   6911  5651    11053,5565    59        0,0000    11126,9834  1478049     --- 
   6919  5656    11053,1103    28        0,0000    11126,9834  1481370     --- 
   6927  5660    11052,9584    24        0,0000    11126,9834  1484007     --- 
   6935  5665    11052,9581    55        0,0000    11126,9834  1487208     --- 
   6943  5669    11052,7659    18        0,0000    11126,9834  1493747     --- 
Elapsed time = 5890,44 sec. (1528004,15 ticks, tree = 1497,79 MB, solutions = 1)
   6959  5677    11052,1964    22        0,0000    11126,9834  1502229     --- 
   7415  5933    11087,9430     8        0,0000    11126,9834  1568665     --- 
   7423  5938    11087,9430    10        0,0000    11126,9834  1573015     --- 
   7443  5947    11052,4695    24        0,0000    11126,9834  1589761     --- 
   7459  5957    11052,1195    24        0,0000    11126,9834  1604967     --- 
   7475  5965    11051,9074    26        0,0000    11126,9834  1612491     --- 
   7477  5966    11121,5500    10        0,0000    11126,9834  1612519     --- 
   7632  6056    11051,7821    23        0,0000    11126,9834  1664668     --- 
   7672  6083    11051,7250    40        0,0000    11126,9834  1683453     --- 
   7680  6085    11051,7834    20        0,0000    11126,9834  1686213     --- 
Elapsed time = 6395,13 sec. (1613713,80 ticks, tree = 1360,15 MB, solutions = 1)
   7688  6089    11051,7195    53        0,0000    11126,9834  1687899     --- 
   7704  6099    11051,6250    42        0,0000    11126,9834  1692232     --- 
   7720  6109    11051,6150    22        0,0000    11126,9834  1696506     --- 
   8174  6385    11087,9430    12        0,0000    11126,9834  1755721     --- 
   8206  6402    11087,9430     8        0,0000    11126,9834  1766411     --- 
   8222  6413    11087,9430    12        0,0000    11126,9834  1781033     --- 
   8242  6420    11051,2374    61        0,0000    11126,9834  1787881     --- 
   8250  6426    11051,1991    47        0,0000    11126,9834  1795089     --- 
   8258  6432    11051,0887    53        0,0000    11126,9834  1801672     --- 
   8261  6433    11097,9750    10        0,0000    11126,9834  1801687     --- 
Elapsed time = 6754,36 sec. (1672374,60 ticks, tree = 1261,43 MB, solutions = 1)
*  8387+ 5787                        11121,4000    11126,9834             0,05%

Implied bound cuts applied:  868
Flow cuts applied:  27451
Mixed integer rounding cuts applied:  17482
Flow path cuts applied:  2654
Gomory fractional cuts applied:  397

Root node processing (before b&c):
  Real time             =  375,93 sec. (229743,94 ticks)
Parallel b&c, 8 threads:
  Real time             = 6388,24 sec. (1445937,80 ticks)
  Sync time (average)   = 1264,72 sec.
  Wait time (average)   = 1284,38 sec.
                          ------------
Total (root+branch&cut) = 6764,17 sec. (1675681,74 ticks)

<<< solve


OBJECTIVE: 11121.4
avg_utility = 0.690427

<<< post process


<<< done

