
<<< setup


<<< generate

Found incumbent of value 0,000000 after 0,02 sec. (16,22 ticks)
Tried aggregator 8 times.
MIP Presolve eliminated 110876 rows and 316446 columns.
MIP Presolve modified 31526 coefficients.
Aggregator did 78092 substitutions.
Reduced MIP has 60029 rows, 127223 columns, and 394232 nonzeros.
Reduced MIP has 13720 binaries, 0 generals, 0 SOSs, and 0 indicators.
Presolve time = 8,43 sec. (8100,45 ticks)
Probing time = 0,03 sec. (5,46 ticks)
Tried aggregator 1 time.
Reduced MIP has 60029 rows, 127223 columns, and 394232 nonzeros.
Reduced MIP has 13720 binaries, 0 generals, 0 SOSs, and 0 indicators.
Presolve time = 0,28 sec. (212,86 ticks)
Probing time = 0,03 sec. (5,76 ticks)
MIP emphasis: balance optimality and feasibility.
MIP search method: dynamic search.
Parallel mode: deterministic, using up to 8 threads.
Root relaxation solution time = 1,80 sec. (1340,91 ticks)

        Nodes                                         Cuts/
   Node  Left     Objective  IInf  Best Integer    Best Bound    ItCnt     Gap

*     0+    0                            0,0000    22724,0000              --- 
      0     0     7852,0000  1527        0,0000     7852,0000     4238     --- 
*     0+    0                         4893,0857     7852,0000            60,47%
      0     0     7386,7462  1098     4893,0857    Cuts: 4535    31921   50,96%
      0     0     7128,2193  1122     4893,0857    Cuts: 3352    48419   45,68%
      0     0     6867,0380  1132     4893,0857    Cuts: 3560    96426   40,34%
*     0+    0                         5767,8536     6867,0380            19,06%
*     0+    0                         5812,3393     6867,0380            18,15%
*     0+    0                         5866,8800     6867,0380            17,05%
*     0+    0                         5869,2800     6867,0380            17,00%
*     0+    0                         5870,3086     6867,0380            16,98%
      0     0     6640,0557  1047     5870,3086    Cuts: 3843   115537   13,11%
      0     0     6514,4657   876     5870,3086    Cuts: 3074   145115   10,97%
      0     0     6432,7799   577     5870,3086    Cuts: 3464   163082    9,58%
*     0+    0                         6136,2063     6432,7799             4,83%
*     0+    0                         6151,5486     6432,7799             4,57%
*     0+    0                         6161,0357     6432,7799             4,41%
*     0+    0                         6162,3321     6432,7799             4,39%
*     0+    0                         6164,9571     6432,7799             4,34%
      0     0     6405,5996   534     6164,9571    Cuts: 2554   167421    3,90%
      0     0     6391,0965   406     6164,9571    Cuts: 2006   187992    3,67%
      0     0     6374,8675   419     6164,9571    Cuts: 1682   202459    3,40%
*     0+    0                         6214,9931     6374,8675             2,57%
*     0+    0                         6253,4960     6374,8675             1,94%
*     0+    0                         6261,5357     6374,8675             1,81%
*     0+    0                         6261,9357     6374,8675             1,80%
*     0+    0                         6263,4443     6374,8675             1,78%
*     0+    0                         6264,0279     6374,8675             1,77%
      0     0     6362,9263   350     6264,0279    Cuts: 1321   207371    1,58%
      0     0     6353,3626   290     6264,0279    Cuts: 1524   229104    1,43%
      0     0     6347,9516   206     6264,0279     Cuts: 988   238354    1,34%
*     0+    0                         6275,5171     6347,9516             1,15%
*     0+    0                         6299,0150     6347,9516             0,78%

Implied bound cuts applied:  348
Flow cuts applied:  19248
Mixed integer rounding cuts applied:  5810
Flow path cuts applied:  1173
Gomory fractional cuts applied:  332

Root node processing (before b&c):
  Real time             =  474,69 sec. (357118,70 ticks)
Parallel b&c, 8 threads:
  Real time             =    0,00 sec. (0,00 ticks)
  Sync time (average)   =    0,00 sec.
  Wait time (average)   =    0,00 sec.
                          ------------
Total (root+branch&cut) =  474,69 sec. (357118,70 ticks)

<<< solve


OBJECTIVE: 6299.015
avg_utility = 0.802218

<<< post process


<<< done

