
<<< setup


<<< generate

Found incumbent of value 0,000000 after 0,02 sec. (17,09 ticks)
Tried aggregator 5 times.
MIP Presolve eliminated 194182 rows and 408032 columns.
Aggregator did 115994 substitutions.
Reduced MIP has 1575 rows, 7815 columns, and 28025 nonzeros.
Reduced MIP has 0 binaries, 0 generals, 0 SOSs, and 0 indicators.
Presolve time = 2,70 sec. (2710,12 ticks)
Tried aggregator 1 time.
MIP Presolve eliminated 1333 rows and 6665 columns.
Reduced MIP has 242 rows, 1150 columns, and 4170 nonzeros.
Reduced MIP has 0 binaries, 0 generals, 0 SOSs, and 0 indicators.
Presolve time = 0,01 sec. (14,86 ticks)
Tried aggregator 1 time.
Reduced MIP has 242 rows, 1150 columns, and 4170 nonzeros.
Reduced MIP has 0 binaries, 0 generals, 0 SOSs, and 0 indicators.
Presolve time = 0,00 sec. (7,32 ticks)
MIP emphasis: balance optimality and feasibility.
MIP search method: dynamic search.
Parallel mode: deterministic, using up to 8 threads.
Root relaxation solution time = 0,00 sec. (3,70 ticks)

        Nodes                                         Cuts/
   Node  Left     Objective  IInf  Best Integer    Best Bound    ItCnt     Gap

*     0+    0                         1537,0000    19096,6000              --- 
*     0     0      integral     0     2943,7500     2943,7500      297    0,00%
Elapsed time = 2,76 sec. (2781,73 ticks, tree = 0,00 MB, solutions = 2)

Root node processing (before b&c):
  Real time             =    2,78 sec. (2804,33 ticks)
Parallel b&c, 8 threads:
  Real time             =    0,00 sec. (0,00 ticks)
  Sync time (average)   =    0,00 sec.
  Wait time (average)   =    0,00 sec.
                          ------------
Total (root+branch&cut) =    2,78 sec. (2804,33 ticks)

<<< solve


OBJECTIVE: 2943.75
avg_utility = 0.37438

<<< post process


<<< done

