
<<< setup


<<< generate

Found incumbent of value 0,000000 after 0,16 sec. (44,70 ticks)
Tried aggregator 2 times.
MIP Presolve eliminated 318983 rows and 344415 columns.
MIP Presolve modified 23521 coefficients.
Aggregator did 65840 substitutions.
Reduced MIP has 341081 rows, 1018562 columns, and 2816723 nonzeros.
Reduced MIP has 9155 binaries, 0 generals, 0 SOSs, and 0 indicators.
Presolve time = 5,71 sec. (4356,36 ticks)
Probing time = 2,20 sec. (34,51 ticks)
Tried aggregator 1 time.
MIP Presolve eliminated 15719 rows and 41052 columns.
MIP Presolve modified 1500 coefficients.
Reduced MIP has 325112 rows, 977510 columns, and 2694103 nonzeros.
Reduced MIP has 9155 binaries, 0 generals, 0 SOSs, and 0 indicators.
Presolve time = 4,32 sec. (1295,89 ticks)
Probing time = 70,72 sec. (33,99 ticks)
MIP emphasis: balance optimality and feasibility.
MIP search method: dynamic search.
Parallel mode: deterministic, using up to 8 threads.
Root relaxation solution time = 60,50 sec. (1333,91 ticks)

        Nodes                                         Cuts/
   Node  Left     Objective  IInf  Best Integer    Best Bound    ItCnt     Gap

*     0+    0                            0,0000    73880,0550              --- 
      0     0    17222,0000  4082        0,0000    17222,0000     8542     --- 
      0     0    16920,8720  2384        0,0000    Cuts: 9952   668041     --- 
      0     0    16744,5444  3228        0,0000    Cuts: 8933  1137668     --- 
      0     0    16475,2195  2889        0,0000    Cuts: 9892  1702951     --- 
*     0+    0                         6900,8302    16475,2195           138,74%
*     0+    0                         8920,4729    16475,2195            84,69%
*     0+    0                         9771,6534    16475,2195            68,60%
*     0+    0                         9779,2540    16475,2195            68,47%
*     0+    0                         9780,1349    16475,2195            68,46%
      0     0    16301,6762  2874     9780,1349    Cuts: 9995  1768322   66,68%
      0     0    16132,5038  2623     9780,1349    Cuts: 9949  1893992   64,95%
      0     0    16084,1494  2557     9780,1349    Cuts: 9935  2001561   64,46%
*     0+    0                        10735,7442    16084,1494            49,82%
*     0+    0                        10762,4480    16084,1494            49,45%
*     0+    0                        10770,1897    16084,1494            49,34%
      0     0    16031,9842  2648    10770,1897    Cuts: 9815  2132452   48,86%
      0     0    15998,1097  2530    10770,1897    Cuts: 9520  2240793   48,54%
