
<<< setup


<<< generate

Found incumbent of value 0,000000 after 0,02 sec. (18,60 ticks)
Tried aggregator 8 times.
MIP Presolve eliminated 340841 rows and 307422 columns.
MIP Presolve modified 33458 coefficients.
Aggregator did 98092 substitutions.
Reduced MIP has 60004 rows, 116247 columns, and 358560 nonzeros.
Reduced MIP has 2744 binaries, 0 generals, 0 SOSs, and 0 indicators.
Presolve time = 8,90 sec. (9011,22 ticks)
Probing time = 0,02 sec. (4,76 ticks)
Tried aggregator 1 time.
Reduced MIP has 60004 rows, 116247 columns, and 358560 nonzeros.
Reduced MIP has 2744 binaries, 0 generals, 0 SOSs, and 0 indicators.
Presolve time = 0,25 sec. (197,42 ticks)
Probing time = 0,02 sec. (4,93 ticks)
MIP emphasis: balance optimality and feasibility.
MIP search method: dynamic search.
Parallel mode: deterministic, using up to 8 threads.
Root relaxation solution time = 0,72 sec. (307,33 ticks)

        Nodes                                         Cuts/
   Node  Left     Objective  IInf  Best Integer    Best Bound    ItCnt     Gap

*     0+    0                            0,0000    32315,4361              --- 
      0     0     7852,0000  1527        0,0000     7852,0000     3756     --- 
*     0+    0                         4536,1114     7852,0000            73,10%
      0     0     7721,9979   990     4536,1114    Cuts: 4535    43875   70,23%
      0     0     7601,9415  1173     4536,1114    Cuts: 5571    89607   67,59%
      0     0     7485,1420  1252     4536,1114    Cuts: 7125   107969   65,01%
*     0+    0                         5293,2213     7485,1420            41,41%
*     0+    0                         5452,2921     7485,1420            37,28%
*     0+    0                         5457,2497     7485,1420            37,16%
      0     0     7380,0602   980     5457,2497    Cuts: 8063   152759   35,23%
      0     0     7332,6101   770     5457,2497    Cuts: 7144   180803   34,36%
      0     0     7310,0519   566     5457,2497    Cuts: 4884   203810   33,95%
*     0+    0                         5935,0083     7310,0519            23,17%
*     0+    0                         6034,2140     7310,0519            21,14%
*     0+    0                         6039,3915     7310,0519            21,04%
*     0+    0                         6846,8953     7310,0519             6,76%
      0     0     7300,2418   447     6846,8953    Cuts: 3197   222035    6,62%
      0     0     7294,6232   468     6846,8953    Cuts: 1940   242213    6,54%
      0     0     7288,2032   459     6846,8953    Cuts: 1803   261535    6,45%
*     0+    0                         6966,1026     7288,2032             4,62%
*     0+    0                         7032,9437     7288,2032             3,63%
*     0+    0                         7034,5713     7288,2032             3,61%
      0     0     7282,6812   455     7034,5713    Cuts: 1915   286942    3,53%
      0     0     7278,9761   414     7034,5713    Cuts: 1540   312742    3,47%
      0     0     7276,7938   405     7034,5713    Cuts: 1279   324767    3,44%
*     0+    0                         7044,2876     7276,7938             3,30%
      0     0     7274,6126   360     7044,2876    Cuts: 1654   327246    3,27%
      0     0     7272,6863   345     7044,2876     Cuts: 682   340708    3,24%
      0     0     7271,3406   350     7044,2876     Cuts: 899   373221    3,22%
*     0+    0                         7048,6053     7271,3406             3,16%
      0     0     7270,3166   340     7048,6053     Cuts: 956   437387    3,15%
      0     0     7269,2389   320     7048,6053     Cuts: 678   452316    3,13%
      0     0     7268,8946   320     7048,6053     Cuts: 659   471138    3,13%
*     0+    0                         7053,9254     7268,8946             3,05%
*     0+    0                         7054,0039     7268,8946             3,05%
      0     2     7268,8946   320     7054,0039     7268,8946   471138    3,05%
Elapsed time = 1212,10 sec. (725240,31 ticks, tree = 0,00 MB, solutions = 16)
      1     3     7249,2539   319     7054,0039     7268,8946   489852    3,05%
      2     4     7267,1456   317     7054,0039     7268,8946   496540    3,05%
      3     5     7264,3306   316     7054,0039     7266,0020   496617    3,01%
*     4+    4                         7054,3247     7266,0020             3,00%
*     4+    4                         7055,4308     7266,0020             2,98%
      4     6     7237,8134   315     7055,4308     7266,0020   500458    2,98%
      7     9     7235,4851   316     7055,4308     7266,0020   530838    2,98%
      9    11     7228,1809   331     7055,4308     7266,0020   544056    2,98%
     10    12     7261,1996   313     7055,4308     7263,9595   544635    2,96%
     11    13     7232,7040   321     7055,4308     7263,9595   547522    2,96%
     12    14     7240,6757   312     7055,4308     7263,9595   554972    2,96%
*    13+   13                         7055,7241     7263,9595             2,95%
     13    15     7237,7355   314     7055,7241     7263,9595   565484    2,95%
Elapsed time = 1562,87 sec. (914536,73 ticks, tree = 0,00 MB, solutions = 19)
*    15+   15                         7055,8938     7263,9595             2,95%
     19    21     7254,7428   312     7055,8938     7263,9595   649285    2,95%
     20    22     7230,2506   315     7055,8938     7263,9595   692227    2,95%
*    25+   25                         7055,9355     7263,9595             2,95%
     25    27     7218,8007   329     7055,9355     7263,9595   712827    2,95%
*    26+   26                         7056,0189     7263,9595             2,95%
     42    44     7251,7610   311     7056,0189     7263,9595   789851    2,95%
     43    45     7226,7383   331     7056,0189     7263,9595   808872    2,95%
     47    49     7181,3362   373     7056,0189     7263,9595   851876    2,95%
     51    53     7223,2491   336     7056,0189     7263,9595   894047    2,95%
     55    57     7189,3868   356     7056,0189     7263,9595   971425    2,95%
     87    89     7245,0407   304     7056,0189     7263,9595  1160736    2,95%
     88    90     7223,3556   319     7056,0189     7263,9595  1190332    2,95%
Elapsed time = 2546,41 sec. (1100687,50 ticks, tree = 0,00 MB, solutions = 24)
     96    98     7221,0525   317     7056,0189     7263,9595  1286828    2,95%
    121   123     7182,1505   343     7056,0189     7263,9595  1469601    2,95%
    149   151     7203,7289   344     7056,0189     7263,9595  1586026    2,95%
    158   160     7232,6938   335     7056,0189     7263,9595  1668651    2,95%
    170   172     7181,3692   244     7056,0189     7263,9595  1749680    2,95%
    171   173     7225,5975   335     7056,0189     7263,9595  1761170    2,95%
    172   174     7219,7407   315     7056,0189     7263,9595  1806045    2,95%
    180   182     7216,0032   317     7056,0189     7263,9595  1894799    2,95%
    184   186     7183,7497   346     7056,0189     7263,9595  1947058    2,95%
    192   194     7163,0549   358     7056,0189     7263,9595  1970467    2,95%
Elapsed time = 3605,14 sec. (1311181,16 ticks, tree = 0,00 MB, solutions = 24)
    194   196     7165,0807   276     7056,0189     7263,9595  1994690    2,95%
    200   202     7178,8786   333     7056,0189     7263,9595  2056665    2,95%
    208   210     7182,0836   348     7056,0189     7263,9595  2143719    2,95%
    224   226     7177,1630   251     7056,0189     7263,9595  2222974    2,95%
    231   233     7224,0629   330     7056,0189     7263,9595  2262361    2,95%
    302   304     7076,4851   221     7056,0189     7263,9595  2485373    2,95%
    303   305     7228,4147   334     7056,0189     7263,9595  2492419    2,95%
    304   306     7196,1896   320     7056,0189     7263,9595  2500866    2,95%
    311   313     7225,8288   330     7056,0189     7263,9595  2540230    2,95%
    312   314     7203,2361   321     7056,0189     7263,9595  2564022    2,95%
Elapsed time = 4788,31 sec. (1486386,90 ticks, tree = 85,03 MB, solutions = 24)
    320   322     7201,1020   315     7056,0189     7263,9595  2617966    2,95%
    327   329     7222,8343   333     7056,0189     7263,9595  2727136    2,95%
    335   337     7220,3100   331     7056,0189     7263,9595  2852224    2,95%
    410   408     7220,9456   323     7056,0189     7263,9595  3423491    2,95%
    416   414     7166,3922   329     7056,0189     7263,9595  3520031    2,95%
    418   416     7216,5055   330     7056,0189     7263,9595  3556415    2,95%
    420   416     7182,5195   329     7056,0189     7263,9595  3590680    2,95%
    424   420     7160,7463   328     7056,0189     7263,9595  3653186    2,95%
    428   424     7185,5385   324     7056,0189     7263,9595  3718831    2,95%
    432   428     7164,5669   331     7056,0189     7263,9595  3836022    2,95%
Elapsed time = 6578,67 sec. (1773642,40 ticks, tree = 177,37 MB, solutions = 24)
    440   436     7161,6298   328     7056,0189     7263,9595  3999653    2,95%
    449   445     7212,5584   326     7056,0189     7263,9595  4240627    2,95%
    451   447     7183,1575   330     7056,0189     7263,9595  4277337    2,95%
    456   452     7169,0741   242     7056,0189     7263,9595  4359823    2,95%
    475   469     7210,0609   327     7056,0189     7263,9595  4571734    2,95%
    476   470     7168,3682   251     7056,0189     7263,9595  4582105    2,95%
    483   477     7210,8479   319     7056,0189     7263,9595  4622600    2,95%
    484   478     7162,6928   248     7056,0189     7263,9595  4649904    2,95%
    488   482     7147,8009   283     7056,0189     7263,9595  4693069    2,95%
    492   486     7161,0719   274     7056,0189     7263,9595  4765114    2,95%
Elapsed time = 7769,85 sec. (1941801,85 ticks, tree = 232,11 MB, solutions = 24)
    496   490     7146,6369   282     7056,0189     7263,9595  4814914    2,95%
    500   494     7163,7229   251     7056,0189     7263,9595  4878414    2,95%
    504   496     7144,0509   281     7056,0189     7263,9595  4925107    2,95%
    505   497     7160,4623   321     7056,0189     7263,9595  4954832    2,95%
    507   499     7205,2227   318     7056,0189     7263,9595  4962661    2,95%
    515   507     7204,8065   317     7056,0189     7263,9595  5084926    2,95%
    523   515     7202,9368   317     7056,0189     7263,9595  5193602    2,95%
    531   523     7199,6661   311     7056,0189     7263,9595  5300297    2,95%
*   575+  551                         7062,5224     7263,9595             2,85%
    579   545     7195,7614   311     7062,5224     7263,9595  5934205    2,85%
    587   553     7193,9167   309     7062,5224     7263,9595  6017721    2,85%
Elapsed time = 9316,23 sec. (2219386,15 ticks, tree = 299,74 MB, solutions = 25)
    595   561     7183,7428   224     7062,5224     7263,9595  6217831    2,85%
    603   569     7181,4783   223     7062,5224     7263,9595  6362763    2,85%
    611   577     7180,7257   226     7062,5224     7263,9595  6476836    2,85%
    619   585     7180,2399   222     7062,5224     7263,9595  6577057    2,85%
    627   593     7175,2268   227     7062,5224     7263,9595  6688243    2,85%
    629   595     7150,8901   255     7062,5224     7263,9595  6717585    2,85%
    637   603     7150,4565   255     7062,5224     7263,9595  6943619    2,85%
    645   609     7143,3134   259     7062,5224     7263,9595  7016513    2,85%
    653   617     7149,9251   257     7062,5224     7263,9595  7109068    2,85%
    670   634     7104,6638   292     7062,5224     7263,9595  7304874    2,85%
Elapsed time = 11097,26 sec. (2512843,38 ticks, tree = 299,74 MB, solutions = 25)
    707   659     7173,9229   236     7062,5224     7263,9595  7646250    2,85%
    708   660     7087,4700   149     7062,5224     7263,9595  7675810    2,85%
    714   666     7225,5603   357     7062,5224     7263,9595  7780947    2,85%
    715   667     7167,3129   253     7062,5224     7263,9595  7793876    2,85%
    721   673     7099,0209   290     7062,5224     7263,9595  7858370    2,85%
    722   674     7226,4555   361     7062,5224     7263,9595  7872885    2,85%
    729   681     7084,6968   272     7062,5224     7263,9595  7995212    2,85%
    737   687     7083,6182   267     7062,5224     7263,9595  8098809    2,85%
    745   695     7083,5810   266     7062,5224     7263,9595  8217863    2,85%
    754   704     7201,3073   377     7062,5224     7263,9595  8331382    2,85%
Elapsed time = 12615,59 sec. (2704494,33 ticks, tree = 387,03 MB, solutions = 25)
    761   711     7075,7994   280     7062,5224     7263,9595  8414200    2,85%
    762   712     7217,4430   351     7062,5224     7263,9595  8417627    2,85%
    769   717     7083,0793   270     7062,5224     7263,9595  8487876    2,85%
    770   718     7215,4342   350     7062,5224     7263,9595  8540804    2,85%
    778   726     7213,1344   348     7062,5224     7263,9595  8653768    2,85%
    786   732     7212,5864   349     7062,5224     7263,9595  8766529    2,85%
    802   746     7197,1786   360     7062,5224     7263,9595  8906258    2,85%
    810   754     7210,6089   345     7062,5224     7263,9595  8962343    2,85%
    828   768     7173,9898   313     7062,5224     7263,9595  9107360    2,85%
    848   787     7228,3012   334     7062,5224     7263,9595  9375860    2,85%
Elapsed time = 13589,39 sec. (2888379,14 ticks, tree = 387,03 MB, solutions = 25)
    866   797     7139,2115   244     7062,5224     7255,5646  9603654    2,73%
    869   798     7123,8535   143     7062,5224     7255,5646  9684766    2,73%
    877   806     7122,8910   149     7062,5224     7255,5646  9810355    2,73%
    879   808     7233,9024   326     7062,5224     7255,5646  9853960    2,73%
    887   816     7231,0218   323     7062,5224     7255,5646  9910892    2,73%
