
<<< setup


<<< generate

Found incumbent of value 0.000000 after 0.05 sec. (16.51 ticks)
Tried aggregator 8 times.
MIP Presolve eliminated 112266 rows and 336358 columns.
MIP Presolve modified 29441 coefficients.
Aggregator did 91380 substitutions.
Reduced MIP has 48165 rows, 104103 columns, and 322067 nonzeros.
Reduced MIP has 13600 binaries, 0 generals, 0 SOSs, and 0 indicators.
Presolve time = 17.16 sec. (7380.71 ticks)
Probing time = 0.07 sec. (4.61 ticks)
Tried aggregator 1 time.
Reduced MIP has 48165 rows, 104103 columns, and 322067 nonzeros.
Reduced MIP has 13600 binaries, 0 generals, 0 SOSs, and 0 indicators.
Presolve time = 0.49 sec. (176.16 ticks)
Probing time = 0.22 sec. (4.90 ticks)
MIP emphasis: balance optimality and feasibility.
MIP search method: dynamic search.
Parallel mode: deterministic, using up to 8 threads.
Root relaxation solution time = 2.29 sec. (913.91 ticks)

        Nodes                                         Cuts/
   Node  Left     Objective  IInf  Best Integer    Best Bound    ItCnt     Gap

*     0+    0                            0.0000    30276.8502              --- 
      0     0     7863.0000  1527        0.0000     7863.0000     4913     --- 
      0     0     7685.1696  1294        0.0000    Cuts: 4669    29950     --- 
      0     0     7557.2375  1201        0.0000    Cuts: 3925    38402     --- 
      0     0     7429.7535  1114        0.0000    Cuts: 3469    66609     --- 
*     0+    0                         5642.9392     7429.7535            31.66%
*     0+    0                         5671.3114     7429.7535            31.01%
*     0+    0                         5805.4112     7429.7535            27.98%
*     0+    0                         5809.8045     7429.7535            27.88%
      0     0     7302.5231   999     5809.8045    Cuts: 3095    94139   25.69%
      0     0     7242.1715   425     5809.8045    Cuts: 2501   118621   24.65%
      0     0     7199.6176    68     5809.8045    Cuts: 1256   155451   23.92%
*     0+    0                         6962.2240     7199.6176             3.41%
*     0+    0                         7021.5969     7199.6176             2.54%
*     0+    0                         7038.5104     7199.6176             2.29%
*     0+    0                         7066.6577     7199.6176             1.88%
*     0+    0                         7066.6932     7199.6176             1.88%
      0     0     7197.2665   121     7066.6932     Cuts: 544   166868    1.85%
      0     0     7196.8689   159     7066.6932     Cuts: 592   173017    1.84%
      0     0     7196.8196   130     7066.6932     Cuts: 612   176903    1.84%
*     0+    0                         7107.9595     7196.8196             1.25%
*     0+    0                         7114.9176     7196.8196             1.15%
      0     0     7196.7561   157     7114.9176     Cuts: 516   183799    1.15%
Heuristic still looking.
Heuristic still looking.
Heuristic still looking.
      0     2     7196.7561   157     7114.9176     7196.7561   183799    1.15%
Elapsed time = 886.00 sec. (303891.57 ticks, tree = 0.00 MB, solutions = 12)
      2     4     7196.7561   152     7114.9176     7196.7561   202169    1.15%
      4     6     7196.5988   145     7114.9176     7196.7561   220441    1.15%
      9    11     7196.5988   145     7114.9176     7196.7561   224118    1.15%
     10    12     7196.7331   155     7114.9176     7196.7561   231804    1.15%
     13    15     7196.5779   162     7114.9176     7196.7561   260318    1.15%
     17    19     7196.5530   142     7114.9176     7196.7549   298597    1.15%
     18    20     7196.5339   136     7114.9176     7196.7549   304601    1.15%
     19    21     7196.5544   144     7114.9176     7196.7549   311748    1.15%
     23    25     7196.5310   144     7114.9176     7196.7549   331471    1.15%
     28    30     7196.4892   158     7114.9176     7196.7549   339606    1.15%
Elapsed time = 1309.56 sec. (402838.05 ticks, tree = 0.00 MB, solutions = 12)
*    29+   29                         7128.7580     7196.7549             0.95%
     34    34     7196.4028   142     7128.7580     7196.7549   415818    0.95%
     40    40     7196.3719   153     7128.7580     7196.7549   417894    0.95%
     45    45     7196.1470   152     7128.7580     7196.7549   436032    0.95%
     49    49     7196.4028   139     7128.7580     7196.7549   454823    0.95%

Implied bound cuts applied:  1045
Flow cuts applied:  15708
Mixed integer rounding cuts applied:  3398
Flow path cuts applied:  359
Lift and project cuts applied:  1
Gomory fractional cuts applied:  327

Root node processing (before b&c):
  Real time             =  885.51 sec. (303839.62 ticks)
Parallel b&c, 8 threads:
  Real time             =  628.21 sec. (144844.10 ticks)
  Sync time (average)   =  283.53 sec.
  Wait time (average)   =  283.74 sec.
                          ------------
Total (root+branch&cut) = 1513.72 sec. (448683.72 ticks)

<<< solve


OBJECTIVE: 7128.758
avg_utility = 0.906621

<<< post process


<<< done

