
<<< setup


<<< generate

Tried aggregator 2 times.
MIP Presolve eliminated 240899 rows and 122913 columns.
MIP Presolve modified 1121 coefficients.
Aggregator did 1120 substitutions.
Reduced MIP has 113 rows, 672 columns, and 1232 nonzeros.
Reduced MIP has 588 binaries, 84 generals, 0 SOSs, and 0 indicators.
Presolve time = 0,09 sec. (124,96 ticks)
Found incumbent of value 0,000000 after 0,10 sec. (133,61 ticks)
Probing time = 0,00 sec. (0,25 ticks)
Tried aggregator 1 time.
Presolve time = 0,00 sec. (3,52 ticks)
Probing time = 0,00 sec. (0,25 ticks)
Clique table members: 98.
MIP emphasis: balance optimality and feasibility.
MIP search method: dynamic search.
Parallel mode: deterministic, using up to 24 threads.
Root relaxation solution time = 0,00 sec. (2,89 ticks)

        Nodes                                         Cuts/
   Node  Left     Objective  IInf  Best Integer    Best Bound    ItCnt     Gap

*     0+    0                            0,0000      699,2480      307     --- 
*     0+    0                          157,4355      699,2480      307  344,15%
      0     0      158,6322     2      157,4355      158,6322      307    0,76%
*     0+    0                          158,6051      158,6322      307    0,02%

Repeating presolve.
Tried aggregator 1 time.
MIP Presolve eliminated 0 rows and 336 columns.
MIP Presolve modified 339 coefficients.
Reduced MIP has 113 rows, 336 columns, and 560 nonzeros.
Reduced MIP has 294 binaries, 42 generals, 0 SOSs, and 0 indicators.
Presolve time = 0,00 sec. (4,57 ticks)
Probing time = 0,00 sec. (0,08 ticks)
Tried aggregator 1 time.
Presolve time = 0,00 sec. (3,23 ticks)
Represolve time = 0,01 sec. (14,55 ticks)
Probing time = 0,00 sec. (0,08 ticks)
Clique table members: 98.
MIP emphasis: balance optimality and feasibility.
MIP search method: dynamic search.
Parallel mode: deterministic, using up to 24 threads.
Root relaxation solution time = 0,00 sec. (0,21 ticks)

        Nodes                                         Cuts/
   Node  Left     Objective  IInf  Best Integer    Best Bound    ItCnt     Gap

*     0+    0                          158,6051      158,6322      307    0,02%
      0     0        cutoff            158,6051                    307    0,00%

Root node processing (before b&c):
  Real time             =    0,05 sec. (33,82 ticks)
Parallel b&c, 24 threads:
  Real time             =    0,00 sec. (0,00 ticks)
  Sync time (average)   =    0,00 sec.
  Wait time (average)   =    0,00 sec.
                          ------------
Total (root+branch&cut) =    0,05 sec. (33,82 ticks)

<<< solve


OBJECTIVE: 158.6051
avg_utility = 0.9730374355828204

<<< post process


<<< done

