
<<< setup


<<< generate

Found incumbent of value 0,000000 after 0,00 sec. (0,37 ticks)
Tried aggregator 3 times.
MIP Presolve eliminated 1572 rows and 9275 columns.
Aggregator did 2891 substitutions.
Reduced MIP has 49 rows, 195 columns, and 635 nonzeros.
Reduced MIP has 0 binaries, 0 generals, 0 SOSs, and 0 indicators.
Presolve time = 0,02 sec. (14,21 ticks)
Tried aggregator 1 time.
Reduced MIP has 49 rows, 195 columns, and 635 nonzeros.
Reduced MIP has 0 binaries, 0 generals, 0 SOSs, and 0 indicators.
Presolve time = 0,00 sec. (0,32 ticks)
MIP emphasis: balance optimality and feasibility.
MIP search method: dynamic search.
Parallel mode: deterministic, using up to 24 threads.
Root relaxation solution time = 0,00 sec. (0,26 ticks)

        Nodes                                         Cuts/
   Node  Left     Objective  IInf  Best Integer    Best Bound    ItCnt     Gap

*     0+    0                         2044,0000    15421,4000           654,47%
*     0     0      integral     0     3466,2333     3466,2333       56    0,00%
Elapsed time = 0,02 sec. (15,80 ticks, tree = 0,00 MB, solutions = 2)

Root node processing (before b&c):
  Real time             =    0,02 sec. (16,33 ticks)
Parallel b&c, 24 threads:
  Real time             =    0,00 sec. (0,00 ticks)
  Sync time (average)   =    0,00 sec.
  Wait time (average)   =    0,00 sec.
                          ------------
Total (root+branch&cut) =    0,02 sec. (16,33 ticks)

<<< solve


OBJECTIVE: 3466.233
avg_utility = 0.420302

<<< post process


<<< done

