
<<< setup


<<< generate

Aggregator has done 80245 substitutions...
Tried aggregator 12 times.
MIP Presolve eliminated 94628 rows and 268981 columns.
MIP Presolve modified 35318 coefficients.
Aggregator did 85145 substitutions.
Reduced MIP has 96768 rows, 266515 columns, and 717294 nonzeros.
Reduced MIP has 37049 binaries, 4392 generals, 0 SOSs, and 0 indicators.
Presolve time = 15,10 sec. (11560,50 ticks)
Found incumbent of value 55,800000 after 15,60 sec. (11923,16 ticks)
Probing time = 0,07 sec. (23,98 ticks)
Tried aggregator 1 time.
Presolve time = 0,31 sec. (216,27 ticks)
Probing time = 0,30 sec. (23,98 ticks)
Clique table members: 1604.
MIP emphasis: balance optimality and feasibility.
MIP search method: dynamic search.
Parallel mode: deterministic, using up to 24 threads.
Root relaxation solution time = 5,74 sec. (3159,49 ticks)

        Nodes                                         Cuts/
   Node  Left     Objective  IInf  Best Integer    Best Bound    ItCnt     Gap

*     0+    0                           55,8000    22347,0000    17204     --- 
*     0+    0                          192,0000    22347,0000    17204     --- 
*     0+    0                          220,0000    22347,0000    17204     --- 
*     0+    0                          234,4000    22347,0000    17204     --- 
*     0+    0                          242,4000    22347,0000    17204     --- 
*     0+    0                          249,6000    22347,0000    17204     --- 
*     0+    0                          254,4000    22347,0000    17204     --- 
      0     0     7449,0000  2132      254,4000     7449,0000    17204     --- 
*     0+    0                         4668,6000     7449,0000   108069   59,56%
      0     0     7296,7390  1629     4668,6000    Cuts: 6431   108069   56,29%
      0     0     7189,3210  1732     4668,6000    Cuts: 5896   161742   53,99%
      0     0     7004,4185  1930     4668,6000    Cuts: 6003   173413   50,03%
*     0+    0                         4883,6000     7004,4185   173413   43,43%
*     0+    0                         5140,6000     7004,4185   173413   36,26%
*     0+    0                         5597,8000     7004,4185   173413   25,13%
*     0+    0                         5598,8000     7004,4185   173413   25,11%
      0     0     6883,9803  2083     5598,8000    Cuts: 5947   183346   22,95%
      0     0     6735,3363  1849     5598,8000    Cuts: 5964   196164   20,30%
      0     0     6659,1052  1856     5598,8000    Cuts: 4986   211851   18,94%
      0     0     6569,5672  2209     5598,8000    Cuts: 5194   231967   17,34%
      0     0     6498,1995  1950     5598,8000    Cuts: 5680   249368   16,06%
      0     0     6437,4498  2082     5598,8000    Cuts: 5110   277342   14,98%
      0     0     6392,8365  2112     5598,8000    Cuts: 5055   317158   14,18%
      0     0     6347,3555  1893     5598,8000    Cuts: 4565   393314   13,37%
      0     0     6317,4502  2109     5598,8000    Cuts: 3749   403223   12,84%
      0     0     6285,6328  2104     5598,8000    Cuts: 4238   415493   12,27%
      0     0     6260,9499  1778     5598,8000    Cuts: 3990   429530   11,83%
      0     0     6238,8825  1912     5598,8000    Cuts: 2914   448225   11,43%
      0     0     6219,6717  1657     5598,8000    Cuts: 3142   459600   11,09%
      0     0     6205,3063  1488     5598,8000    Cuts: 2499   471544   10,83%
      0     0     6196,9021  1591     5598,8000    Cuts: 2120   482712   10,68%
*     0+    0                         6016,8000     6196,9021   482712    2,99%
      0     0     6185,8005  1429     6016,8000    Cuts: 2050   493459    2,81%
      0     0     6179,6274  1292     6016,8000    Cuts: 1574   515966    2,71%
      0     0     6172,4302  1129     6016,8000    Cuts: 1297   534517    2,59%
      0     0     6166,9926  1101     6016,8000    Cuts: 1199   549455    2,50%
*     0+    0                         6021,2000     6166,9926   573508    2,42%
      0     0     6163,7287  1034     6021,2000    Cuts: 1359   573508    2,37%
      0     0     6161,7106  1006     6021,2000    Cuts: 1161   583349    2,33%
      0     0     6160,1417   988     6021,2000     Cuts: 993   595042    2,31%
      0     0     6158,5239   951     6021,2000     Cuts: 873   602087    2,28%
      0     0     6157,5736   854     6021,2000     Cuts: 758   610970    2,26%
      0     0     6157,0162   907     6021,2000     Cuts: 634   622047    2,26%
      0     0     6156,0576   842     6021,2000     Cuts: 670   631041    2,24%
      0     0     6155,2562   877     6021,2000     Cuts: 694   638930    2,23%
Heuristic still looking.
Heuristic still looking.
Heuristic still looking.
      0     2     6155,2562   877     6021,2000     6155,2562   638930    2,23%
Elapsed time = 3612,67 sec. (2334910,00 ticks, tree = 0,01 MB, solutions = 14)
      1     3     6155,2441   917     6021,2000     6155,2562   643349    2,23%
      2     4     6155,1631   866     6021,2000     6155,2562   644463    2,23%
      3     5     6155,1596   858     6021,2000     6155,2420   646411    2,23%
      4     6     6155,1848   914     6021,2000     6155,2420   647995    2,23%
      6     8     6155,1629   917     6021,2000     6155,2420   650753    2,23%
      7     9     6155,0488   881     6021,2000     6155,2420   653498    2,23%
      8    10     6154,9413   916     6021,2000     6155,2420   656074    2,23%
      9    11     6155,0700   852     6021,2000     6155,1631   657581    2,22%
     13    15     6154,8160   867     6021,2000     6155,1631   661133    2,22%
     14    16     6154,8532   892     6021,2000     6155,1631   662270    2,22%
Elapsed time = 3675,76 sec. (2376943,56 ticks, tree = 0,01 MB, solutions = 14)
     15    17     6154,7944   852     6021,2000     6155,1631   662585    2,22%
     17    19     6154,9975   901     6021,2000     6155,1631   665536    2,22%
     18    20     6155,0380   878     6021,2000     6155,1631   668220    2,22%
     19    21     6154,9530   908     6021,2000     6155,1631   671408    2,22%
     22    24     6154,6552   906     6021,2000     6155,1631   684236    2,22%
     29    31     6154,5938   899     6021,2000     6155,1631   692779    2,22%
     31    33     6154,8607   859     6021,2000     6155,1631   698314    2,22%
     32    34     6155,0174   950     6021,2000     6155,1631   700269    2,22%
     39    41     6154,7251   915     6021,2000     6155,1631   713570    2,22%
     40    42     6154,6648   969     6021,2000     6155,1631   717975    2,22%
Elapsed time = 3800,80 sec. (2445734,51 ticks, tree = 0,01 MB, solutions = 14)
     56    58     6154,6439   852     6021,2000     6155,1631   739735    2,22%
     57    59     6154,9096  1003     6021,2000     6155,1631   741494    2,22%
     70    72     6154,5529   974     6021,2000     6155,1631   747336    2,22%
     73    75     6154,6005   891     6021,2000     6155,1631   748838    2,22%
     75    77     6154,4923   964     6021,2000     6155,1631   752569    2,22%
     77    79     6154,3906   934     6021,2000     6155,1631   756961    2,22%
    212   214     6154,2837   792     6021,2000     6155,1631   828381    2,22%
    213   215     6154,8902   954     6021,2000     6155,1631   828468    2,22%
    237   239     6154,4941   873     6021,2000     6155,1631   860916    2,22%
    248   250     6154,0006   817     6021,2000     6155,1631   871197    2,22%
Elapsed time = 4682,91 sec. (2636852,92 ticks, tree = 15,82 MB, solutions = 14)
    265   267     6154,0764   782     6021,2000     6155,1631  1000706    2,22%
    394   396     6151,9904   773     6021,2000     6155,1631  1439010    2,22%
    438   440     6152,5739   660     6021,2000     6155,1631  1466591    2,22%
    442   444     6151,7857   787     6021,2000     6155,1631  1500372    2,22%
    456   458     6154,2730   892     6021,2000     6155,1631  1591174    2,22%
    533   535     6153,8318   807     6021,2000     6155,1631  1794350    2,22%
    763   765     6151,4437   665     6021,2000     6155,1631  2073467    2,22%
    766   768     6153,7784   810     6021,2000     6155,1631  2095344    2,22%
    786   788     6154,0371   786     6021,2000     6155,1631  2245096    2,22%
    789   791     6153,7427   779     6021,2000     6155,1631  2268853    2,22%
Elapsed time = 7200,86 sec. (3351588,81 ticks, tree = 30,93 MB, solutions = 14)
    802   804     6154,3136   890     6021,2000     6155,1631  2352672    2,22%
    822   824     6140,2960   987     6021,2000     6155,1631  2418522    2,22%

Cover cuts applied:  60
Implied bound cuts applied:  322
Flow cuts applied:  36016
Mixed integer rounding cuts applied:  27427
Flow path cuts applied:  3682
Gomory fractional cuts applied:  274

Root node processing (before b&c):
  Real time             = 3593,99 sec. (2322111,56 ticks)
Parallel b&c, 24 threads:
  Real time             = 3603,46 sec. (1051071,77 ticks)
  Sync time (average)   =    0,07 sec.
  Wait time (average)   =    0,00 sec.
                          ------------
Total (root+branch&cut) = 7197,45 sec. (3373183,33 ticks)

<<< solve


OBJECTIVE: 6021.2
avg_utility = 0.8083232648677658

<<< post process


<<< done

