
<<< setup


<<< generate

Presolve has eliminated 484139 rows and 997136 columns...
Tried aggregator 8 times.
MIP Presolve eliminated 814027 rows and 1356923 columns.
MIP Presolve modified 8150 coefficients.
Aggregator did 102161 substitutions.
Reduced MIP has 24964 rows, 47053 columns, and 127926 nonzeros.
Reduced MIP has 18543 binaries, 6378 generals, 0 SOSs, and 0 indicators.
Presolve time = 24,47 sec. (118830,14 ticks)
Found incumbent of value 0,000000 after 24,62 sec. (118951,85 ticks)
Probing time = 0,10 sec. (68,16 ticks)
Tried aggregator 2 times.
MIP Presolve eliminated 3676 rows and 3650 columns.
Aggregator did 2192 substitutions.
Reduced MIP has 19096 rows, 41211 columns, and 104054 nonzeros.
Reduced MIP has 18543 binaries, 6378 generals, 0 SOSs, and 0 indicators.
Presolve time = 0,19 sec. (223,47 ticks)
Probing time = 0,05 sec. (7,51 ticks)
Tried aggregator 1 time.
Reduced MIP has 19096 rows, 41211 columns, and 104054 nonzeros.
Reduced MIP has 18543 binaries, 6378 generals, 0 SOSs, and 0 indicators.
Presolve time = 0,07 sec. (82,11 ticks)
Probing time = 0,02 sec. (7,53 ticks)
Clique table members: 1733.
MIP emphasis: balance optimality and feasibility.
MIP search method: dynamic search.
Parallel mode: deterministic, using up to 8 threads.
Root relaxation solution time = 0,36 sec. (548,93 ticks)

        Nodes                                         Cuts/
   Node  Left     Objective  IInf  Best Integer    Best Bound    ItCnt     Gap

*     0+    0                            0,0000    46068,6819              --- 
*     0+    0                          282,8572    46068,6819              --- 
      0     0     4000,1500     9      282,8572     4000,1500     4271     --- 
      0     0     4000,1500     9      282,8572       Cuts: 5     4275     --- 
      0     0     4000,1500    11      282,8572     Covers: 4     4278     --- 
*     0+    0                         3995,4689     4000,1500             0,12%
      0     2     4000,1500    11     3995,4689     4000,1500     4278    0,12%
Elapsed time = 27,09 sec. (122966,35 ticks, tree = 0,00 MB, solutions = 3)
     23    25     3996,4180    10     3995,4689     4000,1500     4444    0,12%
    131    94     3999,3043     9     3995,4689     4000,1500     5284    0,12%
    282   197     3996,3902     6     3995,4689     4000,1500     6917    0,12%
    348   229     3996,3605     8     3995,4689     4000,1500     9772    0,12%
    456   291     3997,7291    12     3995,4689     4000,1500    11426    0,12%
    606   395        cutoff           3995,4689     4000,1500    12849    0,12%
    760   482     3998,7566     6     3995,4689     4000,1500    15402    0,12%
    861   544     3995,7605     5     3995,4689     4000,1500    17299    0,12%
    985   635        cutoff           3995,4689     4000,1500    19664    0,12%
   1179   784     3996,6335     9     3995,4689     4000,1500    27812    0,12%
Elapsed time = 34,14 sec. (127169,62 ticks, tree = 8,24 MB, solutions = 3)
   1313   880     3997,4368    10     3995,4689     4000,1500    34131    0,12%
*  1435+  970                         3997,1686     3999,9879             0,07%
   1490  1010     3998,6047     5     3997,1686     3999,9879    39680    0,07%
*  1648+  696                         3998,3439     3999,9879             0,04%
   2168   457     3998,5659     2     3998,3439     3999,8291    47237    0,04%
   2732   913     3998,6924     2     3998,3439     3999,7645    56114    0,04%
   2985  1162     3998,6924     2     3998,3439     3999,7645    59110    0,04%
   3347  1524     3999,5697     6     3998,3439     3999,5697    63779    0,03%
*  3352+ 1019                         3999,0117     3999,4877             0,01%
   3352  1021     3999,2346     2     3999,0117     3999,4877    63799    0,01%
*  3363+  584                         3999,2648     3999,4877             0,01%

Cover cuts applied:  3
Mixed integer rounding cuts applied:  5

Root node processing (before b&c):
  Real time             =   27,08 sec. (123008,02 ticks)
Parallel b&c, 8 threads:
  Real time             =   25,77 sec. (17712,78 ticks)
  Sync time (average)   =    3,90 sec.
  Wait time (average)   =    4,05 sec.
                          ------------
Total (root+branch&cut) =   52,85 sec. (140720,80 ticks)

<<< solve


OBJECTIVE: 3999.265
avg_utility = 0.364

<<< post process


<<< done

