
<<< setup


<<< generate

Found incumbent of value 0.000000 after 0.01 sec. (4.58 ticks)
Tried aggregator 5 times.
MIP Presolve eliminated 24514 rows and 69438 columns.
MIP Presolve modified 14015 coefficients.
Aggregator did 21554 substitutions.
Reduced MIP has 23832 rows, 53369 columns, and 142710 nonzeros.
Reduced MIP has 11057 binaries, 2487 generals, 0 SOSs, and 0 indicators.
Presolve time = 2.27 sec. (1314.84 ticks)
Probing time = 0.18 sec. (2.82 ticks)
Tried aggregator 1 time.
Reduced MIP has 23832 rows, 53369 columns, and 142710 nonzeros.
Reduced MIP has 11057 binaries, 2487 generals, 0 SOSs, and 0 indicators.
Presolve time = 0.20 sec. (65.77 ticks)
Probing time = 0.10 sec. (3.00 ticks)
Clique table members: 651.
MIP emphasis: balance optimality and feasibility.
MIP search method: dynamic search.
Parallel mode: deterministic, using up to 8 threads.
Root relaxation solution time = 0.72 sec. (295.40 ticks)

        Nodes                                         Cuts/
   Node  Left     Objective  IInf  Best Integer    Best Bound    ItCnt     Gap

*     0+    0                            0.0000    11521.2000              --- 
*     0+    0                          636.8000    11521.2000              --- 
*     0+    0                          660.2000    11521.2000              --- 
*     0+    0                          671.6000    11521.2000              --- 
      0     0     3948.0000   858      671.6000     3948.0000     5123  487.85%
*     0+    0                         2547.0000     3948.0000            55.01%
      0     0     3832.1586   547     2547.0000    Cuts: 2625    12855   50.46%
      0     0     3781.9811   678     2547.0000    Cuts: 1948    15398   48.49%
      0     0     3677.4322   638     2547.0000    Cuts: 1921    18341   44.38%
*     0+    0                         3064.4000     3677.4322            20.00%
*     0+    0                         3064.6000     3677.4322            20.00%
      0     0     3609.0860   836     3064.6000    Cuts: 1572    21130   17.77%
      0     0     3534.4659   528     3064.6000    Cuts: 1773    24897   15.33%
      0     0     3494.7366   556     3064.6000    Cuts: 1215    27920   14.04%
      0     0     3449.4951   714     3064.6000    Cuts: 1463    30438   12.56%
      0     0     3409.0976   588     3064.6000    Cuts: 1542    32796   11.24%
      0     0     3387.8133   509     3064.6000    Cuts: 1400    34379   10.55%
      0     0     3364.5647   583     3064.6000    Cuts: 1360    36029    9.79%
      0     0     3348.6712   477     3064.6000    Cuts: 1075    37812    9.27%
      0     0     3341.8264   340     3064.6000     Cuts: 724    38824    9.05%
      0     0     3337.5948   431     3064.6000     Cuts: 487    39656    8.91%
      0     0     3333.2592   243     3064.6000     Cuts: 687    40637    8.77%
      0     0     3325.2789   349     3064.6000     Cuts: 366    44648    8.51%
      0     0     3323.1722   261     3064.6000     Cuts: 388    45129    8.44%
      0     0     3321.0268   167     3064.6000     Cuts: 385    45626    8.37%
      0     0     3320.7042   183     3064.6000     Cuts: 219    45745    8.36%
      0     0     3320.0273   161     3064.6000     Cuts: 254    45955    8.33%
      0     0     3319.7543   139     3064.6000     Cuts: 163    46311    8.33%
      0     0     3319.4355   178     3064.6000      Cuts: 66    46446    8.32%
      0     2     3319.4355   178     3064.6000     3319.4355    46446    8.32%
Elapsed time = 105.38 sec. (48137.28 ticks, tree = 0.00 MB, solutions = 6)
      1     3     3319.3883   172     3064.6000     3319.4355    50682    8.32%
      2     4     3319.2459   173     3064.6000     3319.4295    56714    8.32%
      3     5     3319.3617   164     3064.6000     3319.4295    58708    8.32%
      7     9     3319.1527   161     3064.6000     3319.3151    60160    8.31%
      8    10     3319.0525   163     3064.6000     3319.3151    60201    8.31%
     14    16     3318.8620   167     3064.6000     3319.3151    60443    8.31%
     15    17     3318.5703   132     3064.6000     3319.3151    60687    8.31%
     19    21     3318.3885   140     3064.6000     3319.3151    62024    8.31%
     20    22     3318.3195   160     3064.6000     3319.3151    63607    8.31%
     68    70     3318.0789   115     3064.6000     3319.3151    71787    8.31%
Elapsed time = 186.37 sec. (75702.87 ticks, tree = 0.00 MB, solutions = 6)
     88    90     3315.8496   133     3064.6000     3319.3151    76494    8.31%
    166   168     3313.5232   123     3064.6000     3319.3151    88883    8.31%
    176   178     3295.7024    72     3064.6000     3319.3151    90343    8.31%
    181   183     3311.6964   111     3064.6000     3319.3151    95531    8.31%
    182   184     3315.1336   110     3064.6000     3319.3151    95656    8.31%
    262   264     3292.5049    37     3064.6000     3319.3151   118521    8.31%
    270   272     3310.5226   122     3064.6000     3319.3151   120763    8.31%
    286   288     3291.8836    41     3064.6000     3319.3151   126204    8.31%
    301   303     3263.9975   217     3064.6000     3319.3151   135638    8.31%
    392   394     3307.9961   121     3064.6000     3319.3151   153236    8.31%
Elapsed time = 327.12 sec. (100610.76 ticks, tree = 16.91 MB, solutions = 6)
    393   395     3283.5135    81     3064.6000     3319.3151   157087    8.31%
    416   418     3315.3716   124     3064.6000     3319.3151   172988    8.31%
    553   555     3307.8549   115     3064.6000     3319.3151   179910    8.31%
    556   558     3264.4808   230     3064.6000     3319.3151   186970    8.31%
    574   576     3316.3753   123     3064.6000     3319.3151   190537    8.31%
    662   664     3307.5957   116     3064.6000     3319.3151   205020    8.31%
    673   675     3282.3801    96     3064.6000     3319.3151   212185    8.31%
    705   707     3282.1897    85     3064.6000     3319.3151   217882    8.31%
   1038  1040     3307.5957   116     3064.6000     3319.3151   243979    8.31%
   1049  1051     3282.0024    92     3064.6000     3319.3151   249458    8.31%
Elapsed time = 523.72 sec. (130637.85 ticks, tree = 21.33 MB, solutions = 6)
   1062  1064     3307.5957   115     3064.6000     3319.3151   258164    8.31%
   1090  1092     3305.1622   107     3064.6000     3319.3151   264264    8.31%
   1184  1186     3287.3933   135     3064.6000     3319.3151   282187    8.31%
   1214  1216     3307.5957   116     3064.6000     3319.3151   287766    8.31%
   1255  1257     3267.5176    59     3064.6000     3319.3151   300393    8.31%
   1372  1374     3298.5187    60     3064.6000     3319.3151   317996    8.31%
   1380  1382     3287.4473   102     3064.6000     3319.3151   323339    8.31%
   1396  1398     3298.5151    72     3064.6000     3319.3151   331926    8.31%
   1466  1468     3307.4952   111     3064.6000     3319.3151   357885    8.31%
*  1658+ 1105                         3301.0000     3319.0407             0.55%

Cover cuts applied:  10
Implied bound cuts applied:  193
Flow cuts applied:  9676
Mixed integer rounding cuts applied:  6883
Flow path cuts applied:  535
Zero-half cuts applied:  4
Lift and project cuts applied:  1
Gomory fractional cuts applied:  301

Root node processing (before b&c):
  Real time             =  105.02 sec. (47990.57 ticks)
Parallel b&c, 8 threads:
  Real time             =  668.39 sec. (129048.40 ticks)
  Sync time (average)   =  130.78 sec.
  Wait time (average)   =  130.99 sec.
                          ------------
Total (root+branch&cut) =  773.41 sec. (177038.96 ticks)

<<< solve


OBJECTIVE: 3301
avg_utility = 0.83612

<<< post process


<<< done

