
<<< setup


<<< generate

Tried aggregator 2 times.
MIP Presolve eliminated 312 rows and 361 columns.
MIP Presolve modified 24 coefficients.
Aggregator did 90 substitutions.
Reduced MIP has 32 rows, 90 columns, and 170 nonzeros.
Reduced MIP has 10 binaries, 60 generals, 0 SOSs, and 0 indicators.
Presolve time = 0,00 sec. (0,50 ticks)
Found incumbent of value 0,000000 after 0,00 sec. (0,59 ticks)
Probing time = 0,00 sec. (0,01 ticks)
Tried aggregator 1 time.
Presolve time = 0,00 sec. (0,07 ticks)
Probing time = 0,00 sec. (0,01 ticks)
Clique table members: 1.
MIP emphasis: balance optimality and feasibility.
MIP search method: dynamic search.
Parallel mode: deterministic, using up to 24 threads.
Root relaxation solution time = 0,00 sec. (0,11 ticks)

        Nodes                                         Cuts/
   Node  Left     Objective  IInf  Best Integer    Best Bound    ItCnt     Gap

*     0+    0                            0,0000      489,0000       11     --- 
*     0+    0                          121,2000      489,0000       11  303,47%
      0     0      146,9000     2      121,2000      146,9000       11   21,20%
*     0+    0                          146,8000      146,9000       11    0,07%
*     0     0      integral     0      146,8000      146,9000       11    0,07%
Elapsed time = 0,01 sec. (0,98 ticks, tree = 0,00 MB, solutions = 3)

Root node processing (before b&c):
  Real time             =    0,01 sec. (0,29 ticks)
Parallel b&c, 24 threads:
  Real time             =    0,00 sec. (0,00 ticks)
  Sync time (average)   =    0,00 sec.
  Wait time (average)   =    0,00 sec.
                          ------------
Total (root+branch&cut) =    0,01 sec. (0,29 ticks)

<<< solve


OBJECTIVE: 146.8
avg_utility = 0.9006134969325152

<<< post process


<<< done

