
<<< setup


<<< generate

Found incumbent of value 0,000000 after 0,01 sec. (4,14 ticks)
Tried aggregator 4 times.
MIP Presolve eliminated 118661 rows and 82254 columns.
MIP Presolve modified 219 coefficients.
Aggregator did 16405 substitutions.
Reduced MIP has 2770 rows, 7854 columns, and 21364 nonzeros.
Reduced MIP has 2416 binaries, 626 generals, 0 SOSs, and 0 indicators.
Presolve time = 0,34 sec. (303,91 ticks)
Probing time = 0,07 sec. (8,26 ticks)
Tried aggregator 1 time.
Reduced MIP has 2770 rows, 7854 columns, and 21364 nonzeros.
Reduced MIP has 2416 binaries, 626 generals, 0 SOSs, and 0 indicators.
Presolve time = 0,02 sec. (12,50 ticks)
Probing time = 0,07 sec. (7,98 ticks)
Clique table members: 239.
MIP emphasis: balance optimality and feasibility.
MIP search method: dynamic search.
Parallel mode: deterministic, using up to 24 threads.
Root relaxation solution time = 0,04 sec. (21,04 ticks)

        Nodes                                         Cuts/
   Node  Left     Objective  IInf  Best Integer    Best Bound    ItCnt     Gap

*     0+    0                          158,0000     3092,2677              --- 
*     0+    0                          800,0653     3092,2677           286,50%
*     0+    0                          802,0649     3092,2677           285,54%
*     0+    0                          802,7501     3092,2677           285,21%
      0     0      811,9975     4      802,7501      811,9975     1211    1,15%
*     0+    0                          811,8821      811,9975             0,01%

Root node processing (before b&c):
  Real time             =    0,66 sec. (401,10 ticks)
Parallel b&c, 24 threads:
  Real time             =    0,00 sec. (0,00 ticks)
  Sync time (average)   =    0,00 sec.
  Wait time (average)   =    0,00 sec.
                          ------------
Total (root+branch&cut) =    0,66 sec. (401,10 ticks)

<<< solve


OBJECTIVE: 811.8821
avg_utility = 0.964231

<<< post process


<<< done

