
<<< setup


<<< generate

Found incumbent of value 0,000000 after 0,01 sec. (4,84 ticks)
Tried aggregator 2 times.
MIP Presolve eliminated 20793 rows and 36597 columns.
MIP Presolve modified 2512 coefficients.
Aggregator did 2465 substitutions.
Reduced MIP has 39171 rows, 121355 columns, and 330541 nonzeros.
Reduced MIP has 5722 binaries, 2736 generals, 0 SOSs, and 0 indicators.
Presolve time = 0,30 sec. (199,56 ticks)
Probing time = 0,44 sec. (35,66 ticks)
Tried aggregator 1 time.
MIP Presolve eliminated 5333 rows and 13809 columns.
Reduced MIP has 33838 rows, 107546 columns, and 289595 nonzeros.
Reduced MIP has 5722 binaries, 2736 generals, 0 SOSs, and 0 indicators.
Presolve time = 0,34 sec. (166,83 ticks)
Probing time = 0,25 sec. (33,30 ticks)
Tried aggregator 1 time.
Reduced MIP has 33838 rows, 107546 columns, and 289595 nonzeros.
Reduced MIP has 5722 binaries, 2736 generals, 0 SOSs, and 0 indicators.
Presolve time = 0,24 sec. (136,06 ticks)
Probing time = 0,41 sec. (34,92 ticks)
Clique table members: 3337.
MIP emphasis: balance optimality and feasibility.
MIP search method: dynamic search.
Parallel mode: deterministic, using up to 24 threads.
Root relaxation solution time = 0,56 sec. (381,90 ticks)

        Nodes                                         Cuts/
   Node  Left     Objective  IInf  Best Integer    Best Bound    ItCnt     Gap

*     0+    0                            0,0000        4,2899              --- 
      0     0        0,9377   508        0,0000        0,9377     1515     --- 
*     0+    0                            0,2341        0,9377           300,63%
      0     0        0,9206   507        0,2341    Cuts: 1269     3778  293,31%
      0     0        0,9046   514        0,2341    Cuts: 1576     4907  286,50%
      0     0        0,8613   527        0,2341    Cuts: 1434     6977  267,98%
*     0+    0                            0,3871        0,8613           122,50%
      0     0        0,7756   503        0,3871    Cuts: 1473     8518  100,38%
      0     0        0,5901   308        0,3871    Cuts: 1370     9620   52,45%
      0     0        0,5001   184        0,3871     Cuts: 594    10172   29,20%
      0     0        0,4803    58        0,3871     Cuts: 223    10404   24,07%
      0     0        0,4795    48        0,3871     Cuts: 102    10559   23,86%
      0     0        0,4793    36        0,3871      Cuts: 78    10628   23,82%
      0     0        0,4793    32        0,3871      Cuts: 31    10659   23,82%
      0     0        0,4791    29        0,3871      Cuts: 16    10681   23,76%
      0     0        0,4779    30        0,3871      Cuts: 11    10718   23,46%
      0     0        0,4779    24        0,3871      Cuts: 11    10739   23,46%
      0     2        0,4779    16        0,3871        0,4779    10739   23,46%
Elapsed time = 19,74 sec. (16145,38 ticks, tree = 0,00 MB, solutions = 3)
*     1     1      integral     0        0,4717        0,4779    10742    1,30%
*     1     1      integral     0        0,4717        0,4779    10742    1,30%
*     2     0      integral     0        0,4765        0,4779    10743    0,29%

Cover cuts applied:  11
Implied bound cuts applied:  176
Flow cuts applied:  3678
Mixed integer rounding cuts applied:  3616
Flow path cuts applied:  2
Zero-half cuts applied:  2
Gomory fractional cuts applied:  290

Root node processing (before b&c):
  Real time             =   18,65 sec. (15892,10 ticks)
Parallel b&c, 24 threads:
  Real time             =    1,24 sec. (349,01 ticks)
  Sync time (average)   =    0,47 sec.
  Wait time (average)   =    0,52 sec.
                          ------------
Total (root+branch&cut) =   19,89 sec. (16241,11 ticks)

<<< solve


OBJECTIVE: 0.4765162
avg_utility = 0.476516

<<< post process


<<< done

