
<<< setup


<<< generate

Found incumbent of value 0,000000 after 0,06 sec. (23,94 ticks)
Tried aggregator 7 times.
MIP Presolve eliminated 129262 rows and 549705 columns.
MIP Presolve modified 12809 coefficients.
Aggregator did 161179 substitutions.
Reduced MIP has 32189 rows, 74637 columns, and 241909 nonzeros.
Reduced MIP has 7320 binaries, 0 generals, 0 SOSs, and 0 indicators.
Presolve time = 26,52 sec. (8701,54 ticks)
Probing time = 0,05 sec. (3,20 ticks)
Tried aggregator 1 time.
Reduced MIP has 32189 rows, 74637 columns, and 241909 nonzeros.
Reduced MIP has 7320 binaries, 0 generals, 0 SOSs, and 0 indicators.
Presolve time = 0,31 sec. (107,23 ticks)
Probing time = 0,07 sec. (3,37 ticks)
MIP emphasis: balance optimality and feasibility.
MIP search method: dynamic search.
Parallel mode: deterministic, using up to 8 threads.
Root relaxation solution time = 1,83 sec. (504,40 ticks)

        Nodes                                         Cuts/
   Node  Left     Objective  IInf  Best Integer    Best Bound    ItCnt     Gap

*     0+    0                            0,0000    38572,4000              --- 
      0     0     8838,2000  2321        0,0000     8838,2000     3929     --- 
      0     0     7352,6307  1652        0,0000    Cuts: 6295    36144     --- 
      0     0     7080,6249  1339        0,0000    Cuts: 3842    55733     --- 
*     0+    0                         6251,1405     7080,6249            13,27%
      0     0     6510,5927   106     6251,1405    Cuts: 3567   101032    4,15%
*     0+    0                         6400,0918     6510,5927             1,73%
*     0+    0                         6412,9418     6510,5927             1,52%
*     0+    0                         6426,9630     6510,5927             1,30%
      0     0     6509,8266   327     6426,9630     Cuts: 475   114203    1,29%
      0     0     6501,2435   398     6426,9630    Cuts: 1734   121914    1,16%
      0     0     6487,2836   256     6426,9630    Cuts: 1741   130682    0,94%

Implied bound cuts applied:  780
Flow cuts applied:  13960
Mixed integer rounding cuts applied:  1857
Flow path cuts applied:  67
Gomory fractional cuts applied:  143

Root node processing (before b&c):
  Real time             =  347,10 sec. (147940,64 ticks)
Parallel b&c, 8 threads:
  Real time             =    0,00 sec. (0,00 ticks)
  Sync time (average)   =    0,00 sec.
  Wait time (average)   =    0,00 sec.
                          ------------
Total (root+branch&cut) =  347,10 sec. (147940,64 ticks)

<<< solve


OBJECTIVE: 6426.963
avg_utility = 0.398522

<<< post process


<<< done

