
<<< setup


<<< generate

Found incumbent of value 0,000000 after 0,02 sec. (21,64 ticks)
Tried aggregator 5 times.
MIP Presolve eliminated 197744 rows and 498244 columns.
MIP Presolve modified 5760 coefficients.
Aggregator did 141447 substitutions.
Reduced MIP has 19683 rows, 47766 columns, and 150855 nonzeros.
Reduced MIP has 3685 binaries, 0 generals, 0 SOSs, and 0 indicators.
Presolve time = 6,52 sec. (5443,68 ticks)
Probing time = 0,01 sec. (1,93 ticks)
Tried aggregator 1 time.
Reduced MIP has 19683 rows, 47766 columns, and 150855 nonzeros.
Reduced MIP has 3685 binaries, 0 generals, 0 SOSs, and 0 indicators.
Presolve time = 0,07 sec. (68,30 ticks)
Probing time = 0,01 sec. (2,01 ticks)
MIP emphasis: balance optimality and feasibility.
MIP search method: dynamic search.
Parallel mode: deterministic, using up to 8 threads.
Root relaxation solution time = 0,28 sec. (249,23 ticks)

        Nodes                                         Cuts/
   Node  Left     Objective  IInf  Best Integer    Best Bound    ItCnt     Gap

*     0+    0                         1655,0000    34378,9807              --- 
      0     0     9396,0000  1915     1655,0000     9396,0000     3886  467,73%
*     0+    0                         8261,4192     9396,0000            13,73%
      0     0     8671,8253    67     8261,4192    Cuts: 5020    26898    4,97%
      0     0     8481,0444    10     8261,4192     Cuts: 820    37087    2,66%
      0     0     8481,0174     8     8261,4192     Cuts: 324    41832    2,66%
*     0+    0                         8471,1970     8481,0174             0,12%

Implied bound cuts applied:  315
Flow cuts applied:  3283
Mixed integer rounding cuts applied:  1378
Flow path cuts applied:  825
Gomory fractional cuts applied:  235

Root node processing (before b&c):
  Real time             =   26,54 sec. (29779,58 ticks)
Parallel b&c, 8 threads:
  Real time             =    0,00 sec. (0,00 ticks)
  Sync time (average)   =    0,00 sec.
  Wait time (average)   =    0,00 sec.
                          ------------
Total (root+branch&cut) =   26,54 sec. (29779,58 ticks)

<<< solve


OBJECTIVE: 8471.197
avg_utility = 0.901575

<<< post process


<<< done

