
<<< setup


<<< generate

Found incumbent of value 0,000000 after 0,03 sec. (32,35 ticks)
Tried aggregator 2 times.
MIP Presolve eliminated 100096 rows and 472065 columns.
Aggregator did 17060 substitutions.
Reduced MIP has 230960 rows, 608420 columns, and 1790056 nonzeros.
Reduced MIP has 0 binaries, 0 generals, 0 SOSs, and 0 indicators.
Presolve time = 1,19 sec. (900,83 ticks)
Tried aggregator 1 time.
MIP Presolve eliminated 22019 rows and 57311 columns.
MIP Presolve modified 474 coefficients.
Reduced MIP has 208862 rows, 551109 columns, and 1619938 nonzeros.
Reduced MIP has 0 binaries, 0 generals, 0 SOSs, and 0 indicators.
Presolve time = 1,74 sec. (823,21 ticks)
MIP emphasis: balance optimality and feasibility.
MIP search method: dynamic search.
Parallel mode: deterministic, using up to 8 threads.
Root relaxation solution time = 50,73 sec. (15365,28 ticks)

        Nodes                                         Cuts/
   Node  Left     Objective  IInf  Best Integer    Best Bound    ItCnt     Gap

*     0+    0                            0,0000    75817,4332              --- 
*     0     0      integral     0    11491,5826    11491,5826      106    0,00%
Elapsed time = 54,31 sec. (17723,21 ticks, tree = 0,00 MB, solutions = 1)

Root node processing (before b&c):
  Real time             =   54,35 sec. (17763,39 ticks)
Parallel b&c, 8 threads:
  Real time             =    0,00 sec. (0,00 ticks)
  Sync time (average)   =    0,00 sec.
  Wait time (average)   =    0,00 sec.
                          ------------
Total (root+branch&cut) =   54,35 sec. (17763,39 ticks)

<<< solve


OBJECTIVE: 11491.58
avg_utility = 0.646903

<<< post process


<<< done

