
<<< setup


<<< generate

Found incumbent of value 0,000000 after 0,02 sec. (21,71 ticks)
Aggregator has done 103391 substitutions...
Tried aggregator 10 times.
MIP Presolve eliminated 331886 rows and 337615 columns.
MIP Presolve modified 34191 coefficients.
Aggregator did 111712 substitutions.
Reduced MIP has 84953 rows, 178514 columns, and 539563 nonzeros.
Reduced MIP has 3770 binaries, 0 generals, 0 SOSs, and 0 indicators.
Presolve time = 15,29 sec. (12759,04 ticks)
Probing time = 0,21 sec. (6,60 ticks)
Tried aggregator 1 time.
Reduced MIP has 84953 rows, 178514 columns, and 539563 nonzeros.
Reduced MIP has 3770 binaries, 0 generals, 0 SOSs, and 0 indicators.
Presolve time = 0,58 sec. (287,33 ticks)
Probing time = 0,18 sec. (6,65 ticks)
MIP emphasis: balance optimality and feasibility.
MIP search method: dynamic search.
Parallel mode: deterministic, using up to 24 threads.
Root relaxation solution time = 3,11 sec. (1257,55 ticks)

        Nodes                                         Cuts/
   Node  Left     Objective  IInf  Best Integer    Best Bound    ItCnt     Gap

*     0+    0                            0,0000    28368,0000              --- 
      0     0     9431,1756  1838        0,0000     9431,1756    15299     --- 
      0     0     8513,1673  1437        0,0000    Cuts: 6170    88575     --- 
      0     0     7861,8438  1555        0,0000    Cuts: 7760   154885     --- 
      0     0     7277,7895  1657        0,0000    Cuts: 9565   203790     --- 
*     0+    0                         3830,0698     7277,7895            90,02%
*     0+    0                         5131,3143     7277,7895            41,83%
*     0+    0                         5138,3943     7277,7895            41,64%
      0     0     6888,4209  1428     5138,3943    Cuts: 9867   255163   34,06%
      0     0     6594,1230   206     5138,3943    Cuts: 9996   281738   28,33%
      0     0     6585,7407   386     5138,3943    Cuts: 1106   291926   28,17%
*     0+    0                         5602,7211     6585,7407            17,55%
*     0+    0                         5702,4168     6585,7407            15,49%
      0     0     6580,3568   490     5702,4168    Cuts: 2106   304712   15,40%
      0     0     6564,3982   460     5702,4168    Cuts: 2881   319138   15,12%
      0     0     6542,4646   418     5702,4168    Cuts: 3054   339583   14,73%
      0     0     6533,4933   543     5702,4168    Cuts: 2187   355543   14,57%
      0     0     6520,3923   503     5702,4168    Cuts: 2614   374964   14,34%
      0     0     6498,1574   180     5702,4168    Cuts: 2862   391824   13,95%
*     0+    0                         5715,3164     6498,1574            13,70%
*     0+    0                         5796,1450     6498,1574            12,11%
*     0+    0                         5798,0956     6498,1574            12,07%
      0     0     6494,8013   218     5798,0956     Cuts: 833   405899   12,02%
      0     0     6491,3066   254     5798,0956     Cuts: 986   423963   11,96%
      0     0     6488,6211   307     5798,0956    Cuts: 1141   432545   11,91%
*     0+    0                         5805,8610     6488,6211            11,76%
*     0+    0                         5807,0450     6488,6211            11,74%
      0     0     6485,7410   232     5807,0450    Cuts: 1340   448774   11,69%
      0     0     6479,7675   153     5807,0450     Cuts: 913   464126   11,58%
      0     0     6477,8602   129     5807,0450     Cuts: 623   467433   11,55%
      0     0     6477,0886   120     5807,0450     Cuts: 450   469468   11,54%
      0     0     6476,3512   138     5807,0450     Cuts: 814   470951   11,53%
      0     2     6476,3512   138     5807,0450     6476,3512   470951   11,53%
Elapsed time = 2084,55 sec. (1439188,65 ticks, tree = 0,00 MB, solutions = 11)
      1     3     6423,7592   123     5807,0450     6476,3512   481541   11,53%
      2     4     6457,3819   127     5807,0450     6476,3512   505616   11,53%
      3     5     6434,9074   127     5807,0450     6455,3425   514864   11,16%
      4     6     6377,8305   175     5807,0450     6455,3425   540321   11,16%
      7     9     6368,4052   156     5807,0450     6455,3425   587933   11,16%
      9    11     6388,7487   118     5807,0450     6434,8254   601713   10,81%
     11    13     6367,2040   137     5807,0450     6434,8254   624429   10,81%
*    12+   12                         5818,2360     6434,8254            10,60%
     12    14     6381,4370   159     5818,2360     6434,8254   670863   10,60%
*    13+   13                         5823,2286     6434,8254            10,50%
     15    17     6350,7066   152     5823,2286     6434,8254   694357   10,50%
     17    19     6368,3996   191     5823,2286     6434,8254   702129   10,50%
Elapsed time = 3403,56 sec. (2299305,45 ticks, tree = 0,00 MB, solutions = 11)
     18    20     6377,6790   144     5823,2286     6434,8254   707504   10,50%
     21    23     6342,3598   167     5823,2286     6434,8254   721086   10,50%
*    23+   23                         5831,6745     6434,8254            10,34%
     23    25     6357,5984   201     5831,6745     6434,8254   741859   10,34%
     24    26     6338,4428   174     5831,6745     6434,8254   774507   10,34%
     25    27     6257,3040   121     5831,6745     6434,8254   806493   10,34%
     29    31     6243,2403   121     5831,6745     6434,8254   839123   10,34%
     32    34     6230,7129   128     5831,6745     6434,8254   879642   10,34%
     33    35     6367,2565   122     5831,6745     6434,8254   892420   10,34%
     34    36     6287,6104   148     5831,6745     6434,8254   912743   10,34%
     36    38     6273,9931   197     5831,6745     6434,8254   946048   10,34%
Elapsed time = 4089,15 sec. (2659322,90 ticks, tree = 0,00 MB, solutions = 17)
     40    42     6226,8078   109     5831,6745     6434,8254  1050577   10,34%
*    41+   41                         5832,0617     6434,8254            10,34%
*    42+   42                         5832,5976     6434,8254            10,33%
*    43+   43                         5835,1371     6434,8254            10,28%
     45    47     6263,6689   168     5835,1371     6434,8254  1183059   10,28%
     48    50     6217,3807   115     5835,1371     6434,8254  1284549   10,28%
     57    59     6213,9258   109     5835,1371     6434,8254  1854970   10,28%
     62    64     6250,0699   167     5835,1371     6434,8254  2108381   10,28%
    109   107     6254,0212   101     5835,1371     6434,8254  3741636   10,28%
    117   115     6213,8676   126     5835,1371     6434,8254  3785624   10,28%
    118   116     6201,5288   140     5835,1371     6434,8254  3802683   10,28%
    119   117     6222,6627    95     5835,1371     6434,8254  3840151   10,28%
    134   132     6293,2579   162     5835,1371     6434,8254  3971029   10,28%
Elapsed time = 5737,84 sec. (3076639,78 ticks, tree = 0,00 MB, solutions = 26)
    135   133     6288,4009   150     5835,1371     6434,8254  4031123   10,28%
    159   155     6277,6549   146     5835,1371     6434,8254  4361984   10,28%
    167   163     6199,8235    89     5835,1371     6434,8254  4404652   10,28%
    168   164     6213,5639   100     5835,1371     6434,8254  4438053   10,28%
    169   165     6164,9701   105     5835,1371     6434,8254  4479294   10,28%
    191   185     6183,1167    83     5835,1371     6434,8254  4706289   10,28%
    215   207     6171,4412    84     5835,1371     6434,8254  4917228   10,28%
    239   231     6173,1488    87     5835,1371     6434,8254  5146411   10,28%
    244   236     6134,6342   129     5835,1371     6434,8254  5230558   10,28%
    263   255     6149,0070    90     5835,1371     6434,8254  5362308   10,28%
Elapsed time = 8041,80 sec. (3468762,40 ticks, tree = 0,00 MB, solutions = 26)
    379   371     6133,4456    95     5835,1371     6434,8254  6415067   10,28%
    515   491     6022,2538    85     5835,1371     6434,8254  7095680   10,28%
    518   494     6166,8970    88     5835,1371     6434,8254  7175556   10,28%
    524   500     6203,0926   132     5835,1371     6434,8254  7336114   10,28%
    537   507     6096,2497   147     5835,1371     6434,8254  7565270   10,28%
    542   512     6167,0244    80     5835,1371     6434,8254  7636541   10,28%
    545   515     6007,3906   102     5835,1371     6434,8254  7716573   10,28%
    566   536     6146,2690    96     5835,1371     6434,8254  8035685   10,28%
    569   539     5998,1323   100     5835,1371     6434,8254  8086070   10,28%
    585   555     6076,3108   155     5835,1371     6434,8254  8383779   10,28%
Elapsed time = 10834,50 sec. (3826216,37 ticks, tree = 0,00 MB, solutions = 26)
    593   563     5981,7189    67     5835,1371     6434,8254  8503462   10,28%
    617   583     5961,2730    89     5835,1371     6434,8254  8946302   10,28%
    633   596     6021,0246   157     5835,1371     6434,8254  9217387   10,28%
    641   604     5920,6069    78     5835,1371     6434,8254  9346527   10,28%
    711   660     6158,3420   148     5835,1371     6434,8254 10495635   10,28%
    727   675     6091,3541   114     5835,1371     6434,8254 10777310   10,28%
    733   680     5870,8074    83     5835,1371     6434,8254 11074715   10,28%
    920   825     5867,8186   112     5835,1371     6434,8254 12580163   10,28%
    923   828     6067,8001   119     5835,1371     6434,8254 12648365   10,28%
    929   834     6145,9082   146     5835,1371     6434,8254 12739612   10,28%
Elapsed time = 13656,32 sec. (4388543,67 ticks, tree = 0,00 MB, solutions = 26)
    930   835     6112,5671    99     5835,1371     6434,8254 12800009   10,28%
