
<<< setup


<<< generate

Found incumbent of value 0,000000 after 0,01 sec. (6,92 ticks)
Tried aggregator 3 times.
MIP Presolve eliminated 361635 rows and 127457 columns.
Aggregator did 2563 substitutions.
Reduced MIP has 234 rows, 1165 columns, and 2330 nonzeros.
Reduced MIP has 0 binaries, 0 generals, 0 SOSs, and 0 indicators.
Presolve time = 0,19 sec. (227,03 ticks)
Tried aggregator 1 time.
MIP Presolve eliminated 221 rows and 1105 columns.
Reduced MIP has 13 rows, 60 columns, and 120 nonzeros.
Reduced MIP has 0 binaries, 0 generals, 0 SOSs, and 0 indicators.
Presolve time = 0,01 sec. (5,14 ticks)
Tried aggregator 1 time.
Reduced MIP has 13 rows, 60 columns, and 120 nonzeros.
Reduced MIP has 0 binaries, 0 generals, 0 SOSs, and 0 indicators.
Presolve time = 0,01 sec. (4,02 ticks)
MIP emphasis: balance optimality and feasibility.
MIP search method: dynamic search.
Parallel mode: deterministic, using up to 24 threads.
Root relaxation solution time = 0,00 sec. (0,04 ticks)

        Nodes                                         Cuts/
   Node  Left     Objective  IInf  Best Integer    Best Bound    ItCnt     Gap

*     0+    0                            0,0000     1700,2649              --- 
*     0     0      integral     0      346,1474      346,1474       20    0,00%
Elapsed time = 0,23 sec. (251,07 ticks, tree = 0,00 MB, solutions = 2)

Root node processing (before b&c):
  Real time             =    0,23 sec. (255,86 ticks)
Parallel b&c, 24 threads:
  Real time             =    0,00 sec. (0,00 ticks)
  Sync time (average)   =    0,00 sec.
  Wait time (average)   =    0,00 sec.
                          ------------
Total (root+branch&cut) =    0,23 sec. (255,86 ticks)

<<< solve


OBJECTIVE: 346.1474
avg_utility = 0.848401

<<< post process


<<< done

