
<<< setup


<<< generate

Found incumbent of value 0,000000 after 0,03 sec. (16,51 ticks)
Tried aggregator 8 times.
MIP Presolve eliminated 110480 rows and 321878 columns.
MIP Presolve modified 31080 coefficients.
Aggregator did 80010 substitutions.
Reduced MIP has 61261 rows, 129953 columns, and 389102 nonzeros.
Reduced MIP has 14165 binaries, 0 generals, 0 SOSs, and 0 indicators.
Presolve time = 10,69 sec. (8293,57 ticks)
Probing time = 0,27 sec. (4,89 ticks)
Tried aggregator 1 time.
Reduced MIP has 61261 rows, 129953 columns, and 389102 nonzeros.
Reduced MIP has 14165 binaries, 0 generals, 0 SOSs, and 0 indicators.
Presolve time = 0,39 sec. (211,66 ticks)
Probing time = 0,09 sec. (4,94 ticks)
MIP emphasis: balance optimality and feasibility.
MIP search method: dynamic search.
Parallel mode: deterministic, using up to 24 threads.
Root relaxation solution time = 2,29 sec. (1721,64 ticks)

        Nodes                                         Cuts/
   Node  Left     Objective  IInf  Best Integer    Best Bound    ItCnt     Gap

*     0+    0                            0,0000    22757,0000              --- 
      0     0     7845,0000  1325        0,0000     7845,0000    11387     --- 
*     0+    0                         5707,0943     7845,0000            37,46%
      0     0     7605,8556  1014     5707,0943    Cuts: 4176    56847   33,27%
      0     0     7368,3960  1095     5707,0943    Cuts: 3339    89134   29,11%
      0     0     7152,6075  1220     5707,0943    Cuts: 3599   103774   25,33%
*     0+    0                         5794,8571     7152,6075            23,43%
*     0+    0                         5920,6857     7152,6075            20,81%
*     0+    0                         5925,4857     7152,6075            20,71%
*     0+    0                         5925,6857     7152,6075            20,71%
*     0+    0                         5926,2857     7152,6075            20,69%
      0     0     6844,3893   967     5926,2857    Cuts: 4298   128265   15,49%
      0     0     6717,6018   933     5926,2857    Cuts: 2633   142052   13,35%
      0     0     6561,8747   413     5926,2857    Cuts: 3551   158391   10,72%
*     0+    0                         6209,3495     6561,8747             5,68%
*     0+    0                         6237,5995     6561,8747             5,20%
*     0+    0                         6248,5644     6561,8747             5,01%
*     0+    0                         6251,6283     6561,8747             4,96%
*     0+    0                         6253,1006     6561,8747             4,94%
      0     0     6527,4731   541     6253,1006    Cuts: 2077   162397    4,39%
      0     0     6494,4216   475     6253,1006    Cuts: 2348   167657    3,86%
      0     0     6471,7878   447     6253,1006    Cuts: 2163   177110    3,50%
      0     0     6451,4183   316     6253,1006    Cuts: 1651   203333    3,17%
      0     0     6441,4021   196     6253,1006    Cuts: 1362   221740    3,01%
      0     0     6436,7296   142     6253,1006     Cuts: 557   246079    2,94%
*     0+    0                         6358,8576     6436,7296             1,22%
*     0+    0                         6380,4036     6436,7296             0,88%

Implied bound cuts applied:  425
Flow cuts applied:  19840
Mixed integer rounding cuts applied:  5714
Flow path cuts applied:  1771
Gomory fractional cuts applied:  378

Root node processing (before b&c):
  Real time             =  385,67 sec. (351950,44 ticks)
Parallel b&c, 24 threads:
  Real time             =    0,00 sec. (0,00 ticks)
  Sync time (average)   =    0,00 sec.
  Wait time (average)   =    0,00 sec.
                          ------------
Total (root+branch&cut) =  385,67 sec. (351950,44 ticks)

<<< solve


OBJECTIVE: 6380.404
avg_utility = 0.813308

<<< post process


<<< done

