
<<< setup


<<< generate

Found incumbent of value 0.000000 after 0.00 sec. (1.72 ticks)
Tried aggregator 2 times.
MIP Presolve eliminated 37872 rows and 31457 columns.
MIP Presolve modified 4651 coefficients.
Aggregator did 4640 substitutions.
Reduced MIP has 5112 rows, 9744 columns, and 23664 nonzeros.
Reduced MIP has 3934 binaries, 1170 generals, 0 SOSs, and 0 indicators.
Presolve time = 0.13 sec. (57.89 ticks)
Probing time = 0.01 sec. (3.43 ticks)
Tried aggregator 1 time.
Reduced MIP has 5112 rows, 9744 columns, and 23664 nonzeros.
Reduced MIP has 3934 binaries, 1170 generals, 0 SOSs, and 0 indicators.
Presolve time = 0.03 sec. (15.15 ticks)
Probing time = 0.02 sec. (3.39 ticks)
Clique table members: 269.
MIP emphasis: balance optimality and feasibility.
MIP search method: dynamic search.
Parallel mode: deterministic, using up to 8 threads.
Root relaxation solution time = 0.19 sec. (175.62 ticks)

        Nodes                                         Cuts/
   Node  Left     Objective  IInf  Best Integer    Best Bound    ItCnt     Gap

*     0+    0                            0.0000     6922.1092              --- 
      0     0     1092.0841     2        0.0000     1092.0841     2186     --- 
*     0+    0                         1092.0524     1092.0841             0.00%

Root node processing (before b&c):
  Real time             =    0.59 sec. (408.34 ticks)
Parallel b&c, 8 threads:
  Real time             =    0.00 sec. (0.00 ticks)
  Sync time (average)   =    0.00 sec.
  Wait time (average)   =    0.00 sec.
                          ------------
Total (root+branch&cut) =    0.59 sec. (408.34 ticks)

<<< solve


OBJECTIVE: 1092.052
avg_utility = 0.66874

<<< post process


<<< done

