
<<< setup


<<< generate

Found incumbent of value 0,000000 after 0,02 sec. (18,88 ticks)
Tried aggregator 8 times.
MIP Presolve eliminated 301256 rows and 220022 columns.
MIP Presolve modified 27822 coefficients.
Aggregator did 105219 substitutions.
Reduced MIP has 95075 rows, 205880 columns, and 589785 nonzeros.
Reduced MIP has 6534 binaries, 0 generals, 0 SOSs, and 0 indicators.
Presolve time = 10,64 sec. (9867,48 ticks)
Probing time = 0,31 sec. (7,45 ticks)
Tried aggregator 1 time.
Reduced MIP has 95075 rows, 205880 columns, and 589785 nonzeros.
Reduced MIP has 6534 binaries, 0 generals, 0 SOSs, and 0 indicators.
Presolve time = 0,58 sec. (319,66 ticks)
Probing time = 0,11 sec. (7,53 ticks)
MIP emphasis: balance optimality and feasibility.
MIP search method: dynamic search.
Parallel mode: deterministic, using up to 24 threads.
Root relaxation solution time = 1,60 sec. (751,99 ticks)

        Nodes                                         Cuts/
   Node  Left     Objective  IInf  Best Integer    Best Bound    ItCnt     Gap

*     0+    0                            0,0000    23604,0000              --- 
      0     0     7556,0167  1518        0,0000     7556,0167     7963     --- 
*     0+    0                         3991,2214     7556,0167            89,32%
      0     0     6648,5562  1492     3991,2214    Cuts: 6927    68111   66,58%
      0     0     6017,7984  1540     3991,2214    Cuts: 7400   138480   50,78%
      0     0     5559,0986  1504     3991,2214    Cuts: 9698   154732   39,28%
*     0+    0                         4199,9223     5559,0986            32,36%
*     0+    0                         4203,1794     5559,0986            32,26%
*     0+    0                         4203,2080     5559,0986            32,26%
*     0+    0                         4203,7794     5559,0986            32,24%
*     0+    0                         4206,9006     5559,0986            32,14%
*     0+    0                         4256,3783     5559,0986            30,61%
      0     0     5232,7047  1137     4256,3783   Cuts: 10000   171431   22,94%
      0     0     5170,6724   825     4256,3783    Cuts: 5121   236839   21,48%
*     0+    0                         4267,7500     5170,6724            21,16%
      0     0     5168,2557   658     4267,7500    Cuts: 2954   285465   21,10%
*     0+    0                         4605,6500     5168,2557            12,22%
*     0+    0                         4736,6286     5168,2557             9,11%
*     0+    0                         4755,4357     5168,2557             8,68%
*     0+    0                         4755,5071     5168,2557             8,68%
      0     0     5166,6289   600     4755,5071    Cuts: 2942   315025    8,65%
      0     0     5165,2432   470     4755,5071    Cuts: 2670   350145    8,62%
      0     0     5163,6210   639     4755,5071    Cuts: 2524   401091    8,58%
      0     0     5156,0835   420     4755,5071    Cuts: 3422   477322    8,42%
*     0+    0                         4761,3250     5156,0835             8,29%
      0     0     5138,7939   436     4761,3250    Cuts: 3440   535902    7,93%
      0     0     5124,5541   188     4761,3250    Cuts: 3529   621991    7,63%
*     0+    0                         4766,5750     5124,5541             7,51%
      0     0     5122,8773   448     4766,5750     Cuts: 843   656285    7,48%
*     0+    0                         4770,4250     5122,8773             7,39%
      0     0     5118,6428   365     4770,4250    Cuts: 1253   732363    7,30%
      0     0     5114,5403   406     4770,4250     Cuts: 872   773413    7,21%
      0     0     5109,2257   170     4770,4250    Cuts: 1267   808559    7,10%
      0     0     5107,6412   324     4770,4250     Cuts: 822   835864    7,07%
      0     0     5107,1634   338     4770,4250    Cuts: 1106   870626    7,06%
      0     0     5107,0370   123     4770,4250    Cuts: 1125   908967    7,06%
      0     0     5106,9833   281     4770,4250     Cuts: 487   958990    7,06%
Heuristic still looking.
Heuristic still looking.
Heuristic still looking.
Heuristic still looking.
      0     2     5106,9833   281     4770,4250     5106,9833   958990    7,06%
Elapsed time = 4204,12 sec. (2769967,24 ticks, tree = 0,00 MB, solutions = 16)
      1     3     5069,7396   375     4770,4250     5106,9833   980909    7,06%
      2     4     5064,6278   237     4770,4250     5106,9833   986095    7,06%
      3     5     5016,0344   304     4770,4250     5068,6270  1038130    6,25%
      5     7     5021,1463   309     4770,4250     5068,6270  1123162    6,25%
      6     8     5041,5426   174     4770,4250     5068,6270  1145912    6,25%
     10    12     4950,4693   392     4770,4250     5068,6270  1194978    6,25%
     11    13     5029,4090   352     4770,4250     5038,5161  1219822    5,62%
     13    15     4999,1068   391     4770,4250     5038,5161  1276192    5,62%
     14    16     4934,6716   261     4770,4250     5038,5161  1276759    5,62%
     19    19     4900,1437   545     4770,4250     5038,5161  1373969    5,62%
Elapsed time = 6000,10 sec. (3716453,20 ticks, tree = 0,00 MB, solutions = 16)
     22    22     4806,4104   610     4770,4250     5038,5161  1406729    5,62%
     25    25     5010,3040   556     4770,4250     5029,0300  1507131    5,42%
     34    32     4904,2040   676     4770,4250     5029,0300  1610350    5,42%
     37    33     5007,2384   418     4770,4250     5014,9032  1618717    5,12%
     38    34     4928,6053   345     4770,4250     5014,9032  1649188    5,12%
     49    39     4985,3315   419     4770,4250     5014,9032  1703346    5,12%
     50    40     4970,4053   341     4770,4250     5014,9032  1736142    5,12%
     53    43     4924,6415   347     4770,4250     5014,9032  1769513    5,12%
*    59+   47                         4773,6627     5014,9032             5,05%
     59    49     4806,7290   677     4773,6627     5014,9032  1819411    5,05%
     61    51     4799,3154   443     4773,6627     5014,9032  1832784    5,05%
Elapsed time = 7344,24 sec. (4414219,90 ticks, tree = 8,55 MB, solutions = 16)
     66    56     4937,1969   405     4773,6627     5014,9032  1888291    5,05%
     70    60     4805,5404   536     4773,6627     5014,9032  1959468    5,05%
     82    69     4772,3321   534     4773,6627     5014,9032  2028397    5,05%
     87    74     4848,9987   449     4773,6627     5014,9032  2045903    5,05%
     88    75     4896,2082   408     4773,6627     5014,9032  2053642    5,05%
    100    83     4890,5969   237     4773,6627     5014,9032  2099047    5,05%
    111    90     4871,7654   336     4773,6627     5014,9032  2143381    5,05%
    171   108     4825,2821   518     4773,6627     5014,9032  2418888    5,05%
    188   111     4876,5707   447     4773,6627     5010,0565  2503956    4,95%
    190   111     4840,1158   129     4773,6627     5010,0565  2522184    4,95%
Elapsed time = 8230,96 sec. (4707285,39 ticks, tree = 35,93 MB, solutions = 20)
    195   108     4806,2957   453     4773,6627     5010,0565  2548005    4,95%
    198   111     4781,3877   250     4773,6627     5010,0565  2611616    4,95%
    208   110     4867,3957   394     4773,6627     5010,0565  2694446    4,95%
    211   111     4843,3404   458     4773,6627     5010,0565  2724098    4,95%
    212   112     4865,0082   416     4773,6627     5010,0565  2726517    4,95%
    214   114     4838,2665   271     4773,6627     5010,0565  2773195    4,95%
    260   131     4806,1082   305     4773,6627     5010,0565  3126468    4,95%
    283   143     4798,6232   300     4773,6627     5010,0565  3208924    4,95%
    305   158     4791,9582   301     4773,6627     5010,0565  3341817    4,95%
    326   167        cutoff           4773,6627     5010,0565  3376763    4,95%
Elapsed time = 10136,92 sec. (4936666,72 ticks, tree = 35,93 MB, solutions = 20)
    347   177     4784,0707   307     4773,6627     5010,0565  3448246    4,95%
    375   195     4907,7707   403     4773,6627     5010,0565  3561434    4,95%
    387   202     4777,0832   336     4773,6627     5010,0565  3579060    4,95%
    395   210     4885,5540   392     4773,6627     5010,0565  3625271    4,95%
    415   223     4861,1790   390     4773,6627     5010,0565  3642022    4,95%
    422   229     4801,7719   530     4773,6627     5010,0565  3665402    4,95%
    442   243     4783,7186   545     4773,6627     5010,0565  3700839    4,95%
    466   251     5003,8571   341     4773,6627     5010,0565  3735809    4,95%
    552   294     4811,2623   682     4773,6627     5010,0565  3914638    4,95%
    693   357     4774,6236   663     4773,6627     5010,0565  4206721    4,95%
Elapsed time = 10136,92 sec. (5154800,82 ticks, tree = 35,93 MB, solutions = 20)
    760   379     4816,7133   419     4773,6627     5003,4780  4277957    4,81%
    761   380     4795,7862   286     4773,6627     5003,4780  4292271    4,81%
    762   381     4984,7919   529     4773,6627     5003,4780  4338316    4,81%
    786   385     4878,6919   583     4773,6627     5003,4780  4549821    4,81%
    834   394     4914,1187   472     4773,6627     5003,4780  4732331    4,81%
    858   405     4913,2487   509     4773,6627     5003,4780  4813489    4,81%
    882   422     4871,4487   528     4773,6627     5003,4780  4861054    4,81%
    906   425     4912,6487   514     4773,6627     5003,4780  4898188    4,81%
    928   427     4821,5357   378     4773,6627     5003,4780  4940798    4,81%
    952   425     4818,4957   385     4773,6627     5003,4780  4962723    4,81%
Elapsed time = 11956,71 sec. (5517423,84 ticks, tree = 134,23 MB, solutions = 20)
   1016   448     4773,8332   398     4773,6627     5003,4780  5138337    4,81%
   1075   463     4788,7996   392     4773,6627     5003,4780  5251890    4,81%
   1150   475     4789,0332   385     4773,6627     5003,4780  5416121    4,81%
   1181   466        cutoff           4773,6627     5003,4780  5456311    4,81%
   1199   470     4801,7586   431     4773,6627     5003,4780  5504761    4,81%
   1223   468        cutoff           4773,6627     4913,3454  5523670    2,93%
   1226   466     4781,9654   273     4773,6627     4913,3454  5537329    2,93%
   1234   460     4815,5118   320     4773,6627     4913,3454  5551269    2,93%
   1236   459     4781,6993   281     4773,6627     4913,3454  5562512    2,93%
   1254   458     4856,9938   610     4773,6627     4913,3454  5717905    2,93%
Elapsed time = 13199,94 sec. (5783942,00 ticks, tree = 552,02 MB, solutions = 20)
   1274   463     4807,1487   606     4773,6627     4913,3454  5905039    2,93%
   1287   466        cutoff           4773,6627     4913,3454  6034571    2,93%
   1302   474     4860,1082   223     4773,6627     4913,3454  6114454    2,93%
   1309   474     4854,0957   187     4773,6627     4913,3454  6158070    2,93%
   1315   472     4846,1957   188     4773,6627     4913,3454  6198877    2,93%
   1321   470     4837,0832   195     4773,6627     4913,3454  6237136    2,93%
   1325   473     4782,8500   394     4773,6627     4913,3454  6259037    2,93%
   1328   476     4782,8500   498     4773,6627     4913,3454  6273520    2,93%
   1331   478     4782,8500   422     4773,6627     4913,3454  6293796    2,93%
   1334   477     4782,8500   380     4773,6627     4913,3454  6304278    2,93%
Elapsed time = 13228,48 sec. (6055259,82 ticks, tree = 552,02 MB, solutions = 20)
   1337   476     4782,8500   406     4773,6627     4913,3454  6307807    2,93%
   1349   478     4780,0100   247     4773,6627     4913,3454  6328780    2,93%
   1350   479     4780,4832   179     4773,6627     4870,5462  6339412    2,03%
   1356   477     4780,3832   179     4773,6627     4870,5462  6357314    2,03%
   1357   478     4824,4493   349     4773,6627     4870,5462  6360840    2,03%
   1364   475        cutoff           4773,6627     4870,5462  6380396    2,03%

Implied bound cuts applied:  115
Flow cuts applied:  21957
Mixed integer rounding cuts applied:  26592
Flow path cuts applied:  339
Gomory fractional cuts applied:  212

Root node processing (before b&c):
  Real time             = 4202,52 sec. (2769763,55 ticks)
Parallel b&c, 24 threads:
  Real time             = 9218,29 sec. (3393471,40 ticks)
  Sync time (average)   = 4799,79 sec.
  Wait time (average)   = 4801,27 sec.
                          ------------
Total (root+branch&cut) = 13420,81 sec. (6163234,95 ticks)

<<< solve


OBJECTIVE: 4773.663
avg_utility = 0.606719

<<< post process


<<< done

