
<<< setup


<<< generate

Found incumbent of value 0,000000 after 0,02 sec. (24,27 ticks)
Tried aggregator 6 times.
MIP Presolve eliminated 185537 rows and 568604 columns.
MIP Presolve modified 6585 coefficients.
Aggregator did 167901 substitutions.
Reduced MIP has 17725 rows, 43976 columns, and 140388 nonzeros.
Reduced MIP has 3605 binaries, 0 generals, 0 SOSs, and 0 indicators.
Presolve time = 8,00 sec. (6877,83 ticks)
Probing time = 0,08 sec. (24,20 ticks)
Tried aggregator 1 time.
Reduced MIP has 17725 rows, 43976 columns, and 140388 nonzeros.
Reduced MIP has 3605 binaries, 0 generals, 0 SOSs, and 0 indicators.
Presolve time = 0,07 sec. (65,84 ticks)
Probing time = 0,07 sec. (24,10 ticks)
Clique table members: 5.
MIP emphasis: balance optimality and feasibility.
MIP search method: dynamic search.
Parallel mode: deterministic, using up to 8 threads.
Root relaxation solution time = 1,21 sec. (907,00 ticks)

        Nodes                                         Cuts/
   Node  Left     Objective  IInf  Best Integer    Best Bound    ItCnt     Gap

*     0+    0                            0,0000    39822,4000              --- 
*     0+    0                         6972,5000    39822,4000           471,14%
      0     0     8841,0971   196     6972,5000     8841,0971       56   26,80%
*     0+    0                         7145,4833     8841,0971            23,73%
      0     0     8004,3143   425     7145,4833     Cuts: 779     1395   12,02%
      0     0     7759,6582   147     7145,4833    Cuts: 1475     2454    8,60%
      0     0     7632,6069   453     7145,4833     Cuts: 439     4070    6,82%
      0     0     7226,5456   288     7145,4833    Cuts: 1359     5816    1,13%
      0     0        cutoff           7145,4833                   6103    0,00%
Elapsed time = 13,29 sec. (12874,72 ticks, tree = 0,00 MB, solutions = 2)

Implied bound cuts applied:  506
Flow cuts applied:  2836
Mixed integer rounding cuts applied:  1251
Gomory fractional cuts applied:  390

Root node processing (before b&c):
  Real time             =   13,31 sec. (12908,11 ticks)
Parallel b&c, 8 threads:
  Real time             =    0,00 sec. (0,00 ticks)
  Sync time (average)   =    0,00 sec.
  Wait time (average)   =    0,00 sec.
                          ------------
Total (root+branch&cut) =   13,31 sec. (12908,11 ticks)

<<< solve


OBJECTIVE: 7145.483
avg_utility = 0.442829

<<< post process


<<< done

