
<<< setup


<<< generate

Found incumbent of value 0.000000 after 0.01 sec. (5.81 ticks)
Tried aggregator 2 times.
MIP Presolve eliminated 239246 rows and 124286 columns.
MIP Presolve modified 1516 coefficients.
Aggregator did 1513 substitutions.
Reduced MIP has 4034 rows, 6298 columns, and 15116 nonzeros.
Reduced MIP has 1260 binaries, 0 generals, 0 SOSs, and 0 indicators.
Presolve time = 0.36 sec. (161.40 ticks)
Probing time = 0.04 sec. (0.32 ticks)
Tried aggregator 1 time.
Reduced MIP has 4034 rows, 6298 columns, and 15116 nonzeros.
Reduced MIP has 1260 binaries, 0 generals, 0 SOSs, and 0 indicators.
Presolve time = 0.08 sec. (11.39 ticks)
Probing time = 0.19 sec. (0.32 ticks)
MIP emphasis: balance optimality and feasibility.
MIP search method: dynamic search.
Parallel mode: deterministic, using up to 8 threads.
Root relaxation solution time = 0.03 sec. (15.62 ticks)

        Nodes                                         Cuts/
   Node  Left     Objective  IInf  Best Integer    Best Bound    ItCnt     Gap

*     0+    0                            0.0000     1224.0000              --- 
      0     0      408.0000   154        0.0000      408.0000      252     --- 
*     0+    0                          396.1000      408.0000             3.00%
      0     0      408.0000    13      396.1000      Cuts: 42      279    3.00%
*     0+    0                          398.2000      408.0000             2.46%
      0     0      408.0000    13      398.2000      Cuts: 38      307    2.46%
*     0+    0                          398.9000      408.0000             2.28%
      0     0      408.0000    13      398.9000      Cuts: 26      334    2.28%
*     0+    0                          399.6000      408.0000             2.10%
      0     2      408.0000    13      399.6000      408.0000      334    2.10%
Elapsed time = 3.60 sec. (1483.87 ticks, tree = 0.00 MB, solutions = 5)
      5     7      408.0000    19      399.6000      408.0000      686    2.10%
     81    83      408.0000    19      399.6000      408.0000     3083    2.10%
    713   715      408.0000    20      399.6000      408.0000    12212    2.10%
   1350  1326      407.4403    13      399.6000      408.0000    21529    2.10%
   1625  1595        cutoff            399.6000      408.0000    27459    2.10%
   1634  1598      405.7158    14      399.6000      408.0000    28507    2.10%
   1638  1602      407.4000    13      399.6000      408.0000    28934    2.10%
   1642  1606      405.5913    14      399.6000      405.5913    30772    1.50%
   1645  1607      405.4486    13      399.6000      405.5913    30778    1.50%
   1665  1621      405.0207    12      399.6000      405.5913    30823    1.50%
Elapsed time = 19.16 sec. (7160.86 ticks, tree = 4.70 MB, solutions = 5)
   1808  1706      405.1633    13      399.6000      405.5913    31193    1.50%
   2684  2194      405.3060    13      399.6000      405.5913    32683    1.50%
   3684  2765      405.2113    13      399.6000      405.5913    37259    1.50%
   5309  3690      400.5522    17      399.6000      405.5913    43795    1.50%
   8148  6392      399.6204     4      399.6000      405.5913    53771    1.50%
  11868  9989      400.9620    13      399.6000      405.5913    74899    1.50%
  16369 14375      405.0989    15      399.6000      405.5913    92602    1.50%
  19894 17900      403.3499    13      399.6000      405.5913   102171    1.50%
  24360 22366      404.1771    14      399.6000      405.5797   117397    1.50%
  28072 26078      405.3060    13      399.6000      405.4486   128504    1.46%
Elapsed time = 62.36 sec. (16908.15 ticks, tree = 57.63 MB, solutions = 5)
  32895 30901      405.0122    13      399.6000      405.4486   139185    1.46%
  34110 32116      404.8142    13      399.6000      405.4486   141746    1.46%
  39083 37089      405.3060    13      399.6000      405.4486   153737    1.46%
  44391 42397      405.3060    13      399.6000      405.4486   165624    1.46%
  49787 47793      405.3060    13      399.6000      405.4486   178440    1.46%
  55217 53223      405.3060    13      399.6000      405.4486   190936    1.46%
  60679 58685      405.3060    13      399.6000      405.4486   201112    1.46%
  66257 64263      405.3060    13      399.6000      405.4486   211947    1.46%
  71823 69829      405.3060    13      399.6000      405.4486   222357    1.46%
  77265 75271      404.6152    13      399.6000      405.4486   233725    1.46%
Elapsed time = 127.37 sec. (33089.64 ticks, tree = 177.22 MB, solutions = 5)
  82454 80460      404.6152    13      399.6000      405.4486   244598    1.46%
  88113 86119      404.6431    12      399.6000      405.4486   255978    1.46%
  93909 91915      404.3585    14      399.6000      405.4486   267822    1.46%
  98845 96851      405.3060    13      399.6000      405.4486   279804    1.46%
 104272 102278      404.5296    13      399.6000      405.4486   292635    1.46%
 109839 107845      404.8142    13      399.6000      405.4486   304239    1.46%
 115467 113473      405.3060    13      399.6000      405.4486   316480    1.46%
 120204 118210      403.8171    11      399.6000      405.4486   327282    1.46%
 125730 123736      404.4161    13      399.6000      405.4486   339553    1.46%
 130836 128842      405.3060    13      399.6000      405.4486   351725    1.46%
Elapsed time = 171.72 sec. (42680.95 ticks, tree = 301.46 MB, solutions = 5)
 136422 134428      403.9603    12      399.6000      405.4486   362274    1.46%
 142174 140180      404.4161    13      399.6000      405.4486   372634    1.46%
 147583 145589      405.3060    13      399.6000      405.4486   385349    1.46%
 153117 151123      405.3060    13      399.6000      405.4486   396915    1.46%
 158791 156797      405.3060    13      399.6000      405.4486   407454    1.46%
 163626 161632      404.2170    13      399.6000      405.4486   418390    1.46%
 169046 167052      404.8142    13      399.6000      405.4486   428750    1.46%
 174654 172660      403.8740    12      399.6000      405.4486   439403    1.46%
 179505 177511      405.3060    13      399.6000      405.4486   452007    1.46%
 185038 183044      405.2124    13      399.6000      405.4486   464029    1.46%
Elapsed time = 215.32 sec. (52227.00 ticks, tree = 434.32 MB, solutions = 5)
 190897 188903      405.3060    13      399.6000      405.4486   475505    1.46%
 196661 194667      404.6152    13      399.6000      405.4486   486899    1.46%
 202315 200321      405.3060    13      399.6000      405.4486   499049    1.46%
 207836 205842      404.2405    12      399.6000      405.4486   509491    1.46%
 213043 211049      404.7287    13      399.6000      405.4486   520797    1.46%
 218445 216451      404.8998    16      399.6000      405.4486   533184    1.46%
 223776 221782      405.0133    13      399.6000      405.4486   544050    1.46%
 229654 227660      405.3060    13      399.6000      405.4486   555581    1.46%
 235564 233570      405.3060    13      399.6000      405.4486   567562    1.46%
 241364 239370      404.6152    13      399.6000      405.4486   578823    1.46%
Elapsed time = 260.25 sec. (61798.06 ticks, tree = 569.16 MB, solutions = 5)
 247249 245255      405.3060    13      399.6000      405.4486   589719    1.46%
 252988 250994      404.6152    13      399.6000      405.4486   601188    1.46%
 258404 256410      405.4486    13      399.6000      405.4486   611997    1.46%
 263444 261450      404.4440    14      399.6000      405.4486   622019    1.46%
 269061 267067      405.2124    13      399.6000      405.4486   633172    1.46%
 274505 272511      405.2124    13      399.6000      405.4486   646143    1.46%
 279726 277732      404.1018    11      399.6000      405.4486   657063    1.46%
 285445 283451      404.2170    13      399.6000      405.4486   668969    1.46%
 290967 288973      405.3060    13      399.6000      405.4486   680625    1.46%
 296359 294365      404.3026    13      399.6000      405.4486   691697    1.46%
Elapsed time = 304.31 sec. (71342.68 ticks, tree = 702.03 MB, solutions = 5)
 301623 299629      405.3060    13      399.6000      405.4486   702299    1.46%
 307439 305445      404.4161    13      399.6000      405.4486   714421    1.46%
 312873 310879      404.6431    12      399.6000      405.4486   725752    1.46%
