
<<< setup


<<< generate

Found incumbent of value 0,000000 after 0,02 sec. (16,22 ticks)
Tried aggregator 8 times.
MIP Presolve eliminated 110876 rows and 316446 columns.
MIP Presolve modified 31516 coefficients.
Aggregator did 78092 substitutions.
Reduced MIP has 60029 rows, 127223 columns, and 394232 nonzeros.
Reduced MIP has 13720 binaries, 0 generals, 0 SOSs, and 0 indicators.
Presolve time = 8,53 sec. (8095,16 ticks)
Probing time = 0,03 sec. (5,46 ticks)
Tried aggregator 1 time.
Reduced MIP has 60029 rows, 127223 columns, and 394232 nonzeros.
Reduced MIP has 13720 binaries, 0 generals, 0 SOSs, and 0 indicators.
Presolve time = 0,28 sec. (212,87 ticks)
Probing time = 0,03 sec. (5,76 ticks)
MIP emphasis: balance optimality and feasibility.
MIP search method: dynamic search.
Parallel mode: deterministic, using up to 8 threads.
Root relaxation solution time = 1,77 sec. (1443,23 ticks)

        Nodes                                         Cuts/
   Node  Left     Objective  IInf  Best Integer    Best Bound    ItCnt     Gap

*     0+    0                            0,0000    32315,4361              --- 
      0     0     7852,0000  1510        0,0000     7852,0000     6076     --- 
*     0+    0                         4270,8822     7852,0000            83,85%
      0     0     7673,4919  1186     4270,8822    Cuts: 4602    68045   79,67%
      0     0     7560,3141  1207     4270,8822    Cuts: 3564    87343   77,02%
      0     0     7460,7046  1130     4270,8822    Cuts: 3692   113074   74,69%
*     0+    0                         6101,0670     7460,7046            22,29%
*     0+    0                         6186,2621     7460,7046            20,60%
*     0+    0                         6201,1319     7460,7046            20,31%
*     0+    0                         6210,0020     7460,7046            20,14%
      0     0     7351,3493   957     6210,0020    Cuts: 3903   156737   18,38%
      0     0     7332,4688   837     6210,0020    Cuts: 2708   178375   18,08%
      0     0     7309,6380   457     6210,0020    Cuts: 2904   187495   17,71%
*     0+    0                         6820,3990     7309,6380             7,17%
*     0+    0                         6894,3772     7309,6380             6,02%
*     0+    0                         6897,2014     7309,6380             5,98%
*     0+    0                         6930,7529     7309,6380             5,47%
*     0+    0                         6931,2146     7309,6380             5,46%
*     0+    0                         6937,6898     7309,6380             5,36%
      0     0     7300,1331   363     6937,6898    Cuts: 1740   203628    5,22%
      0     0     7293,4984   304     6937,6898    Cuts: 1507   228830    5,13%
      0     0     7290,3525   300     6937,6898     Cuts: 983   246640    5,08%
*     0+    0                         7170,0861     7290,3525             1,68%
*     0+    0                         7172,1561     7290,3525             1,65%
*     0+    0                         7173,5704     7290,3525             1,63%
      0     0     7286,4960   245     7173,5704     Cuts: 956   292427    1,57%
      0     0     7285,5925   263     7173,5704     Cuts: 818   321794    1,56%
      0     0     7284,9890   182     7173,5704    Cuts: 1103   334979    1,55%
*     0+    0                         7221,9968     7284,9890             0,87%

Implied bound cuts applied:  457
Flow cuts applied:  18085
Mixed integer rounding cuts applied:  4897
Flow path cuts applied:  711
Gomory fractional cuts applied:  303

Root node processing (before b&c):
  Real time             =  611,61 sec. (426776,79 ticks)
Parallel b&c, 8 threads:
  Real time             =    0,00 sec. (0,00 ticks)
  Sync time (average)   =    0,00 sec.
  Wait time (average)   =    0,00 sec.
                          ------------
Total (root+branch&cut) =  611,61 sec. (426776,79 ticks)

<<< solve


OBJECTIVE: 7221.997
avg_utility = 0.919765

<<< post process


<<< done

