
<<< setup


<<< generate

Found incumbent of value 0,000000 after 0,02 sec. (23,56 ticks)
Aggregator has done 127656 substitutions...
Tried aggregator 11 times.
MIP Presolve eliminated 111770 rows and 489890 columns.
MIP Presolve modified 48291 coefficients.
Aggregator did 144501 substitutions.
Reduced MIP has 62741 rows, 138170 columns, and 419488 nonzeros.
Reduced MIP has 17880 binaries, 0 generals, 0 SOSs, and 0 indicators.
Presolve time = 17,11 sec. (14034,17 ticks)
Probing time = 0,03 sec. (6,06 ticks)
Tried aggregator 1 time.
Reduced MIP has 62741 rows, 138170 columns, and 419488 nonzeros.
Reduced MIP has 17880 binaries, 0 generals, 0 SOSs, and 0 indicators.
Presolve time = 0,29 sec. (228,09 ticks)
Probing time = 0,04 sec. (6,46 ticks)
MIP emphasis: balance optimality and feasibility.
MIP search method: dynamic search.
Parallel mode: deterministic, using up to 8 threads.
Root relaxation solution time = 5,48 sec. (2789,36 ticks)

        Nodes                                         Cuts/
   Node  Left     Objective  IInf  Best Integer    Best Bound    ItCnt     Gap

*     0+    0                         3609,0000    41121,0000              --- 
*     0+    0                         5211,0333    41121,0000           689,11%
      0     0    15363,1147  2019     5211,0333    15363,1147    24391  194,82%
      0     0    14932,9531  2141     5211,0333    Cuts: 6210    81918  186,56%
      0     0    13388,7182  2094     5211,0333    Cuts: 6676    96892  156,93%
      0     0    12316,1730  2038     5211,0333    Cuts: 6263   109942  136,35%
*     0+    0                        10217,1963    12316,1730            20,54%
*     0+    0                        10281,5592    12316,1730            19,79%
*     0+    0                        10336,3021    12316,1730            19,15%
*     0+    0                        10338,0702    12316,1730            19,13%
*     0+    0                        10339,7640    12316,1730            19,11%
      0     0    11532,6000  1303    10339,7640    Cuts: 5427   141276   11,54%
      0     0    11020,0761   915    10339,7640    Cuts: 3403   163437    6,58%
      0     0    11002,5844   991    10339,7640    Cuts: 2049   184300    6,41%
*     0+    0                        10543,1243    11002,5844             4,36%
*     0+    0                        10557,6671    11002,5844             4,21%
*     0+    0                        10575,8260    11002,5844             4,04%
*     0+    0                        10581,4186    11002,5844             3,98%
      0     0    10866,2065  1007    10581,4186    Cuts: 2457   227277    2,69%
      0     0    10667,6028    51    10581,4186    Cuts: 3154   253330    0,81%

Implied bound cuts applied:  2116
Flow cuts applied:  26749
Mixed integer rounding cuts applied:  5875
Flow path cuts applied:  20
Gomory fractional cuts applied:  388

Root node processing (before b&c):
  Real time             =  499,35 sec. (393006,00 ticks)
Parallel b&c, 8 threads:
  Real time             =    0,00 sec. (0,00 ticks)
  Sync time (average)   =    0,00 sec.
  Wait time (average)   =    0,00 sec.
                          ------------
Total (root+branch&cut) =  499,35 sec. (393006,00 ticks)

<<< solve


OBJECTIVE: 10581.42
avg_utility = 0.656701

<<< post process


<<< done

