
<<< setup


<<< generate

Found incumbent of value 0,000000 after 0,01 sec. (10,02 ticks)
Tried aggregator 8 times.
MIP Presolve eliminated 69497 rows and 146238 columns.
MIP Presolve modified 22366 coefficients.
Aggregator did 43928 substitutions.
Reduced MIP has 50514 rows, 125843 columns, and 337797 nonzeros.
Reduced MIP has 22805 binaries, 3282 generals, 0 SOSs, and 0 indicators.
Presolve time = 5,02 sec. (3989,78 ticks)
Probing time = 0,38 sec. (4,94 ticks)
Tried aggregator 1 time.
Reduced MIP has 50514 rows, 125843 columns, and 337797 nonzeros.
Reduced MIP has 22805 binaries, 3282 generals, 0 SOSs, and 0 indicators.
Presolve time = 0,32 sec. (151,68 ticks)
Probing time = 0,10 sec. (4,86 ticks)
Clique table members: 1084.
MIP emphasis: balance optimality and feasibility.
MIP search method: dynamic search.
Parallel mode: deterministic, using up to 24 threads.
Root relaxation solution time = 1,44 sec. (1354,90 ticks)

        Nodes                                         Cuts/
   Node  Left     Objective  IInf  Best Integer    Best Bound    ItCnt     Gap

*     0+    0                            0,0000    22435,9939              --- 
      0     0     5230,0000  1426        0,0000     5230,0000     8507     --- 
*     0+    0                         3848,0000     5230,0000            35,91%
      0     0     5199,0499   866     3848,0000    Cuts: 4269    78201   35,11%
      0     0     5179,6940  1052     3848,0000    Cuts: 3515    89770   34,61%
      0     0     5131,9573  1131     3848,0000    Cuts: 3498    94636   33,37%
*     0+    0                         3943,3226     5131,9573            30,14%
*     0+    0                         4076,7420     5131,9573            25,88%
*     0+    0                         4076,7962     5131,9573            25,88%
*     0+    0                         4078,4593     5131,9573            25,83%
*     0+    0                         4079,1766     5131,9573            25,81%
      0     0     5112,5994   973     4079,1766    Cuts: 3163    98594   25,33%
      0     0     5069,6907  1077     4079,1766    Cuts: 3156   104748   24,28%
      0     0     5047,9166   908     4079,1766    Cuts: 3096   108067   23,75%
      0     0     5034,0078  1057     4079,1766    Cuts: 2335   112197   23,41%
      0     0     5021,0377  1397     4079,1766    Cuts: 2993   115711   23,09%
*     0+    0                         4080,1224     5021,0377            23,06%
      0     0     5007,9721  1006     4080,1224    Cuts: 3297   118699   22,74%
*     0+    0                         4086,3394     5007,9721            22,55%
      0     0     4996,2877   950     4086,3394    Cuts: 2574   121290   22,27%
      0     0     4985,1885   866     4086,3394    Cuts: 2511   123738   22,00%
      0     0     4977,3013   639     4086,3394    Cuts: 2079   126130   21,80%
      0     0     4972,9285   492     4086,3394    Cuts: 1422   127176   21,70%
      0     0     4969,4185   419     4086,3394    Cuts: 1025   128628   21,61%
      0     0     4967,9659   372     4086,3394     Cuts: 621   129486   21,57%
      0     0     4965,9605   328     4086,3394     Cuts: 668   130910   21,53%
*     0+    0                         4216,7430     4965,9605            17,77%
      0     0     4965,1736   218     4216,7430     Cuts: 429   132040   17,75%
*     0+    0                         4230,7565     4965,1736            17,36%
      0     0     4964,7943   261     4230,7565     Cuts: 369   133081   17,35%
      0     0     4964,4958   266     4230,7565     Cuts: 394   133609   17,34%
Heuristic still looking.
Heuristic still looking.
Heuristic still looking.
*     0+    0                         4319,4883     4964,4958            14,93%
      0     2     4964,4958   266     4319,4883     4964,4958   133609   14,93%
Elapsed time = 337,09 sec. (255431,85 ticks, tree = 0,00 MB, solutions = 12)
      1     3     4964,4816   266     4319,4883     4964,4958   133705   14,93%
      2     4     4964,4831   268     4319,4883     4964,4958   133801   14,93%
      3     5     4964,4757   273     4319,4883     4964,4830   135734   14,93%
      5     7     4964,2022   260     4319,4883     4964,4830   142930   14,93%
     10    12     4964,2018   254     4319,4883     4964,4830   144031   14,93%
     11    13     4964,4284   301     4319,4883     4964,4718   144159   14,93%
     13    15     4963,5595   274     4319,4883     4964,4718   145530   14,93%
     14    16     4964,1680   273     4319,4883     4964,4718   148576   14,93%
     20    22     4963,5294   282     4319,4883     4964,4718   155324   14,93%
     21    23     4963,5617   285     4319,4883     4964,4718   160059   14,93%
Elapsed time = 400,35 sec. (291317,13 ticks, tree = 0,00 MB, solutions = 12)
     24    26     4964,0204   278     4319,4883     4964,4718   162756   14,93%
     27    29     4963,9990   298     4319,4883     4964,4496   165804   14,93%
     33    35     4963,5481   319     4319,4883     4964,4496   177711   14,93%
     36    38     4963,5374   267     4319,4883     4964,4496   186739   14,93%
     42    44     4964,3292   235     4319,4883     4964,4495   193806   14,93%
     45    47     4963,9736   248     4319,4883     4964,4495   196964   14,93%
     47    49     4964,1126   278     4319,4883     4964,4495   203559   14,93%
     49    51     4963,4449   272     4319,4883     4964,4495   213831   14,93%
     52    54     4963,5422   277     4319,4883     4964,4495   234164   14,93%
*    53+   53                         4861,0668     4964,4495             2,13%
*    53+   53                         4873,2088     4964,4495             1,87%
*    54+   54                         4891,8860     4964,4495             1,48%
*    56+   56                         4897,8322     4964,4495             1,36%
    240   242     4963,4580   168     4897,8322     4964,4495   295637    1,36%
Elapsed time = 615,67 sec. (380934,58 ticks, tree = 0,00 MB, solutions = 16)
    255   257     4964,3229   303     4897,8322     4964,4495   298912    1,36%
    256   258     4964,3221   309     4897,8322     4964,4495   299336    1,36%
    257   259     4964,2574   282     4897,8322     4964,4495   308322    1,36%
    410   412     4962,5092   174     4897,8322     4964,4495   337802    1,36%
    618   620     4963,6187   191     4897,8322     4964,4495   348694    1,36%
    925   927     4963,9346   230     4897,8322     4964,4495   357327    1,36%
    949   951     4963,9346   223     4897,8322     4964,4495   363362    1,36%
   1065  1067     4963,3210   183     4897,8322     4964,4495   388443    1,36%
   1173  1175     4964,1387   271     4897,8322     4964,4495   404931    1,36%
   1209  1211     4962,4728   169     4897,8322     4964,4495   413413    1,36%
Elapsed time = 953,84 sec. (472017,72 ticks, tree = 0,00 MB, solutions = 16)
   2604  2606     4963,9330   219     4897,8322     4964,4495   456100    1,36%
   2625  2627     4964,1478   281     4897,8322     4964,4495   457710    1,36%
   2673  2675     4964,1389   261     4897,8322     4964,4495   459821    1,36%
   2676  2678     4963,9305   222     4897,8322     4964,4495   464017    1,36%
   2700  2702     4963,9294   221     4897,8322     4964,4495   471228    1,36%
   2845  2847     4963,0561   168     4897,8322     4964,4495   484688    1,36%
   2868  2870     4963,9293   232     4897,8322     4964,4495   485958    1,36%
   2916  2918     4963,9292   221     4897,8322     4964,4495   488199    1,36%
*  5801+ 5801                         4946,3335     4964,4495             0,37%
*  5801+ 5800                         4952,0253     4964,4495             0,25%
*  5801+ 5798                         4957,8473     4964,4495             0,13%
   5801  5789     4962,3714   177     4957,8473     4964,4495   564589    0,13%
   5802  5783     4964,1243   246     4957,8473     4964,4495   564969    0,13%
Elapsed time = 1656,79 sec. (655162,08 ticks, tree = 3997,91 MB, solutions = 16)
Nodefile size = 1670,05 MB (1051,22 MB after compression)

Cover cuts applied:  44
Implied bound cuts applied:  370
Flow cuts applied:  16202
Mixed integer rounding cuts applied:  13562
Flow path cuts applied:  2082
Gomory fractional cuts applied:  298

Root node processing (before b&c):
  Real time             =  336,06 sec. (255273,03 ticks)
Parallel b&c, 24 threads:
  Real time             = 1322,66 sec. (400230,16 ticks)
  Sync time (average)   =  510,49 sec.
  Wait time (average)   =  512,51 sec.
                          ------------
Total (root+branch&cut) = 1658,72 sec. (655503,19 ticks)

<<< solve


OBJECTIVE: 4957.847
avg_utility = 0.947963

<<< post process


<<< done

