
<<< setup


<<< generate

Found incumbent of value 0,000000 after 0,03 sec. (23,19 ticks)
Aggregator has done 102161 substitutions...
Tried aggregator 11 times.
MIP Presolve eliminated 110026 rows and 463515 columns.
MIP Presolve modified 39426 coefficients.
Aggregator did 129860 substitutions.
Reduced MIP has 75642 rows, 166706 columns, and 521296 nonzeros.
Reduced MIP has 17920 binaries, 0 generals, 0 SOSs, and 0 indicators.
Presolve time = 22,24 sec. (16745,69 ticks)
Probing time = 0,31 sec. (6,40 ticks)
Tried aggregator 1 time.
Reduced MIP has 75642 rows, 166706 columns, and 521296 nonzeros.
Reduced MIP has 17920 binaries, 0 generals, 0 SOSs, and 0 indicators.
Presolve time = 0,52 sec. (273,80 ticks)
Probing time = 0,13 sec. (6,48 ticks)
MIP emphasis: balance optimality and feasibility.
MIP search method: dynamic search.
Parallel mode: deterministic, using up to 24 threads.
Root relaxation solution time = 7,04 sec. (4263,18 ticks)

        Nodes                                         Cuts/
   Node  Left     Objective  IInf  Best Integer    Best Bound    ItCnt     Gap

*     0+    0                            0,0000    45140,0000              --- 
      0     0    15533,9496  1970        0,0000    15533,9496       46     --- 
*     0+    0                         8641,4000    15533,9496            79,76%
      0     0    14957,6025  2231     8641,4000    Cuts: 6029    10610   73,09%
      0     0    13482,8682  2170     8641,4000    Cuts: 7011    18006   56,03%
      0     0    12472,0411  2057     8641,4000    Cuts: 6401    26092   44,33%
*     0+    0                        10153,5166    12472,0411            22,83%
*     0+    0                        10195,5166    12472,0411            22,33%
*     0+    0                        10199,5166    12472,0411            22,28%
      0     0    11729,4284  1272    10199,5166    Cuts: 5402    58745   15,00%
      0     0    11260,1601   955    10199,5166    Cuts: 3788    90791   10,40%
      0     0    11241,9710   915    10199,5166    Cuts: 2097   109675   10,22%
      0     0    11132,4041  1042    10199,5166    Cuts: 2298   160512    9,15%
      0     0    10961,6696   205    10199,5166    Cuts: 2955   206008    7,47%
      0     0    10939,4639    76    10199,5166    Cuts: 1021   224503    7,25%
      0     0    10938,2105    66    10199,5166     Cuts: 239   254869    7,24%
      0     0    10937,9782    79    10199,5166     Cuts: 258   271386    7,24%
      0     0    10937,9677   107    10199,5166     Cuts: 722   308725    7,24%
*     0+    0                        10904,7143    10937,9677             0,30%

Implied bound cuts applied:  1728
Flow cuts applied:  27872
Mixed integer rounding cuts applied:  6222
Flow path cuts applied:  986
Gomory fractional cuts applied:  399

Root node processing (before b&c):
  Real time             =  903,89 sec. (686897,03 ticks)
Parallel b&c, 24 threads:
  Real time             =    0,00 sec. (0,00 ticks)
  Sync time (average)   =    0,00 sec.
  Wait time (average)   =    0,00 sec.
                          ------------
Total (root+branch&cut) =  903,89 sec. (686897,03 ticks)

<<< solve


OBJECTIVE: 10904.71
avg_utility = 0.676975

<<< post process


<<< done

