
<<< setup


<<< generate

Found incumbent of value 0,000000 after 0,03 sec. (11,67 ticks)
Tried aggregator 3 times.
MIP Presolve eliminated 173753 rows and 255762 columns.
MIP Presolve modified 2321 coefficients.
Aggregator did 60451 substitutions.
Reduced MIP has 16761 rows, 33708 columns, and 102582 nonzeros.
Reduced MIP has 2037 binaries, 0 generals, 0 SOSs, and 0 indicators.
Presolve time = 3,38 sec. (1738,05 ticks)
Probing time = 0,04 sec. (1,34 ticks)
Tried aggregator 1 time.
Reduced MIP has 16761 rows, 33708 columns, and 102582 nonzeros.
Reduced MIP has 2037 binaries, 0 generals, 0 SOSs, and 0 indicators.
Presolve time = 0,13 sec. (53,16 ticks)
Probing time = 0,03 sec. (1,37 ticks)
MIP emphasis: balance optimality and feasibility.
MIP search method: dynamic search.
Parallel mode: deterministic, using up to 8 threads.
Root relaxation solution time = 0,41 sec. (215,08 ticks)

        Nodes                                         Cuts/
   Node  Left     Objective  IInf  Best Integer    Best Bound    ItCnt     Gap

*     0+    0                          966,2000     9241,0000           856,43%
      0     0     3779,0000   960      966,2000     3779,0000     1880  291,12%
*     0+    0                         2346,1920     3779,0000            61,07%
      0     0     2735,4436    11     2346,1920    Cuts: 2946    11152   16,59%
      0     0     2723,3839    10     2346,1920      Cuts: 41    15995   16,08%
      0     0     2723,2412    17     2346,1920     Cuts: 229    18105   16,07%
*     0+    0                         2718,1293     2723,2412             0,19%

Implied bound cuts applied:  145
Flow cuts applied:  2230
Mixed integer rounding cuts applied:  420
Flow path cuts applied:  190
Gomory fractional cuts applied:  179

Root node processing (before b&c):
  Real time             =   15,88 sec. (9750,49 ticks)
Parallel b&c, 8 threads:
  Real time             =    0,00 sec. (0,00 ticks)
  Sync time (average)   =    0,00 sec.
  Wait time (average)   =    0,00 sec.
                          ------------
Total (root+branch&cut) =   15,88 sec. (9750,49 ticks)

<<< solve


OBJECTIVE: 2718.129
avg_utility = 0.719272

<<< post process


<<< done

