
<<< setup


<<< generate

Found incumbent of value 0,000000 after 0,06 sec. (67,62 ticks)
Tried aggregator 8 times.
MIP Presolve eliminated 3609314 rows and 1242561 columns.
Aggregator did 14630 substitutions.
Reduced MIP has 1331 rows, 6650 columns, and 13300 nonzeros.
Reduced MIP has 0 binaries, 0 generals, 0 SOSs, and 0 indicators.
Presolve time = 2,19 sec. (4024,93 ticks)
Tried aggregator 1 time.
MIP Presolve eliminated 1304 rows and 6520 columns.
Reduced MIP has 27 rows, 130 columns, and 260 nonzeros.
Reduced MIP has 0 binaries, 0 generals, 0 SOSs, and 0 indicators.
Presolve time = 0,03 sec. (49,32 ticks)
Tried aggregator 1 time.
Reduced MIP has 27 rows, 130 columns, and 260 nonzeros.
Reduced MIP has 0 binaries, 0 generals, 0 SOSs, and 0 indicators.
Presolve time = 0,03 sec. (40,73 ticks)
MIP emphasis: balance optimality and feasibility.
MIP search method: dynamic search.
Parallel mode: deterministic, using up to 8 threads.
Root relaxation solution time = 0,00 sec. (0,15 ticks)

        Nodes                                         Cuts/
   Node  Left     Objective  IInf  Best Integer    Best Bound    ItCnt     Gap

*     0+    0                            0,0000     7462,3446              --- 
*     0     0      integral     0     1092,2753     1092,2753       54    0,00%
Elapsed time = 2,34 sec. (4258,16 ticks, tree = 0,00 MB, solutions = 2)

Root node processing (before b&c):
  Real time             =    2,40 sec. (4304,16 ticks)
Parallel b&c, 8 threads:
  Real time             =    0,00 sec. (0,00 ticks)
  Sync time (average)   =    0,00 sec.
  Wait time (average)   =    0,00 sec.
                          ------------
Total (root+branch&cut) =    2,40 sec. (4304,16 ticks)

<<< solve


OBJECTIVE: 1092.275
avg_utility = 0.445827

<<< post process


<<< done

