
<<< setup


<<< generate

Found incumbent of value 0,000000 after 0,03 sec. (11,19 ticks)
Tried aggregator 5 times.
MIP Presolve eliminated 114024 rows and 226460 columns.
MIP Presolve modified 15129 coefficients.
Aggregator did 54161 substitutions.
Reduced MIP has 32840 rows, 69300 columns, and 218207 nonzeros.
Reduced MIP has 9558 binaries, 0 generals, 0 SOSs, and 0 indicators.
Presolve time = 6,33 sec. (3161,11 ticks)
Probing time = 0,05 sec. (3,11 ticks)
Tried aggregator 1 time.
Reduced MIP has 32840 rows, 69300 columns, and 218207 nonzeros.
Reduced MIP has 9558 binaries, 0 generals, 0 SOSs, and 0 indicators.
Presolve time = 0,31 sec. (103,03 ticks)
Probing time = 0,07 sec. (3,31 ticks)
MIP emphasis: balance optimality and feasibility.
MIP search method: dynamic search.
Parallel mode: deterministic, using up to 8 threads.
Root relaxation solution time = 1,73 sec. (965,06 ticks)

        Nodes                                         Cuts/
   Node  Left     Objective  IInf  Best Integer    Best Bound    ItCnt     Gap

*     0+    0                            0,0000    12096,8000              --- 
*     0+    0                         2226,7700    12096,8000           443,24%
      0     0     3779,0000   959     2226,7700     3779,0000     2759   69,71%
*     0+    0                         2623,1844     3779,0000            44,06%
      0     0     3490,4000   658     2623,1844    Cuts: 2898    21800   33,06%
      0     0     3392,5301   624     2623,1844    Cuts: 1998    29678   29,33%
      0     0     3264,4060   493     2623,1844    Cuts: 1802    43590   24,44%
*     0+    0                         2953,8207     3264,4060            10,51%
      0     0     3166,2389   576     2953,8207    Cuts: 1450    50745    7,19%
      0     0     3095,5783   423     2953,8207    Cuts: 1635    62675    4,80%
      0     0     3081,1380   519     2953,8207    Cuts: 1083    72156    4,31%
*     0+    0                         3015,4250     3081,1380             2,18%
*     0+    0                         3016,8821     3081,1380             2,13%
*     0+    0                         3017,0821     3081,1380             2,12%
      0     0     3052,3439   152     3017,0821    Cuts: 1503    85390    1,17%
      0     0     3048,9037    85     3017,0821     Cuts: 557    96124    1,05%
      0     0     3048,8311    75     3017,0821     Cuts: 357    97493    1,05%
*     0+    0                         3032,7300     3048,8311             0,53%

Implied bound cuts applied:  336
Flow cuts applied:  9892
Mixed integer rounding cuts applied:  1851
Flow path cuts applied:  102
Gomory fractional cuts applied:  203

Root node processing (before b&c):
  Real time             =  218,11 sec. (87573,96 ticks)
Parallel b&c, 8 threads:
  Real time             =    0,00 sec. (0,00 ticks)
  Sync time (average)   =    0,00 sec.
  Wait time (average)   =    0,00 sec.
                          ------------
Total (root+branch&cut) =  218,11 sec. (87573,96 ticks)

<<< solve


OBJECTIVE: 3032.73
avg_utility = 0.802522

<<< post process


<<< done

