
<<< setup


<<< generate

Found incumbent of value 0.000000 after 0.01 sec. (2.17 ticks)
Tried aggregator 2 times.
MIP Presolve eliminated 56011 rows and 41163 columns.
MIP Presolve modified 1255 coefficients.
Aggregator did 8764 substitutions.
Reduced MIP has 1881 rows, 5634 columns, and 13772 nonzeros.
Reduced MIP has 2192 binaries, 2190 generals, 0 SOSs, and 0 indicators.
Presolve time = 0.14 sec. (63.22 ticks)
Probing time = 0.01 sec. (2.67 ticks)
Tried aggregator 1 time.
Reduced MIP has 1881 rows, 5634 columns, and 13772 nonzeros.
Reduced MIP has 2192 binaries, 2190 generals, 0 SOSs, and 0 indicators.
Presolve time = 0.02 sec. (8.93 ticks)
Probing time = 0.03 sec. (2.65 ticks)
Clique table members: 261.
MIP emphasis: balance optimality and feasibility.
MIP search method: dynamic search.
Parallel mode: deterministic, using up to 8 threads.
Root relaxation solution time = 0.05 sec. (36.75 ticks)

        Nodes                                         Cuts/
   Node  Left     Objective  IInf  Best Integer    Best Bound    ItCnt     Gap

*     0+    0                            0.0000    13666.2993              --- 
*     0+    0                          331.8847    13666.2993              --- 
      0     0     2072.2753     2      331.8847     2072.2753       31  524.40%
*     0+    0                         2072.0524     2072.2753             0.01%

Root node processing (before b&c):
  Real time             =    0.39 sec. (162.99 ticks)
Parallel b&c, 8 threads:
  Real time             =    0.00 sec. (0.00 ticks)
  Sync time (average)   =    0.00 sec.
  Wait time (average)   =    0.00 sec.
                          ------------
Total (root+branch&cut) =    0.39 sec. (162.99 ticks)

<<< solve


OBJECTIVE: 2072.052
avg_utility = 0.634431

<<< post process


<<< done

