
<<< setup


<<< generate

Found incumbent of value 0,000000 after 0,02 sec. (23,39 ticks)
Aggregator has done 86398 substitutions...
Tried aggregator 11 times.
MIP Presolve eliminated 109830 rows and 462298 columns.
MIP Presolve modified 34491 coefficients.
Aggregator did 126082 substitutions.
Reduced MIP has 81492 rows, 178421 columns, and 564826 nonzeros.
Reduced MIP has 18200 binaries, 0 generals, 0 SOSs, and 0 indicators.
Presolve time = 28,83 sec. (18688,53 ticks)
Probing time = 0,05 sec. (7,72 ticks)
Tried aggregator 1 time.
Reduced MIP has 81492 rows, 178421 columns, and 564826 nonzeros.
Reduced MIP has 18200 binaries, 0 generals, 0 SOSs, and 0 indicators.
Presolve time = 0,44 sec. (294,26 ticks)
Probing time = 0,06 sec. (8,16 ticks)
MIP emphasis: balance optimality and feasibility.
MIP search method: dynamic search.
Parallel mode: deterministic, using up to 8 threads.
Root relaxation solution time = 12,70 sec. (5505,58 ticks)

        Nodes                                         Cuts/
   Node  Left     Objective  IInf  Best Integer    Best Bound    ItCnt     Gap

*     0+    0                            0,0000    43248,0000              --- 
*     0+    0                         5355,0667    43248,0000           707,61%
      0     0    16052,7275  1977     5355,0667    16052,7275    23856  199,77%
      0     0    14617,0011  2167     5355,0667    Cuts: 6126    52501  172,96%
      0     0    13393,1415  2144     5355,0667    Cuts: 6697    69976  150,10%
      0     0    12410,0113  2030     5355,0667    Cuts: 6313    84551  131,74%
*     0+    0                        10194,6857    12410,0113            21,73%
*     0+    0                        10197,4857    12410,0113            21,70%
*     0+    0                        10239,1964    12410,0113            21,20%
*     0+    0                        10243,2036    12410,0113            21,15%
      0     0    11594,1915  1251    10243,2036    Cuts: 5494   123748   13,19%
      0     0    11077,6414   919    10243,2036    Cuts: 3502   191614    8,15%
      0     0    11047,0363   889    10243,2036    Cuts: 2701   214942    7,85%
*     0+    0                        10578,6043    11047,0363             4,43%
*     0+    0                        10595,1043    11047,0363             4,27%
*     0+    0                        10613,2129    11047,0363             4,09%
      0     0    10910,6897  1078    10613,2129    Cuts: 2207   238940    2,80%
      0     0    10731,3478   117    10613,2129    Cuts: 3011   279611    1,11%
*     0+    0                        10686,0500    10731,3478             0,42%

Implied bound cuts applied:  1491
Flow cuts applied:  27303
Mixed integer rounding cuts applied:  5642
Flow path cuts applied:  900
Gomory fractional cuts applied:  400

Root node processing (before b&c):
  Real time             =  824,09 sec. (529883,38 ticks)
Parallel b&c, 8 threads:
  Real time             =    0,00 sec. (0,00 ticks)
  Sync time (average)   =    0,00 sec.
  Wait time (average)   =    0,00 sec.
                          ------------
Total (root+branch&cut) =  824,09 sec. (529883,38 ticks)

<<< solve


OBJECTIVE: 10686.05
avg_utility = 0.662742

<<< post process


<<< done

