
<<< setup


<<< generate

Found incumbent of value 0,000000 after 0,07 sec. (66,03 ticks)
Tried aggregator 8 times.
MIP Presolve eliminated 3407687 rows and 1244575 columns.
MIP Presolve modified 1540 coefficients.
Aggregator did 15371 substitutions.
Reduced MIP has 6150 rows, 13831 columns, and 30736 nonzeros.
Reduced MIP has 1537 binaries, 0 generals, 0 SOSs, and 0 indicators.
Presolve time = 2,72 sec. (4439,46 ticks)
Probing time = 0,00 sec. (0,60 ticks)
Tried aggregator 1 time.
Reduced MIP has 6150 rows, 13831 columns, and 30736 nonzeros.
Reduced MIP has 1537 binaries, 0 generals, 0 SOSs, and 0 indicators.
Presolve time = 0,04 sec. (58,67 ticks)
Probing time = 0,00 sec. (0,60 ticks)
MIP emphasis: balance optimality and feasibility.
MIP search method: dynamic search.
Parallel mode: deterministic, using up to 8 threads.
Root relaxation solution time = 0,15 sec. (156,26 ticks)

        Nodes                                         Cuts/
   Node  Left     Objective  IInf  Best Integer    Best Bound    ItCnt     Gap

*     0+    0                            0,0000    12208,4184              --- 
*     0+    0                         2112,2753    12208,4184           477,97%
      0     0     2858,0000   541     2112,2753     2858,0000     3240   35,30%
*     0+    0                         2758,2082     2858,0000             3,62%
      0     0     2858,0000   547     2758,2082    Cuts: 1282     4369    3,62%
      0     0     2858,0000   449     2758,2082    Cuts: 1294     5472    3,62%
*     0+    0                         2759,8820     2858,0000             3,56%
      0     0     2760,1610     2     2759,8820     Cuts: 896     7322    0,01%

Flow cuts applied:  2234
Mixed integer rounding cuts applied:  838
Gomory fractional cuts applied:  400

Root node processing (before b&c):
  Real time             =    4,12 sec. (5818,56 ticks)
Parallel b&c, 8 threads:
  Real time             =    0,00 sec. (0,00 ticks)
  Sync time (average)   =    0,00 sec.
  Wait time (average)   =    0,00 sec.
                          ------------
Total (root+branch&cut) =    4,12 sec. (5818,56 ticks)

<<< solve


OBJECTIVE: 2759.882
avg_utility = 0.965669

<<< post process


<<< done

