
<<< setup


<<< generate

Tried aggregator 2 times.
MIP Presolve eliminated 137094 rows and 130143 columns.
MIP Presolve modified 2485 coefficients.
Aggregator did 15475 substitutions.
Reduced MIP has 5452 rows, 10395 columns, and 22770 nonzeros.
Reduced MIP has 4137 binaries, 1308 generals, 0 SOSs, and 0 indicators.
Presolve time = 0,82 sec. (2997,23 ticks)
Found incumbent of value 0,000000 after 0,85 sec. (3016,25 ticks)
Probing time = 0,01 sec. (1,09 ticks)
Tried aggregator 1 time.
Reduced MIP has 5452 rows, 10395 columns, and 22770 nonzeros.
Reduced MIP has 4137 binaries, 1308 generals, 0 SOSs, and 0 indicators.
Presolve time = 0,02 sec. (14,62 ticks)
Probing time = 0,01 sec. (1,09 ticks)
Clique table members: 277.
MIP emphasis: balance optimality and feasibility.
MIP search method: dynamic search.
Parallel mode: deterministic, using up to 8 threads.
Root relaxation solution time = 0,03 sec. (43,67 ticks)

        Nodes                                         Cuts/
   Node  Left     Objective  IInf  Best Integer    Best Bound    ItCnt     Gap

*     0+    0                            0,0000    12544,0000              --- 
      0     0     2429,5500     2        0,0000     2429,5500      732     --- 
*     0+    0                         2429,4000     2429,5500             0,01%

Flow cuts applied:  1

Root node processing (before b&c):
  Real time             =    1,21 sec. (3614,35 ticks)
Parallel b&c, 8 threads:
  Real time             =    0,00 sec. (0,00 ticks)
  Sync time (average)   =    0,00 sec.
  Wait time (average)   =    0,00 sec.
                          ------------
Total (root+branch&cut) =    1,21 sec. (3614,35 ticks)

<<< solve


OBJECTIVE: 2429.4

<<< post process


<<< done

