
<<< setup


<<< generate

Found incumbent of value 0,000000 after 0,02 sec. (23,79 ticks)
Aggregator has done 87669 substitutions...
Tried aggregator 12 times.
MIP Presolve eliminated 110162 rows and 470780 columns.
MIP Presolve modified 37256 coefficients.
Aggregator did 128950 substitutions.
Reduced MIP has 82111 rows, 180751 columns, and 565221 nonzeros.
Reduced MIP has 17940 binaries, 0 generals, 0 SOSs, and 0 indicators.
Presolve time = 22,71 sec. (19416,00 ticks)
Probing time = 0,04 sec. (7,75 ticks)
Tried aggregator 1 time.
MIP Presolve modified 437 coefficients.
Reduced MIP has 82111 rows, 180751 columns, and 565221 nonzeros.
Reduced MIP has 17940 binaries, 0 generals, 0 SOSs, and 0 indicators.
Presolve time = 0,42 sec. (333,00 ticks)
Probing time = 0,07 sec. (8,18 ticks)
MIP emphasis: balance optimality and feasibility.
MIP search method: dynamic search.
Parallel mode: deterministic, using up to 8 threads.
Root relaxation solution time = 9,75 sec. (3899,91 ticks)

        Nodes                                         Cuts/
   Node  Left     Objective  IInf  Best Integer    Best Bound    ItCnt     Gap

*     0+    0                            0,0000    46124,0000              --- 
      0     0    14499,0518  1961        0,0000    14499,0518     2131     --- 
      0     0    14100,1215  1912        0,0000    Cuts: 6042    23402     --- 
      0     0    13300,9958  2333        0,0000    Cuts: 5895    41337     --- 
      0     0    12023,7988  2160        0,0000    Cuts: 6988    54381     --- 
*     0+    0                         9438,7600    12023,7988            27,39%
*     0+    0                         9457,8960    12023,7988            27,13%
*     0+    0                         9505,2571    12023,7988            26,50%
*     0+    0                         9505,8571    12023,7988            26,49%
      0     0    11298,7072  1106     9505,8571    Cuts: 6165   122741   18,86%
      0     0    10760,7979   730     9505,8571    Cuts: 2864   134483   13,20%
      0     0    10726,8760   504     9505,8571    Cuts: 1602   138454   12,84%
*     0+    0                        10507,6571    10726,8760             2,09%
*     0+    0                        10527,3143    10726,8760             1,90%
      0     0    10726,4737   571    10527,3143    Cuts: 1079   143974    1,89%
      0     0    10717,0730   473    10527,3143    Cuts: 1243   156695    1,80%
      0     0    10649,3392   230    10527,3143    Cuts: 1064   209220    1,16%
*     0+    0                        10568,1286    10649,3392             0,77%

Implied bound cuts applied:  2189
Flow cuts applied:  25395
Mixed integer rounding cuts applied:  4565
Flow path cuts applied:  6
Gomory fractional cuts applied:  257

Root node processing (before b&c):
  Real time             =  450,37 sec. (354740,66 ticks)
Parallel b&c, 8 threads:
  Real time             =    0,00 sec. (0,00 ticks)
  Sync time (average)   =    0,00 sec.
  Wait time (average)   =    0,00 sec.
                          ------------
Total (root+branch&cut) =  450,37 sec. (354740,66 ticks)

<<< solve


OBJECTIVE: 10568.13
avg_utility = 0.654941

<<< post process


<<< done

