
<<< setup


<<< generate

Found incumbent of value 0,000000 after 0,01 sec. (11,22 ticks)
Tried aggregator 5 times.
MIP Presolve eliminated 113041 rows and 222517 columns.
MIP Presolve modified 14610 coefficients.
Aggregator did 52152 substitutions.
Reduced MIP has 36100 rows, 76212 columns, and 241185 nonzeros.
Reduced MIP has 10133 binaries, 0 generals, 0 SOSs, and 0 indicators.
Presolve time = 3,61 sec. (3578,72 ticks)
Probing time = 0,02 sec. (3,41 ticks)
Tried aggregator 1 time.
Reduced MIP has 36100 rows, 76212 columns, and 241185 nonzeros.
Reduced MIP has 10133 binaries, 0 generals, 0 SOSs, and 0 indicators.
Presolve time = 0,15 sec. (113,41 ticks)
Probing time = 0,02 sec. (3,62 ticks)
MIP emphasis: balance optimality and feasibility.
MIP search method: dynamic search.
Parallel mode: deterministic, using up to 8 threads.
Root relaxation solution time = 1,37 sec. (1032,95 ticks)

        Nodes                                         Cuts/
   Node  Left     Objective  IInf  Best Integer    Best Bound    ItCnt     Gap

*     0+    0                            0,0000    13670,0000              --- 
*     0+    0                         1995,6000    13670,0000           585,01%
      0     0     3775,0000   979     1995,6000     3775,0000     2576   89,17%
*     0+    0                         2547,9321     3775,0000            48,16%
      0     0     3481,0000   660     2547,9321    Cuts: 2947    10716   36,62%
      0     0     3383,0175   575     2547,9321    Cuts: 2021    17353   32,78%
      0     0     3243,9455   538     2547,9321    Cuts: 1605    19984   27,32%
*     0+    0                         2892,4586     3243,9455            12,15%
*     0+    0                         2922,5643     3243,9455            11,00%
      0     0     3121,5013   485     2922,5643    Cuts: 1470    26518    6,81%
      0     0     3054,3267   423     2922,5643    Cuts: 1245    28722    4,51%
      0     0     3028,5356   241     2922,5643     Cuts: 990    48573    3,63%
*     0+    0                         2976,5383     3028,5356             1,75%
*     0+    0                         2982,2919     3028,5356             1,55%
*     0+    0                         2984,8771     3028,5356             1,46%
      0     0     2996,4967    21     2984,8771     Cuts: 546    69523    0,39%

Implied bound cuts applied:  292
Flow cuts applied:  8532
Mixed integer rounding cuts applied:  1480
Gomory fractional cuts applied:  246

Root node processing (before b&c):
  Real time             =   68,77 sec. (57459,82 ticks)
Parallel b&c, 8 threads:
  Real time             =    0,00 sec. (0,00 ticks)
  Sync time (average)   =    0,00 sec.
  Wait time (average)   =    0,00 sec.
                          ------------
Total (root+branch&cut) =   68,77 sec. (57459,82 ticks)

<<< solve


OBJECTIVE: 2984.877
avg_utility = 0.790696

<<< post process


<<< done

