
<<< setup


<<< generate

Found incumbent of value 0,000000 after 0,03 sec. (17,49 ticks)
Aggregator has done 94112 substitutions...
Tried aggregator 12 times.
MIP Presolve eliminated 213234 rows and 225826 columns.
MIP Presolve modified 56873 coefficients.
Aggregator did 100620 substitutions.
Reduced MIP has 82170 rows, 185283 columns, and 510745 nonzeros.
Reduced MIP has 14682 binaries, 6378 generals, 0 SOSs, and 0 indicators.
Presolve time = 14,37 sec. (12071,10 ticks)
Probing time = 0,21 sec. (7,30 ticks)
Tried aggregator 1 time.
Reduced MIP has 82170 rows, 185283 columns, and 510745 nonzeros.
Reduced MIP has 14682 binaries, 6378 generals, 0 SOSs, and 0 indicators.
Presolve time = 0,52 sec. (228,00 ticks)
Probing time = 0,15 sec. (7,15 ticks)
Clique table members: 1733.
MIP emphasis: balance optimality and feasibility.
MIP search method: dynamic search.
Parallel mode: deterministic, using up to 24 threads.
Root relaxation solution time = 0,93 sec. (562,14 ticks)

        Nodes                                         Cuts/
   Node  Left     Objective  IInf  Best Integer    Best Bound    ItCnt     Gap

*     0+    0                            0,0000    47132,7468              --- 
      0     0    10982,7366  2313        0,0000    10982,7366     8197     --- 
      0     0    10737,7351  4740        0,0000    Cuts: 6920    34286     --- 
      0     0    10539,4049  6413        0,0000    Cuts: 7321    48644     --- 
      0     0    10342,6873  7495        0,0000    Cuts: 8214    68017     --- 
*     0+    0                         2403,6870    10342,6873           330,28%
*     0+    0                         6093,8697    10342,6873            69,72%
*     0+    0                         6102,8697    10342,6873            69,47%
      0     0    10187,9334  8501     6102,8697    Cuts: 8301    88454   66,94%
      0     0    10074,8278  5260     6102,8697    Cuts: 7416   103142   65,08%
      0     0     9996,4353  5738     6102,8697    Cuts: 7448   117796   63,80%
      0     0     9952,0412  7852     6102,8697    Cuts: 5984   144228   63,07%
      0     0     9907,4836  5727     6102,8697    Cuts: 6553   159030   62,34%
      0     0     9869,0872  6067     6102,8697    Cuts: 5764   169152   61,71%
      0     0     9835,4697  5371     6102,8697    Cuts: 4967   177866   61,16%
      0     0     9812,9506  4960     6102,8697    Cuts: 3599   187251   60,79%
      0     0     9795,7051  5085     6102,8697    Cuts: 3297   196371   60,51%
      0     0     9783,0805  4690     6102,8697    Cuts: 3063   204856   60,30%
      0     0     9774,1670  2957     6102,8697    Cuts: 2726   210360   60,16%
      0     0     9768,8999  2657     6102,8697    Cuts: 1526   214270   60,07%
      0     0     9765,4023  2102     6102,8697    Cuts: 1362   230123   60,01%
      0     0     9763,0208  2043     6102,8697     Cuts: 959   242029   59,97%
      0     0     9761,6580  2455     6102,8697     Cuts: 813   247485   59,95%
      0     0     9760,2315  2176     6102,8697    Cuts: 1034   255457   59,93%
      0     0     9758,2559  1963     6102,8697     Cuts: 868   261915   59,90%
      0     0     9756,8685  2007     6102,8697     Cuts: 631   271210   59,87%
      0     2     9756,8685  2007     6102,8697     9756,8685   271210   59,87%
Elapsed time = 845,55 sec. (523958,14 ticks, tree = 0,00 MB, solutions = 4)
      1     3     9751,9433  1977     6102,8697     9756,8685   274857   59,87%
      2     4     9708,6743  2070     6102,8697     9756,8685   277076   59,87%
      3     5     9744,1589  1941     6102,8697     9750,5162   278001   59,77%
      4     6     9679,1556  2078     6102,8697     9750,5162   282089   59,77%
      5     7     9701,4415  2041     6102,8697     9750,5162   288567   59,77%
      8    10     9691,8862  2023     6102,8697     9750,5162   289144   59,77%
     10    12     9682,7367  2030     6102,8697     9750,5162   294962   59,77%
     11    13     9731,2139  1773     6102,8697     9738,6102   302017   59,57%
     14    16     9673,7232  2227     6102,8697     9738,6102   321941   59,57%
     17    19     9644,2379  2529     6102,8697     9738,6102   348866   59,57%
Elapsed time = 957,29 sec. (591092,44 ticks, tree = 0,00 MB, solutions = 4)
     18    20     9660,5643  2014     6102,8697     9738,6102   352356   59,57%
     22    24     9663,3256  2393     6102,8697     9738,6102   377685   59,57%
     24    26     9593,5114  2831     6102,8697     9738,6102   389063   59,57%
     26    28     9708,1367  1791     6102,8697     9738,2794   394007   59,57%
     28    30     9636,1110  1810     6102,8697     9738,2794   397795   59,57%
     33    35     9632,0763  2623     6102,8697     9738,2794   411283   59,57%
     40    42     9625,8663  2620     6102,8697     9738,2794   430175   59,57%
     46    48     9603,9448  2698     6102,8697     9738,2794   433444   59,57%
     52    54     9701,5197  1858     6102,8697     9738,2794   438751   59,57%
     53    55     9647,2669  1994     6102,8697     9738,2794   441159   59,57%
Elapsed time = 1145,18 sec. (668205,35 ticks, tree = 0,00 MB, solutions = 4)
     56    58     9639,0294  2289     6102,8697     9738,2794   444745   59,57%
     57    59     9596,7778  2649     6102,8697     9738,2794   449536   59,57%
     65    67     9608,9719  2325     6102,8697     9738,2794   464645   59,57%
     66    68     9579,9133  1975     6102,8697     9738,2794   473926   59,57%
     68    70     9583,7908  2700     6102,8697     9738,2794   490892   59,57%
     70    72     9564,5714  1971     6102,8697     9738,2794   508130   59,57%
    150   152     9588,9966  2612     6102,8697     9738,2794   628021   59,57%
    208   210     9542,6803  2465     6102,8697     9738,2794   690362   59,57%
    235   237     9449,0569  2887     6102,8697     9738,2794   748486   59,57%
    292   294     9670,1348  1946     6102,8697     9738,2794   861216   59,57%
Elapsed time = 1588,08 sec. (800993,09 ticks, tree = 0,00 MB, solutions = 4)
    295   297     9477,8573  2824     6102,8697     9738,2794   907812   59,57%
    319   321     9563,6003  1966     6102,8697     9738,2794  1125037   59,57%
    333   335     9457,3577  2249     6102,8697     9738,2794  1214494   59,57%
    343   343     9519,9146  2261     6102,8697     9738,2794  1279252   59,57%
    373   373     9481,3540  3106     6102,8697     9738,2794  1416514   59,57%
    596   596     9615,5732  2844     6102,8697     9738,2794  1930316   59,57%
    599   599     9535,3630  2010     6102,8697     9738,2794  2038347   59,57%
    602   602     9434,3684  2031     6102,8697     9738,2794  2109400   59,57%
    604   604     9456,9793  2421     6102,8697     9738,2794  2187015   59,57%
    609   609     9442,6918  2861     6102,8697     9738,2794  2351263   59,57%
Elapsed time = 3247,04 sec. (1186603,42 ticks, tree = 0,00 MB, solutions = 4)
    628   628     9503,2419  2029     6102,8697     9738,2794  2730465   59,57%
    647   647     9492,4085  2737     6102,8697     9738,2794  2917807   59,57%
    654   654     9414,4290  2776     6102,8697     9738,2794  2980286   59,57%
    675   675     9467,2592  2250     6102,8697     9738,2794  3262859   59,57%
    853   851     9627,7648  2071     6102,8697     9738,2794  3950021   59,57%
    854   852     9455,9834  2377     6102,8697     9738,2794  4004439   59,57%
    855   853     9555,6889  2083     6102,8697     9738,2794  4071147   59,57%
    860   858     9508,6396  3255     6102,8697     9738,2794  4334754   59,57%
    877   875     9626,3773  2149     6102,8697     9738,2794  5202428   59,57%
    879   877     9551,7991  1976     6102,8697     9738,2794  5220030   59,57%
Elapsed time = 4506,45 sec. (1394592,90 ticks, tree = 0,00 MB, solutions = 4)
    887   885     9357,5560  2937     6102,8697     9738,2794  5378844   59,57%
    903   901     9545,4172  2493     6102,8697     9738,2794  5665334   59,57%
    904   902     9469,6925  2893     6102,8697     9738,2794  5772061   59,57%
    925   923     9589,9669  2101     6102,8697     9738,2794  6037663   59,57%
    927   925     9503,6265  2318     6102,8697     9738,2794  6085401   59,57%
    935   933     9408,8926  2813     6102,8697     9738,2794  6193092   59,57%
    940   938     9360,0058  2235     6102,8697     9738,2794  6347817   59,57%
    965   963     9404,4078  2781     6102,8697     9738,2794  6730840   59,57%
    974   972     9491,6433  2597     6102,8697     9738,2794  6878645   59,57%
    996   994     9468,4900  2905     6102,8697     9738,2794  7153656   59,57%
Elapsed time = 6634,53 sec. (1762841,03 ticks, tree = 0,00 MB, solutions = 4)
   1193  1191     9615,3764  2754     6102,8697     9738,2794  8685412   59,57%
   1198  1196     9489,8299  2981     6102,8697     9738,2794  8704908   59,57%
   1199  1197     9334,1328  2081     6102,8697     9738,2794  8706286   59,57%
   1219  1217     9490,9762  2605     6102,8697     9738,2794  8934928   59,57%
   1243  1241     9540,6409  2537     6102,8697     9738,2794  9189405   59,57%
   1267  1265     9516,9563  2331     6102,8697     9738,2794  9282502   59,57%
