
<<< setup


<<< generate

Found incumbent of value 0.000000 after 0.00 sec. (2.03 ticks)
Tried aggregator 2 times.
MIP Presolve eliminated 38520 rows and 36155 columns.
MIP Presolve modified 6271 coefficients.
Aggregator did 6260 substitutions.
Reduced MIP has 6894 rows, 13146 columns, and 31926 nonzeros.
Reduced MIP has 4696 binaries, 2190 generals, 0 SOSs, and 0 indicators.
Presolve time = 0.17 sec. (69.08 ticks)
Probing time = 0.01 sec. (4.16 ticks)
Tried aggregator 1 time.
Reduced MIP has 6894 rows, 13146 columns, and 31926 nonzeros.
Reduced MIP has 4696 binaries, 2190 generals, 0 SOSs, and 0 indicators.
Presolve time = 0.04 sec. (19.32 ticks)
Probing time = 0.02 sec. (4.14 ticks)
Clique table members: 261.
MIP emphasis: balance optimality and feasibility.
MIP search method: dynamic search.
Parallel mode: deterministic, using up to 8 threads.
Root relaxation solution time = 0.11 sec. (89.00 ticks)

        Nodes                                         Cuts/
   Node  Left     Objective  IInf  Best Integer    Best Bound    ItCnt     Gap

*     0+    0                            0.0000    13807.2492              --- 
      0     0     1934.7206     4        0.0000     1934.7206     1382     --- 
*     0+    0                         1934.5564     1934.7206             0.01%

Root node processing (before b&c):
  Real time             =    0.66 sec. (424.27 ticks)
Parallel b&c, 8 threads:
  Real time             =    0.00 sec. (0.00 ticks)
  Sync time (average)   =    0.00 sec.
  Wait time (average)   =    0.00 sec.
                          ------------
Total (root+branch&cut) =    0.66 sec. (424.27 ticks)

<<< solve


OBJECTIVE: 1934.556
avg_utility = 0.592332

<<< post process


<<< done

