
<<< setup


<<< generate

Found incumbent of value 0,000000 after 0,00 sec. (0,64 ticks)
Tried aggregator 2 times.
MIP Presolve eliminated 17858 rows and 11569 columns.
MIP Presolve modified 929 coefficients.
Aggregator did 1392 substitutions.
Reduced MIP has 1394 rows, 2784 columns, and 5104 nonzeros.
Reduced MIP has 1271 binaries, 585 generals, 0 SOSs, and 0 indicators.
Presolve time = 0,02 sec. (18,97 ticks)
Probing time = 0,00 sec. (1,65 ticks)
Tried aggregator 1 time.
Reduced MIP has 1394 rows, 2784 columns, and 5104 nonzeros.
Reduced MIP has 1271 binaries, 585 generals, 0 SOSs, and 0 indicators.
Presolve time = 0,00 sec. (4,07 ticks)
Probing time = 0,00 sec. (1,65 ticks)
Clique table members: 269.
MIP emphasis: balance optimality and feasibility.
MIP search method: dynamic search.
Parallel mode: deterministic, using up to 8 threads.
Root relaxation solution time = 0,01 sec. (8,11 ticks)

        Nodes                                         Cuts/
   Node  Left     Objective  IInf  Best Integer    Best Bound    ItCnt     Gap

*     0+    0                            0,0000     2725,0524              --- 
*     0+    0                          751,6638     2725,0524           262,54%
*     0+    0                          847,9623     2725,0524           221,36%
*     0+    0                          904,8052     2725,0524           201,18%
      0     0     1317,0608     2      904,8052     1317,0608      481   45,56%
*     0+    0                         1316,9780     1317,0608             0,01%

Root node processing (before b&c):
  Real time             =    0,05 sec. (49,54 ticks)
Parallel b&c, 8 threads:
  Real time             =    0,00 sec. (0,00 ticks)
  Sync time (average)   =    0,00 sec.
  Wait time (average)   =    0,00 sec.
                          ------------
Total (root+branch&cut) =    0,05 sec. (49,54 ticks)

<<< solve


OBJECTIVE: 1316.978
avg_utility = 0.806478

<<< post process


<<< done

