
<<< setup


<<< generate

Found incumbent of value 0,000000 after 0,01 sec. (9,62 ticks)
Tried aggregator 2 times.
MIP Presolve eliminated 363107 rows and 202505 columns.
MIP Presolve modified 7763 coefficients.
Aggregator did 7760 substitutions.
Reduced MIP has 8539 rows, 16296 columns, and 35696 nonzeros.
Reduced MIP has 7516 binaries, 1020 generals, 0 SOSs, and 0 indicators.
Presolve time = 0,19 sec. (267,25 ticks)
Probing time = 0,01 sec. (2,11 ticks)
Tried aggregator 1 time.
Reduced MIP has 8539 rows, 16296 columns, and 35696 nonzeros.
Reduced MIP has 7516 binaries, 1020 generals, 0 SOSs, and 0 indicators.
Presolve time = 0,03 sec. (27,86 ticks)
Probing time = 0,01 sec. (2,10 ticks)
Clique table members: 606.
MIP emphasis: balance optimality and feasibility.
MIP search method: dynamic search.
Parallel mode: deterministic, using up to 8 threads.
Root relaxation solution time = 0,12 sec. (224,57 ticks)

        Nodes                                         Cuts/
   Node  Left     Objective  IInf  Best Integer    Best Bound    ItCnt     Gap

*     0+    0                            0,0000     4899,0000              --- 
      0     0     1181,1500     5        0,0000     1181,1500     5198     --- 
      0     0     1181,1500     9        0,0000     Covers: 1     5199     --- 
      0     0     1181,1500     6        0,0000       Cuts: 2     5216     --- 
      0     0     1181,1500    10        0,0000   Flowcuts: 1     5217     --- 
*     0+    0                         1181,0000     1181,1500             0,01%
      0     0        cutoff           1181,0000     1181,1500     5217    0,01%
Elapsed time = 1,35 sec. (2430,58 ticks, tree = 0,00 MB, solutions = 2)

Flow cuts applied:  1

Root node processing (before b&c):
  Real time             =    1,36 sec. (2438,94 ticks)
Parallel b&c, 8 threads:
  Real time             =    0,00 sec. (0,00 ticks)
  Sync time (average)   =    0,00 sec.
  Wait time (average)   =    0,00 sec.
                          ------------
Total (root+branch&cut) =    1,36 sec. (2438,94 ticks)

<<< solve


OBJECTIVE: 1181
avg_utility = 0.723209

<<< post process


<<< done

