
<<< setup


<<< generate

Found incumbent of value 0.000000 after 0.02 sec. (7.50 ticks)
Tried aggregator 4 times.
MIP Presolve eliminated 343592 rows and 140824 columns.
MIP Presolve modified 721 coefficients.
Aggregator did 7181 substitutions.
Reduced MIP has 2874 rows, 6460 columns, and 14356 nonzeros.
Reduced MIP has 718 binaries, 0 generals, 0 SOSs, and 0 indicators.
Presolve time = 0.70 sec. (432.60 ticks)
Probing time = 0.00 sec. (0.28 ticks)
Tried aggregator 1 time.
Reduced MIP has 2874 rows, 6460 columns, and 14356 nonzeros.
Reduced MIP has 718 binaries, 0 generals, 0 SOSs, and 0 indicators.
Presolve time = 0.03 sec. (11.70 ticks)
Probing time = 0.01 sec. (0.28 ticks)
MIP emphasis: balance optimality and feasibility.
MIP search method: dynamic search.
Parallel mode: deterministic, using up to 8 threads.
Root relaxation solution time = 0.09 sec. (59.61 ticks)

        Nodes                                         Cuts/
   Node  Left     Objective  IInf  Best Integer    Best Bound    ItCnt     Gap

*     0+    0                            0.0000     7005.3495              --- 
*     0+    0                         1137.2568     7005.3495           515.99%
      0     0     1633.0000   624     1137.2568     1633.0000     2483   43.59%
*     0+    0                         1473.9218     1633.0000            10.79%
      0     0     1596.0197   310     1473.9218     Cuts: 818     3884    8.28%
*     0+    0                         1492.2004     1596.0197             6.96%
*     0     0      integral     0     1492.2004     1492.2004     5477    0.00%
Elapsed time = 1.58 sec. (1123.54 ticks, tree = 0.00 MB, solutions = 4)

Flow cuts applied:  812
Mixed integer rounding cuts applied:  503
Gomory fractional cuts applied:  321

Root node processing (before b&c):
  Real time             =    1.60 sec. (1131.33 ticks)
Parallel b&c, 8 threads:
  Real time             =    0.00 sec. (0.00 ticks)
  Sync time (average)   =    0.00 sec.
  Wait time (average)   =    0.00 sec.
                          ------------
Total (root+branch&cut) =    1.60 sec. (1131.33 ticks)

<<< solve


OBJECTIVE: 1492.2
avg_utility = 0.913779

<<< post process


<<< done

