
<<< setup


<<< generate

Presolve has eliminated 85669 rows and 111219 columns...
Tried aggregator 7 times.
MIP Presolve eliminated 244003 rows and 283881 columns.
MIP Presolve modified 3066 coefficients.
Aggregator did 19560 substitutions.
Reduced MIP has 11473 rows, 21588 columns, and 50310 nonzeros.
Reduced MIP has 4034 binaries, 2196 generals, 0 SOSs, and 0 indicators.
Presolve time = 8,80 sec. (13607,47 ticks)
Found incumbent of value 0,000000 after 9,03 sec. (13665,00 ticks)
Probing time = 0,20 sec. (1,90 ticks)
Tried aggregator 2 times.
MIP Presolve eliminated 3447 rows and 2892 columns.
MIP Presolve modified 890 coefficients.
Aggregator did 1786 substitutions.
Reduced MIP has 6240 rows, 16910 columns, and 39172 nonzeros.
Reduced MIP has 4034 binaries, 2196 generals, 0 SOSs, and 0 indicators.
Presolve time = 0,12 sec. (77,10 ticks)
Probing time = 0,04 sec. (1,83 ticks)
Tried aggregator 1 time.
Reduced MIP has 6240 rows, 16910 columns, and 39172 nonzeros.
Reduced MIP has 4034 binaries, 2196 generals, 0 SOSs, and 0 indicators.
Presolve time = 0,04 sec. (24,67 ticks)
Probing time = 0,13 sec. (1,83 ticks)
Clique table members: 524.
MIP emphasis: balance optimality and feasibility.
MIP search method: dynamic search.
Parallel mode: deterministic, using up to 8 threads.
Root relaxation solution time = 0,24 sec. (174,90 ticks)

        Nodes                                         Cuts/
   Node  Left     Objective  IInf  Best Integer    Best Bound    ItCnt     Gap

*     0+    0                            0,0000    20902,4000              --- 
      0     0     3546,0000   180        0,0000     3546,0000     5094     --- 
      0     0     3546,0000    66        0,0000     Cuts: 286     5467     --- 
*     0+    0                         3529,4000     3546,0000             0,47%
      0     0     3546,0000    24     3529,4000     Cuts: 110     5713    0,47%
      0     0     3546,0000    22     3529,4000  Impl Bds: 16     5840    0,47%
*     0+    0                         3546,0000     3546,0000             0,00%
*     0     0      integral     0     3546,0000     3546,0000     5840    0,00%
Elapsed time = 67,97 sec. (16512,25 ticks, tree = 0,00 MB, solutions = 3)

Implied bound cuts applied:  233
Flow cuts applied:  1
Gomory fractional cuts applied:  124

Root node processing (before b&c):
  Real time             =   68,03 sec. (16524,85 ticks)
Parallel b&c, 8 threads:
  Real time             =    0,00 sec. (0,00 ticks)
  Sync time (average)   =    0,00 sec.
  Wait time (average)   =    0,00 sec.
                          ------------
Total (root+branch&cut) =   68,03 sec. (16524,85 ticks)

<<< solve


OBJECTIVE: 3546

<<< post process


<<< done

