
<<< setup


<<< generate

Tried aggregator 5 times.
MIP Presolve eliminated 205114 rows and 199649 columns.
MIP Presolve modified 15559 coefficients.
Aggregator did 46000 substitutions.
Reduced MIP has 23922 rows, 39380 columns, and 100120 nonzeros.
Reduced MIP has 6230 binaries, 0 generals, 0 SOSs, and 0 indicators.
Presolve time = 1,98 sec. (1655,01 ticks)
Found incumbent of value 0,000000 after 2,25 sec. (1913,25 ticks)
Probing time = 0,02 sec. (6,16 ticks)
Tried aggregator 4 times.
MIP Presolve eliminated 5225 rows and 6450 columns.
MIP Presolve modified 4450 coefficients.
Aggregator did 8900 substitutions.
Reduced MIP has 9797 rows, 24030 columns, and 60520 nonzeros.
Reduced MIP has 6230 binaries, 0 generals, 0 SOSs, and 0 indicators.
Presolve time = 0,38 sec. (401,69 ticks)
Probing time = 0,01 sec. (6,63 ticks)
Clique table members: 890.
MIP emphasis: balance optimality and feasibility.
MIP search method: dynamic search.
Parallel mode: deterministic, using up to 24 threads.
Root relaxation solution time = 0,23 sec. (296,89 ticks)

        Nodes                                         Cuts/
   Node  Left     Objective  IInf  Best Integer    Best Bound    ItCnt     Gap

*     0+    0                            0,0000     5696,0000       12     --- 
      0     0     1120,2250   157        0,0000     1120,2250       12     --- 
*     0+    0                         1101,7000     1120,2250      856    1,68%
      0     0     1120,2250   184     1101,7000     Cuts: 159      856    1,68%
      0     0     1120,2250   122     1101,7000      Cuts: 52      969    1,68%
      0     0     1120,2250   161     1101,7000     Cuts: 116     1168    1,68%
*     0+    0                         1109,4000     1120,2250     1168    0,98%
*     0+    0                         1112,9000     1120,2250     1168    0,66%
*     0+    0                         1113,0000     1120,2250     1168    0,65%
*     0+    0                         1113,2000     1120,2250     1168    0,63%
      0     2     1120,2250    91     1113,2000     1120,2250     1168    0,63%
Elapsed time = 15,86 sec. (13221,89 ticks, tree = 0,01 MB, solutions = 6)
      2     2     1119,1000   123     1113,2000     1120,2250     3905    0,63%
      4     4     1119,1000   103     1113,2000     1120,2250     4789    0,63%
      6     6     1119,0667   126     1113,2000     1119,1000     4987    0,53%
     12    12     1116,7625    73     1113,2000     1119,0667    11617    0,53%
     15    15     1119,0333   114     1113,2000     1119,0667    26918    0,53%
     20    20     1118,8949   112     1113,2000     1119,0667    47006    0,53%
     24    24     1116,7500    76     1113,2000     1119,0667    60197    0,53%
     30    30     1118,9000   103     1113,2000     1119,0667    71516    0,53%
     37    37     1118,8667   106     1113,2000     1119,0667    79571    0,53%
     47    47     1116,7375    77     1113,2000     1119,0667    81060    0,53%
Elapsed time = 34,72 sec. (18534,96 ticks, tree = 0,01 MB, solutions = 6)
*    59+   57                         1115,5000     1119,0667    84925    0,32%
*    59+   57                         1115,6000     1119,0667    84925    0,31%
*    60+   58                         1115,6000     1119,0667    85185    0,31%
*    60+   58                         1115,7000     1119,0667    85185    0,30%
     64    64     1117,8417    69     1115,7000     1119,0667    86669    0,30%
    691   541     1116,0667    35     1115,7000     1119,0667   156350    0,30%
   1824  1377     1116,2813    26     1115,7000     1119,0500   205101    0,30%
   2789  2087     1115,8500    27     1115,7000     1119,0333   276680    0,30%
   4028  3111     1118,8500   117     1115,7000     1118,9500   367368    0,29%
   5496  4282     1117,5750    91     1115,7000     1118,9500   475268    0,29%
   5700  4429     1116,4375    35     1115,7000     1118,9500   505448    0,29%
   7713  5701     1117,5750    82     1115,7000     1118,8000   642933    0,28%
   8306  6109     1117,6250    76     1115,7000     1118,8000   699555    0,28%
   8749  6405     1117,1625    55     1115,7000     1118,8000   752766    0,28%
Elapsed time = 68,88 sec. (30741,83 ticks, tree = 13,84 MB, solutions = 21)
  10186  7274     1120,2250   163     1115,7000     1118,7500   860099    0,27%
  10189  3639     1119,1000   113     1115,7000     1118,7500   861250    0,27%
  10190  3640     1119,1000   122     1115,7000     1118,7500   861582    0,27%
  10192  3640     1119,0500   120     1115,7000     1118,7500   862050    0,27%
  10198  2674     1117,9750    88     1115,7000     1118,7500   889485    0,27%
  10201  2673     1116,8500    48     1115,7000     1118,7500   899794    0,27%
  10204  2672     1116,8500    54     1115,7000     1118,7500   902103    0,27%
  10207  2671     1116,8500    50     1115,7000     1118,7500   905574    0,27%
  10212  2671     1116,8500    43     1115,7000     1118,7500   907030    0,27%
  10218  2403     1116,8500    44     1115,7000     1118,7500   916737    0,27%
Elapsed time = 112,16 sec. (71793,92 ticks, tree = 21,41 MB, solutions = 21)
  10222  2401     1116,8500    40     1115,7000     1118,7500   921926    0,27%
  10228  1999     1116,8500    39     1115,7000     1118,7500   922657    0,27%
  10230  1998     1116,8500    43     1115,7000     1118,7500   922901    0,27%
  10237  1994     1116,3000    17     1115,7000     1118,7500   923167    0,27%
  10247  1328     1116,0750    50     1115,7000     1118,7500   924507    0,27%
  10256  1324     1116,8500    38     1115,7000     1118,7500   925456    0,27%
  10267  1081     1116,8500    49     1115,7000     1118,7500   926282    0,27%
  10281   770     1116,0750    39     1115,7000     1118,7500   927074    0,27%
  10304   443     1116,8500    33     1115,7000     1118,7500   928201    0,27%
  10320   304     1116,8500    36     1115,7000     1118,7500   929282    0,27%
Elapsed time = 122,94 sec. (82500,35 ticks, tree = 2,62 MB, solutions = 21)
  10344   182     1116,7917    35     1115,7000     1118,7500   930395    0,27%
  10363   108     1117,9250    83     1115,7000     1117,9750   931827    0,20%
  10393    88     1116,7917    31     1115,7000     1117,9750   934400    0,20%
  10424    54     1116,8500    36     1115,7000     1117,9750   936517    0,20%
  10535    62     1116,8500    38     1115,7000     1117,9750   941234    0,20%
  11025   259     1115,8500    27     1115,7000     1117,9750   955037    0,20%
  11604    56     1116,8500    52     1115,7000     1117,9750   969267    0,20%
  11677     7     1116,8500    45     1115,7000     1117,9250   971188    0,20%

Implied bound cuts applied:  3189
Flow cuts applied:  84
Mixed integer rounding cuts applied:  16
Gomory fractional cuts applied:  101

Root node processing (before b&c):
  Real time             =   12,70 sec. (10525,86 ticks)
Parallel b&c, 24 threads:
  Real time             =  119,73 sec. (78692,98 ticks)
  Sync time (average)   =    0,11 sec.
  Wait time (average)   =    0,00 sec.
                          ------------
Total (root+branch&cut) =  132,43 sec. (89218,84 ticks)

<<< solve


OBJECTIVE: 1115.7

<<< post process


<<< done

