
<<< setup


<<< generate

Found incumbent of value 0.000000 after 0.00 sec. (1.56 ticks)
Tried aggregator 2 times.
MIP Presolve eliminated 53468 rows and 29397 columns.
MIP Presolve modified 621 coefficients.
Aggregator did 4312 substitutions.
Reduced MIP has 926 rows, 2772 columns, and 5236 nonzeros.
Reduced MIP has 1586 binaries, 570 generals, 0 SOSs, and 0 indicators.
Presolve time = 0.09 sec. (46.96 ticks)
Probing time = 0.00 sec. (1.05 ticks)
Tried aggregator 1 time.
Reduced MIP has 926 rows, 2772 columns, and 5236 nonzeros.
Reduced MIP has 1586 binaries, 570 generals, 0 SOSs, and 0 indicators.
Presolve time = 0.01 sec. (4.63 ticks)
Probing time = 0.00 sec. (1.05 ticks)
Clique table members: 213.
MIP emphasis: balance optimality and feasibility.
MIP search method: dynamic search.
Parallel mode: deterministic, using up to 8 threads.
Root relaxation solution time = 0.02 sec. (9.77 ticks)

        Nodes                                         Cuts/
   Node  Left     Objective  IInf  Best Integer    Best Bound    ItCnt     Gap

*     0+    0                            0.0000     3500.5298              --- 
*     0+    0                          285.2587     3500.5298              --- 
*     0     0      integral     0      634.2635      634.2635      453    0.00%
Elapsed time = 0.15 sec. (74.83 ticks, tree = 0.00 MB, solutions = 3)

Root node processing (before b&c):
  Real time             =    0.15 sec. (76.43 ticks)
Parallel b&c, 8 threads:
  Real time             =    0.00 sec. (0.00 ticks)
  Sync time (average)   =    0.00 sec.
  Wait time (average)   =    0.00 sec.
                          ------------
Total (root+branch&cut) =    0.15 sec. (76.43 ticks)

<<< solve


OBJECTIVE: 634.2635
avg_utility = 0.777284

<<< post process


<<< done

