
<<< setup


<<< generate

Found incumbent of value 0,000000 after 0,06 sec. (64,76 ticks)
Tried aggregator 4 times.
MIP Presolve eliminated 3404371 rows and 1222569 columns.
Aggregator did 7280 substitutions.
Reduced MIP has 2186 rows, 5096 columns, and 11648 nonzeros.
Reduced MIP has 0 binaries, 0 generals, 0 SOSs, and 0 indicators.
Presolve time = 1,31 sec. (2339,13 ticks)
Tried aggregator 2 times.
MIP Presolve eliminated 2144 rows and 4988 columns.
Aggregator did 11 substitutions.
Reduced MIP has 31 rows, 97 columns, and 195 nonzeros.
Reduced MIP has 0 binaries, 0 generals, 0 SOSs, and 0 indicators.
Presolve time = 0,03 sec. (49,23 ticks)
Tried aggregator 1 time.
Reduced MIP has 31 rows, 97 columns, and 195 nonzeros.
Reduced MIP has 0 binaries, 0 generals, 0 SOSs, and 0 indicators.
Presolve time = 0,03 sec. (42,21 ticks)
MIP emphasis: balance optimality and feasibility.
MIP search method: dynamic search.
Parallel mode: deterministic, using up to 8 threads.
Root relaxation solution time = 0,00 sec. (0,10 ticks)

        Nodes                                         Cuts/
   Node  Left     Objective  IInf  Best Integer    Best Bound    ItCnt     Gap

*     0+    0                            0,0000     4574,0136              --- 
*     0     0      integral     0     1225,0000     1225,0000       39    0,00%
Elapsed time = 1,46 sec. (2558,30 ticks, tree = 0,00 MB, solutions = 1)

Root node processing (before b&c):
  Real time             =    1,51 sec. (2600,82 ticks)
Parallel b&c, 8 threads:
  Real time             =    0,00 sec. (0,00 ticks)
  Sync time (average)   =    0,00 sec.
  Wait time (average)   =    0,00 sec.
                          ------------
Total (root+branch&cut) =    1,51 sec. (2600,82 ticks)

<<< solve


OBJECTIVE: 1225
avg_utility = 1

<<< post process


<<< done

