
<<< setup


<<< generate

Found incumbent of value 0,000000 after 0,01 sec. (7,22 ticks)
Tried aggregator 4 times.
MIP Presolve eliminated 362958 rows and 133505 columns.
Aggregator did 4642 substitutions.
Reduced MIP has 423 rows, 2110 columns, and 4220 nonzeros.
Reduced MIP has 0 binaries, 0 generals, 0 SOSs, and 0 indicators.
Presolve time = 0,26 sec. (311,97 ticks)
Tried aggregator 1 time.
MIP Presolve eliminated 407 rows and 2035 columns.
Reduced MIP has 16 rows, 75 columns, and 150 nonzeros.
Reduced MIP has 0 binaries, 0 generals, 0 SOSs, and 0 indicators.
Presolve time = 0,01 sec. (6,26 ticks)
Tried aggregator 1 time.
Reduced MIP has 16 rows, 75 columns, and 150 nonzeros.
Reduced MIP has 0 binaries, 0 generals, 0 SOSs, and 0 indicators.
Presolve time = 0,01 sec. (4,11 ticks)
MIP emphasis: balance optimality and feasibility.
MIP search method: dynamic search.
Parallel mode: deterministic, using up to 24 threads.
Root relaxation solution time = 0,00 sec. (0,08 ticks)

        Nodes                                         Cuts/
   Node  Left     Objective  IInf  Best Integer    Best Bound    ItCnt     Gap

*     0+    0                            0,0000     2153,6000              --- 
*     0     0      integral     0      285,8000      285,8000       35    0,00%
Elapsed time = 0,29 sec. (338,24 ticks, tree = 0,00 MB, solutions = 2)

Root node processing (before b&c):
  Real time             =    0,30 sec. (343,39 ticks)
Parallel b&c, 24 threads:
  Real time             =    0,00 sec. (0,00 ticks)
  Sync time (average)   =    0,00 sec.
  Wait time (average)   =    0,00 sec.
                          ------------
Total (root+branch&cut) =    0,30 sec. (343,39 ticks)

<<< solve


OBJECTIVE: 285.8
avg_utility = 0.350245

<<< post process


<<< done

