
<<< setup


<<< generate

Presolve has eliminated 85669 rows and 111219 columns...
Tried aggregator 7 times.
MIP Presolve eliminated 244009 rows and 283885 columns.
MIP Presolve modified 3061 coefficients.
Aggregator did 19560 substitutions.
Reduced MIP has 11467 rows, 21584 columns, and 50294 nonzeros.
Reduced MIP has 4034 binaries, 2196 generals, 0 SOSs, and 0 indicators.
Presolve time = 7,89 sec. (13596,61 ticks)
Found incumbent of value 0,000000 after 8,09 sec. (13654,26 ticks)
Probing time = 0,29 sec. (1,90 ticks)
Tried aggregator 2 times.
MIP Presolve eliminated 3445 rows and 2892 columns.
MIP Presolve modified 890 coefficients.
Aggregator did 1782 substitutions.
Reduced MIP has 6240 rows, 16910 columns, and 39172 nonzeros.
Reduced MIP has 4034 binaries, 2196 generals, 0 SOSs, and 0 indicators.
Presolve time = 0,13 sec. (77,09 ticks)
Probing time = 0,10 sec. (1,83 ticks)
Tried aggregator 1 time.
Reduced MIP has 6240 rows, 16910 columns, and 39172 nonzeros.
Reduced MIP has 4034 binaries, 2196 generals, 0 SOSs, and 0 indicators.
Presolve time = 0,07 sec. (24,66 ticks)
Probing time = 0,23 sec. (1,83 ticks)
Clique table members: 524.
MIP emphasis: balance optimality and feasibility.
MIP search method: dynamic search.
Parallel mode: deterministic, using up to 8 threads.
Root relaxation solution time = 0,30 sec. (152,18 ticks)

        Nodes                                         Cuts/
   Node  Left     Objective  IInf  Best Integer    Best Bound    ItCnt     Gap

*     0+    0                            0,0000    20902,4000              --- 
      0     0     4085,0000    26        0,0000     4085,0000     2846     --- 
      0     0     4042,7725    11        0,0000      Cuts: 40     3875     --- 
      0     0     4038,9648    17        0,0000       Cuts: 9     3908     --- 
      0     0     4038,3098    14        0,0000       Cuts: 3     3921     --- 
*     0+    0                         4032,2000     4038,3098             0,15%
      0     0     4038,3098    14     4032,2000   Flowcuts: 1     3925    0,15%
      0     0     4038,3098    14     4032,2000   Flowcuts: 2     3929    0,15%
*     0+    0                         4033,0000     4038,3098             0,13%
      0     2     4038,3098    14     4033,0000     4038,3098     3929    0,13%
Elapsed time = 66,58 sec. (16819,49 ticks, tree = 0,00 MB, solutions = 3)
     14    16     4038,1214    14     4033,0000     4038,3098     3970    0,13%
     41    30     4035,0047    10     4033,0000     4038,3098     4200    0,13%
    152   124     4033,1000     4     4033,0000     4038,3098     9811    0,13%
    357   328     4033,1000     2     4033,0000     4038,3098    17940    0,13%
    580   546     4033,1000     8     4033,0000     4038,3098    22850    0,13%
    805   739     4033,1000     2     4033,0000     4038,3098    29343    0,13%
    925   825     4033,1000     2     4033,0000     4038,3098    34417    0,13%
   1080   932     4033,1000     2     4033,0000     4038,3098    41791    0,13%
   1239  1033     4033,1000     2     4033,0000     4038,3098    49393    0,13%
   1888  1601     4033,1000     6     4033,0000     4038,3098    70897    0,13%
Elapsed time = 78,92 sec. (20094,22 ticks, tree = 11,48 MB, solutions = 3)
   2726  2307     4033,1000    10     4033,0000     4038,1214    87400    0,13%
   3174  2731     4033,1000     2     4033,0000     4037,0000    91839    0,10%

Implied bound cuts applied:  27
Flow cuts applied:  3
Lift and project cuts applied:  1
Gomory fractional cuts applied:  17

Root node processing (before b&c):
  Real time             =   66,48 sec. (16817,76 ticks)
Parallel b&c, 8 threads:
  Real time             =   16,24 sec. (5606,13 ticks)
  Sync time (average)   =    4,33 sec.
  Wait time (average)   =    4,85 sec.
                          ------------
Total (root+branch&cut) =   82,72 sec. (22423,89 ticks)

<<< solve


OBJECTIVE: 4033

<<< post process


<<< done

