
<<< setup


<<< generate

Found incumbent of value 0.000000 after 0.00 sec. (0.02 ticks)
Tried aggregator 2 times.
MIP Presolve eliminated 221 rows and 309 columns.
Aggregator did 77 substitutions.
Reduced MIP has 8 rows, 35 columns, and 70 nonzeros.
Reduced MIP has 0 binaries, 0 generals, 0 SOSs, and 0 indicators.
Presolve time = 0.00 sec. (0.42 ticks)
Tried aggregator 1 time.
Reduced MIP has 8 rows, 35 columns, and 70 nonzeros.
Reduced MIP has 0 binaries, 0 generals, 0 SOSs, and 0 indicators.
Presolve time = 0.00 sec. (0.03 ticks)
MIP emphasis: balance optimality and feasibility.
MIP search method: dynamic search.
Parallel mode: deterministic, using up to 8 threads.
Root relaxation solution time = 0.00 sec. (0.01 ticks)

        Nodes                                         Cuts/
   Node  Left     Objective  IInf  Best Integer    Best Bound    ItCnt     Gap

*     0+    0                            0.0000     7107.0318              --- 
*     0     0      integral     0     1092.2753     1092.2753        1    0.00%
Elapsed time = 0.00 sec. (0.53 ticks, tree = 0.00 MB, solutions = 2)

Root node processing (before b&c):
  Real time             =    0.00 sec. (0.54 ticks)
Parallel b&c, 8 threads:
  Real time             =    0.00 sec. (0.00 ticks)
  Sync time (average)   =    0.00 sec.
  Wait time (average)   =    0.00 sec.
                          ------------
Total (root+branch&cut) =    0.00 sec. (0.54 ticks)

<<< solve


OBJECTIVE: 1092.275
avg_utility = 0.445827

<<< post process


<<< done

