
<<< setup


<<< generate

Found incumbent of value 0,000000 after 0,04 sec. (41,82 ticks)
Tried aggregator 2 times.
MIP Presolve eliminated 179630 rows and 566165 columns.
MIP Presolve modified 4865 coefficients.
Aggregator did 21405 substitutions.
Reduced MIP has 298518 rows, 814103 columns, and 2356527 nonzeros.
Reduced MIP has 9113 binaries, 0 generals, 0 SOSs, and 0 indicators.
Presolve time = 1,84 sec. (1302,59 ticks)
Probing time = 0,41 sec. (27,27 ticks)
Tried aggregator 1 time.
MIP Presolve eliminated 15686 rows and 40765 columns.
MIP Presolve modified 1092 coefficients.
Reduced MIP has 282650 rows, 773338 columns, and 2234733 nonzeros.
Reduced MIP has 9113 binaries, 0 generals, 0 SOSs, and 0 indicators.
Presolve time = 2,46 sec. (1108,18 ticks)
Probing time = 0,44 sec. (26,13 ticks)
MIP emphasis: balance optimality and feasibility.
MIP search method: dynamic search.
Parallel mode: deterministic, using up to 8 threads.
Root relaxation solution time = 10,29 sec. (2551,29 ticks)

        Nodes                                         Cuts/
   Node  Left     Objective  IInf  Best Integer    Best Bound    ItCnt     Gap

*     0+    0                            0,0000    73581,3367              --- 
      0     0    17226,0000  3935        0,0000    17226,0000    14368     --- 
      0     0    16221,6483  1065        0,0000    Cuts: 9964   430956     --- 
      0     0    15770,4898   710        0,0000    Cuts: 5023  1532744     --- 
      0     0    15747,0838   736        0,0000    Cuts: 3399  1647928     --- 
*     0+    0                        13299,4762    15747,0838            18,40%
*     0+    0                        13506,3709    15747,0838            16,59%
*     0+    0                        14551,8591    15747,0838             8,21%
*     0+    0                        14554,4818    15747,0838             8,19%
*     0+    0                        14560,8214    15747,0838             8,15%
*     0+    0                        14561,7986    15747,0838             8,14%
*     0+    0                        14666,8577    15747,0838             7,37%
      0     0    15701,5087   668    14666,8577    Cuts: 3441  1880687    7,05%
