
<<< setup


<<< generate

Found incumbent of value 0,000000 after 0,01 sec. (5,78 ticks)
Tried aggregator 6 times.
MIP Presolve eliminated 52262 rows and 89501 columns.
MIP Presolve modified 17181 coefficients.
Aggregator did 24119 substitutions.
Reduced MIP has 28951 rows, 63261 columns, and 179066 nonzeros.
Reduced MIP has 14388 binaries, 2512 generals, 0 SOSs, and 0 indicators.
Presolve time = 1,64 sec. (1671,50 ticks)
Probing time = 0,03 sec. (3,53 ticks)
Tried aggregator 1 time.
Reduced MIP has 28951 rows, 63261 columns, and 179066 nonzeros.
Reduced MIP has 14388 binaries, 2512 generals, 0 SOSs, and 0 indicators.
Presolve time = 0,13 sec. (87,73 ticks)
Probing time = 0,02 sec. (3,78 ticks)
Clique table members: 803.
MIP emphasis: balance optimality and feasibility.
MIP search method: dynamic search.
Parallel mode: deterministic, using up to 8 threads.
Root relaxation solution time = 0,47 sec. (412,10 ticks)

        Nodes                                         Cuts/
   Node  Left     Objective  IInf  Best Integer    Best Bound    ItCnt     Gap

*     0+    0                            0,0000    11359,0000              --- 
*     0+    0                          569,8000    11359,0000              --- 
*     0+    0                          600,2000    11359,0000              --- 
*     0+    0                          617,0000    11359,0000              --- 
      0     0     3805,0000   931      617,0000     3805,0000     5539  516,69%
*     0+    0                         2200,6000     3805,0000            72,91%
      0     0     3670,2142   600     2200,6000    Cuts: 2859    11464   66,78%
      0     0     3621,4985   779     2200,6000    Cuts: 1990    14517   64,57%
      0     0     3532,2287   657     2200,6000    Cuts: 2203    21088   60,51%
*     0+    0                         2636,8000     3532,2287            33,96%
*     0+    0                         3010,0000     3532,2287            17,35%
*     0+    0                         3010,2000     3532,2287            17,34%
      0     0     3484,8109   827     3010,2000    Cuts: 1724    23440   15,77%
      0     0     3425,2727   603     3010,2000    Cuts: 1863    25357   13,79%
      0     0     3396,1800   518     3010,2000    Cuts: 1438    29916   12,82%
      0     0     3371,0529   597     3010,2000    Cuts: 1189    33092   11,99%
      0     0     3349,1905   616     3010,2000    Cuts: 1466    36619   11,26%
*     0+    0                         3092,6000     3349,1905             8,30%
      0     0     3331,8909   543     3092,6000    Cuts: 1370    39235    7,74%
      0     0     3323,1110   535     3092,6000    Cuts: 1263    42121    7,45%
      0     0     3314,3113   494     3092,6000     Cuts: 892    44138    7,17%
      0     0     3310,3374   442     3092,6000     Cuts: 884    45003    7,04%
      0     0     3308,3081   419     3092,6000     Cuts: 657    45891    6,97%
      0     0     3306,6165   247     3092,6000     Cuts: 482    46744    6,92%
      0     0     3303,5866   220     3092,6000     Cuts: 341    47680    6,82%
      0     0     3302,0084   251     3092,6000     Cuts: 245    48495    6,77%
      0     0     3300,5778   162     3092,6000     Cuts: 270    49306    6,73%
      0     0     3300,0179   123     3092,6000     Cuts: 201    49570    6,71%
      0     0     3299,7734   131     3092,6000     Cuts: 123    50049    6,70%
      0     0     3299,7126    73     3092,6000      Cuts: 23    50201    6,70%
      0     0     3299,7087    75     3092,6000       Cuts: 7    50224    6,70%
Heuristic still looking.
*     0+    0                         3093,4000     3299,7087             6,67%
      0     2     3299,7087    75     3093,4000     3299,7087    50224    6,67%
Elapsed time = 96,58 sec. (70061,32 ticks, tree = 0,00 MB, solutions = 9)
      1     3     3299,6741    37     3093,4000     3299,7087    53517    6,67%
      3     5     3299,4288   183     3093,4000     3299,6741    55276    6,67%
      5     7     3296,6257   137     3093,4000     3299,6741    56391    6,67%
      7     9     3299,3905   177     3093,4000     3299,6741    56527    6,67%
      8    10     3296,5923   112     3093,4000     3299,6741    56922    6,67%
      9    11     3296,4787   137     3093,4000     3299,6741    57802    6,67%
     10    12     3296,4558   131     3093,4000     3299,6741    59732    6,67%
     11    13     3296,3578   145     3093,4000     3299,6741    61282    6,67%
     12    14     3295,5374   127     3093,4000     3299,6741    63464    6,67%
     13    15     3295,3886   141     3093,4000     3299,6741    64843    6,67%
Elapsed time = 116,93 sec. (84506,06 ticks, tree = 0,00 MB, solutions = 9)
     20    22     3295,3423   159     3093,4000     3299,6741    67365    6,67%
     39    41     3295,5284   125     3093,4000     3299,6741    75051    6,67%
    163   165     3299,6707    87     3093,4000     3299,6741    79111    6,67%
    310   312     3295,4875   113     3093,4000     3299,6741    89118    6,67%
    366   368     3295,1234   118     3093,4000     3299,6741    92370    6,67%
    383   385     3294,7890   138     3093,4000     3299,6741    93819    6,67%
    632   634     3294,7287   144     3093,4000     3299,6741    96807    6,67%
    681   683     3294,8981   110     3093,4000     3299,6741    97643    6,67%
    763   765     3295,7600   190     3093,4000     3299,6741   101138    6,67%
    814   816     3299,5395    42     3093,4000     3299,6741   102899    6,67%
Elapsed time = 200,95 sec. (107252,43 ticks, tree = 189,06 MB, solutions = 9)
    887   889     3295,3416   102     3093,4000     3299,6741   103723    6,67%
    911   913     3294,7941   106     3093,4000     3299,6741   104927    6,67%
    912   914     3299,5395    46     3093,4000     3299,6741   107611    6,67%
   1219  1221     3299,5372    46     3093,4000     3299,6741   115883    6,67%
   1227  1229     3299,5395    42     3093,4000     3299,6741   117891    6,67%
   1423  1425     3293,2542   110     3093,4000     3299,6741   122553    6,67%
   1567  1569     3298,9183   137     3093,4000     3299,6741   127038    6,67%
*  1628+ 1628                         3298,4000     3299,6741             0,04%

Implied bound cuts applied:  166
Flow cuts applied:  9305
Mixed integer rounding cuts applied:  7506
Flow path cuts applied:  922
Gomory fractional cuts applied:  236

Root node processing (before b&c):
  Real time             =   96,43 sec. (70022,13 ticks)
Parallel b&c, 8 threads:
  Real time             =  252,00 sec. (68024,18 ticks)
  Sync time (average)   =   60,29 sec.
  Wait time (average)   =   60,40 sec.
                          ------------
Total (root+branch&cut) =  348,43 sec. (138046,31 ticks)

<<< solve


OBJECTIVE: 3298.4
avg_utility = 0.866859

<<< post process


<<< done

