
<<< setup


<<< generate

Tried aggregator 8 times.
MIP Presolve eliminated 91266 rows and 232143 columns.
MIP Presolve modified 25539 coefficients.
Aggregator did 65219 substitutions.
Reduced MIP has 95065 rows, 233759 columns, and 611130 nonzeros.
Reduced MIP has 39572 binaries, 4656 generals, 0 SOSs, and 0 indicators.
Presolve time = 9,23 sec. (7266,93 ticks)
Found incumbent of value 1140,870440 after 9,58 sec. (7533,98 ticks)
Probing time = 0,07 sec. (19,25 ticks)
Tried aggregator 1 time.
Presolve time = 0,30 sec. (248,18 ticks)
Probing time = 0,29 sec. (19,25 ticks)
Clique table members: 1187.
MIP emphasis: balance optimality and feasibility.
MIP search method: dynamic search.
Parallel mode: deterministic, using up to 24 threads.
Root relaxation solution time = 4,81 sec. (2899,67 ticks)

        Nodes                                         Cuts/
   Node  Left     Objective  IInf  Best Integer    Best Bound    ItCnt     Gap

*     0+    0                         1140,8704    33752,6578    22176     --- 
*     0+    0                         1347,5767    33752,6578    22176     --- 
*     0+    0                         1394,6156    33752,6578    22176     --- 
*     0+    0                         1419,1288    33752,6578    22176     --- 
*     0+    0                         1438,0107    33752,6578    22176     --- 
*     0+    0                         1451,9236    33752,6578    22176     --- 
*     0+    0                         1462,8552    33752,6578    22176     --- 
*     0+    0                         1473,7867    33752,6578    22176     --- 
      0     0     7868,0000  1547     1473,7867     7868,0000    22176  433,86%
*     0+    0                         4944,0000     7868,0000    67123   59,14%
      0     0     7752,3182  1072     4944,0000    Cuts: 4712    67123   56,80%
      0     0     7635,2873  1201     4944,0000    Cuts: 3297   167736   54,44%
      0     0     7517,5918  1260     4944,0000    Cuts: 3419   240529   52,05%
      0     0     7371,3018   919     4944,0000    Cuts: 3546   308343   49,10%
      0     0     7311,2079   890     4944,0000    Cuts: 2275   365909   47,88%
      0     0     7245,9842    85     4944,0000    Cuts: 2245   423240   46,56%
*     0+    0                         6988,2956     7245,9842   423240    3,69%
*     0+    0                         6994,8955     7245,9842   423240    3,59%
*     0+    0                         7008,5420     7245,9842   423240    3,39%
      0     0     7240,7977   147     7008,5420     Cuts: 246   428636    3,31%
      0     0     7239,3202   177     7008,5420     Cuts: 754   443044    3,29%
      0     0     7238,5303   180     7008,5420     Cuts: 788   454310    3,28%
      0     0     7238,1612   210     7008,5420     Cuts: 570   456382    3,28%
      0     0     7237,9975   189     7008,5420     Cuts: 576   457511    3,27%
      0     0     7237,9086   252     7008,5420     Cuts: 646   458182    3,27%
Heuristic still looking.
Heuristic still looking.
Heuristic still looking.
      0     2     7237,9086   252     7008,5420     7237,9086   458182    3,27%
Elapsed time = 1151,37 sec. (1061966,10 ticks, tree = 0,01 MB, solutions = 12)
      3     5     7237,8766   269     7008,5420     7237,9016   489282    3,27%
      5     7     7237,8277   284     7008,5420     7237,9016   495985    3,27%
      6     8     7237,8711   271     7008,5420     7237,9015   512952    3,27%
      7     9     7237,8646   280     7008,5420     7237,9015   526218    3,27%
     15    17     7237,8877   245     7008,5420     7237,9015   526582    3,27%
     22    24     7232,6009   269     7008,5420     7237,9015   551711    3,27%
     27    29     7232,6008   247     7008,5420     7237,9015   553691    3,27%
     28    30     7237,8877   245     7008,5420     7237,9015   554390    3,27%
     29    31     7237,8642   271     7008,5420     7237,9015   555073    3,27%
     33    35     7232,2909   268     7008,5420     7237,9015   574265    3,27%
Elapsed time = 1375,34 sec. (1241879,19 ticks, tree = 0,08 MB, solutions = 12)
     36    38     7234,7557   278     7008,5420     7237,9015   583003    3,27%
     41    43     7232,2913   272     7008,5420     7237,9015   618135    3,27%
     49    51     7237,8775   254     7008,5420     7237,9015   620732    3,27%
     50    52     7237,8432   279     7008,5420     7237,9015   754054    3,27%
     68    70     7237,8456   252     7008,5420     7237,9015  1195016    3,27%
     69    71     7237,8570   288     7008,5420     7237,9015  1232391    3,27%
*    85+   85                         7193,6944     7237,9015  1412329    0,61%
     86    81     7237,8071   275     7193,6944     7237,9015  1514037    0,61%
    103    98     7237,8565   289     7193,6944     7237,9015  1575073    0,61%
    120   115     7237,8214   292     7193,6944     7237,9015  1599839    0,61%
    171   166     7237,8197   292     7193,6944     7237,9015  1615517    0,61%
Elapsed time = 2768,70 sec. (1818551,11 ticks, tree = 0,01 MB, solutions = 13)
    239   234     7237,8325   289     7193,6944     7237,9015  1634898    0,61%
    273   268     7237,6369   292     7193,6944     7237,9015  1654510    0,61%
    290   285     7237,8530   287     7193,6944     7237,9015  1659168    0,61%
   1090  1085     7229,4476   213     7193,6944     7237,9015  2007618    0,61%

Cover cuts applied:  11
Implied bound cuts applied:  479
Flow cuts applied:  13632
Mixed integer rounding cuts applied:  6493
Flow path cuts applied:  529
Gomory fractional cuts applied:  286

Root node processing (before b&c):
  Real time             = 1139,43 sec. (1053819,37 ticks)
Parallel b&c, 24 threads:
  Real time             = 1622,53 sec. (794583,20 ticks)
  Sync time (average)   =    0,07 sec.
  Wait time (average)   =    0,00 sec.
                          ------------
Total (root+branch&cut) = 2761,96 sec. (1848402,57 ticks)

<<< solve


OBJECTIVE: 7193.694
avg_utility = 0.9142977163192567

<<< post process


<<< done

