
<<< setup


<<< generate

Found incumbent of value 0.000000 after 0.02 sec. (7.80 ticks)
Tried aggregator 8 times.
MIP Presolve eliminated 24377 rows and 118727 columns.
MIP Presolve modified 32860 coefficients.
Aggregator did 36939 substitutions.
Reduced MIP has 41477 rows, 95375 columns, and 252791 nonzeros.
Reduced MIP has 13578 binaries, 7644 generals, 0 SOSs, and 0 indicators.
Presolve time = 5.93 sec. (3408.45 ticks)
Probing time = 0.08 sec. (4.39 ticks)
Tried aggregator 1 time.
Reduced MIP has 41477 rows, 95375 columns, and 252791 nonzeros.
Reduced MIP has 13578 binaries, 7644 generals, 0 SOSs, and 0 indicators.
Presolve time = 0.38 sec. (114.49 ticks)
Probing time = 0.17 sec. (4.66 ticks)
Clique table members: 675.
MIP emphasis: balance optimality and feasibility.
MIP search method: dynamic search.
Parallel mode: deterministic, using up to 8 threads.
Root relaxation solution time = 2.55 sec. (1342.29 ticks)

        Nodes                                         Cuts/
   Node  Left     Objective  IInf  Best Integer    Best Bound    ItCnt     Gap

*     0+    0                            0.0000    48052.0000              --- 
      0     0    15808.0575  1394        0.0000    15808.0575     5748     --- 
*     0+    0                         9873.0000    15808.0575            60.11%
      0     0    15011.8759  1275     9873.0000    Cuts: 4309    11394   52.05%
      0     0    13836.3260  1503     9873.0000    Cuts: 3687    14881   40.14%
      0     0    12778.7926  1551     9873.0000    Cuts: 4220    19173   29.43%
      0     0    11851.9068  1855     9873.0000    Cuts: 4072    25539   20.04%
      0     0    11460.8283  1620     9873.0000    Cuts: 4012    33143   16.08%
      0     0    11129.6477  1565     9873.0000    Cuts: 3559    38529   12.73%
      0     0    10889.9596   679     9873.0000    Cuts: 3374    42342   10.30%
      0     0    10793.7746   736     9873.0000    Cuts: 1841    44748    9.33%
      0     0    10764.4886   666     9873.0000    Cuts: 1417    46549    9.03%
*     0+    0                         9873.2000    10764.4886             9.03%
      0     0    10740.6652   547     9873.2000    Cuts: 1017    48145    8.79%
*     0+    0                         9946.6000    10740.6652             7.98%
      0     0    10712.4673   388     9946.6000     Cuts: 821    50166    7.70%
      0     0    10706.1433   345     9946.6000     Cuts: 721    51568    7.64%
*     0+    0                         9947.6000    10706.1433             7.63%
      0     0    10704.7174   404     9947.6000     Cuts: 726    52092    7.61%
*     0+    0                         9948.2000    10704.7174             7.60%
      0     0    10702.4494   330     9948.2000     Cuts: 747    53024    7.58%
      0     0    10701.4129   330     9948.2000     Cuts: 331    53401    7.57%
*     0+    0                         9988.8000    10701.4129             7.13%
      0     0    10697.4137   315     9988.8000     Cuts: 344    53805    7.09%
      0     0    10694.9538   207     9988.8000     Cuts: 350    54180    7.07%
      0     0    10691.7671   170     9988.8000     Cuts: 214    54441    7.04%
      0     0    10688.2384   205     9988.8000     Cuts: 222    54815    7.00%
      0     0    10688.0651   190     9988.8000     Cuts: 257    55029    7.00%
*     0+    0                         9992.8000    10688.0651             6.96%
Heuristic still looking.
Heuristic still looking.
Heuristic still looking.
*     0+    0                        10009.0000    10688.0651             6.78%
      0     2    10688.0651   190    10009.0000    10688.0651    55029    6.78%
Elapsed time = 457.56 sec. (186603.18 ticks, tree = 0.00 MB, solutions = 9)
      2     4    10686.9318   208    10009.0000    10688.0651    55267    6.78%
      3     5    10687.9548   185    10009.0000    10687.9820    55348    6.78%
      4     6    10686.8594   196    10009.0000    10687.9820    56238    6.78%
      6     8    10686.7045   156    10009.0000    10687.9820    57404    6.78%
      8    10    10687.8403   166    10009.0000    10687.9659    57589    6.78%
     11    13    10686.2772   218    10009.0000    10687.9659    59047    6.78%
     12    14    10685.9957   177    10009.0000    10687.9659    59780    6.78%
     13    15    10687.6776   144    10009.0000    10687.9659    60421    6.78%
     17    19    10686.3706   169    10009.0000    10687.9659    60547    6.78%
     39    41    10686.2526   185    10009.0000    10687.9659    63540    6.78%
Elapsed time = 530.70 sec. (224827.68 ticks, tree = 0.00 MB, solutions = 9)
     43    45    10685.9108   217    10009.0000    10687.9659    64707    6.78%
     46    48    10685.5648   212    10009.0000    10687.9659    65837    6.78%
     74    76    10684.0479   140    10009.0000    10687.9659    69989    6.78%
     93    95    10683.6125   122    10009.0000    10687.9659    71853    6.78%
     99   101    10685.3583   233    10009.0000    10687.9659    73000    6.78%
    103   105    10685.1190   145    10009.0000    10687.9659    73568    6.78%
    107   109    10685.3327   212    10009.0000    10687.9659    73957    6.78%
    189   191    10682.3533   132    10009.0000    10687.9659    90122    6.78%
    198   200    10672.0488   106    10009.0000    10687.9659    91329    6.78%
    201   203    10668.1650   101    10009.0000    10687.9659    93479    6.78%
Elapsed time = 748.88 sec. (285844.57 ticks, tree = 0.00 MB, solutions = 9)
    217   219    10684.7948   207    10009.0000    10687.9659    95331    6.78%
    219   221    10676.8149   107    10009.0000    10687.9659    97534    6.78%
    227   229    10676.7143   103    10009.0000    10687.9659   101427    6.78%
    236   238    10671.9441   110    10009.0000    10687.9659   102322    6.78%
    251   253    10675.7124   107    10009.0000    10687.9659   105111    6.78%
    259   261    10676.5948   104    10009.0000    10687.9659   111432    6.78%
    309   311    10661.3575   100    10009.0000    10687.9659   124840    6.78%
    311   313    10623.4824   119    10009.0000    10687.9659   125395    6.78%
    317   319    10665.3221   131    10009.0000    10687.9659   125715    6.78%
    430   428    10674.2504   114    10009.0000    10687.9659   145860    6.78%
Elapsed time = 1124.02 sec. (378270.22 ticks, tree = 99.83 MB, solutions = 9)
    439   435    10644.3942   110    10009.0000    10687.9659   148296    6.78%
    443   439    10653.6220   148    10009.0000    10687.9659   149518    6.78%
    451   447    10649.3712   155    10009.0000    10687.9659   150291    6.78%
    460   456    10626.3059    60    10009.0000    10687.9659   153283    6.78%
    595   591    10570.0353   125    10009.0000    10687.9659   172980    6.78%
    597   593    10646.9017    56    10009.0000    10687.9659   173945    6.78%
    605   601    10362.0606    81    10009.0000    10687.9659   175748    6.78%
    621   617    10635.1532    56    10009.0000    10687.9659   177555    6.78%
    636   632    10602.2588   175    10009.0000    10687.9659   179670    6.78%
    644   640    10649.0089   135    10009.0000    10687.9659   181026    6.78%
Elapsed time = 1315.48 sec. (416533.76 ticks, tree = 225.49 MB, solutions = 9)
    648   644    10602.0728    86    10009.0000    10687.9659   182913    6.78%
    653   649    10629.3799    56    10009.0000    10687.9659   185172    6.78%
    669   665    10629.3592    58    10009.0000    10687.9659   187578    6.78%
    677   673    10646.7213    66    10009.0000    10687.9659   189738    6.78%
    685   681    10628.9371    58    10009.0000    10687.9659   191944    6.78%
    777   773    10659.0260    68    10009.0000    10687.9659   194634    6.78%
   1255  1249    10632.1522   164    10009.0000    10687.9659   202714    6.78%
   1263  1257    10639.2082   139    10009.0000    10687.9659   204387    6.78%
   1279  1273    10547.4251   190    10009.0000    10687.9659   206629    6.78%
   1287  1281    10609.1352   111    10009.0000    10687.9659   208147    6.78%
Elapsed time = 1457.78 sec. (452176.93 ticks, tree = 648.58 MB, solutions = 9)
   1295  1289    10605.8716   110    10009.0000    10687.9659   209765    6.78%
   1311  1305    10605.7368   116    10009.0000    10687.9659   212400    6.78%
   1312  1306    10628.2798    50    10009.0000    10687.9659   214371    6.78%
   1319  1313    10601.0394   111    10009.0000    10687.9659   215258    6.78%
   1327  1321    10599.8967   112    10009.0000    10687.9659   215762    6.78%
   1335  1329    10578.4712   106    10009.0000    10687.9659   216715    6.78%
   1351  1345    10590.6091   112    10009.0000    10687.9659   217169    6.78%
   1868  1860    10550.1077    53    10009.0000    10687.9659   232676    6.78%
   1870  1862    10626.5378    51    10009.0000    10687.9659   234715    6.78%
   1878  1870    10633.3223    56    10009.0000    10687.9659   236249    6.78%
Elapsed time = 1561.80 sec. (474707.70 ticks, tree = 1113.34 MB, solutions = 9)
   1886  1878    10626.4811    53    10009.0000    10687.9659   239187    6.78%
   1893  1885    10592.8156    90    10009.0000    10687.9659   245679    6.78%
   1896  1888    10612.6594    72    10009.0000    10687.9659   246084    6.78%
   1908  1898    10591.5250   103    10009.0000    10687.9659   248144    6.78%
   2128  2112    10549.8408    70    10009.0000    10687.9659   264219    6.78%
   2131  2115    10577.9870    77    10009.0000    10687.9659   267028    6.78%
   2136  2118    10388.3880    76    10009.0000    10687.9659   268802    6.78%
   2144  2126    10549.8084    78    10009.0000    10687.9659   269565    6.78%
   2152  2130    10386.6509    73    10009.0000    10687.9659   270624    6.78%
   2160  2138    10549.6896    83    10009.0000    10687.9659   271514    6.78%
Elapsed time = 1876.49 sec. (521163.10 ticks, tree = 1300.22 MB, solutions = 9)
   2168  2142    10386.8651    78    10009.0000    10687.9659   274870    6.78%
   2176  2148    10549.6823    77    10009.0000    10687.9659   275118    6.78%
   2192  2164    10548.0577    72    10009.0000    10687.9659   275668    6.78%
   2201  2173    10575.3663    96    10009.0000    10687.9659   275898    6.78%
   2290  2258    10629.7533   112    10009.0000    10687.9659   365198    6.78%
   2627  2579    10547.0364    48    10009.0000    10687.9659   389578    6.78%
   2641  2593    10627.4417   117    10009.0000    10687.9659   394393    6.78%
   2657  2609    10631.0726    99    10009.0000    10687.9659   396524    6.78%
   2667  2619    10544.0594    66    10009.0000    10687.9659   397584    6.78%
   2699  2649    10546.6468    55    10009.0000    10687.9659   402506    6.78%
Elapsed time = 2218.28 sec. (579981.64 ticks, tree = 1674.87 MB, solutions = 9)
   2715  2663    10546.6389    58    10009.0000    10687.9659   405493    6.78%
   2723  2671    10545.2287    52    10009.0000    10687.9659   406026    6.78%
   2739  2687    10540.1252    60    10009.0000    10687.9659   406866    6.78%
   2755  2703    10541.3560    57    10009.0000    10687.9659   408290    6.78%
   2763  2711    10536.7800    69    10009.0000    10687.9659   408975    6.78%
   2779  2727    10541.3341    57    10009.0000    10687.9659   409350    6.78%
   2803  2751    10541.3058    56    10009.0000    10687.9659   409774    6.78%
   2819  2767    10541.2868    60    10009.0000    10687.9659   410167    6.78%
   2827  2775    10541.2828    55    10009.0000    10687.9659   410502    6.78%
   2859  2807    10541.2765    54    10009.0000    10687.9659   411514    6.78%
Elapsed time = 2270.72 sec. (597779.04 ticks, tree = 1674.87 MB, solutions = 9)
   2867  2815    10541.2403    56    10009.0000    10687.9659   412774    6.78%
   2883  2831    10541.2550    58    10009.0000    10687.9659   413302    6.78%
   2931  2879    10539.3798    59    10009.0000    10687.9659   416838    6.78%
   2939  2887    10540.4989    51    10009.0000    10687.9659   417220    6.78%
   2955  2903    10539.2957    63    10009.0000    10687.9659   418655    6.78%
*  3539+ 3481                        10590.0000    10687.9659             0.93%
*  3539+ 3480                        10604.4000    10687.9659             0.79%
   3539  3477    10445.4616   105    10604.4000    10687.9659   468188    0.79%
*  3540+ 3476                        10615.2000    10687.9659             0.69%
*  3540+ 3474                        10624.0000    10687.9659             0.60%

Cover cuts applied:  9
Implied bound cuts applied:  1042
Flow cuts applied:  17962
Mixed integer rounding cuts applied:  9964
Flow path cuts applied:  1469
Lift and project cuts applied:  2
Gomory fractional cuts applied:  388

Root node processing (before b&c):
  Real time             =  456.92 sec. (186110.22 ticks)
Parallel b&c, 8 threads:
  Real time             = 2369.73 sec. (486637.38 ticks)
  Sync time (average)   =  572.80 sec.
  Wait time (average)   =  573.24 sec.
                          ------------
Total (root+branch&cut) = 2826.64 sec. (672747.60 ticks)

<<< solve


OBJECTIVE: 10624
avg_utility = 0.651939

<<< post process


<<< done

