
<<< setup


<<< generate

Tried aggregator 2 times.
MIP Presolve eliminated 154944 rows and 152397 columns.
MIP Presolve modified 93 coefficients.
Aggregator did 2819 substitutions.
Reduced MIP has 275 rows, 819 columns, and 1547 nonzeros.
Reduced MIP has 493 binaries, 144 generals, 0 SOSs, and 0 indicators.
Presolve time = 0,91 sec. (2944,12 ticks)
Found incumbent of value 0,000000 after 0,92 sec. (2950,15 ticks)
Probing time = 0,00 sec. (0,24 ticks)
Tried aggregator 1 time.
Presolve time = 0,00 sec. (2,06 ticks)
Probing time = 0,00 sec. (0,24 ticks)
Clique table members: 67.
MIP emphasis: balance optimality and feasibility.
MIP search method: dynamic search.
Parallel mode: deterministic, using up to 24 threads.
Root relaxation solution time = 0,00 sec. (2,17 ticks)

        Nodes                                         Cuts/
   Node  Left     Objective  IInf  Best Integer    Best Bound    ItCnt     Gap

*     0+    0                            0,0000      489,0000      203     --- 
*     0+    0                          121,2000      489,0000      203  303,47%
*     0+    0                          125,6000      489,0000      203  289,33%
*     0+    0                          128,0000      489,0000      203  282,03%
      0     0      163,0000     2      128,0000      163,0000      203   27,34%
*     0+    0                          163,0000      163,0000      204    0,00%
      0     0        cutoff            163,0000      163,0000      204    0,00%
Elapsed time = 0,97 sec. (2971,77 ticks, tree = 0,00 MB, solutions = 5)

Mixed integer rounding cuts applied:  1
Gomory fractional cuts applied:  2

Root node processing (before b&c):
  Real time             =    0,04 sec. (19,37 ticks)
Parallel b&c, 24 threads:
  Real time             =    0,00 sec. (0,00 ticks)
  Sync time (average)   =    0,00 sec.
  Wait time (average)   =    0,00 sec.
                          ------------
Total (root+branch&cut) =    0,04 sec. (19,37 ticks)

<<< solve


OBJECTIVE: 163
avg_utility = 1

<<< post process


<<< done

