
<<< setup


<<< generate

Found incumbent of value 0.000000 after 0.03 sec. (11.95 ticks)
Tried aggregator 2 times.
MIP Presolve eliminated 696624 rows and 103648 columns.
MIP Presolve modified 6762 coefficients.
Aggregator did 46757 substitutions.
Reduced MIP has 18018 rows, 23644 columns, and 63052 nonzeros.
Reduced MIP has 1126 binaries, 0 generals, 0 SOSs, and 0 indicators.
Presolve time = 2.90 sec. (2481.98 ticks)
Probing time = 0.01 sec. (1.16 ticks)
Tried aggregator 1 time.
Reduced MIP has 18018 rows, 23644 columns, and 63052 nonzeros.
Reduced MIP has 1126 binaries, 0 generals, 0 SOSs, and 0 indicators.
Presolve time = 0.09 sec. (39.78 ticks)
Probing time = 0.02 sec. (1.16 ticks)
MIP emphasis: balance optimality and feasibility.
MIP search method: dynamic search.
Parallel mode: deterministic, using up to 8 threads.
Root relaxation solution time = 0.13 sec. (61.33 ticks)

        Nodes                                         Cuts/
   Node  Left     Objective  IInf  Best Integer    Best Bound    ItCnt     Gap

*     0+    0                            0.0000    12260.4342              --- 
      0     0     2858.0000  1097        0.0000     2858.0000     2253     --- 
*     0+    0                         1635.4284     2858.0000            74.76%
      0     0     2788.0427   957     1635.4284    Cuts: 2394     6157   70.48%
*     0+    0                         2277.2753     2788.0427            22.43%
      0     0     2707.9167   979     2277.2753    Cuts: 3801    14064   18.91%
      0     0     2640.1386   920     2277.2753    Cuts: 4604    20259   15.93%
      0     0     2599.8558   770     2277.2753    Cuts: 4604    23425   14.17%
      0     0     2508.3992   415     2277.2753    Cuts: 3145    27060   10.15%
      0     0     2497.7925   546     2277.2753    Cuts: 1801    29105    9.68%
*     0+    0                         2317.5102     2497.7925             7.78%
      0     0     2482.4930   505     2317.5102    Cuts: 1573    30451    7.12%
      0     0     2451.9095   135     2317.5102    Cuts: 1543    31332    5.80%
*     0+    0                         2319.6410     2451.9095             5.70%
      0     0     2451.8078   135     2319.6410      Cuts: 24    31343    5.70%
*     0+    0                         2339.6535     2451.8078             4.79%
      0     0     2451.7945   135     2339.6535      Cuts: 13    31349    4.79%
*     0+    0                         2345.6367     2451.7945             4.53%
      0     2     2451.7945   135     2345.6367     2450.9325    31349    4.49%
Elapsed time = 34.66 sec. (16121.13 ticks, tree = 0.00 MB, solutions = 7)
*     4+    4                         2346.4890     2450.9325             4.45%
      4     6     2430.6681   136     2346.4890     2450.9325    31398    4.45%
*     5+    5                         2347.3413     2450.9325             4.41%
     17    19     2449.7194   131     2347.3413     2450.8427    31659    4.41%
     66    68     2414.4664   130     2347.3413     2448.3943    32198    4.30%
    128   130     2376.1419   108     2347.3413     2446.1198    32862    4.21%
    183   181     2434.5772   129     2347.3413     2442.1865    33817    4.04%
    185   183     2381.9395   109     2347.3413     2442.1865    33858    4.04%
    263   243     2431.5533   119     2347.3413     2437.8521    35508    3.86%
    266   246     2434.8576   128     2347.3413     2437.8521    35613    3.86%
    334   301     2400.3907    96     2347.3413     2436.3943    37994    3.79%
    491   458     2368.7413    53     2347.3413     2435.4298    42991    3.75%
Elapsed time = 48.36 sec. (20187.96 ticks, tree = 4.02 MB, solutions = 9)
    627   576     2404.8467   115     2347.3413     2435.4298    46504    3.75%
    724   657     2378.0529    77     2347.3413     2435.4298    49575    3.75%
    935   831     2349.9440    70     2347.3413     2434.9123    53394    3.73%
   1344  1196     2382.3914    48     2347.3413     2433.0051    61038    3.65%
   1568  1401     2359.2042    68     2347.3413     2430.8437    67463    3.56%
   1745  1551     2352.6694    14     2347.3413     2430.8437    72640    3.56%
   1942  1718     2358.1496    41     2347.3413     2430.8437    76831    3.56%
   2339  2056     2405.8567    95     2347.3413     2430.1157    83346    3.53%
   2531  2227     2360.1148    31     2347.3413     2430.1157    88125    3.53%
   2809  2474     2418.1501    74     2347.3413     2427.9253    94009    3.43%
Elapsed time = 93.47 sec. (30140.25 ticks, tree = 56.26 MB, solutions = 9)
   3125  2736     2376.4988    76     2347.3413     2427.1281   103514    3.40%
   3311  2908     2355.8975    18     2347.3413     2427.1281   107889    3.40%
*  3658+ 2136                         2347.7674     2374.7706             1.15%

Implied bound cuts applied:  5
Flow cuts applied:  8121
Mixed integer rounding cuts applied:  13982
Lift and project cuts applied:  57
Gomory fractional cuts applied:  211

Root node processing (before b&c):
  Real time             =   34.52 sec. (16095.35 ticks)
Parallel b&c, 8 threads:
  Real time             =   76.33 sec. (19125.56 ticks)
  Sync time (average)   =    6.61 sec.
  Wait time (average)   =    6.82 sec.
                          ------------
Total (root+branch&cut) =  110.85 sec. (35220.91 ticks)

<<< solve


OBJECTIVE: 2347.767
avg_utility = 0.821472

<<< post process


<<< done

