
<<< setup


<<< generate

Found incumbent of value 0,000000 after 0,06 sec. (66,30 ticks)
Tried aggregator 8 times.
MIP Presolve eliminated 3408527 rows and 1249447 columns.
MIP Presolve modified 1708 coefficients.
Aggregator did 17051 substitutions.
Reduced MIP has 6822 rows, 15343 columns, and 34096 nonzeros.
Reduced MIP has 1705 binaries, 0 generals, 0 SOSs, and 0 indicators.
Presolve time = 2,59 sec. (4588,76 ticks)
Probing time = 0,00 sec. (0,67 ticks)
Tried aggregator 1 time.
Reduced MIP has 6822 rows, 15343 columns, and 34096 nonzeros.
Reduced MIP has 1705 binaries, 0 generals, 0 SOSs, and 0 indicators.
Presolve time = 0,04 sec. (60,63 ticks)
Probing time = 0,00 sec. (0,67 ticks)
MIP emphasis: balance optimality and feasibility.
MIP search method: dynamic search.
Parallel mode: deterministic, using up to 8 threads.
Root relaxation solution time = 0,13 sec. (163,18 ticks)

        Nodes                                         Cuts/
   Node  Left     Objective  IInf  Best Integer    Best Bound    ItCnt     Gap

*     0+    0                            0,0000    13958,6833              --- 
*     0+    0                         2109,2753    13958,6833           561,78%
      0     0     3266,0000   711     2109,2753     3266,0000     3411   54,84%
*     0+    0                         3115,8712     3266,0000             4,82%
      0     0     3266,0000   717     3115,8712    Cuts: 1622     5488    4,82%
*     0+    0                         3118,4281     3266,0000             4,73%
      0     0     3197,3967   278     3118,4281    Cuts: 1633     8161    2,53%
*     0+    0                         3120,5589     3197,3967             2,46%
*     0     0      integral     0     3120,5589     3120,5589     9032    0,00%
Elapsed time = 3,89 sec. (6640,65 ticks, tree = 0,00 MB, solutions = 5)

Flow cuts applied:  2351
Mixed integer rounding cuts applied:  1057
Gomory fractional cuts applied:  448

Root node processing (before b&c):
  Real time             =    3,97 sec. (6713,07 ticks)
Parallel b&c, 8 threads:
  Real time             =    0,00 sec. (0,00 ticks)
  Sync time (average)   =    0,00 sec.
  Wait time (average)   =    0,00 sec.
                          ------------
Total (root+branch&cut) =    3,97 sec. (6713,07 ticks)

<<< solve


OBJECTIVE: 3120.559
avg_utility = 0.955468

<<< post process


<<< done

