
<<< setup


<<< generate

Tried aggregator 2 times.
MIP Presolve eliminated 151140 rows and 146691 columns.
MIP Presolve modified 410 coefficients.
Aggregator did 5672 substitutions.
Reduced MIP has 1226 rows, 3672 columns, and 6936 nonzeros.
Reduced MIP has 1926 binaries, 930 generals, 0 SOSs, and 0 indicators.
Presolve time = 0,93 sec. (2951,92 ticks)
Found incumbent of value 0,000000 after 0,95 sec. (2959,45 ticks)
Probing time = 0,01 sec. (11,25 ticks)
Tried aggregator 1 time.
Presolve time = 0,01 sec. (5,16 ticks)
Probing time = 0,00 sec. (0,62 ticks)
Clique table members: 253.
MIP emphasis: balance optimality and feasibility.
MIP search method: dynamic search.
Parallel mode: deterministic, using up to 24 threads.
Root relaxation solution time = 0,03 sec. (11,44 ticks)

        Nodes                                         Cuts/
   Node  Left     Objective  IInf  Best Integer    Best Bound    ItCnt     Gap

*     0+    0                            0,0000     5606,8536      467     --- 
*     0+    0                          494,4704     5606,8536      467     --- 
      0     0     1117,2385     2      494,4704     1117,2385      467  125,95%
*     0+    0                         1116,5381     1117,2385      467    0,06%
*     0+    0                         1117,2068     1117,2385      467    0,00%

Root node processing (before b&c):
  Real time             =    0,12 sec. (92,98 ticks)
Parallel b&c, 24 threads:
  Real time             =    0,00 sec. (0,00 ticks)
  Sync time (average)   =    0,00 sec.
  Wait time (average)   =    0,00 sec.
                          ------------
Total (root+branch&cut) =    0,12 sec. (92,98 ticks)

<<< solve


OBJECTIVE: 1117.207
avg_utility = 0.8547871599081833

<<< post process


<<< done

