
<<< setup


<<< generate

Found incumbent of value 0,000000 after 0,07 sec. (26,32 ticks)
Tried aggregator 9 times.
MIP Presolve eliminated 371762 rows and 574969 columns.
MIP Presolve modified 22591 coefficients.
Aggregator did 198357 substitutions.
Reduced MIP has 2451 rows, 12195 columns, and 43830 nonzeros.
Reduced MIP has 0 binaries, 0 generals, 0 SOSs, and 0 indicators.
Presolve time = 23,26 sec. (7896,26 ticks)
Tried aggregator 1 time.
MIP Presolve eliminated 2115 rows and 10575 columns.
Reduced MIP has 336 rows, 1620 columns, and 5845 nonzeros.
Reduced MIP has 0 binaries, 0 generals, 0 SOSs, and 0 indicators.
Presolve time = 0,05 sec. (23,77 ticks)
Tried aggregator 1 time.
Reduced MIP has 336 rows, 1620 columns, and 5845 nonzeros.
Reduced MIP has 0 binaries, 0 generals, 0 SOSs, and 0 indicators.
Presolve time = 0,02 sec. (11,84 ticks)
MIP emphasis: balance optimality and feasibility.
MIP search method: dynamic search.
Parallel mode: deterministic, using up to 8 threads.
Root relaxation solution time = 0,01 sec. (5,82 ticks)

        Nodes                                         Cuts/
   Node  Left     Objective  IInf  Best Integer    Best Bound    ItCnt     Gap

*     0+    0                         3279,0000    38104,0000              --- 
*     0     0      integral     0     4899,8167     4899,8167      275    0,00%
Elapsed time = 23,51 sec. (8008,02 ticks, tree = 0,00 MB, solutions = 2)

Root node processing (before b&c):
  Real time             =   23,60 sec. (8041,63 ticks)
Parallel b&c, 8 threads:
  Real time             =    0,00 sec. (0,00 ticks)
  Sync time (average)   =    0,00 sec.
  Wait time (average)   =    0,00 sec.
                          ------------
Total (root+branch&cut) =   23,60 sec. (8041,63 ticks)

<<< solve


OBJECTIVE: 4899.817
avg_utility = 0.303827

<<< post process


<<< done

