
<<< setup


<<< generate

Found incumbent of value 0.000000 after 0.10 sec. (33.99 ticks)
Aggregator has done 89744 substitutions...
Aggregator has done 114745 substitutions...
Aggregator has done 139745 substitutions...
Tried aggregator 20 times.
MIP Presolve eliminated 87342 rows and 491285 columns.
MIP Presolve modified 118186 coefficients.
Aggregator did 155480 substitutions.
Reduced MIP has 175692 rows, 482436 columns, and 1300927 nonzeros.
Reduced MIP has 55350 binaries, 10746 generals, 0 SOSs, and 0 indicators.
Presolve time = 207.50 sec. (37481.71 ticks)
Probing time = 2.80 sec. (261.34 ticks)
Tried aggregator 1 time.
Reduced MIP has 175692 rows, 482436 columns, and 1300927 nonzeros.
Reduced MIP has 55350 binaries, 10746 generals, 0 SOSs, and 0 indicators.
Presolve time = 2.69 sec. (568.01 ticks)
Probing time = 2.07 sec. (257.36 ticks)
Clique table members: 4666.
MIP emphasis: balance optimality and feasibility.
MIP search method: dynamic search.
Parallel mode: deterministic, using up to 8 threads.
Root relaxation solution time = 107.18 sec. (19664.31 ticks)

        Nodes                                         Cuts/
   Node  Left     Objective  IInf  Best Integer    Best Bound    ItCnt     Gap

*     0+    0                            0.0000    81438.7972              --- 
      0     0    18192.5835  3399        0.0000    18192.5835      103     --- 
      0     0    17684.8390  3490        0.0000    Cuts: 9780   151013     --- 
      0     0    17219.5822  3621        0.0000    Cuts: 9031   175954     --- 
      0     0    16673.0828  4351        0.0000    Cuts: 9819   207793     --- 
*     0+    0                         2725.4506    16673.0828           511.76%
      0     0    16325.3739  4419     2725.4506    Cuts: 9834   241430  499.00%
      0     0    15989.6267  5239     2725.4506    Cuts: 9849   272538  486.68%
      0     0    15739.5262  4437     2725.4506    Cuts: 9693   302281  477.50%

Clique cuts applied:  1
Cover cuts applied:  8
Implied bound cuts applied:  1196
Flow cuts applied:  32778
Mixed integer rounding cuts applied:  22235
Flow path cuts applied:  3552
Gomory fractional cuts applied:  204

Root node processing (before b&c):
  Real time             = 7201.89 sec. (1941389.36 ticks)
Parallel b&c, 8 threads:
  Real time             =    0.00 sec. (0.00 ticks)
  Sync time (average)   =    0.00 sec.
  Wait time (average)   =    0.00 sec.
                          ------------
Total (root+branch&cut) = 7201.89 sec. (1941389.36 ticks)

<<< solve


OBJECTIVE: 2725.451
avg_utility = 0.143566

<<< post process


<<< done

