
<<< setup


<<< generate

Found incumbent of value 0.000000 after 0.09 sec. (30.46 ticks)
Aggregator has done 215002 substitutions...
Tried aggregator 8 times.
MIP Presolve eliminated 180568 rows and 677260 columns.
MIP Presolve modified 10773 coefficients.
Aggregator did 217828 substitutions.
Reduced MIP has 31861 rows, 97073 columns, and 277225 nonzeros.
Reduced MIP has 20311 binaries, 8296 generals, 0 SOSs, and 0 indicators.
Presolve time = 45.07 sec. (10651.69 ticks)
Probing time = 2.92 sec. (77.63 ticks)
Tried aggregator 1 time.
Reduced MIP has 31861 rows, 97073 columns, and 277225 nonzeros.
Reduced MIP has 20311 binaries, 8296 generals, 0 SOSs, and 0 indicators.
Presolve time = 0.46 sec. (135.66 ticks)
Probing time = 1.41 sec. (73.58 ticks)
Clique table members: 2119.
MIP emphasis: balance optimality and feasibility.
MIP search method: dynamic search.
Parallel mode: deterministic, using up to 8 threads.
Root relaxation solution time = 3.34 sec. (1373.07 ticks)

        Nodes                                         Cuts/
   Node  Left     Objective  IInf  Best Integer    Best Bound    ItCnt     Gap

*     0+    0                         1316.0000    58207.7735              --- 
*     0+    0                         3244.1996    58207.7735              --- 
*     0+    0                         3245.8586    58207.7735              --- 
*     0+    0                         3246.4467    58207.7735              --- 
*     0+    0                         3246.7294    58207.7735              --- 
*     0+    0                         3246.8922    58207.7735              --- 
      0     0    11779.9891   526     3246.8922    11779.9891     7992  262.81%
*     0+    0                        11577.6636    11779.9891             1.75%
      0     0    11779.8509   508    11577.6636    Cuts: 1061     9341    1.75%
      0     0    11777.6048   480    11577.6636    Cuts: 1039    11200    1.73%
      0     0    11774.7944   456    11577.6636    Cuts: 1008    12929    1.70%
*     0+    0                        11694.1404    11774.7944             0.69%

Implied bound cuts applied:  1
Flow cuts applied:  2448
Mixed integer rounding cuts applied:  329
Gomory fractional cuts applied:  23

Root node processing (before b&c):
  Real time             =   61.30 sec. (14852.07 ticks)
Parallel b&c, 8 threads:
  Real time             =    0.00 sec. (0.00 ticks)
  Sync time (average)   =    0.00 sec.
  Wait time (average)   =    0.00 sec.
                          ------------
Total (root+branch&cut) =   61.30 sec. (14852.07 ticks)

<<< solve


OBJECTIVE: 11694.14
avg_utility = 0.746991

<<< post process


<<< done

