
<<< setup


<<< generate

Found incumbent of value 0.000000 after 0.02 sec. (7.18 ticks)
Tried aggregator 2 times.
MIP Presolve eliminated 236624 rows and 139144 columns.
MIP Presolve modified 6760 coefficients.
Aggregator did 6757 substitutions.
Reduced MIP has 18018 rows, 28148 columns, and 67556 nonzeros.
Reduced MIP has 5630 binaries, 0 generals, 0 SOSs, and 0 indicators.
Presolve time = 0.47 sec. (217.68 ticks)
Probing time = 0.02 sec. (1.42 ticks)
Tried aggregator 1 time.
Reduced MIP has 18018 rows, 28148 columns, and 67556 nonzeros.
Reduced MIP has 5630 binaries, 0 generals, 0 SOSs, and 0 indicators.
Presolve time = 0.10 sec. (38.18 ticks)
Probing time = 0.03 sec. (1.42 ticks)
MIP emphasis: balance optimality and feasibility.
MIP search method: dynamic search.
Parallel mode: deterministic, using up to 8 threads.
Root relaxation solution time = 0.14 sec. (74.76 ticks)

        Nodes                                         Cuts/
   Node  Left     Objective  IInf  Best Integer    Best Bound    ItCnt     Gap

*     0+    0                            0.0000    12260.4342              --- 
      0     0     2858.0000  1036        0.0000     2858.0000     1126     --- 
*     0+    0                         1975.6630     2858.0000            44.66%
      0     0     2807.7020   912     1975.6630    Cuts: 2272     3008   42.11%
*     0+    0                         2444.0792     2807.7020            14.88%
      0     0     2745.6276   890     2444.0792    Cuts: 1945     4997   12.34%
      0     0     2676.0778   833     2444.0792    Cuts: 1780     6309    9.49%
      0     0     2624.3010   597     2444.0792    Cuts: 1667     8055    7.37%
      0     0     2562.4917   202     2444.0792    Cuts: 1194     9577    4.84%
*     0+    0                         2453.4547     2562.4917             4.44%
      0     0     2552.2610   175     2453.4547     Cuts: 401     9812    4.03%
*     0+    0                         2457.1041     2552.2610             3.87%
      0     0     2545.3131   152     2457.1041     Cuts: 352    10138    3.59%
*     0+    0                         2491.5329     2545.3131             2.16%
      0     0     2542.7042   189     2491.5329     Cuts: 305    10314    2.05%
      0     0     2542.6023   201     2491.5329     Cuts: 379    10529    2.05%
      0     0     2542.6004   203     2491.5329     Cuts: 403    10737    2.05%
      0     2     2542.6004   203     2491.5329     2542.5989    10737    2.05%
Elapsed time = 23.80 sec. (15946.91 ticks, tree = 0.00 MB, solutions = 6)
      7     9     2533.9702   211     2491.5329     2542.5989    11633    2.05%
     20    22     2533.6349   202     2491.5329     2542.5989    12571    2.05%
     23    25     2542.5821   190     2491.5329     2542.5989    12582    2.05%
     35    37     2534.3390    74     2491.5329     2542.5989    13820    2.05%
     52    54     2533.9876    74     2491.5329     2542.5989    16571    2.05%
     57    59     2522.6256    66     2491.5329     2542.5989    21921    2.05%
     87    89     2520.9952    68     2491.5329     2542.5989    29612    2.05%
     90    92     2521.6974    72     2491.5329     2542.5989    29815    2.05%
*   119+  119                         2512.4470     2542.5989             1.20%
    161   163     2517.4791    21     2512.4470     2542.5989    35134    1.20%
    169   171     2517.4681    22     2512.4470     2542.5989    37847    1.20%
Elapsed time = 48.09 sec. (25391.87 ticks, tree = 0.00 MB, solutions = 8)
    397   327     2517.4827    21     2512.4470     2542.5989    54003    1.20%
*   408+  326                         2526.3561     2542.5989             0.64%

Cover cuts applied:  4
Implied bound cuts applied:  205
Flow cuts applied:  7673
Mixed integer rounding cuts applied:  2839
Gomory fractional cuts applied:  321

Root node processing (before b&c):
  Real time             =   23.68 sec. (15937.79 ticks)
Parallel b&c, 8 threads:
  Real time             =   34.28 sec. (13827.00 ticks)
  Sync time (average)   =    8.55 sec.
  Wait time (average)   =    8.67 sec.
                          ------------
Total (root+branch&cut) =   57.95 sec. (29764.78 ticks)

<<< solve


OBJECTIVE: 2526.356
avg_utility = 0.883959

<<< post process


<<< done

