
<<< setup


<<< generate

Found incumbent of value 0,000000 after 0,01 sec. (4,62 ticks)
Tried aggregator 2 times.
MIP Presolve eliminated 20768 rows and 34797 columns.
MIP Presolve modified 2151 coefficients.
Aggregator did 2340 substitutions.
Reduced MIP has 37496 rows, 115480 columns, and 314616 nonzeros.
Reduced MIP has 5752 binaries, 2556 generals, 0 SOSs, and 0 indicators.
Presolve time = 0,28 sec. (190,48 ticks)
Probing time = 0,39 sec. (34,00 ticks)
Tried aggregator 1 time.
MIP Presolve eliminated 4904 rows and 12694 columns.
Reduced MIP has 32592 rows, 102786 columns, and 276992 nonzeros.
Reduced MIP has 5752 binaries, 2556 generals, 0 SOSs, and 0 indicators.
Presolve time = 0,33 sec. (159,34 ticks)
Probing time = 0,24 sec. (31,93 ticks)
Tried aggregator 1 time.
MIP Presolve eliminated 33 rows and 84 columns.
Reduced MIP has 32559 rows, 102702 columns, and 276740 nonzeros.
Reduced MIP has 5752 binaries, 2556 generals, 0 SOSs, and 0 indicators.
Presolve time = 0,28 sec. (141,46 ticks)
Probing time = 0,28 sec. (33,64 ticks)
Clique table members: 3342.
MIP emphasis: balance optimality and feasibility.
MIP search method: dynamic search.
Parallel mode: deterministic, using up to 24 threads.
Root relaxation solution time = 0,64 sec. (377,76 ticks)

        Nodes                                         Cuts/
   Node  Left     Objective  IInf  Best Integer    Best Bound    ItCnt     Gap

*     0+    0                            0,0000        3,0000              --- 
      0     0        0,9571   483        0,0000        0,9571     1157     --- 
*     0+    0                            0,2206        0,9571           333,80%
      0     0        0,8471   491        0,2206    Cuts: 1526     2535  283,97%
      0     0        0,6415   478        0,2206    Cuts: 1517     4817  190,76%
      0     0        0,5046   482        0,2206    Cuts: 1389     5643  128,69%
      0     0        0,4553   485        0,2206    Cuts: 1319     7037  106,37%
      0     0        0,2721    58        0,2206    Cuts: 1256     7798   23,32%
      0     0        0,2614    42        0,2206      Cuts: 87     7871   18,47%
      0     0        0,2599    29        0,2206      Cuts: 11     7886   17,80%
      0     0        0,2598    32        0,2206       Cuts: 8     7894   17,76%
      0     0        0,2596    40        0,2206       Cuts: 5     7902   17,67%
      0     0        0,2595    43        0,2206       Cuts: 3     7912   17,64%
      0     0        0,2595    36        0,2206       Cuts: 2     7915   17,63%
      0     2        0,2595    36        0,2206        0,2595     7915   17,63%
Elapsed time = 15,58 sec. (12394,18 ticks, tree = 0,00 MB, solutions = 2)
      7     9        0,2537    16        0,2206        0,2577     7952   16,81%
     27    27        0,2521    20        0,2206        0,2521     8041   14,28%
*    31    29      integral     0        0,2472        0,2521     8054    2,00%
*    32    26      integral     0        0,2506        0,2521     8079    0,63%
*    32    25      integral     0        0,2506        0,2521     8079    0,63%

Clique cuts applied:  2
Cover cuts applied:  6
Implied bound cuts applied:  171
Flow cuts applied:  3107
Mixed integer rounding cuts applied:  3409
Zero-half cuts applied:  2
Gomory fractional cuts applied:  284

Root node processing (before b&c):
  Real time             =   14,57 sec. (12192,90 ticks)
Parallel b&c, 24 threads:
  Real time             =    2,38 sec. (1023,97 ticks)
  Sync time (average)   =    1,20 sec.
  Wait time (average)   =    1,39 sec.
                          ------------
Total (root+branch&cut) =   16,96 sec. (13216,87 ticks)

<<< solve


OBJECTIVE: 0.2505505
avg_utility = 0.250551

<<< post process


<<< done

