
<<< setup


<<< generate

Found incumbent of value 0,000000 after 0,06 sec. (64,80 ticks)
Tried aggregator 5 times.
MIP Presolve eliminated 3404515 rows and 1223313 columns.
Aggregator did 7520 substitutions.
Reduced MIP has 2258 rows, 5264 columns, and 12032 nonzeros.
Reduced MIP has 0 binaries, 0 generals, 0 SOSs, and 0 indicators.
Presolve time = 1,45 sec. (2621,60 ticks)
Tried aggregator 2 times.
MIP Presolve eliminated 2211 rows and 5147 columns.
Aggregator did 9 substitutions.
Reduced MIP has 38 rows, 108 columns, and 225 nonzeros.
Reduced MIP has 0 binaries, 0 generals, 0 SOSs, and 0 indicators.
Presolve time = 0,04 sec. (49,20 ticks)
Tried aggregator 1 time.
Reduced MIP has 38 rows, 108 columns, and 225 nonzeros.
Reduced MIP has 0 binaries, 0 generals, 0 SOSs, and 0 indicators.
Presolve time = 0,03 sec. (41,95 ticks)
MIP emphasis: balance optimality and feasibility.
MIP search method: dynamic search.
Parallel mode: deterministic, using up to 8 threads.
Root relaxation solution time = 0,00 sec. (0,09 ticks)

        Nodes                                         Cuts/
   Node  Left     Objective  IInf  Best Integer    Best Bound    ItCnt     Gap

*     0+    0                            0,0000     4048,1033              --- 
*     0     0      integral     0      907,7782      907,7782       29    0,00%
Elapsed time = 1,60 sec. (2840,60 ticks, tree = 0,00 MB, solutions = 1)

Root node processing (before b&c):
  Real time             =    1,64 sec. (2883,16 ticks)
Parallel b&c, 8 threads:
  Real time             =    0,00 sec. (0,00 ticks)
  Sync time (average)   =    0,00 sec.
  Wait time (average)   =    0,00 sec.
                          ------------
Total (root+branch&cut) =    1,64 sec. (2883,16 ticks)

<<< solve


OBJECTIVE: 907.7782
avg_utility = 0.741043

<<< post process


<<< done

