
<<< setup


<<< generate

Tried aggregator 2 times.
MIP Presolve eliminated 138503 rows and 132422 columns.
MIP Presolve modified 2051 coefficients.
Aggregator did 15040 substitutions.
Reduced MIP has 4495 rows, 8568 columns, and 18768 nonzeros.
Reduced MIP has 3558 binaries, 930 generals, 0 SOSs, and 0 indicators.
Presolve time = 0,84 sec. (3001,06 ticks)
Found incumbent of value 0,000000 after 0,88 sec. (3018,41 ticks)
Probing time = 0,01 sec. (0,95 ticks)
Tried aggregator 1 time.
Reduced MIP has 4495 rows, 8568 columns, and 18768 nonzeros.
Reduced MIP has 3558 binaries, 930 generals, 0 SOSs, and 0 indicators.
Presolve time = 0,01 sec. (12,40 ticks)
Probing time = 0,02 sec. (0,95 ticks)
Clique table members: 253.
MIP emphasis: balance optimality and feasibility.
MIP search method: dynamic search.
Parallel mode: deterministic, using up to 8 threads.
Root relaxation solution time = 0,04 sec. (37,50 ticks)

        Nodes                                         Cuts/
   Node  Left     Objective  IInf  Best Integer    Best Bound    ItCnt     Gap

*     0+    0                            0,0000     4684,7206              --- 
*     0     0      integral     0      931,0702      931,0702      748    0,00%
Elapsed time = 0,98 sec. (3088,53 ticks, tree = 0,00 MB, solutions = 2)

Root node processing (before b&c):
  Real time             =    1,00 sec. (3093,77 ticks)
Parallel b&c, 8 threads:
  Real time             =    0,00 sec. (0,00 ticks)
  Sync time (average)   =    0,00 sec.
  Wait time (average)   =    0,00 sec.
                          ------------
Total (root+branch&cut) =    1,00 sec. (3093,77 ticks)

<<< solve


OBJECTIVE: 931.0702

<<< post process


<<< done

