
<<< setup


<<< generate

Found incumbent of value 0,000000 after 0,01 sec. (7,24 ticks)
Tried aggregator 2 times.
MIP Presolve eliminated 236516 rows and 139756 columns.
MIP Presolve modified 6976 coefficients.
Aggregator did 6973 substitutions.
Reduced MIP has 18594 rows, 29048 columns, and 69716 nonzeros.
Reduced MIP has 5810 binaries, 0 generals, 0 SOSs, and 0 indicators.
Presolve time = 0,26 sec. (220,06 ticks)
Probing time = 0,01 sec. (1,47 ticks)
Tried aggregator 1 time.
Reduced MIP has 18594 rows, 29048 columns, and 69716 nonzeros.
Reduced MIP has 5810 binaries, 0 generals, 0 SOSs, and 0 indicators.
Presolve time = 0,06 sec. (39,30 ticks)
Probing time = 0,02 sec. (1,47 ticks)
MIP emphasis: balance optimality and feasibility.
MIP search method: dynamic search.
Parallel mode: deterministic, using up to 24 threads.
Root relaxation solution time = 0,09 sec. (77,26 ticks)

        Nodes                                         Cuts/
   Node  Left     Objective  IInf  Best Integer    Best Bound    ItCnt     Gap

*     0+    0                            0,0000    12260,4342              --- 
      0     0     2858,0000  1072        0,0000     2858,0000     1162     --- 
*     0+    0                         1919,9872     2858,0000            48,86%
      0     0     2805,8648   948     1919,9872    Cuts: 2344     2966   46,14%
      0     0     2740,4133   926     1919,9872    Cuts: 2086     4292   42,73%
*     0+    0                         2420,6405     2740,4133            13,21%
      0     0     2667,6187   858     2420,6405    Cuts: 1852     6414   10,20%
      0     0     2612,5628   609     2420,6405    Cuts: 1716     8308    7,93%
      0     0     2546,8609   242     2420,6405    Cuts: 1218     9643    5,21%
      0     0     2536,7918   217     2420,6405     Cuts: 485    10027    4,80%
*     0+    0                         2441,3148     2536,7918             3,91%
      0     0     2529,4739   186     2441,3148     Cuts: 435    10296    3,61%
      0     0     2527,7975   225     2441,3148     Cuts: 374    10494    3,54%
      0     0     2527,7585   228     2441,3148     Cuts: 452    10722    3,54%
      0     0     2514,8173    67     2441,3148     Cuts: 456    10964    3,01%
      0     0     2510,0619    11     2441,3148     Cuts: 131    11188    2,82%
*     0+    0                         2468,0357     2510,0619             1,70%
      0     0     2509,8224     2     2468,0357      Cuts: 35    11226    1,69%
      0     2     2509,8224     2     2468,0357     2509,8224    11226    1,69%
Elapsed time = 13,33 sec. (15502,39 ticks, tree = 0,00 MB, solutions = 5)
      3     5     2509,7938     2     2468,0357     2509,8224    11363    1,69%
      7     9     2509,7056     2     2468,0357     2509,8205    11429    1,69%
     13    15     2509,7861     2     2468,0357     2509,8205    11621    1,69%
     22    24     2509,4985     4     2468,0357     2509,8199    11685    1,69%
     31    33     2509,7327     2     2468,0357     2509,8199    12090    1,69%
     38    40     2509,6378     2     2468,0357     2509,8199    12421    1,69%
     39    41     2509,7091     4     2468,0357     2509,8199    12505    1,69%
     58    60     2509,6790     2     2468,0357     2509,8199    12888    1,69%
     71    73     2509,4969     2     2468,0357     2509,8199    13192    1,69%
    100   102     2509,7181    14     2468,0357     2509,8199    21317    1,69%
Elapsed time = 19,65 sec. (23233,67 ticks, tree = 0,00 MB, solutions = 5)
    216   218     2509,3037   509     2468,0357     2509,8199    27175    1,69%
    251   253     2509,7223    39     2468,0357     2509,8199    36583    1,69%
    549   551     2509,5135     2     2468,0357     2509,8170    41206    1,69%
    645   647     2509,5142     2     2468,0357     2509,8170    48928    1,69%
   2320  2322     2509,5620     1     2468,0357     2509,8170    74463    1,69%
   2368  2370     2509,5620     1     2468,0357     2509,8170    76266    1,69%
*  2502+ 2502                         2494,9790     2509,8170             0,59%
*  2607+ 2586                         2508,8095     2509,8170             0,04%
*  2687+ 2628                         2509,4818     2509,8170             0,01%

Cover cuts applied:  15
Implied bound cuts applied:  17
Flow cuts applied:  8207
Mixed integer rounding cuts applied:  2970
Gomory fractional cuts applied:  391

Root node processing (before b&c):
  Real time             =   13,07 sec. (15444,52 ticks)
Parallel b&c, 24 threads:
  Real time             =   23,17 sec. (21148,80 ticks)
  Sync time (average)   =   11,19 sec.
  Wait time (average)   =   11,45 sec.
                          ------------
Total (root+branch&cut) =   36,23 sec. (36593,32 ticks)

<<< solve


OBJECTIVE: 2509.482
avg_utility = 0.878055

<<< post process


<<< done

