
<<< setup


<<< generate

Found incumbent of value 0,000000 after 0,01 sec. (11,88 ticks)
Tried aggregator 4 times.
MIP Presolve eliminated 188651 rows and 276415 columns.
Aggregator did 72381 substitutions.
Reduced MIP has 1005 rows, 4965 columns, and 17925 nonzeros.
Reduced MIP has 0 binaries, 0 generals, 0 SOSs, and 0 indicators.
Presolve time = 1,90 sec. (1525,26 ticks)
Tried aggregator 1 time.
MIP Presolve eliminated 840 rows and 4200 columns.
Reduced MIP has 165 rows, 765 columns, and 2735 nonzeros.
Reduced MIP has 0 binaries, 0 generals, 0 SOSs, and 0 indicators.
Presolve time = 0,01 sec. (10,01 ticks)
Tried aggregator 1 time.
Reduced MIP has 165 rows, 765 columns, and 2735 nonzeros.
Reduced MIP has 0 binaries, 0 generals, 0 SOSs, and 0 indicators.
Presolve time = 0,00 sec. (5,28 ticks)
MIP emphasis: balance optimality and feasibility.
MIP search method: dynamic search.
Parallel mode: deterministic, using up to 24 threads.
Root relaxation solution time = 0,00 sec. (2,93 ticks)

        Nodes                                         Cuts/
   Node  Left     Objective  IInf  Best Integer    Best Bound    ItCnt     Gap

*     0+    0                          822,0000     9604,6000              --- 
*     0     0      integral     0     2000,5250     2000,5250      335    0,00%
Elapsed time = 1,95 sec. (1574,59 ticks, tree = 0,00 MB, solutions = 2)

Root node processing (before b&c):
  Real time             =    1,97 sec. (1589,59 ticks)
Parallel b&c, 24 threads:
  Real time             =    0,00 sec. (0,00 ticks)
  Sync time (average)   =    0,00 sec.
  Wait time (average)   =    0,00 sec.
                          ------------
Total (root+branch&cut) =    1,97 sec. (1589,59 ticks)

<<< solve


OBJECTIVE: 2000.525
avg_utility = 0.525762

<<< post process


<<< done

