
<<< setup


<<< generate

Found incumbent of value 0,000000 after 0,07 sec. (24,41 ticks)
Tried aggregator 5 times.
MIP Presolve eliminated 181242 rows and 555832 columns.
MIP Presolve modified 5502 coefficients.
Aggregator did 155008 substitutions.
Reduced MIP has 36320 rows, 74681 columns, and 235979 nonzeros.
Reduced MIP has 3696 binaries, 0 generals, 0 SOSs, and 0 indicators.
Presolve time = 25,77 sec. (6899,91 ticks)
Probing time = 0,04 sec. (2,97 ticks)
Tried aggregator 1 time.
Reduced MIP has 36320 rows, 74681 columns, and 235979 nonzeros.
Reduced MIP has 3696 binaries, 0 generals, 0 SOSs, and 0 indicators.
Presolve time = 0,33 sec. (108,11 ticks)
Probing time = 0,05 sec. (3,05 ticks)
MIP emphasis: balance optimality and feasibility.
MIP search method: dynamic search.
Parallel mode: deterministic, using up to 8 threads.
Root relaxation solution time = 1,90 sec. (495,25 ticks)

        Nodes                                         Cuts/
   Node  Left     Objective  IInf  Best Integer    Best Bound    ItCnt     Gap

*     0+    0                         3279,0000    39948,0000              --- 
      0     0    16127,0000  2408     3279,0000    16127,0000     5979  391,83%
      0     0    11273,9893    36     3279,0000    Cuts: 7332    29723  243,82%
*     0     0      integral     0    10626,3833     Cuts: 127    31342    0,00%
      0     0        cutoff          10626,3833    10626,3833    31342    0,00%
Elapsed time = 66,80 sec. (28304,24 ticks, tree = 0,00 MB, solutions = 2)

Implied bound cuts applied:  622
Flow cuts applied:  5513
Mixed integer rounding cuts applied:  1021
Gomory fractional cuts applied:  231

Root node processing (before b&c):
  Real time             =   66,88 sec. (28337,88 ticks)
Parallel b&c, 8 threads:
  Real time             =    0,00 sec. (0,00 ticks)
  Sync time (average)   =    0,00 sec.
  Wait time (average)   =    0,00 sec.
                          ------------
Total (root+branch&cut) =   66,88 sec. (28337,88 ticks)

<<< solve


OBJECTIVE: 10626.38
avg_utility = 0.658919

<<< post process


<<< done

