
<<< setup


<<< generate

Found incumbent of value 0,000000 after 0,06 sec. (23,94 ticks)
Tried aggregator 7 times.
MIP Presolve eliminated 126622 rows and 531428 columns.
MIP Presolve modified 9319 coefficients.
Aggregator did 148144 substitutions.
Reduced MIP has 47864 rows, 105949 columns, and 333713 nonzeros.
Reduced MIP has 7392 binaries, 0 generals, 0 SOSs, and 0 indicators.
Presolve time = 30,09 sec. (8782,57 ticks)
Probing time = 0,25 sec. (4,33 ticks)
Tried aggregator 1 time.
Reduced MIP has 47864 rows, 105949 columns, and 333713 nonzeros.
Reduced MIP has 7392 binaries, 0 generals, 0 SOSs, and 0 indicators.
Presolve time = 0,48 sec. (147,25 ticks)
Probing time = 0,09 sec. (4,51 ticks)
MIP emphasis: balance optimality and feasibility.
MIP search method: dynamic search.
Parallel mode: deterministic, using up to 8 threads.
Root relaxation solution time = 3,40 sec. (825,62 ticks)

        Nodes                                         Cuts/
   Node  Left     Objective  IInf  Best Integer    Best Bound    ItCnt     Gap

*     0+    0                            0,0000    40166,6000              --- 
      0     0     8838,2000  2332        0,0000     8838,2000     7063     --- 
      0     0     7395,7344  1656        0,0000    Cuts: 6241    64484     --- 
      0     0     7060,5670  1408        0,0000    Cuts: 3947    96383     --- 
      0     0     6513,1312   161        0,0000    Cuts: 3865   162872     --- 
*     0+    0                         6309,1931     6513,1312             3,23%
*     0+    0                         6321,7931     6513,1312             3,03%
*     0+    0                         6336,8080     6513,1312             2,78%
      0     0     6509,7060   446     6336,8080     Cuts: 674   169574    2,73%
      0     0     6508,3088   642     6336,8080    Cuts: 1387   175353    2,71%
      0     0     6478,1729   346     6336,8080    Cuts: 1998   185822    2,23%
*     0+    0                         6351,8121     6478,1729             1,99%
*     0+    0                         6374,8121     6478,1729             1,62%
*     0+    0                         6382,3400     6478,1729             1,50%
      0     0     6466,0102   185     6382,3400    Cuts: 1108   191246    1,31%
      0     0     6463,9853   199     6382,3400     Cuts: 717   195044    1,28%
      0     0     6462,9283   239     6382,3400     Cuts: 817   198484    1,26%
*     0+    0                         6385,2667     6462,9283             1,22%
      0     0     6460,8722   275     6385,2667     Cuts: 885   206221    1,18%
      0     0     6456,7047   358     6385,2667    Cuts: 1042   213002    1,12%
      0     0     6447,2758   252     6385,2667    Cuts: 1108   219893    0,97%

Implied bound cuts applied:  162
Flow cuts applied:  18354
Mixed integer rounding cuts applied:  3041
Flow path cuts applied:  108
Gomory fractional cuts applied:  127

Root node processing (before b&c):
  Real time             =  883,40 sec. (302078,43 ticks)
Parallel b&c, 8 threads:
  Real time             =    0,00 sec. (0,00 ticks)
  Sync time (average)   =    0,00 sec.
  Wait time (average)   =    0,00 sec.
                          ------------
Total (root+branch&cut) =  883,40 sec. (302078,43 ticks)

<<< solve


OBJECTIVE: 6385.267
avg_utility = 0.395936

<<< post process


<<< done

