
<<< setup


<<< generate

Found incumbent of value 0,000000 after 0,03 sec. (25,58 ticks)
Tried aggregator 8 times.
MIP Presolve eliminated 370994 rows and 556183 columns.
MIP Presolve modified 22216 coefficients.
Aggregator did 192103 substitutions.
Reduced MIP has 2371 rows, 11795 columns, and 42575 nonzeros.
Reduced MIP has 0 binaries, 0 generals, 0 SOSs, and 0 indicators.
Presolve time = 8,59 sec. (6972,66 ticks)
Tried aggregator 1 time.
MIP Presolve eliminated 2044 rows and 10220 columns.
Reduced MIP has 327 rows, 1575 columns, and 5665 nonzeros.
Reduced MIP has 0 binaries, 0 generals, 0 SOSs, and 0 indicators.
Presolve time = 0,03 sec. (23,08 ticks)
Tried aggregator 1 time.
Reduced MIP has 327 rows, 1575 columns, and 5665 nonzeros.
Reduced MIP has 0 binaries, 0 generals, 0 SOSs, and 0 indicators.
Presolve time = 0,01 sec. (11,56 ticks)
MIP emphasis: balance optimality and feasibility.
MIP search method: dynamic search.
Parallel mode: deterministic, using up to 24 threads.
Root relaxation solution time = 0,01 sec. (5,42 ticks)

        Nodes                                         Cuts/
   Node  Left     Objective  IInf  Best Integer    Best Bound    ItCnt     Gap

*     0+    0                         2829,0000    37239,2000              --- 
*     0     0      integral     0     4428,4833     4428,4833      255    0,00%
Elapsed time = 8,71 sec. (7080,93 ticks, tree = 0,00 MB, solutions = 2)

Root node processing (before b&c):
  Real time             =    8,77 sec. (7113,45 ticks)
Parallel b&c, 24 threads:
  Real time             =    0,00 sec. (0,00 ticks)
  Sync time (average)   =    0,00 sec.
  Wait time (average)   =    0,00 sec.
                          ------------
Total (root+branch&cut) =    8,77 sec. (7113,45 ticks)

<<< solve


OBJECTIVE: 4428.483
avg_utility = 0.274924

<<< post process


<<< done

