
<<< setup


<<< generate

Found incumbent of value 0,000000 after 0,01 sec. (6,07 ticks)
Tried aggregator 3 times.
MIP Presolve eliminated 96584 rows and 133206 columns.
MIP Presolve modified 8 coefficients.
Aggregator did 37717 substitutions.
Reduced MIP has 1001 rows, 5958 columns, and 14818 nonzeros.
Reduced MIP has 3954 binaries, 2004 generals, 0 SOSs, and 0 indicators.
Presolve time = 0,73 sec. (793,03 ticks)
Probing time = 0,00 sec. (2,44 ticks)
Tried aggregator 1 time.
Reduced MIP has 1001 rows, 5958 columns, and 14818 nonzeros.
Reduced MIP has 3954 binaries, 2004 generals, 0 SOSs, and 0 indicators.
Presolve time = 0,01 sec. (8,88 ticks)
Probing time = 0,01 sec. (2,43 ticks)
Clique table members: 659.
MIP emphasis: balance optimality and feasibility.
MIP search method: dynamic search.
Parallel mode: deterministic, using up to 8 threads.
Root relaxation solution time = 0,02 sec. (19,15 ticks)

        Nodes                                         Cuts/
   Node  Left     Objective  IInf  Best Integer    Best Bound    ItCnt     Gap

*     0+    0                          822,0000     9604,6000              --- 
*     0+    0                         1786,6000     9604,6000           437,59%
      0     0     2122,5100    14     1786,6000     2122,5100      974   18,80%
*     0+    0                         2121,4000     2122,5100             0,05%

Root node processing (before b&c):
  Real time             =    0,83 sec. (882,60 ticks)
Parallel b&c, 8 threads:
  Real time             =    0,00 sec. (0,00 ticks)
  Sync time (average)   =    0,00 sec.
  Wait time (average)   =    0,00 sec.
                          ------------
Total (root+branch&cut) =    0,83 sec. (882,60 ticks)

<<< solve


OBJECTIVE: 2121.4
avg_utility = 0.55753

<<< post process


<<< done

