
<<< setup


<<< generate

Found incumbent of value 0,000000 after 0,09 sec. (102,92 ticks)
Aggregator has done 11401 substitutions...
Aggregator has done 22241 substitutions...
Aggregator has done 33401 substitutions...
Aggregator has done 44921 substitutions...
Aggregator has done 56801 substitutions...
Aggregator has done 69121 substitutions...
Aggregator has done 81881 substitutions...
Aggregator has done 95161 substitutions...
Aggregator has done 109041 substitutions...
Aggregator has done 123601 substitutions...
Aggregator has done 138961 substitutions...
Aggregator has done 155281 substitutions...
Aggregator has done 172761 substitutions...
Aggregator has done 191641 substitutions...
Aggregator has done 212361 substitutions...
Aggregator has done 235601 substitutions...
Aggregator has done 262601 substitutions...
Aggregator has done 296161 substitutions...
Aggregator has done 346681 substitutions...
Tried aggregator 2 times.
MIP Presolve eliminated 6997803 rows and 815395 columns.
MIP Presolve modified 4404 coefficients.
Aggregator did 404399 substitutions.
Reduced MIP has 11730 rows, 15391 columns, and 41044 nonzeros.
Reduced MIP has 733 binaries, 0 generals, 0 SOSs, and 0 indicators.
Presolve time = 74,44 sec. (195681,33 ticks)
Probing time = 0,00 sec. (0,76 ticks)
Tried aggregator 1 time.
Reduced MIP has 11730 rows, 15391 columns, and 41044 nonzeros.
Reduced MIP has 733 binaries, 0 generals, 0 SOSs, and 0 indicators.
Presolve time = 0,07 sec. (97,41 ticks)
Probing time = 0,00 sec. (0,76 ticks)
MIP emphasis: balance optimality and feasibility.
MIP search method: dynamic search.
Parallel mode: deterministic, using up to 8 threads.
Root relaxation solution time = 0,05 sec. (77,90 ticks)

        Nodes                                         Cuts/
   Node  Left     Objective  IInf  Best Integer    Best Bound    ItCnt     Gap

*     0+    0                            0,0000     5255,0846              --- 
*     0+    0                         1034,3861     5255,0846           408,04%
      0     0     1225,0000   325     1034,3861     1225,0000     1466   18,43%
*     0+    0                         1185,7436     1225,0000             3,31%
      0     0     1225,0000   186     1185,7436     Cuts: 486     1886    3,31%
      0     0     1225,0000   184     1185,7436     Cuts: 557     2299    3,31%
*     0+    0                         1186,8555     1225,0000             3,21%
      0     0     1224,7133   184     1186,8555     Cuts: 368     2842    3,19%
      0     0     1215,1250   186     1186,8555     Cuts: 600     3388    2,38%
      0     0     1215,1250   249     1186,8555     Cuts: 720     3816    2,38%
      0     0     1215,1250   217     1186,8555     Cuts: 320     3989    2,38%
      0     0     1215,1250   229     1186,8555     Cuts: 614     4416    2,38%
      0     2     1215,1250   205     1186,8555     1215,1250     4416    2,38%
Elapsed time = 77,95 sec. (199444,35 ticks, tree = 0,00 MB, solutions = 4)
      3     5     1190,6292    30     1186,8555     1215,1250     8884    2,38%
     10    12     1190,9573    33     1186,8555     1215,1250    11230    2,38%
     18    20     1215,1250   206     1186,8555     1215,1250    14557    2,38%
     77    77     1191,2855    32     1186,8555     1215,1250    17169    2,38%
    140   138     1191,1214    30     1186,8555     1215,1250    24978    2,38%
    473   451     1194,5670    53     1186,8555     1215,1250    34584    2,38%
   1235  1181     1189,9677    20     1186,8555     1215,1250    37618    2,38%
   1374  1316     1189,9677    20     1186,8555     1215,1250    37882    2,38%
   1664  1602     1215,1250   193     1186,8555     1215,1250    38989    2,38%

Implied bound cuts applied:  140
Flow cuts applied:  1957
Mixed integer rounding cuts applied:  2564
Lift and project cuts applied:  1
Gomory fractional cuts applied:  508

Root node processing (before b&c):
  Real time             =   77,98 sec. (199488,20 ticks)
Parallel b&c, 8 threads:
  Real time             =   12,71 sec. (10316,93 ticks)
  Sync time (average)   =    1,53 sec.
  Wait time (average)   =    1,57 sec.
                          ------------
Total (root+branch&cut) =   90,69 sec. (209805,14 ticks)

<<< solve


OBJECTIVE: 1186.855
avg_utility = 0.968862

<<< post process


<<< done

