
<<< setup


<<< generate

Found incumbent of value 0,000000 after 0,03 sec. (17,49 ticks)
Tried aggregator 4 times.
MIP Presolve eliminated 180078 rows and 403227 columns.
MIP Presolve modified 5178 coefficients.
Aggregator did 112471 substitutions.
Reduced MIP has 13959 rows, 33183 columns, and 107677 nonzeros.
Reduced MIP has 2916 binaries, 0 generals, 0 SOSs, and 0 indicators.
Presolve time = 5,28 sec. (3937,72 ticks)
Probing time = 0,21 sec. (1,28 ticks)
Tried aggregator 1 time.
Reduced MIP has 13959 rows, 33183 columns, and 107677 nonzeros.
Reduced MIP has 2916 binaries, 0 generals, 0 SOSs, and 0 indicators.
Presolve time = 0,12 sec. (49,60 ticks)
Probing time = 0,14 sec. (1,29 ticks)
MIP emphasis: balance optimality and feasibility.
MIP search method: dynamic search.
Parallel mode: deterministic, using up to 24 threads.
Root relaxation solution time = 0,28 sec. (199,94 ticks)

        Nodes                                         Cuts/
   Node  Left     Objective  IInf  Best Integer    Best Bound    ItCnt     Gap

*     0+    0                         1590,0000    28284,4345              --- 
      0     0     7900,0000  1572     1590,0000     7900,0000     4096  396,86%
*     0+    0                         6936,7437     7900,0000            13,89%
      0     0     7317,9735    70     6936,7437    Cuts: 3589    22970    5,50%
      0     0     7166,1861    20     6936,7437     Cuts: 292    34371    3,31%
*     0+    0                         6992,9770     7166,1861             2,48%
      0     0     7165,6823    35     6992,9770     Cuts: 362    36312    2,47%
*     0+    0                         7157,1939     7165,6823             0,12%

Implied bound cuts applied:  107
Flow cuts applied:  2468
Mixed integer rounding cuts applied:  1018
Flow path cuts applied:  298
Gomory fractional cuts applied:  213

Root node processing (before b&c):
  Real time             =   23,78 sec. (22653,17 ticks)
Parallel b&c, 24 threads:
  Real time             =    0,00 sec. (0,00 ticks)
  Sync time (average)   =    0,00 sec.
  Wait time (average)   =    0,00 sec.
                          ------------
Total (root+branch&cut) =   23,78 sec. (22653,17 ticks)

<<< solve


OBJECTIVE: 7157.194
avg_utility = 0.905974

<<< post process


<<< done

