
<<< setup


<<< generate

Found incumbent of value 0.000000 after 0.01 sec. (6.10 ticks)
Tried aggregator 2 times.
MIP Presolve eliminated 238704 rows and 127397 columns.
MIP Presolve modified 2626 coefficients.
Aggregator did 2611 substitutions.
Reduced MIP has 6967 rows, 10873 columns, and 28271 nonzeros.
Reduced MIP has 2175 binaries, 0 generals, 0 SOSs, and 0 indicators.
Presolve time = 0.36 sec. (186.24 ticks)
Probing time = 0.01 sec. (0.59 ticks)
Tried aggregator 1 time.
Reduced MIP has 6967 rows, 10873 columns, and 28271 nonzeros.
Reduced MIP has 2175 binaries, 0 generals, 0 SOSs, and 0 indicators.
Presolve time = 0.04 sec. (18.92 ticks)
Probing time = 0.01 sec. (0.59 ticks)
MIP emphasis: balance optimality and feasibility.
MIP search method: dynamic search.
Parallel mode: deterministic, using up to 8 threads.
Root relaxation solution time = 0.05 sec. (28.20 ticks)

        Nodes                                         Cuts/
   Node  Left     Objective  IInf  Best Integer    Best Bound    ItCnt     Gap

*     0+    0                            0.0000     3500.5298              --- 
      0     0      816.0000   398        0.0000      816.0000      870     --- 
*     0+    0                          740.7571      816.0000            10.16%
      0     0      811.2097   220      740.7571     Cuts: 670     1495    9.51%
      0     0      799.8854   217      740.7571     Cuts: 638     1853    7.98%
      0     0      794.5519   175      740.7571     Cuts: 432     2193    7.26%
*     0+    0                          766.2640      794.5519             3.69%
      0     0      785.9162   175      766.2640     Cuts: 348     2580    2.56%
      0     0      784.4736   178      766.2640     Cuts: 351     3018    2.38%
      0     0      772.6315    80      766.2640     Cuts: 348     4181    0.83%

Flow cuts applied:  1982
Mixed integer rounding cuts applied:  465
Gomory fractional cuts applied:  340

Root node processing (before b&c):
  Real time             =    2.25 sec. (1421.92 ticks)
Parallel b&c, 8 threads:
  Real time             =    0.00 sec. (0.00 ticks)
  Sync time (average)   =    0.00 sec.
  Wait time (average)   =    0.00 sec.
                          ------------
Total (root+branch&cut) =    2.25 sec. (1421.92 ticks)

<<< solve


OBJECTIVE: 766.264
avg_utility = 0.939049

<<< post process


<<< done

