
<<< setup


<<< generate

Aggregator has done 40666 substitutions...
Aggregator has done 62664 substitutions...
Aggregator has done 84102 substitutions...
Aggregator has done 104344 substitutions...
Tried aggregator 22 times.
Aggregator has done 122218 substitutions...
MIP Presolve eliminated 1133887 rows and 898679 columns.
MIP Presolve modified 150148 coefficients.
Aggregator did 122218 substitutions.
Reduced MIP has 214336 rows, 547744 columns, and 1488784 nonzeros.
Reduced MIP has 86240 binaries, 7176 generals, 0 SOSs, and 0 indicators.
Presolve time = 73,34 sec. (50252,96 ticks)
Found incumbent of value 92,800000 after 74,45 sec. (51055,71 ticks)
Probing time = 0,36 sec. (104,71 ticks)
Tried aggregator 1 time.
Presolve time = 0,75 sec. (462,93 ticks)
Probing time = 0,72 sec. (104,71 ticks)
Clique table members: 2850.
MIP emphasis: balance optimality and feasibility.
MIP search method: dynamic search.
Parallel mode: deterministic, using up to 24 threads.
Root relaxation solution time = 28,95 sec. (14717,43 ticks)

        Nodes                                         Cuts/
   Node  Left     Objective  IInf  Best Integer    Best Bound    ItCnt     Gap

*     0+    0                           92,8000    37920,0000    33193     --- 
*     0+    0                          443,2000    37920,0000    33193     --- 
*     0+    0                          447,2000    37920,0000    33193     --- 
*     0+    0                          449,6000    37920,0000    33193     --- 
*     0+    0                          452,0000    37920,0000    33193     --- 
*     0+    0                          454,4000    37920,0000    33193     --- 
*     0+    0                          456,8000    37920,0000    33193     --- 
*     0+    0                          459,2000    37920,0000    33193     --- 
*     0+    0                          461,6000    37920,0000    33193     --- 
*     0+    0                          464,0000    37920,0000    33193     --- 
      0     0    12640,0000  2752      464,0000    12640,0000    33193     --- 
      0     0    12604,4389  2160      464,0000    Cuts: 7830    61171     --- 
      0     0    12500,1111  1932      464,0000    Cuts: 7128   479557     --- 
*     0+    0                        10872,0000    12500,1111  1016582   14,98%
      0     0    12467,5915  1940    10872,0000    Cuts: 6752  1016582   14,68%
*     0+    0                        10874,6000    12467,5915  1109577   14,65%
      0     0    12349,3312  1513    10874,6000    Cuts: 6411  1109577   13,56%
*     0+    0                        10906,4000    12349,3312  1140462   13,23%
      0     0    12299,0951  1678    10906,4000    Cuts: 4380  1140462   12,77%
*     0+    0                        10917,2000    12299,0951  1176398   12,66%
      0     0    12227,9229  1725    10917,2000    Cuts: 5153  1176398   12,01%
      0     0    12163,3460  1546    10917,2000    Cuts: 4888  1207144   11,41%
*     0+    0                        10919,2000    12163,3460  1238021   11,39%
      0     0    12136,4262  1542    10919,2000    Cuts: 4200  1238021   11,15%
      0     0    12102,7661  1739    10919,2000    Cuts: 4403  1263754   10,84%
      0     0    12073,6789  1591    10919,2000    Cuts: 5185  1299642   10,57%
      0     0    12043,1021  1526    10919,2000    Cuts: 4428  1340284   10,29%
      0     0    12019,8526  1447    10919,2000    Cuts: 3897  1368162   10,08%
*     0+    0                        11672,8000    12019,8526  1368162    2,97%
      0     0    12001,9869  1300    11672,8000    Cuts: 3277  1399317    2,82%
      0     0    11989,6389  1295    11672,8000    Cuts: 3030  1416965    2,71%
      0     0    11979,6710  1217    11672,8000    Cuts: 3261  1445881    2,63%
      0     0    11966,5658  1460    11672,8000    Cuts: 2989  1473742    2,52%

Cover cuts applied:  6
Implied bound cuts applied:  102
Flow cuts applied:  33597
Mixed integer rounding cuts applied:  27121
Flow path cuts applied:  5291
Gomory fractional cuts applied:  345

Root node processing (before b&c):
  Real time             = 7124,64 sec. (4868147,09 ticks)
Parallel b&c, 24 threads:
  Real time             =    0,00 sec. (0,00 ticks)
  Sync time (average)   =    0,00 sec.
  Wait time (average)   =    0,00 sec.
                          ------------
Total (root+branch&cut) = 7124,64 sec. (4868147,09 ticks)

<<< solve


OBJECTIVE: 11672.8
avg_utility = 0.9234810126582224

<<< post process


<<< done

