
<<< setup


<<< generate

Found incumbent of value 0,000000 after 0,01 sec. (11,78 ticks)
Tried aggregator 3 times.
MIP Presolve eliminated 175667 rows and 264915 columns.
MIP Presolve modified 3004 coefficients.
Aggregator did 66986 substitutions.
Reduced MIP has 9384 rows, 21860 columns, and 67489 nonzeros.
Reduced MIP has 1962 binaries, 0 generals, 0 SOSs, and 0 indicators.
Presolve time = 2,40 sec. (1814,69 ticks)
Probing time = 0,01 sec. (0,99 ticks)
Tried aggregator 1 time.
Reduced MIP has 9384 rows, 21860 columns, and 67489 nonzeros.
Reduced MIP has 1962 binaries, 0 generals, 0 SOSs, and 0 indicators.
Presolve time = 0,06 sec. (35,51 ticks)
Probing time = 0,01 sec. (0,99 ticks)
MIP emphasis: balance optimality and feasibility.
MIP search method: dynamic search.
Parallel mode: deterministic, using up to 24 threads.
Root relaxation solution time = 0,27 sec. (150,18 ticks)

        Nodes                                         Cuts/
   Node  Left     Objective  IInf  Best Integer    Best Bound    ItCnt     Gap

*     0+    0                            0,0000    14327,4578              --- 
      0     0     3805,0000   954        0,0000     3805,0000     2035     --- 
*     0+    0                         3565,6153     3805,0000             6,71%
*     0+    0                         3587,5900     3805,0000             6,06%
      0     0     3677,8286    86     3587,5900    Cuts: 2446    11816    2,52%
      0     0     3624,8433    34     3587,5900     Cuts: 358    19394    1,04%
*     0+    0                         3620,6306     3624,8433             0,12%

Implied bound cuts applied:  110
Flow cuts applied:  1793
Mixed integer rounding cuts applied:  537
Flow path cuts applied:  9
Gomory fractional cuts applied:  208

Root node processing (before b&c):
  Real time             =   10,35 sec. (9072,52 ticks)
Parallel b&c, 24 threads:
  Real time             =    0,00 sec. (0,00 ticks)
  Sync time (average)   =    0,00 sec.
  Wait time (average)   =    0,00 sec.
                          ------------
Total (root+branch&cut) =   10,35 sec. (9072,52 ticks)

<<< solve


OBJECTIVE: 3620.631
avg_utility = 0.951545

<<< post process


<<< done

