
<<< setup


<<< generate

Found incumbent of value 0.000000 after 0.05 sec. (16.99 ticks)
Tried aggregator 6 times.
MIP Presolve eliminated 194054 rows and 405609 columns.
Aggregator did 115242 substitutions.
Reduced MIP has 1584 rows, 7870 columns, and 25045 nonzeros.
Reduced MIP has 0 binaries, 0 generals, 0 SOSs, and 0 indicators.
Presolve time = 6.49 sec. (2988.09 ticks)
Tried aggregator 1 time.
MIP Presolve eliminated 1353 rows and 6765 columns.
Reduced MIP has 231 rows, 1105 columns, and 3545 nonzeros.
Reduced MIP has 0 binaries, 0 generals, 0 SOSs, and 0 indicators.
Presolve time = 0.03 sec. (14.44 ticks)
Tried aggregator 1 time.
Reduced MIP has 231 rows, 1105 columns, and 3545 nonzeros.
Reduced MIP has 0 binaries, 0 generals, 0 SOSs, and 0 indicators.
Presolve time = 0.02 sec. (7.15 ticks)
MIP emphasis: balance optimality and feasibility.
MIP search method: dynamic search.
Parallel mode: deterministic, using up to 8 threads.
Root relaxation solution time = 0.01 sec. (2.34 ticks)

        Nodes                                         Cuts/
   Node  Left     Objective  IInf  Best Integer    Best Bound    ItCnt     Gap

*     0+    0                         1581.0000    26787.0806              --- 
*     0     0      integral     0     5547.1922     5547.1922      193    0.00%
Elapsed time = 6.64 sec. (3057.42 ticks, tree = 0.00 MB, solutions = 2)

Root node processing (before b&c):
  Real time             =    6.71 sec. (3079.91 ticks)
Parallel b&c, 8 threads:
  Real time             =    0.00 sec. (0.00 ticks)
  Sync time (average)   =    0.00 sec.
  Wait time (average)   =    0.00 sec.
                          ------------
Total (root+branch&cut) =    6.71 sec. (3079.91 ticks)

<<< solve


OBJECTIVE: 5547.192
avg_utility = 0.706559

<<< post process


<<< done

