
<<< setup


<<< generate

Found incumbent of value 0,000000 after 0,06 sec. (64,78 ticks)
Tried aggregator 4 times.
MIP Presolve eliminated 3404437 rows and 1222910 columns.
Aggregator did 7390 substitutions.
Reduced MIP has 2219 rows, 5173 columns, and 11824 nonzeros.
Reduced MIP has 0 binaries, 0 generals, 0 SOSs, and 0 indicators.
Presolve time = 1,32 sec. (2344,16 ticks)
Tried aggregator 2 times.
MIP Presolve eliminated 2174 rows and 5062 columns.
Aggregator did 8 substitutions.
Reduced MIP has 37 rows, 103 columns, and 216 nonzeros.
Reduced MIP has 0 binaries, 0 generals, 0 SOSs, and 0 indicators.
Presolve time = 0,04 sec. (49,32 ticks)
Tried aggregator 1 time.
Reduced MIP has 37 rows, 103 columns, and 216 nonzeros.
Reduced MIP has 0 binaries, 0 generals, 0 SOSs, and 0 indicators.
Presolve time = 0,03 sec. (42,23 ticks)
MIP emphasis: balance optimality and feasibility.
MIP search method: dynamic search.
Parallel mode: deterministic, using up to 8 threads.
Root relaxation solution time = 0,00 sec. (0,16 ticks)

        Nodes                                         Cuts/
   Node  Left     Objective  IInf  Best Integer    Best Bound    ItCnt     Gap

*     0+    0                            0,0000     4579,4911              --- 
*     0     0      integral     0     1225,0000     1225,0000       59    0,00%
Elapsed time = 1,47 sec. (2563,56 ticks, tree = 0,00 MB, solutions = 1)

Root node processing (before b&c):
  Real time             =    1,52 sec. (2606,10 ticks)
Parallel b&c, 8 threads:
  Real time             =    0,00 sec. (0,00 ticks)
  Sync time (average)   =    0,00 sec.
  Wait time (average)   =    0,00 sec.
                          ------------
Total (root+branch&cut) =    1,52 sec. (2606,10 ticks)

<<< solve


OBJECTIVE: 1225
avg_utility = 1

<<< post process


<<< done

