
<<< setup


<<< generate

Presolve has eliminated 75147 rows and 98587 columns...
Tried aggregator 4 times.
MIP Presolve eliminated 203187 rows and 224667 columns.
MIP Presolve modified 13459 coefficients.
Aggregator did 38000 substitutions.
Reduced MIP has 33849 rows, 62352 columns, and 162752 nonzeros.
Reduced MIP has 14432 binaries, 0 generals, 0 SOSs, and 0 indicators.
Presolve time = 4,45 sec. (12998,14 ticks)
Found incumbent of value 0,000000 after 4,94 sec. (13504,06 ticks)
Probing time = 0,39 sec. (165,37 ticks)
Tried aggregator 5 times.
MIP Presolve eliminated 6280 rows and 8560 columns.
MIP Presolve modified 6560 coefficients.
Aggregator did 13120 substitutions.
Reduced MIP has 14449 rows, 40672 columns, and 106272 nonzeros.
Reduced MIP has 14432 binaries, 0 generals, 0 SOSs, and 0 indicators.
Presolve time = 0,77 sec. (810,33 ticks)
Probing time = 0,04 sec. (10,98 ticks)
Clique table members: 1316.
MIP emphasis: balance optimality and feasibility.
MIP search method: dynamic search.
Parallel mode: deterministic, using up to 24 threads.
Root relaxation solution time = 0,49 sec. (487,49 ticks)

        Nodes                                         Cuts/
   Node  Left     Objective  IInf  Best Integer    Best Bound    ItCnt     Gap

*     0+    0                            0,0000     8396,8000       21     --- 
      0     0     1588,0500    46        0,0000     1588,0500       21     --- 
*     0+    0                         1577,0000     1588,0500     2188    0,70%
      0     0     1588,0500    28     1577,0000      Cuts: 50     2188    0,70%
      0     0     1588,0500    32     1577,0000      Cuts: 42     2727    0,70%
*     0+    0                         1588,0000     1588,0500     2727    0,00%
      0     0        cutoff           1588,0000     1588,0500     2727    0,00%
Elapsed time = 16,00 sec. (26078,02 ticks, tree = 0,00 MB, solutions = 3)

Implied bound cuts applied:  61
Flow cuts applied:  2
Mixed integer rounding cuts applied:  4
Gomory fractional cuts applied:  12

Root node processing (before b&c):
  Real time             =    9,63 sec. (10451,83 ticks)
Parallel b&c, 24 threads:
  Real time             =    0,00 sec. (0,00 ticks)
  Sync time (average)   =    0,00 sec.
  Wait time (average)   =    0,00 sec.
                          ------------
Total (root+branch&cut) =    9,63 sec. (10451,83 ticks)

<<< solve


OBJECTIVE: 1588

<<< post process


<<< done

