
<<< setup


<<< generate

Found incumbent of value 0.000000 after 0.00 sec. (2.03 ticks)
Tried aggregator 2 times.
MIP Presolve eliminated 38520 rows and 36155 columns.
MIP Presolve modified 6268 coefficients.
Aggregator did 6260 substitutions.
Reduced MIP has 6894 rows, 13146 columns, and 31926 nonzeros.
Reduced MIP has 4696 binaries, 2190 generals, 0 SOSs, and 0 indicators.
Presolve time = 0.17 sec. (69.39 ticks)
Probing time = 0.02 sec. (4.35 ticks)
Tried aggregator 1 time.
Reduced MIP has 6894 rows, 13146 columns, and 31926 nonzeros.
Reduced MIP has 4696 binaries, 2190 generals, 0 SOSs, and 0 indicators.
Presolve time = 0.04 sec. (19.33 ticks)
Probing time = 0.02 sec. (4.25 ticks)
Clique table members: 261.
MIP emphasis: balance optimality and feasibility.
MIP search method: dynamic search.
Parallel mode: deterministic, using up to 8 threads.
Root relaxation solution time = 0.10 sec. (82.74 ticks)

        Nodes                                         Cuts/
   Node  Left     Objective  IInf  Best Integer    Best Bound    ItCnt     Gap

*     0+    0                            0.0000    13293.2993              --- 
      0     0     1092.2753     2        0.0000     1092.2753       62     --- 
*     0+    0                         1092.0524     1092.2753             0.02%

Root node processing (before b&c):
  Real time             =    0.77 sec. (338.49 ticks)
Parallel b&c, 8 threads:
  Real time             =    0.00 sec. (0.00 ticks)
  Sync time (average)   =    0.00 sec.
  Wait time (average)   =    0.00 sec.
                          ------------
Total (root+branch&cut) =    0.77 sec. (338.49 ticks)

<<< solve


OBJECTIVE: 1092.052
avg_utility = 0.33437

<<< post process


<<< done

