
<<< setup


<<< generate

Found incumbent of value 0,000000 after 0,01 sec. (10,92 ticks)
Tried aggregator 5 times.
MIP Presolve eliminated 97540 rows and 236139 columns.
MIP Presolve modified 8505 coefficients.
Aggregator did 70907 substitutions.
Reduced MIP has 11916 rows, 32195 columns, and 84902 nonzeros.
Reduced MIP has 9925 binaries, 5586 generals, 0 SOSs, and 0 indicators.
Presolve time = 2,97 sec. (2776,38 ticks)
Probing time = 0,14 sec. (14,81 ticks)
Tried aggregator 1 time.
Reduced MIP has 11916 rows, 32195 columns, and 84902 nonzeros.
Reduced MIP has 9925 binaries, 5586 generals, 0 SOSs, and 0 indicators.
Presolve time = 0,06 sec. (44,91 ticks)
Probing time = 0,03 sec. (13,47 ticks)
Clique table members: 1134.
MIP emphasis: balance optimality and feasibility.
MIP search method: dynamic search.
Parallel mode: deterministic, using up to 8 threads.
Root relaxation solution time = 0,20 sec. (267,48 ticks)

        Nodes                                         Cuts/
   Node  Left     Objective  IInf  Best Integer    Best Bound    ItCnt     Gap

*     0+    0                         2492,0000    29975,0000              --- 
*     0+    0                         3464,4000    29975,0000           765,23%
      0     0    12012,0000  2032     3464,4000    12012,0000      943  246,73%
*     0+    0                         6486,2000    12012,0000            85,19%
      0     0     9737,7988   809     6486,2000    Cuts: 3079    12982   50,13%
      0     0     8516,0744   128     6486,2000    Cuts: 2298    14988   31,30%
      0     0     8512,7314   187     6486,2000     Cuts: 187    15590   31,24%
*     0+    0                         8488,6000     8512,7314             0,28%

Implied bound cuts applied:  86
Flow cuts applied:  3380
Mixed integer rounding cuts applied:  1605
Gomory fractional cuts applied:  355

Root node processing (before b&c):
  Real time             =   14,18 sec. (9230,91 ticks)
Parallel b&c, 8 threads:
  Real time             =    0,00 sec. (0,00 ticks)
  Sync time (average)   =    0,00 sec.
  Wait time (average)   =    0,00 sec.
                          ------------
Total (root+branch&cut) =   14,18 sec. (9230,91 ticks)

<<< solve


OBJECTIVE: 8488.6
avg_utility = 0.706677

<<< post process


<<< done

