
<<< setup


<<< generate

Tried aggregator 2 times.
MIP Presolve eliminated 143575 rows and 140664 columns.
MIP Presolve modified 468 coefficients.
Aggregator did 13455 substitutions.
Reduced MIP has 1008 rows, 1911 columns, and 4186 nonzeros.
Reduced MIP has 857 binaries, 144 generals, 0 SOSs, and 0 indicators.
Presolve time = 0,94 sec. (2972,79 ticks)
Found incumbent of value 0,000000 after 0,96 sec. (2979,56 ticks)
Probing time = 0,00 sec. (0,51 ticks)
Tried aggregator 1 time.
Presolve time = 0,00 sec. (3,30 ticks)
Probing time = 0,00 sec. (0,51 ticks)
Clique table members: 67.
MIP emphasis: balance optimality and feasibility.
MIP search method: dynamic search.
Parallel mode: deterministic, using up to 24 threads.
Root relaxation solution time = 0,01 sec. (5,97 ticks)

        Nodes                                         Cuts/
   Node  Left     Objective  IInf  Best Integer    Best Bound    ItCnt     Gap

*     0+    0                            0,0000      611,0371      329     --- 
*     0     0      integral     0      163,0000      163,0000      329    0,00%
Elapsed time = 0,99 sec. (3001,14 ticks, tree = 0,00 MB, solutions = 2)

Root node processing (before b&c):
  Real time             =    0,03 sec. (15,97 ticks)
Parallel b&c, 24 threads:
  Real time             =    0,00 sec. (0,00 ticks)
  Sync time (average)   =    0,00 sec.
  Wait time (average)   =    0,00 sec.
                          ------------
Total (root+branch&cut) =    0,03 sec. (15,97 ticks)

<<< solve


OBJECTIVE: 163
avg_utility = 1

<<< post process


<<< done

